0.4164699614048004,1
0.5163852572441101,1
0.5293681621551514,1
0.6574278473854065,1
0.41837674379348755,1
0.30837780237197876,1
0.47986769676208496,1
0.6015316247940063,1
0.5529378652572632,1
0.3957345485687256,1
0.6309794783592224,1
0.5334320664405823,1
0.49763959646224976,1
0.3630291819572449,1
0.37743479013442993,1
0.3747696876525879,1
0.479820191860199,1
0.49184781312942505,1
0.5682299137115479,1
0.4871540367603302,1
0.49160102009773254,1
0.5721145868301392,1
0.39182430505752563,1
0.4343072772026062,1
0.5512011051177979,1
0.4904956817626953,1
0.3991231620311737,1
0.5891570448875427,1
0.38314318656921387,1
0.6194081902503967,1
0.5907354354858398,1
0.6544897556304932,1
0.3833538889884949,1
0.4410603642463684,1
0.45904773473739624,1
0.47081971168518066,1
0.4285343885421753,1
0.5201056599617004,1
0.47062474489212036,1
0.38216614723205566,1
0.48354631662368774,1
0.3501867651939392,1
0.32702627778053284,1
0.545379102230072,1
0.4784508943557739,1
0.7176798582077026,1
0.6179758906364441,1
0.3709416389465332,1
0.5670848488807678,1
0.3321225643157959,1
0.670439600944519,1
0.4206787049770355,1
0.46045351028442383,1
0.47829556465148926,1
0.525561511516571,1
0.4941982626914978,1
0.43552321195602417,1
0.5565004348754883,1
0.5174976587295532,1
0.5039958953857422,1
0.6242377758026123,1
0.5897533297538757,1
0.47645580768585205,1
0.556532084941864,1
0.3932112753391266,1
0.550844132900238,1
0.3909679353237152,1
0.43435436487197876,1
0.38777023553848267,1
0.44576767086982727,1
0.3967369794845581,1
0.5108060836791992,1
0.5666059255599976,1
0.463500440120697,1
0.48399174213409424,1
0.5703456997871399,1
0.5770291090011597,1
0.3879889249801636,1
0.3992856740951538,1
0.4402269124984741,1
0.6513332724571228,1
0.3747950792312622,1
0.6335722208023071,1
0.4286080300807953,1
0.3714284598827362,1
0.4989723563194275,1
0.43586018681526184,1
0.39509260654449463,1
0.34199678897857666,1
0.4294016659259796,1
0.35853564739227295,1
0.3946642279624939,1
0.536304235458374,1
0.5225273370742798,1
0.5647974014282227,1
0.588772177696228,1
0.4133356809616089,1
0.2591644823551178,1
0.30480366945266724,1
0.7329480648040771,1
0.41096460819244385,1
0.4852256178855896,1
0.581535816192627,1
0.48978665471076965,1
0.5872453451156616,1
0.39366427063941956,1
0.5517473220825195,1
0.3212931752204895,1
0.39840224385261536,1
0.5009605884552002,1
0.4004708230495453,1
0.5524312257766724,1
0.49952319264411926,1
0.5968822240829468,1
0.6633312106132507,1
0.4427199065685272,1
0.4191644787788391,1
0.2811291515827179,1
0.3416217565536499,1
0.5352129340171814,1
0.4102861285209656,1
0.45213451981544495,1
0.4516972303390503,1
0.45519745349884033,1
0.4731888771057129,1
0.5302694439888,1
0.5021985769271851,1
0.43689075112342834,1
0.5187817811965942,1
0.7525213360786438,1
0.39427536725997925,1
0.4048369228839874,1
0.4324221611022949,1
0.35827943682670593,1
0.5528703331947327,1
0.4370793104171753,1
0.37095320224761963,1
0.3887399435043335,1
0.488902747631073,1
0.6860834360122681,1
0.39369773864746094,1
0.4694555699825287,1
0.49252623319625854,1
0.43281516432762146,1
0.48251810669898987,1
0.48621153831481934,1
0.47872570157051086,1
0.5813977718353271,1
0.375265896320343,1
0.3740551471710205,1
0.463712215423584,1
0.5015934109687805,1
0.5165451765060425,1
0.3981887400150299,1
0.43664151430130005,1
0.6547984480857849,1
0.3553771376609802,1
0.4512488842010498,1
0.5514874458312988,1
0.5222069025039673,1
0.4521222710609436,1
0.4786699414253235,1
0.4259849786758423,1
0.47444310784339905,1
0.3052320182323456,1
0.42688265442848206,1
0.3275247812271118,1
0.35780584812164307,1
0.3713831305503845,1
0.4777635931968689,1
0.5373772382736206,1
0.49534371495246887,1
0.3632752001285553,1
0.5648461580276489,1
0.3789404630661011,1
0.5126430988311768,1
0.5336493849754333,1
0.3272892236709595,1
0.4885510206222534,1
0.600600004196167,1
0.3951200246810913,1
0.5090646743774414,1
0.5193025469779968,1
0.6111651062965393,1
0.2914235591888428,1
0.4502270817756653,1
0.3768070340156555,1
0.3643413484096527,1
0.5207104086875916,1
0.31091976165771484,1
0.29968076944351196,1
0.34696513414382935,1
0.5003589987754822,1
0.5554752945899963,1
0.44506075978279114,1
0.28197944164276123,1
0.4961435794830322,1
0.38610267639160156,1
0.5280748605728149,1
0.4030088186264038,1
0.40627068281173706,1
0.40272897481918335,1
0.4180043935775757,1
0.5452557802200317,1
0.5211116671562195,1
0.5041926503181458,1
0.4123327136039734,1
0.2850736379623413,1
0.42265060544013977,1
0.6108070611953735,1
0.5672165155410767,1
0.40996602177619934,1
0.48346078395843506,1
0.4988108277320862,1
0.6087530851364136,1
0.34265878796577454,1
0.4764140844345093,1
0.47134581208229065,1
0.29649296402931213,1
0.4631381630897522,1
0.48055917024612427,1
0.4010564386844635,1
0.4008462727069855,1
0.46488717198371887,1
0.4967750906944275,1
0.5865055918693542,1
0.3802433907985687,1
0.4867539703845978,1
0.3803125321865082,1
0.2750921845436096,1
0.4595961570739746,1
0.5017540454864502,1
0.28557199239730835,1
0.5288965106010437,1
0.4843731224536896,1
0.5763241052627563,1
0.5637561082839966,1
0.5053756833076477,1
0.5571841597557068,1
0.4563671350479126,1
0.367877334356308,1
0.4587731957435608,1
0.3793308734893799,1
0.49491778016090393,1
0.46668940782546997,1
0.3253128230571747,1
0.41524308919906616,1
0.2913283407688141,1
0.259399950504303,1
0.47602638602256775,1
0.37984931468963623,1
0.5852657556533813,1
0.30484047532081604,1
0.2838819622993469,1
0.25630661845207214,1
0.5467535257339478,1
0.4514569938182831,1
0.6271578669548035,1
0.45741885900497437,1
0.3608147203922272,1
0.26606643199920654,1
0.35947340726852417,1
0.3609713912010193,1
0.521721601486206,1
0.3671107888221741,1
0.33711329102516174,1
0.3633865416049957,1
0.5097997784614563,1
0.36224129796028137,1
0.28069037199020386,1
0.5574206113815308,1
0.35054004192352295,1
0.5087487697601318,1
0.43359851837158203,1
0.5033198595046997,1
0.33707383275032043,1
0.4131418466567993,1
0.685688316822052,1
0.3964308202266693,1
0.4459425210952759,1
0.37866586446762085,1
0.3633255958557129,1
0.42354148626327515,1
0.47761082649230957,1
0.3423122763633728,1
0.5509858131408691,1
0.46684059500694275,1
0.41238802671432495,1
0.6343870162963867,1
0.4121638834476471,1
0.5136451125144958,1
0.46024760603904724,1
0.5079394578933716,1
0.3690001368522644,1
0.5611751079559326,1
0.4808296859264374,1
0.474378377199173,1
0.3465200960636139,1
0.5374163389205933,1
0.57587730884552,1
0.26102739572525024,1
0.38204050064086914,1
0.39842259883880615,1
0.5528749227523804,1
0.3821564316749573,1
0.38443613052368164,1
0.5022051334381104,1
0.3841858208179474,1
0.36804601550102234,1
0.4397197961807251,1
0.5082411766052246,1
0.4847427010536194,1
0.6445370316505432,1
0.4970431923866272,1
0.4188838005065918,1
0.39822256565093994,1
0.42447659373283386,1
0.5553027987480164,1
0.4051131308078766,1
0.40669190883636475,1
0.48390787839889526,1
0.6264496445655823,1
0.2483680248260498,1
0.43730056285858154,1
0.6117312908172607,1
0.4713359773159027,1
0.5674233436584473,1
0.36684855818748474,1
0.4362789988517761,1
0.3360198736190796,1
0.3650572597980499,1
0.3303403854370117,1
0.5559037923812866,1
0.6014423370361328,1
0.46272942423820496,1
0.55784672498703,1
0.5495487451553345,1
0.41383495926856995,1
0.3914354741573334,1
0.31082016229629517,1
0.4225761294364929,1
0.35476091504096985,1
0.41283124685287476,1
0.3747263550758362,1
0.483500599861145,1
0.6768365502357483,1
0.5350714325904846,1
0.26436272263526917,1
0.40505850315093994,1
0.24400398135185242,1
0.4770990014076233,1
0.5026808977127075,1
0.2870044410228729,1
0.5664437413215637,1
0.43084466457366943,1
0.5116502642631531,1
0.4285401999950409,1
0.43919581174850464,1
0.6376718282699585,1
0.4909595847129822,1
0.46456846594810486,1
0.4446728825569153,1
0.3955780863761902,1
0.5443295240402222,1
0.6135197281837463,1
0.3760641813278198,1
0.4615618586540222,1
0.5236592292785645,1
0.29224082827568054,1
0.35543200373649597,1
0.47835442423820496,1
0.4735792875289917,1
0.4675213694572449,1
0.31206685304641724,1
0.41395848989486694,1
0.489126980304718,1
0.35005298256874084,1
0.2905261516571045,1
0.3018123507499695,1
0.5413013100624084,1
0.4293341040611267,1
0.45076268911361694,1
0.41463854908943176,1
0.36815911531448364,1
0.3676326870918274,1
0.42583170533180237,1
0.5931368470191956,1
0.6244803071022034,1
0.43456634879112244,1
0.49776965379714966,1
0.460472971200943,1
0.5615814328193665,1
0.3616270124912262,1
0.530831515789032,1
0.4304192066192627,1
0.3469201624393463,1
0.36442458629608154,1
0.32723790407180786,1
0.44930917024612427,1
0.4812672436237335,1
0.455344557762146,1
0.6514661908149719,1
0.4105886220932007,1
0.43884527683258057,1
0.6511558890342712,1
0.6083327531814575,1
0.4517843723297119,1
0.4692988395690918,1
0.4441765546798706,1
0.41265884041786194,1
0.48325079679489136,1
0.5704605579376221,1
0.4540610909461975,1
0.4491801857948303,1
0.4161388576030731,1
0.4330347180366516,1
0.5169553160667419,1
0.3746635913848877,1
0.5416334867477417,1
0.45467033982276917,1
0.4555983245372772,1
0.4133806824684143,1
0.42066290974617004,1
0.2413155734539032,1
0.3743993639945984,1
0.39497658610343933,1
0.3121451735496521,1
0.48186570405960083,1
0.3869440257549286,1
0.3742588758468628,1
0.6689122915267944,1
0.5400895476341248,1
0.4174477159976959,1
0.568501353263855,1
0.4349536895751953,1
0.4396135210990906,1
0.4559797942638397,1
0.36255279183387756,1
0.4090234637260437,1
0.2622408866882324,1
0.46202772855758667,1
0.5970807075500488,1
0.4400886595249176,1
0.44264423847198486,1
0.5753154158592224,1
0.2504941523075104,1
0.36956465244293213,1
0.4784855842590332,1
0.4942088723182678,1
0.40457266569137573,1
0.47651052474975586,1
0.43970343470573425,1
0.4329764246940613,1
0.36868879199028015,1
0.453783243894577,1
0.7248005867004395,1
0.5351616144180298,1
0.6584892272949219,1
0.38773688673973083,1
0.3988364040851593,1
0.24410445988178253,1
0.5487803220748901,1
0.44559741020202637,1
0.3603629469871521,1
0.5547427535057068,1
0.33543625473976135,1
0.5266740918159485,1
0.3791249394416809,1
0.33642011880874634,1
0.3994433879852295,1
0.5281491875648499,1
0.6864413022994995,1
0.27382874488830566,1
0.45463865995407104,1
0.33993637561798096,1
0.33200013637542725,1
0.3967406153678894,1
0.5516662001609802,1
0.4477141797542572,1
0.3398135006427765,1
0.5507892370223999,1
0.3285827934741974,1
0.39311981201171875,1
0.5185554623603821,1
0.41304752230644226,1
0.23717567324638367,1
0.5816959738731384,1
0.5917019844055176,1
0.43945953249931335,1
0.37623852491378784,1
0.4986768066883087,1
0.31378892064094543,1
0.48410484194755554,1
0.3872271478176117,1
0.4571133255958557,1
0.4139055609703064,1
0.5243626236915588,1
0.47025373578071594,1
0.35475605726242065,1
0.4021860957145691,1
0.4652419686317444,1
0.429527223110199,1
0.5094623565673828,1
0.5004781484603882,1
0.38000404834747314,1
0.4810309410095215,1
0.5779709815979004,1
0.6606723070144653,1
0.4141170084476471,1
0.6318592429161072,1
0.471136212348938,1
0.5494107007980347,1
0.3218175768852234,1
0.6794130802154541,1
0.3523726463317871,1
0.5267819166183472,1
0.3858984112739563,1
0.5783320069313049,1
0.4026118516921997,1
0.5181564092636108,1
0.4194876551628113,1
0.40434911847114563,1
0.5746877193450928,1
0.5020636320114136,1
0.24580296874046326,1
0.3407266438007355,1
0.31540948152542114,1
0.5494459867477417,1
0.4488077461719513,1
0.5316338539123535,1
0.4549987316131592,1
0.5481531620025635,1
0.33042943477630615,1
0.3242838978767395,1
0.40059494972229004,1
0.5569964051246643,1
0.3953208327293396,1
0.28254151344299316,1
0.47164225578308105,1
0.43177202343940735,1
0.26700878143310547,1
0.40508946776390076,1
0.6448006629943848,1
0.5713004469871521,1
0.4230753183364868,1
0.6741638779640198,1
0.4849659204483032,1
0.2454908937215805,1
0.32959771156311035,1
0.3481515049934387,1
0.4502319097518921,1
0.37221914529800415,1
0.4263821244239807,1
0.4060415029525757,1
0.2712741494178772,1
0.4410003125667572,1
0.4208854138851166,1
0.43683937191963196,1
0.35282352566719055,1
0.6059274673461914,1
0.5557383298873901,1
0.4426720440387726,1
0.41100990772247314,1
0.2658390700817108,1
0.31651610136032104,1
0.4953686594963074,1
0.7575753331184387,1
0.4625074863433838,1
0.38020479679107666,1
0.4347652494907379,1
0.33449822664260864,1
0.638172447681427,1
0.4621504545211792,1
0.3911277651786804,1
0.4359082579612732,1
0.5234670042991638,1
0.3879840075969696,1
0.5724847316741943,1
0.524389922618866,1
0.417782187461853,1
0.4215026795864105,1
0.4934743046760559,1
0.33371683955192566,1
0.5671915411949158,1
0.4866921007633209,1
0.4032335877418518,1
0.46198248863220215,1
0.43253862857818604,1
0.5662714242935181,1
0.4208076596260071,1
0.454936683177948,1
0.2851468026638031,1
0.45586591958999634,1
0.6198530197143555,1
0.3164363503456116,1
0.3138611614704132,1
0.41047564148902893,1
0.5094007253646851,1
0.3434455096721649,1
0.36800873279571533,1
0.42589882016181946,1
0.4096119999885559,1
0.505436897277832,1
0.5128577351570129,1
0.46337559819221497,1
0.41342371702194214,1
0.3194988965988159,1
0.5833351016044617,1
0.4102993607521057,1
0.2728741765022278,1
0.7080870866775513,1
0.5235443115234375,1
0.28423067927360535,1
0.2937488257884979,1
0.48759162425994873,1
0.4098498821258545,1
0.3293797969818115,1
0.39954236149787903,1
0.5313876867294312,1
0.5952041149139404,1
0.3714245557785034,1
0.5105721950531006,1
0.4597288966178894,1
0.5092239379882813,1
0.3923843502998352,1
0.40823647379875183,1
0.27481257915496826,1
0.38457971811294556,1
0.41833534836769104,1
0.3906276822090149,1
0.3959982991218567,1
0.48257118463516235,1
0.382007896900177,1
0.4847826361656189,1
0.4501008987426758,1
0.4670563042163849,1
0.4749988317489624,1
0.4387849271297455,1
0.570324718952179,1
0.4180601239204407,1
0.49172860383987427,1
0.43551886081695557,1
0.5035132169723511,1
0.5003435611724854,1
0.611576497554779,1
0.4810784161090851,1
0.5029017925262451,1
0.5216440558433533,1
0.5152515769004822,1
0.4114752411842346,1
0.27071288228034973,1
0.5930154323577881,1
0.4104488790035248,1
0.44372397661209106,1
0.4868476986885071,1
0.636568009853363,1
0.4796411693096161,1
0.5126632452011108,1
0.3741450905799866,1
0.43414807319641113,1
0.3490632176399231,1
0.5085511803627014,1
0.5946232676506042,1
0.5371007323265076,1
0.3111165761947632,1
0.5563089847564697,1
0.5458551645278931,1
0.5020884275436401,1
0.4822527766227722,1
0.3517455458641052,1
0.4977709949016571,1
0.38197559118270874,1
0.4283170700073242,1
0.4253808557987213,1
0.3982096314430237,1
0.7036354541778564,1
0.4589153528213501,1
0.36098161339759827,1
0.4630110263824463,1
0.44736114144325256,1
0.42948949337005615,1
0.5947136878967285,1
0.4723736047744751,1
0.4229373037815094,1
0.5561923384666443,1
0.29981863498687744,1
0.46182364225387573,1
0.4680359363555908,1
0.3732677698135376,1
0.6435420513153076,1
0.4902886748313904,1
0.5926862359046936,1
0.5316265225410461,1
0.5401427745819092,1
0.3314897418022156,1
0.5020959377288818,1
0.4611257314682007,1
0.34172093868255615,1
0.3420215845108032,1
0.39480334520339966,1
0.24863523244857788,1
0.3086724877357483,1
0.5518572330474854,1
0.35148313641548157,1
0.37980788946151733,1
0.39579594135284424,1
0.42524057626724243,1
0.563970148563385,1
0.40624985098838806,1
0.2729925513267517,1
0.4585237503051758,1
0.48104777932167053,1
0.5411510467529297,1
0.4093843400478363,1
0.2901819944381714,1
0.42636585235595703,1
0.38008129596710205,1
0.47304773330688477,1
0.2431076616048813,1
0.48758983612060547,1
0.38064026832580566,1
0.5002325773239136,1
0.3755300045013428,1
0.40721189975738525,1
0.5904717445373535,1
0.3277330994606018,1
0.41561004519462585,1
0.5127003192901611,1
0.5842081308364868,1
0.5162033438682556,1
0.49048712849617004,1
0.31528791785240173,1
0.46346917748451233,1
0.3980732262134552,1
0.6312348246574402,1
0.5218453407287598,1
0.43987470865249634,1
0.7187888026237488,1
0.35142406821250916,1
0.5033061504364014,1
0.5406599044799805,1
0.3454039692878723,1
0.3650364875793457,1
0.3667340874671936,1
0.6058275103569031,1
0.6246477961540222,1
0.37050360441207886,1
0.4183881878852844,1
0.6092077493667603,1
0.4721110761165619,1
0.22250407934188843,1
0.4119223952293396,1
0.5769115686416626,1
0.3714997172355652,1
0.3758162558078766,1
0.4047233760356903,1
0.3246057331562042,1
0.4708826541900635,1
0.42350342869758606,1
0.33923476934432983,1
0.5117369890213013,1
0.5084781050682068,1
0.4257510304450989,1
0.42544472217559814,1
0.33354005217552185,1
0.5106391906738281,1
0.3965998888015747,1
0.4642745852470398,1
0.37486642599105835,1
0.3552106022834778,1
0.3027406334877014,1
0.38749271631240845,1
0.3526763916015625,1
0.4104357659816742,1
0.47289612889289856,1
0.39144760370254517,1
0.3541514277458191,1
0.5390848517417908,1
0.8049222826957703,1
0.5657294392585754,1
0.40349268913269043,1
0.4520760476589203,1
0.3961911201477051,1
0.4537065625190735,1
0.3224893808364868,1
0.40104660391807556,1
0.5058502554893494,1
0.4204021394252777,1
0.4433191120624542,1
0.5630812644958496,1
0.28757381439208984,1
0.611120879650116,1
0.28446412086486816,1
0.3436957001686096,1
0.4040289521217346,1
0.612907350063324,1
0.39989161491394043,1
0.3548259139060974,1
0.38865771889686584,1
0.5662170648574829,1
0.3932075798511505,1
0.411847859621048,1
0.5797253847122192,1
0.4589592218399048,1
0.5007717609405518,1
0.4938640296459198,1
0.31282398104667664,1
0.4565619230270386,1
0.45317769050598145,1
0.3621695637702942,1
0.3176282048225403,1
0.45677298307418823,1
0.4018111824989319,1
0.5377458333969116,1
0.5018507242202759,1
0.2878156304359436,1
0.4308446943759918,1
0.5916244983673096,1
0.39040693640708923,1
0.324268102645874,1
0.6203874349594116,1
0.3954264223575592,1
0.32593247294425964,1
0.5154703259468079,1
0.3837845027446747,1
0.4126029312610626,1
0.530661940574646,1
0.5771838426589966,1
0.5000671148300171,1
0.6047948598861694,1
0.4688478112220764,1
0.5578207969665527,1
0.407878041267395,1
0.31398630142211914,1
0.48860520124435425,1
0.36114901304244995,1
0.4033379554748535,1
0.3503609299659729,1
0.35063064098358154,1
0.45137402415275574,1
0.5929492712020874,1
0.394655704498291,1
0.5071051120758057,1
0.49483567476272583,1
0.42316734790802,1
0.48667365312576294,1
0.3853720724582672,1
0.3758041560649872,1
0.2706294059753418,1
0.5369424223899841,1
0.24912631511688232,1
0.2602621614933014,1
0.33694010972976685,1
0.5516126155853271,1
0.5007301568984985,1
0.30989524722099304,1
0.3136996924877167,1
0.571744978427887,1
0.4694916605949402,1
0.3771047294139862,1
0.599373459815979,1
0.3152044415473938,1
0.34988638758659363,1
0.36640965938568115,1
0.3264963626861572,1
0.37825170159339905,1
0.522905707359314,1
0.5396382808685303,1
0.4941822290420532,1
0.46312564611434937,1
0.47815829515457153,1
0.5149977803230286,1
0.42532283067703247,1
0.46541184186935425,1
0.44170790910720825,1
0.5448845624923706,1
0.5357403755187988,1
0.5871667861938477,1
0.36093997955322266,1
0.27560633420944214,1
0.29992812871932983,1
0.3408026099205017,1
0.3728557527065277,1
0.4475055932998657,1
0.39319396018981934,1
0.3017295002937317,1
0.31028372049331665,1
0.4987591505050659,1
0.4751933217048645,1
0.4109936058521271,1
0.37787994742393494,1
0.3626444339752197,1
0.5792051553726196,1
0.3369092047214508,1
0.44443270564079285,1
0.4563257694244385,1
0.44873446226119995,1
0.4459081292152405,1
0.4903552532196045,1
0.507622241973877,1
0.5974522233009338,1
0.4073970913887024,1
0.5707497000694275,1
0.4897138476371765,1
0.5656518936157227,1
0.5534005165100098,1
0.5251796245574951,1
0.27248334884643555,1
0.40817171335220337,1
0.4525051712989807,1
0.39566394686698914,1
0.3097171187400818,1
0.45983514189720154,1
0.3093727231025696,1
0.577570915222168,1
0.39643633365631104,1
0.6195096969604492,1
0.3968043327331543,1
0.5715020298957825,1
0.42051151394844055,1
0.3974612355232239,1
0.3123725950717926,1
0.5493607521057129,1
0.4530797004699707,1
0.3753119707107544,1
0.45700734853744507,1
0.44065725803375244,1
0.20653659105300903,1
0.4288245439529419,1
0.46454182267189026,1
0.33937525749206543,1
0.3422136902809143,1
0.5273792147636414,1
0.513852596282959,1
0.4470771551132202,1
0.31289130449295044,1
0.5355533361434937,1
0.538284420967102,1
0.4120411276817322,1
0.5389806032180786,1
0.3732090890407562,1
0.47040754556655884,1
0.47546517848968506,1
0.3325387239456177,1
0.49409785866737366,1
0.6220976114273071,1
0.3470911383628845,1
0.6860120296478271,1
0.4525820314884186,1
0.4496687948703766,1
0.40556710958480835,1
0.31384217739105225,1
0.5345485210418701,1
0.43719661235809326,1
0.3321855664253235,1
0.371777206659317,1
0.4914657473564148,1
0.28823521733283997,1
0.4301561117172241,1
0.495327889919281,1
0.3514668941497803,1
0.23109722137451172,1
0.41274040937423706,1
0.4077235460281372,1
0.3023765981197357,1
0.5664806365966797,1
0.5659936666488647,1
0.33178091049194336,1
0.45579496026039124,1
0.4551042318344116,1
0.4671095907688141,1
0.45841482281684875,1
0.42844757437705994,1
0.4812934696674347,1
0.43583226203918457,1
0.3116004467010498,1
0.3840383291244507,1
0.34004947543144226,1
0.5763264298439026,1
0.2783011198043823,1
0.30184653401374817,1
0.3069846034049988,1
0.4132000505924225,1
0.37877482175827026,1
0.34505695104599,1
0.44596099853515625,1
0.5318604707717896,1
0.4768702983856201,1
0.42261362075805664,1
0.3718509376049042,1
0.3857671022415161,1
0.4794798195362091,1
0.3511887192726135,1
0.541449248790741,1
0.4461482763290405,1
0.644371747970581,1
0.432916522026062,1
0.4787176251411438,1
0.420135498046875,1
0.5160994529724121,1
0.49307575821876526,1
0.6332815885543823,1
0.3116595447063446,1
0.33307957649230957,1
0.5174639821052551,1
0.29592621326446533,1
0.49952882528305054,1
0.35719799995422363,1
0.374656081199646,1
0.4285390079021454,1
0.433675080537796,1
0.4156423509120941,1
0.5065571069717407,1
0.408661425113678,1
0.5587626099586487,1
0.38447144627571106,1
0.2831534445285797,1
0.44282257556915283,1
0.4553133249282837,1
0.6882545948028564,1
0.42721661925315857,1
0.4128854274749756,1
0.4359391927719116,1
0.38165760040283203,1
0.495613157749176,1
0.4060019254684448,1
0.4024719297885895,1
0.5003236532211304,1
0.45187321305274963,1
0.5083361864089966,1
0.444700688123703,1
0.3162195086479187,1
0.3323051929473877,1
0.3063567876815796,1
0.45141589641571045,1
0.4157096743583679,1
0.29428890347480774,1
0.395291805267334,1
0.3794620931148529,1
0.36517325043678284,1
0.3661983013153076,1
0.42897629737854004,1
0.47764840722084045,1
0.4710005521774292,1
0.5397061109542847,1
0.5442913174629211,1
0.5597360134124756,1
0.3861367702484131,1
0.38313525915145874,1
0.640850305557251,1
0.44576412439346313,1
0.6248041391372681,1
0.4401136040687561,1
0.44523143768310547,1
0.4298175573348999,1
0.4458960294723511,1
0.3395310342311859,1
0.4661175310611725,1
0.4849851727485657,1
0.4134741425514221,1
0.3214944303035736,1
0.4730303883552551,1
0.5160585045814514,1
0.646338939666748,1
0.39774084091186523,1
0.43801361322402954,1
0.5569185018539429,1
0.38068002462387085,1
0.42914122343063354,1
0.3814650774002075,1
0.556415319442749,1
0.5590174198150635,1
0.6037734746932983,1
0.35124796628952026,1
0.45102372765541077,1
0.4927199184894562,1
0.3914932310581207,1
0.3823874294757843,1
0.28814372420310974,1
0.6027926206588745,1
0.3695048689842224,1
0.35065603256225586,1
0.3786264955997467,1
0.3563341200351715,1
0.47178974747657776,1
0.32426607608795166,1
0.2981904447078705,1
0.5204553008079529,1
0.38844966888427734,1
0.41065406799316406,1
0.6592259407043457,1
0.3387520909309387,1
0.5461753606796265,1
0.4134339988231659,1
0.4056122899055481,1
0.6094815135002136,1
0.41043317317962646,1
0.42514777183532715,1
0.307720422744751,1
0.41289836168289185,1
0.39337873458862305,1
0.5151706337928772,1
0.5832934379577637,1
0.3790762424468994,1
0.43933767080307007,1
0.5780278444290161,1
0.3439614176750183,1
0.5343201160430908,1
0.5446944236755371,1
0.48193833231925964,1
0.4870885908603668,1
0.34363463521003723,1
0.5008688569068909,1
0.38496410846710205,1
0.41442152857780457,1
0.6204248666763306,1
0.4552326798439026,1
0.26221004128456116,1
0.5756533145904541,1
0.3656272292137146,1
0.4633905589580536,1
0.564765989780426,1
0.4073125422000885,1
0.6069279313087463,1
0.43127739429473877,1
0.344024658203125,1
0.8831112384796143,1
0.4478726387023926,1
0.4023283123970032,1
0.306809663772583,1
0.34535926580429077,1
0.42174383997917175,1
0.5676370859146118,1
0.29898601770401,1
0.45931893587112427,1
0.31279146671295166,1
0.4274870753288269,1
0.4143857955932617,1
0.3100169003009796,1
0.4114629030227661,1
0.40919196605682373,1
0.4564649760723114,1
0.5627000331878662,1
0.33608758449554443,1
0.3614848852157593,1
0.25696462392807007,1
0.3027762770652771,1
0.25841426849365234,1
0.25661927461624146,1
0.41486239433288574,1
0.49375659227371216,1
0.3636541962623596,1
0.35813233256340027,1
0.5625916719436646,1
0.4474571943283081,1
0.607510507106781,1
0.42177319526672363,1
0.4339815676212311,1
0.4729536771774292,1
0.3885313868522644,1
0.48023420572280884,1
0.5744656324386597,1
0.5871177911758423,1
0.3502553701400757,1
0.4758116900920868,1
0.391663134098053,1
0.32711201906204224,1
0.4473092257976532,1
0.4244955778121948,1
0.522888720035553,1
0.48099327087402344,1
0.5628979802131653,1
0.5077272653579712,1
0.4359150826931,1
0.3975693881511688,1
0.2681448757648468,1
0.3295072913169861,1
0.32448866963386536,1
0.3211190700531006,1
0.3425057828426361,1
0.39221668243408203,1
0.34202221035957336,1
0.4807121157646179,1
0.4388476610183716,1
0.4690563678741455,1
0.5231979489326477,1
0.21587052941322327,1
0.6148128509521484,1
0.5654688477516174,1
0.33859336376190186,1
0.33818313479423523,1
0.7871852517127991,1
0.44121959805488586,1
0.45389264822006226,1
0.3201562762260437,1
0.4269542396068573,1
0.21903091669082642,1
0.49545007944107056,1
0.5494115352630615,1
0.5175591111183167,1
0.3903183043003082,1
0.41602402925491333,1
0.250129371881485,1
0.5797327756881714,1
0.47011488676071167,1
0.32466891407966614,1
0.45901811122894287,1
0.40058475732803345,1
0.5274316072463989,1
0.42977815866470337,1
0.40237051248550415,1
0.42392873764038086,1
0.5007413625717163,1
0.38685470819473267,1
0.2933739423751831,1
0.41311249136924744,1
0.44326841831207275,1
0.5589146614074707,1
0.3625376224517822,1
0.2738112509250641,1
0.3805820047855377,1
0.29954010248184204,1
0.4679548740386963,1
0.6094809770584106,1
0.3610458970069885,1
0.4612661600112915,1
0.5339593887329102,1
0.3530483841896057,1
0.3629887104034424,1
0.4169967472553253,1
0.5976062417030334,1
0.39549314975738525,1
0.24151012301445007,1
0.4658055901527405,1
0.4614083468914032,1
0.3534792959690094,1
0.4558265209197998,1
0.49446114897727966,1
0.367877721786499,1
0.5459441542625427,1
0.4346918761730194,1
0.36287254095077515,1
0.5118744969367981,1
0.36153826117515564,1
0.45667338371276855,1
0.43972674012184143,1
0.536598801612854,1
0.33846116065979004,1
0.3836134672164917,1
0.37389329075813293,1
0.48745203018188477,1
0.34004589915275574,1
0.3275398313999176,1
0.23958010971546173,1
0.45668646693229675,1
0.48893383145332336,1
0.24457302689552307,1
0.4432930648326874,1
0.5476714372634888,1
0.6125907897949219,1
0.49857860803604126,1
0.4412170350551605,1
0.26119285821914673,1
0.3288900852203369,1
0.4532548785209656,1
0.35995346307754517,1
0.4069836139678955,1
0.45841437578201294,1
0.4927530884742737,1
0.3331640660762787,1
0.6368395686149597,1
0.3555092513561249,1
0.44449880719184875,1
0.5511586666107178,1
0.523603081703186,1
0.7565180063247681,1
0.3908817172050476,1
0.446227490901947,1
0.4053727388381958,1
0.3901101350784302,1
0.3936258852481842,1
0.35018977522850037,1
0.48105013370513916,1
0.680162787437439,1
0.39334332942962646,1
0.5202977657318115,1
0.2644796371459961,1
0.47542744874954224,1
0.6269877552986145,1
0.47673699259757996,1
0.3125106990337372,1
0.3126433789730072,1
0.39607930183410645,1
0.2878230810165405,1
0.4827994704246521,1
0.36141258478164673,1
0.4563923478126526,1
0.43086546659469604,1
0.2743886411190033,1
0.3598177433013916,1
0.5560480952262878,1
0.3778626322746277,1
0.3958311080932617,1
0.2928433418273926,1
0.36480769515037537,1
0.500285804271698,1
0.44612401723861694,1
0.4982849955558777,1
0.2938477396965027,1
0.6156986355781555,1
0.37892574071884155,1
0.3835493326187134,1
0.3790268301963806,1
0.3501836657524109,1
0.395736962556839,1
0.3450348973274231,1
0.46028566360473633,1
0.5152146816253662,1
0.4707406759262085,1
0.31043753027915955,1
0.5132309794425964,1
0.30683353543281555,1
0.32445040345191956,1
0.32495996356010437,1
0.5455995202064514,1
0.5052675604820251,1
0.4081627130508423,1
0.29445695877075195,1
0.39028650522232056,1
0.3725980520248413,1
0.45998167991638184,1
0.43958088755607605,1
0.4594239592552185,1
0.35818159580230713,1
0.3834228515625,1
0.4441841244697571,1
0.49701356887817383,1
0.4025948643684387,1
0.35636627674102783,1
0.31004709005355835,1
0.5097689628601074,1
0.4993719458580017,1
0.3736991882324219,1
0.27211588621139526,1
0.3514339029788971,1
0.40021568536758423,1
0.5419803261756897,1
0.7064806222915649,1
0.6173638105392456,1
0.5966720581054688,1
0.444253146648407,1
0.3854685127735138,1
0.3353033661842346,1
0.36259740591049194,1
0.366608202457428,1
0.3017280101776123,1
0.45354798436164856,1
0.3483943045139313,1
0.5553844571113586,1
0.41964173316955566,1
0.233143150806427,1
0.29306817054748535,1
0.6295835971832275,1
0.43744152784347534,1
0.3740013837814331,1
0.514840841293335,1
0.3392419219017029,1
0.5920616388320923,1
0.4943525493144989,1
0.2937948703765869,1
0.44232869148254395,1
0.5308753848075867,1
0.34992724657058716,1
0.20004819333553314,1
0.5256983637809753,1
0.3551211655139923,1
0.3325112462043762,1
0.46845221519470215,1
0.4190009832382202,1
0.3659047782421112,1
0.41518107056617737,1
0.41468626260757446,1
0.43463438749313354,1
0.42954719066619873,1
0.5069513320922852,1
0.407551646232605,1
0.28378018736839294,1
0.4955541491508484,1
0.4696149230003357,1
0.3707248270511627,1
0.5635139346122742,1
0.39900457859039307,1
0.3943999409675598,1
0.4365299642086029,1
0.47022438049316406,1
0.2698591947555542,1
0.35881340503692627,1
0.5630394220352173,1
0.4251563549041748,1
0.3620949387550354,1
0.44589656591415405,1
0.42082640528678894,1
0.3407929241657257,1
0.4358289837837219,1
0.2519511580467224,1
0.3503677546977997,1
0.5562182068824768,1
0.24435944855213165,1
0.36329424381256104,1
0.6706835627555847,1
0.34354516863822937,1
0.5667502284049988,1
0.3955118954181671,1
0.37698137760162354,1
0.28102970123291016,1
0.5161933898925781,1
0.4354848265647888,1
0.4164794087409973,1
0.42338433861732483,1
0.3362157940864563,1
0.40205681324005127,1
0.4091750979423523,1
0.29270023107528687,1
0.3978903889656067,1
0.4512051045894623,1
0.4470174312591553,1
0.5386143922805786,1
0.4342404305934906,1
0.44204428791999817,1
0.401336669921875,1
0.5900416970252991,1
0.5805201530456543,1
0.3788149952888489,1
0.5197404026985168,1
0.3930954337120056,1
0.3620532155036926,1
0.6516501307487488,1
0.4136223793029785,1
0.3571387529373169,1
0.3536607623100281,1
0.30339354276657104,1
0.38712334632873535,1
0.47187548875808716,1
0.2705773711204529,1
0.38384145498275757,1
0.3715527057647705,1
0.5558760166168213,1
0.5153428912162781,1
0.3481284976005554,1
0.2909531891345978,1
0.38947874307632446,1
0.39321425557136536,1
0.5567890405654907,1
0.36812058091163635,1
0.50204998254776,1
0.30979007482528687,1
0.4161488115787506,1
0.3799965977668762,1
0.20849230885505676,1
0.4296993315219879,1
0.4215012490749359,1
0.2869008183479309,1
0.2993800938129425,1
0.3798103928565979,1
0.3843076229095459,1
0.517938494682312,1
0.3828648626804352,1
0.7102463841438293,1
0.4832680821418762,1
0.42188042402267456,1
0.41430985927581787,1
0.4325440227985382,1
0.6068955063819885,1
0.6316415071487427,1
0.2672216296195984,1
0.40527430176734924,1
0.26467087864875793,1
0.3341519832611084,1
0.338534414768219,1
0.38458505272865295,1
0.3096061944961548,1
0.29999467730522156,1
0.5275356769561768,1
0.3348703384399414,1
0.610854983329773,1
0.47575974464416504,1
0.5072045922279358,1
0.35878634452819824,1
0.5138758420944214,1
0.44985610246658325,1
0.4625895023345947,1
0.401792973279953,1
0.45447903871536255,1
0.3091021776199341,1
0.42354464530944824,1
0.23362044990062714,1
0.44108128547668457,1
0.3418630063533783,1
0.351959228515625,1
0.2584810256958008,1
0.46426621079444885,1
0.5827202796936035,1
0.4004964530467987,1
0.31060591340065,1
0.5032121539115906,1
0.42563772201538086,1
0.399301141500473,1
0.46623820066452026,1
0.4583706855773926,1
0.49233686923980713,1
0.3738996684551239,1
0.3501279354095459,1
0.6108514070510864,1
0.4492509961128235,1
0.2827630639076233,1
0.2694293260574341,1
0.3591718375682831,1
0.44042980670928955,1
0.3574318289756775,1
0.35217127203941345,1
0.3458382487297058,1
0.3595816493034363,1
0.5239989757537842,1
0.4012591242790222,1
0.42384231090545654,1
0.6015702486038208,1
0.4824303984642029,1
0.46643906831741333,1
0.4429938793182373,1
0.40013396739959717,1
0.42166340351104736,1
0.4392976462841034,1
0.3509545922279358,1
0.39712440967559814,1
0.4147195518016815,1
0.43286654353141785,1
0.33496642112731934,1
0.36299368739128113,1
0.45807865262031555,1
0.24350588023662567,1
0.33991536498069763,1
0.4812909662723541,1
0.6398289799690247,1
0.4960521161556244,1
0.5720847845077515,1
0.4528343081474304,1
0.36034470796585083,1
0.3447175920009613,1
0.3507968783378601,1
0.4394018054008484,1
0.2735857367515564,1
0.5090799927711487,1
0.48378661274909973,1
0.4267694056034088,1
0.5468195676803589,1
0.3476777672767639,1
0.42645740509033203,1
0.4845012426376343,1
0.38342976570129395,1
0.5266445875167847,1
0.43436700105667114,1
0.39344751834869385,1
0.4699799120426178,1
0.42140042781829834,1
0.3914796710014343,1
0.33119189739227295,1
0.4824841022491455,1
0.4675065577030182,1
0.5772296190261841,1
0.5673658847808838,1
0.49151143431663513,1
0.3344709873199463,1
0.3698797821998596,1
0.46712350845336914,1
0.404341459274292,1
0.4611983299255371,1
0.37930843234062195,1
0.41245126724243164,1
0.4956846833229065,1
0.34244948625564575,1
0.5548474788665771,1
0.34220221638679504,1
0.5077101588249207,1
0.41493114829063416,1
0.40649324655532837,1
0.30685946345329285,1
0.3240155875682831,1
0.3491623103618622,1
0.6048099994659424,1
0.6177051067352295,1
0.42212405800819397,1
0.4797421991825104,1
0.32820016145706177,1
0.36960792541503906,1
0.43686822056770325,1
0.39351412653923035,1
0.3585408329963684,1
0.37469685077667236,1
0.4680632948875427,1
0.297900527715683,1
0.4232079088687897,1
0.4953555464744568,1
0.5696144104003906,1
0.3117404282093048,1
0.5304406881332397,1
0.42642223834991455,1
0.3873552680015564,1
0.4142724871635437,1
0.5207704305648804,1
0.5957791805267334,1
0.3249545395374298,1
0.6158833503723145,1
0.5719742178916931,1
0.5644686818122864,1
0.33272501826286316,1
0.6178420782089233,1
0.3690530061721802,1
0.3639894127845764,1
0.23351675271987915,1
0.488373726606369,1
0.5400635600090027,1
0.42462974786758423,1
0.3972320258617401,1
0.6120271682739258,1
0.38351723551750183,1
0.41188177466392517,1
0.576570451259613,1
0.35982412099838257,1
0.22191518545150757,1
0.31154128909111023,1
0.5326921343803406,1
0.24106928706169128,1
0.368740975856781,1
0.2057458460330963,1
0.3940398097038269,1
0.37280428409576416,1
0.33887922763824463,1
0.5318597555160522,1
0.4467456340789795,1
0.32070645689964294,1
0.47143200039863586,1
0.5281786918640137,1
0.396133154630661,1
0.3624858856201172,1
0.3864388167858124,1
0.43298763036727905,1
0.42140325903892517,1
0.37682831287384033,1
0.47005924582481384,1
0.39968788623809814,1
0.488179087638855,1
0.4464167356491089,1
0.35842016339302063,1
0.5680566430091858,1
0.255237340927124,1
0.4818688631057739,1
0.4437044858932495,1
0.47442489862442017,1
0.2566297650337219,1
0.39649760723114014,1
0.5285218954086304,1
0.3462943434715271,1
0.3256569802761078,1
0.41915231943130493,1
0.3761000633239746,1
0.5045041441917419,1
0.2715645134449005,1
0.5642745494842529,1
0.5210798382759094,1
0.35782408714294434,1
0.46513715386390686,1
0.2473272681236267,1
0.4572504758834839,1
0.28795671463012695,1
0.2549792230129242,1
0.43772637844085693,1
0.6212222576141357,1
0.42801207304000854,1
0.3054712414741516,1
0.5867116451263428,1
0.4047929644584656,1
0.385290265083313,1
0.46456772089004517,1
0.29816049337387085,1
0.39734524488449097,1
0.38081541657447815,1
0.4745146930217743,1
0.4701133966445923,1
0.5321297645568848,1
0.5421886444091797,1
0.32162413001060486,1
0.4619678258895874,1
0.3630998730659485,1
0.3605009913444519,1
0.3414984345436096,1
0.5180312395095825,1
0.44064798951148987,1
0.4046955108642578,1
0.5511060357093811,1
0.5235816240310669,1
0.3243894875049591,1
0.44924598932266235,1
0.4241717457771301,1
0.40870699286460876,1
0.42210477590560913,1
0.3656098246574402,1
0.4587545394897461,1
0.3659544587135315,1
0.3940797448158264,1
0.5137932300567627,1
0.3341144323348999,1
0.6174362897872925,1
0.3968249559402466,1
0.4447551965713501,1
0.27077826857566833,1
0.387344092130661,1
0.4117981791496277,1
0.40024569630622864,1
0.496304988861084,1
0.44143110513687134,1
0.5941839218139648,1
0.4326278269290924,1
0.37854138016700745,1
0.4835706949234009,1
0.29642680287361145,1
0.41429489850997925,1
0.33643484115600586,1
0.3394862413406372,1
0.5708276033401489,1
0.37785258889198303,1
0.3800099492073059,1
0.5115646123886108,1
0.4007730484008789,1
0.3631659150123596,1
0.3768029808998108,1
0.4831934869289398,1
0.3628923296928406,1
0.3585425913333893,1
0.5882568955421448,1
0.4396647810935974,1
0.32232537865638733,1
0.373603880405426,1
0.5348412990570068,1
0.38433998823165894,1
0.4279399514198303,1
0.6816214919090271,1
0.49235817790031433,1
0.3425629436969757,1
0.350504994392395,1
0.4922003149986267,1
0.5540705919265747,1
0.3976505398750305,1
0.21914297342300415,1
0.44646644592285156,1
0.467386931180954,1
0.3380264937877655,1
0.3686342239379883,1
0.3740113079547882,1
0.33335229754447937,1
0.3796992897987366,1
0.4745655059814453,1
0.4637240767478943,1
0.38891828060150146,1
0.4724122881889343,1
0.5703965425491333,1
0.34185880422592163,1
0.35484981536865234,1
0.4816317558288574,1
0.534295916557312,1
0.34968554973602295,1
0.23958204686641693,1
0.3192465603351593,1
0.566969633102417,1
0.2907785177230835,1
0.4220814108848572,1
0.4905550479888916,1
0.33063805103302,1
0.3654041886329651,1
0.38863450288772583,1
0.5407387018203735,1
0.3418850302696228,1
0.3313843607902527,1
0.36947664618492126,1
0.283504456281662,1
0.318419873714447,1
0.4113783836364746,1
0.2910945415496826,1
0.37731683254241943,1
0.20147617161273956,1
0.41415801644325256,1
0.31969255208969116,1
0.3832170367240906,1
0.27725350856781006,1
0.48187410831451416,1
0.3624858856201172,1
0.5460104942321777,1
0.29969802498817444,1
0.35626310110092163,1
0.45941662788391113,1
0.45130741596221924,1
0.3456839919090271,1
0.3212990462779999,1
0.46191269159317017,1
0.3875819742679596,1
0.3653317391872406,1
0.32095789909362793,1
0.37294501066207886,1
0.41604557633399963,1
0.4755868911743164,1
0.37292179465293884,1
0.5628098249435425,1
0.3756735920906067,1
0.5014343857765198,1
0.4804859757423401,1
0.46021568775177,1
0.2857876718044281,1
0.4110146760940552,1
0.2776900827884674,1
0.25009283423423767,1
0.35419151186943054,1
0.3895013928413391,1
0.39573603868484497,1
0.5171043872833252,1
0.4429734945297241,1
0.4033920168876648,1
0.38340336084365845,1
0.3089222311973572,1
0.5878551006317139,1
0.37879085540771484,1
0.49397122859954834,1
0.32902202010154724,1
0.18809811770915985,1
0.6291592121124268,1
0.4783517122268677,1
0.32354915142059326,1
0.38358840346336365,1
0.5128316879272461,1
0.3436627984046936,1
0.43948501348495483,1
0.4084010124206543,1
0.299552321434021,1
0.2435852289199829,1
0.335016667842865,1
0.3594518303871155,1
0.3622632920742035,1
0.4019432067871094,1
0.3760188817977905,1
0.27377966046333313,1
0.42784902453422546,1
0.3132724165916443,1
0.29548388719558716,1
0.5593469142913818,1
0.3715897798538208,1
0.6089081764221191,1
0.3288131356239319,1
0.28097665309906006,1
0.3750275671482086,1
0.40414273738861084,1
0.41486018896102905,1
0.5013390183448792,1
0.4129445254802704,1
0.35413479804992676,1
0.5730040073394775,1
0.469987690448761,1
0.3307313621044159,1
0.31581348180770874,1
0.2754547595977783,1
0.43736302852630615,1
0.42957359552383423,1
0.37293487787246704,1
0.40945279598236084,1
0.4225172996520996,1
0.3418821096420288,1
0.4483523666858673,1
0.41607022285461426,1
0.44386041164398193,1
0.3024126887321472,1
0.37225550413131714,1
0.5990832448005676,1
0.30711278319358826,1
0.3836696743965149,1
0.46332356333732605,1
0.23547786474227905,1
0.3421551585197449,1
0.22604301571846008,1
0.3642948269844055,1
0.3868998885154724,1
0.34323742985725403,1
0.3085811138153076,1
0.4630115032196045,1
0.5398231148719788,1
0.4222629964351654,1
0.3574508726596832,1
0.40635019540786743,1
0.3216853439807892,1
0.3235931992530823,1
0.3646323084831238,1
0.28447696566581726,1
0.4612061381340027,1
0.3939039707183838,1
0.4993233382701874,1
0.48527318239212036,1
0.4842827618122101,1
0.46481063961982727,1
0.40221652388572693,1
0.26798683404922485,1
0.35413220524787903,1
0.5713299512863159,1
0.42860156297683716,1
0.596796989440918,1
0.2932150065898895,1
0.4918906092643738,1
0.5819027423858643,1
0.5255813598632813,1
0.562552809715271,1
0.5132992267608643,1
0.21502047777175903,1
0.40512508153915405,1
0.48649340867996216,1
0.30212104320526123,1
0.426955908536911,1
0.4546439051628113,1
0.3178035020828247,1
0.46716830134391785,1
0.33779460191726685,1
0.4659808576107025,1
0.5292515754699707,1
0.3290082514286041,1
0.3743917644023895,1
0.38312578201293945,1
0.42592179775238037,1
0.4284973740577698,1
0.6052405834197998,1
0.41207101941108704,1
0.43622374534606934,1
0.3359755575656891,1
0.41037517786026,1
0.6748150587081909,1
0.3607493042945862,1
0.28917965292930603,1
0.46330150961875916,1
0.3015105128288269,1
0.3282938003540039,1
0.26901713013648987,1
0.4495849311351776,1
0.37769895792007446,1
0.33183252811431885,1
0.34475767612457275,1
0.3749069273471832,1
0.213714599609375,1
0.326936811208725,1
0.2938503921031952,1
0.32682734727859497,1
0.4248464107513428,1
0.3192385733127594,1
0.3413151204586029,1
0.49622610211372375,1
0.492928147315979,1
0.4044719636440277,1
0.42211204767227173,1
0.32882535457611084,1
0.26829248666763306,1
0.40748608112335205,1
0.4697011709213257,1
0.46445024013519287,1
0.2859031558036804,1
0.5056229829788208,1
0.49259859323501587,1
0.39303797483444214,1
0.3612839877605438,1
0.4226527810096741,1
0.7357181310653687,1
0.386960506439209,1
0.39325597882270813,1
0.5127575993537903,1
0.43627339601516724,1
0.4174475073814392,1
0.346123069524765,1
0.29818421602249146,1
0.6155524253845215,1
0.39310434460639954,1
0.35657405853271484,1
0.39916786551475525,1
0.44516313076019287,1
0.4569370746612549,1
0.3397064507007599,1
0.3108929395675659,1
0.4993729293346405,1
0.3989028036594391,1
0.48655441403388977,1
0.3713440001010895,1
0.36955147981643677,1
0.41209638118743896,1
0.4574388861656189,1
0.36970871686935425,1
0.46109095215797424,1
0.33562764525413513,1
0.44965633749961853,1
0.3548087179660797,1
0.42853793501853943,1
0.3880540132522583,1
0.3742411136627197,1
0.4127408564090729,1
0.4142020046710968,1
0.3093033730983734,1
0.2569297254085541,1
0.2474842071533203,1
0.3307267725467682,1
0.299441397190094,1
0.37693649530410767,1
0.4887823760509491,1
0.3671060800552368,1
0.2668248414993286,1
0.346613347530365,1
0.4976375102996826,1
0.519996166229248,1
0.3193553388118744,1
0.3902936279773712,1
0.34683462977409363,1
0.428340882062912,1
0.5237920880317688,1
0.36391305923461914,1
0.5859201550483704,1
0.32506421208381653,1
0.5292395353317261,1
0.29224997758865356,1
0.4481685757637024,1
0.2655884921550751,1
0.3342958688735962,1
0.35916340351104736,1
0.33234578371047974,1
0.33761054277420044,1
0.2013499140739441,1
0.31270650029182434,1
0.47318458557128906,1
0.37876710295677185,1
0.5945399403572083,1
0.34533870220184326,1
0.42241835594177246,1
0.4537338614463806,1
0.4127896726131439,1
0.4113594889640808,1
0.45435819029808044,1
0.44263216853141785,1
0.3191295862197876,1
0.4351666569709778,1
0.47065913677215576,1
0.41213011741638184,1
0.41828638315200806,1
0.22738799452781677,1
0.4379441440105438,1
0.7128401398658752,1
0.31535568833351135,1
0.3939947485923767,1
0.45032358169555664,1
0.4371607303619385,1
0.343626469373703,1
0.6874315142631531,1
0.41266757249832153,1
0.5719689726829529,1
0.50099778175354,1
0.26225554943084717,1
0.410028338432312,1
0.29726332426071167,1
0.5212220549583435,1
0.47896721959114075,1
0.38291290402412415,1
0.39515042304992676,1
0.30995845794677734,1
0.36066216230392456,1
0.5711151361465454,1
0.3087015151977539,1
0.47492656111717224,1
0.27149534225463867,1
0.42371827363967896,1
0.4236399531364441,1
0.3504335582256317,1
0.4535902440547943,1
0.2902309000492096,1
0.42462676763534546,1
0.43776029348373413,1
0.48431771993637085,1
0.4910759925842285,1
0.24761825799942017,1
0.28431689739227295,1
0.39371269941329956,1
0.35950925946235657,1
0.36468639969825745,1
0.2820468842983246,1
0.4695982336997986,1
0.4220119118690491,1
0.28234419226646423,1
0.5656774044036865,1
0.4938359558582306,1
0.3185412585735321,1
0.3551965653896332,1
0.39629030227661133,1
0.25182411074638367,1
0.49186038970947266,1
0.4206655025482178,1
0.3939371109008789,1
0.32787880301475525,1
0.34958434104919434,1
0.32056933641433716,1
0.4322272837162018,1
0.30365121364593506,1
0.5203960537910461,1
0.31636637449264526,1
0.5141684412956238,1
0.49548837542533875,1
0.4336322247982025,1
0.33013638854026794,1
0.44835495948791504,1
0.4345204532146454,1
0.3674299716949463,1
0.5125590562820435,1
0.40461304783821106,1
0.42455366253852844,1
0.3491431772708893,1
0.2491542100906372,1
0.2887115478515625,1
0.383408784866333,1
0.45367544889450073,1
0.3831537365913391,1
0.27907994389533997,1
0.28272753953933716,1
0.29884302616119385,1
0.44559550285339355,1
0.37072741985321045,1
0.40591102838516235,1
0.49428898096084595,1
0.36588919162750244,1
0.3294096291065216,1
0.4301532506942749,1
0.42845019698143005,1
0.3425401747226715,1
0.28363993763923645,1
0.23437944054603577,1
0.44520819187164307,1
0.31872135400772095,1
0.3750736117362976,1
0.41547223925590515,1
0.45297789573669434,1
0.5132311582565308,1
0.47212231159210205,1
0.34606361389160156,1
0.5134240388870239,1
0.3168189227581024,1
0.4874750077724457,1
0.29223835468292236,1
0.3025459051132202,1
0.2780352532863617,1
0.33900219202041626,1
0.46551579236984253,1
0.7031599879264832,1
0.42419445514678955,1
0.3844839334487915,1
0.43137484788894653,1
0.29877373576164246,1
0.39043277502059937,1
0.3323511481285095,1
0.29271677136421204,1
0.30644965171813965,1
0.6166161894798279,1
0.31755030155181885,1
0.42550748586654663,1
0.37179064750671387,1
0.46872442960739136,1
0.39664363861083984,1
0.6024659872055054,1
0.30463942885398865,1
0.34438061714172363,1
0.4355860948562622,1
0.4716651439666748,1
0.39963671565055847,1
0.4269976019859314,1
0.39243534207344055,1
0.3058234453201294,1
0.42718106508255005,1
0.2987965941429138,1
0.3578467071056366,1
0.2966955304145813,1
0.43593764305114746,1
0.3402857780456543,1
0.4161878824234009,1
0.32434338331222534,1
0.609699010848999,1
0.37528014183044434,1
0.35817641019821167,1
0.47648417949676514,1
0.39569783210754395,1
0.3511800169944763,1
0.2855844795703888,1
0.2817302942276001,1
0.6326231956481934,1
0.5076696872711182,1
0.43144774436950684,1
0.2250227928161621,1
0.34619176387786865,1
0.2663111090660095,1
0.37352100014686584,1
0.45863914489746094,1
0.3873469829559326,1
0.2887895107269287,1
0.28496289253234863,1
0.22512327134609222,1
0.5102801322937012,1
0.3575811982154846,1
0.3609375059604645,1
0.37273141741752625,1
0.35542032122612,1
0.5293136835098267,1
0.5833221673965454,1
0.30608290433883667,1
0.38795894384384155,1
0.3148948848247528,1
0.3155418634414673,1
0.4065425992012024,1
0.4353896677494049,1
0.36634981632232666,1
0.38266775012016296,1
0.4018469452857971,1
0.5874625444412231,1
0.3182869851589203,1
0.2581920921802521,1
0.3826494812965393,1
0.22106975317001343,1
0.3340437710285187,1
0.3905197083950043,1
0.38779789209365845,1
0.32228538393974304,1
0.6597694158554077,1
0.4532531499862671,1
0.4769236445426941,1
0.30697572231292725,1
0.4928116798400879,1
0.4012039601802826,1
0.4328499436378479,1
0.2930094599723816,1
0.4363347291946411,1
0.6031891107559204,1
0.2828805148601532,1
0.38038158416748047,1
0.34402868151664734,1
0.4031333327293396,1
0.35687488317489624,1
0.3732588291168213,1
0.2765650749206543,1
0.4088992774486542,1
0.36439788341522217,1
0.3946344256401062,1
0.3895741105079651,1
0.32096222043037415,1
0.3356524407863617,1
0.6542972922325134,1
0.3728557527065277,1
0.3788202404975891,1
0.4098321497440338,1
0.36804938316345215,1
0.3999069333076477,1
0.2927105724811554,1
0.41675037145614624,1
0.3944489657878876,1
0.45616042613983154,1
0.27575719356536865,1
0.4982118308544159,1
0.5065250396728516,1
0.3493189215660095,1
0.25655826926231384,1
0.3996933400630951,1
0.3367977440357208,1
0.32533344626426697,1
0.3363419473171234,1
0.34265515208244324,1
0.4297701120376587,1
0.3425891697406769,1
0.3170655071735382,1
0.48850584030151367,1
0.42232316732406616,1
0.23743437230587006,1
0.34155043959617615,1
0.2345196157693863,1
0.12090393155813217,1
0.3464673161506653,1
0.352458119392395,1
0.5557935833930969,1
0.2814698815345764,1
0.5434741377830505,1
0.694603443145752,1
0.4184849262237549,1
0.18977229297161102,1
0.36482304334640503,1
0.4354214370250702,1
0.38091495633125305,1
0.3509535789489746,1
0.5142052173614502,1
0.3589309751987457,1
0.36062246561050415,1
0.1999390423297882,1
0.30716371536254883,1
0.38706114888191223,1
0.454673707485199,1
0.4386400878429413,1
0.43367236852645874,1
0.4350617229938507,1
0.3673900365829468,1
0.28666767477989197,1
0.31761372089385986,1
0.4971514344215393,1
0.40685468912124634,1
0.3371497392654419,1
0.52564537525177,1
0.3697758913040161,1
0.2945413887500763,1
0.36491721868515015,1
0.291482537984848,1
0.37485575675964355,1
0.33612075448036194,1
0.4622502326965332,1
0.5021390318870544,1
0.30830270051956177,1
0.50780189037323,1
0.4258460998535156,1
0.49377816915512085,1
0.3080641031265259,1
0.3130495250225067,1
0.4555909037590027,1
0.36987200379371643,1
0.4047136902809143,1
0.40176066756248474,1
0.4734823405742645,1
0.3456733524799347,1
0.39502793550491333,1
0.5027632713317871,1
0.5182939171791077,1
0.33924785256385803,1
0.4212927520275116,1
0.37064677476882935,1
0.4205035865306854,1
0.5338097810745239,1
0.40124183893203735,1
0.4542255997657776,1
0.3272026479244232,1
0.3657529056072235,1
0.5486379861831665,1
0.2390962839126587,1
0.37878865003585815,1
0.7913721799850464,1
0.49763232469558716,1
0.38520196080207825,1
0.2190999835729599,1
0.5778528451919556,1
0.43852171301841736,1
0.27044153213500977,1
0.4311191141605377,1
0.3709215223789215,1
0.2895377278327942,1
0.30611521005630493,1
0.4508135914802551,1
0.5557100772857666,1
0.3467786908149719,1
0.35739779472351074,1
0.503200888633728,1
0.5117596387863159,1
0.4707670211791992,1
0.34221452474594116,1
0.16326524317264557,1
0.30606982111930847,1
0.3677658438682556,1
0.2663533389568329,1
0.2892519533634186,1
0.4651089906692505,1
0.40798521041870117,1
0.3315514326095581,1
0.2435522824525833,1
0.4940807521343231,1
0.4325501322746277,1
0.36530110239982605,1
0.3937555253505707,1
0.21219007670879364,1
0.5364817976951599,1
0.3483451008796692,1
0.2856566309928894,1
0.2606315016746521,1
0.24417801201343536,1
0.4342656433582306,1
0.401136189699173,1
0.5086244344711304,1
0.338764488697052,1
0.3709293007850647,1
0.3930376172065735,1
0.4605903923511505,1
0.46311962604522705,1
0.4025476276874542,1
0.27948427200317383,1
0.35334503650665283,1
0.33601510524749756,1
0.2503051161766052,1
0.40105152130126953,1
0.2532776892185211,1
0.4274728298187256,1
0.34084269404411316,1
0.38438111543655396,1
0.389640212059021,1
0.3685828149318695,1
0.4421476125717163,1
0.39548444747924805,1
0.41027146577835083,1
0.3079605996608734,1
0.3351723849773407,1
0.2521144151687622,1
0.4518235921859741,1
0.23552213609218597,1
0.3542312979698181,1
0.3763687014579773,1
0.3504236936569214,1
0.30129894614219666,1
0.2202070951461792,1
0.21416690945625305,1
0.28898271918296814,1
0.371777206659317,1
0.39435237646102905,1
0.32445502281188965,1
0.5145520567893982,1
0.3517650365829468,1
0.3128819763660431,1
0.5002383589744568,1
0.5462971925735474,1
0.31495201587677,1
0.25779128074645996,1
0.3138329088687897,1
0.4033712148666382,1
0.4115543067455292,1
0.5884872078895569,1
0.31226664781570435,1
0.382890522480011,1
0.2802635729312897,1
0.4136156737804413,1
0.35285693407058716,1
0.3003319799900055,1
0.38355258107185364,1
0.4767248034477234,1
0.3600922226905823,1
0.312392920255661,1
0.21551354229450226,1
0.34057241678237915,1
0.37740838527679443,1
0.4841639995574951,1
0.3047355115413666,1
0.5282685160636902,1
0.4622628390789032,1
0.33112648129463196,1
0.35408297181129456,1
0.5522140264511108,1
0.37016361951828003,1
0.4501973092556,1
0.265254944562912,1
0.3999503254890442,1
0.4197331368923187,1
0.388538122177124,1
0.3627682030200958,1
0.3698667585849762,1
0.2694928050041199,1
0.23214790225028992,1
0.21609345078468323,1
0.42557647824287415,1
0.6158654093742371,1
0.5059820413589478,1
0.44116806983947754,1
0.6594641208648682,1
0.3086252212524414,1
0.31474053859710693,1
0.375213623046875,1
0.3782791197299957,1
0.3812556862831116,1
0.23285260796546936,1
0.4547193646430969,1
0.5322229266166687,1
0.3294198215007782,1
0.3044690489768982,1
0.28375208377838135,1
0.3112153112888336,1
0.5762213468551636,1
0.31233200430870056,1
0.44707947969436646,1
0.3220083713531494,1
0.3835567831993103,1
0.6715826392173767,1
0.4256706237792969,1
0.44897210597991943,1
0.30836623907089233,1
0.4615873694419861,1
0.34784793853759766,1
0.21163049340248108,1
0.39184850454330444,1
0.30624014139175415,1
0.5118842124938965,1
0.3760457932949066,1
0.4909202754497528,1
0.31844422221183777,1
0.5813685655593872,1
0.29491516947746277,1
0.24508297443389893,1
0.3922748863697052,1
0.2644340395927429,1
0.3387446105480194,1
0.3175482153892517,1
0.3923330307006836,1
0.6697896122932434,1
0.35989636182785034,1
0.3655330240726471,1
0.4012206792831421,1
0.49378862977027893,1
0.2997581362724304,1
0.3399360179901123,1
0.2315998077392578,1
0.3213222920894623,1
0.42529934644699097,1
0.32514244318008423,1
0.2960430383682251,1
0.5912739038467407,1
0.558539867401123,1
0.3668319284915924,1
0.394101619720459,1
0.4507709741592407,1
0.6662395596504211,1
0.2936248481273651,1
0.34103715419769287,1
0.31489935517311096,1
0.5581890344619751,1
0.48174750804901123,1
0.35331955552101135,1
0.4276299476623535,1
0.33389586210250854,1
0.36745190620422363,1
0.4162263870239258,1
0.4444989562034607,1
0.3485548496246338,1
0.5618810057640076,1
0.2677128314971924,1
0.305635005235672,1
0.42553699016571045,1
0.32247495651245117,1
0.26082533597946167,1
0.3891828656196594,1
0.2598952054977417,1
0.28923818469047546,1
0.5311218500137329,1
0.4292263388633728,1
0.2948811650276184,1
0.4276547431945801,1
0.28088876605033875,1
0.3675364851951599,1
0.49120375514030457,1
0.34228217601776123,1
0.47020599246025085,1
0.5008374452590942,1
0.34115689992904663,1
0.26372697949409485,1
0.3558422923088074,1
0.38805970549583435,1
0.5895255208015442,1
0.44300180673599243,1
0.3468148708343506,1
0.33256953954696655,1
0.3144729733467102,1
0.2872143089771271,1
0.24261361360549927,1
0.27045226097106934,1
0.2908831536769867,1
0.3965761363506317,1
0.5323072671890259,1
0.40985387563705444,1
0.3808073103427887,1
0.43860429525375366,1
0.4418264627456665,1
0.3228444457054138,1
0.3919391334056854,1
0.4131169319152832,1
0.7168376445770264,1
0.3781152367591858,1
0.4592479169368744,1
0.4503076374530792,1
0.36399176716804504,1
0.4948984980583191,1
0.40417054295539856,1
0.21661154925823212,1
0.3687640428543091,1
0.39931994676589966,1
0.4269906282424927,1
0.3301912844181061,1
0.3304027020931244,1
0.2622218430042267,1
0.3581523895263672,1
0.21006476879119873,1
0.38178175687789917,1
0.30335479974746704,1
0.41136419773101807,1
0.39316526055336,1
0.3328655958175659,1
0.5160836577415466,1
0.5832262635231018,1
0.46244898438453674,1
0.35490089654922485,1
0.3547871708869934,1
0.3696165978908539,1
0.3795103430747986,1
0.19371049106121063,1
0.4777657985687256,1
0.4287847876548767,1
0.5096668601036072,1
0.6006011962890625,1
0.2763170003890991,1
0.23785769939422607,1
0.34203508496284485,1
0.46002739667892456,1
0.3056057095527649,1
0.49670231342315674,1
0.4471685588359833,1
0.425739049911499,1
0.48084020614624023,1
0.42482423782348633,1
0.3836854100227356,1
0.3572371006011963,1
0.5105038285255432,1
0.3796185553073883,1
0.21805191040039063,1
0.24290920794010162,1
0.30821090936660767,1
0.305044561624527,1
0.3087427318096161,1
0.2950669825077057,1
0.16234856843948364,1
0.31366732716560364,1
0.37260904908180237,1
0.29884740710258484,1
0.3188823461532593,1
0.4254569709300995,1
0.30102115869522095,1
0.3225802183151245,1
0.49196383357048035,1
0.46880048513412476,1
0.4316796064376831,1
0.36791229248046875,1
0.4599301815032959,1
0.4111589193344116,1
0.5538813471794128,1
0.4995751976966858,1
0.5159796476364136,1
0.2718312442302704,1
0.5336916446685791,1
0.30089306831359863,1
0.4694262444972992,1
0.4076789915561676,1
0.5945969820022583,1
0.33468079566955566,1
0.3529118001461029,1
0.3520604074001312,1
0.46902745962142944,1
0.4525570869445801,1
0.4560525715351105,1
0.36445724964141846,1
0.5029785633087158,1
0.46873950958251953,1
0.3153340220451355,1
0.42244070768356323,1
0.38577067852020264,1
0.4331923723220825,1
0.3671615719795227,1
0.5396679639816284,1
0.35081586241722107,1
0.31667259335517883,1
0.5200002193450928,1
0.28690123558044434,1
0.4020064175128937,1
0.3709135949611664,1
0.3196341395378113,1
0.4412858486175537,1
0.42107653617858887,1
0.3269861340522766,1
0.36515602469444275,1
0.36031651496887207,1
0.2835316061973572,1
0.18553271889686584,1
0.3334020674228668,1
0.44614607095718384,1
0.19894662499427795,1
0.292806476354599,1
0.46821892261505127,1
0.4026445746421814,1
0.4105013608932495,1
0.1669200360774994,1
0.32508015632629395,1
0.35745295882225037,1
0.28645169734954834,1
0.4976833462715149,1
0.27879491448402405,1
0.5515741109848022,1
0.3670717477798462,1
0.3584834039211273,1
0.2952999472618103,1
0.33075377345085144,1
0.26953601837158203,1
0.4245236814022064,1
0.2697843909263611,1
0.18749463558197021,1
0.7120726704597473,1
0.4485485255718231,1
0.34459924697875977,1
0.3437175750732422,1
0.391483873128891,1
0.4537452459335327,1
0.40792661905288696,1
0.29626667499542236,1
0.36026209592819214,1
0.3503756523132324,1
0.38833707571029663,1
0.27686724066734314,1
0.352216511964798,1
0.411625474691391,1
0.4521101713180542,1
0.27455851435661316,1
0.2842748761177063,1
0.37150681018829346,1
0.4292089343070984,1
0.45984241366386414,1
0.5821731090545654,1
0.49507659673690796,1
0.26332980394363403,1
0.3986850380897522,1
0.23170271515846252,1
0.3334641754627228,1
0.2255234569311142,1
0.35965240001678467,1
0.298877090215683,1
0.27908897399902344,1
0.31733179092407227,1
0.40051594376564026,1
0.3536137640476227,1
0.40464410185813904,1
0.45200347900390625,1
0.30856743454933167,1
0.39096134901046753,1
0.44131842255592346,1
0.2635616064071655,1
0.3040863573551178,1
0.3060282766819,1
0.34743499755859375,1
0.40774980187416077,1
0.36570388078689575,1
0.4033541679382324,1
0.45433104038238525,1
0.3835020959377289,1
0.3513287305831909,1
0.48502400517463684,1
0.5273469686508179,1
0.18213550746440887,1
0.5133162140846252,1
0.29366254806518555,1
0.4117390513420105,1
0.28571105003356934,1
0.25450795888900757,1
0.253719687461853,1
0.4310440719127655,1
0.32214516401290894,1
0.3580566346645355,1
0.11040245741605759,1
0.360821008682251,1
0.3810690641403198,1
0.41725194454193115,1
0.374924898147583,1
0.3955181837081909,1
0.21011413633823395,1
0.4430837333202362,1
0.3370043933391571,1
0.46680906414985657,1
0.33785736560821533,1
0.301837682723999,1
0.4029356837272644,1
0.5980193018913269,1
0.3207245469093323,1
0.3335144817829132,1
0.4630265235900879,1
0.3575794994831085,1
0.37939342856407166,1
0.5028120875358582,1
0.23674315214157104,1
0.44780784845352173,1
0.2821662425994873,1
0.4013344645500183,1
0.49761876463890076,1
0.3377140462398529,1
0.5710878372192383,1
0.21776694059371948,1
0.20098355412483215,1
0.19064578413963318,1
0.2920437157154083,1
0.3965522050857544,1
0.5409091711044312,1
0.26533734798431396,1
0.36533164978027344,1
0.31582096219062805,1
0.294755756855011,1
0.45432034134864807,1
0.24009068310260773,1
0.21350890398025513,1
0.5428325533866882,1
0.38120415806770325,1
0.2542034387588501,1
0.4323287010192871,1
0.35016778111457825,1
0.4737488925457001,1
0.31963586807250977,1
0.38765817880630493,1
0.40203845500946045,1
0.43771037459373474,1
0.5510950088500977,1
0.2461266815662384,1
0.5729743838310242,1
0.3239235281944275,1
0.3274051249027252,1
0.39893266558647156,1
0.19471684098243713,1
0.4396008551120758,1
0.35728657245635986,1
0.22030428051948547,1
0.3782399296760559,1
0.31860777735710144,1
0.4698392152786255,1
0.45950883626937866,1
0.3856009244918823,1
0.38127830624580383,1
0.2255568653345108,1
0.4609273076057434,1
0.3741731643676758,1
0.25417038798332214,1
0.7022402286529541,1
0.43758586049079895,1
0.5246130228042603,1
0.42437541484832764,1
0.26146677136421204,1
0.3383382558822632,1
0.4821735620498657,1
0.4893646240234375,1
0.37608739733695984,1
0.4670354723930359,1
0.38037237524986267,1
0.3146016001701355,1
0.5040097236633301,1
0.4139445126056671,1
0.3896120488643646,1
0.37397685647010803,1
0.3692920207977295,1
0.5942662358283997,1
0.5891258716583252,1
0.30997806787490845,1
0.2502625286579132,1
0.4055727422237396,1
0.3100712299346924,1
0.29544419050216675,1
0.2759166657924652,1
0.4697979688644409,1
0.45320168137550354,1
0.3109532296657562,1
0.38185930252075195,1
0.42785805463790894,1
0.506476879119873,1
0.15333452820777893,1
0.3579975962638855,1
0.2735272943973541,1
0.4090624451637268,1
0.46655067801475525,1
0.3332923650741577,1
0.28132110834121704,1
0.3107113540172577,1
0.2990082800388336,1
0.3155255615711212,1
0.30804216861724854,1
0.3002921938896179,1
0.5311612486839294,1
0.3053359091281891,1
0.5635131001472473,1
0.4158291220664978,1
0.23387445509433746,1
0.31399691104888916,1
0.36582091450691223,1
0.25165385007858276,1
0.43071845173835754,1
0.33410531282424927,1
0.37484005093574524,1
0.3630253076553345,1
0.2445080578327179,1
0.6166485548019409,1
0.3664814829826355,1
0.31717735528945923,1
0.4528608024120331,1
0.37660855054855347,1
0.5260962843894958,1
0.3452865779399872,1
0.6440817713737488,1
0.27131569385528564,1
0.3161821961402893,1
0.3666311204433441,1
0.3821549117565155,1
0.2968524992465973,1
0.3453313112258911,1
0.27974262833595276,1
0.26315635442733765,1
0.2619728446006775,1
0.3478313088417053,1
0.4637685716152191,1
0.39822420477867126,1
0.31369781494140625,1
0.3332482576370239,1
0.44606804847717285,1
0.31816565990448,1
0.24365487694740295,1
0.37773486971855164,1
0.15892183780670166,1
0.2002699375152588,1
0.36601459980010986,1
0.4045535624027252,1
0.37864577770233154,1
0.3856085240840912,1
0.3394008278846741,1
0.42965009808540344,1
0.45334455370903015,1
0.27077049016952515,1
0.3730519413948059,1
0.4167049527168274,1
0.3589298725128174,1
0.49496230483055115,1
0.4381851851940155,1
0.2509816288948059,1
0.48789292573928833,1
0.4012947976589203,1
0.30374735593795776,1
0.348022997379303,1
0.4126240015029907,1
0.3729438781738281,1
0.371243953704834,1
0.36700141429901123,1
0.30795231461524963,1
0.393969863653183,1
0.297588050365448,1
0.22273200750350952,1
0.31395021080970764,1
0.3294679522514343,1
0.35251742601394653,1
0.3698362708091736,1
0.3605805039405823,1
0.5631490349769592,1
0.37246161699295044,1
0.39383164048194885,1
0.35290542244911194,1
0.4832272529602051,1
0.40793442726135254,1
0.3641909658908844,1
0.3751293420791626,1
0.35420510172843933,1
0.3347928524017334,1
0.26334986090660095,1
0.27735036611557007,1
0.40529865026474,1
0.29177528619766235,1
0.5099434852600098,1
0.4556676149368286,1
0.44240283966064453,1
0.3945542275905609,1
0.4499386250972748,1
0.35590487718582153,1
0.31981921195983887,1
0.36548516154289246,1
0.26497727632522583,1
0.27589648962020874,1
0.3947650194168091,1
0.3788082003593445,1
0.44985824823379517,1
0.33240798115730286,1
0.23269127309322357,1
0.332180380821228,1
0.3498610258102417,1
0.5107039213180542,1
0.4027896821498871,1
0.3398516774177551,1
0.30809637904167175,1
0.22453425824642181,1
0.4310586750507355,1
0.2865968942642212,1
0.3094105124473572,1
0.36676058173179626,1
0.3749794065952301,1
0.45282289385795593,1
0.32755517959594727,1
0.3311968743801117,1
0.3135988414287567,1
0.4104675054550171,1
0.423725426197052,1
0.4412845969200134,1
0.5385414958000183,1
0.4232954680919647,1
0.6485181450843811,1
0.30186358094215393,1
0.49836471676826477,1
0.3009951114654541,1
0.35161092877388,1
0.45939648151397705,1
0.44105562567710876,1
0.31138741970062256,1
0.47257375717163086,1
0.3398330509662628,1
0.31278786063194275,1
0.5668520927429199,1
0.30880868434906006,1
0.14024969935417175,1
0.39895665645599365,1
0.35853609442710876,1
0.20799300074577332,1
0.37083736062049866,1
0.23148709535598755,1
0.4903072714805603,1
0.29219913482666016,1
0.4032713770866394,1
0.25458747148513794,1
0.3092338740825653,1
0.38601258397102356,1
0.2943076193332672,1
0.39050835371017456,1
0.4806985557079315,1
0.4487244486808777,1
0.27874529361724854,1
0.26932457089424133,1
0.23137205839157104,1
0.38942426443099976,1
0.40700581669807434,1
0.43082261085510254,1
0.3501085042953491,1
0.41239917278289795,1
0.4029083251953125,1
0.3374681770801544,1
0.3923459053039551,1
0.3246927857398987,1
0.3862878084182739,1
0.40002042055130005,1
0.44888830184936523,1
0.36055880784988403,1
0.3075273931026459,1
0.3149426579475403,1
0.3966909646987915,1
0.33667001128196716,1
0.4060603678226471,1
0.5393276214599609,1
0.5058679580688477,1
0.42707929015159607,1
0.5060681104660034,1
0.44466376304626465,1
0.32712623476982117,1
0.3573576509952545,1
0.2488168179988861,1
0.43542057275772095,1
0.301395982503891,1
0.6379492282867432,1
0.45506763458251953,1
0.5721449255943298,1
0.49381497502326965,1
0.3056870102882385,1
0.3367253243923187,1
0.28231173753738403,1
0.3437849283218384,1
0.47003841400146484,1
0.33697032928466797,1
0.2428174763917923,1
0.3619215786457062,1
0.4676317572593689,1
0.2927842438220978,1
0.47020602226257324,1
0.5104212760925293,1
0.305974543094635,1
0.4575079083442688,1
0.24788302183151245,1
0.330538809299469,1
0.5217707753181458,1
0.2812073826789856,1
0.3668650984764099,1
0.3448416292667389,1
0.3466991186141968,1
0.299452006816864,1
0.4505281448364258,1
0.34297168254852295,1
0.2963119149208069,1
0.21834756433963776,1
0.28563445806503296,1
0.28149542212486267,1
0.2971222400665283,1
0.2498851716518402,1
0.4846242666244507,1
0.5119584202766418,1
0.3205496072769165,1
0.35302793979644775,1
0.33537089824676514,1
0.5433027148246765,1
0.32478275895118713,1
0.49399086833000183,1
0.42897486686706543,1
0.3100678026676178,1
0.3392483592033386,1
0.4756387770175934,1
0.34965768456459045,1
0.3203522562980652,1
0.3350122570991516,1
0.41223540902137756,1
0.36898717284202576,1
0.3479577302932739,1
0.45910489559173584,1
0.4388890862464905,1
0.2851146459579468,1
0.2842590808868408,1
0.22937709093093872,1
0.40450412034988403,1
0.3337707817554474,1
0.25964802503585815,1
0.2653358280658722,1
0.34539058804512024,1
0.3707256317138672,1
0.33387309312820435,1
0.4715883135795593,1
0.47734367847442627,1
0.34820130467414856,1
