0.13108718395233154,1
0.16609206795692444,1
0.33751678466796875,1
0.16626162827014923,1
0.19964751601219177,1
0.2858859896659851,1
0.26363569498062134,1
0.15734508633613586,1
0.323175847530365,1
0.39122503995895386,1
0.07860082387924194,1
0.17246177792549133,1
0.10047335177659988,1
0.2556614279747009,1
0.08178776502609253,1
0.09890677034854889,1
0.059709660708904266,1
0.152816504240036,1
0.303891658782959,1
0.2511325180530548,1
0.19267743825912476,1
0.18475127220153809,1
0.18272219598293304,1
0.12731781601905823,1
0.20775267481803894,1
0.11295226961374283,1
0.11714740097522736,1
0.18915849924087524,1
0.19055137038230896,1
0.16036124527454376,1
0.1703188717365265,1
0.1581277847290039,1
0.24729789793491364,1
0.06569873541593552,1
0.14213064312934875,1
0.19904571771621704,1
0.2140975296497345,1
0.1200692355632782,1
0.1855486035346985,1
0.1724458485841751,1
0.14903995394706726,1
0.1946612298488617,1
0.16043171286582947,1
0.24374529719352722,1
0.1937868595123291,1
0.2705526053905487,1
0.23993152379989624,1
0.2150525450706482,1
0.19884046912193298,1
0.36140578985214233,1
0.11565838754177094,1
0.05546843260526657,1
0.14787213504314423,1
0.20976552367210388,1
0.16628208756446838,1
0.20114120841026306,1
0.08348144590854645,1
0.13221360743045807,1
0.13459932804107666,1
0.20596477389335632,1
0.16819119453430176,1
0.166330486536026,1
0.23563551902770996,1
0.1558031439781189,1
0.2021867334842682,1
0.23009325563907623,1
0.2909599542617798,1
0.2575949430465698,1
0.08864835649728775,1
0.31368446350097656,1
0.29685214161872864,1
0.18419964611530304,1
0.09356166422367096,1
0.1441982537508011,1
0.1511300504207611,1
0.22527214884757996,1
0.2558540105819702,1
0.21281450986862183,1
0.20352090895175934,1
0.17676375806331635,1
0.16968262195587158,1
0.19627974927425385,1
0.13205048441886902,1
0.2509170174598694,1
0.13557347655296326,1
0.12902429699897766,1
0.1667497456073761,1
0.1776457279920578,1
0.13388293981552124,1
0.23059134185314178,1
0.10597110539674759,1
0.2201094776391983,1
0.09593018889427185,1
0.22603166103363037,1
0.3113201856613159,1
0.25580671429634094,1
0.12619224190711975,1
0.1739465296268463,1
0.1009148508310318,1
0.158363476395607,1
0.2013378143310547,1
0.23026657104492188,1
0.1716112643480301,1
0.17322291433811188,1
0.1486818939447403,1
0.24709413945674896,1
0.2209831029176712,1
0.3116587996482849,1
0.20921456813812256,1
0.19875138998031616,1
0.2958281636238098,1
0.1651962399482727,1
0.25877344608306885,1
0.11951793730258942,1
0.141908198595047,1
0.1684928685426712,1
0.1763787716627121,1
0.32196417450904846,1
0.08593949675559998,1
0.15395644307136536,1
0.20549999177455902,1
0.2759742736816406,1
0.20457488298416138,1
0.08789638429880142,1
0.11181671917438507,1
0.2524472177028656,1
0.2616366147994995,1
0.19491592049598694,1
0.1950313150882721,1
0.3622669279575348,1
0.1316579133272171,1
0.1653716117143631,1
0.3140658736228943,1
0.19513410329818726,1
0.09389221668243408,1
0.15361854434013367,1
0.13468776643276215,1
0.140472874045372,1
0.20547780394554138,1
0.292741060256958,1
0.18035663664340973,1
0.25618216395378113,1
0.16511093080043793,1
0.236027330160141,1
0.30571261048316956,1
0.18896058201789856,1
0.09614470601081848,1
0.15480917692184448,1
0.044950827956199646,1
0.17999213933944702,1
0.21682438254356384,1
0.21755582094192505,1
0.15346400439739227,1
0.12214267998933792,1
0.2505369782447815,1
0.11180678009986877,1
0.1632400006055832,1
0.23444096744060516,1
0.1717076599597931,1
0.26974543929100037,1
0.09598328173160553,1
0.26393115520477295,1
0.34414875507354736,1
0.14359994232654572,1
0.11171897500753403,1
0.2672092020511627,1
0.1252066195011139,1
0.25191205739974976,1
0.2786647379398346,1
0.3028474748134613,1
0.11206983774900436,1
0.2595134377479553,1
0.20129430294036865,1
0.16123229265213013,1
0.14375460147857666,1
0.1635868400335312,1
0.19031918048858643,1
0.23107682168483734,1
0.22760790586471558,1
0.17332664132118225,1
0.21548429131507874,1
0.16380514204502106,1
0.14386901259422302,1
0.27185603976249695,1
0.19543218612670898,1
0.1592777669429779,1
0.12298513948917389,1
0.2316649854183197,1
0.07276444882154465,1
0.09909991174936295,1
0.07373659312725067,1
0.24671107530593872,1
0.10730010271072388,1
0.21366465091705322,1
0.12860150635242462,1
0.15687203407287598,1
0.13361236453056335,1
0.12983272969722748,1
0.1790812462568283,1
0.24024739861488342,1
0.1661107838153839,1
0.20720738172531128,1
0.12123379111289978,1
0.12802734971046448,1
0.08758030831813812,1
0.20273669064044952,1
0.2881177067756653,1
0.10389286279678345,1
0.20090821385383606,1
0.2081432044506073,1
0.11640818417072296,1
0.11939618736505508,1
0.08197125047445297,1
0.16951511800289154,1
0.24870099127292633,1
0.18002960085868835,1
0.3316512107849121,1
0.28888094425201416,1
0.12407587468624115,1
0.16975553333759308,1
0.3114638924598694,1
0.16896657645702362,1
0.19395259022712708,1
0.23140528798103333,1
0.20581719279289246,1
0.17405928671360016,1
0.1300974190235138,1
0.10517929494380951,1
0.24140119552612305,1
0.2187395542860031,1
0.11956112086772919,1
0.21390888094902039,1
0.07603276520967484,1
0.2850247025489807,1
0.21612080931663513,1
0.24822485446929932,1
0.14013013243675232,1
0.2992226183414459,1
0.22333215177059174,1
0.1158442273736,1
0.23576679825782776,1
0.15203368663787842,1
0.1627553105354309,1
0.27914631366729736,1
0.127968892455101,1
0.14731809496879578,1
0.23950672149658203,1
0.1976325511932373,1
0.12331508100032806,1
0.34288543462753296,1
0.1661492884159088,1
0.2444257140159607,1
0.10575666278600693,1
0.13955597579479218,1
0.20863232016563416,1
0.14341723918914795,1
0.24181218445301056,1
0.2420150637626648,1
0.18924807012081146,1
0.13346166908740997,1
0.17921660840511322,1
0.1309109330177307,1
0.2906879782676697,1
0.21537810564041138,1
0.13475041091442108,1
0.08732393383979797,1
0.11419349163770676,1
0.14679193496704102,1
0.2928433418273926,1
0.15590927004814148,1
0.13361871242523193,1
0.051143139600753784,1
0.25498563051223755,1
0.14280128479003906,1
0.22663593292236328,1
0.18662339448928833,1
0.15260663628578186,1
0.13132593035697937,1
0.19569168984889984,1
0.25208014249801636,1
0.16650508344173431,1
0.20146875083446503,1
0.24525487422943115,1
0.25393640995025635,1
0.09213182330131531,1
0.19216372072696686,1
0.15633834898471832,1
0.13883338868618011,1
0.20792663097381592,1
0.14512845873832703,1
0.1568506360054016,1
0.19763685762882233,1
0.19553616642951965,1
0.15103091299533844,1
0.24319055676460266,1
0.11587319523096085,1
0.16992804408073425,1
0.2792362868785858,1
0.41685062646865845,1
0.12197941541671753,1
0.16171106696128845,1
0.2793632447719574,1
0.20244891941547394,1
0.21865835785865784,1
0.11998099088668823,1
0.18306167423725128,1
0.333031564950943,1
0.23323209583759308,1
0.2516867220401764,1
0.29578420519828796,1
0.08685712516307831,1
0.2812991142272949,1
0.13785189390182495,1
0.1210501417517662,1
0.13272497057914734,1
0.3379424512386322,1
0.3017752766609192,1
0.14181537926197052,1
0.14599964022636414,1
0.2213709056377411,1
0.09942056238651276,1
0.23887619376182556,1
0.17505037784576416,1
0.17916402220726013,1
0.10614029318094254,1
0.12353041023015976,1
0.25256749987602234,1
0.2077137976884842,1
0.26600736379623413,1
0.26700979471206665,1
0.11695070564746857,1
0.18679285049438477,1
0.11910335719585419,1
0.21875518560409546,1
0.1501987874507904,1
0.1557157188653946,1
0.2834194302558899,1
0.20081914961338043,1
0.1889038234949112,1
0.04962228983640671,1
0.19408400356769562,1
0.11223801970481873,1
0.16893985867500305,1
0.20770341157913208,1
0.206986665725708,1
0.27226656675338745,1
0.09996536374092102,1
0.23070260882377625,1
0.248978853225708,1
0.28589051961898804,1
0.17052417993545532,1
0.2299095243215561,1
0.18565353751182556,1
0.1207011342048645,1
0.2570602595806122,1
0.15313975512981415,1
0.3305673897266388,1
0.21451114118099213,1
0.16853585839271545,1
0.20103095471858978,1
0.06491478532552719,1
0.11306781321763992,1
0.26162928342819214,1
0.1476110965013504,1
0.225549578666687,1
0.16046908497810364,1
0.23913350701332092,1
0.17002052068710327,1
0.060711175203323364,1
0.21493664383888245,1
0.18358154594898224,1
0.2619006335735321,1
0.22838202118873596,1
0.16973231732845306,1
0.1280684769153595,1
0.36775168776512146,1
0.20052260160446167,1
0.07430663704872131,1
0.19651979207992554,1
0.1102399230003357,1
0.3348005712032318,1
0.1689683347940445,1
0.2828134298324585,1
0.1917300820350647,1
0.15033355355262756,1
0.13402202725410461,1
0.22656214237213135,1
0.16753023862838745,1
0.14622309803962708,1
0.13317987322807312,1
0.1297941505908966,1
0.24483241140842438,1
0.16189581155776978,1
0.12589828670024872,1
0.09800927340984344,1
0.29546916484832764,1
0.12768808007240295,1
0.07361702620983124,1
0.1948648989200592,1
0.12615807354450226,1
0.15931832790374756,1
0.17076706886291504,1
0.22082875669002533,1
0.20821022987365723,1
0.14872556924819946,1
0.10652727633714676,1
0.2270079404115677,1
0.24903583526611328,1
0.1767703741788864,1
0.11266468465328217,1
0.20417755842208862,1
0.10741183906793594,1
0.2354486584663391,1
0.10901922732591629,1
0.2142772376537323,1
0.21692414581775665,1
0.12726981937885284,1
0.28899136185646057,1
0.08682548999786377,1
0.20612111687660217,1
0.22560086846351624,1
0.26309818029403687,1
0.2644890546798706,1
0.2276115119457245,1
0.10271228849887848,1
0.18682065606117249,1
0.16281893849372864,1
0.14095132052898407,1
0.20659571886062622,1
0.16033022105693817,1
0.20701450109481812,1
0.2544204592704773,1
0.10268473625183105,1
0.11293116211891174,1
0.09684290736913681,1
0.3353588581085205,1
0.17905229330062866,1
0.18417522311210632,1
0.32807207107543945,1
0.14159542322158813,1
0.14645259082317352,1
0.10176509618759155,1
0.27698224782943726,1
0.2462853193283081,1
0.4020940661430359,1
0.1019807755947113,1
0.1759491264820099,1
0.19173532724380493,1
0.12108419835567474,1
0.235946923494339,1
0.26719844341278076,1
0.3827921748161316,1
0.215082049369812,1
0.11696800589561462,1
0.18975132703781128,1
0.16473157703876495,1
0.18404412269592285,1
0.14212749898433685,1
0.07258488982915878,1
0.08505627512931824,1
0.103840671479702,1
0.2958330810070038,1
0.17427006363868713,1
0.09991055727005005,1
0.23777158558368683,1
0.20337890088558197,1
0.0920642614364624,1
0.2926565110683441,1
0.2410752773284912,1
0.15969246625900269,1
0.18222665786743164,1
0.26847779750823975,1
0.22858378291130066,1
0.23701027035713196,1
0.04088643193244934,1
0.22589446604251862,1
0.18758933246135712,1
0.20463493466377258,1
0.16119518876075745,1
0.24560417234897614,1
0.1119256317615509,1
0.16604797542095184,1
0.3692157566547394,1
0.1604793220758438,1
0.25677528977394104,1
0.1187746599316597,1
0.10217177122831345,1
0.14475971460342407,1
0.1664617657661438,1
0.15618184208869934,1
0.13242380321025848,1
0.31665337085723877,1
0.21786001324653625,1
0.30686283111572266,1
0.08076971769332886,1
0.17811241745948792,1
0.30689868330955505,1
0.10180294513702393,1
0.14817485213279724,1
0.04932786896824837,1
0.23538045585155487,1
0.17279291152954102,1
0.17582431435585022,1
0.31508374214172363,1
0.19938376545906067,1
0.11803160607814789,1
0.28703248500823975,1
0.26876530051231384,1
0.2526305019855499,1
0.055872004479169846,1
0.14702674746513367,1
0.16662518680095673,1
0.22763700783252716,1
0.20860736072063446,1
0.38216841220855713,1
0.1748766005039215,1
0.11885625123977661,1
0.07989746332168579,1
0.3097599148750305,1
0.2967597246170044,1
0.26876965165138245,1
0.1181965321302414,1
0.23319031298160553,1
0.1100369468331337,1
0.18192598223686218,1
0.13017721474170685,1
0.12810933589935303,1
0.08688168227672577,1
0.33472099900245667,1
0.19421182572841644,1
0.2598033547401428,1
0.1302313208580017,1
0.13750004768371582,1
0.18948200345039368,1
0.208059623837471,1
0.2531273663043976,1
0.11466968059539795,1
0.0994662493467331,1
0.18565696477890015,1
0.26460546255111694,1
0.26187780499458313,1
0.11178819835186005,1
0.15843190252780914,1
0.11489192396402359,1
0.17742735147476196,1
0.1755276620388031,1
0.15141382813453674,1
0.1461123377084732,1
0.10724574327468872,1
0.2846287190914154,1
0.21590352058410645,1
0.19319438934326172,1
0.14516162872314453,1
0.10205131024122238,1
0.25145190954208374,1
0.06452326476573944,1
0.17403393983840942,1
0.08181901276111603,1
0.20896819233894348,1
0.2936743199825287,1
0.22873257100582123,1
0.1903383433818817,1
0.1542101800441742,1
0.17979362607002258,1
0.3008202314376831,1
0.1615118682384491,1
0.1981504261493683,1
0.2148319035768509,1
0.1990760862827301,1
0.24898076057434082,1
0.23604373633861542,1
0.1928153932094574,1
0.18659812211990356,1
0.09056219458580017,1
0.09534159302711487,1
0.34679660201072693,1
0.11663716286420822,1
0.13090908527374268,1
0.19144248962402344,1
0.11310124397277832,1
0.11082475632429123,1
0.2108193039894104,1
0.16060428321361542,1
0.11154472082853317,1
0.16509975492954254,1
0.20608839392662048,1
0.09665024280548096,1
0.21515759825706482,1
0.24531757831573486,1
0.15990611910820007,1
0.25343793630599976,1
0.12562817335128784,1
0.18590395152568817,1
0.05860907956957817,1
0.26704809069633484,1
0.15485528111457825,1
0.21644659340381622,1
0.13962066173553467,1
0.13512039184570313,1
0.21291013062000275,1
0.06697265803813934,1
0.19256097078323364,1
0.185835063457489,1
0.1171085387468338,1
0.31572088599205017,1
0.0881480947136879,1
0.17163680493831635,1
0.20756301283836365,1
0.1771378219127655,1
0.22569307684898376,1
0.2709466814994812,1
0.12056421488523483,1
0.1824435442686081,1
0.36142587661743164,1
0.1729656159877777,1
0.11006432771682739,1
0.060159243643283844,1
0.20762822031974792,1
0.10732436180114746,1
0.15999071300029755,1
0.21387529373168945,1
0.13903093338012695,1
0.3360125422477722,1
0.2366541177034378,1
0.2137911021709442,1
0.2322147786617279,1
0.08438832312822342,1
0.11287029087543488,1
0.14447292685508728,1
0.16707448661327362,1
0.09698915481567383,1
0.20673494040966034,1
0.0901089459657669,1
0.1548154503107071,1
0.09139947593212128,1
0.1268361508846283,1
0.21779756247997284,1
0.30822935700416565,1
0.182066410779953,1
0.27774542570114136,1
0.2383890300989151,1
0.18555015325546265,1
0.18072150647640228,1
0.13368456065654755,1
0.12533749639987946,1
0.23555099964141846,1
0.21857795119285583,1
0.1097279042005539,1
0.2252890169620514,1
0.08349335938692093,1
0.1567961871623993,1
0.1133987158536911,1
0.10195412486791611,1
0.15845279395580292,1
0.19227609038352966,1
0.21507805585861206,1
0.09015216678380966,1
0.16329756379127502,1
0.6176667809486389,1
0.26990413665771484,1
0.039263106882572174,1
0.17614346742630005,1
0.21838568150997162,1
0.10132315754890442,1
0.08539360016584396,1
0.17651525139808655,1
0.07030707597732544,1
0.24327775835990906,1
0.2729693055152893,1
0.18426591157913208,1
0.08686143904924393,1
0.2604949474334717,1
0.15076208114624023,1
0.16933108866214752,1
0.24792450666427612,1
0.1602632701396942,1
0.1575041264295578,1
0.19798655807971954,1
0.2416001707315445,1
0.18163533508777618,1
0.19275151193141937,1
0.172505185008049,1
0.11341441422700882,1
0.22138386964797974,1
0.07664119452238083,1
0.25030195713043213,1
0.10224579274654388,1
0.05769122764468193,1
0.12712523341178894,1
0.22489431500434875,1
0.08136607706546783,1
0.12734344601631165,1
0.31531721353530884,1
0.22707927227020264,1
0.08936908096075058,1
0.09591005742549896,1
0.08868285268545151,1
0.20380333065986633,1
0.10794001072645187,1
0.23347580432891846,1
0.24428415298461914,1
0.2130311131477356,1
0.1815861463546753,1
0.07360205054283142,1
0.2499389946460724,1
0.13307161629199982,1
0.32515496015548706,1
0.164642795920372,1
0.08492352068424225,1
0.10053017735481262,1
0.21294322609901428,1
0.19689767062664032,1
0.18165242671966553,1
0.2735065817832947,1
0.2655092477798462,1
0.1338687539100647,1
0.10839182138442993,1
0.1878938525915146,1
0.2234582006931305,1
0.1578887403011322,1
0.22882011532783508,1
0.10660496354103088,1
0.0880868136882782,1
0.2832420766353607,1
0.17660804092884064,1
0.15562014281749725,1
0.26009756326675415,1
0.08768528699874878,1
0.18557879328727722,1
0.22846359014511108,1
0.04251665621995926,1
0.21811982989311218,1
0.18724212050437927,1
0.17690570652484894,1
0.11886925995349884,1
0.10737833380699158,1
0.26819121837615967,1
0.3436262309551239,1
0.181396946310997,1
0.11881082504987717,1
0.08825978636741638,1
0.4372311532497406,1
0.2589619755744934,1
0.0798167809844017,1
0.35756081342697144,1
0.17366735637187958,1
0.24581289291381836,1
0.18555697798728943,1
0.4173148274421692,1
0.12397997081279755,1
0.08286875486373901,1
0.1274597942829132,1
0.21809659898281097,1
0.2676793038845062,1
0.12395210564136505,1
0.17277389764785767,1
0.09845667332410812,1
0.1391916424036026,1
0.07211781293153763,1
0.29728785157203674,1
0.1322823464870453,1
0.26454323530197144,1
0.11447340250015259,1
0.2018745243549347,1
0.2727765142917633,1
0.14345961809158325,1
0.17926669120788574,1
0.14734867215156555,1
0.2113385647535324,1
0.2462117224931717,1
0.17900216579437256,1
0.225925475358963,1
0.17536841332912445,1
0.09585119783878326,1
0.10785873234272003,1
0.17053638398647308,1
0.12653076648712158,1
0.15103982388973236,1
0.18983742594718933,1
0.15664634108543396,1
0.2363882064819336,1
0.23413211107254028,1
0.28193289041519165,1
0.17547406256198883,1
0.12799659371376038,1
0.08031053841114044,1
0.1713351011276245,1
0.20299766957759857,1
0.3288138806819916,1
0.4114525616168976,1
0.18795496225357056,1
0.2787858843803406,1
0.1911623179912567,1
0.25156331062316895,1
0.20595362782478333,1
0.149999737739563,1
0.1616613268852234,1
0.11450062692165375,1
0.29329270124435425,1
0.24950110912322998,1
0.2560606598854065,1
0.1693097949028015,1
0.24453090131282806,1
0.16705012321472168,1
0.22228670120239258,1
0.22837910056114197,1
0.2989850640296936,1
0.11291594058275223,1
0.26477834582328796,1
0.219442218542099,1
0.09033120423555374,1
0.2209109365940094,1
0.2965877950191498,1
0.2498825490474701,1
0.19198867678642273,1
0.11987923085689545,1
0.1557091921567917,1
0.3076581358909607,1
0.1324409693479538,1
0.21102024614810944,1
0.3236234784126282,1
0.19934135675430298,1
0.2805447578430176,1
0.1752939224243164,1
0.12816135585308075,1
0.26712098717689514,1
0.11313213407993317,1
0.1589849293231964,1
0.2156876027584076,1
0.3585328459739685,1
0.3021475076675415,1
0.22711510956287384,1
0.2811133861541748,1
0.14532378315925598,1
0.13159289956092834,1
0.20398816466331482,1
0.1866341233253479,1
0.11264527589082718,1
0.21924519538879395,1
0.23811857402324677,1
0.08270781487226486,1
0.13329438865184784,1
0.14002244174480438,1
0.2988143563270569,1
0.126615509390831,1
0.15126821398735046,1
0.19650417566299438,1
0.08704405277967453,1
0.18120557069778442,1
0.10290317982435226,1
0.19137397408485413,1
0.16114169359207153,1
0.16637736558914185,1
0.1346975415945053,1
0.09074453264474869,1
0.1761329472064972,1
0.3145758807659149,1
0.1226595789194107,1
0.17532920837402344,1
0.22364245355129242,1
0.1118413507938385,1
0.18147142231464386,1
0.06025903299450874,1
0.1318037062883377,1
0.25073903799057007,1
0.14757001399993896,1
0.20695613324642181,1
0.23913851380348206,1
0.18038596212863922,1
0.3386751115322113,1
0.23117828369140625,1
0.19414010643959045,1
0.19080455601215363,1
0.15442180633544922,1
0.21336132287979126,1
0.1517726480960846,1
0.06329662352800369,1
0.1393125057220459,1
0.1339932382106781,1
0.20134776830673218,1
0.40133941173553467,1
0.39938998222351074,1
0.183441162109375,1
0.3099002242088318,1
0.13711243867874146,1
0.1527121663093567,1
0.162512868642807,1
0.05021319538354874,1
0.14805583655834198,1
0.1356760859489441,1
0.13398586213588715,1
0.17265643179416656,1
0.20213334262371063,1
0.10383321344852448,1
0.24252727627754211,1
0.1878993660211563,1
0.13805241882801056,1
0.07949559390544891,1
0.1202704906463623,1
0.1093130111694336,1
0.24454563856124878,1
0.23808956146240234,1
0.3051832914352417,1
0.25951898097991943,1
0.16911450028419495,1
0.1274319887161255,1
0.23394036293029785,1
0.1467876434326172,1
0.08891892433166504,1
0.14228983223438263,1
0.1488269567489624,1
0.18067733943462372,1
0.331012099981308,1
0.14645040035247803,1
0.1031438559293747,1
0.19350886344909668,1
0.15305276215076447,1
0.23385854065418243,1
0.14602559804916382,1
0.14652210474014282,1
0.2844356298446655,1
0.22967708110809326,1
0.23369060456752777,1
0.13397276401519775,1
0.14452357590198517,1
0.15787693858146667,1
0.17436859011650085,1
0.15883590281009674,1
0.11778921633958817,1
0.21551740169525146,1
0.16834989190101624,1
0.15479165315628052,1
0.334537535905838,1
0.2995087504386902,1
0.18373487889766693,1
0.09154149889945984,1
0.08231854438781738,1
0.3344239592552185,1
0.23391851782798767,1
0.14027366042137146,1
0.06470496952533722,1
0.1939704418182373,1
0.24115408957004547,1
0.17138154804706573,1
0.11719642579555511,1
0.19898074865341187,1
0.2909771800041199,1
0.13280104100704193,1
0.12180432677268982,1
0.20380815863609314,1
0.15810100734233856,1
0.15813946723937988,1
0.3128639757633209,1
0.16643106937408447,1
0.19489556550979614,1
0.1654384434223175,1
0.11117351800203323,1
0.19071021676063538,1
0.17635969817638397,1
0.22947637736797333,1
0.16989564895629883,1
0.26796913146972656,1
0.19741716980934143,1
0.09258992969989777,1
0.27986782789230347,1
0.1675809919834137,1
0.1540720909833908,1
0.116925448179245,1
0.13233578205108643,1
0.2022324949502945,1
0.20402155816555023,1
0.13598451018333435,1
0.08484360575675964,1
0.16981256008148193,1
0.11619466543197632,1
0.2308613508939743,1
0.3223128020763397,1
0.23631635308265686,1
0.17188236117362976,1
0.370492160320282,1
0.33637169003486633,1
0.2340455800294876,1
0.24315416812896729,1
0.18811620771884918,1
0.17965318262577057,1
0.08290959894657135,1
0.09360910207033157,1
0.13391843438148499,1
0.08955605328083038,1
0.171291321516037,1
0.17437860369682312,1
0.16918377578258514,1
0.2325180470943451,1
0.18245266377925873,1
0.12854915857315063,1
0.18801277875900269,1
0.18913301825523376,1
0.21646174788475037,1
0.18911343812942505,1
0.1286812573671341,1
0.09335647523403168,1
0.08006802201271057,1
0.19495666027069092,1
0.1568809300661087,1
0.17670795321464539,1
0.07957376539707184,1
0.2770470976829529,1
0.0495171993970871,1
0.39481115341186523,1
0.21419548988342285,1
0.1148948073387146,1
0.21042782068252563,1
0.27760449051856995,1
0.26437002420425415,1
0.11553099751472473,1
0.20697595179080963,1
0.1430557370185852,1
0.2700038254261017,1
0.11632803082466125,1
0.2234511375427246,1
0.3459908962249756,1
0.08556117117404938,1
0.09358188509941101,1
0.08714364469051361,1
0.18476098775863647,1
0.2203558087348938,1
0.07856840640306473,1
0.24492299556732178,1
0.2043800801038742,1
0.26837846636772156,1
0.20535841584205627,1
0.16211384534835815,1
0.19707202911376953,1
0.24015027284622192,1
0.2496124655008316,1
0.1734781563282013,1
0.3291884958744049,1
0.0811973363161087,1
0.2783447504043579,1
0.18488794565200806,1
0.3442499041557312,1
0.19231164455413818,1
0.13151249289512634,1
0.33954763412475586,1
0.258825421333313,1
0.37587109208106995,1
0.15421946346759796,1
0.20927655696868896,1
0.21530333161354065,1
0.2512287199497223,1
0.26867184042930603,1
0.05209251865744591,1
0.1814686357975006,1
0.2610164284706116,1
0.06661144644021988,1
0.13294298946857452,1
0.1393645852804184,1
0.1471964567899704,1
0.059678815305233,1
0.18288809061050415,1
0.11056548357009888,1
0.13237595558166504,1
0.1189706102013588,1
0.18962699174880981,1
0.2397823929786682,1
0.22912830114364624,1
0.19440320134162903,1
0.10221628844738007,1
0.11814824491739273,1
0.20429584383964539,1
0.20401012897491455,1
0.17050841450691223,1
0.1605258733034134,1
0.1294049620628357,1
0.20286554098129272,1
0.32022756338119507,1
0.1445697546005249,1
0.08750006556510925,1
0.1417803168296814,1
0.3326808214187622,1
0.22795628011226654,1
0.21033123135566711,1
0.14971426129341125,1
0.20412500202655792,1
0.1643732190132141,1
0.1672838032245636,1
0.12665846943855286,1
0.08667102456092834,1
0.15375611186027527,1
0.21576587855815887,1
0.2791827619075775,1
0.2225363552570343,1
0.13567915558815002,1
0.16072940826416016,1
0.09213577955961227,1
0.15201444923877716,1
0.3269776701927185,1
0.1615942418575287,1
0.17254705727100372,1
0.3141431212425232,1
0.2347993552684784,1
0.22097089886665344,1
0.21086984872817993,1
0.10703442990779877,1
0.30480843782424927,1
0.13159939646720886,1
0.29353994131088257,1
0.11570048332214355,1
0.12294641137123108,1
0.3435889184474945,1
0.17655031383037567,1
0.18392504751682281,1
0.23707778751850128,1
0.12668123841285706,1
0.25447916984558105,1
0.2605665922164917,1
0.12315113097429276,1
0.0928146243095398,1
0.13595044612884521,1
0.1246817484498024,1
0.2022312581539154,1
0.19606196880340576,1
0.1592574119567871,1
0.09011882543563843,1
0.20076772570610046,1
0.1439647674560547,1
0.14410121738910675,1
0.11090210825204849,1
0.09423317015171051,1
0.16303913295269012,1
0.17327536642551422,1
0.1538211703300476,1
0.07201582938432693,1
0.13365191221237183,1
0.1563965082168579,1
0.1107202023267746,1
0.1330750435590744,1
0.09818287193775177,1
0.17423605918884277,1
0.18002969026565552,1
0.10546434670686722,1
0.14612896740436554,1
0.21979454159736633,1
0.10988909006118774,1
0.08301866054534912,1
0.19087426364421844,1
0.1518496423959732,1
0.11499117314815521,1
0.2397432029247284,1
0.21728232502937317,1
0.12523363530635834,1
0.09223472326993942,1
0.1279217004776001,1
0.09890130907297134,1
0.28339117765426636,1
0.0402267649769783,1
0.1409798562526703,1
0.1333015263080597,1
0.06146809458732605,1
0.20972642302513123,1
0.15902267396450043,1
0.23080086708068848,1
0.14449834823608398,1
0.18642811477184296,1
0.1546444445848465,1
0.12016960978507996,1
0.1645057201385498,1
0.20384415984153748,1
0.2568911910057068,1
0.12648922204971313,1
0.10463377833366394,1
0.13752257823944092,1
0.13360713422298431,1
0.16263015568256378,1
0.14354227483272552,1
0.13460296392440796,1
0.11947435140609741,1
0.1235492080450058,1
0.3581947088241577,1
0.2437671422958374,1
0.21883003413677216,1
0.18599385023117065,1
0.13839013874530792,1
0.16082336008548737,1
0.12238804996013641,1
0.4703204333782196,1
0.09597964584827423,1
0.2073170244693756,1
0.13178560137748718,1
0.17116811871528625,1
0.1478627622127533,1
0.1884869933128357,1
0.12788796424865723,1
0.17506606876850128,1
0.10874487459659576,1
0.15760499238967896,1
0.14744700491428375,1
0.34405529499053955,1
0.129263773560524,1
0.09563202410936356,1
0.308381050825119,1
0.13434748351573944,1
0.15487676858901978,1
0.11669667065143585,1
0.24348492920398712,1
0.2003059983253479,1
0.1944424957036972,1
0.15656118094921112,1
0.10804648697376251,1
0.20493610203266144,1
0.148095041513443,1
0.3225327134132385,1
0.354679137468338,1
0.0648115798830986,1
0.11722297966480255,1
0.13871584832668304,1
0.25438445806503296,1
0.2642466127872467,1
0.15430796146392822,1
0.18914425373077393,1
0.16821922361850739,1
0.0809113159775734,1
0.13799263536930084,1
0.21091660857200623,1
0.16344672441482544,1
0.17852157354354858,1
0.0534563846886158,1
0.327649861574173,1
0.14496855437755585,1
0.3428240418434143,1
0.21332374215126038,1
0.38114112615585327,1
0.2104077935218811,1
0.16885364055633545,1
0.03821982070803642,1
0.055486805737018585,1
0.10514314472675323,1
0.15498507022857666,1
0.12385792285203934,1
0.12603077292442322,1
0.18316110968589783,1
0.21145398914813995,1
0.18151675164699554,1
0.19630804657936096,1
0.15118154883384705,1
0.12395501136779785,1
0.20392461121082306,1
0.07887792587280273,1
0.17520596086978912,1
0.10086072236299515,1
0.20329689979553223,1
0.11763232946395874,1
0.22118259966373444,1
0.13591212034225464,1
0.32772591710090637,1
0.18579719960689545,1
0.3948202133178711,1
0.1806950867176056,1
0.12198658287525177,1
0.12324691563844681,1
0.19481316208839417,1
0.1552891731262207,1
0.10362237691879272,1
0.15770898759365082,1
0.16933783888816833,1
0.1695663034915924,1
0.12288914620876312,1
0.1477593630552292,1
0.3348783552646637,1
0.17239326238632202,1
0.13072334229946136,1
0.08668335527181625,1
0.21945926547050476,1
0.3422599732875824,1
0.21636535227298737,1
0.1305983066558838,1
0.18919017910957336,1
0.19500508904457092,1
0.06509863585233688,1
0.29887086153030396,1
0.10030564665794373,1
0.14924883842468262,1
0.2211778461933136,1
0.14490757882595062,1
0.1441497802734375,1
0.15731723606586456,1
0.1895202100276947,1
0.13998310267925262,1
0.2088276445865631,1
0.15179762244224548,1
0.18219995498657227,1
0.18478694558143616,1
0.0939348042011261,1
0.12823528051376343,1
0.2104201316833496,1
0.23282885551452637,1
0.13573546707630157,1
0.10399024188518524,1
0.15141896903514862,1
0.1334412842988968,1
0.18320882320404053,1
0.12471635639667511,1
0.10659173876047134,1
0.1957046538591385,1
0.1711748242378235,1
0.10705120861530304,1
0.11395984143018723,1
0.13816092908382416,1
0.13970935344696045,1
0.0881904810667038,1
0.17665204405784607,1
0.24905304610729218,1
0.08452823013067245,1
0.363933801651001,1
0.10544845461845398,1
0.10451934486627579,1
0.1920241117477417,1
0.12855756282806396,1
0.12645389139652252,1
0.1937096118927002,1
0.23674826323986053,1
0.20120076835155487,1
0.1345127373933792,1
0.26423007249832153,1
0.1485280692577362,1
0.1556015908718109,1
0.23304015398025513,1
0.44294700026512146,1
0.36936861276626587,1
0.17201773822307587,1
0.17350882291793823,1
0.18505698442459106,1
0.17707459628582,1
0.1570180058479309,1
0.27759048342704773,1
0.19631323218345642,1
0.17096272110939026,1
0.21713504195213318,1
0.10766799002885818,1
0.11540895700454712,1
0.1575290560722351,1
0.09876181185245514,1
0.18416456878185272,1
0.3187766671180725,1
0.4392819404602051,1
0.17367985844612122,1
0.1876625120639801,1
0.15635089576244354,1
0.09565479308366776,1
0.13706663250923157,1
0.09772014617919922,1
0.2479616403579712,1
0.214250385761261,1
0.07249399274587631,1
0.12674403190612793,1
0.17272470891475677,1
0.07982547581195831,1
0.20869868993759155,1
0.21650248765945435,1
0.24554648995399475,1
0.1150701642036438,1
0.27069154381752014,1
0.12440109997987747,1
0.1945163905620575,1
0.19998419284820557,1
0.11717481911182404,1
0.23297584056854248,1
0.40619903802871704,1
0.12870527803897858,1
0.13952142000198364,1
0.06847810000181198,1
0.133620947599411,1
0.12426206469535828,1
0.1769881397485733,1
0.07175416499376297,1
0.08147238194942474,1
0.1659690886735916,1
0.14856047928333282,1
0.2720090448856354,1
0.0963124930858612,1
0.16136623919010162,1
0.11815471202135086,1
0.08738868683576584,1
0.29315388202667236,1
0.26432034373283386,1
0.12585653364658356,1
0.11307424306869507,1
0.17842575907707214,1
0.1256638765335083,1
0.10702596604824066,1
0.1643403172492981,1
0.16674789786338806,1
0.05640304088592529,1
0.12381058931350708,1
0.20774726569652557,1
0.18573354184627533,1
0.1929910033941269,1
0.23598283529281616,1
0.2382938414812088,1
0.13109132647514343,1
0.08088022470474243,1
0.1291368305683136,1
0.24187307059764862,1
0.3832615613937378,1
0.23374494910240173,1
0.17197012901306152,1
0.1926088035106659,1
0.09757619351148605,1
0.2192259132862091,1
0.13456128537654877,1
0.17272424697875977,1
0.36453449726104736,1
0.17483338713645935,1
0.35208839178085327,1
0.11361313611268997,1
0.11817699670791626,1
0.3435419797897339,1
0.1294289529323578,1
0.16401813924312592,1
0.14400680363178253,1
0.18750426173210144,1
0.3914670944213867,1
0.3497242033481598,1
0.26664111018180847,1
0.17170116305351257,1
0.06085965037345886,1
0.1281799077987671,1
0.13248419761657715,1
0.23295697569847107,1
0.15227404236793518,1
0.1069319099187851,1
0.11617645621299744,1
0.1791272759437561,1
0.15582169592380524,1
0.22099584341049194,1
0.2194167673587799,1
0.1598384529352188,1
0.17266932129859924,1
0.11567481607198715,1
0.19194546341896057,1
0.1117720752954483,1
0.09210343658924103,1
0.048408396542072296,1
0.2626033425331116,1
0.1160823255777359,1
0.09430587291717529,1
0.12115585803985596,1
0.3322847783565521,1
0.1546896994113922,1
0.30083808302879333,1
0.2849031388759613,1
0.154156893491745,1
0.12411069124937057,1
0.12307625263929367,1
0.14846763014793396,1
0.12057121098041534,1
0.13964349031448364,1
0.15891113877296448,1
0.15800532698631287,1
0.05373036488890648,1
0.09670761227607727,1
0.22720322012901306,1
0.12948663532733917,1
0.13442455232143402,1
0.17547807097434998,1
0.1263866126537323,1
0.10970471799373627,1
0.2397821843624115,1
0.22252023220062256,1
0.09901708364486694,1
0.14406909048557281,1
0.2437625229358673,1
0.2956448197364807,1
0.12330885231494904,1
0.09455380588769913,1
0.13526472449302673,1
0.217471182346344,1
0.16356614232063293,1
0.045216575264930725,1
0.2897387146949768,1
0.10848800837993622,1
0.1626884639263153,1
0.17378492653369904,1
0.19299282133579254,1
0.08867785334587097,1
0.08226551115512848,1
0.22215673327445984,1
0.11669105291366577,1
0.1640602946281433,1
0.1939135491847992,1
0.3153718411922455,1
0.09117518365383148,1
0.1102142184972763,1
0.16805867850780487,1
0.34390789270401,1
0.239375501871109,1
0.23464806377887726,1
0.21156315505504608,1
0.15760625898838043,1
0.10974030196666718,1
0.1638612449169159,1
0.04846779629588127,1
0.16176044940948486,1
0.1826673150062561,1
0.10892680287361145,1
0.10610559582710266,1
0.24715439975261688,1
0.27424001693725586,1
0.14016273617744446,1
0.17478077113628387,1
0.21879273653030396,1
0.11212673783302307,1
0.16977667808532715,1
0.23724773526191711,1
0.22014988958835602,1
0.14608322083950043,1
0.10987573862075806,1
0.1980336457490921,1
0.19155029952526093,1
0.3967125415802002,1
0.15717735886573792,1
0.1846773326396942,1
0.10861237347126007,1
0.2337614893913269,1
0.1368197351694107,1
0.09479322284460068,1
0.06327630579471588,1
0.17814423143863678,1
0.10076475888490677,1
0.13956709206104279,1
0.23618963360786438,1
0.1420515477657318,1
0.18975356221199036,1
0.16835010051727295,1
0.29272234439849854,1
0.12366237491369247,1
0.4355819821357727,1
0.09927929192781448,1
0.12936915457248688,1
0.1144578829407692,1
0.14199455082416534,1
0.12320995330810547,1
0.22928065061569214,1
0.13312076032161713,1
0.10919375717639923,1
0.34034132957458496,1
0.11460567265748978,1
0.36544227600097656,1
0.14017212390899658,1
0.22832360863685608,1
0.14346350729465485,1
0.09903774410486221,1
0.11555074900388718,1
0.15081506967544556,1
0.179062619805336,1
0.5278555750846863,1
0.07497511804103851,1
0.13340207934379578,1
0.24704356491565704,1
0.10145562142133713,1
0.06328999996185303,1
0.24501824378967285,1
0.1883157342672348,1
0.26882076263427734,1
0.26369336247444153,1
0.31141266226768494,1
0.4287263751029968,1
0.16174104809761047,1
0.12082013487815857,1
0.12470667064189911,1
0.08320391178131104,1
0.14746931195259094,1
0.1684386432170868,1
0.17454226315021515,1
0.15079087018966675,1
0.3306417167186737,1
0.1668751835823059,1
0.25187408924102783,1
0.26831257343292236,1
0.06905238330364227,1
0.19730618596076965,1
0.06847325712442398,1
0.18929359316825867,1
0.22148820757865906,1
0.11717066168785095,1
0.09939144551753998,1
0.22703343629837036,1
0.23039264976978302,1
0.145297110080719,1
0.1717219203710556,1
0.09747406095266342,1
0.20582395792007446,1
0.21115660667419434,1
0.1506424844264984,1
0.17203034460544586,1
0.34001198410987854,1
0.12545828521251678,1
0.24066892266273499,1
0.35489583015441895,1
0.14707601070404053,1
0.2837136387825012,1
0.2874705195426941,1
0.11253440380096436,1
0.17894583940505981,1
0.4456496834754944,1
0.2587135136127472,1
0.23139658570289612,1
0.1472792625427246,1
0.26131343841552734,1
0.16371981799602509,1
0.2192094922065735,1
0.32834798097610474,1
0.13322322070598602,1
0.1382458508014679,1
0.17537298798561096,1
0.2465181052684784,1
0.4472011625766754,1
0.1978076696395874,1
0.20076125860214233,1
0.21929815411567688,1
0.19461099803447723,1
0.141106516122818,1
0.1915666162967682,1
0.09162724763154984,1
0.21514277160167694,1
0.19602429866790771,1
0.08902499079704285,1
0.17591038346290588,1
0.26292121410369873,1
0.19558988511562347,1
0.100963294506073,1
0.16343170404434204,1
0.15229712426662445,1
0.3032207489013672,1
0.20462986826896667,1
0.10898231714963913,1
0.09561225026845932,1
0.26472076773643494,1
0.2462327629327774,1
0.051139578223228455,1
0.2326204478740692,1
0.13895124197006226,1
0.4623798131942749,1
0.38954102993011475,1
0.14035002887248993,1
0.18047001957893372,1
0.18486009538173676,1
0.24616087973117828,1
0.282819539308548,1
0.1906650960445404,1
0.27646246552467346,1
0.18772625923156738,1
0.08926703780889511,1
0.2773776352405548,1
0.18552078306674957,1
0.19053250551223755,1
0.20225819945335388,1
0.23738199472427368,1
0.09691696614027023,1
0.2079923152923584,1
0.18876850605010986,1
0.13622239232063293,1
0.12270611524581909,1
0.09272819757461548,1
0.12907081842422485,1
0.13372023403644562,1
0.18280565738677979,1
0.22439000010490417,1
0.22814127802848816,1
0.0799272209405899,1
0.06425391882658005,1
0.12861286103725433,1
0.25049397349357605,1
0.31862562894821167,1
0.08708935976028442,1
0.11660122871398926,1
0.09520567953586578,1
0.1919744461774826,1
0.2590240240097046,1
0.0902266576886177,1
0.1964266002178192,1
0.13463176786899567,1
0.21215106546878815,1
0.12072452902793884,1
0.16866427659988403,1
0.17430129647254944,1
0.10701694339513779,1
0.4250315725803375,1
0.14559197425842285,1
0.1094517782330513,1
0.10039326548576355,1
0.15164005756378174,1
0.22423958778381348,1
0.1459539383649826,1
0.21656040847301483,1
0.32473552227020264,1
0.0958394929766655,1
0.1050979271531105,1
0.13407772779464722,1
0.24198299646377563,1
0.2018342912197113,1
0.13930626213550568,1
0.1245841234922409,1
0.14979827404022217,1
0.13416674733161926,1
0.22513651847839355,1
0.2672293186187744,1
0.20934346318244934,1
0.21443615853786469,1
0.17527206242084503,1
0.19652116298675537,1
0.2775214910507202,1
0.22595377266407013,1
0.2230592668056488,1
0.1316964030265808,1
0.10928824543952942,1
0.1932397484779358,1
0.2183363139629364,1
0.16120515763759613,1
0.16369251906871796,1
0.246101975440979,1
0.1473025381565094,1
0.1667294204235077,1
0.1986730396747589,1
0.16789917647838593,1
0.12875404953956604,1
0.15764407813549042,1
0.20125405490398407,1
0.14293506741523743,1
0.2828293442726135,1
0.15544600784778595,1
0.2771088480949402,1
0.10716918110847473,1
0.08485157787799835,1
0.37300997972488403,1
0.22877620160579681,1
0.249222069978714,1
0.21687495708465576,1
0.23506532609462738,1
0.1816539615392685,1
0.172387033700943,1
0.15495245158672333,1
0.17061540484428406,1
0.22645923495292664,1
0.10202692449092865,1
0.16034267842769623,1
0.25172898173332214,1
0.1040143072605133,1
0.22412097454071045,1
0.2593323588371277,1
0.05914025008678436,1
0.3496570885181427,1
0.23200197517871857,1
0.1498263031244278,1
0.24469363689422607,1
0.3424265384674072,1
0.19805657863616943,1
0.03772204741835594,1
0.0971185564994812,1
0.17157627642154694,1
0.1539340317249298,1
0.20924735069274902,1
0.16619214415550232,1
0.08522903919219971,1
0.23082555830478668,1
0.10349546372890472,1
0.21671362221240997,1
0.15566526353359222,1
0.13763155043125153,1
0.13045337796211243,1
0.19284163415431976,1
0.08224396407604218,1
0.26610368490219116,1
0.24570536613464355,1
0.205020010471344,1
0.1688804179430008,1
0.19340720772743225,1
0.13404902815818787,1
0.18547795712947845,1
0.2188650667667389,1
0.09836927056312561,1
0.1305728554725647,1
0.3401108384132385,1
0.1877996027469635,1
0.15747042000293732,1
0.1661994457244873,1
0.3680274784564972,1
0.19938719272613525,1
0.15372002124786377,1
0.1918753981590271,1
0.2375171035528183,1
0.12315020710229874,1
0.3666815459728241,1
0.26377665996551514,1
0.16688719391822815,1
0.10083377361297607,1
0.06601719558238983,1
0.06893336772918701,1
0.35001295804977417,1
0.1920698583126068,1
0.33333462476730347,1
0.047294192016124725,1
0.28538742661476135,1
0.3014032244682312,1
0.054662879556417465,1
0.1940600574016571,1
0.18074820935726166,1
0.19808495044708252,1
0.13458558917045593,1
0.1073436439037323,1
0.13459458947181702,1
0.12715832889080048,1
0.10575403273105621,1
0.1708490252494812,1
0.17875072360038757,1
0.10415562242269516,1
0.2157859355211258,1
0.2985285520553589,1
0.1107994094491005,1
0.18354299664497375,1
0.1565892994403839,1
0.06263703107833862,1
0.07547509670257568,1
0.19430167973041534,1
0.10606752336025238,1
0.18803241848945618,1
0.32180333137512207,1
0.3927268981933594,1
0.14649423956871033,1
0.5458204746246338,1
0.14245286583900452,1
0.19596794247627258,1
0.10347045958042145,1
0.3418077826499939,1
0.24552613496780396,1
0.24717971682548523,1
0.08117146044969559,1
0.16139060258865356,1
0.30195552110671997,1
0.2797219157218933,1
0.3288901448249817,1
0.10581064969301224,1
0.15127086639404297,1
0.1661926954984665,1
0.11984468996524811,1
0.13393592834472656,1
0.3062625825405121,1
0.22349120676517487,1
0.14562258124351501,1
0.23164597153663635,1
0.20634914934635162,1
0.18923230469226837,1
0.26347285509109497,1
0.30111685395240784,1
0.18239842355251312,1
0.12854646146297455,1
0.287576824426651,1
0.11956408619880676,1
0.24557465314865112,1
0.1271921992301941,1
0.3333008885383606,1
0.08362561464309692,1
0.29844948649406433,1
0.20525550842285156,1
0.412436306476593,1
0.08555035293102264,1
0.16713213920593262,1
0.10407330840826035,1
0.17960569262504578,1
0.18446314334869385,1
0.11969394981861115,1
0.15774820744991302,1
0.08746376633644104,1
0.10611526668071747,1
0.09147296845912933,1
0.17001807689666748,1
0.2634284496307373,1
0.14757798612117767,1
0.09915165603160858,1
0.18103545904159546,1
0.27672243118286133,1
0.17891651391983032,1
0.16150248050689697,1
0.06698953360319138,1
0.10352542996406555,1
0.19961489737033844,1
0.15821394324302673,1
0.2005165070295334,1
0.25956961512565613,1
0.07497835159301758,1
0.24167755246162415,1
0.21573829650878906,1
0.1668655127286911,1
0.2842867970466614,1
0.32266393303871155,1
0.15997400879859924,1
0.21100807189941406,1
0.14413975179195404,1
0.19469816982746124,1
0.19838576018810272,1
0.0757402703166008,1
0.12906207144260406,1
0.15212871134281158,1
0.1981668472290039,1
0.12813599407672882,1
0.2908514142036438,1
0.1935025155544281,1
0.12922999262809753,1
0.09947363287210464,1
0.26248300075531006,1
0.22858041524887085,1
0.20270246267318726,1
0.14437374472618103,1
0.17563971877098083,1
0.19692088663578033,1
0.1095820888876915,1
0.1263563483953476,1
0.19763725996017456,1
0.1872142255306244,1
0.17552751302719116,1
0.10095346719026566,1
0.13590896129608154,1
0.16137069463729858,1
0.20530644059181213,1
0.2104962170124054,1
0.1818608045578003,1
0.22444777190685272,1
0.26725155115127563,1
0.2842094302177429,1
0.11253706365823746,1
0.1610887050628662,1
0.1674998253583908,1
0.20320573449134827,1
0.14817170798778534,1
0.09185409545898438,1
0.28969013690948486,1
0.17301887273788452,1
0.12342724204063416,1
0.2981756329536438,1
0.19284744560718536,1
0.2068147212266922,1
0.10068166255950928,1
0.1478664129972458,1
0.16522321105003357,1
0.2567065954208374,1
0.09742105007171631,1
0.1881837695837021,1
0.09170351922512054,1
0.1442432552576065,1
0.2729675769805908,1
0.05812317505478859,1
0.14832288026809692,1
0.34407252073287964,1
0.19196400046348572,1
0.15188081562519073,1
0.12153084576129913,1
0.1642620861530304,1
0.16594456136226654,1
0.18901985883712769,1
0.12414459884166718,1
0.15710440278053284,1
0.34243661165237427,1
0.1816626489162445,1
0.22505417466163635,1
0.12688344717025757,1
0.17378318309783936,1
0.23001666367053986,1
0.1790267527103424,1
0.12127809971570969,1
0.17747217416763306,1
0.18169161677360535,1
0.041342172771692276,1
0.13549183309078217,1
0.1895996779203415,1
0.09315421432256699,1
0.16600938141345978,1
0.09648685902357101,1
0.19449597597122192,1
0.1004142239689827,1
0.10186285525560379,1
0.08582963794469833,1
0.14258001744747162,1
0.35304927825927734,1
0.27635443210601807,1
0.16922423243522644,1
0.19500520825386047,1
0.2426319122314453,1
0.12810057401657104,1
0.0908966213464737,1
0.055632006376981735,1
0.234157532453537,1
0.1722182035446167,1
0.07656940817832947,1
0.16535063087940216,1
0.2008683979511261,1
0.2825905382633209,1
0.1437113732099533,1
0.1919364631175995,1
0.09270108491182327,1
0.2192218005657196,1
0.06266693025827408,1
0.26813557744026184,1
0.1104474887251854,1
0.20715099573135376,1
0.20465607941150665,1
0.3616437315940857,1
0.17564962804317474,1
0.16349101066589355,1
0.29462072253227234,1
0.24242667853832245,1
0.11035056412220001,1
0.08123558759689331,1
0.3166148066520691,1
0.14133396744728088,1
0.106850266456604,1
0.19265909492969513,1
0.23731660842895508,1
0.1920928955078125,1
0.15263277292251587,1
0.2600494921207428,1
0.21157121658325195,1
0.13602696359157562,1
0.0846530944108963,1
0.3342713713645935,1
0.19888748228549957,1
0.10929353535175323,1
0.25014612078666687,1
0.22881269454956055,1
0.19067305326461792,1
0.12253651022911072,1
0.12733012437820435,1
0.29088664054870605,1
0.13017138838768005,1
0.19663025438785553,1
0.23481041193008423,1
0.15941406786441803,1
0.186909019947052,1
0.1471962332725525,1
0.39276427030563354,1
0.15583914518356323,1
0.16062045097351074,1
0.32491570711135864,1
0.1482296735048294,1
0.11441164463758469,1
0.12328436970710754,1
0.17808237671852112,1
0.2002989649772644,1
0.13811051845550537,1
0.2604697346687317,1
0.2856096923351288,1
0.12396013736724854,1
0.16588625311851501,1
0.1179843619465828,1
0.13945813477039337,1
0.11345058679580688,1
0.1789863407611847,1
0.23924662172794342,1
0.14382748305797577,1
0.17977115511894226,1
0.13149814307689667,1
0.08069141209125519,1
0.16657419502735138,1
0.2087930589914322,1
0.15139445662498474,1
0.1505649983882904,1
0.14298799633979797,1
0.13673868775367737,1
0.4275071620941162,1
0.14905235171318054,1
0.15125857293605804,1
0.3613259494304657,1
0.1536874771118164,1
0.11844245344400406,1
0.18011412024497986,1
0.1118553951382637,1
0.11407242715358734,1
0.26924794912338257,1
0.251405268907547,1
0.1560499668121338,1
0.13645994663238525,1
0.07389268279075623,1
0.22023247182369232,1
0.3111701011657715,1
0.19696441292762756,1
0.12828078866004944,1
0.18970873951911926,1
0.099260114133358,1
0.11028839647769928,1
0.24656462669372559,1
0.08872941136360168,1
0.3059081733226776,1
0.19703884422779083,1
0.19830170273780823,1
0.18069463968276978,1
0.12134498357772827,1
0.1870674341917038,1
0.11766047775745392,1
0.16267502307891846,1
0.24719206988811493,1
0.2515597641468048,1
0.15094484388828278,1
0.2847677171230316,1
0.13816508650779724,1
0.19347214698791504,1
0.16639363765716553,1
0.15406979620456696,1
0.22507721185684204,1
0.14429835975170135,1
0.14640456438064575,1
0.14190863072872162,1
0.2083786278963089,1
0.13789168000221252,1
0.18810296058654785,1
0.17710044980049133,1
0.14185795187950134,1
0.21273815631866455,1
0.14923739433288574,1
0.1293850541114807,1
0.16781792044639587,1
0.14359936118125916,1
0.3714909553527832,1
0.22809571027755737,1
0.1863405704498291,1
0.1996067315340042,1
0.22403636574745178,1
0.20104096829891205,1
0.34225642681121826,1
0.25010621547698975,1
0.15037085115909576,1
0.10696688294410706,1
0.17494383454322815,1
0.22565020620822906,1
0.2998741865158081,1
0.06762959808111191,1
0.14491786062717438,1
0.11358767002820969,1
0.24868622422218323,1
0.19640962779521942,1
0.13788969814777374,1
0.16878849267959595,1
0.24340228736400604,1
0.15701621770858765,1
0.26179787516593933,1
0.1835518777370453,1
0.12827078998088837,1
0.1615828573703766,1
0.24271194636821747,1
0.23951596021652222,1
0.3268335461616516,1
0.1345341056585312,1
0.3293161988258362,1
0.2329999804496765,1
0.19134385883808136,1
0.23445673286914825,1
0.059591908007860184,1
0.09543218463659286,1
0.21630004048347473,1
0.16076642274856567,1
0.20976580679416656,1
0.12524639070034027,1
0.17813152074813843,1
0.13333919644355774,1
0.14930544793605804,1
0.18627022206783295,1
0.2737279534339905,1
0.17717613279819489,1
0.1312132030725479,1
0.25610825419425964,1
0.20869947969913483,1
0.17928656935691833,1
0.23981355130672455,1
0.3433897793292999,1
0.16442641615867615,1
0.24883680045604706,1
0.25778189301490784,1
0.1487799882888794,1
0.16600951552391052,1
0.21836285293102264,1
0.25172266364097595,1
0.14230124652385712,1
0.26178550720214844,1
0.27103397250175476,1
0.22870448231697083,1
0.19028443098068237,1
0.14775358140468597,1
0.18200713396072388,1
0.31066253781318665,1
0.20839712023735046,1
0.20901891589164734,1
0.10153312981128693,1
0.11586065590381622,1
0.1555199772119522,1
0.20734059810638428,1
0.24549365043640137,1
0.18349872529506683,1
0.48743921518325806,1
0.3105625510215759,1
0.1566985696554184,1
0.12742650508880615,1
0.18733428418636322,1
0.0988161712884903,1
0.2147449553012848,1
0.22373880445957184,1
0.23217403888702393,1
0.19111579656600952,1
0.18083712458610535,1
0.11507973074913025,1
0.21430012583732605,1
0.22933635115623474,1
0.13470736145973206,1
0.16348785161972046,1
0.11023692786693573,1
0.10575000941753387,1
0.25944915413856506,1
0.22966161370277405,1
0.1761525571346283,1
0.27997782826423645,1
0.15247498452663422,1
0.09331078827381134,1
0.4702157974243164,1
0.15699926018714905,1
0.15238460898399353,1
0.28871017694473267,1
0.08823442459106445,1
0.1410956084728241,1
0.16416186094284058,1
0.3609861433506012,1
0.3606594204902649,1
0.09070660918951035,1
0.06994769722223282,1
0.17116346955299377,1
0.22224634885787964,1
0.24929818511009216,1
0.18019650876522064,1
0.19163477420806885,1
0.1116350069642067,1
0.10840597003698349,1
0.13724377751350403,1
0.17351138591766357,1
0.22022685408592224,1
0.09966789931058884,1
0.09624552726745605,1
0.18122901022434235,1
0.0720023587346077,1
0.12212535738945007,1
0.12272650748491287,1
0.2436804473400116,1
0.30903372168540955,1
0.10043014585971832,1
0.16937442123889923,1
0.11509042978286743,1
0.28677064180374146,1
0.19829320907592773,1
0.12664958834648132,1
0.32238900661468506,1
0.3468269109725952,1
0.13603736460208893,1
0.20238010585308075,1
0.22943145036697388,1
0.1974448710680008,1
0.29660695791244507,1
0.20837847888469696,1
0.25850045680999756,1
0.39743608236312866,1
0.2266790121793747,1
0.06937797367572784,1
0.12624360620975494,1
0.1933111995458603,1
0.16048333048820496,1
0.2037227600812912,1
0.09582576900720596,1
0.19739386439323425,1
0.15579938888549805,1
0.13409432768821716,1
0.2309783399105072,1
0.13261619210243225,1
0.19087612628936768,1
0.14171703159809113,1
0.20217359066009521,1
0.10991211235523224,1
0.15086930990219116,1
0.24167953431606293,1
0.1784105896949768,1
0.21222615242004395,1
0.13423071801662445,1
0.14545807242393494,1
0.2837428152561188,1
0.24849678575992584,1
0.126601904630661,1
0.16793878376483917,1
0.12618452310562134,1
0.16119901835918427,1
0.2396707534790039,1
0.22009314596652985,1
0.198356032371521,1
0.0789717361330986,1
0.17457883059978485,1
0.20022758841514587,1
0.17905311286449432,1
0.05566936358809471,1
0.19236963987350464,1
0.13089710474014282,1
0.2788480222225189,1
0.18864285945892334,1
0.0788552537560463,1
0.1552969068288803,1
0.21230871975421906,1
0.13865859806537628,1
0.17343437671661377,1
0.174394428730011,1
0.1783493608236313,1
0.06522127240896225,1
0.24827054142951965,1
0.1162845715880394,1
0.2329227179288864,1
0.10188978165388107,1
0.1832524538040161,1
0.11947737634181976,1
0.195267915725708,1
0.18706652522087097,1
0.28645041584968567,1
0.18506020307540894,1
0.20235741138458252,1
0.13312798738479614,1
0.12555986642837524,1
0.1762915849685669,1
0.15089520812034607,1
0.21836183965206146,1
0.1957663893699646,1
0.15238496661186218,1
0.18368449807167053,1
0.15705114603042603,1
0.1619725376367569,1
0.13356493413448334,1
0.11916093528270721,1
0.17458391189575195,1
0.17086189985275269,1
0.16093313694000244,1
0.16779042780399323,1
0.23148387670516968,1
0.08133096992969513,1
0.08714844286441803,1
0.1859750747680664,1
0.14729724824428558,1
0.13610191643238068,1
0.1487358808517456,1
0.17426583170890808,1
0.24178838729858398,1
0.20194992423057556,1
0.14767810702323914,1
0.11550578474998474,1
0.08649163693189621,1
0.20204132795333862,1
0.22365131974220276,1
0.2326228767633438,1
0.08639660477638245,1
0.3215637505054474,1
0.07670830190181732,1
0.15189579129219055,1
0.24545708298683167,1
0.3164199888706207,1
0.2961248457431793,1
0.30032408237457275,1
0.24907441437244415,1
0.23957450687885284,1
0.22298148274421692,1
0.26766887307167053,1
0.16576659679412842,1
0.230601504445076,1
0.1435868889093399,1
0.14977429807186127,1
0.12795832753181458,1
0.3523257076740265,1
0.11342300474643707,1
0.08920632302761078,1
0.28736424446105957,1
0.1886318027973175,1
0.17027400434017181,1
0.13049520552158356,1
0.15323194861412048,1
0.09695777297019958,1
0.2136104851961136,1
0.13892126083374023,1
0.2351357340812683,1
0.14602623879909515,1
0.1370229572057724,1
0.1757979691028595,1
0.17740263044834137,1
0.1283157914876938,1
0.22538644075393677,1
0.1372622400522232,1
0.2540586590766907,1
0.10723346471786499,1
0.1489294171333313,1
0.20554712414741516,1
0.15037335455417633,1
0.1515161544084549,1
0.20515449345111847,1
0.06990820914506912,1
0.09739656746387482,1
0.051902949810028076,1
0.1498517245054245,1
0.06338661164045334,1
0.21778155863285065,1
0.12488746643066406,1
0.23425742983818054,1
0.18398204445838928,1
0.1601191908121109,1
0.1464284062385559,1
0.11219710111618042,1
0.14837566018104553,1
0.08081866800785065,1
0.29578471183776855,1
0.24463994801044464,1
0.19788536429405212,1
0.1540849804878235,1
0.16321642696857452,1
0.1977422833442688,1
0.15338730812072754,1
0.1020139828324318,1
0.17871886491775513,1
0.28665855526924133,1
0.12044084817171097,1
0.13778641819953918,1
0.12009324133396149,1
0.1599060297012329,1
0.24512064456939697,1
0.16090935468673706,1
0.18089525401592255,1
0.0579310804605484,1
0.2178889513015747,1
0.1857265830039978,1
0.18528935313224792,1
0.22522874176502228,1
0.33296439051628113,1
0.23520514369010925,1
0.17395448684692383,1
0.09587489068508148,1
0.10070671141147614,1
0.14610089361667633,1
0.1422417014837265,1
0.23140756785869598,1
0.17061305046081543,1
0.17587891221046448,1
0.2530173063278198,1
0.3183711767196655,1
0.11679323762655258,1
0.13786184787750244,1
0.2385680228471756,1
0.13258706033229828,1
0.3251391649246216,1
0.09382454305887222,1
0.2214217633008957,1
0.08632735162973404,1
0.12301374226808548,1
0.18042105436325073,1
0.16900023818016052,1
0.14118970930576324,1
0.17787514626979828,1
0.1780557483434677,1
0.31285157799720764,1
0.1406133770942688,1
0.1144343763589859,1
0.19983503222465515,1
0.14879880845546722,1
0.16369561851024628,1
0.13006097078323364,1
0.2835170030593872,1
0.09106210619211197,1
0.18221795558929443,1
0.2802237570285797,1
0.13335728645324707,1
0.09657416492700577,1
0.18059228360652924,1
0.1344037801027298,1
0.07036415487527847,1
0.10937197506427765,1
0.14536529779434204,1
0.24590469896793365,1
0.12547126412391663,1
0.12229420244693756,1
0.15596461296081543,1
0.08207917213439941,1
0.16922999918460846,1
0.09574748575687408,1
0.044961754232645035,1
0.27185145020484924,1
0.1609477400779724,1
0.1521369218826294,1
0.08550680428743362,1
0.1533176749944687,1
0.0946790799498558,1
0.2761476933956146,1
0.08308713883161545,1
0.13272419571876526,1
0.2390054166316986,1
0.22300012409687042,1
0.10631998628377914,1
0.16768234968185425,1
0.14523190259933472,1
0.12191984057426453,1
0.17705535888671875,1
0.12627361714839935,1
0.14926210045814514,1
0.12335073202848434,1
0.0990317314863205,1
0.26314058899879456,1
0.2296774685382843,1
0.18319520354270935,1
0.09016953408718109,1
0.34797945618629456,1
0.20170216262340546,1
0.19026952981948853,1
0.12204080075025558,1
0.16556143760681152,1
0.1339835673570633,1
0.1795087605714798,1
0.20549964904785156,1
0.17854997515678406,1
0.1345735341310501,1
0.24341082572937012,1
0.3272784948348999,1
0.28109803795814514,1
0.08918671309947968,1
0.20853430032730103,1
0.12793023884296417,1
0.08813998103141785,1
0.21241337060928345,1
0.15298664569854736,1
0.23182989656925201,1
0.09889085590839386,1
0.23636527359485626,1
0.27508819103240967,1
0.09922720491886139,1
0.12060657143592834,1
0.14539402723312378,1
0.19784928858280182,1
0.1871388554573059,1
0.19344574213027954,1
0.2501380741596222,1
0.14965178072452545,1
0.09080897271633148,1
0.14381948113441467,1
0.08570021390914917,1
0.1462007462978363,1
0.14235849678516388,1
0.12172023206949234,1
0.058077894151210785,1
0.1852472424507141,1
0.14638784527778625,1
0.1625591367483139,1
0.19759464263916016,1
0.2593335211277008,1
0.10161891579627991,1
0.21611614525318146,1
0.15737684071063995,1
0.17148759961128235,1
0.2937263548374176,1
0.16798117756843567,1
0.18880680203437805,1
0.252914160490036,1
0.15231628715991974,1
0.1570274829864502,1
0.1589266061782837,1
0.23643919825553894,1
0.1453794538974762,1
0.12975522875785828,1
0.13426178693771362,1
0.05588892102241516,1
0.13774025440216064,1
0.3602394461631775,1
0.09794113785028458,1
0.05052095651626587,1
0.16860747337341309,1
0.12710227072238922,1
0.20970265567302704,1
0.08817081153392792,1
0.30089181661605835,1
0.12493863701820374,1
0.15618392825126648,1
0.1886773258447647,1
0.08467984199523926,1
0.19814924895763397,1
0.14484921097755432,1
0.15045417845249176,1
0.251684308052063,1
0.09869283437728882,1
0.15246164798736572,1
0.15121705830097198,1
0.1867067664861679,1
0.21639007329940796,1
0.28250429034233093,1
0.13061664998531342,1
0.2718561589717865,1
0.23307448625564575,1
0.1874990314245224,1
0.3855915665626526,1
0.20379039645195007,1
0.06455083191394806,1
0.08848106861114502,1
0.1887875497341156,1
0.1643279492855072,1
0.10919260233640671,1
0.2560773491859436,1
0.17776033282279968,1
0.19790032505989075,1
0.12618480622768402,1
0.2642747163772583,1
0.12401342391967773,1
0.29059356451034546,1
0.11205936223268509,1
0.11255210638046265,1
0.2741652727127075,1
0.16134858131408691,1
0.16741730272769928,1
0.2684710621833801,1
0.2445736974477768,1
0.11468574404716492,1
0.14359447360038757,1
0.1529785394668579,1
0.1273893415927887,1
0.13507120311260223,1
0.2861543595790863,1
0.07438573241233826,1
0.4169166386127472,1
0.11514732241630554,1
0.21939124166965485,1
0.13417981564998627,1
0.2610502243041992,1
0.16390174627304077,1
0.06100767105817795,1
0.24681967496871948,1
0.11253023892641068,1
0.21330955624580383,1
0.1717168390750885,1
0.1610780954360962,1
0.12150383740663528,1
0.17887252569198608,1
0.047638893127441406,1
0.08360432088375092,1
0.2613116502761841,1
0.1150471419095993,1
0.09191110730171204,1
0.16549894213676453,1
0.10955740511417389,1
0.10002696514129639,1
0.09474498778581619,1
0.1880195140838623,1
0.24123917520046234,1
0.15102601051330566,1
0.2561318576335907,1
0.26781293749809265,1
0.24109725654125214,1
0.12212026119232178,1
0.307760089635849,1
0.19182321429252625,1
0.14026835560798645,1
0.12574881315231323,1
0.11761094629764557,1
0.1660180389881134,1
0.17585915327072144,1
0.11943724751472473,1
0.12141634523868561,1
0.10045470297336578,1
0.1361839473247528,1
0.3670192360877991,1
0.08223922550678253,1
0.3250066936016083,1
0.1408534049987793,1
0.11050491034984589,1
0.18229547142982483,1
0.09973256289958954,1
0.13497358560562134,1
0.2521081566810608,1
0.10715988278388977,1
0.08205585926771164,1
0.15433481335639954,1
0.23483839631080627,1
0.19008393585681915,1
0.1404411792755127,1
0.3226100206375122,1
0.14718692004680634,1
0.22596605122089386,1
0.14866681396961212,1
0.07827221602201462,1
0.11634505540132523,1
0.174489364027977,1
0.22579076886177063,1
0.14066314697265625,1
0.1234801784157753,1
0.17479214072227478,1
0.2179611623287201,1
0.2498195767402649,1
0.3174586892127991,1
0.1947731226682663,1
0.16255998611450195,1
0.11565329134464264,1
0.2283519059419632,1
0.09852351993322372,1
0.24324315786361694,1
0.1495777666568756,1
0.2790532410144806,1
0.24203157424926758,1
0.09931443631649017,1
0.1496116667985916,1
0.22513742744922638,1
0.10278686881065369,1
0.21074998378753662,1
0.18194524943828583,1
0.2002125233411789,1
0.22886896133422852,1
0.17810791730880737,1
0.2654421031475067,1
0.16216926276683807,1
0.1432088315486908,1
0.20180760324001312,1
0.21217364072799683,1
0.21573998034000397,1
0.21647006273269653,1
0.13244740664958954,1
0.06681834161281586,1
0.3331805169582367,1
0.16794756054878235,1
0.19099698960781097,1
0.1757025569677353,1
0.14042910933494568,1
0.031130630522966385,1
0.12766659259796143,1
0.38502392172813416,1
0.2204371690750122,1
0.18889670073986053,1
0.23001492023468018,1
0.12537172436714172,1
0.1870117485523224,1
0.1763477921485901,1
0.16360506415367126,1
0.16660979390144348,1
0.09131954610347748,1
0.33811894059181213,1
0.14731597900390625,1
0.07686273753643036,1
0.10266446322202682,1
0.11026237159967422,1
0.154377743601799,1
0.15078005194664001,1
0.17713338136672974,1
0.16619811952114105,1
0.14279720187187195,1
0.08770731836557388,1
0.1939506232738495,1
0.3110136091709137,1
0.16500136256217957,1
0.1265369951725006,1
0.14752137660980225,1
0.3546937108039856,1
0.22669389843940735,1
0.12595930695533752,1
0.33416271209716797,1
0.2724575400352478,1
0.3210933208465576,1
0.20458120107650757,1
0.15888872742652893,1
0.3012162148952484,1
0.1103939563035965,1
0.11004356294870377,1
0.09373433887958527,1
0.1928936243057251,1
0.2543724477291107,1
0.20602983236312866,1
0.3353886902332306,1
0.11153297871351242,1
0.2219480723142624,1
0.18919095396995544,1
0.16370025277137756,1
0.3166569769382477,1
0.2215096354484558,1
0.1286468207836151,1
0.13318875432014465,1
0.16335102915763855,1
0.13522763550281525,1
0.20743131637573242,1
0.09753502160310745,1
0.07814203947782516,1
0.2460709512233734,1
0.08145438134670258,1
0.17874929308891296,1
0.07945653051137924,1
0.0933430939912796,1
0.16559003293514252,1
0.15904337167739868,1
0.18561714887619019,1
0.1908586323261261,1
0.18727648258209229,1
0.13308162987232208,1
0.10194768756628036,1
0.4073100686073303,1
0.1339503675699234,1
0.12627004086971283,1
0.10909178853034973,1
0.249155655503273,1
0.17790333926677704,1
0.1737295538187027,1
0.27244293689727783,1
0.1277041882276535,1
0.14097806811332703,1
0.24777710437774658,1
0.2620747685432434,1
0.1286153346300125,1
0.12252408266067505,1
0.1534414291381836,1
0.21336500346660614,1
0.18488150835037231,1
0.17838074266910553,1
0.358680784702301,1
0.14806392788887024,1
0.17428936064243317,1
0.35455235838890076,1
0.10736342519521713,1
0.14080889523029327,1
0.2132379412651062,1
0.07500225305557251,1
0.190056711435318,1
0.1812114417552948,1
0.14320553839206696,1
0.2904855012893677,1
0.14423801004886627,1
0.3807305097579956,1
0.06961357593536377,1
0.053559817373752594,1
0.23499594628810883,1
0.23055122792720795,1
0.26014676690101624,1
0.3059271574020386,1
0.25699377059936523,1
0.23263099789619446,1
0.14920896291732788,1
0.19938059151172638,1
0.11177264153957367,1
0.3421618342399597,1
0.27000367641448975,1
0.08362622559070587,1
0.10904498398303986,1
0.1398266851902008,1
0.07799600064754486,1
0.28700894117355347,1
0.11129440367221832,1
0.19298893213272095,1
0.10555568337440491,1
0.18036781251430511,1
0.1870083063840866,1
0.10005281865596771,1
0.20848537981510162,1
0.16764679551124573,1
0.2578892707824707,1
0.1797601878643036,1
0.33755964040756226,1
0.14117200672626495,1
0.18614014983177185,1
0.03345556557178497,1
0.19213850796222687,1
0.17183908820152283,1
0.2505077123641968,1
0.21263593435287476,1
0.16018693149089813,1
0.18054576218128204,1
0.2106759399175644,1
0.20390017330646515,1
0.12233947962522507,1
0.09935536980628967,1
0.08845524489879608,1
0.3786501884460449,1
0.2899984121322632,1
0.08780639618635178,1
0.2600086033344269,1
0.24714383482933044,1
0.14574627578258514,1
0.23830895125865936,1
0.17383821308612823,1
0.17070923745632172,1
0.1541110873222351,1
0.19527384638786316,1
0.09514965862035751,1
0.1978083699941635,1
0.08864446729421616,1
0.11609748005867004,1
0.1170482262969017,1
0.11535413563251495,1
0.13732150197029114,1
0.19370970129966736,1
0.193559467792511,1
0.19726288318634033,1
0.23182693123817444,1
0.17675772309303284,1
0.19767984747886658,1
0.17625372111797333,1
0.28598517179489136,1
0.29876744747161865,1
0.19013270735740662,1
0.1866714060306549,1
0.14710137248039246,1
0.22262583673000336,1
0.15220466256141663,1
0.060851357877254486,1
0.15761372447013855,1
0.19422419369220734,1
0.2117367684841156,1
0.21907031536102295,1
0.08168257772922516,1
0.16700586676597595,1
0.25619861483573914,1
0.17735208570957184,1
0.09477361291646957,1
0.11371499300003052,1
0.408688485622406,1
0.1498219519853592,1
0.07766538858413696,1
0.14035744965076447,1
0.4204348921775818,1
0.13530182838439941,1
0.2505410611629486,1
0.1811223179101944,1
0.19230414927005768,1
0.1724194437265396,1
0.31445178389549255,1
0.22158750891685486,1
0.1761954128742218,1
0.2827877402305603,1
0.14599758386611938,1
0.0780775249004364,1
0.10593867301940918,1
0.07258530706167221,1
0.194132000207901,1
0.31405746936798096,1
0.12145966291427612,1
0.16128769516944885,1
0.05290312319993973,1
0.16141624748706818,1
0.19553950428962708,1
0.1449289619922638,1
0.08050268888473511,1
0.09238392114639282,1
0.13386572897434235,1
0.13181675970554352,1
0.12629099190235138,1
0.12362070381641388,1
0.048091478645801544,1
0.22260499000549316,1
0.20959340035915375,1
0.1395186483860016,1
0.291601300239563,1
0.12814199924468994,1
0.17410147190093994,1
0.20472316443920135,1
0.088248610496521,1
0.10959699749946594,1
0.1847635805606842,1
0.18676131963729858,1
0.08800613880157471,1
0.3121703267097473,1
0.179792582988739,1
0.47123855352401733,1
0.19887734949588776,1
0.23075255751609802,1
0.1478685438632965,1
0.2768315374851227,1
0.09436362981796265,1
0.1298878937959671,1
0.1352178454399109,1
0.09955157339572906,1
0.11259941011667252,1
0.16527405381202698,1
0.3856969475746155,1
0.15483666956424713,1
0.18845456838607788,1
0.12483008950948715,1
0.26786866784095764,1
0.16776473820209503,1
0.13600857555866241,1
0.21871346235275269,1
0.09732793271541595,1
0.17904424667358398,1
0.3154022991657257,1
0.13310950994491577,1
0.10280847549438477,1
0.20766738057136536,1
0.2626700699329376,1
0.1902627944946289,1
0.2549777030944824,1
0.27525097131729126,1
0.1083248183131218,1
0.1289665699005127,1
0.1453103870153427,1
0.1368846297264099,1
0.24561253190040588,1
0.24874654412269592,1
0.06822770088911057,1
0.11681757122278214,1
0.3620033264160156,1
0.22153136134147644,1
0.1628606915473938,1
0.25377580523490906,1
0.1664118468761444,1
0.3013818562030792,1
0.16957399249076843,1
0.08498165756464005,1
0.18558800220489502,1
0.08582384139299393,1
0.14704331755638123,1
0.31170639395713806,1
0.15408843755722046,1
0.2550439238548279,1
0.171113520860672,1
0.19320598244667053,1
0.2625001072883606,1
0.10094679892063141,1
0.21892204880714417,1
0.13820329308509827,1
0.2012113332748413,1
0.31204143166542053,1
0.15173470973968506,1
0.29675814509391785,1
0.316613107919693,1
0.25621742010116577,1
0.14775781333446503,1
0.16350893676280975,1
0.28024575114250183,1
0.13632339239120483,1
0.1564892828464508,1
0.21605250239372253,1
0.16062620282173157,1
0.05541682243347168,1
0.24247443675994873,1
0.09969930350780487,1
0.08525942265987396,1
0.13620369136333466,1
0.16340982913970947,1
0.16725152730941772,1
0.20447835326194763,1
0.24142824113368988,1
0.13802452385425568,1
0.132682204246521,1
0.32864826917648315,1
0.12595076858997345,1
0.2433289885520935,1
0.19278419017791748,1
0.12853403389453888,1
0.13272833824157715,1
0.22479580342769623,1
0.12791535258293152,1
0.12472109496593475,1
0.08894110471010208,1
0.07726137340068817,1
0.2099524438381195,1
0.19971933960914612,1
0.19995424151420593,1
0.09502582252025604,1
0.10517391562461853,1
0.10667475312948227,1
0.1707487404346466,1
0.18834707140922546,1
0.20544448494911194,1
0.12625166773796082,1
0.10787893086671829,1
0.21190741658210754,1
0.21307004988193512,1
0.12189067900180817,1
0.21547628939151764,1
0.06140005588531494,1
0.09441329538822174,1
0.16525062918663025,1
0.25271451473236084,1
0.17046985030174255,1
0.2358122020959854,1
0.41642385721206665,1
0.13153591752052307,1
0.05070749670267105,1
0.18693093955516815,1
0.10517339408397675,1
0.06783109903335571,1
0.34880000352859497,1
0.08321976661682129,1
0.2765727639198303,1
0.03503014147281647,1
0.22318953275680542,1
0.27548232674598694,1
0.11694764345884323,1
0.18413664400577545,1
0.24967867136001587,1
0.1445382833480835,1
0.11662133038043976,1
0.13944464921951294,1
0.06917622685432434,1
0.14126282930374146,1
0.2403552234172821,1
0.08375284075737,1
0.20257514715194702,1
0.21608686447143555,1
0.054633524268865585,1
0.16043594479560852,1
0.1500622183084488,1
0.24747397005558014,1
0.15181908011436462,1
0.10324739664793015,1
0.18036794662475586,1
0.1957346498966217,1
0.07129079103469849,1
0.08621621131896973,1
0.1508094072341919,1
0.19244617223739624,1
0.23172415792942047,1
0.06461790204048157,1
0.27553290128707886,1
0.15541383624076843,1
0.2031419277191162,1
0.24058398604393005,1
0.0910884290933609,1
0.09993749856948853,1
0.22544346749782562,1
0.12119746208190918,1
0.21151778101921082,1
0.12325715273618698,1
0.11331450194120407,1
0.09543207287788391,1
0.07754331827163696,1
0.18310235440731049,1
0.2778562307357788,1
0.05513078346848488,1
0.1976546198129654,1
