0.11283549666404724,1
0.1936928629875183,1
0.11626256257295609,1
0.21736875176429749,1
0.13513633608818054,1
0.2583918273448944,1
0.24822257459163666,1
0.14278173446655273,1
0.09136076271533966,1
0.18438975512981415,1
0.20312735438346863,1
0.1337997317314148,1
0.167218416929245,1
0.27114564180374146,1
0.1928592324256897,1
0.25644657015800476,1
0.17960578203201294,1
0.17991571128368378,1
0.15064021944999695,1
0.14773023128509521,1
0.25066113471984863,1
0.12093482911586761,1
0.10264924168586731,1
0.22928369045257568,1
0.3283807933330536,1
0.24347436428070068,1
0.16418768465518951,1
0.14683493971824646,1
0.08715475350618362,1
0.13532692193984985,1
0.15571725368499756,1
0.2455163300037384,1
0.1818433254957199,1
0.1717684119939804,1
0.169207364320755,1
0.09590766578912735,1
0.39696529507637024,1
0.22400517761707306,1
0.1502620130777359,1
0.0783752053976059,1
0.17960648238658905,1
0.15433010458946228,1
0.05537322536110878,1
0.18881180882453918,1
0.22326846420764923,1
0.286160945892334,1
0.1787039041519165,1
0.12798017263412476,1
0.12253867834806442,1
0.11410757154226303,1
0.13179060816764832,1
0.0952337384223938,1
0.24468718469142914,1
0.06746362894773483,1
0.2822008430957794,1
0.05723138153553009,1
0.1053011566400528,1
0.2066889852285385,1
0.1000555232167244,1
0.13944324851036072,1
0.1133384108543396,1
0.35884663462638855,1
0.12118633091449738,1
0.15685085952281952,1
0.1545819640159607,1
0.255795419216156,1
0.1793852299451828,1
0.13712584972381592,1
0.23912450671195984,1
0.2644587755203247,1
0.16323222219944,1
0.1283424198627472,1
0.24498410522937775,1
0.10554949939250946,1
0.24350064992904663,1
0.23497605323791504,1
0.4738765358924866,1
0.3577650487422943,1
0.15670765936374664,1
0.1413404941558838,1
0.04394760727882385,1
0.12862873077392578,1
0.20651598274707794,1
0.10047673434019089,1
0.21382834017276764,1
0.06574553996324539,1
0.25262731313705444,1
0.14770446717739105,1
0.29816824197769165,1
0.21535007655620575,1
0.24246330559253693,1
0.3286585211753845,1
0.21974462270736694,1
0.16165415942668915,1
0.16910320520401,1
0.15745925903320313,1
0.1886323094367981,1
0.1706017702817917,1
0.13810975849628448,1
0.22994807362556458,1
0.11660666763782501,1
0.17970681190490723,1
0.09096288681030273,1
0.13317237794399261,1
0.03374992683529854,1
0.05564093962311745,1
0.2551051676273346,1
0.1344117820262909,1
0.13479098677635193,1
0.42329421639442444,1
0.09592358767986298,1
0.14778530597686768,1
0.25242671370506287,1
0.12456431984901428,1
0.21581822633743286,1
0.16326315701007843,1
0.2210409939289093,1
0.06775715202093124,1
0.21802908182144165,1
0.17002032697200775,1
0.10592103749513626,1
0.13267649710178375,1
0.14998114109039307,1
0.31858402490615845,1
0.28621265292167664,1
0.13123568892478943,1
0.10721057653427124,1
0.13420367240905762,1
0.18654441833496094,1
0.12988129258155823,1
0.21483942866325378,1
0.163568377494812,1
0.10254837572574615,1
0.10644516348838806,1
0.17987650632858276,1
0.05353710800409317,1
0.18168941140174866,1
0.15467442572116852,1
0.10586787760257721,1
0.12444422394037247,1
0.12251586467027664,1
0.20778276026248932,1
0.23909494280815125,1
0.2590547800064087,1
0.17391818761825562,1
0.2384258508682251,1
0.19327786564826965,1
0.08977200835943222,1
0.17402224242687225,1
0.13991551101207733,1
0.20115876197814941,1
0.15500977635383606,1
0.2918967008590698,1
0.1182994544506073,1
0.13591748476028442,1
0.15612193942070007,1
0.1238311380147934,1
0.12240537256002426,1
0.17339490354061127,1
0.14966702461242676,1
0.14739841222763062,1
0.24679739773273468,1
0.19809603691101074,1
0.1910666525363922,1
0.14575864374637604,1
0.21168233454227448,1
0.13397568464279175,1
0.06122414022684097,1
0.10368026793003082,1
0.06073867157101631,1
0.1766105592250824,1
0.21410000324249268,1
0.16452926397323608,1
0.20594806969165802,1
0.21028372645378113,1
0.1320294439792633,1
0.10956867784261703,1
0.29827192425727844,1
0.2543087303638458,1
0.22073276340961456,1
0.06777942180633545,1
0.21429069340229034,1
0.12534551322460175,1
0.4150387644767761,1
0.20422136783599854,1
0.22905641794204712,1
0.24847309291362762,1
0.19244110584259033,1
0.22000521421432495,1
0.1482238471508026,1
0.10065269470214844,1
0.18630190193653107,1
0.13069696724414825,1
0.15525540709495544,1
0.10043744742870331,1
0.13658329844474792,1
0.1478034406900406,1
0.1809016615152359,1
0.11764704436063766,1
0.14208444952964783,1
0.0737559124827385,1
0.24156254529953003,1
0.23631685972213745,1
0.2591894268989563,1
0.13945958018302917,1
0.07140887528657913,1
0.10218348354101181,1
0.2266099452972412,1
0.1608797013759613,1
0.13858336210250854,1
0.06288955360651016,1
0.10505976527929306,1
0.07802891731262207,1
0.09222720563411713,1
0.2975947856903076,1
0.14940983057022095,1
0.2576706111431122,1
0.31058987975120544,1
0.26723623275756836,1
0.13734033703804016,1
0.07344911992549896,1
0.07251760363578796,1
0.2621552646160126,1
0.30174219608306885,1
0.1372378170490265,1
0.299944669008255,1
0.10483280569314957,1
0.1355864405632019,1
0.14189088344573975,1
0.12063555419445038,1
0.307075172662735,1
0.10834667086601257,1
0.4218382239341736,1
0.11439940333366394,1
0.185410276055336,1
0.16621659696102142,1
0.16843819618225098,1
0.22012603282928467,1
0.09114401042461395,1
0.1461361199617386,1
0.18710513412952423,1
0.06184561178088188,1
0.1186177060008049,1
0.31172630190849304,1
0.10810035467147827,1
0.14853812754154205,1
0.15038210153579712,1
0.1762087643146515,1
0.15889360010623932,1
0.14149406552314758,1
0.1696290373802185,1
0.23577171564102173,1
0.24013768136501312,1
0.1125635951757431,1
0.09929251670837402,1
0.2991653382778168,1
0.13404367864131927,1
0.12865735590457916,1
0.14035506546497345,1
0.15167133510112762,1
0.20074810087680817,1
0.16401273012161255,1
0.3211728632450104,1
0.19567596912384033,1
0.09720700979232788,1
0.14618316292762756,1
0.07631421089172363,1
0.30950307846069336,1
0.15522083640098572,1
0.20488524436950684,1
0.08030566573143005,1
0.10460079461336136,1
0.09939320385456085,1
0.16052238643169403,1
0.029254479333758354,1
0.19639267027378082,1
0.2547984719276428,1
0.09195403754711151,1
0.18823672831058502,1
0.1947871446609497,1
0.09557107090950012,1
0.0733783096075058,1
0.14625419676303864,1
0.18298889696598053,1
0.15754640102386475,1
0.19587735831737518,1
0.11975377053022385,1
0.11182993650436401,1
0.06515765935182571,1
0.12538966536521912,1
0.18920452892780304,1
0.13492415845394135,1
0.15736913681030273,1
0.1484784036874771,1
0.19706274569034576,1
0.10436283051967621,1
0.3990075886249542,1
0.15830983221530914,1
0.058964136987924576,1
0.1809045374393463,1
0.11719842255115509,1
0.09380561113357544,1
0.29120683670043945,1
0.24475321173667908,1
0.08942756801843643,1
0.2614569067955017,1
0.061854638159275055,1
0.11319040507078171,1
0.18941161036491394,1
0.24810829758644104,1
0.13395273685455322,1
0.17654721438884735,1
0.18843096494674683,1
0.2282099723815918,1
0.18829409778118134,1
0.17519617080688477,1
0.22372296452522278,1
0.3125321567058563,1
0.19166779518127441,1
0.19614379107952118,1
0.07982778549194336,1
0.2410828024148941,1
0.1507311314344406,1
0.15241965651512146,1
0.19606801867485046,1
0.07884135842323303,1
0.17305642366409302,1
0.18259719014167786,1
0.15578517317771912,1
0.1734979748725891,1
0.06874129176139832,1
0.28334808349609375,1
0.10298939049243927,1
0.11342435330152512,1
0.16762414574623108,1
0.21987603604793549,1
0.17006564140319824,1
0.21513615548610687,1
0.2366832047700882,1
0.10423503816127777,1
0.16341470181941986,1
0.21990330517292023,1
0.15427719056606293,1
0.11464054882526398,1
0.13718527555465698,1
0.17302486300468445,1
0.19782748818397522,1
0.10539831221103668,1
0.09833747893571854,1
0.13746517896652222,1
0.11310989409685135,1
0.18305495381355286,1
0.21823763847351074,1
0.20098930597305298,1
0.04224854335188866,1
0.11606646329164505,1
0.11521345376968384,1
0.044537365436553955,1
0.07636478543281555,1
0.07256313413381577,1
0.19380515813827515,1
0.15844738483428955,1
0.15913695096969604,1
0.17545294761657715,1
0.09550914168357849,1
0.26950961351394653,1
0.08137020468711853,1
0.06208197772502899,1
0.14489924907684326,1
0.21236741542816162,1
0.12038017809391022,1
0.10417454689741135,1
0.15105892717838287,1
0.08227954804897308,1
0.15133528411388397,1
0.2096744328737259,1
0.18639764189720154,1
0.13751858472824097,1
0.19004346430301666,1
0.11872674524784088,1
0.06759283691644669,1
0.09281837940216064,1
0.053117066621780396,1
0.2994334101676941,1
0.07071397453546524,1
0.1004335880279541,1
0.19637836515903473,1
0.07613901793956757,1
0.1527910828590393,1
0.24436138570308685,1
0.16517266631126404,1
0.2634115517139435,1
0.20546606183052063,1
0.11683736741542816,1
0.08393332362174988,1
0.16844409704208374,1
0.14800944924354553,1
0.339430034160614,1
0.11074119806289673,1
0.14965584874153137,1
0.11850367486476898,1
0.06427810341119766,1
0.2441505789756775,1
0.09732134640216827,1
0.08053269982337952,1
0.19612249732017517,1
0.17375189065933228,1
0.09659117460250854,1
0.21151860058307648,1
0.12805715203285217,1
0.2473074495792389,1
0.17995788156986237,1
0.348315566778183,1
0.26492568850517273,1
0.2611907422542572,1
0.4383704364299774,1
0.16878317296504974,1
0.10705026239156723,1
0.17039918899536133,1
0.10593999922275543,1
0.17623165249824524,1
0.25902819633483887,1
0.11539149284362793,1
0.14125581085681915,1
0.09049531072378159,1
0.16509635746479034,1
0.1160547062754631,1
0.21181651949882507,1
0.10853598266839981,1
0.08487742394208908,1
0.2305554449558258,1
0.1347254067659378,1
0.21994934976100922,1
0.1717534065246582,1
0.1852245032787323,1
0.11995435506105423,1
0.1368088573217392,1
0.08197782188653946,1
0.15111511945724487,1
0.14348964393138885,1
0.13155484199523926,1
0.18745820224285126,1
0.2725750207901001,1
0.05824045091867447,1
0.20686912536621094,1
0.08573493361473083,1
0.3030484914779663,1
0.1401919573545456,1
0.16039632260799408,1
0.11628252267837524,1
0.26751574873924255,1
0.14686830341815948,1
0.3318561613559723,1
0.21674004197120667,1
0.10000671446323395,1
0.19151943922042847,1
0.1267000287771225,1
0.21515613794326782,1
0.09416447579860687,1
0.20862434804439545,1
0.12685362994670868,1
0.25299811363220215,1
0.11297103762626648,1
0.1221531480550766,1
0.14809373021125793,1
0.0852389708161354,1
0.1938847303390503,1
0.22043325006961823,1
0.14754459261894226,1
0.11725649982690811,1
0.08348913490772247,1
0.11804279685020447,1
0.2849099338054657,1
0.2127622812986374,1
0.10363388061523438,1
0.1921899914741516,1
0.16124700009822845,1
0.175958052277565,1
0.1574544459581375,1
0.18688765168190002,1
0.04472073167562485,1
0.168234720826149,1
0.19200299680233002,1
0.17027050256729126,1
0.11806629598140717,1
0.26680266857147217,1
0.12038777768611908,1
0.24691005051136017,1
0.1359207034111023,1
0.1307821273803711,1
0.2745637893676758,1
0.24662594497203827,1
0.1330147087574005,1
0.03863758593797684,1
0.11831822246313095,1
0.10348495841026306,1
0.20699721574783325,1
0.24833698570728302,1
0.1807853728532791,1
0.1638052612543106,1
0.15755562484264374,1
0.1541125774383545,1
0.14946576952934265,1
0.06348375976085663,1
0.22959557175636292,1
0.07037749141454697,1
0.2776627540588379,1
0.14228281378746033,1
0.23112179338932037,1
0.14788447320461273,1
0.141837015748024,1
0.28974655270576477,1
0.17935022711753845,1
0.1293325573205948,1
0.17745384573936462,1
0.2475292980670929,1
0.3571920394897461,1
0.14037330448627472,1
0.10975722968578339,1
0.2367963343858719,1
0.13343536853790283,1
0.20707514882087708,1
0.13341329991817474,1
0.3900826871395111,1
0.08782614022493362,1
0.2046453356742859,1
0.36276036500930786,1
0.14475084841251373,1
0.13279475271701813,1
0.19411739706993103,1
0.30153191089630127,1
0.18295198678970337,1
0.2777467668056488,1
0.18542516231536865,1
0.19326239824295044,1
0.1977250874042511,1
0.16634993255138397,1
0.08165308833122253,1
0.11824648082256317,1
0.24285505712032318,1
0.16125690937042236,1
0.19064342975616455,1
0.08305588364601135,1
0.23017318546772003,1
0.17493928968906403,1
0.10497306287288666,1
0.1400146633386612,1
0.22692500054836273,1
0.40359336137771606,1
0.2304825782775879,1
0.14824657142162323,1
0.11614955961704254,1
0.14943444728851318,1
0.0882517546415329,1
0.36503952741622925,1
0.2832643389701843,1
0.09789623320102692,1
0.11127962172031403,1
0.1596032977104187,1
0.1655854880809784,1
0.16992565989494324,1
0.19056928157806396,1
0.11532366275787354,1
0.3119939863681793,1
0.25664022564888,1
0.1499452292919159,1
0.2564411759376526,1
0.18806341290473938,1
0.1726771742105484,1
0.12278570234775543,1
0.12209698557853699,1
0.23583894968032837,1
0.09101016819477081,1
0.28923436999320984,1
0.22698338329792023,1
0.22303660213947296,1
0.16219383478164673,1
0.0783875361084938,1
0.21384809911251068,1
0.08921121805906296,1
0.15461541712284088,1
0.22153620421886444,1
0.09398317337036133,1
0.2087600827217102,1
0.16641025245189667,1
0.1218220591545105,1
0.1494554728269577,1
0.22541755437850952,1
0.1951838731765747,1
0.2157927304506302,1
0.09591411799192429,1
0.11020869016647339,1
0.09889738261699677,1
0.18511798977851868,1
0.11632326245307922,1
0.07636494934558868,1
0.1772703230381012,1
0.10566698014736176,1
0.30029499530792236,1
0.31557387113571167,1
0.1710917204618454,1
0.2771849036216736,1
0.08418574929237366,1
0.18994562327861786,1
0.09247417002916336,1
0.20509235560894012,1
0.1612005978822708,1
0.21075604856014252,1
0.1470676064491272,1
0.1857696920633316,1
0.0901770144701004,1
0.09755512326955795,1
0.25811266899108887,1
0.07484517246484756,1
0.21403668820858002,1
0.1933312863111496,1
0.18957653641700745,1
0.09951761364936829,1
0.11076734960079193,1
0.10043733566999435,1
0.1144724041223526,1
0.3367679715156555,1
0.17481501400470734,1
0.1301690936088562,1
0.20150265097618103,1
0.07712104916572571,1
0.1180560290813446,1
0.2598342299461365,1
0.21086490154266357,1
0.09609944373369217,1
0.21612341701984406,1
0.08648853003978729,1
0.19013136625289917,1
0.07522983103990555,1
0.18496960401535034,1
0.29443836212158203,1
0.20573075115680695,1
0.06286317855119705,1
0.21154087781906128,1
0.24924764037132263,1
0.1516743004322052,1
0.2821151614189148,1
0.13076286017894745,1
0.13936591148376465,1
0.17496627569198608,1
0.21451517939567566,1
0.10586605221033096,1
0.12353350222110748,1
0.1722939908504486,1
0.14648711681365967,1
0.12574023008346558,1
0.20138244330883026,1
0.1700473129749298,1
0.0786750316619873,1
0.10323220491409302,1
0.4038656949996948,1
0.09657444804906845,1
0.20343244075775146,1
0.20525139570236206,1
0.17180103063583374,1
0.28763502836227417,1
0.046243272721767426,1
0.0996989905834198,1
0.09756386280059814,1
0.161081925034523,1
0.22441983222961426,1
0.18172423541545868,1
0.06983369588851929,1
0.18315556645393372,1
0.10916636884212494,1
0.15692564845085144,1
0.277265727519989,1
0.20740637183189392,1
0.31675609946250916,1
0.32551392912864685,1
0.18264804780483246,1
0.24256494641304016,1
0.20712393522262573,1
0.11132224649190903,1
0.32194411754608154,1
0.1990838199853897,1
0.14207956194877625,1
0.169247567653656,1
0.19979582726955414,1
0.23459826409816742,1
0.2232958972454071,1
0.22580313682556152,1
0.14820334315299988,1
0.1646413505077362,1
0.12301518023014069,1
0.1319609433412552,1
0.2065373808145523,1
0.11119934916496277,1
0.1934259980916977,1
0.18480464816093445,1
0.12857380509376526,1
0.07853935658931732,1
0.12281167507171631,1
0.08779042959213257,1
0.13305771350860596,1
0.16006746888160706,1
0.18815213441848755,1
0.14799590408802032,1
0.09221900999546051,1
0.1080741137266159,1
0.23651380836963654,1
0.26870641112327576,1
0.09678180515766144,1
0.14096784591674805,1
0.21166233718395233,1
0.1399962604045868,1
0.08805009722709656,1
0.22043807804584503,1
0.17371711134910583,1
0.10664752125740051,1
0.18187043070793152,1
0.17523962259292603,1
0.18433338403701782,1
0.2821456789970398,1
0.12307148426771164,1
0.24111072719097137,1
0.1825450360774994,1
0.24810442328453064,1
0.1235823854804039,1
0.22300300002098083,1
0.24144761264324188,1
0.11141825467348099,1
0.19299322366714478,1
0.13333480060100555,1
0.13466857373714447,1
0.15465834736824036,1
0.13926905393600464,1
0.12508949637413025,1
0.039387546479701996,1
0.17074452340602875,1
0.2803332805633545,1
0.20792321860790253,1
0.08351002633571625,1
0.232937291264534,1
0.16588309407234192,1
0.15160652995109558,1
0.14790576696395874,1
0.12174298614263535,1
0.16040369868278503,1
0.14085349440574646,1
0.2656150162220001,1
0.08811819553375244,1
0.19626788794994354,1
0.062479764223098755,1
0.09963557124137878,1
0.1471523642539978,1
0.23878471553325653,1
0.1581009030342102,1
0.25372928380966187,1
0.16377416253089905,1
0.20036080479621887,1
0.120428167283535,1
0.1946205198764801,1
0.12194543331861496,1
0.37256181240081787,1
0.14239484071731567,1
0.2268371433019638,1
0.10572653263807297,1
0.1633911430835724,1
0.14144004881381989,1
0.22520576417446136,1
0.12576059997081757,1
0.08679746836423874,1
0.15756578743457794,1
0.22376888990402222,1
0.072406105697155,1
0.2205551713705063,1
0.19385839998722076,1
0.10443136841058731,1
0.15204937756061554,1
0.13219217956066132,1
0.20717987418174744,1
0.17876940965652466,1
0.0791560634970665,1
0.14855694770812988,1
0.1588117480278015,1
0.1418100744485855,1
0.15182426571846008,1
0.18320100009441376,1
0.17909961938858032,1
0.233212411403656,1
0.04567720741033554,1
0.12574945390224457,1
0.24106477200984955,1
0.2198307365179062,1
0.28920644521713257,1
0.08469807356595993,1
0.16858822107315063,1
0.15189485251903534,1
0.15508702397346497,1
0.3617718815803528,1
0.2577234208583832,1
0.3318640887737274,1
0.24834656715393066,1
0.13566355407238007,1
0.20358482003211975,1
0.22927238047122955,1
0.12566977739334106,1
0.3053608238697052,1
0.2008132040500641,1
0.24450689554214478,1
0.23127983510494232,1
0.27878838777542114,1
0.15676072239875793,1
0.12851335108280182,1
0.07072576880455017,1
0.31387078762054443,1
0.18226592242717743,1
0.19232307374477386,1
0.14666755497455597,1
0.14454984664916992,1
0.27458295226097107,1
0.22730694711208344,1
0.24434779584407806,1
0.10450243949890137,1
0.2567974925041199,1
0.16909509897232056,1
0.049966782331466675,1
0.32903167605400085,1
0.12274524569511414,1
0.08831731975078583,1
0.14928795397281647,1
0.14505866169929504,1
0.1708524376153946,1
0.20627045631408691,1
0.23825868964195251,1
0.1453971564769745,1
0.09077532589435577,1
0.25246182084083557,1
0.1702316254377365,1
0.15734829008579254,1
0.15030036866664886,1
0.19626663625240326,1
0.12206263840198517,1
0.10376153141260147,1
0.1401088535785675,1
0.20176424086093903,1
0.10228533297777176,1
0.19464492797851563,1
0.12928950786590576,1
0.09229371696710587,1
0.22310870885849,1
0.3136075437068939,1
0.12024691700935364,1
0.15345636010169983,1
0.10735268890857697,1
0.1759319007396698,1
0.30293071269989014,1
0.12105931341648102,1
0.14548936486244202,1
0.24508607387542725,1
0.18114054203033447,1
0.14217372238636017,1
0.19383300840854645,1
0.1802676022052765,1
0.16410212218761444,1
0.3662393391132355,1
0.13906890153884888,1
0.19441993534564972,1
0.21167492866516113,1
0.14135369658470154,1
0.3249807357788086,1
0.3444903492927551,1
0.33699822425842285,1
0.050434090197086334,1
0.057708512991666794,1
0.15743324160575867,1
0.21566173434257507,1
0.04700980708003044,1
0.07216068357229233,1
0.14377018809318542,1
0.19709601998329163,1
0.14225506782531738,1
0.1391681432723999,1
0.28966736793518066,1
0.25188136100769043,1
0.28816890716552734,1
0.10875208675861359,1
0.11911636590957642,1
0.28081873059272766,1
0.20629072189331055,1
0.2259056121110916,1
0.06748978793621063,1
0.1628178060054779,1
0.0912928432226181,1
0.27731096744537354,1
0.196091428399086,1
0.1262219101190567,1
0.14719049632549286,1
0.08165852725505829,1
0.20163261890411377,1
0.13698966801166534,1
0.2917828857898712,1
0.13108719885349274,1
0.20164376497268677,1
0.1788705587387085,1
0.2661866545677185,1
0.13716129958629608,1
0.12624791264533997,1
0.09413684904575348,1
0.05825432389974594,1
0.07476389408111572,1
0.24861019849777222,1
0.24275314807891846,1
0.10797558724880219,1
0.06488847732543945,1
0.09966464340686798,1
0.3164527416229248,1
0.16537347435951233,1
0.1531621813774109,1
0.14868171513080597,1
0.1345979869365692,1
0.2944108247756958,1
0.22053563594818115,1
0.18147923052310944,1
0.38094401359558105,1
0.11004157364368439,1
0.16810964047908783,1
0.23618018627166748,1
0.2318391054868698,1
0.04815045744180679,1
0.24360136687755585,1
0.13458041846752167,1
0.1361285150051117,1
0.08042502403259277,1
0.1347203105688095,1
0.135927215218544,1
0.3862268030643463,1
0.1492464244365692,1
0.27889057993888855,1
0.16363686323165894,1
0.16295325756072998,1
0.0955762043595314,1
0.11331846565008163,1
0.12344112992286682,1
0.2688695788383484,1
0.1366479992866516,1
0.12146463990211487,1
0.15744644403457642,1
0.1336032599210739,1
0.20529472827911377,1
0.1979835480451584,1
0.11976213753223419,1
0.24142874777317047,1
0.2661629319190979,1
0.11447160691022873,1
0.2529391050338745,1
0.171373650431633,1
0.28750911355018616,1
0.20024359226226807,1
0.10597731918096542,1
0.19407498836517334,1
0.28400975465774536,1
0.06966125965118408,1
0.12221603095531464,1
0.21413205564022064,1
0.13355042040348053,1
0.15363530814647675,1
0.17801526188850403,1
0.23988670110702515,1
0.14846515655517578,1
0.18154561519622803,1
0.17400634288787842,1
0.2456304430961609,1
0.23778089880943298,1
0.0986645445227623,1
0.18783843517303467,1
0.2504173815250397,1
0.15319311618804932,1
0.2051263451576233,1
0.2829707860946655,1
0.18703636527061462,1
0.12656141817569733,1
0.1468529999256134,1
0.10361135005950928,1
0.23734532296657562,1
0.2715672254562378,1
0.1311936229467392,1
0.19827990233898163,1
0.11888133734464645,1
0.08706142753362656,1
0.10414217412471771,1
0.2284911870956421,1
0.11549782007932663,1
0.3055279552936554,1
0.21314603090286255,1
0.2399924397468567,1
0.2646365761756897,1
0.11721096187829971,1
0.16289140284061432,1
0.05048128589987755,1
0.1923983097076416,1
0.2165541648864746,1
0.31600841879844666,1
0.08827590197324753,1
0.14865437150001526,1
0.10743674635887146,1
0.10802273452281952,1
0.2506204843521118,1
0.19570863246917725,1
0.179973304271698,1
0.19662794470787048,1
0.044420622289180756,1
0.19046339392662048,1
0.06873021274805069,1
0.21011728048324585,1
0.20249417424201965,1
0.3756084740161896,1
0.10401999950408936,1
0.17505395412445068,1
0.12803778052330017,1
0.164606511592865,1
0.2094329297542572,1
0.11680660396814346,1
0.16319820284843445,1
0.45340976119041443,1
0.14621247351169586,1
0.07484608888626099,1
0.14798897504806519,1
0.18912142515182495,1
0.20447814464569092,1
0.13598737120628357,1
0.17246776819229126,1
0.04188689589500427,1
0.10141249001026154,1
0.14023073017597198,1
0.15226005017757416,1
0.10437463223934174,1
0.13810746371746063,1
0.1378885954618454,1
0.0980224609375,1
0.1804533451795578,1
0.15572316944599152,1
0.1189766675233841,1
0.3264191150665283,1
0.0763978436589241,1
0.12160696089267731,1
0.1742839515209198,1
0.12173087894916534,1
0.0961516797542572,1
0.1488906443119049,1
0.16690735518932343,1
0.130996435880661,1
0.20639961957931519,1
0.22246190905570984,1
0.08981309086084366,1
0.14711719751358032,1
0.09041256457567215,1
0.18764349818229675,1
0.10355544090270996,1
0.1441701501607895,1
0.25073671340942383,1
0.07888822257518768,1
0.11593680083751678,1
0.3028504550457001,1
0.197535440325737,1
0.06594818085432053,1
0.11090344935655594,1
0.14203467965126038,1
0.15651385486125946,1
0.0864451676607132,1
0.17718558013439178,1
0.23681646585464478,1
0.18239960074424744,1
0.2843576967716217,1
0.10199372470378876,1
0.17996755242347717,1
0.20262055099010468,1
0.11929025501012802,1
0.36934447288513184,1
0.12721873819828033,1
0.10222434997558594,1
0.20809946954250336,1
0.07735902070999146,1
0.16757655143737793,1
0.0458475723862648,1
0.14538602530956268,1
0.202724426984787,1
0.12922434508800507,1
0.1796984076499939,1
0.13174022734165192,1
0.1114199310541153,1
0.18777427077293396,1
0.1849546730518341,1
0.14247827231884003,1
0.2476528286933899,1
0.09060730040073395,1
0.13331590592861176,1
0.1140749454498291,1
0.241010382771492,1
0.23076702654361725,1
0.07539971172809601,1
0.12887980043888092,1
0.10728080570697784,1
0.07680930942296982,1
0.39006781578063965,1
0.11491703242063522,1
0.14409805834293365,1
0.20994800329208374,1
0.12474539875984192,1
0.1367434859275818,1
0.15407566726207733,1
0.10963171720504761,1
0.1253933310508728,1
0.1084677055478096,1
0.23665931820869446,1
0.2055567502975464,1
0.11358685046434402,1
0.12840810418128967,1
0.06592833995819092,1
0.22629180550575256,1
0.27391839027404785,1
0.18141871690750122,1
0.13509482145309448,1
0.13826864957809448,1
0.1266828328371048,1
0.1325642466545105,1
0.08800291270017624,1
0.15396419167518616,1
0.11337582767009735,1
0.1375407576560974,1
0.18215036392211914,1
0.1462767869234085,1
0.16237430274486542,1
0.10759952664375305,1
0.1817748099565506,1
0.18042385578155518,1
0.16997361183166504,1
0.10814529657363892,1
0.07282422482967377,1
0.119434654712677,1
0.13882745802402496,1
0.28026846051216125,1
0.20005051791667938,1
0.23749291896820068,1
0.1296818107366562,1
0.15763986110687256,1
0.1747359335422516,1
0.13953374326229095,1
0.1128319650888443,1
0.22017188370227814,1
0.2060135453939438,1
0.2275441288948059,1
0.2848103940486908,1
0.2854856848716736,1
0.16932788491249084,1
0.18980565667152405,1
0.26131322979927063,1
0.1531057506799698,1
0.22034090757369995,1
0.14642691612243652,1
0.13813193142414093,1
0.0830560028553009,1
0.06238369271159172,1
0.2483837902545929,1
0.055486395955085754,1
0.08903525024652481,1
0.12631584703922272,1
0.24771113693714142,1
0.23655565083026886,1
0.1323995590209961,1
0.19816535711288452,1
0.02457316778600216,1
0.17669641971588135,1
0.1499270796775818,1
0.19106537103652954,1
0.22617056965827942,1
0.18348711729049683,1
0.10089895874261856,1
0.08027735352516174,1
0.13995182514190674,1
0.3272711932659149,1
0.16181695461273193,1
0.17095190286636353,1
0.14328551292419434,1
0.11542096734046936,1
0.21909958124160767,1
0.09176547825336456,1
0.04946771264076233,1
0.1353933960199356,1
0.17132894694805145,1
0.5230764746665955,1
0.15565460920333862,1
0.11328322440385818,1
0.08898627758026123,1
0.1621199995279312,1
0.1519395112991333,1
0.12020723521709442,1
0.25625187158584595,1
0.18265816569328308,1
0.16525645554065704,1
0.2261180281639099,1
0.21874260902404785,1
0.2040191888809204,1
0.2862071394920349,1
0.11580406129360199,1
0.0810484066605568,1
0.14587263762950897,1
0.1442422717809677,1
0.20695874094963074,1
0.1360434889793396,1
0.15056473016738892,1
0.11638908088207245,1
0.09369298815727234,1
0.3300580680370331,1
0.24258068203926086,1
0.12441753596067429,1
0.19923922419548035,1
0.1275097131729126,1
0.23374995589256287,1
0.0997895672917366,1
0.14912916719913483,1
0.18176007270812988,1
0.25240573287010193,1
0.11180119216442108,1
0.1351597011089325,1
0.13318116962909698,1
0.11633364856243134,1
0.06691228598356247,1
0.13759344816207886,1
0.16593073308467865,1
0.1662135273218155,1
0.16238032281398773,1
0.22156617045402527,1
0.21494606137275696,1
0.16150805354118347,1
0.15293386578559875,1
0.07258965820074081,1
0.17236188054084778,1
0.15379583835601807,1
0.2232491374015808,1
0.19011318683624268,1
0.3034813702106476,1
0.17352037131786346,1
0.31872543692588806,1
0.07181990146636963,1
0.2907855808734894,1
0.1931423544883728,1
0.05362405255436897,1
0.2252868115901947,1
0.15304049849510193,1
0.1666179597377777,1
0.0650249496102333,1
0.1174132227897644,1
0.1366320252418518,1
0.12491535395383835,1
0.20116981863975525,1
0.19102126359939575,1
0.1515456587076187,1
0.11512269824743271,1
0.1340257078409195,1
0.14868122339248657,1
0.11560848355293274,1
0.19029901921749115,1
0.29125940799713135,1
0.1810719072818756,1
0.3493362069129944,1
0.14474470913410187,1
0.1640392243862152,1
0.09596990048885345,1
0.09017734974622726,1
0.27904242277145386,1
0.16856160759925842,1
0.19128483533859253,1
0.11492279917001724,1
0.17681708931922913,1
0.3075011968612671,1
0.1661449670791626,1
0.10221949219703674,1
0.06866036355495453,1
0.1509045511484146,1
0.21841759979724884,1
0.10765241086483002,1
0.2886582911014557,1
0.18259325623512268,1
0.1562873125076294,1
0.2646028697490692,1
0.11922281235456467,1
0.07780025899410248,1
0.07119022309780121,1
0.14811506867408752,1
0.17611706256866455,1
0.2581266164779663,1
0.15933211147785187,1
0.14926671981811523,1
0.17554236948490143,1
0.1400279998779297,1
0.07433687150478363,1
0.17211434245109558,1
0.19662949442863464,1
0.11977484822273254,1
0.1189822256565094,1
0.3227287828922272,1
0.302872896194458,1
0.16828890144824982,1
0.132931187748909,1
0.2232590764760971,1
0.023522192612290382,1
0.10001026093959808,1
0.2806363105773926,1
0.33492743968963623,1
0.09647095203399658,1
0.42495235800743103,1
0.08939068019390106,1
0.28026241064071655,1
0.14667768776416779,1
0.14275416731834412,1
0.22856011986732483,1
0.1434568464756012,1
0.17463895678520203,1
0.17756271362304688,1
0.16788093745708466,1
0.13032166659832,1
0.09135275334119797,1
0.11651576310396194,1
0.22647689282894135,1
0.2877748906612396,1
0.17020544409751892,1
0.14250457286834717,1
0.2257264256477356,1
0.2406301647424698,1
0.1179031953215599,1
0.046681877225637436,1
0.0843300148844719,1
0.12290363013744354,1
0.36297181248664856,1
0.18047741055488586,1
0.09746332466602325,1
0.19165176153182983,1
0.30790984630584717,1
0.27429234981536865,1
0.23659761250019073,1
0.20154033601284027,1
0.11327850818634033,1
0.15024274587631226,1
0.13370119035243988,1
0.08289038389921188,1
0.1700330674648285,1
0.12354010343551636,1
0.290397047996521,1
0.08090664446353912,1
0.31884971261024475,1
0.25735536217689514,1
0.11581841856241226,1
0.20529472827911377,1
0.140776127576828,1
0.1675492823123932,1
0.1445102095603943,1
0.23976784944534302,1
0.10598248988389969,1
0.1899486482143402,1
0.08196654915809631,1
0.17385424673557281,1
0.17181870341300964,1
0.1548827588558197,1
0.14669789373874664,1
0.2751949429512024,1
0.0994330644607544,1
0.18242572247982025,1
0.1170632392168045,1
0.14371821284294128,1
0.153477281332016,1
0.16239510476589203,1
0.13218551874160767,1
0.1981540322303772,1
0.05134330689907074,1
0.09120365977287292,1
0.3220334053039551,1
0.09309608489274979,1
0.1428481638431549,1
0.3264671266078949,1
0.09933583438396454,1
0.11728400737047195,1
0.18153250217437744,1
0.23575729131698608,1
0.27288705110549927,1
0.19023168087005615,1
0.1169518306851387,1
0.19566529989242554,1
0.2874453067779541,1
0.15669983625411987,1
0.15258248150348663,1
0.19847619533538818,1
0.06389595568180084,1
0.08357810229063034,1
0.23162494599819183,1
0.07285605370998383,1
0.14856836199760437,1
0.28076615929603577,1
0.17773249745368958,1
0.19239632785320282,1
0.3094119429588318,1
0.12705181539058685,1
0.09307317435741425,1
0.18379345536231995,1
0.13831807672977448,1
0.4251396358013153,1
0.09908586740493774,1
0.04593946784734726,1
0.1101190447807312,1
0.18267002701759338,1
0.11830903589725494,1
0.24832840263843536,1
0.22517921030521393,1
0.2848851680755615,1
0.38020092248916626,1
0.08298410475254059,1
0.1985023468732834,1
0.1021377444267273,1
0.08075103163719177,1
0.15708348155021667,1
0.0810905396938324,1
0.09790818393230438,1
0.18873563408851624,1
0.20664507150650024,1
0.07560230046510696,1
0.07940150052309036,1
0.10824763774871826,1
0.11491721123456955,1
0.2217521369457245,1
0.15392781794071198,1
0.16128963232040405,1
0.09487339854240417,1
0.1340855062007904,1
0.182987242937088,1
0.15371423959732056,1
0.13254964351654053,1
0.2909325957298279,1
0.07888402044773102,1
0.21534566581249237,1
0.20947173237800598,1
0.1390523910522461,1
0.07804504036903381,1
0.12656715512275696,1
0.14437654614448547,1
0.1406482756137848,1
0.1468917578458786,1
0.13320878148078918,1
0.11834791302680969,1
0.09012279659509659,1
0.1681538224220276,1
0.09736733138561249,1
0.159303680062294,1
0.08384038507938385,1
0.17179551720619202,1
0.2077120542526245,1
0.1918080449104309,1
0.24937517940998077,1
0.19214722514152527,1
0.10288339108228683,1
0.08132186532020569,1
0.20399436354637146,1
0.2916469871997833,1
0.3745426535606384,1
0.09992550313472748,1
0.1496250182390213,1
0.12043648958206177,1
0.20085154473781586,1
0.19508478045463562,1
0.1837817132472992,1
0.12444611638784409,1
0.06368877738714218,1
0.23058655858039856,1
0.27476614713668823,1
0.18652039766311646,1
0.11467321217060089,1
0.08586815744638443,1
0.21816468238830566,1
0.16079702973365784,1
0.12172666937112808,1
0.11747521162033081,1
0.2084263265132904,1
0.1512099802494049,1
0.1949109137058258,1
0.22052788734436035,1
0.09325321763753891,1
0.18703554570674896,1
0.31369614601135254,1
0.2348766326904297,1
0.06823201477527618,1
0.10531999915838242,1
0.18790435791015625,1
0.13504453003406525,1
0.1044100672006607,1
0.12770608067512512,1
0.3194425106048584,1
0.07255706936120987,1
0.1916632503271103,1
0.2394278347492218,1
0.1290990263223648,1
0.09915841370820999,1
0.15757930278778076,1
0.10135238617658615,1
0.040624961256980896,1
0.4192708730697632,1
0.18797822296619415,1
0.2588518559932709,1
0.11095906794071198,1
0.13890166580677032,1
0.37271255254745483,1
0.1476244032382965,1
0.09639033675193787,1
0.2407807856798172,1
0.08235368877649307,1
0.24174284934997559,1
0.27638036012649536,1
0.1228262335062027,1
0.2653508186340332,1
0.12917767465114594,1
0.1828320026397705,1
0.23281802237033844,1
0.08473408222198486,1
0.13820143043994904,1
0.2557017505168915,1
0.27251046895980835,1
0.3146020770072937,1
0.1634412556886673,1
0.21266813576221466,1
0.09359017014503479,1
0.2102309912443161,1
0.09518159925937653,1
0.15428940951824188,1
0.13138547539710999,1
0.39975863695144653,1
0.14742130041122437,1
0.22427575290203094,1
0.13052019476890564,1
0.1882653683423996,1
0.14691735804080963,1
0.12768873572349548,1
0.1455763578414917,1
0.10459132492542267,1
0.1945500522851944,1
0.13044968247413635,1
0.15746626257896423,1
0.11363188922405243,1
0.16232822835445404,1
0.14341777563095093,1
0.3628475069999695,1
0.1130591407418251,1
0.2130776196718216,1
0.07309986650943756,1
0.20458468794822693,1
0.17348650097846985,1
0.2645794451236725,1
0.258083701133728,1
0.17732034623622894,1
0.2318945825099945,1
0.1626017689704895,1
0.1521318256855011,1
0.08424559980630875,1
0.13163724541664124,1
0.379768043756485,1
0.07353641092777252,1
0.11588500440120697,1
0.21864256262779236,1
0.16824141144752502,1
0.2536467909812927,1
0.2028425931930542,1
0.08485937863588333,1
0.14880944788455963,1
0.21010811626911163,1
0.10819877684116364,1
0.11806505918502808,1
0.2933311462402344,1
0.1112457811832428,1
0.19115199148654938,1
0.17583957314491272,1
0.1056237444281578,1
0.1509370505809784,1
0.16303199529647827,1
0.15901020169258118,1
0.21526892483234406,1
0.22214673459529877,1
0.13017955422401428,1
0.11846527457237244,1
0.3258425295352936,1
0.13723260164260864,1
0.08641989529132843,1
0.0960022583603859,1
0.18760503828525543,1
0.18851076066493988,1
0.15600615739822388,1
0.12425440549850464,1
0.04515071585774422,1
0.17598506808280945,1
0.13813138008117676,1
0.09215708822011948,1
0.1145794615149498,1
0.20710068941116333,1
0.11681851744651794,1
0.1643669158220291,1
0.051089126616716385,1
0.22366610169410706,1
0.17635443806648254,1
0.1369868814945221,1
0.13773444294929504,1
0.1077418103814125,1
0.18058720231056213,1
0.10405657440423965,1
0.22820180654525757,1
0.23979032039642334,1
0.2532883286476135,1
0.12720222771167755,1
0.2585308253765106,1
0.2234976589679718,1
0.24872136116027832,1
0.11660321056842804,1
0.11791083961725235,1
0.11782757192850113,1
0.09900711476802826,1
0.16339506208896637,1
0.11024206131696701,1
0.26046353578567505,1
0.05655490979552269,1
0.40764057636260986,1
0.32656991481781006,1
0.12757380306720734,1
0.23166289925575256,1
0.22713862359523773,1
0.10420968383550644,1
0.10870062559843063,1
0.16332761943340302,1
0.19903501868247986,1
0.17057186365127563,1
0.09064452350139618,1
0.14395225048065186,1
0.2979356050491333,1
0.324188768863678,1
0.20014077425003052,1
0.07676827907562256,1
0.2971583604812622,1
0.06008237600326538,1
0.11645732820034027,1
0.14251837134361267,1
0.2015785574913025,1
0.2766510248184204,1
0.0836043506860733,1
0.08776035904884338,1
0.1421210765838623,1
0.3018391728401184,1
0.12359288334846497,1
0.19979292154312134,1
0.12888100743293762,1
0.23583970963954926,1
0.22180920839309692,1
0.11262082308530807,1
0.10858238488435745,1
0.2717222273349762,1
0.16708165407180786,1
0.18550683557987213,1
0.21163605153560638,1
0.2543236315250397,1
0.15210284292697906,1
0.08911195397377014,1
0.4151726961135864,1
0.1549791842699051,1
0.1840638667345047,1
0.12656694650650024,1
0.2295667827129364,1
0.09379516541957855,1
0.1446235030889511,1
0.16429954767227173,1
0.15209424495697021,1
0.07957789301872253,1
0.08079421520233154,1
0.06170377880334854,1
0.07648970931768417,1
0.14534421265125275,1
0.03511832281947136,1
0.1941928118467331,1
0.28123122453689575,1
0.2082309126853943,1
0.25771257281303406,1
0.19557131826877594,1
0.1360965222120285,1
0.05180659890174866,1
0.22576038539409637,1
0.2240172177553177,1
0.12001733481884003,1
0.17203456163406372,1
0.10495437681674957,1
0.16612258553504944,1
0.14426854252815247,1
0.19255854189395905,1
0.1086328998208046,1
0.2242519110441208,1
0.12921452522277832,1
0.1989862322807312,1
0.17208831012248993,1
0.2571130394935608,1
0.054058320820331573,1
0.2383120357990265,1
0.14189910888671875,1
0.2781981825828552,1
0.08617991954088211,1
0.23219309747219086,1
0.09644697606563568,1
0.288734495639801,1
0.21498429775238037,1
0.24461743235588074,1
0.15061888098716736,1
0.12291962653398514,1
0.07442919909954071,1
0.1306048035621643,1
0.12106001377105713,1
0.17191997170448303,1
0.1321999877691269,1
0.3172246217727661,1
0.08856450021266937,1
0.22972708940505981,1
0.14090971648693085,1
0.20307037234306335,1
0.18362684547901154,1
0.16679832339286804,1
0.1249537467956543,1
0.19108723104000092,1
0.048646025359630585,1
0.16188128292560577,1
0.2148270308971405,1
0.1863228976726532,1
0.12343490868806839,1
0.2951359748840332,1
0.2326536476612091,1
0.1038360595703125,1
0.207721546292305,1
0.1707090139389038,1
0.16621264815330505,1
0.13356707990169525,1
0.047104883939027786,1
0.10165923833847046,1
0.16178707778453827,1
0.1630859673023224,1
0.07010193914175034,1
0.18619737029075623,1
0.08341490477323532,1
0.10650807619094849,1
0.19694316387176514,1
0.11190317571163177,1
0.1263829618692398,1
0.38919055461883545,1
0.2932789921760559,1
0.06048772484064102,1
0.19034028053283691,1
0.21999603509902954,1
0.14245347678661346,1
0.20711876451969147,1
0.13785064220428467,1
0.15279918909072876,1
0.09732843935489655,1
0.0790846049785614,1
0.2048257291316986,1
0.19596482813358307,1
0.07834666967391968,1
0.15912890434265137,1
0.18612238764762878,1
0.12734948098659515,1
0.255939781665802,1
0.16479170322418213,1
0.22684432566165924,1
0.11959788203239441,1
0.19768311083316803,1
0.13823716342449188,1
0.12384763360023499,1
0.1282370239496231,1
0.24581243097782135,1
0.07794703543186188,1
0.04489339143037796,1
0.30090367794036865,1
0.042448755353689194,1
0.11114319413900375,1
0.1828925758600235,1
0.21915361285209656,1
0.2523685395717621,1
0.29678019881248474,1
0.1874576359987259,1
0.2520274817943573,1
0.14729836583137512,1
0.07135041058063507,1
0.1861022263765335,1
0.19796046614646912,1
0.18151137232780457,1
0.21622979640960693,1
0.11574627459049225,1
0.07765206694602966,1
0.20922130346298218,1
0.45524516701698303,1
0.17167878150939941,1
0.18116764724254608,1
0.16874787211418152,1
0.05480754002928734,1
0.07515338808298111,1
0.21779462695121765,1
0.3082863986492157,1
0.1348501294851303,1
0.2548762857913971,1
0.10794295370578766,1
0.1393735408782959,1
0.15573619306087494,1
0.1523151993751526,1
0.0675131157040596,1
0.12629258632659912,1
0.14087235927581787,1
0.3886709213256836,1
0.15485528111457825,1
0.1649056077003479,1
0.21568238735198975,1
0.1945640593767166,1
0.11543945223093033,1
0.1384609341621399,1
0.10020928084850311,1
0.28731900453567505,1
0.1846858561038971,1
0.11733213812112808,1
0.10733389109373093,1
0.15104161202907562,1
0.110527902841568,1
0.14358550310134888,1
0.22560346126556396,1
0.3720870614051819,1
0.25790345668792725,1
0.177313432097435,1
0.2962228059768677,1
0.23855867981910706,1
0.22011038661003113,1
0.3089001774787903,1
0.23893478512763977,1
0.14141277968883514,1
0.1525566577911377,1
0.0880233496427536,1
0.19722458720207214,1
0.11164753884077072,1
0.24776434898376465,1
0.05882742255926132,1
0.30241459608078003,1
0.20705358684062958,1
0.16651397943496704,1
0.1774631142616272,1
0.09895841777324677,1
0.15560314059257507,1
0.19041050970554352,1
0.2516941726207733,1
0.08715350180864334,1
0.17740465700626373,1
0.12369922548532486,1
0.16625292599201202,1
0.226644828915596,1
0.2820863723754883,1
0.10864183306694031,1
0.1417759209871292,1
0.046170637011528015,1
0.23143258690834045,1
0.10589003562927246,1
0.2730567455291748,1
0.05785749852657318,1
0.15447260439395905,1
0.1520296335220337,1
0.1411154568195343,1
0.18193519115447998,1
0.1416325718164444,1
0.05622776225209236,1
0.1613534390926361,1
0.07624343037605286,1
0.114622101187706,1
0.11157697439193726,1
0.10573792457580566,1
0.1181335598230362,1
0.11744967848062515,1
0.19259501993656158,1
0.46835798025131226,1
0.18167951703071594,1
0.17084157466888428,1
0.07848498970270157,1
0.13804523646831512,1
0.08283078670501709,1
0.12015394866466522,1
0.23892104625701904,1
0.13812057673931122,1
0.16691209375858307,1
0.15768234431743622,1
0.14127987623214722,1
0.11955459415912628,1
0.16085875034332275,1
0.18730947375297546,1
0.16590909659862518,1
0.31286442279815674,1
0.11725756525993347,1
0.273165225982666,1
0.16937255859375,1
0.13879536092281342,1
0.2501213848590851,1
0.2604443430900574,1
0.1334066092967987,1
0.22428110241889954,1
0.12001410126686096,1
0.12713120877742767,1
0.15460807085037231,1
0.1282019317150116,1
0.11642242223024368,1
0.13969042897224426,1
0.3075084686279297,1
0.07639557868242264,1
0.19410568475723267,1
0.22288525104522705,1
0.15804025530815125,1
0.1338806301355362,1
0.36940085887908936,1
0.13531982898712158,1
0.06923981755971909,1
0.27385613322257996,1
0.14063884317874908,1
0.18839213252067566,1
0.25721433758735657,1
0.1554461419582367,1
0.20551930367946625,1
0.06321167945861816,1
0.236199289560318,1
0.2572917938232422,1
0.24800065159797668,1
0.1482439935207367,1
0.12924575805664063,1
0.14507809281349182,1
0.09505108743906021,1
0.1319349706172943,1
0.22628626227378845,1
0.11962845921516418,1
0.10870657116174698,1
0.44766664505004883,1
0.11842990666627884,1
0.20095551013946533,1
0.11456045508384705,1
0.0952940285205841,1
0.3465452492237091,1
0.17492689192295074,1
0.19798161089420319,1
0.19760385155677795,1
0.09381387382745743,1
0.17161668837070465,1
0.21313358843326569,1
0.12333189696073532,1
0.1459115743637085,1
0.14270734786987305,1
0.22794309258460999,1
0.1665409803390503,1
0.18049132823944092,1
0.10128629207611084,1
0.04965290427207947,1
0.16445061564445496,1
0.10882924497127533,1
0.07318707555532455,1
0.14921101927757263,1
0.2061111479997635,1
0.08524028956890106,1
0.15471722185611725,1
0.3053692579269409,1
0.20754912495613098,1
0.3349132239818573,1
0.19413606822490692,1
0.08545972406864166,1
0.1836397647857666,1
0.22226582467556,1
0.1112750992178917,1
0.15889018774032593,1
0.12330759316682816,1
0.14193928241729736,1
0.11140336096286774,1
0.45300137996673584,1
0.2549832761287689,1
0.09095492959022522,1
0.12655189633369446,1
0.20399832725524902,1
0.07977394759654999,1
0.1431807428598404,1
0.1550596058368683,1
0.19608625769615173,1
0.10533886402845383,1
0.15282806754112244,1
0.0879354178905487,1
0.1333787739276886,1
0.17810361087322235,1
0.1532134711742401,1
0.10080818831920624,1
0.11682745814323425,1
0.10811926424503326,1
0.2570876479148865,1
0.13561388850212097,1
0.11400267481803894,1
0.11151068657636642,1
0.14516688883304596,1
0.12878432869911194,1
0.111666239798069,1
0.11386716365814209,1
0.1931065320968628,1
0.182435542345047,1
0.2035445272922516,1
0.14502586424350739,1
0.14956428110599518,1
0.08458638191223145,1
0.21138577163219452,1
0.09978452324867249,1
0.1506529450416565,1
0.1845630407333374,1
0.07306311279535294,1
0.15276694297790527,1
0.12616321444511414,1
0.23939087986946106,1
0.13118013739585876,1
0.07420165836811066,1
0.22647136449813843,1
0.14117209613323212,1
0.20687943696975708,1
0.2111661732196808,1
0.1523497849702835,1
0.08355231583118439,1
0.12485227733850479,1
0.07007157802581787,1
0.09737074375152588,1
0.15362533926963806,1
0.19773682951927185,1
0.15639762580394745,1
0.16207271814346313,1
0.2414046823978424,1
0.19781911373138428,1
0.10856807976961136,1
0.10126367956399918,1
0.08768115192651749,1
0.18453682959079742,1
0.1136084496974945,1
0.13204661011695862,1
0.05629193037748337,1
0.08361241966485977,1
0.06155005842447281,1
0.1628735363483429,1
0.11093010008335114,1
0.08868277817964554,1
0.16867707669734955,1
0.22579555213451385,1
0.26493754982948303,1
0.20478063821792603,1
0.11777214705944061,1
0.22339877486228943,1
0.15400421619415283,1
0.09401930868625641,1
0.14057669043540955,1
0.13077108561992645,1
0.1080375611782074,1
0.19365081191062927,1
0.16631688177585602,1
0.08374729752540588,1
0.16470757126808167,1
0.23003435134887695,1
0.3416091203689575,1
0.17321211099624634,1
0.26783642172813416,1
0.15961572527885437,1
0.12424850463867188,1
0.12939123809337616,1
0.22971267998218536,1
0.18219062685966492,1
0.24468117952346802,1
0.12350909411907196,1
0.08474000543355942,1
0.18691003322601318,1
0.13928255438804626,1
0.19690638780593872,1
0.052181944251060486,1
0.15413226187229156,1
0.13602180778980255,1
0.17870277166366577,1
0.18505670130252838,1
0.051625579595565796,1
0.15256525576114655,1
0.06851041316986084,1
0.16739746928215027,1
0.05479158088564873,1
0.14117415249347687,1
0.1351885348558426,1
0.15286388993263245,1
0.17987476289272308,1
0.08656579256057739,1
0.02252431958913803,1
0.2718372046947479,1
0.1232401430606842,1
0.17367872595787048,1
0.08833131194114685,1
0.11888713389635086,1
0.10259507596492767,1
0.12691104412078857,1
0.12960591912269592,1
0.152449831366539,1
0.11956329643726349,1
0.13942211866378784,1
0.12709157168865204,1
0.21119797229766846,1
0.15392881631851196,1
0.1895168572664261,1
0.09028409421443939,1
0.31390380859375,1
0.18442729115486145,1
0.2990992069244385,1
0.10545412451028824,1
0.2147870808839798,1
0.13241171836853027,1
0.14118409156799316,1
0.04183562099933624,1
0.18766868114471436,1
0.07232548296451569,1
0.28211742639541626,1
0.2877517640590668,1
0.07604759931564331,1
0.23989465832710266,1
0.14878125488758087,1
0.11442878097295761,1
0.2191626876592636,1
0.1106242910027504,1
0.24188926815986633,1
0.1505923867225647,1
0.12502500414848328,1
0.09289950877428055,1
0.15210913121700287,1
0.2516862750053406,1
0.18141192197799683,1
0.10875774919986725,1
0.043077342212200165,1
0.20661494135856628,1
0.25174814462661743,1
0.19619250297546387,1
0.1030326634645462,1
0.06851748377084732,1
0.14519639313220978,1
0.09183095395565033,1
0.119442418217659,1
0.297982782125473,1
0.16829606890678406,1
0.1367451399564743,1
0.10868130624294281,1
0.28912460803985596,1
0.27343133091926575,1
0.11006815731525421,1
0.25596797466278076,1
0.12807156145572662,1
0.09396733343601227,1
0.20901800692081451,1
0.04902559146285057,1
0.09537732601165771,1
0.12322598695755005,1
0.12233828753232956,1
0.06853100657463074,1
0.08651792258024216,1
0.11145564913749695,1
0.20604878664016724,1
0.30787137150764465,1
0.09044365584850311,1
0.11241165548563004,1
0.057683542370796204,1
0.29995131492614746,1
0.10744214057922363,1
0.1290472447872162,1
0.09246686846017838,1
0.08911764621734619,1
0.1696641892194748,1
0.12711811065673828,1
0.13156655430793762,1
0.29359716176986694,1
0.15314333140850067,1
0.133406862616539,1
0.15727953612804413,1
0.21169981360435486,1
0.1187129095196724,1
0.15425460040569305,1
0.10594102740287781,1
0.1478235423564911,1
0.1614433079957962,1
0.1381927728652954,1
0.20478519797325134,1
0.13524842262268066,1
0.11125266551971436,1
0.1602236032485962,1
0.09014448523521423,1
0.10129470378160477,1
0.131242573261261,1
0.09283678233623505,1
0.18337222933769226,1
0.34960484504699707,1
0.15870016813278198,1
0.2130786031484604,1
0.11930231750011444,1
0.19671694934368134,1
0.12003675848245621,1
0.1283288151025772,1
0.24634987115859985,1
0.1801585853099823,1
0.09378522634506226,1
0.23930791020393372,1
0.1340368390083313,1
0.18762965500354767,1
0.17238283157348633,1
0.21162815392017365,1
0.18846753239631653,1
0.20405200123786926,1
0.2684086263179779,1
0.09016725420951843,1
0.08764564990997314,1
0.15155558288097382,1
0.13542141020298004,1
0.15671096742153168,1
0.13030311465263367,1
0.17138151824474335,1
0.35235029458999634,1
0.1066894680261612,1
0.09934922307729721,1
0.25577598810195923,1
0.39080265164375305,1
0.10891871154308319,1
0.19821813702583313,1
0.1793891191482544,1
0.20790895819664001,1
0.11096283793449402,1
0.09325765073299408,1
0.10286589711904526,1
0.26383867859840393,1
0.10936865955591202,1
0.12492626905441284,1
0.2581824064254761,1
0.048751890659332275,1
0.0835309624671936,1
0.09780579805374146,1
0.23330670595169067,1
0.11703598499298096,1
0.17064139246940613,1
0.2891134023666382,1
0.12707142531871796,1
0.15942412614822388,1
0.2282303273677826,1
0.19885516166687012,1
0.21295566856861115,1
0.2978593111038208,1
0.21194371581077576,1
0.2087886929512024,1
0.09865769743919373,1
0.11204651743173599,1
0.16833308339118958,1
0.287089467048645,1
0.23436683416366577,1
0.09615140408277512,1
0.20050030946731567,1
0.14525723457336426,1
0.16438400745391846,1
0.26479896903038025,1
0.11885914206504822,1
0.14235684275627136,1
0.15684306621551514,1
0.08753283321857452,1
0.12591657042503357,1
0.23239344358444214,1
0.24585655331611633,1
0.12263291329145432,1
0.11590352654457092,1
0.2686094641685486,1
0.07453538477420807,1
0.17131905257701874,1
0.1800229847431183,1
0.15573301911354065,1
0.10831165313720703,1
0.1300491988658905,1
0.22692738473415375,1
0.14518694579601288,1
0.22331881523132324,1
0.13036954402923584,1
0.25025466084480286,1
0.24110037088394165,1
0.15788546204566956,1
0.2495763599872589,1
0.1296003758907318,1
0.11317376792430878,1
0.13791505992412567,1
0.25060153007507324,1
0.15022775530815125,1
0.19719891250133514,1
0.14758557081222534,1
0.08881603181362152,1
0.13081908226013184,1
0.28661370277404785,1
0.20085479319095612,1
0.2532547414302826,1
0.11586785316467285,1
0.40716731548309326,1
0.08327342569828033,1
0.19011101126670837,1
0.07231832295656204,1
0.1198260560631752,1
0.13017761707305908,1
0.10905150324106216,1
0.1814548373222351,1
0.1342124044895172,1
0.12675076723098755,1
0.2428668737411499,1
0.09130585193634033,1
0.0925208255648613,1
0.272146999835968,1
0.09466587007045746,1
0.14021974802017212,1
0.24907712638378143,1
0.22208984196186066,1
0.133437842130661,1
0.3363642990589142,1
0.14170661568641663,1
0.0673706978559494,1
0.16869930922985077,1
0.13396185636520386,1
0.2764197587966919,1
0.31438809633255005,1
0.14671668410301208,1
0.09330376982688904,1
0.2061607539653778,1
0.14635074138641357,1
0.2479797899723053,1
0.15858930349349976,1
0.14006780087947845,1
0.16397789120674133,1
0.07838115096092224,1
0.16249313950538635,1
0.1198650524020195,1
0.08277598023414612,1
0.31020721793174744,1
0.1674841344356537,1
0.20286622643470764,1
0.2874918580055237,1
0.15339237451553345,1
0.33446189761161804,1
0.13316257297992706,1
0.07957631349563599,1
0.12579700350761414,1
0.18651531636714935,1
0.16672226786613464,1
0.06884972751140594,1
0.0769120454788208,1
0.24654191732406616,1
0.30945518612861633,1
0.32020026445388794,1
0.12361074984073639,1
0.08906075358390808,1
0.07967421412467957,1
0.2588532269001007,1
0.2107459008693695,1
0.09698440879583359,1
0.10637526214122772,1
0.16012771427631378,1
0.25472110509872437,1
0.10699457675218582,1
0.2794390022754669,1
0.214726984500885,1
0.14183562994003296,1
0.21539950370788574,1
0.2061232030391693,1
0.11308307945728302,1
0.2023548036813736,1
0.2458631694316864,1
0.1600217968225479,1
0.2261343002319336,1
0.17278334498405457,1
0.14182505011558533,1
0.15547439455986023,1
0.16404666006565094,1
0.09507664293050766,1
0.21781025826931,1
0.21708324551582336,1
0.17201611399650574,1
0.1909259408712387,1
0.17832417786121368,1
0.19836527109146118,1
0.12355871498584747,1
0.15173953771591187,1
0.08976850658655167,1
0.08069528639316559,1
0.314314067363739,1
0.22041970491409302,1
0.28112947940826416,1
0.19368022680282593,1
0.12841284275054932,1
0.10665357112884521,1
0.11489485949277878,1
0.24571940302848816,1
0.1430334597826004,1
0.10269667208194733,1
0.11799564957618713,1
0.1625751256942749,1
0.04275187849998474,1
0.08270850032567978,1
0.11672591418027878,1
0.2562503218650818,1
0.21180856227874756,1
0.23605279624462128,1
0.16126248240470886,1
0.31051376461982727,1
0.15266987681388855,1
0.16679252684116364,1
0.17596013844013214,1
0.09665936231613159,1
0.28826311230659485,1
0.12702316045761108,1
0.21420547366142273,1
0.09043937921524048,1
0.0861935093998909,1
0.1516813039779663,1
0.15290610492229462,1
0.18507130444049835,1
0.25737154483795166,1
0.11114481091499329,1
0.1456793248653412,1
0.14282743632793427,1
0.19022276997566223,1
0.18315081298351288,1
0.1804807335138321,1
0.18868368864059448,1
0.3177074193954468,1
0.2235737293958664,1
0.5188074111938477,1
0.06769208610057831,1
0.14520320296287537,1
0.20220373570919037,1
0.2428501397371292,1
0.2573378086090088,1
0.12007707357406616,1
0.15881216526031494,1
0.050877127796411514,1
0.15682607889175415,1
0.09816281497478485,1
0.10863065719604492,1
0.26430338621139526,1
0.17169536650180817,1
0.19616712629795074,1
0.24614199995994568,1
0.13585470616817474,1
0.13672856986522675,1
0.20900599658489227,1
0.2141801118850708,1
0.12916705012321472,1
0.2692432701587677,1
0.16118019819259644,1
0.12460415810346603,1
0.08551064133644104,1
0.07449796795845032,1
0.20285890996456146,1
0.11787179112434387,1
0.24830926954746246,1
0.42916566133499146,1
0.09909754246473312,1
0.07496928423643112,1
0.19207607209682465,1
0.2154652625322342,1
0.11902043223381042,1
0.12343122065067291,1
0.09992612898349762,1
0.2085457742214203,1
0.29115235805511475,1
0.33531907200813293,1
0.1409982591867447,1
0.3339974880218506,1
0.065533846616745,1
0.2188986837863922,1
0.17912603914737701,1
0.24411270022392273,1
0.14761537313461304,1
0.09452833235263824,1
0.24580691754817963,1
0.06591077148914337,1
0.2512539327144623,1
0.18146148324012756,1
0.04294568672776222,1
0.15884828567504883,1
0.18166440725326538,1
0.19593828916549683,1
0.23788389563560486,1
0.06924636662006378,1
0.25821420550346375,1
0.16331355273723602,1
0.1453898847103119,1
0.08241770416498184,1
0.39264023303985596,1
0.22875039279460907,1
0.1228506937623024,1
0.2068803608417511,1
0.19542115926742554,1
0.08030802011489868,1
0.07294247299432755,1
0.22070017457008362,1
0.15184687077999115,1
0.33646681904792786,1
0.12291647493839264,1
0.13720795512199402,1
0.13326343894004822,1
0.06908732652664185,1
0.08269442617893219,1
0.10875387489795685,1
0.11011610925197601,1
0.20360152423381805,1
0.29748228192329407,1
0.25934821367263794,1
0.08797907829284668,1
0.31369104981422424,1
0.09633742272853851,1
0.09905394911766052,1
0.4951552152633667,1
0.20537114143371582,1
0.09414450824260712,1
0.12435890734195709,1
0.28707611560821533,1
0.11630723625421524,1
0.09690407663583755,1
0.13871291279792786,1
0.2134709507226944,1
0.15784475207328796,1
0.3130999803543091,1
0.10218045115470886,1
0.10388486832380295,1
0.05494941771030426,1
0.2692307233810425,1
0.1671033352613449,1
0.21203596889972687,1
0.1577969342470169,1
0.14857356250286102,1
0.12295293062925339,1
0.14966349303722382,1
0.08038001507520676,1
0.2349875420331955,1
0.08616331964731216,1
0.1779683381319046,1
0.10686948895454407,1
0.18266218900680542,1
0.23496267199516296,1
0.27074262499809265,1
0.12421750277280807,1
0.13837331533432007,1
0.10553207993507385,1
0.16506029665470123,1
0.09474106878042221,1
0.11185020208358765,1
0.30718231201171875,1
0.13783496618270874,1
0.14004355669021606,1
0.2102692574262619,1
0.19209587574005127,1
0.21309511363506317,1
0.10519029200077057,1
0.2466646432876587,1
0.20189498364925385,1
0.24911373853683472,1
0.18817755579948425,1
0.11940113455057144,1
0.17878398299217224,1
0.22887881100177765,1
0.1453603357076645,1
0.07885225117206573,1
0.08751257508993149,1
0.24984867870807648,1
0.1706009805202484,1
0.18836799263954163,1
0.18604673445224762,1
0.2042570263147354,1
0.10528888553380966,1
0.09404304623603821,1
0.13226458430290222,1
0.1876409947872162,1
0.2049691379070282,1
0.25731170177459717,1
0.13015815615653992,1
0.11717122048139572,1
0.16655033826828003,1
0.12298145890235901,1
0.09709291160106659,1
0.2724209129810333,1
0.26858294010162354,1
0.09166865050792694,1
0.0693192109465599,1
0.11945740878582001,1
0.17905837297439575,1
0.24829791486263275,1
0.12498538196086884,1
0.12755921483039856,1
0.24559493362903595,1
0.09130293875932693,1
0.11602143943309784,1
0.23573292791843414,1
0.05361213535070419,1
0.11951388418674469,1
0.0837913304567337,1
0.08701276779174805,1
0.0742015466094017,1
0.2806072235107422,1
0.1754046231508255,1
0.13274118304252625,1
0.14998678863048553,1
0.051429808139801025,1
0.4869651198387146,1
0.13541406393051147,1
0.40136241912841797,1
0.10655422508716583,1
0.11526160687208176,1
0.07840923964977264,1
0.14539676904678345,1
0.269049733877182,1
0.1301269233226776,1
0.17167025804519653,1
0.20423662662506104,1
0.2751350700855255,1
0.11207423359155655,1
0.16484393179416656,1
0.11219919472932816,1
0.15766990184783936,1
0.11156181991100311,1
0.2694338262081146,1
0.09552441537380219,1
0.17383849620819092,1
0.13359054923057556,1
0.20255425572395325,1
0.06157689541578293,1
0.21406014263629913,1
0.15622173249721527,1
0.23365530371665955,1
0.3184196650981903,1
0.12077677249908447,1
0.27227723598480225,1
0.1414012759923935,1
0.11257050931453705,1
0.44438427686691284,1
0.5031293034553528,1
0.15852326154708862,1
0.2549017071723938,1
0.12753650546073914,1
0.11977031081914902,1
0.1883142590522766,1
0.17665402591228485,1
0.2413407564163208,1
0.12152549624443054,1
0.2580968737602234,1
0.1328149437904358,1
0.3006456792354584,1
0.1991208791732788,1
0.0743928775191307,1
0.24776819348335266,1
0.1136896088719368,1
0.14954794943332672,1
0.1753828078508377,1
0.23900094628334045,1
0.22507448494434357,1
0.2954994738101959,1
0.09515261650085449,1
0.12018924206495285,1
0.12781544029712677,1
0.17298977077007294,1
0.09049119055271149,1
0.11891470104455948,1
0.09334547817707062,1
0.13288961350917816,1
0.15809696912765503,1
0.07400179654359818,1
0.2773391604423523,1
0.12510305643081665,1
0.14651529490947723,1
0.18617883324623108,1
0.27194392681121826,1
0.18771570920944214,1
0.2428687959909439,1
0.15814174711704254,1
0.09535158425569534,1
0.35211777687072754,1
0.16132976114749908,1
0.09379533678293228,1
0.09366831183433533,1
0.21951499581336975,1
0.08747786283493042,1
0.09975934028625488,1
0.13917624950408936,1
0.25522172451019287,1
0.15998536348342896,1
0.14129650592803955,1
0.16213656961917877,1
0.09791490435600281,1
0.15218093991279602,1
0.3182520866394043,1
0.15628081560134888,1
0.15294161438941956,1
0.21698494255542755,1
0.11187085509300232,1
0.16297267377376556,1
0.29580485820770264,1
0.20010636746883392,1
0.3239155411720276,1
0.2563192844390869,1
0.24881061911582947,1
0.06416155397891998,1
0.05238673463463783,1
0.21596598625183105,1
0.09000387787818909,1
0.1862819343805313,1
0.10115005075931549,1
0.0845525860786438,1
0.24981778860092163,1
0.09534548968076706,1
0.16560129821300507,1
0.1621381789445877,1
0.16961972415447235,1
0.1832459270954132,1
0.07390096783638,1
0.14718635380268097,1
0.11820848286151886,1
0.23165883123874664,1
0.2636496424674988,1
0.26855963468551636,1
0.08621107786893845,1
0.09635494649410248,1
0.19684866070747375,1
0.0604608952999115,1
0.35193127393722534,1
0.15818160772323608,1
0.23119857907295227,1
0.10895359516143799,1
0.11251913011074066,1
0.1454002857208252,1
0.11434457451105118,1
0.25655198097229004,1
0.3488994240760803,1
0.3437943458557129,1
0.16309475898742676,1
0.1183275580406189,1
0.14391665160655975,1
0.17940393090248108,1
0.12263038754463196,1
0.040703997015953064,1
0.10331924259662628,1
0.1315518170595169,1
0.11169862747192383,1
0.13168440759181976,1
0.19347724318504333,1
0.12690654397010803,1
0.13795584440231323,1
0.14107216894626617,1
0.21577739715576172,1
0.26777467131614685,1
0.16694276034832,1
0.1218009889125824,1
0.18038123846054077,1
0.16922813653945923,1
0.12880848348140717,1
0.25883936882019043,1
0.12539586424827576,1
0.15706203877925873,1
0.07125017791986465,1
0.3390897810459137,1
0.339754194021225,1
0.0469396635890007,1
0.15410926938056946,1
0.3511924743652344,1
0.13937263190746307,1
0.12198573350906372,1
0.22105525434017181,1
0.17374953627586365,1
0.19280412793159485,1
0.10442345589399338,1
0.13829943537712097,1
0.13522151112556458,1
0.1655309498310089,1
0.16507257521152496,1
0.10077725350856781,1
0.16899120807647705,1
0.2782853841781616,1
0.1575257033109665,1
0.1937069445848465,1
0.18407565355300903,1
0.20120200514793396,1
0.057361431419849396,1
0.12064897269010544,1
0.29310280084609985,1
0.10870711505413055,1
0.10276122391223907,1
0.16635704040527344,1
0.20422443747520447,1
0.2188260704278946,1
0.17997175455093384,1
0.16248422861099243,1
0.247839093208313,1
0.07486575841903687,1
0.10769883543252945,1
0.3132949471473694,1
0.2118881791830063,1
0.21500928699970245,1
0.36389559507369995,1
0.0810641199350357,1
0.12900987267494202,1
0.14308536052703857,1
0.16395986080169678,1
0.09711706638336182,1
0.1473577618598938,1
0.12647290527820587,1
0.17337283492088318,1
0.2093399167060852,1
0.20899833738803864,1
0.36466410756111145,1
0.09256348013877869,1
0.1046946719288826,1
0.10836885124444962,1
0.13196277618408203,1
0.19436827301979065,1
0.20360815525054932,1
0.08801256120204926,1
0.08573941886425018,1
0.11627405136823654,1
0.14536415040493011,1
0.08064524829387665,1
0.1143893152475357,1
0.1312902420759201,1
0.13847269117832184,1
0.15610846877098083,1
0.1232970580458641,1
0.19634711742401123,1
0.1964561492204666,1
0.1240144744515419,1
0.08946092426776886,1
0.15832313895225525,1
0.06919829547405243,1
0.13465464115142822,1
0.12780256569385529,1
0.16360481083393097,1
0.08959390223026276,1
0.36244887113571167,1
0.10551616549491882,1
0.1553809493780136,1
0.09985533356666565,1
0.2151883989572525,1
0.09161491692066193,1
0.15433986485004425,1
0.335672527551651,1
0.14585909247398376,1
0.09502774477005005,1
0.20903372764587402,1
0.30926060676574707,1
0.2360210120677948,1
0.07314028590917587,1
0.11481271684169769,1
0.379937082529068,1
0.1449398547410965,1
0.1120714321732521,1
0.10381036251783371,1
0.2542925179004669,1
0.12472525238990784,1
0.10404148697853088,1
0.18528583645820618,1
0.2243516594171524,1
0.10266967117786407,1
0.26426243782043457,1
0.1274828463792801,1
0.22511237859725952,1
0.1212807446718216,1
0.15621303021907806,1
0.09575001895427704,1
0.19372916221618652,1
0.12639418244361877,1
0.1551961600780487,1
0.1714068502187729,1
0.13758498430252075,1
0.2192469835281372,1
0.2518857419490814,1
0.1655210256576538,1
0.20373444259166718,1
0.19370904564857483,1
0.24767109751701355,1
0.1251468062400818,1
0.17333091795444489,1
0.04947201535105705,1
0.40361374616622925,1
0.12400519847869873,1
0.08167780190706253,1
0.16850264370441437,1
0.09728465974330902,1
0.1344749629497528,1
0.07084568589925766,1
0.11506497859954834,1
0.07691529393196106,1
0.09088488668203354,1
0.20315857231616974,1
0.1305314153432846,1
0.11259663850069046,1
0.169528067111969,1
0.07366500794887543,1
0.0750999003648758,1
0.149683877825737,1
0.12373009324073792,1
0.09494427591562271,1
0.268012672662735,1
0.07841745764017105,1
0.25745561718940735,1
0.11996713280677795,1
0.446958065032959,1
0.12372209876775742,1
0.21230033040046692,1
0.16618771851062775,1
0.08474887907505035,1
0.07918795943260193,1
0.19141775369644165,1
0.19161632657051086,1
0.07966134697198868,1
0.174727201461792,1
0.08940283954143524,1
0.15720070898532867,1
0.1286887377500534,1
0.22511374950408936,1
0.16697798669338226,1
0.29278793931007385,1
0.19879452884197235,1
0.1296340972185135,1
0.11117900162935257,1
0.272014856338501,1
0.09783050417900085,1
0.40933552384376526,1
0.18806153535842896,1
0.2904171943664551,1
0.07693523913621902,1
0.15992356836795807,1
0.1905294954776764,1
0.24071043729782104,1
0.15332898497581482,1
0.17621628940105438,1
0.2233695089817047,1
0.1284167766571045,1
0.10654672980308533,1
0.07102575153112411,1
0.14266309142112732,1
0.30061888694763184,1
0.19456911087036133,1
0.11395259201526642,1
0.12815700471401215,1
0.05379582196474075,1
0.29420968890190125,1
0.07171565294265747,1
0.223581001162529,1
0.16254378855228424,1
0.3777939975261688,1
0.26616260409355164,1
0.14671239256858826,1
0.3751048445701599,1
0.2624664604663849,1
0.10503067076206207,1
0.13743272423744202,1
0.18850061297416687,1
0.16378925740718842,1
0.15797308087348938,1
0.1224459558725357,1
0.07688439637422562,1
0.1548698991537094,1
0.19101211428642273,1
0.17328917980194092,1
0.11885703355073929,1
0.16454975306987762,1
0.2625628709793091,1
0.25282588601112366,1
0.09668134152889252,1
0.09944969415664673,1
0.09717666357755661,1
0.13611426949501038,1
0.10888198018074036,1
0.07863034307956696,1
0.2305966317653656,1
0.16016918420791626,1
0.24076461791992188,1
0.11817774176597595,1
0.08238169550895691,1
0.11583877354860306,1
0.3304269313812256,1
0.16464777290821075,1
0.19925557076931,1
0.09884534776210785,1
0.05166017636656761,1
0.08149076998233795,1
0.14674162864685059,1
0.08202289044857025,1
0.10321199148893356,1
0.17483213543891907,1
0.05812641233205795,1
0.16009032726287842,1
0.18801867961883545,1
0.09782689809799194,1
0.14402936398983002,1
0.15576443076133728,1
0.31620514392852783,1
0.28218451142311096,1
0.11642204225063324,1
0.25973445177078247,1
0.16500917077064514,1
0.20881402492523193,1
0.18201757967472076,1
0.15993832051753998,1
0.15747421979904175,1
0.1420147716999054,1
0.1435159146785736,1
0.2118939459323883,1
0.23050260543823242,1
0.2543940544128418,1
0.14619961380958557,1
0.07075038552284241,1
0.16071568429470062,1
0.2288348376750946,1
0.1907845437526703,1
0.17380249500274658,1
0.30708593130111694,1
0.14886192977428436,1
0.0666089802980423,1
0.08731266856193542,1
0.12585847079753876,1
0.2965109050273895,1
0.1197211891412735,1
0.16790714859962463,1
0.21436838805675507,1
0.1956958770751953,1
0.11354104429483414,1
0.14382396638393402,1
0.2627626955509186,1
0.11801332235336304,1
0.0670170783996582,1
0.08716553449630737,1
0.16391173005104065,1
0.08183732628822327,1
0.09919874370098114,1
0.10225237905979156,1
0.12768717110157013,1
0.11110154539346695,1
0.15687893331050873,1
0.24629801511764526,1
0.13954246044158936,1
0.10959115624427795,1
0.23100265860557556,1
0.14727970957756042,1
0.059590138494968414,1
0.15413498878479004,1
0.1343337893486023,1
0.08872444927692413,1
0.1094689816236496,1
0.12459500879049301,1
0.1579819619655609,1
0.19475425779819489,1
0.08032870292663574,1
0.1744302213191986,1
0.3001479208469391,1
0.15099532902240753,1
0.28925013542175293,1
0.34089934825897217,1
0.06629881262779236,1
0.031312547624111176,1
0.06732149422168732,1
0.05920165404677391,1
0.13860070705413818,1
0.0835537537932396,1
0.1309669017791748,1
0.2065025269985199,1
0.18456405401229858,1
0.2528822422027588,1
0.2274022400379181,1
0.10666259378194809,1
0.14795838296413422,1
0.23710212111473083,1
0.28194987773895264,1
0.14079603552818298,1
0.26572421193122864,1
0.201423779129982,1
0.15740300714969635,1
0.20452898740768433,1
0.23991449177265167,1
0.2629382908344269,1
0.18032492697238922,1
0.2620116174221039,1
0.3091774880886078,1
0.14878103137016296,1
0.10509880632162094,1
0.1889224350452423,1
0.12157104164361954,1
0.20965349674224854,1
0.14746204018592834,1
0.1535055935382843,1
0.1561250388622284,1
0.10468718409538269,1
0.15030264854431152,1
0.16866755485534668,1
0.169763445854187,1
0.20365743339061737,1
0.26015162467956543,1
0.191904678940773,1
0.14065836369991302,1
0.13919663429260254,1
0.07977541536092758,1
0.1315833479166031,1
0.09026334434747696,1
0.2567063570022583,1
0.13515646755695343,1
0.11838560551404953,1
0.15009278059005737,1
0.2944333553314209,1
0.14252883195877075,1
0.10004256665706635,1
0.09471434354782104,1
0.20373035967350006,1
0.2796320617198944,1
0.15988096594810486,1
0.09012599289417267,1
0.10675431787967682,1
0.13417871296405792,1
0.19264842569828033,1
0.19651326537132263,1
0.14038176834583282,1
0.07727119326591492,1
0.2948162853717804,1
0.0960884690284729,1
0.10079794377088547,1
0.3061343729496002,1
0.1307709664106369,1
0.19446009397506714,1
0.16154056787490845,1
0.13182157278060913,1
0.1732698231935501,1
0.18625035881996155,1
0.1228770762681961,1
0.07121918350458145,1
0.00914833601564169,1
0.24160581827163696,1
