0.2189326286315918,1
0.2197321653366089,1
0.37551721930503845,1
0.4180101156234741,1
0.19765064120292664,1
0.33786699175834656,1
0.32911449670791626,1
0.4378287196159363,1
0.3976532220840454,1
0.2863557040691376,1
0.36968445777893066,1
0.24042418599128723,1
0.525783360004425,1
0.3892826437950134,1
0.28069210052490234,1
0.17825272679328918,1
0.3854491412639618,1
0.42230987548828125,1
0.16380628943443298,1
0.2908993363380432,1
0.5203704833984375,1
0.30323976278305054,1
0.25832927227020264,1
0.2010071575641632,1
0.2647162973880768,1
0.30256062746047974,1
0.23939484357833862,1
0.26508232951164246,1
0.28618165850639343,1
0.21623443067073822,1
0.25387924909591675,1
0.19789594411849976,1
0.3104197382926941,1
0.3191174566745758,1
0.3173859119415283,1
0.26591306924819946,1
0.25428617000579834,1
0.18686556816101074,1
0.2968953251838684,1
0.2902391254901886,1
0.3325774371623993,1
0.25274309515953064,1
0.17187876999378204,1
0.27453166246414185,1
0.33899804949760437,1
0.2970089912414551,1
0.24546584486961365,1
0.2822471261024475,1
0.3115239441394806,1
0.2851068377494812,1
0.16858655214309692,1
0.32649633288383484,1
0.29470157623291016,1
0.586457371711731,1
0.24970419704914093,1
0.2333446443080902,1
0.2878791391849518,1
0.24909648299217224,1
0.2944938540458679,1
0.1721903532743454,1
0.17179173231124878,1
0.17617739737033844,1
0.2909557819366455,1
0.3044632077217102,1
0.4916917085647583,1
0.3738537132740021,1
0.343817800283432,1
0.22844846546649933,1
0.299816757440567,1
0.26844871044158936,1
0.4206094443798065,1
0.3391821086406708,1
0.33877289295196533,1
0.18080824613571167,1
0.4148447513580322,1
0.258234441280365,1
0.31944137811660767,1
0.23459492623806,1
0.22214344143867493,1
0.3591245710849762,1
0.205204576253891,1
0.44320690631866455,1
0.31703847646713257,1
0.29093945026397705,1
0.41435706615448,1
0.2898971140384674,1
0.2454986870288849,1
0.1315680593252182,1
0.3773532509803772,1
0.34491056203842163,1
0.3064022362232208,1
0.3087443709373474,1
0.2612125277519226,1
0.23602008819580078,1
0.3682626485824585,1
0.49448299407958984,1
0.3776232600212097,1
0.3777583837509155,1
0.3990597724914551,1
0.4114950895309448,1
0.2834029495716095,1
0.3758120536804199,1
0.4128134846687317,1
0.2075551599264145,1
0.19967201352119446,1
0.19391846656799316,1
0.30015426874160767,1
0.23472550511360168,1
0.4637168347835541,1
0.2763412892818451,1
0.20491859316825867,1
0.28821736574172974,1
0.36801308393478394,1
0.3319227695465088,1
0.1151198223233223,1
0.28585660457611084,1
0.30860334634780884,1
0.2642851769924164,1
0.28820446133613586,1
0.4609951972961426,1
0.2736724615097046,1
0.11563222110271454,1
0.19402936100959778,1
0.3764227032661438,1
0.3886165916919708,1
0.35670939087867737,1
0.32218724489212036,1
0.3405715823173523,1
0.23359471559524536,1
0.20896142721176147,1
0.19140982627868652,1
0.2940734922885895,1
0.34491339325904846,1
0.4437994062900543,1
0.3033101260662079,1
0.2129911482334137,1
0.2410285472869873,1
0.26492536067962646,1
0.32192155718803406,1
0.3017214834690094,1
0.28112420439720154,1
0.2619788646697998,1
0.2088686227798462,1
0.3835562765598297,1
0.2657988965511322,1
0.30496740341186523,1
0.32081085443496704,1
0.36012423038482666,1
0.2997753620147705,1
0.3588547110557556,1
0.4492536783218384,1
0.1678297370672226,1
0.3809782564640045,1
0.19174590706825256,1
0.2922840118408203,1
0.2720243036746979,1
0.30474692583084106,1
0.24645693600177765,1
0.27201616764068604,1
0.1452692747116089,1
0.33573344349861145,1
0.4183635413646698,1
0.22120875120162964,1
0.1929648369550705,1
0.38461220264434814,1
0.27396902441978455,1
0.27100130915641785,1
0.2786885201931,1
0.335732638835907,1
0.37858811020851135,1
0.2818131744861603,1
0.40147221088409424,1
0.3393307626247406,1
0.18897944688796997,1
0.19524942338466644,1
0.17526371777057648,1
0.2736568748950958,1
0.28987324237823486,1
0.2532203793525696,1
0.22811156511306763,1
0.17812848091125488,1
0.25425130128860474,1
0.42100146412849426,1
0.22968880832195282,1
0.2705126106739044,1
0.2855159044265747,1
0.358345627784729,1
0.2713163495063782,1
0.3380995988845825,1
0.35315030813217163,1
0.24325084686279297,1
0.33119383454322815,1
0.2216528058052063,1
0.26509982347488403,1
0.4513278305530548,1
0.3539585471153259,1
0.32178404927253723,1
0.24758344888687134,1
0.1819344460964203,1
0.33118030428886414,1
0.24441547691822052,1
0.26270294189453125,1
0.17597824335098267,1
0.2608340382575989,1
0.3108905553817749,1
0.2748821973800659,1
0.1750423014163971,1
0.32122471928596497,1
0.25333768129348755,1
0.2949841618537903,1
0.22580167651176453,1
0.32171037793159485,1
0.477932333946228,1
0.3200659155845642,1
0.4502006471157074,1
0.3492392599582672,1
0.45285481214523315,1
0.37423932552337646,1
0.44009560346603394,1
0.2805142402648926,1
0.13470612466335297,1
0.2544974088668823,1
0.3826022744178772,1
0.28047049045562744,1
0.314555823802948,1
0.4212990403175354,1
0.4702591896057129,1
0.3134194612503052,1
0.2796648442745209,1
0.1330583095550537,1
0.3454529941082001,1
0.3819054067134857,1
0.1974913328886032,1
0.250190794467926,1
0.25688841938972473,1
0.3123668432235718,1
0.35004234313964844,1
0.46645650267601013,1
0.4814818501472473,1
0.4823766350746155,1
0.31494468450546265,1
0.3558582663536072,1
0.2322823703289032,1
0.23871955275535583,1
0.24222607910633087,1
0.29029250144958496,1
0.33340704441070557,1
0.22588855028152466,1
0.3053114414215088,1
0.2947973608970642,1
0.3707413673400879,1
0.3298172056674957,1
0.31109321117401123,1
0.21846464276313782,1
0.335080623626709,1
0.40272945165634155,1
0.40744397044181824,1
0.24935394525527954,1
0.2155943065881729,1
0.22817429900169373,1
0.42407017946243286,1
0.464737206697464,1
0.26041433215141296,1
0.2382105439901352,1
0.2626051902770996,1
0.3102429509162903,1
0.2653172016143799,1
0.25573742389678955,1
0.4245293140411377,1
0.2896638810634613,1
0.34528449177742004,1
0.3438594341278076,1
0.2914953827857971,1
0.15624617040157318,1
0.4120698869228363,1
0.3562261462211609,1
0.4073743224143982,1
0.1613795906305313,1
0.24301151931285858,1
0.27640682458877563,1
0.3732519745826721,1
0.3639827370643616,1
0.24731844663619995,1
0.22533920407295227,1
0.21410377323627472,1
0.2897237539291382,1
0.21259357035160065,1
0.3710419535636902,1
0.23121383786201477,1
0.18850159645080566,1
0.24352145195007324,1
0.2085547000169754,1
0.4377899467945099,1
0.30046647787094116,1
0.2701627016067505,1
0.17897287011146545,1
0.25479352474212646,1
0.37929385900497437,1
0.36304372549057007,1
0.33231812715530396,1
0.2576775848865509,1
0.12547658383846283,1
0.30082306265830994,1
0.24617145955562592,1
0.3798210620880127,1
0.20999176800251007,1
0.2645215690135956,1
0.1820296049118042,1
0.2073250114917755,1
0.162964329123497,1
0.22956061363220215,1
0.2540169060230255,1
0.26242557168006897,1
0.4084987938404083,1
0.3429940342903137,1
0.40018776059150696,1
0.25285160541534424,1
0.136465921998024,1
0.22629061341285706,1
0.3932005763053894,1
0.2007760852575302,1
0.27507346868515015,1
0.38889068365097046,1
0.32299327850341797,1
0.35340192914009094,1
0.36030590534210205,1
0.26443803310394287,1
0.26801735162734985,1
0.26679468154907227,1
0.3508201539516449,1
0.4542362093925476,1
0.30108121037483215,1
0.17525741457939148,1
0.4031962752342224,1
0.1865086555480957,1
0.25311052799224854,1
0.35918113589286804,1
0.344197154045105,1
0.3666926920413971,1
0.2624603509902954,1
0.2228662073612213,1
0.2586400806903839,1
0.20369407534599304,1
0.18602129817008972,1
0.19242164492607117,1
0.3877524137496948,1
0.4436095058917999,1
0.46478718519210815,1
0.19132235646247864,1
0.2620803117752075,1
0.40886056423187256,1
0.3459082245826721,1
0.42636728286743164,1
0.28037554025650024,1
0.27908653020858765,1
0.24777987599372864,1
0.18220417201519012,1
0.25233882665634155,1
0.20771637558937073,1
0.34221529960632324,1
0.25369107723236084,1
0.3975001275539398,1
0.3326228857040405,1
0.28191497921943665,1
0.18109643459320068,1
0.4619402587413788,1
0.19853371381759644,1
0.3943300247192383,1
0.34641265869140625,1
0.1686629354953766,1
0.26593706011772156,1
0.2909560799598694,1
0.20338141918182373,1
0.21222266554832458,1
0.27189382910728455,1
0.274059921503067,1
0.30027133226394653,1
0.2213974893093109,1
0.2823410630226135,1
0.3419414758682251,1
0.2880321741104126,1
0.46974295377731323,1
0.2565979063510895,1
0.52288818359375,1
0.40609413385391235,1
0.37193962931632996,1
0.18367326259613037,1
0.21253670752048492,1
0.2083093225955963,1
0.4423724114894867,1
0.20083335041999817,1
0.40285709500312805,1
0.352384477853775,1
0.21807977557182312,1
0.2803767919540405,1
0.2079879641532898,1
0.24183815717697144,1
0.3461673855781555,1
0.2808380424976349,1
0.38016992807388306,1
0.162779301404953,1
0.32999187707901,1
0.21257027983665466,1
0.33605727553367615,1
0.19059687852859497,1
0.22181743383407593,1
0.35011547803878784,1
0.4180472791194916,1
0.24782317876815796,1
0.19411234557628632,1
0.42410808801651,1
0.3510149121284485,1
0.2509920597076416,1
0.3143461048603058,1
0.2316286414861679,1
0.26174113154411316,1
0.4898684024810791,1
0.26076823472976685,1
0.16384007036685944,1
0.3199208676815033,1
0.3020082414150238,1
0.27776944637298584,1
0.36579012870788574,1
0.31882524490356445,1
0.22547973692417145,1
0.39998725056648254,1
0.23781736195087433,1
0.4886488616466522,1
0.39741891622543335,1
0.3230193853378296,1
0.43371573090553284,1
0.35342615842819214,1
0.3476594090461731,1
0.28209224343299866,1
0.1869739592075348,1
0.2476760745048523,1
0.2825659513473511,1
0.2246522307395935,1
0.28505510091781616,1
0.2416030466556549,1
0.31046247482299805,1
0.3016190230846405,1
0.2560715973377228,1
0.29959070682525635,1
0.28745365142822266,1
0.26384106278419495,1
0.271304726600647,1
0.35231298208236694,1
0.3102351129055023,1
0.4653158187866211,1
0.3015913963317871,1
0.2409006655216217,1
0.24353133141994476,1
0.21005703508853912,1
0.33320504426956177,1
0.39311477541923523,1
0.33652591705322266,1
0.2547694444656372,1
0.33405226469039917,1
0.3850434124469757,1
0.23231954872608185,1
0.429733544588089,1
0.24710530042648315,1
0.26350948214530945,1
0.3219331204891205,1
0.24356578290462494,1
0.31480172276496887,1
0.2754814326763153,1
0.277802050113678,1
0.23189228773117065,1
0.24247221648693085,1
0.29840418696403503,1
0.30876654386520386,1
0.376423180103302,1
0.44970059394836426,1
0.2921725809574127,1
0.24975860118865967,1
0.6110976934432983,1
0.15682394802570343,1
0.3755478858947754,1
0.2620190978050232,1
0.3469080328941345,1
0.2717927098274231,1
0.3361799716949463,1
0.21128369867801666,1
0.2910040318965912,1
0.3257916271686554,1
0.28819870948791504,1
0.29069119691848755,1
0.2841780483722687,1
0.1653338372707367,1
0.3556559979915619,1
0.2102421522140503,1
0.26081979274749756,1
0.15228888392448425,1
0.2843613624572754,1
0.28598344326019287,1
0.27830374240875244,1
0.2180260866880417,1
0.43842613697052,1
0.44096410274505615,1
0.2931373715400696,1
0.3090899586677551,1
0.45462679862976074,1
0.18469569087028503,1
0.3186926543712616,1
0.2501552700996399,1
0.28338056802749634,1
0.4415748119354248,1
0.14195764064788818,1
0.3541427254676819,1
0.34085631370544434,1
0.36415335536003113,1
0.3018569052219391,1
0.28858843445777893,1
0.22515511512756348,1
0.5808019638061523,1
0.27919378876686096,1
0.20138999819755554,1
0.2802548110485077,1
0.22088806331157684,1
0.17676100134849548,1
0.2984182834625244,1
0.2750735878944397,1
0.23696012794971466,1
0.25819554924964905,1
0.4504380226135254,1
0.27805009484291077,1
0.2014196813106537,1
0.29255199432373047,1
0.12454027682542801,1
0.23733778297901154,1
0.2652721703052521,1
0.36240291595458984,1
0.2899013161659241,1
0.21068286895751953,1
0.12740284204483032,1
0.3154919743537903,1
0.2387343794107437,1
0.2871907949447632,1
0.154154434800148,1
0.20331674814224243,1
0.2604053020477295,1
0.268759161233902,1
0.2656649947166443,1
0.363791286945343,1
0.25276127457618713,1
0.2988891303539276,1
0.27408984303474426,1
0.2927493155002594,1
0.3954222500324249,1
0.3536473214626312,1
0.17796233296394348,1
0.31060555577278137,1
0.3281208276748657,1
0.1832808405160904,1
0.26715755462646484,1
0.23605825006961823,1
0.2654387652873993,1
0.3163928985595703,1
0.22777298092842102,1
0.281094491481781,1
0.21278227865695953,1
0.5270783305168152,1
0.35994425415992737,1
0.5168437361717224,1
0.39093494415283203,1
0.2113010138273239,1
0.3884768784046173,1
0.4230859875679016,1
0.43284177780151367,1
0.3319852352142334,1
0.34676656126976013,1
0.3105825185775757,1
0.3190061151981354,1
0.17042426764965057,1
0.319008469581604,1
0.3587830662727356,1
0.311188280582428,1
0.44469624757766724,1
0.17768998444080353,1
0.3601571321487427,1
0.34461191296577454,1
0.2801092863082886,1
0.30695661902427673,1
0.19218452274799347,1
0.2721492052078247,1
0.2276756316423416,1
0.2070518136024475,1
0.11978137493133545,1
0.3603273332118988,1
0.3075595796108246,1
0.36712074279785156,1
0.2753252685070038,1
0.18271256983280182,1
0.36804530024528503,1
0.29657769203186035,1
0.12148211896419525,1
0.17013999819755554,1
0.32426029443740845,1
0.268796443939209,1
0.26036718487739563,1
0.23249593377113342,1
0.3531971871852875,1
0.25406187772750854,1
0.34153708815574646,1
0.2809849977493286,1
0.30934301018714905,1
0.20504629611968994,1
0.4603053331375122,1
0.16346295177936554,1
0.49032413959503174,1
0.23726074397563934,1
0.3025871515274048,1
0.2449483424425125,1
0.35811078548431396,1
0.17323827743530273,1
0.27612847089767456,1
0.3551653325557709,1
0.3000917434692383,1
0.28939810395240784,1
0.24941936135292053,1
0.41087377071380615,1
0.3490842580795288,1
0.22366662323474884,1
0.23543597757816315,1
0.19405758380889893,1
0.2968454658985138,1
0.2903176546096802,1
0.28838133811950684,1
0.22378388047218323,1
0.34171706438064575,1
0.3022654950618744,1
0.19503037631511688,1
0.42691782116889954,1
0.300905704498291,1
0.2408488690853119,1
0.3408149778842926,1
0.2775006890296936,1
0.19174355268478394,1
0.18083858489990234,1
0.43583858013153076,1
0.22564199566841125,1
0.25854188203811646,1
0.16521087288856506,1
0.2093532234430313,1
0.34367746114730835,1
0.3504132628440857,1
0.2964361608028412,1
0.3136528432369232,1
0.4211089015007019,1
0.28752636909484863,1
0.24932266771793365,1
0.3159959316253662,1
0.3310079276561737,1
0.6473464965820313,1
0.2662549614906311,1
0.2415333241224289,1
0.3318801820278168,1
0.4050741195678711,1
0.45300915837287903,1
0.42329123616218567,1
0.14055682718753815,1
0.2993781566619873,1
0.2378874272108078,1
0.3199104964733124,1
0.19143041968345642,1
0.5274930000305176,1
0.22068241238594055,1
0.3040955066680908,1
0.2904326617717743,1
0.32223355770111084,1
0.33733806014060974,1
0.23273292183876038,1
0.19028867781162262,1
0.2878091335296631,1
0.22842708230018616,1
0.24233347177505493,1
0.2086082398891449,1
0.36338213086128235,1
0.23270410299301147,1
0.3816339075565338,1
0.16981646418571472,1
0.22682014107704163,1
0.27383896708488464,1
0.35705435276031494,1
0.3217295706272125,1
0.30169326066970825,1
0.3729943037033081,1
0.2152954339981079,1
0.4169919788837433,1
0.21948865056037903,1
0.28356561064720154,1
0.45078757405281067,1
0.336588591337204,1
0.31549108028411865,1
0.23977649211883545,1
0.3135797381401062,1
0.37788113951683044,1
0.26100513339042664,1
0.2865883708000183,1
0.2713127136230469,1
0.2723829448223114,1
0.18699243664741516,1
0.24527420103549957,1
0.4439219534397125,1
0.24663013219833374,1
0.4352169930934906,1
0.24500517547130585,1
0.21663466095924377,1
0.2748175859451294,1
0.3315827250480652,1
0.32364505529403687,1
0.27214646339416504,1
0.19506265223026276,1
0.2870499789714813,1
0.2049074023962021,1
0.21444275975227356,1
0.27247777581214905,1
0.23279064893722534,1
0.23980432748794556,1
0.31600645184516907,1
0.19078418612480164,1
0.18229125440120697,1
0.22437985241413116,1
0.29155856370925903,1
0.3461512625217438,1
0.3363884687423706,1
0.2538551390171051,1
0.28579720854759216,1
0.18482446670532227,1
0.2163712978363037,1
0.4081375002861023,1
0.2813491225242615,1
0.22538018226623535,1
0.23960432410240173,1
0.3237984776496887,1
0.18665152788162231,1
0.3016457259654999,1
0.5237072706222534,1
0.3302275538444519,1
0.4068617522716522,1
0.3928537368774414,1
0.3330115079879761,1
0.15706080198287964,1
0.10406656563282013,1
0.3475150167942047,1
0.2895403802394867,1
0.18380078673362732,1
0.1396610289812088,1
0.25686416029930115,1
0.3379627466201782,1
0.19053225219249725,1
0.40348976850509644,1
0.25486159324645996,1
0.38374853134155273,1
0.29072490334510803,1
0.34460532665252686,1
0.3330768942832947,1
0.2094062864780426,1
0.2465277910232544,1
0.4369722306728363,1
0.18549016118049622,1
0.36125800013542175,1
0.273343950510025,1
0.3069577217102051,1
0.20511627197265625,1
0.3901587724685669,1
0.38865238428115845,1
0.26587122678756714,1
0.21502333879470825,1
0.2025802582502365,1
0.31270110607147217,1
0.4339417815208435,1
0.2538236677646637,1
0.2486637532711029,1
0.2218703031539917,1
0.2830504775047302,1
0.496829628944397,1
0.2921532392501831,1
0.5102172493934631,1
0.2788562476634979,1
0.3358590304851532,1
0.3795863687992096,1
0.24913646280765533,1
0.31268587708473206,1
0.27510935068130493,1
0.3726235032081604,1
0.1988663524389267,1
0.40137362480163574,1
0.3663092255592346,1
0.2039772868156433,1
0.25774410367012024,1
0.45328763127326965,1
0.31357133388519287,1
0.218530535697937,1
0.30144834518432617,1
0.2898184359073639,1
0.2139919549226761,1
0.18426434695720673,1
0.20151814818382263,1
0.17001695930957794,1
0.23116528987884521,1
0.20785214006900787,1
0.42448973655700684,1
0.268637090921402,1
0.2894073724746704,1
0.27035433053970337,1
0.12703493237495422,1
0.3060885965824127,1
0.253774493932724,1
0.24988770484924316,1
0.25217488408088684,1
0.20703332126140594,1
0.23128098249435425,1
0.2579309344291687,1
0.2740621268749237,1
0.16319429874420166,1
0.3168935179710388,1
0.18744389712810516,1
0.4689943194389343,1
0.26803678274154663,1
0.2592115104198456,1
0.2622435390949249,1
0.4531417489051819,1
0.2154463529586792,1
0.25587135553359985,1
0.23256418108940125,1
0.3356873393058777,1
0.2756207585334778,1
0.10850308835506439,1
0.1398145705461502,1
0.3967565894126892,1
0.3824876844882965,1
0.32020026445388794,1
0.3147946298122406,1
0.37779080867767334,1
0.25048619508743286,1
0.28322291374206543,1
0.11898171901702881,1
0.3622385859489441,1
0.2798521816730499,1
0.386660099029541,1
0.2253287434577942,1
0.4311242699623108,1
0.35412153601646423,1
0.37527942657470703,1
0.32280856370925903,1
0.18723976612091064,1
0.2660522162914276,1
0.3499356508255005,1
0.2885603904724121,1
0.4128381609916687,1
0.39693453907966614,1
0.2443692535161972,1
0.4112580418586731,1
0.3610808849334717,1
0.40473490953445435,1
0.32307955622673035,1
0.2832931578159332,1
0.3807666599750519,1
0.3781205713748932,1
0.3087666630744934,1
0.3177904188632965,1
0.25729355216026306,1
0.2190587818622589,1
0.28377869725227356,1
0.23550914227962494,1
0.26074814796447754,1
0.23954278230667114,1
0.16368503868579865,1
0.15877044200897217,1
0.4541369378566742,1
0.3256756067276001,1
0.30860671401023865,1
0.28474754095077515,1
0.15790443122386932,1
0.22885482013225555,1
0.35687199234962463,1
0.16059622168540955,1
0.2931666672229767,1
0.29619765281677246,1
0.2856825590133667,1
0.22136136889457703,1
0.2656761407852173,1
0.281129390001297,1
0.35853129625320435,1
0.23167437314987183,1
0.32661300897598267,1
0.2750503420829773,1
0.21498675644397736,1
0.41171640157699585,1
0.2801981568336487,1
0.379330575466156,1
0.4735790491104126,1
0.26375314593315125,1
0.4031055271625519,1
0.3489548861980438,1
0.2676616907119751,1
0.31662166118621826,1
0.34014472365379333,1
0.36697959899902344,1
0.2895854115486145,1
0.45915257930755615,1
0.19834908843040466,1
0.23899595439434052,1
0.2807602882385254,1
0.23744237422943115,1
0.3726087510585785,1
0.18635854125022888,1
0.36833733320236206,1
0.2801811695098877,1
0.424915611743927,1
0.14077872037887573,1
0.3801235556602478,1
0.18840144574642181,1
0.30851060152053833,1
0.1938028335571289,1
0.25352415442466736,1
0.1970539540052414,1
0.3612785339355469,1
0.24496926367282867,1
0.19838544726371765,1
0.28639814257621765,1
0.2293453812599182,1
0.1273147165775299,1
0.22264468669891357,1
0.2715960741043091,1
0.23382310569286346,1
0.2796815037727356,1
0.20903804898262024,1
0.25828588008880615,1
0.3168198764324188,1
0.23282678425312042,1
0.2577197551727295,1
0.3393126428127289,1
0.3428410291671753,1
0.21915259957313538,1
0.30872613191604614,1
0.3336139917373657,1
0.2425072342157364,1
0.2728702127933502,1
0.294045627117157,1
0.13297560811042786,1
0.2788243293762207,1
0.2302130162715912,1
0.3899667263031006,1
0.1906648576259613,1
0.2703765034675598,1
0.3853606879711151,1
0.19607985019683838,1
0.23299352824687958,1
0.2666743993759155,1
0.3201828896999359,1
0.35265088081359863,1
0.2452404797077179,1
0.40242648124694824,1
0.3340402841567993,1
0.41014596819877625,1
0.21756653487682343,1
0.32378238439559937,1
0.3388550579547882,1
0.30452945828437805,1
0.2444627285003662,1
0.27857476472854614,1
0.31265223026275635,1
0.2323884218931198,1
0.24170851707458496,1
0.3582754135131836,1
0.26635998487472534,1
0.2698048949241638,1
0.19463011622428894,1
0.268781453371048,1
0.2617179751396179,1
0.2051577866077423,1
0.3568629324436188,1
0.4406891167163849,1
0.20934952795505524,1
0.17382949590682983,1
0.21050363779067993,1
0.38156649470329285,1
0.44763803482055664,1
0.4583382308483124,1
0.17080622911453247,1
0.3540073037147522,1
0.1920880675315857,1
0.28442898392677307,1
0.15715715289115906,1
0.3429124057292938,1
0.2534463107585907,1
0.3651846945285797,1
0.3948584794998169,1
0.2418227642774582,1
0.33142977952957153,1
0.3765917718410492,1
0.35499271750450134,1
0.3234134614467621,1
0.25668323040008545,1
0.2734552323818207,1
0.24679112434387207,1
0.21283793449401855,1
0.23758351802825928,1
0.3191768229007721,1
0.25716060400009155,1
0.3332268297672272,1
0.22318312525749207,1
0.26055967807769775,1
0.19759465754032135,1
0.3725511133670807,1
0.3141000270843506,1
0.3942502439022064,1
0.15401054918766022,1
0.24152018129825592,1
0.2856743633747101,1
0.32638049125671387,1
0.3650151789188385,1
0.24575524032115936,1
0.33152511715888977,1
0.43370887637138367,1
0.27789950370788574,1
0.34037333726882935,1
0.3567865490913391,1
0.22940053045749664,1
0.413951575756073,1
0.3909350037574768,1
0.2966952919960022,1
0.28616395592689514,1
0.22110342979431152,1
0.3989981412887573,1
0.45949625968933105,1
0.3039190173149109,1
0.22827540338039398,1
0.235953226685524,1
0.09549703449010849,1
0.23371776938438416,1
0.3213656544685364,1
0.37949976325035095,1
0.3559565246105194,1
0.13625860214233398,1
0.19225181639194489,1
0.21067261695861816,1
0.3792497515678406,1
0.43934425711631775,1
0.3250763416290283,1
0.3423054814338684,1
0.35144922137260437,1
0.31692802906036377,1
0.42763185501098633,1
0.11127199232578278,1
0.2512059509754181,1
0.18027864396572113,1
0.2577511668205261,1
0.45301514863967896,1
0.2977134585380554,1
0.4767685532569885,1
0.15871228277683258,1
0.43145865201950073,1
0.21920737624168396,1
0.13162004947662354,1
0.4642941355705261,1
0.2860119938850403,1
0.27919697761535645,1
0.2523861229419708,1
0.23687568306922913,1
0.24754971265792847,1
0.22408418357372284,1
0.2849377989768982,1
0.33538419008255005,1
0.15980340540409088,1
0.34665292501449585,1
0.19550344347953796,1
0.41686418652534485,1
0.37868979573249817,1
0.3543705344200134,1
0.19257627427577972,1
0.3036894202232361,1
0.3180617690086365,1
0.2077210396528244,1
0.3652520477771759,1
0.3132858872413635,1
0.20961293578147888,1
0.24143730103969574,1
0.2684246599674225,1
0.3569353222846985,1
0.20293676853179932,1
0.2424008548259735,1
0.46455103158950806,1
0.2998869717121124,1
0.23088982701301575,1
0.37828147411346436,1
0.28707969188690186,1
0.298625648021698,1
0.4490254521369934,1
0.23287446796894073,1
0.43272367119789124,1
0.17776237428188324,1
0.2935889959335327,1
0.23774272203445435,1
0.291239857673645,1
0.262212336063385,1
0.22328291833400726,1
0.41154181957244873,1
0.48845356702804565,1
0.21901339292526245,1
0.4822552800178528,1
0.2407347559928894,1
0.3784138262271881,1
0.18336865305900574,1
0.22644221782684326,1
0.24121975898742676,1
0.37505248188972473,1
0.4095701575279236,1
0.23536130785942078,1
0.5037679672241211,1
0.4038253724575043,1
0.1587282419204712,1
0.13844604790210724,1
0.25812023878097534,1
0.26229196786880493,1
0.2997230887413025,1
0.4149378836154938,1
0.209590345621109,1
0.3129751682281494,1
0.3004786968231201,1
0.19287186861038208,1
0.1251978725194931,1
0.1453843116760254,1
0.242385596036911,1
0.2409672737121582,1
0.28849178552627563,1
0.27543920278549194,1
0.15644308924674988,1
0.1485217809677124,1
0.38548794388771057,1
0.41127777099609375,1
0.20120711624622345,1
0.24668124318122864,1
0.33193254470825195,1
0.3499656021595001,1
0.16139063239097595,1
0.2265947163105011,1
0.24173524975776672,1
0.3369535207748413,1
0.32110947370529175,1
0.2934950888156891,1
0.37594369053840637,1
0.43055278062820435,1
0.3038628101348877,1
0.40416082739830017,1
0.295440673828125,1
0.2597901225090027,1
0.1706022322177887,1
0.2986479103565216,1
0.46730440855026245,1
0.2658121585845947,1
0.44850337505340576,1
0.18436741828918457,1
0.23967362940311432,1
0.33604109287261963,1
0.29625827074050903,1
0.3446923494338989,1
0.20588652789592743,1
0.194202721118927,1
0.1498134732246399,1
0.25523659586906433,1
0.2893693149089813,1
0.2213372439146042,1
0.23827610909938812,1
0.30929985642433167,1
0.21032381057739258,1
0.21784496307373047,1
0.21060606837272644,1
0.24746045470237732,1
0.22850394248962402,1
0.2856488823890686,1
0.3146167993545532,1
0.34502410888671875,1
0.3340662717819214,1
0.24434606730937958,1
0.21036551892757416,1
0.37632930278778076,1
0.3043501079082489,1
0.3362613022327423,1
0.4106768071651459,1
0.3606272339820862,1
0.3236910104751587,1
0.3306621313095093,1
0.32766157388687134,1
0.07783259451389313,1
0.2573584020137787,1
0.4488566517829895,1
0.20271946489810944,1
0.26225242018699646,1
0.2804778814315796,1
0.539103090763092,1
0.2437237650156021,1
0.3299769163131714,1
0.3156440258026123,1
0.1695774793624878,1
0.3210710287094116,1
0.2787622809410095,1
0.4236103594303131,1
0.23927584290504456,1
0.29079702496528625,1
0.2862645387649536,1
0.2653210163116455,1
0.19101817905902863,1
0.35219988226890564,1
0.2798554599285126,1
0.3460398018360138,1
0.1872728168964386,1
0.2484898418188095,1
0.2907208800315857,1
0.2137448489665985,1
0.3090858459472656,1
0.18698246777057648,1
0.20403003692626953,1
0.27151942253112793,1
0.27912622690200806,1
0.18725958466529846,1
0.1721719205379486,1
0.34324753284454346,1
0.777249276638031,1
0.32065802812576294,1
0.1592922806739807,1
0.24909687042236328,1
0.217370867729187,1
0.22987264394760132,1
0.37251824140548706,1
0.19150495529174805,1
0.35100090503692627,1
0.3202403783798218,1
0.325483113527298,1
0.4302303194999695,1
0.20613111555576324,1
0.19590690732002258,1
0.2984461784362793,1
0.2531827688217163,1
0.25541067123413086,1
0.28307878971099854,1
0.16171595454216003,1
0.383087158203125,1
0.3886760473251343,1
0.2926781177520752,1
0.3809569478034973,1
0.29684728384017944,1
0.3245295584201813,1
0.210966557264328,1
0.2548283636569977,1
0.2291485220193863,1
0.16740666329860687,1
0.23138757050037384,1
0.13079488277435303,1
0.14242221415042877,1
0.2530798316001892,1
0.3267020285129547,1
0.23401854932308197,1
0.28222888708114624,1
0.5015701651573181,1
0.4191893935203552,1
0.1690041869878769,1
0.3359690308570862,1
0.24642442166805267,1
0.3635569214820862,1
0.2705463767051697,1
0.35501205921173096,1
0.28042563796043396,1
0.2990628778934479,1
0.4687656760215759,1
0.2609931230545044,1
0.24685242772102356,1
0.30307963490486145,1
0.233307346701622,1
0.33112484216690063,1
0.1460425704717636,1
0.1593516767024994,1
0.4107932150363922,1
0.4249378740787506,1
0.2552838921546936,1
0.209736630320549,1
0.3236173987388611,1
0.2520495355129242,1
0.2990603744983673,1
0.21027463674545288,1
0.32967883348464966,1
0.2353270947933197,1
0.29532289505004883,1
0.2331620156764984,1
0.1518850475549698,1
0.34754976630210876,1
0.34968802332878113,1
0.31574884057044983,1
0.20148099958896637,1
0.30475419759750366,1
0.2898828387260437,1
0.32012805342674255,1
0.18263231217861176,1
0.16651169955730438,1
0.31287652254104614,1
0.17329518496990204,1
0.2912004292011261,1
0.30258098244667053,1
0.2202620506286621,1
0.32002949714660645,1
0.2443801313638687,1
0.23989014327526093,1
0.27163657546043396,1
0.21637152135372162,1
0.29616233706474304,1
0.21886876225471497,1
0.32888925075531006,1
0.18329861760139465,1
0.262739896774292,1
0.28517845273017883,1
0.36137670278549194,1
0.28278326988220215,1
0.2567726671695709,1
0.25825241208076477,1
0.22757507860660553,1
0.20848655700683594,1
0.3541415333747864,1
0.4272405803203583,1
0.3821704387664795,1
0.2447984218597412,1
0.4679608941078186,1
0.29946184158325195,1
0.32928693294525146,1
0.3982565999031067,1
0.2909252643585205,1
0.19630515575408936,1
0.2007031887769699,1
0.26157623529434204,1
0.30762210488319397,1
0.2972739040851593,1
0.3591456413269043,1
0.28050166368484497,1
0.24888890981674194,1
0.20705662667751312,1
0.24483978748321533,1
0.2233445793390274,1
0.213483527302742,1
0.20966726541519165,1
0.24119284749031067,1
0.17011582851409912,1
0.28626856207847595,1
0.16661939024925232,1
0.3984672725200653,1
0.23558169603347778,1
0.20568212866783142,1
0.2573670446872711,1
0.2744220495223999,1
0.3506610095500946,1
0.2902880907058716,1
0.20856738090515137,1
0.13701659440994263,1
0.19152414798736572,1
0.23235385119915009,1
0.16714370250701904,1
0.25660932064056396,1
0.2987178862094879,1
0.35021212697029114,1
0.26880350708961487,1
0.41296958923339844,1
0.2007501870393753,1
0.18967202305793762,1
0.23716731369495392,1
0.1997654289007187,1
0.2550051808357239,1
0.15663036704063416,1
0.22194553911685944,1
0.1656724214553833,1
0.3741145730018616,1
0.2737234830856323,1
0.3016203045845032,1
0.35366207361221313,1
0.22737790644168854,1
0.2744375169277191,1
0.33881181478500366,1
0.28287845849990845,1
0.3628132939338684,1
0.37132853269577026,1
0.24615053832530975,1
0.2146529257297516,1
0.3479350805282593,1
0.2739855945110321,1
0.22976508736610413,1
0.20373596251010895,1
0.402103066444397,1
0.2717357277870178,1
0.29423707723617554,1
0.29817673563957214,1
0.23243002593517303,1
0.16723093390464783,1
0.3919794261455536,1
0.2346140444278717,1
0.2038576900959015,1
0.3121411204338074,1
0.2615637481212616,1
0.3037680685520172,1
0.20684850215911865,1
0.3410663604736328,1
0.3212715983390808,1
0.3605490028858185,1
0.29426291584968567,1
0.37953805923461914,1
0.23125459253787994,1
0.22465835511684418,1
0.24483072757720947,1
0.38374388217926025,1
0.2504707872867584,1
0.3226270079612732,1
0.22120842337608337,1
0.2551897466182709,1
0.09960392117500305,1
0.2679171562194824,1
0.4152538776397705,1
0.2168264538049698,1
0.35290175676345825,1
0.2672697901725769,1
0.20038637518882751,1
0.18951736390590668,1
0.2881033420562744,1
0.3389095366001129,1
0.15545713901519775,1
0.44820815324783325,1
0.2491961121559143,1
0.3050839602947235,1
0.32162779569625854,1
0.2866417467594147,1
0.2969825863838196,1
0.4151371121406555,1
0.27948713302612305,1
0.2902514934539795,1
0.33417898416519165,1
0.22275350987911224,1
0.38004106283187866,1
0.47753581404685974,1
0.28949975967407227,1
0.43236035108566284,1
0.4143129587173462,1
0.16688349843025208,1
0.26146894693374634,1
0.4064314067363739,1
0.2602837383747101,1
0.21848005056381226,1
0.1870768517255783,1
0.1491548717021942,1
0.1512480229139328,1
0.2636887729167938,1
0.3169773817062378,1
0.30207353830337524,1
0.2008824497461319,1
0.3149433135986328,1
0.2784036099910736,1
0.2843931317329407,1
0.269481360912323,1
0.2431258261203766,1
0.27178359031677246,1
0.26039862632751465,1
0.31499290466308594,1
0.4200337827205658,1
0.29886752367019653,1
0.2848934829235077,1
0.3135963976383209,1
0.16084976494312286,1
0.3667604923248291,1
0.2766045331954956,1
0.24551114439964294,1
0.3077138066291809,1
0.29774758219718933,1
0.12158600986003876,1
0.17386747896671295,1
0.2778686583042145,1
0.2978360652923584,1
0.2780750095844269,1
0.5072633624076843,1
0.3354574143886566,1
0.3171119689941406,1
0.3624921143054962,1
0.3076821565628052,1
0.3026183247566223,1
0.26691392064094543,1
0.3761284351348877,1
0.304401159286499,1
0.16188058257102966,1
0.3214908540248871,1
0.31925517320632935,1
0.430027037858963,1
0.29358214139938354,1
0.3325853943824768,1
0.3122396171092987,1
0.16530244052410126,1
0.376620888710022,1
0.1990998387336731,1
0.27367475628852844,1
0.15298721194267273,1
0.2522764503955841,1
0.21002383530139923,1
0.1991194188594818,1
0.28449976444244385,1
0.24446025490760803,1
0.2614763379096985,1
0.31421199440956116,1
0.31831109523773193,1
0.41581517457962036,1
0.42224282026290894,1
0.2857813239097595,1
0.27101168036460876,1
0.21247506141662598,1
0.2566838264465332,1
0.20911136269569397,1
0.149881511926651,1
0.1752387136220932,1
0.2755105793476105,1
0.23969410359859467,1
0.1800151765346527,1
0.35055601596832275,1
0.35352951288223267,1
0.20952463150024414,1
0.33562779426574707,1
0.28595712780952454,1
0.36307933926582336,1
0.41287121176719666,1
0.3188714385032654,1
0.16673821210861206,1
0.19267529249191284,1
0.32495132088661194,1
0.28738006949424744,1
0.22954216599464417,1
0.25408580899238586,1
0.27026498317718506,1
0.2845931649208069,1
0.2533199191093445,1
0.19402292370796204,1
0.43439599871635437,1
0.33755940198898315,1
0.2336728572845459,1
0.4639427661895752,1
0.3789111077785492,1
0.3159216642379761,1
0.32950955629348755,1
0.18911492824554443,1
0.22146299481391907,1
0.27945151925086975,1
0.2658507227897644,1
0.18973180651664734,1
0.26304906606674194,1
0.2726883292198181,1
0.4850161373615265,1
0.28281059861183167,1
0.2537901699542999,1
0.19517283141613007,1
0.3721465468406677,1
0.3314148485660553,1
0.2876726984977722,1
0.2707124948501587,1
0.39625364542007446,1
0.27489033341407776,1
0.30522391200065613,1
0.2822892665863037,1
0.2371988296508789,1
0.228389173746109,1
0.3352356553077698,1
0.25366640090942383,1
0.17044726014137268,1
0.2508276402950287,1
0.2604442536830902,1
0.19464488327503204,1
0.2564731240272522,1
0.3248019218444824,1
0.19050611555576324,1
0.3723422884941101,1
0.2600178122520447,1
0.26618966460227966,1
0.266952782869339,1
0.12907184660434723,1
0.3336649239063263,1
0.2881431579589844,1
0.25773385167121887,1
0.2765302062034607,1
0.2562326192855835,1
0.23351317644119263,1
0.3747060000896454,1
0.3206782937049866,1
0.16050569713115692,1
0.26307666301727295,1
0.241332545876503,1
0.3963167071342468,1
0.27020958065986633,1
0.42775335907936096,1
0.2513962984085083,1
0.3565686047077179,1
0.22368298470973969,1
0.25598350167274475,1
0.22364535927772522,1
0.2879374623298645,1
0.1448773443698883,1
0.3104214072227478,1
0.300991952419281,1
0.40462204813957214,1
0.3915601968765259,1
0.26475968956947327,1
0.34016552567481995,1
0.29332882165908813,1
0.23411767184734344,1
0.34998005628585815,1
0.13792869448661804,1
0.13199613988399506,1
0.27471357583999634,1
0.25079861283302307,1
0.3210589587688446,1
0.20530536770820618,1
0.24194461107254028,1
0.1957826167345047,1
0.2974291443824768,1
0.3356952667236328,1
0.19175884127616882,1
0.4076228439807892,1
0.17971040308475494,1
0.24695339798927307,1
0.5234126448631287,1
0.16937634348869324,1
0.2473444789648056,1
0.32443100214004517,1
0.28142809867858887,1
0.3901258707046509,1
0.34332817792892456,1
0.23381857573986053,1
0.39451783895492554,1
0.35296404361724854,1
0.2733144760131836,1
0.26297470927238464,1
0.23928560316562653,1
0.1857469230890274,1
0.2685093581676483,1
0.23009702563285828,1
0.16671240329742432,1
0.38859260082244873,1
0.3521447777748108,1
0.17392177879810333,1
0.2590913772583008,1
0.2528592646121979,1
0.24650967121124268,1
0.34910088777542114,1
0.24061191082000732,1
0.3260250687599182,1
0.2676312327384949,1
0.195978581905365,1
0.30227601528167725,1
0.30801939964294434,1
0.32366591691970825,1
0.39085903763771057,1
0.21902741491794586,1
0.3118864893913269,1
0.19019967317581177,1
0.35725393891334534,1
0.19292069971561432,1
0.3473685085773468,1
0.22626163065433502,1
0.24358168244361877,1
0.27500876784324646,1
0.27879711985588074,1
0.20844990015029907,1
0.26390233635902405,1
0.1894150972366333,1
0.30704358220100403,1
0.19898511469364166,1
0.37296736240386963,1
0.18494927883148193,1
0.28866180777549744,1
0.28499674797058105,1
0.4118753671646118,1
0.3100067973136902,1
0.2313324213027954,1
0.39691996574401855,1
0.24639840424060822,1
0.2378741353750229,1
0.3211047053337097,1
0.3195819854736328,1
0.21922069787979126,1
0.3049827218055725,1
0.4366510808467865,1
0.2592059373855591,1
0.3557083308696747,1
0.2549375891685486,1
0.15048032999038696,1
0.3871138095855713,1
0.3003702461719513,1
0.43780654668807983,1
0.13347356021404266,1
0.31834205985069275,1
0.21898764371871948,1
0.2050783634185791,1
0.2832847237586975,1
0.2906841039657593,1
0.38905876874923706,1
0.33859097957611084,1
0.26239168643951416,1
0.20055150985717773,1
0.39379894733428955,1
0.3436223566532135,1
0.38668176531791687,1
0.21828234195709229,1
0.166126549243927,1
0.2537305951118469,1
0.2904408574104309,1
0.2249673455953598,1
0.33529213070869446,1
0.30264437198638916,1
0.1342570036649704,1
0.3336169421672821,1
0.1964927613735199,1
0.195021390914917,1
0.354606568813324,1
0.3838648200035095,1
0.23258687555789948,1
0.2672140896320343,1
0.3692810833454132,1
0.2568684220314026,1
0.2849528193473816,1
0.2351771742105484,1
0.3202856779098511,1
0.3922422230243683,1
0.2103281319141388,1
0.482677698135376,1
0.16516044735908508,1
0.29234951734542847,1
0.15625247359275818,1
0.20135578513145447,1
0.3861035108566284,1
0.26852455735206604,1
0.3007814884185791,1
0.19562220573425293,1
0.2991042733192444,1
0.2945711016654968,1
0.2760404348373413,1
0.2826908528804779,1
0.3480756878852844,1
0.250573992729187,1
0.2081541121006012,1
0.26523691415786743,1
0.4093868136405945,1
0.3287493586540222,1
0.17064586281776428,1
0.2948116362094879,1
0.44246071577072144,1
0.33805006742477417,1
0.2597883939743042,1
0.394059956073761,1
0.24481096863746643,1
0.25231632590293884,1
0.20320552587509155,1
0.21017125248908997,1
0.216030091047287,1
0.2769377827644348,1
0.19406163692474365,1
0.3229508697986603,1
0.27814653515815735,1
0.14003142714500427,1
0.23396271467208862,1
0.20933233201503754,1
0.37113142013549805,1
0.5470634698867798,1
0.28637439012527466,1
0.40911364555358887,1
0.37222471833229065,1
0.2919204831123352,1
0.31425410509109497,1
0.21388360857963562,1
0.2376171052455902,1
0.4792858362197876,1
0.2413380742073059,1
0.42734989523887634,1
0.20944291353225708,1
0.2912697494029999,1
0.18137122690677643,1
0.2020656317472458,1
0.22162142395973206,1
0.18032047152519226,1
0.20526397228240967,1
0.19198068976402283,1
0.3065851628780365,1
0.27517181634902954,1
0.09411066770553589,1
0.18487536907196045,1
0.19517739117145538,1
0.30562517046928406,1
0.3351135551929474,1
0.26249945163726807,1
0.1506575345993042,1
0.32132577896118164,1
0.2280372977256775,1
0.2188778817653656,1
0.33311915397644043,1
0.2991780638694763,1
0.3749115765094757,1
0.4571065902709961,1
0.2464054524898529,1
0.34345123171806335,1
0.1019764095544815,1
0.4017406404018402,1
0.255609929561615,1
0.3419411778450012,1
0.38411709666252136,1
0.2570522129535675,1
0.38914501667022705,1
0.13394081592559814,1
0.4774476885795593,1
0.1832834929227829,1
0.2640155851840973,1
0.35622429847717285,1
0.3388303518295288,1
0.2926051616668701,1
0.19232141971588135,1
0.5473310947418213,1
0.26183223724365234,1
0.4781103730201721,1
0.34425821900367737,1
0.2144978791475296,1
0.3063824474811554,1
0.20015287399291992,1
0.2943629026412964,1
0.27795514464378357,1
0.26580795645713806,1
0.41024109721183777,1
0.1389554888010025,1
0.22823241353034973,1
0.13188022375106812,1
0.359028160572052,1
0.33256766200065613,1
0.3688877820968628,1
0.3239210844039917,1
0.1600140929222107,1
0.23660001158714294,1
0.2557334899902344,1
0.28790906071662903,1
0.13961294293403625,1
0.234330415725708,1
0.17525583505630493,1
0.27303922176361084,1
0.26850804686546326,1
0.27772921323776245,1
0.3647783398628235,1
0.24098344147205353,1
0.1652255356311798,1
0.2739376127719879,1
0.3344937860965729,1
0.21110522747039795,1
0.29579973220825195,1
0.170401930809021,1
0.15123599767684937,1
0.18309612572193146,1
0.4492247402667999,1
0.16409796476364136,1
0.21417775750160217,1
0.39370208978652954,1
0.3129855692386627,1
0.1613312065601349,1
0.28522148728370667,1
0.3187424838542938,1
0.3912023603916168,1
0.17421579360961914,1
0.26447176933288574,1
0.3819071054458618,1
0.1780022233724594,1
0.39911872148513794,1
0.3002239465713501,1
0.26635152101516724,1
0.1966008096933365,1
0.43288418650627136,1
0.28198450803756714,1
0.3357356786727905,1
0.3237217366695404,1
0.1905314177274704,1
0.20180468261241913,1
0.28608405590057373,1
0.20891746878623962,1
0.17949649691581726,1
0.284297376871109,1
0.313959002494812,1
0.22534824907779694,1
0.21661299467086792,1
0.33036738634109497,1
0.28088730573654175,1
0.5119227170944214,1
0.3742825388908386,1
0.22229811549186707,1
0.27616745233535767,1
0.2743617296218872,1
0.26303982734680176,1
0.29058605432510376,1
0.2358233630657196,1
0.25316959619522095,1
0.3279961049556732,1
0.24387189745903015,1
0.26579439640045166,1
0.2115149199962616,1
0.22814851999282837,1
0.2568569481372833,1
0.11268948018550873,1
0.2892911434173584,1
0.2447262406349182,1
0.2986423969268799,1
0.21868906915187836,1
0.26312190294265747,1
0.19456271827220917,1
0.1809202879667282,1
0.28811708092689514,1
0.3376307785511017,1
0.17089331150054932,1
0.22950413823127747,1
0.34882310032844543,1
0.17833265662193298,1
0.2576875686645508,1
0.28093284368515015,1
0.24886563420295715,1
0.260343998670578,1
0.4216436743736267,1
0.28630033135414124,1
0.11891376972198486,1
0.33315372467041016,1
0.2891167402267456,1
0.2917943000793457,1
0.2281201183795929,1
0.323692262172699,1
0.15636681020259857,1
0.19151976704597473,1
0.3578803539276123,1
0.2898993492126465,1
0.4455738663673401,1
0.3515554368495941,1
0.3906245827674866,1
0.21390534937381744,1
0.4948296546936035,1
0.1580018550157547,1
0.2876407206058502,1
0.21668580174446106,1
0.28810781240463257,1
0.1435926854610443,1
0.19448158144950867,1
0.28885266184806824,1
0.1656394600868225,1
0.20082828402519226,1
0.220401793718338,1
0.2320868819952011,1
0.1905040740966797,1
0.28092315793037415,1
0.25192463397979736,1
0.2952660620212555,1
0.14506840705871582,1
0.2645500898361206,1
0.21356268227100372,1
0.2538270652294159,1
0.30597642064094543,1
0.2655273973941803,1
0.2642391324043274,1
0.4212011694908142,1
0.3074692487716675,1
0.3267606794834137,1
0.1363358050584793,1
0.21853795647621155,1
0.4222337603569031,1
0.2212795615196228,1
0.27097058296203613,1
0.2688722312450409,1
0.1776619255542755,1
0.3903011679649353,1
0.3680133819580078,1
0.15614840388298035,1
0.289558470249176,1
0.4803014397621155,1
0.19250255823135376,1
0.48750364780426025,1
0.24982132017612457,1
0.28753870725631714,1
0.22352275252342224,1
0.24851883947849274,1
0.4101479947566986,1
0.2982270121574402,1
0.2708686888217926,1
0.15979492664337158,1
0.4042222201824188,1
0.30734729766845703,1
0.3289810121059418,1
0.2790904641151428,1
0.2225126475095749,1
0.2226061373949051,1
0.38543179631233215,1
0.2837192714214325,1
0.1552107334136963,1
0.1744491010904312,1
0.1682809293270111,1
0.14657780528068542,1
0.2379365712404251,1
0.1482330858707428,1
0.20949260890483856,1
0.1562843918800354,1
0.23367774486541748,1
0.20032985508441925,1
0.19066625833511353,1
0.20429807901382446,1
0.3690584897994995,1
0.2893775701522827,1
0.21173802018165588,1
0.3436717391014099,1
0.17799410223960876,1
0.40994852781295776,1
0.3890942335128784,1
0.16957122087478638,1
0.28668755292892456,1
0.28151246905326843,1
0.24963393807411194,1
0.25207066535949707,1
0.16863946616649628,1
0.23476096987724304,1
0.26436373591423035,1
0.16095733642578125,1
0.47362273931503296,1
0.321442186832428,1
0.21740379929542542,1
0.21835434436798096,1
0.39700499176979065,1
0.2622472643852234,1
0.35776644945144653,1
0.2985919713973999,1
0.23691758513450623,1
0.32687845826148987,1
0.26018261909484863,1
0.06531972438097,1
0.2745412290096283,1
0.16982325911521912,1
0.16346916556358337,1
0.1641821265220642,1
0.20924484729766846,1
0.2857441306114197,1
0.18263012170791626,1
0.2060818076133728,1
0.30702710151672363,1
0.27357661724090576,1
0.2525480091571808,1
0.17029574513435364,1
0.14766734838485718,1
0.1277245432138443,1
0.26561784744262695,1
0.23189972341060638,1
0.17960746586322784,1
0.357577383518219,1
0.18123666942119598,1
0.2902204692363739,1
0.302881121635437,1
0.34096038341522217,1
0.15034787356853485,1
0.2119695544242859,1
0.38516438007354736,1
0.2779195010662079,1
0.16225692629814148,1
0.2216261625289917,1
0.21349160373210907,1
0.37684300541877747,1
0.21046175062656403,1
0.23944152891635895,1
0.35242947936058044,1
0.3837384581565857,1
0.1611497551202774,1
0.29121726751327515,1
0.3197344243526459,1
0.2533154785633087,1
0.2521671652793884,1
0.1846681833267212,1
0.17436739802360535,1
0.30302682518959045,1
0.2061208039522171,1
0.24581123888492584,1
0.2893066704273224,1
0.2646336853504181,1
0.17402639985084534,1
0.2594606280326843,1
0.3090994954109192,1
0.27149656414985657,1
0.2572701573371887,1
0.3129444122314453,1
0.3286746144294739,1
0.16655150055885315,1
0.27056026458740234,1
0.2847766578197479,1
0.31764480471611023,1
0.206978440284729,1
0.21589797735214233,1
0.21837608516216278,1
0.36267006397247314,1
0.31279128789901733,1
0.3732529580593109,1
0.4616651237010956,1
0.18973270058631897,1
0.2594185471534729,1
0.22037017345428467,1
0.49380648136138916,1
0.27603814005851746,1
0.18519213795661926,1
0.24986182153224945,1
0.19479617476463318,1
0.3785449266433716,1
0.349089652299881,1
0.3066744804382324,1
0.29681211709976196,1
0.2193395346403122,1
0.40738344192504883,1
0.13967600464820862,1
0.26624637842178345,1
0.21664147078990936,1
0.41438013315200806,1
0.1631506234407425,1
0.28635668754577637,1
0.25490373373031616,1
0.29758334159851074,1
0.27200639247894287,1
0.27308136224746704,1
0.279510498046875,1
0.2224782407283783,1
0.20055165886878967,1
0.4999978244304657,1
0.32236695289611816,1
0.22744254767894745,1
0.23450008034706116,1
0.17173321545124054,1
0.1520395129919052,1
0.2410842478275299,1
0.21153700351715088,1
0.2708456814289093,1
0.2063940018415451,1
0.26866018772125244,1
0.39250898361206055,1
0.2702973186969757,1
0.2769807279109955,1
0.15067556500434875,1
0.17296865582466125,1
0.47544965147972107,1
0.29918158054351807,1
0.3523769676685333,1
0.2455032914876938,1
0.29822829365730286,1
0.31695982813835144,1
0.21037901937961578,1
0.16750159859657288,1
0.21769174933433533,1
0.16736578941345215,1
0.17493532598018646,1
0.4174293279647827,1
0.3153550922870636,1
0.2673875093460083,1
0.4824807941913605,1
0.2546703517436981,1
0.13551557064056396,1
0.2746630907058716,1
0.19496017694473267,1
0.40070316195487976,1
0.24919569492340088,1
0.38392043113708496,1
0.13433599472045898,1
0.24833200871944427,1
0.43704289197921753,1
0.19780167937278748,1
0.21415990591049194,1
0.22931444644927979,1
0.32233983278274536,1
0.3348906934261322,1
0.33181458711624146,1
0.27223455905914307,1
0.42632320523262024,1
0.28104421496391296,1
0.14535531401634216,1
0.32392752170562744,1
0.39831873774528503,1
0.31471607089042664,1
0.19322995841503143,1
0.23117241263389587,1
0.17925643920898438,1
0.19770880043506622,1
0.30997520685195923,1
0.28633755445480347,1
0.3414979875087738,1
0.20184938609600067,1
0.08838401734828949,1
0.1473187804222107,1
0.0746096521615982,1
0.22457686066627502,1
0.32790863513946533,1
0.2979094386100769,1
0.337357759475708,1
0.3501087725162506,1
0.46014678478240967,1
0.19267846643924713,1
0.19970862567424774,1
0.10026079416275024,1
0.28219449520111084,1
0.2402728646993637,1
0.2470729947090149,1
0.2657884955406189,1
0.3854247033596039,1
0.23853719234466553,1
0.19629636406898499,1
0.3498615622520447,1
0.21175390481948853,1
0.20951512455940247,1
0.41366419196128845,1
0.2747221291065216,1
0.24397136270999908,1
0.3429533541202545,1
0.2887536287307739,1
0.10828292369842529,1
0.23623663187026978,1
0.10781475156545639,1
0.25856542587280273,1
0.3500378131866455,1
0.17330974340438843,1
0.4314420819282532,1
0.2647463381290436,1
0.3636236786842346,1
0.29202330112457275,1
0.2001221626996994,1
0.23860885202884674,1
0.4727327823638916,1
0.20210325717926025,1
0.12830768525600433,1
0.254009485244751,1
0.4060724973678589,1
0.3267529606819153,1
0.2940925657749176,1
0.20823934674263,1
0.14588749408721924,1
0.2604209780693054,1
0.15038195252418518,1
0.214783176779747,1
0.24693194031715393,1
0.4002001881599426,1
0.14193513989448547,1
0.11476089805364609,1
0.18278849124908447,1
0.1954961121082306,1
0.29420727491378784,1
0.36032241582870483,1
0.310343861579895,1
0.36802196502685547,1
0.248398095369339,1
0.4677745997905731,1
0.15180885791778564,1
0.3391810357570648,1
0.3630884885787964,1
0.16705304384231567,1
0.1827385276556015,1
0.155997171998024,1
0.250298410654068,1
0.5065097212791443,1
0.25117677450180054,1
0.22190561890602112,1
0.2608344256877899,1
0.34056705236434937,1
0.13551844656467438,1
0.17988264560699463,1
0.31335413455963135,1
0.35196632146835327,1
0.44423067569732666,1
0.4802524447441101,1
0.23867669701576233,1
0.29998013377189636,1
0.2641579508781433,1
0.3984733521938324,1
0.1956140547990799,1
0.39740532636642456,1
0.27144816517829895,1
0.15469089150428772,1
0.2806236147880554,1
0.5119836330413818,1
0.24352450668811798,1
0.2535908818244934,1
0.23032066226005554,1
0.24408632516860962,1
0.2779107093811035,1
0.3815716505050659,1
0.36714500188827515,1
0.18717193603515625,1
0.15423078835010529,1
0.21765786409378052,1
0.3820546269416809,1
0.2396697998046875,1
0.1876397281885147,1
0.38149046897888184,1
0.13671572506427765,1
0.19269603490829468,1
0.27448904514312744,1
0.22071611881256104,1
0.31361234188079834,1
0.2214774787425995,1
0.25506433844566345,1
0.2846156358718872,1
0.32241928577423096,1
0.20282965898513794,1
0.3501679599285126,1
0.2500649094581604,1
0.32193440198898315,1
0.2819707691669464,1
0.1692904233932495,1
0.4210900068283081,1
0.2369348406791687,1
0.28097403049468994,1
0.32730305194854736,1
0.33407852053642273,1
0.28702980279922485,1
0.2437269687652588,1
0.2522759437561035,1
0.14152291417121887,1
0.13516925275325775,1
0.2561265528202057,1
0.18682314455509186,1
0.24157004058361053,1
0.2000076174736023,1
0.24516183137893677,1
0.3354261517524719,1
0.5041590332984924,1
0.27388647198677063,1
0.28539010882377625,1
0.2918776273727417,1
0.18287393450737,1
0.3283938467502594,1
0.2955540418624878,1
0.24070250988006592,1
0.2658497095108032,1
0.21262691915035248,1
0.234730526804924,1
0.32180672883987427,1
0.217792347073555,1
0.271386057138443,1
0.31387847661972046,1
0.227047398686409,1
0.34051546454429626,1
0.27928587794303894,1
0.30260932445526123,1
0.15759466588497162,1
0.2073463797569275,1
0.3498457670211792,1
0.09777776896953583,1
0.21354079246520996,1
0.2228124439716339,1
0.3631293475627899,1
0.180278941988945,1
0.33826902508735657,1
0.4050977826118469,1
0.15808744728565216,1
0.30577605962753296,1
0.35340994596481323,1
0.20903542637825012,1
0.2442028820514679,1
0.2876713275909424,1
0.18387286365032196,1
0.2748223543167114,1
0.22640398144721985,1
0.16053658723831177,1
0.19925197958946228,1
0.28247663378715515,1
0.41773444414138794,1
0.34290480613708496,1
0.18619845807552338,1
0.17495615780353546,1
0.2261124551296234,1
0.2959401607513428,1
0.18098965287208557,1
0.23776637017726898,1
0.2839246988296509,1
0.2589378356933594,1
0.19818149507045746,1
0.24033069610595703,1
0.21308773756027222,1
0.391781747341156,1
0.22157132625579834,1
0.5539324283599854,1
0.1517055183649063,1
0.15054558217525482,1
0.2628609538078308,1
0.1002543643116951,1
0.23410743474960327,1
0.20339351892471313,1
0.22761741280555725,1
0.3971553444862366,1
0.176996648311615,1
0.3348674476146698,1
0.21900871396064758,1
0.22892732918262482,1
0.28583210706710815,1
0.3682636618614197,1
0.18847393989562988,1
0.287443071603775,1
0.2803865671157837,1
0.40278810262680054,1
0.4074658751487732,1
0.22855104506015778,1
0.24752946197986603,1
0.1766103357076645,1
0.5181270837783813,1
0.24426953494548798,1
0.2823600769042969,1
0.2698844075202942,1
0.24036377668380737,1
0.37589600682258606,1
0.30388540029525757,1
0.3423190712928772,1
0.22322633862495422,1
0.30237507820129395,1
0.3155441880226135,1
0.3327026963233948,1
0.23808354139328003,1
0.24895964562892914,1
0.40081217885017395,1
0.26631736755371094,1
0.3259364366531372,1
0.4170779287815094,1
0.3126859664916992,1
0.2959842085838318,1
0.31638333201408386,1
0.2835494875907898,1
0.3336655795574188,1
0.4077669382095337,1
0.4352971911430359,1
0.3579238951206207,1
0.3922933340072632,1
0.3545883893966675,1
0.3176634907722473,1
0.2925637662410736,1
0.3759920597076416,1
0.2975492477416992,1
0.3005065321922302,1
0.2771618962287903,1
0.2754769027233124,1
0.1504409909248352,1
0.3211606442928314,1
0.2961111068725586,1
0.33823758363723755,1
0.23137444257736206,1
0.27888378500938416,1
0.33918797969818115,1
0.22628295421600342,1
0.1608557403087616,1
0.20945708453655243,1
0.2985641360282898,1
0.22490869462490082,1
0.20059481263160706,1
0.11777400970458984,1
0.33337220549583435,1
0.30803847312927246,1
0.3042130768299103,1
0.28803324699401855,1
0.19577011466026306,1
0.3381756842136383,1
0.2954053580760956,1
0.2702881097793579,1
0.2590281069278717,1
0.41353899240493774,1
0.18515615165233612,1
0.23468589782714844,1
0.33667489886283875,1
0.25198668241500854,1
0.36909762024879456,1
0.4411429762840271,1
0.30208736658096313,1
0.3791812062263489,1
0.3367604613304138,1
0.3365868628025055,1
0.23694565892219543,1
0.3110314607620239,1
0.33321693539619446,1
0.15274251997470856,1
0.3080136179924011,1
0.3644266128540039,1
0.15981736779212952,1
0.3545180857181549,1
0.181465744972229,1
0.13446368277072906,1
0.07548359781503677,1
0.24189448356628418,1
0.3368135094642639,1
0.3408363461494446,1
0.2255963385105133,1
0.17625972628593445,1
0.21778805553913116,1
0.13337533175945282,1
0.3275770843029022,1
0.3603037893772125,1
0.2902555465698242,1
0.2556273341178894,1
0.22944331169128418,1
0.2127939611673355,1
0.29348933696746826,1
0.21764783561229706,1
0.3103797435760498,1
0.2790850102901459,1
0.16962207853794098,1
0.21446159482002258,1
0.2684018015861511,1
0.19050821661949158,1
0.26875048875808716,1
0.18702179193496704,1
0.301111102104187,1
0.18259850144386292,1
0.21866396069526672,1
0.21807138621807098,1
0.30298829078674316,1
0.1678031086921692,1
0.39206942915916443,1
0.2127508521080017,1
0.2552810311317444,1
0.3198014497756958,1
0.18971478939056396,1
0.26903724670410156,1
0.3362308144569397,1
0.15689122676849365,1
0.13928808271884918,1
0.1714158058166504,1
0.23149213194847107,1
0.43335121870040894,1
0.18949279189109802,1
0.28522631525993347,1
0.23121993243694305,1
0.3278001546859741,1
0.32152944803237915,1
0.37869784235954285,1
0.2311529964208603,1
0.16196328401565552,1
0.2900303602218628,1
0.24275147914886475,1
0.252988338470459,1
0.1707761585712433,1
0.3848685324192047,1
0.34778720140457153,1
0.3240067660808563,1
0.23209068179130554,1
0.1224786788225174,1
0.1443764716386795,1
0.1560320258140564,1
0.23615404963493347,1
0.5379519462585449,1
0.45149096846580505,1
0.2352948784828186,1
0.3677114248275757,1
0.30130285024642944,1
0.23863109946250916,1
0.23993656039237976,1
0.2172451764345169,1
0.3042468726634979,1
0.2261010855436325,1
0.24995176494121552,1
0.18568235635757446,1
0.2322995513677597,1
0.25008440017700195,1
0.26411259174346924,1
0.3368605971336365,1
0.30865800380706787,1
0.22557450830936432,1
0.25867682695388794,1
0.31233924627304077,1
0.26224222779273987,1
0.26056328415870667,1
0.3040238916873932,1
0.2418118417263031,1
0.23679852485656738,1
0.25888657569885254,1
0.19619150459766388,1
0.28430187702178955,1
0.3855739235877991,1
0.273519366979599,1
0.35775282979011536,1
0.2948678433895111,1
0.26444995403289795,1
0.2199973613023758,1
0.38471657037734985,1
0.19090983271598816,1
0.2739640176296234,1
0.16300876438617706,1
0.2702561318874359,1
0.3195044994354248,1
0.1445171982049942,1
0.4330524504184723,1
0.20488421618938446,1
0.1615367829799652,1
0.2628539502620697,1
0.1262870728969574,1
0.31861042976379395,1
0.21935191750526428,1
0.17151205241680145,1
0.18645323812961578,1
0.27135419845581055,1
0.3948763608932495,1
0.23927828669548035,1
0.3037242293357849,1
0.3773387670516968,1
0.20012542605400085,1
0.29448768496513367,1
0.47667330503463745,1
0.12411700189113617,1
0.3645893633365631,1
0.29016587138175964,1
0.1433984488248825,1
0.30680933594703674,1
0.16762785613536835,1
0.29699134826660156,1
0.23312972486019135,1
0.25854966044425964,1
0.2517746090888977,1
0.33434271812438965,1
0.21138517558574677,1
0.25507962703704834,1
0.22246094048023224,1
0.32929375767707825,1
0.4561190605163574,1
0.10786060988903046,1
0.18146106600761414,1
0.32531052827835083,1
0.3146783411502838,1
0.2818278670310974,1
0.292182058095932,1
0.20559294521808624,1
0.1627655178308487,1
0.2861912250518799,1
0.22785581648349762,1
0.2890723943710327,1
0.19868804514408112,1
0.3689082860946655,1
0.417600154876709,1
0.3245544731616974,1
0.3686968684196472,1
0.3819509744644165,1
0.2326461672782898,1
0.2793470621109009,1
0.3931322395801544,1
0.27304044365882874,1
0.30264633893966675,1
0.2905125319957733,1
0.18846477568149567,1
0.19674070179462433,1
0.20130111277103424,1
0.18511343002319336,1
0.1900014579296112,1
0.3121103346347809,1
0.32872164249420166,1
0.18132752180099487,1
0.26255467534065247,1
0.3768921196460724,1
0.35093361139297485,1
0.44032523036003113,1
0.309038907289505,1
0.3702329397201538,1
0.2193743884563446,1
0.1934838891029358,1
0.34303662180900574,1
0.29598915576934814,1
0.3323603570461273,1
0.21934115886688232,1
0.47243985533714294,1
0.22641345858573914,1
0.3324279189109802,1
0.2817135751247406,1
0.2733857035636902,1
0.24639885127544403,1
0.25445717573165894,1
0.3086792230606079,1
0.29822874069213867,1
0.49422115087509155,1
0.300351083278656,1
0.39913561940193176,1
0.25011107325553894,1
0.2384026050567627,1
0.20202507078647614,1
0.2842005491256714,1
0.2753472924232483,1
0.2095034271478653,1
0.2302951216697693,1
0.25463423132896423,1
0.2703585624694824,1
0.31609004735946655,1
0.246547132730484,1
0.24674808979034424,1
0.22389961779117584,1
0.14296403527259827,1
0.306986927986145,1
0.21574246883392334,1
0.3939986824989319,1
0.3444230556488037,1
0.28331154584884644,1
0.21477758884429932,1
0.32822805643081665,1
0.36342543363571167,1
0.32142215967178345,1
0.2745782732963562,1
0.32131820917129517,1
0.45528659224510193,1
0.1524352729320526,1
0.26935338973999023,1
0.20894241333007813,1
0.16760262846946716,1
0.2475745528936386,1
0.2536098062992096,1
0.21679028868675232,1
0.17500336468219757,1
0.27288690209388733,1
0.19355790317058563,1
0.17993471026420593,1
0.3538312315940857,1
0.24398544430732727,1
0.30478692054748535,1
0.25590652227401733,1
0.32747623324394226,1
0.22208207845687866,1
0.2778361439704895,1
0.4253726005554199,1
0.3597669005393982,1
0.14626969397068024,1
0.31403329968452454,1
0.2634633779525757,1
0.29595908522605896,1
0.24137820303440094,1
0.26736050844192505,1
0.24896356463432312,1
0.22175905108451843,1
0.20007139444351196,1
0.2662001848220825,1
0.1648002713918686,1
0.34017059206962585,1
0.22171613574028015,1
0.2510286867618561,1
0.23388400673866272,1
0.2207397222518921,1
0.23869770765304565,1
0.21703733503818512,1
0.21485966444015503,1
0.4241732954978943,1
0.19686168432235718,1
0.19969703257083893,1
0.19526977837085724,1
0.19756437838077545,1
0.20899024605751038,1
0.24007673561573029,1
0.3027324974536896,1
0.24521052837371826,1
0.16053664684295654,1
0.3952901363372803,1
0.2533782124519348,1
0.28665652871131897,1
0.1430271714925766,1
0.13366684317588806,1
0.23083558678627014,1
0.25239601731300354,1
0.14874467253684998,1
0.12828174233436584,1
0.24676835536956787,1
0.2906055748462677,1
0.27551349997520447,1
0.22798030078411102,1
0.2877914607524872,1
0.43824243545532227,1
0.33376455307006836,1
0.20963448286056519,1
0.26003584265708923,1
0.1126251220703125,1
0.15015578269958496,1
0.5012031197547913,1
0.2323230654001236,1
0.20693577826023102,1
0.2929397225379944,1
0.2603660225868225,1
0.21822135150432587,1
0.13553661108016968,1
0.3388451635837555,1
0.25626662373542786,1
0.2821927070617676,1
0.389790415763855,1
0.2508593499660492,1
0.1521942913532257,1
0.2722635865211487,1
0.25560587644577026,1
0.15819841623306274,1
0.23447179794311523,1
0.2429267168045044,1
0.1263192594051361,1
0.2858690023422241,1
0.2350301444530487,1
0.2146124392747879,1
0.2735637426376343,1
0.2729754149913788,1
0.343730628490448,1
0.1847248673439026,1
0.31488722562789917,1
0.3065589666366577,1
0.13531653583049774,1
0.13677184283733368,1
0.2800222337245941,1
0.3058513402938843,1
0.33468446135520935,1
0.1700526475906372,1
0.1921568065881729,1
0.3698834180831909,1
0.2325066328048706,1
0.14564582705497742,1
0.18289592862129211,1
0.21558046340942383,1
0.1719144582748413,1
0.18616001307964325,1
0.21557632088661194,1
0.34342071413993835,1
0.19925867021083832,1
0.14363698661327362,1
0.3193577229976654,1
0.2614579498767853,1
0.4023420214653015,1
0.19065579771995544,1
0.35176682472229004,1
0.17615559697151184,1
0.19872242212295532,1
0.4199952483177185,1
0.19681455194950104,1
0.35152092576026917,1
0.2763251066207886,1
0.22336947917938232,1
0.380569726228714,1
0.20224978029727936,1
0.2760831415653229,1
0.36126744747161865,1
0.3822997212409973,1
0.357242226600647,1
0.32413017749786377,1
0.24971583485603333,1
0.2271658033132553,1
0.28008800745010376,1
0.2081853598356247,1
0.3618900775909424,1
0.3053474724292755,1
0.31922197341918945,1
0.216358944773674,1
0.13518022000789642,1
0.2269984483718872,1
0.12274962663650513,1
0.25193801522254944,1
0.13952776789665222,1
0.18259459733963013,1
0.34270256757736206,1
0.4697524905204773,1
0.11305500566959381,1
0.28215524554252625,1
0.24978125095367432,1
0.24652314186096191,1
0.24537739157676697,1
0.26332083344459534,1
0.2637639045715332,1
0.28598499298095703,1
0.44643646478652954,1
0.2756088972091675,1
0.1323825716972351,1
0.17229869961738586,1
0.18728278577327728,1
0.20469428598880768,1
0.1972733438014984,1
0.28548669815063477,1
0.21901869773864746,1
0.37789618968963623,1
0.352970689535141,1
0.2854090631008148,1
0.2266639918088913,1
0.3021164536476135,1
0.41929197311401367,1
0.1869981586933136,1
0.27613765001296997,1
0.22882309556007385,1
0.22326427698135376,1
0.2593249976634979,1
0.2132059633731842,1
0.17123731970787048,1
0.12866581976413727,1
0.22154074907302856,1
0.16470789909362793,1
0.16800537705421448,1
0.4401961863040924,1
0.22652621567249298,1
0.264678031206131,1
0.2887552082538605,1
0.31042346358299255,1
0.22017315030097961,1
0.1858416050672531,1
0.2073877453804016,1
0.26633918285369873,1
0.32455840706825256,1
0.24267050623893738,1
0.22748756408691406,1
0.19729328155517578,1
0.24353139102458954,1
0.3344975709915161,1
0.24644306302070618,1
0.357827752828598,1
0.22603486478328705,1
0.139710932970047,1
0.3742186427116394,1
0.16074755787849426,1
0.17628367245197296,1
0.2862728238105774,1
0.30362439155578613,1
0.34329167008399963,1
0.36400455236434937,1
0.37938326597213745,1
0.16851922869682312,1
0.46017926931381226,1
0.40581128001213074,1
0.4244649410247803,1
0.31711727380752563,1
0.2987224757671356,1
0.3578792214393616,1
0.3031342029571533,1
0.3907225728034973,1
0.14383649826049805,1
0.19164642691612244,1
0.20537856221199036,1
0.24280959367752075,1
0.13850052654743195,1
0.27538737654685974,1
0.26415735483169556,1
0.2328203320503235,1
0.16739323735237122,1
0.3561161756515503,1
0.18357732892036438,1
0.11535318195819855,1
0.306294322013855,1
0.18115893006324768,1
0.13003596663475037,1
0.15346944332122803,1
0.34190040826797485,1
0.3504411578178406,1
0.1244233101606369,1
0.34767767786979675,1
0.291668176651001,1
0.12999355792999268,1
0.4034620225429535,1
0.16803652048110962,1
0.17030182480812073,1
0.3028707504272461,1
0.250408411026001,1
0.21757076680660248,1
0.41498613357543945,1
0.20674723386764526,1
0.21760377287864685,1
0.11444298923015594,1
0.165956050157547,1
0.4384729862213135,1
0.2699928283691406,1
0.32546722888946533,1
0.32304030656814575,1
0.22477999329566956,1
0.22912797331809998,1
0.3545864224433899,1
0.2936936616897583,1
0.16033756732940674,1
0.4770553708076477,1
0.22958070039749146,1
0.1901450753211975,1
0.1863061636686325,1
0.15400290489196777,1
0.37254250049591064,1
0.2516247630119324,1
0.25548937916755676,1
0.2479373812675476,1
0.3351118564605713,1
0.2466461956501007,1
0.2822825014591217,1
0.14364409446716309,1
0.29966774582862854,1
0.27531224489212036,1
0.2508988082408905,1
0.3052957057952881,1
0.38805198669433594,1
0.3906203508377075,1
0.325483113527298,1
0.2891000807285309,1
0.3285459578037262,1
0.1080089658498764,1
0.2780109643936157,1
0.2515789866447449,1
0.38189947605133057,1
0.388689786195755,1
0.16393466293811798,1
0.17961710691452026,1
0.2551172971725464,1
0.31926876306533813,1
0.23893839120864868,1
0.23416340351104736,1
0.17196811735630035,1
0.3863983750343323,1
0.21656766533851624,1
0.21273788809776306,1
0.14198651909828186,1
0.1583566665649414,1
0.2826165556907654,1
0.2631784975528717,1
0.15147483348846436,1
0.2413855344057083,1
0.2438001036643982,1
0.21710121631622314,1
0.3103390336036682,1
0.22283992171287537,1
0.19136695563793182,1
0.25974953174591064,1
0.16999371349811554,1
0.46445438265800476,1
0.2512226700782776,1
0.1243668720126152,1
0.20862622559070587,1
0.33293840289115906,1
0.14328712224960327,1
0.24608460068702698,1
0.2335088551044464,1
0.3075769543647766,1
0.2645341157913208,1
0.38998740911483765,1
0.3032565712928772,1
0.3761005401611328,1
0.23270104825496674,1
0.23401831090450287,1
0.2575720548629761,1
0.1706220507621765,1
0.19419953227043152,1
0.32525044679641724,1
0.13328388333320618,1
0.3389941453933716,1
0.19587093591690063,1
0.2746933102607727,1
0.26042336225509644,1
0.1842750906944275,1
0.1790442168712616,1
0.20863080024719238,1
0.3001164197921753,1
0.15904882550239563,1
0.2696344256401062,1
0.2623317241668701,1
0.22974692285060883,1
0.20733770728111267,1
0.4522402584552765,1
0.35670536756515503,1
0.33695143461227417,1
0.22238245606422424,1
0.2549281120300293,1
0.1925622820854187,1
0.3072701096534729,1
0.1510053277015686,1
0.2392992079257965,1
0.2028380036354065,1
0.36174845695495605,1
0.3151017129421234,1
0.4535357356071472,1
0.31643956899642944,1
0.13784240186214447,1
0.31209421157836914,1
0.30513983964920044,1
0.24551373720169067,1
0.2570655643939972,1
0.34627383947372437,1
0.1779162883758545,1
0.20226114988327026,1
0.21169310808181763,1
0.2551683783531189,1
0.406408429145813,1
0.2940276861190796,1
0.22954294085502625,1
0.1667548269033432,1
0.2540949881076813,1
0.22934788465499878,1
0.31737610697746277,1
0.25178706645965576,1
0.31013309955596924,1
0.16691872477531433,1
0.20619463920593262,1
0.2995937168598175,1
0.3051682114601135,1
0.1640378087759018,1
0.20938272774219513,1
0.30687692761421204,1
0.24360227584838867,1
0.2067510187625885,1
0.1370779573917389,1
0.23322343826293945,1
0.13746172189712524,1
0.1725878119468689,1
0.25298070907592773,1
0.1912500113248825,1
0.24903614819049835,1
0.16356216371059418,1
0.3409320116043091,1
0.34671205282211304,1
0.31216761469841003,1
0.12701338529586792,1
0.391599178314209,1
0.32819533348083496,1
0.26268818974494934,1
0.182266965508461,1
0.23524123430252075,1
0.46692734956741333,1
0.20784302055835724,1
0.3713987469673157,1
0.21809729933738708,1
0.24889306724071503,1
0.3729493319988251,1
0.199453666806221,1
0.09834197908639908,1
0.17238056659698486,1
0.2287205010652542,1
0.49557799100875854,1
0.13578283786773682,1
0.3704817295074463,1
0.2931549549102783,1
0.39880168437957764,1
0.2456699162721634,1
0.23048730194568634,1
0.2707343101501465,1
0.031109165400266647,1
0.3657621741294861,1
0.19217567145824432,1
0.1546710729598999,1
0.18098032474517822,1
0.2700515389442444,1
0.42399880290031433,1
0.17736035585403442,1
0.1920977234840393,1
0.1364620476961136,1
0.15379741787910461,1
0.15776461362838745,1
0.34134018421173096,1
