0.1946684718132019,1
0.18351773917675018,1
0.22018492221832275,1
0.13739006221294403,1
0.23893381655216217,1
0.14967267215251923,1
0.28653380274772644,1
0.1567820906639099,1
0.29891857504844666,1
0.3625031113624573,1
0.16699033975601196,1
0.19303756952285767,1
0.12024067342281342,1
0.09729330986738205,1
0.3682323098182678,1
0.2316248118877411,1
0.40606600046157837,1
0.19925440847873688,1
0.1585204303264618,1
0.11102013289928436,1
0.26029172539711,1
0.19846631586551666,1
0.16428951919078827,1
0.23468433320522308,1
0.23623166978359222,1
0.2378721535205841,1
0.14454397559165955,1
0.29058149456977844,1
0.2835690379142761,1
0.21344786882400513,1
0.19727718830108643,1
0.2013254165649414,1
0.40044304728507996,1
0.16673576831817627,1
0.2508513927459717,1
0.20446540415287018,1
0.15508407354354858,1
0.519428551197052,1
0.34370189905166626,1
0.21020996570587158,1
0.2232377827167511,1
0.378924161195755,1
0.17774651944637299,1
0.29720985889434814,1
0.388843297958374,1
0.2930312752723694,1
0.20316851139068604,1
0.1884225755929947,1
0.1844065934419632,1
0.15240353345870972,1
0.25831955671310425,1
0.3526219129562378,1
0.16621826589107513,1
0.23009692132472992,1
0.2111017405986786,1
0.25857678055763245,1
0.25438550114631653,1
0.22404739260673523,1
0.25849422812461853,1
0.20807161927223206,1
0.18431463837623596,1
0.21464481949806213,1
0.249631866812706,1
0.18056878447532654,1
0.321873277425766,1
0.26057112216949463,1
0.3064468502998352,1
0.2175062894821167,1
0.18199056386947632,1
0.2529061734676361,1
0.1760767698287964,1
0.26252251863479614,1
0.20007526874542236,1
0.1673785001039505,1
0.2235322892665863,1
0.41583678126335144,1
0.24518251419067383,1
0.16535884141921997,1
0.15803232789039612,1
0.17474773526191711,1
0.2038179486989975,1
0.09070759266614914,1
0.17692919075489044,1
0.3058851361274719,1
0.09275324642658234,1
0.2819592356681824,1
0.19292941689491272,1
0.15366506576538086,1
0.19006600975990295,1
0.2312631607055664,1
0.2607736885547638,1
0.33419495820999146,1
0.17685283720493317,1
0.08748520165681839,1
0.2384466528892517,1
0.37519755959510803,1
0.16877610981464386,1
0.32594940066337585,1
0.35734987258911133,1
0.18809042870998383,1
0.15949755907058716,1
0.14631882309913635,1
0.2494335174560547,1
0.16147381067276,1
0.27726784348487854,1
0.13124871253967285,1
0.22382301092147827,1
0.19932834804058075,1
0.2119845449924469,1
0.22347626090049744,1
0.1512557715177536,1
0.23859041929244995,1
0.18133266270160675,1
0.22575309872627258,1
0.2624237835407257,1
0.198822021484375,1
0.23795048892498016,1
0.1389739215373993,1
0.2092532515525818,1
0.2900697588920593,1
0.18220405280590057,1
0.16017621755599976,1
0.13959594070911407,1
0.19595617055892944,1
0.18175284564495087,1
0.19547143578529358,1
0.21067970991134644,1
0.34186065196990967,1
0.4202258884906769,1
0.20297783613204956,1
0.10168951749801636,1
0.2449546456336975,1
0.18980224430561066,1
0.2268676608800888,1
0.08723855763673782,1
0.08404655754566193,1
0.11890203505754471,1
0.20136338472366333,1
0.1629866659641266,1
0.1768127828836441,1
0.25144654512405396,1
0.2850649058818817,1
0.33347004652023315,1
0.17833156883716583,1
0.2542561888694763,1
0.2622220516204834,1
0.2876070737838745,1
0.23187226057052612,1
0.09948273748159409,1
0.20360586047172546,1
0.3063996136188507,1
0.44223716855049133,1
0.3392263650894165,1
0.24168522655963898,1
0.2565692067146301,1
0.2593384385108948,1
0.3083548843860626,1
0.19504156708717346,1
0.14971554279327393,1
0.2604893445968628,1
0.21242301166057587,1
0.23989327251911163,1
0.15589681267738342,1
0.3394368886947632,1
0.22106744349002838,1
0.20469364523887634,1
0.3013629615306854,1
0.08650941401720047,1
0.22601597011089325,1
0.13038776814937592,1
0.2412663996219635,1
0.18705463409423828,1
0.2958186864852905,1
0.21758921444416046,1
0.2709534764289856,1
0.1539391279220581,1
0.32139262557029724,1
0.13158507645130157,1
0.19257251918315887,1
0.2038702666759491,1
0.31890976428985596,1
0.25688013434410095,1
0.2396625280380249,1
0.3194352388381958,1
0.18327626585960388,1
0.1186419129371643,1
0.20899924635887146,1
0.22727037966251373,1
0.11609833687543869,1
0.23647341132164001,1
0.22614169120788574,1
0.15830177068710327,1
0.2790229916572571,1
0.1714472472667694,1
0.23921506106853485,1
0.24512195587158203,1
0.1678788661956787,1
0.12776321172714233,1
0.25269779562950134,1
0.17569057643413544,1
0.1231570765376091,1
0.24671322107315063,1
0.20111128687858582,1
0.21678248047828674,1
0.06973740458488464,1
0.15719471871852875,1
0.2412298023700714,1
0.1871889978647232,1
0.2778187096118927,1
0.21649688482284546,1
0.12038019299507141,1
0.22637848556041718,1
0.11597543209791183,1
0.16979146003723145,1
0.25101566314697266,1
0.09295403957366943,1
0.1316961646080017,1
0.10419300198554993,1
0.11210621893405914,1
0.11985880881547928,1
0.18623362481594086,1
0.3081221580505371,1
0.20315907895565033,1
0.17156380414962769,1
0.14882521331310272,1
0.11185337603092194,1
0.17589186131954193,1
0.21183575689792633,1
0.3364364504814148,1
0.2506682574748993,1
0.2091480791568756,1
0.2676810324192047,1
0.5696526765823364,1
0.14471983909606934,1
0.30831658840179443,1
0.16747936606407166,1
0.21283294260501862,1
0.2037072777748108,1
0.3704700469970703,1
0.15583309531211853,1
0.3996275067329407,1
0.07866990566253662,1
0.1963341236114502,1
0.23377640545368195,1
0.2579493522644043,1
0.1896081566810608,1
0.2251637876033783,1
0.21273967623710632,1
0.3542223870754242,1
0.22387970983982086,1
0.276400625705719,1
0.12927979230880737,1
0.4093075096607208,1
0.23149891197681427,1
0.35805344581604004,1
0.2674751877784729,1
0.23837628960609436,1
0.20545297861099243,1
0.1833360344171524,1
0.1414572298526764,1
0.18619848787784576,1
0.2336510866880417,1
0.3270935118198395,1
0.3126146197319031,1
0.20575597882270813,1
0.17778873443603516,1
0.18528404831886292,1
0.08670821040868759,1
0.09343084692955017,1
0.4170246124267578,1
0.40829139947891235,1
0.2560965418815613,1
0.237796813249588,1
0.14857620000839233,1
0.17076775431632996,1
0.25410640239715576,1
0.3224043548107147,1
0.17967641353607178,1
0.23957087099552155,1
0.357519268989563,1
0.3914321959018707,1
0.19273264706134796,1
0.2627858817577362,1
0.33067426085472107,1
0.23729301989078522,1
0.19450660049915314,1
0.28785669803619385,1
0.15128707885742188,1
0.3389797508716583,1
0.1580030620098114,1
0.3400171995162964,1
0.11954685300588608,1
0.13949215412139893,1
0.28481218218803406,1
0.13614092767238617,1
0.256791889667511,1
0.197499617934227,1
0.22167137265205383,1
0.29709911346435547,1
0.1876445859670639,1
0.07910725474357605,1
0.2049935758113861,1
0.3184489905834198,1
0.20488810539245605,1
0.23337149620056152,1
0.18488658964633942,1
0.10895165801048279,1
0.2004157155752182,1
0.1937183141708374,1
0.3355518579483032,1
0.19112004339694977,1
0.2502789795398712,1
0.23355892300605774,1
0.23331990838050842,1
0.06595154106616974,1
0.21460020542144775,1
0.15232038497924805,1
0.2176317423582077,1
0.3551409840583801,1
0.16011837124824524,1
0.08028099685907364,1
0.2652072310447693,1
0.3413998782634735,1
0.13848362863063812,1
0.3307257890701294,1
0.2008996158838272,1
0.15727226436138153,1
0.1783953160047531,1
0.23440197110176086,1
0.0779145285487175,1
0.2681121230125427,1
0.24627894163131714,1
0.28225237131118774,1
0.220241516828537,1
0.24661290645599365,1
0.11711691319942474,1
0.21547552943229675,1
0.15610423684120178,1
0.3606652021408081,1
0.1681891232728958,1
0.26913511753082275,1
0.22461801767349243,1
0.11810775101184845,1
0.21302935481071472,1
0.2683489918708801,1
0.22339102625846863,1
0.19521208107471466,1
0.22540685534477234,1
0.32133880257606506,1
0.17907127737998962,1
0.13716989755630493,1
0.21268290281295776,1
0.17444440722465515,1
0.07350954413414001,1
0.2074454128742218,1
0.1356605738401413,1
0.20652800798416138,1
0.3264164924621582,1
0.117327980697155,1
0.20029184222221375,1
0.16830775141716003,1
0.33872875571250916,1
0.12361036241054535,1
0.25450262427330017,1
0.25666582584381104,1
0.35797059535980225,1
0.19700205326080322,1
0.25071340799331665,1
0.2979944944381714,1
0.17960163950920105,1
0.16360068321228027,1
0.25396251678466797,1
0.28976351022720337,1
0.24387285113334656,1
0.2579730451107025,1
0.2810411751270294,1
0.1070479154586792,1
0.20908983051776886,1
0.22412917017936707,1
0.2695286273956299,1
0.2560598850250244,1
0.08678524941205978,1
0.1629236489534378,1
0.19422003626823425,1
0.21213741600513458,1
0.25169670581817627,1
0.17619934678077698,1
0.13509197533130646,1
0.28043168783187866,1
0.3800807297229767,1
0.22791221737861633,1
0.17931032180786133,1
0.20254004001617432,1
0.21669712662696838,1
0.16651323437690735,1
0.23484914004802704,1
0.18050812184810638,1
0.20537850260734558,1
0.20334592461585999,1
0.17285974323749542,1
0.28073132038116455,1
0.18214114010334015,1
0.12652400135993958,1
0.23602187633514404,1
0.25300952792167664,1
0.34298303723335266,1
0.3250829577445984,1
0.17718708515167236,1
0.23710645735263824,1
0.22659023106098175,1
0.36165767908096313,1
0.18432679772377014,1
0.28579115867614746,1
0.12554208934307098,1
0.16240830719470978,1
0.24696817994117737,1
0.19106712937355042,1
0.24910937249660492,1
0.22120767831802368,1
0.23981356620788574,1
0.4354841709136963,1
0.24848374724388123,1
0.5059331059455872,1
0.1180722713470459,1
0.2908046841621399,1
0.24674202501773834,1
0.4177520275115967,1
0.21514394879341125,1
0.36502209305763245,1
0.14248251914978027,1
0.19630742073059082,1
0.22965414822101593,1
0.3748337924480438,1
0.21691042184829712,1
0.15726450085639954,1
0.18867605924606323,1
0.18212004005908966,1
0.5224928855895996,1
0.17857833206653595,1
0.11177577078342438,1
0.294569730758667,1
0.14979128539562225,1
0.3319782614707947,1
0.3168681263923645,1
0.12013338506221771,1
0.24792110919952393,1
0.18884433805942535,1
0.17564783990383148,1
0.2783978581428528,1
0.46150320768356323,1
0.22672376036643982,1
0.25620967149734497,1
0.12702538073062897,1
0.25368577241897583,1
0.1496599316596985,1
0.2453566938638687,1
0.3752085268497467,1
0.3144717216491699,1
0.1753876507282257,1
0.30406689643859863,1
0.2723861336708069,1
0.18090370297431946,1
0.15088550746440887,1
0.19037412106990814,1
0.12093304842710495,1
0.24219760298728943,1
0.22315284609794617,1
0.22074854373931885,1
0.14945340156555176,1
0.2839062213897705,1
0.25738874077796936,1
0.2759484648704529,1
0.19180834293365479,1
0.24609068036079407,1
0.3939749002456665,1
0.22182980179786682,1
0.08919064700603485,1
0.1880962997674942,1
0.23778694868087769,1
0.21547618508338928,1
0.17730504274368286,1
0.1750224530696869,1
0.24891451001167297,1
0.14699669182300568,1
0.26693615317344666,1
0.2021459937095642,1
0.24502365291118622,1
0.2863905727863312,1
0.32458144426345825,1
0.2709372341632843,1
0.31725287437438965,1
0.17212823033332825,1
0.1619924008846283,1
0.3108545243740082,1
0.18045523762702942,1
0.14355772733688354,1
0.12094800174236298,1
0.34512606263160706,1
0.1953946352005005,1
0.15639570355415344,1
0.16470931470394135,1
0.22228112816810608,1
0.29451632499694824,1
0.350597620010376,1
0.37274977564811707,1
0.1930055469274521,1
0.27362608909606934,1
0.17907048761844635,1
0.15016667544841766,1
0.19661258161067963,1
0.12661528587341309,1
0.20751312375068665,1
0.24002030491828918,1
0.20795561373233795,1
0.3389139771461487,1
0.18454572558403015,1
0.17089542746543884,1
0.13467466831207275,1
0.20257309079170227,1
0.23045486211776733,1
0.08878739923238754,1
0.1897827833890915,1
0.20076455175876617,1
0.15429696440696716,1
0.1011933982372284,1
0.16653242707252502,1
0.2646101117134094,1
0.2905266284942627,1
0.14910009503364563,1
0.203468918800354,1
0.22779399156570435,1
0.24041417241096497,1
0.13007357716560364,1
0.25703221559524536,1
0.2744854986667633,1
0.07838644832372665,1
0.2551729083061218,1
0.22865834832191467,1
0.1742243766784668,1
0.17723755538463593,1
0.20191094279289246,1
0.08940531313419342,1
0.11937247961759567,1
0.21997688710689545,1
0.3306523263454437,1
0.11885367333889008,1
0.17533425986766815,1
0.25358322262763977,1
0.3827087879180908,1
0.23005498945713043,1
0.17258408665657043,1
0.2493029534816742,1
0.22291934490203857,1
0.16016332805156708,1
0.20282357931137085,1
0.1895952820777893,1
0.4140498638153076,1
0.22563987970352173,1
0.1650570034980774,1
0.3724430501461029,1
0.19763556122779846,1
0.42674320936203003,1
0.15711066126823425,1
0.2506655752658844,1
0.07379947602748871,1
0.21786700189113617,1
0.25036677718162537,1
0.1440475583076477,1
0.15780428051948547,1
0.252361536026001,1
0.2233511209487915,1
0.1629924476146698,1
0.15907986462116241,1
0.2772614061832428,1
0.2405146211385727,1
0.2214352935552597,1
0.31119105219841003,1
0.36323076486587524,1
0.3282623887062073,1
0.19285322725772858,1
0.15267731249332428,1
0.29684576392173767,1
0.1567922979593277,1
0.3725265562534332,1
0.19354721903800964,1
0.29622170329093933,1
0.31626251339912415,1
0.10951422154903412,1
0.299816370010376,1
0.15493981540203094,1
0.10344789922237396,1
0.3046279847621918,1
0.2407551407814026,1
0.253193736076355,1
0.193243145942688,1
0.23969696462154388,1
0.0875740796327591,1
0.4252723753452301,1
0.22326207160949707,1
0.12266376614570618,1
0.32600006461143494,1
0.26401564478874207,1
0.32991740107536316,1
0.20103369653224945,1
0.2597668170928955,1
0.3528760075569153,1
0.25157326459884644,1
0.13052722811698914,1
0.12516137957572937,1
0.2831563353538513,1
0.13778020441532135,1
0.27212607860565186,1
0.07599705457687378,1
0.17691263556480408,1
0.24315263330936432,1
0.1698274165391922,1
0.21778856217861176,1
0.2363128960132599,1
0.21583755314350128,1
0.2370675802230835,1
0.3177495002746582,1
0.1978689730167389,1
0.1425551474094391,1
0.19372543692588806,1
0.24084749817848206,1
0.20587033033370972,1
0.2424302101135254,1
0.2033696472644806,1
0.2951790988445282,1
0.1984136402606964,1
0.2009899914264679,1
0.23626384139060974,1
0.28059321641921997,1
0.4516875445842743,1
0.1558404415845871,1
0.06476088613271713,1
0.20608794689178467,1
0.1348060667514801,1
0.2686227560043335,1
0.24072131514549255,1
0.2622099816799164,1
0.2552889585494995,1
0.19915540516376495,1
0.18105962872505188,1
0.2383468747138977,1
0.1520964652299881,1
0.1877729594707489,1
0.3956047594547272,1
0.18490241467952728,1
0.2166551947593689,1
0.19902397692203522,1
0.1784946620464325,1
0.19870424270629883,1
0.2677474021911621,1
0.24707458913326263,1
0.15365436673164368,1
0.22431309521198273,1
0.1655179262161255,1
0.20336361229419708,1
0.14252185821533203,1
0.15953806042671204,1
0.19574105739593506,1
0.1967301070690155,1
0.40074700117111206,1
0.16983270645141602,1
0.33346107602119446,1
0.3604983389377594,1
0.30123254656791687,1
0.27516165375709534,1
0.2125605195760727,1
0.29109370708465576,1
0.17634131014347076,1
0.3547047972679138,1
0.1865808665752411,1
0.25568491220474243,1
0.2003527730703354,1
0.19829334318637848,1
0.1745777726173401,1
0.3100467920303345,1
0.12969698011875153,1
0.20878423750400543,1
0.15053081512451172,1
0.32421907782554626,1
0.23637035489082336,1
0.34563034772872925,1
0.28074371814727783,1
0.21578407287597656,1
0.22936555743217468,1
0.18755891919136047,1
0.24099820852279663,1
0.3232455253601074,1
0.3651047348976135,1
0.20366063714027405,1
0.2238202691078186,1
0.18078109622001648,1
0.1445770263671875,1
0.5730111598968506,1
0.3214678466320038,1
0.21212778985500336,1
0.22731104493141174,1
0.29701879620552063,1
0.29022014141082764,1
0.2918125092983246,1
0.2188865691423416,1
0.23653802275657654,1
0.24486620724201202,1
0.14882658421993256,1
0.24348318576812744,1
0.23991890251636505,1
0.12771844863891602,1
0.2635650634765625,1
0.12789373099803925,1
0.1228586733341217,1
0.14942538738250732,1
0.12809227406978607,1
0.1551743447780609,1
0.2174203097820282,1
0.1794554591178894,1
0.2352733612060547,1
0.15407130122184753,1
0.12626436352729797,1
0.1301729530096054,1
0.31322169303894043,1
0.20414383709430695,1
0.23750339448451996,1
0.2984599769115448,1
0.20682962238788605,1
0.2336171716451645,1
0.1705615222454071,1
0.11041813343763351,1
0.3623465895652771,1
0.16133984923362732,1
0.15480345487594604,1
0.20449897646903992,1
0.23185035586357117,1
0.16756673157215118,1
0.19135740399360657,1
0.10641465336084366,1
0.1132635623216629,1
0.16643257439136505,1
0.2567785382270813,1
0.30138981342315674,1
0.27349668741226196,1
0.2881983518600464,1
0.16863110661506653,1
0.19129842519760132,1
0.35308003425598145,1
0.21536733210086823,1
0.090513214468956,1
0.2405218482017517,1
0.23448702692985535,1
0.17459681630134583,1
0.24127501249313354,1
0.1177995502948761,1
0.2424892634153366,1
0.08478692919015884,1
0.20426207780838013,1
0.21770286560058594,1
0.17552503943443298,1
0.2896044850349426,1
0.1502075344324112,1
0.17698600888252258,1
0.14288069307804108,1
0.31671634316444397,1
0.26813235878944397,1
0.1587202548980713,1
0.09588813781738281,1
0.12307640165090561,1
0.21076855063438416,1
0.25008025765419006,1
0.24465340375900269,1
0.2498902976512909,1
0.22795787453651428,1
0.337673544883728,1
0.24835613369941711,1
0.19337347149848938,1
0.11386570334434509,1
0.23781482875347137,1
0.17725734412670135,1
0.13488619029521942,1
0.1579543948173523,1
0.24100829660892487,1
0.32216161489486694,1
0.1886719912290573,1
0.14834119379520416,1
0.22921225428581238,1
0.23166276514530182,1
0.20975053310394287,1
0.2072933316230774,1
0.37469157576560974,1
0.1713005155324936,1
0.2702118456363678,1
0.3719506561756134,1
0.22711755335330963,1
0.16790202260017395,1
0.22983276844024658,1
0.16825121641159058,1
0.4013783633708954,1
0.3827916085720062,1
0.23039008677005768,1
0.24039146304130554,1
0.1468934714794159,1
0.21756653487682343,1
0.17971579730510712,1
0.3093583881855011,1
0.36010095477104187,1
0.15787512063980103,1
0.3499327301979065,1
0.18941175937652588,1
0.2680240869522095,1
0.24336397647857666,1
0.21721157431602478,1
0.1294579654932022,1
0.15817181766033173,1
0.3622334599494934,1
0.1912510246038437,1
0.28368160128593445,1
0.1830272674560547,1
0.291883260011673,1
0.16952762007713318,1
0.13281238079071045,1
0.22158384323120117,1
0.22005346417427063,1
0.21158695220947266,1
0.22089457511901855,1
0.15227116644382477,1
0.18650926649570465,1
0.3704896569252014,1
0.14475737512111664,1
0.2875545024871826,1
0.44461125135421753,1
0.23937830328941345,1
0.1924503594636917,1
0.5909672379493713,1
0.33147484064102173,1
0.14326149225234985,1
0.16828297078609467,1
0.33535927534103394,1
0.17016245424747467,1
0.10006605088710785,1
0.18248090147972107,1
0.15783192217350006,1
0.180792436003685,1
0.23252283036708832,1
0.22954002022743225,1
0.26961734890937805,1
0.22809721529483795,1
0.1603650152683258,1
0.266946405172348,1
0.27506333589553833,1
0.15851274132728577,1
0.2514941990375519,1
0.2785339951515198,1
0.1928950548171997,1
0.2307337373495102,1
0.22252807021141052,1
0.14030295610427856,1
0.2162857949733734,1
0.19352546334266663,1
0.23140832781791687,1
0.40246260166168213,1
0.1827266961336136,1
0.1432584673166275,1
0.2524625062942505,1
0.29321208596229553,1
0.20080655813217163,1
0.12136269360780716,1
0.21752017736434937,1
0.2548427879810333,1
0.24718761444091797,1
0.18024908006191254,1
0.20231491327285767,1
0.08242450654506683,1
0.2194640040397644,1
0.14565038681030273,1
0.18776419758796692,1
0.16476820409297943,1
0.28879761695861816,1
0.22821272909641266,1
0.2125898003578186,1
0.1950918734073639,1
0.23116031289100647,1
0.24921706318855286,1
0.3717211186885834,1
0.2510700523853302,1
0.28574538230895996,1
0.22520118951797485,1
0.10307060182094574,1
0.3189149498939514,1
0.16940560936927795,1
0.18799595534801483,1
0.18399614095687866,1
0.25045764446258545,1
0.16162560880184174,1
0.20972010493278503,1
0.21623584628105164,1
0.1620880365371704,1
0.14993330836296082,1
0.12985944747924805,1
0.22463199496269226,1
0.05052940547466278,1
0.332793653011322,1
0.23336079716682434,1
0.200562983751297,1
0.22711703181266785,1
0.3422888517379761,1
0.3021053075790405,1
0.14653129875659943,1
0.2920789122581482,1
0.21451467275619507,1
0.18176141381263733,1
0.14248570799827576,1
0.21100494265556335,1
0.29592713713645935,1
0.2519242465496063,1
0.15498779714107513,1
0.1408756673336029,1
0.29028528928756714,1
0.05708299204707146,1
0.11906395107507706,1
0.395952045917511,1
0.16641280055046082,1
0.24017742276191711,1
0.33690690994262695,1
0.3012333810329437,1
0.0760209932923317,1
0.2586067020893097,1
0.29112279415130615,1
0.04292161762714386,1
0.15771998465061188,1
0.3028128743171692,1
0.3102666735649109,1
0.3472609519958496,1
0.18152369558811188,1
0.18428294360637665,1
0.09295802563428879,1
0.23074844479560852,1
0.32081806659698486,1
0.14536508917808533,1
0.2423800826072693,1
0.27672603726387024,1
0.28140634298324585,1
0.3714768588542938,1
0.20771801471710205,1
0.1726062148809433,1
0.19479626417160034,1
0.19793272018432617,1
0.2482679784297943,1
0.14163433015346527,1
0.33939123153686523,1
0.08592874556779861,1
0.1519983410835266,1
0.1724003553390503,1
0.21155864000320435,1
0.3750258684158325,1
0.12554523348808289,1
0.090969979763031,1
0.28470578789711,1
0.14903607964515686,1
0.3519124388694763,1
0.2467544674873352,1
0.23659825325012207,1
0.1953171193599701,1
0.25764650106430054,1
0.26776668429374695,1
0.26575443148612976,1
0.20095178484916687,1
0.212761789560318,1
0.16488191485404968,1
0.37274637818336487,1
0.38242483139038086,1
0.21932534873485565,1
0.23582519590854645,1
0.32309824228286743,1
0.30906006693840027,1
0.3714269995689392,1
0.2436760514974594,1
0.13876424729824066,1
0.2969421446323395,1
0.14464591443538666,1
0.22560933232307434,1
0.24088521301746368,1
0.17937763035297394,1
0.19266833364963531,1
0.17071473598480225,1
0.20523662865161896,1
0.2640312910079956,1
0.2183457762002945,1
0.1840353161096573,1
0.20527684688568115,1
0.2543434500694275,1
0.26311954855918884,1
0.17220358550548553,1
0.2587210237979889,1
0.2801750898361206,1
0.22179368138313293,1
0.21669921278953552,1
0.2625451683998108,1
0.21786831319332123,1
0.2049247771501541,1
0.17900753021240234,1
0.1803404986858368,1
0.3023613691329956,1
0.12320771813392639,1
0.125618115067482,1
0.24282106757164001,1
0.17971275746822357,1
0.18669790029525757,1
0.27445363998413086,1
0.28304097056388855,1
0.18492747843265533,1
0.1408924013376236,1
0.12316107749938965,1
0.1444912701845169,1
0.30895933508872986,1
0.18721696734428406,1
0.3506524860858917,1
0.2647460103034973,1
0.3479194641113281,1
0.21292728185653687,1
0.3219790756702423,1
0.2320929765701294,1
0.16723042726516724,1
0.2951076030731201,1
0.34142181277275085,1
0.1274259090423584,1
0.3064548671245575,1
0.18643979728221893,1
0.3257303833961487,1
0.13656800985336304,1
0.18681809306144714,1
0.21616989374160767,1
0.5344415903091431,1
0.34192928671836853,1
0.1574702262878418,1
0.23531343042850494,1
0.12666405737400055,1
0.31906625628471375,1
0.1804371178150177,1
0.08578923344612122,1
0.11622186005115509,1
0.18993782997131348,1
0.2167859673500061,1
0.16469894349575043,1
0.30484724044799805,1
0.2522953152656555,1
0.14270421862602234,1
0.12579259276390076,1
0.32966580986976624,1
0.2501508593559265,1
0.21344813704490662,1
0.12852634489536285,1
0.4211422801017761,1
0.30790603160858154,1
0.22752103209495544,1
0.2102377563714981,1
0.3522615134716034,1
0.27569156885147095,1
0.2719414532184601,1
0.15676379203796387,1
0.23309387266635895,1
0.2558087110519409,1
0.21835771203041077,1
0.15717686712741852,1
0.14806735515594482,1
0.16827139258384705,1
0.31540608406066895,1
0.18624646961688995,1
0.18825271725654602,1
0.18640194833278656,1
0.11525648832321167,1
0.22287391126155853,1
0.24970729649066925,1
0.23863360285758972,1
0.3003268241882324,1
0.14984488487243652,1
0.12104929983615875,1
0.35304033756256104,1
0.2593269944190979,1
0.25307053327560425,1
0.10085171461105347,1
0.31873729825019836,1
0.2385287880897522,1
0.13642653822898865,1
0.24508944153785706,1
0.16703584790229797,1
0.2921156883239746,1
0.21303856372833252,1
0.15001973509788513,1
0.19399985671043396,1
0.31310802698135376,1
0.31110629439353943,1
0.2232441008090973,1
0.1402774453163147,1
0.181365966796875,1
0.3117328882217407,1
0.2097165286540985,1
0.23541608452796936,1
0.18192227184772491,1
0.10366274416446686,1
0.26456546783447266,1
0.300009161233902,1
0.15953059494495392,1
0.2221296727657318,1
0.07248741388320923,1
0.2099788784980774,1
0.18275293707847595,1
0.3315105438232422,1
0.20133206248283386,1
0.12933875620365143,1
0.12340163439512253,1
0.2828609347343445,1
0.1669280081987381,1
0.23390094935894012,1
0.1688462793827057,1
0.35645151138305664,1
0.17877644300460815,1
0.4756651818752289,1
0.18768751621246338,1
0.265436053276062,1
0.18334853649139404,1
0.2129134088754654,1
0.255392462015152,1
0.2080167829990387,1
0.39537549018859863,1
0.19400466978549957,1
0.3126167953014374,1
0.2571347653865814,1
0.3404804468154907,1
0.18540315330028534,1
0.23189613223075867,1
0.19765779376029968,1
0.2855309545993805,1
0.1872207522392273,1
0.23724296689033508,1
0.212895005941391,1
0.13629351556301117,1
0.2708628475666046,1
0.31284278631210327,1
0.1814488023519516,1
0.2622617781162262,1
0.30973196029663086,1
0.27161043882369995,1
0.11043481528759003,1
0.1675373613834381,1
0.26701995730400085,1
0.2697433531284332,1
0.30651775002479553,1
0.28034985065460205,1
0.20518246293067932,1
0.17836815118789673,1
0.17349109053611755,1
0.19129842519760132,1
0.3028993010520935,1
0.3514728248119354,1
0.513943076133728,1
0.34835851192474365,1
0.3650469481945038,1
0.22876279056072235,1
0.27566346526145935,1
0.16939494013786316,1
0.15562987327575684,1
0.176940456032753,1
0.1547769010066986,1
0.2475399523973465,1
0.10136575251817703,1
0.2796741724014282,1
0.12764501571655273,1
0.026303332298994064,1
0.1404743641614914,1
0.21275195479393005,1
0.14758051931858063,1
0.14240151643753052,1
0.26504650712013245,1
0.3174877166748047,1
0.19420823454856873,1
0.16026023030281067,1
0.15653082728385925,1
0.3030453324317932,1
0.23579150438308716,1
0.147698312997818,1
0.29774561524391174,1
0.122212715446949,1
0.6386016607284546,1
0.21818898618221283,1
0.20135699212551117,1
0.14981117844581604,1
0.3357272744178772,1
0.20260336995124817,1
0.22047075629234314,1
0.23744431138038635,1
0.23376834392547607,1
0.32978296279907227,1
0.21176093816757202,1
0.1776832938194275,1
0.21285435557365417,1
0.3000612258911133,1
0.2523011863231659,1
0.16155532002449036,1
0.2843279540538788,1
0.2771647274494171,1
0.37910497188568115,1
0.2587644159793854,1
0.275225967168808,1
0.16262465715408325,1
0.2613872289657593,1
0.39986419677734375,1
0.16350340843200684,1
0.1808859407901764,1
0.3592543303966522,1
0.16582997143268585,1
0.18830233812332153,1
0.22791683673858643,1
0.15938973426818848,1
0.37021321058273315,1
0.35961875319480896,1
0.24229097366333008,1
0.15819498896598816,1
0.16387219727039337,1
0.23438459634780884,1
0.25105389952659607,1
0.14760944247245789,1
0.16278839111328125,1
0.2083243727684021,1
0.1822328120470047,1
0.2425391972064972,1
0.15657192468643188,1
0.14750483632087708,1
0.16476880013942719,1
0.15892615914344788,1
0.21516144275665283,1
0.20344816148281097,1
0.2969627380371094,1
0.1894921362400055,1
0.20160454511642456,1
0.3081856966018677,1
0.23931363224983215,1
0.16945672035217285,1
0.17412924766540527,1
0.1666545420885086,1
0.11897627264261246,1
0.20951151847839355,1
0.2877179682254791,1
0.1823347508907318,1
0.19195030629634857,1
0.19426798820495605,1
0.20146650075912476,1
0.29444459080696106,1
0.16751334071159363,1
0.15120932459831238,1
0.31129100918769836,1
0.3222058117389679,1
0.24544057250022888,1
0.2180885523557663,1
0.24848265945911407,1
0.28266075253486633,1
0.16268369555473328,1
0.22058334946632385,1
0.3070169687271118,1
0.15305253863334656,1
0.2991706132888794,1
0.15391835570335388,1
0.35912325978279114,1
0.17715324461460114,1
0.20713984966278076,1
0.2443290650844574,1
0.274712473154068,1
0.2471694052219391,1
0.25966817140579224,1
0.20581568777561188,1
0.3937683701515198,1
0.2100718915462494,1
0.3105672001838684,1
0.22764666378498077,1
0.1754985898733139,1
0.21893957257270813,1
0.20126722753047943,1
0.17202916741371155,1
0.2906094193458557,1
0.31985217332839966,1
0.3153708577156067,1
0.23014047741889954,1
0.1945352405309677,1
0.2228875458240509,1
0.16342933475971222,1
0.3917074203491211,1
0.10800127685070038,1
0.1261134147644043,1
0.22823840379714966,1
0.24708110094070435,1
0.2328004240989685,1
0.23574519157409668,1
0.13139885663986206,1
0.23568016290664673,1
0.24740120768547058,1
0.09932941943407059,1
0.20091824233531952,1
0.11612563580274582,1
0.07488608360290527,1
0.17811152338981628,1
0.16516609489917755,1
0.20081749558448792,1
0.30656036734580994,1
0.16501690447330475,1
0.18267905712127686,1
0.16089463233947754,1
0.19842591881752014,1
0.22692127525806427,1
0.26244285702705383,1
0.17708855867385864,1
0.2351728230714798,1
0.33412304520606995,1
0.17713771760463715,1
0.2688055634498596,1
0.29698267579078674,1
0.2285597324371338,1
0.22800903022289276,1
0.20539231598377228,1
0.15406769514083862,1
0.19381238520145416,1
0.21529339253902435,1
0.23420163989067078,1
0.16024944186210632,1
0.193752259016037,1
0.20907741785049438,1
0.2064705491065979,1
0.104024238884449,1
0.21903403103351593,1
0.20345857739448547,1
0.3105950951576233,1
0.3221825063228607,1
0.12923818826675415,1
0.26106026768684387,1
0.19376127421855927,1
0.14517086744308472,1
0.3243354558944702,1
0.35219743847846985,1
0.30350372195243835,1
0.10601446032524109,1
0.23256489634513855,1
0.22518675029277802,1
0.20323435962200165,1
0.27531173825263977,1
0.17099735140800476,1
0.14593039453029633,1
0.1902346909046173,1
0.19378866255283356,1
0.308035284280777,1
0.22952614724636078,1
0.16014882922172546,1
0.1180710420012474,1
0.19177594780921936,1
0.318135142326355,1
0.364795446395874,1
0.21639710664749146,1
0.2017160952091217,1
0.31206315755844116,1
0.2728157043457031,1
0.11885420233011246,1
0.18267031013965607,1
0.27298903465270996,1
0.20453384518623352,1
0.15836361050605774,1
0.20617175102233887,1
0.14255931973457336,1
0.344455748796463,1
0.13329710066318512,1
0.22378891706466675,1
0.1484876275062561,1
0.29332002997398376,1
0.17651809751987457,1
0.19164115190505981,1
0.1918124258518219,1
0.12616103887557983,1
0.23141779005527496,1
0.11265237629413605,1
0.19950081408023834,1
0.19074010848999023,1
0.3942958116531372,1
0.2612996995449066,1
0.3426557183265686,1
0.33031976222991943,1
0.09406491369009018,1
0.18097080290317535,1
0.3093280494213104,1
0.1602012813091278,1
0.09320924431085587,1
0.3132053017616272,1
0.21395160257816315,1
0.2598186433315277,1
0.12277763336896896,1
0.26881349086761475,1
0.21152158081531525,1
0.1938381791114807,1
0.3075709939002991,1
0.2083570510149002,1
0.21402928233146667,1
0.13034328818321228,1
0.24494566023349762,1
0.2671431005001068,1
0.23810595273971558,1
0.14637112617492676,1
0.2316763699054718,1
0.24193641543388367,1
0.20436665415763855,1
0.20086178183555603,1
0.12706056237220764,1
0.11513396352529526,1
0.3017353415489197,1
0.10314272344112396,1
0.256880521774292,1
0.27094918489456177,1
0.2840370535850525,1
0.3285716474056244,1
0.19220902025699615,1
0.19333261251449585,1
0.32075566053390503,1
0.197561115026474,1
0.2579759657382965,1
0.12555629014968872,1
0.16567246615886688,1
0.2523142993450165,1
0.18033979833126068,1
0.138860285282135,1
0.11199997365474701,1
0.23491786420345306,1
0.20794537663459778,1
0.09712698310613632,1
0.3283758759498596,1
0.2835932970046997,1
0.1833057403564453,1
0.33604854345321655,1
0.3436853587627411,1
0.16524046659469604,1
0.3235795199871063,1
0.2604091763496399,1
0.18339787423610687,1
0.22738075256347656,1
0.21819312870502472,1
0.2096152901649475,1
0.15997669100761414,1
0.22018751502037048,1
0.17147822678089142,1
0.2193194031715393,1
0.3018414080142975,1
0.18514277040958405,1
0.1307942271232605,1
0.14816780388355255,1
0.22979703545570374,1
0.2584211826324463,1
0.14298385381698608,1
0.08745190501213074,1
0.25700607895851135,1
0.3060900568962097,1
0.1404595673084259,1
0.1875540316104889,1
0.11918863654136658,1
0.14332516491413116,1
0.0951184332370758,1
0.12558311223983765,1
0.19616135954856873,1
0.43370428681373596,1
0.3207801580429077,1
0.1456412672996521,1
0.19216930866241455,1
0.2256348878145218,1
0.3205629587173462,1
0.224540576338768,1
0.21793925762176514,1
0.24254100024700165,1
0.27822625637054443,1
0.18666329979896545,1
0.3040996193885803,1
0.36370933055877686,1
0.2796527147293091,1
0.15733546018600464,1
0.27138277888298035,1
0.20676910877227783,1
0.4160733222961426,1
0.21241305768489838,1
0.3246161639690399,1
0.26630789041519165,1
0.134494811296463,1
0.3512009382247925,1
0.29441937804222107,1
0.29331517219543457,1
0.20988662540912628,1
0.23668676614761353,1
0.1543126106262207,1
0.09595473110675812,1
0.10864818096160889,1
0.17278648912906647,1
0.2238408476114273,1
0.18780426681041718,1
0.17543146014213562,1
0.12376758456230164,1
0.14555621147155762,1
0.29569578170776367,1
0.20402541756629944,1
0.20775702595710754,1
0.2485494762659073,1
0.270507276058197,1
0.2567872405052185,1
0.25082775950431824,1
0.18752245604991913,1
0.25354450941085815,1
0.2103138566017151,1
0.19642457365989685,1
0.23021650314331055,1
0.37461918592453003,1
0.23215997219085693,1
0.2299514263868332,1
0.2803703546524048,1
0.1480458378791809,1
0.19246459007263184,1
0.3160984218120575,1
0.35459470748901367,1
0.21119479835033417,1
0.40560048818588257,1
0.18068599700927734,1
0.15248838067054749,1
0.2287711799144745,1
0.25866687297821045,1
0.29302316904067993,1
0.14458537101745605,1
0.1967736780643463,1
0.07232819497585297,1
0.278727650642395,1
0.21964891254901886,1
0.2865665555000305,1
0.22917070984840393,1
0.12692448496818542,1
0.29263556003570557,1
0.2081320434808731,1
0.25887539982795715,1
0.27101847529411316,1
0.15323323011398315,1
0.16025255620479584,1
0.09480351209640503,1
0.22613734006881714,1
0.20059601962566376,1
0.10410517454147339,1
0.05960073694586754,1
0.32049277424812317,1
0.2720101475715637,1
0.3420640230178833,1
0.40286436676979065,1
0.235029935836792,1
0.25501447916030884,1
0.22080424427986145,1
0.19172045588493347,1
0.2969372570514679,1
0.14741572737693787,1
0.19504070281982422,1
0.18076841533184052,1
0.28148066997528076,1
0.28066760301589966,1
0.11557187885046005,1
0.3047094941139221,1
0.261176198720932,1
0.14880892634391785,1
0.236471027135849,1
0.2863268256187439,1
0.15410947799682617,1
0.18264731764793396,1
0.3141188323497772,1
0.16921842098236084,1
0.192824125289917,1
0.16879218816757202,1
0.23327898979187012,1
0.10667570680379868,1
0.273226261138916,1
0.24352866411209106,1
0.1726059913635254,1
0.22270698845386505,1
0.148936465382576,1
0.26549094915390015,1
0.20180797576904297,1
0.31254762411117554,1
0.23450347781181335,1
0.12470848858356476,1
0.10289211571216583,1
0.21070897579193115,1
0.35684895515441895,1
0.4176209270954132,1
0.31673434376716614,1
0.24637623131275177,1
0.16317836940288544,1
0.20790015161037445,1
0.23314665257930756,1
0.27033236622810364,1
0.22348207235336304,1
0.16474124789237976,1
0.22347912192344666,1
0.1065438985824585,1
0.25119495391845703,1
0.19571541249752045,1
0.35483676195144653,1
0.17771318554878235,1
0.2826935052871704,1
0.17930978536605835,1
0.269246906042099,1
0.23423203825950623,1
0.1783214807510376,1
0.3037380576133728,1
0.09136445820331573,1
0.20910419523715973,1
0.23353156447410583,1
0.2716638743877411,1
0.14985285699367523,1
0.18844330310821533,1
0.3435940742492676,1
0.24974863231182098,1
0.18135333061218262,1
0.18576353788375854,1
0.1909532994031906,1
0.20927459001541138,1
0.3890038728713989,1
0.32916080951690674,1
0.1911209523677826,1
0.1213383823633194,1
0.17899194359779358,1
0.27854683995246887,1
0.21732592582702637,1
0.10183288156986237,1
0.3289033770561218,1
0.20356778800487518,1
0.22544436156749725,1
0.20584729313850403,1
0.2317398190498352,1
0.22727403044700623,1
0.27529171109199524,1
0.13205932080745697,1
0.3512628972530365,1
0.16746710240840912,1
0.36782464385032654,1
0.31033074855804443,1
0.323464035987854,1
0.18277889490127563,1
0.08901675045490265,1
0.20579159259796143,1
0.21559494733810425,1
0.19167883694171906,1
0.3320806324481964,1
0.2431022971868515,1
0.2275775820016861,1
0.30245184898376465,1
0.2235613465309143,1
0.2017482966184616,1
0.12543098628520966,1
0.13130927085876465,1
0.42577627301216125,1
0.23544107377529144,1
0.243618905544281,1
0.2559969127178192,1
0.09795354306697845,1
0.2943470776081085,1
0.1906094253063202,1
0.11516927182674408,1
0.2524353265762329,1
0.16580703854560852,1
0.15508532524108887,1
0.1273665726184845,1
0.13374429941177368,1
0.14144276082515717,1
0.19931389391422272,1
0.1723359078168869,1
0.17147082090377808,1
0.144496351480484,1
0.32387131452560425,1
0.2569575607776642,1
0.11268904060125351,1
0.38628512620925903,1
0.22570833563804626,1
0.11050070077180862,1
0.38203805685043335,1
0.08437184989452362,1
0.14768004417419434,1
0.2113078534603119,1
0.3741057515144348,1
0.12078791856765747,1
0.2905932068824768,1
0.2437477856874466,1
0.2031349092721939,1
0.34767231345176697,1
0.3132132291793823,1
0.1756514012813568,1
0.07101669162511826,1
0.20533455908298492,1
0.20054811239242554,1
0.12136274576187134,1
0.3245437741279602,1
0.2902348041534424,1
0.17735710740089417,1
0.10615383833646774,1
0.16635173559188843,1
0.19664767384529114,1
0.16298933327198029,1
0.14843688905239105,1
0.2399640679359436,1
0.13594301044940948,1
0.3089480400085449,1
0.157694473862648,1
0.15443500876426697,1
0.26435941457748413,1
0.27108997106552124,1
0.2356899380683899,1
0.18240684270858765,1
0.2934047281742096,1
0.2937377393245697,1
0.40674710273742676,1
0.1718594878911972,1
0.12689289450645447,1
0.11977677047252655,1
0.3534712791442871,1
0.17705312371253967,1
0.40812671184539795,1
0.2942316234111786,1
0.29216355085372925,1
0.27377504110336304,1
0.19744780659675598,1
0.2091664969921112,1
0.10977089405059814,1
0.10388041287660599,1
0.13022823631763458,1
0.17077940702438354,1
0.1929967701435089,1
0.1796070784330368,1
0.22574704885482788,1
0.429424911737442,1
0.20959585905075073,1
0.27861201763153076,1
0.2208981215953827,1
0.2870783507823944,1
0.2447228729724884,1
0.32768329977989197,1
0.1585896760225296,1
0.12545299530029297,1
0.22874128818511963,1
0.21229277551174164,1
0.1337488889694214,1
0.3982117176055908,1
0.2368023693561554,1
0.1652539074420929,1
0.14207376539707184,1
0.1389303058385849,1
0.23878349363803864,1
0.10506223142147064,1
0.11024646461009979,1
0.1376948058605194,1
0.18392521142959595,1
0.1647074669599533,1
0.2678489685058594,1
0.1628754884004593,1
0.3104432225227356,1
0.17650341987609863,1
0.2858821153640747,1
0.09245704114437103,1
0.1595287024974823,1
0.43781396746635437,1
0.20168986916542053,1
0.23139677941799164,1
0.17227791249752045,1
0.2952703833580017,1
0.23336386680603027,1
0.15505893528461456,1
0.20014911890029907,1
0.37310054898262024,1
0.1915827840566635,1
0.21778814494609833,1
0.1486428678035736,1
0.14361320436000824,1
0.1786269247531891,1
0.17524486780166626,1
0.24644777178764343,1
0.24443063139915466,1
0.14370197057724,1
0.17263007164001465,1
0.30832338333129883,1
0.1432141810655594,1
0.2867291271686554,1
0.26416969299316406,1
0.23563408851623535,1
0.4666023254394531,1
0.2861805260181427,1
0.1471724957227707,1
0.21751873195171356,1
0.15469537675380707,1
0.1522301286458969,1
0.25935646891593933,1
0.3891589045524597,1
0.18054203689098358,1
0.20967848598957062,1
0.1693437695503235,1
0.1784602552652359,1
0.14996084570884705,1
0.17918793857097626,1
0.1877664029598236,1
0.31154799461364746,1
0.3270505964756012,1
0.19273298978805542,1
0.2930625379085541,1
0.19273699820041656,1
0.23619800806045532,1
0.2521477937698364,1
0.24104198813438416,1
0.1826954334974289,1
0.0810433179140091,1
0.17033731937408447,1
0.19863909482955933,1
0.35936692357063293,1
0.16662757098674774,1
0.15041789412498474,1
0.4471258521080017,1
0.13169360160827637,1
0.3545246720314026,1
0.19837583601474762,1
0.15437935292720795,1
0.1054622083902359,1
0.22890007495880127,1
0.23037084937095642,1
0.3381959795951843,1
0.14772725105285645,1
0.1103290319442749,1
0.32800304889678955,1
0.16142204403877258,1
0.2085687220096588,1
0.17072215676307678,1
0.22961106896400452,1
0.17597045004367828,1
0.22205062210559845,1
0.06932897120714188,1
0.3073323369026184,1
0.2267044633626938,1
0.2646920382976532,1
0.11884818226099014,1
0.33871209621429443,1
0.36561718583106995,1
0.10717540979385376,1
0.07255657017230988,1
0.2542315125465393,1
0.19080057740211487,1
0.2695733308792114,1
0.1784423589706421,1
0.14932003617286682,1
0.19962559640407562,1
0.3217674791812897,1
0.21054872870445251,1
0.22999173402786255,1
0.29535219073295593,1
0.38255998492240906,1
0.2637145519256592,1
0.239335834980011,1
0.109136663377285,1
0.19486497342586517,1
0.1724519282579422,1
0.3057527542114258,1
0.15586510300636292,1
0.2493722140789032,1
0.19066281616687775,1
0.1352986991405487,1
0.19496017694473267,1
0.24024759232997894,1
0.17386803030967712,1
0.15753507614135742,1
0.16448217630386353,1
0.15234479308128357,1
0.3359829783439636,1
0.20864182710647583,1
0.13961702585220337,1
0.23612600564956665,1
0.22657465934753418,1
0.295134961605072,1
0.2112419307231903,1
0.27523958683013916,1
0.35180604457855225,1
0.1859828680753708,1
0.1851566731929779,1
0.18755370378494263,1
0.3906669020652771,1
0.1846228837966919,1
0.23626708984375,1
0.22525465488433838,1
0.18190217018127441,1
0.31443676352500916,1
0.22220668196678162,1
0.27531272172927856,1
0.17254199087619781,1
0.3734576106071472,1
0.18326623737812042,1
0.11735612154006958,1
0.2265031486749649,1
0.3426234722137451,1
0.17566177248954773,1
0.19482645392417908,1
0.30484241247177124,1
0.16622819006443024,1
0.1773127317428589,1
0.2845984697341919,1
0.2080785185098648,1
0.15138797461986542,1
0.13128775358200073,1
0.2338542342185974,1
0.18957264721393585,1
0.2674027681350708,1
0.33014118671417236,1
0.21542111039161682,1
0.281429260969162,1
0.5295934081077576,1
0.1779347062110901,1
0.11905078589916229,1
0.2165897786617279,1
0.2325340211391449,1
0.17714692652225494,1
0.10204577445983887,1
0.2834709882736206,1
0.2156359851360321,1
0.20697928965091705,1
0.24294765293598175,1
0.23703044652938843,1
0.18645653128623962,1
0.13673502206802368,1
0.24003496766090393,1
0.16080600023269653,1
0.2291170358657837,1
0.15031090378761292,1
0.16309180855751038,1
0.29520678520202637,1
0.14181677997112274,1
0.23610399663448334,1
0.2860022187232971,1
0.11269960552453995,1
0.2010425627231598,1
0.09405210614204407,1
0.22157974541187286,1
0.24969373643398285,1
0.2150614857673645,1
0.22775638103485107,1
0.3493518531322479,1
0.1183338388800621,1
0.37503117322921753,1
0.1243291050195694,1
0.20070579648017883,1
0.1437164694070816,1
0.1179724708199501,1
0.24661993980407715,1
0.44427818059921265,1
0.1476411670446396,1
0.20392772555351257,1
0.35322898626327515,1
0.24093040823936462,1
0.2059822529554367,1
0.23252058029174805,1
0.1591285765171051,1
0.1378730833530426,1
0.29884421825408936,1
0.20855234563350677,1
0.17840707302093506,1
0.15743879973888397,1
0.16089019179344177,1
0.11407165229320526,1
0.2986367344856262,1
0.12423193454742432,1
0.246551975607872,1
0.2926895320415497,1
0.2081833779811859,1
0.23750396072864532,1
0.2825971841812134,1
0.12779733538627625,1
0.11281730234622955,1
0.31563374400138855,1
0.20517125725746155,1
0.291309654712677,1
0.17393705248832703,1
0.11699137091636658,1
0.08081883192062378,1
0.2230527400970459,1
0.18979251384735107,1
0.17887046933174133,1
0.21221062541007996,1
0.20046541094779968,1
0.1319369375705719,1
0.1368838995695114,1
0.10597787797451019,1
0.16686604917049408,1
0.1741013079881668,1
0.1632513403892517,1
0.12288370728492737,1
0.1452966034412384,1
0.10853247344493866,1
0.16570842266082764,1
0.2735272943973541,1
0.23155519366264343,1
0.2070625126361847,1
0.2323114275932312,1
0.16108515858650208,1
0.17133957147598267,1
0.1986548900604248,1
0.2395002543926239,1
0.293997585773468,1
0.13999880850315094,1
0.23431110382080078,1
0.20547479391098022,1
0.19411735236644745,1
0.264037162065506,1
0.09160255640745163,1
0.23259815573692322,1
0.19916367530822754,1
0.1332293450832367,1
0.32713836431503296,1
0.1989375650882721,1
0.0973011702299118,1
0.3693319261074066,1
0.15315863490104675,1
0.15286889672279358,1
0.13999158143997192,1
0.2549731731414795,1
0.35041993856430054,1
0.16456635296344757,1
0.13068419694900513,1
0.21100518107414246,1
0.373692125082016,1
0.1818075031042099,1
0.13890303671360016,1
0.11289025098085403,1
0.2900178134441376,1
0.3433174192905426,1
0.2081543505191803,1
0.2771971821784973,1
0.16847386956214905,1
0.24135121703147888,1
0.2829307019710541,1
0.08815578371286392,1
0.2758193612098694,1
0.15204276144504547,1
0.21348749101161957,1
0.21912239491939545,1
0.2978820204734802,1
0.24044319987297058,1
0.2876037061214447,1
0.162973552942276,1
0.3794846534729004,1
0.22997409105300903,1
0.22197359800338745,1
0.2123212367296219,1
0.2591746151447296,1
0.2515014111995697,1
0.1064102053642273,1
0.36118388175964355,1
0.27503517270088196,1
0.1545761674642563,1
0.1529567539691925,1
0.166828453540802,1
0.20153778791427612,1
0.26196086406707764,1
0.21342021226882935,1
0.1524912714958191,1
0.26960283517837524,1
0.057345129549503326,1
0.24139578640460968,1
0.2442832589149475,1
0.15480637550354004,1
0.11045286059379578,1
0.24890601634979248,1
0.27089497447013855,1
0.2821745276451111,1
0.40463703870773315,1
0.11726579815149307,1
0.38645249605178833,1
0.2838670611381531,1
0.2475467026233673,1
0.1820279359817505,1
0.15597186982631683,1
0.16301485896110535,1
0.19582179188728333,1
0.11850348114967346,1
0.11800859123468399,1
0.35365167260169983,1
0.11313816905021667,1
0.2492837756872177,1
0.30809491872787476,1
0.3918684422969818,1
0.2240164577960968,1
0.41320767998695374,1
0.08452054858207703,1
0.2672629952430725,1
0.07648400962352753,1
0.3673124313354492,1
0.18149197101593018,1
0.2674098014831543,1
0.27439698576927185,1
0.2821927070617676,1
0.24823471903800964,1
0.4192765951156616,1
0.18279990553855896,1
0.15334980189800262,1
0.2792815864086151,1
0.25481003522872925,1
0.23461279273033142,1
0.2239619642496109,1
0.38332098722457886,1
0.2793355882167816,1
0.2400832325220108,1
0.13754379749298096,1
0.16346938908100128,1
0.35980722308158875,1
0.18615105748176575,1
0.10599865764379501,1
0.2988891899585724,1
0.19402211904525757,1
0.21940135955810547,1
0.19234465062618256,1
0.2033413201570511,1
0.15096282958984375,1
0.21596390008926392,1
0.2052970677614212,1
0.11826867610216141,1
0.3404044508934021,1
0.3460790812969208,1
0.12469650059938431,1
0.15444296598434448,1
0.18374383449554443,1
0.1996234953403473,1
0.20465537905693054,1
0.1551920771598816,1
0.27238646149635315,1
0.25492244958877563,1
0.47332778573036194,1
0.1465725302696228,1
0.38149136304855347,1
0.33967751264572144,1
0.2301081120967865,1
0.4631499648094177,1
0.2757611870765686,1
0.27560171484947205,1
0.1841673105955124,1
0.19368350505828857,1
0.20388339459896088,1
0.08559317141771317,1
0.15479004383087158,1
0.20075994729995728,1
0.16544994711875916,1
0.19769413769245148,1
0.38937121629714966,1
0.20483854413032532,1
0.42311522364616394,1
0.34578388929367065,1
0.2507374584674835,1
0.2771742641925812,1
0.11925598978996277,1
0.3667561411857605,1
0.09114721417427063,1
0.22028867900371552,1
0.12556159496307373,1
0.15338799357414246,1
0.34578439593315125,1
0.43209564685821533,1
0.1472606211900711,1
0.1771862506866455,1
0.3084341883659363,1
0.14879491925239563,1
0.18189875781536102,1
0.14629432559013367,1
0.24047985672950745,1
0.3231971561908722,1
0.23058943450450897,1
0.24983778595924377,1
0.24191416800022125,1
0.25841468572616577,1
0.07423695176839828,1
0.2488398253917694,1
0.11323579400777817,1
0.22830882668495178,1
0.3485395014286041,1
0.16198071837425232,1
0.17040005326271057,1
0.26463690400123596,1
0.2518377900123596,1
0.2797495126724243,1
0.2091646045446396,1
0.12128156423568726,1
0.2005024552345276,1
0.17006558179855347,1
0.24486848711967468,1
0.17465901374816895,1
0.2400749772787094,1
0.2177538126707077,1
0.33900225162506104,1
0.14381223917007446,1
0.25890129804611206,1
0.23913492262363434,1
0.18423426151275635,1
0.11743263900279999,1
0.27758127450942993,1
0.27372193336486816,1
0.1932053118944168,1
0.18717694282531738,1
0.17548146843910217,1
0.25647079944610596,1
0.1959322988986969,1
0.18308354914188385,1
0.17677322030067444,1
0.29147204756736755,1
0.1690543293952942,1
0.21275284886360168,1
0.1735265851020813,1
0.2507486939430237,1
0.2460741549730301,1
0.22824281454086304,1
0.3063514530658722,1
0.2516725957393646,1
0.26205652952194214,1
0.2910279929637909,1
0.32862257957458496,1
0.17665010690689087,1
0.1650291532278061,1
0.1425681859254837,1
0.0799608826637268,1
0.13121718168258667,1
0.1294582486152649,1
0.20422372221946716,1
0.21287761628627777,1
0.25327378511428833,1
0.15085850656032562,1
0.10514520108699799,1
0.21262460947036743,1
0.2136175036430359,1
0.19163551926612854,1
0.22506526112556458,1
0.38028424978256226,1
0.24105682969093323,1
0.14352455735206604,1
0.18817974627017975,1
0.19345611333847046,1
0.1530700922012329,1
0.2214972972869873,1
0.16284161806106567,1
0.21092918515205383,1
0.25052544474601746,1
0.27306729555130005,1
0.23196789622306824,1
0.21630361676216125,1
0.21210017800331116,1
0.12107902765274048,1
0.1435917764902115,1
0.2734839618206024,1
0.12130386382341385,1
0.15437933802604675,1
0.2651514410972595,1
0.2612031102180481,1
0.2273937165737152,1
0.16892078518867493,1
0.17049536108970642,1
0.17575669288635254,1
0.30733969807624817,1
0.10540111362934113,1
0.21868108212947845,1
0.18168394267559052,1
0.2913339138031006,1
0.20666572451591492,1
0.24962365627288818,1
0.2398843616247177,1
0.30398187041282654,1
0.1522805392742157,1
0.26830151677131653,1
0.2959027588367462,1
0.21470937132835388,1
0.2641359269618988,1
0.16386669874191284,1
0.11542391777038574,1
0.1538526862859726,1
0.2187938690185547,1
0.2179049402475357,1
0.1985759139060974,1
0.17959588766098022,1
0.327428936958313,1
0.3432276248931885,1
0.10705903172492981,1
0.16748127341270447,1
0.2891763746738434,1
0.23984935879707336,1
0.1983366310596466,1
0.1414465755224228,1
0.27107349038124084,1
0.19576959311962128,1
0.19926410913467407,1
0.13971389830112457,1
0.21199063956737518,1
0.17613033950328827,1
0.17715898156166077,1
0.2236362099647522,1
0.20892752707004547,1
0.2260410189628601,1
0.1330459862947464,1
0.36543869972229004,1
0.15406231582164764,1
0.3616151511669159,1
0.10863061249256134,1
0.17572182416915894,1
0.15876787900924683,1
0.19507050514221191,1
0.1950971484184265,1
0.21551844477653503,1
0.24891383945941925,1
0.14038856327533722,1
0.10898979753255844,1
0.19535332918167114,1
0.13035237789154053,1
0.3079645335674286,1
0.19483208656311035,1
0.08257631212472916,1
0.2651022672653198,1
0.09849639236927032,1
0.18826888501644135,1
0.20190100371837616,1
0.12801600992679596,1
0.21099306643009186,1
0.08501608669757843,1
0.23280933499336243,1
0.16399051249027252,1
0.27693337202072144,1
0.23871836066246033,1
0.47883179783821106,1
0.23517800867557526,1
0.22821077704429626,1
0.14619752764701843,1
0.1665443629026413,1
0.21085946261882782,1
0.12841787934303284,1
0.34650442004203796,1
0.17416802048683167,1
0.32327592372894287,1
0.21051576733589172,1
0.25003671646118164,1
0.19182553887367249,1
0.21040064096450806,1
0.1619584560394287,1
0.24097730219364166,1
0.1757906973361969,1
0.21313431859016418,1
0.14089974761009216,1
0.1821344792842865,1
0.3512522578239441,1
0.38479334115982056,1
0.09676972031593323,1
0.1474611908197403,1
0.2025458812713623,1
0.37814950942993164,1
0.16769152879714966,1
0.2114669382572174,1
0.3840581178665161,1
0.16618868708610535,1
0.28296205401420593,1
0.18620237708091736,1
0.16113267838954926,1
0.29951339960098267,1
0.32181495428085327,1
0.18118351697921753,1
0.1529489904642105,1
0.41150176525115967,1
0.191663458943367,1
0.42506855726242065,1
0.1753423511981964,1
0.17526750266551971,1
0.10355721414089203,1
0.3009013533592224,1
0.20337654650211334,1
0.31091734766960144,1
0.11443823575973511,1
0.2629103660583496,1
0.17539574205875397,1
0.2304176539182663,1
0.19009444117546082,1
0.26027554273605347,1
0.39074045419692993,1
0.16372835636138916,1
0.1265137493610382,1
0.24211740493774414,1
0.13507939875125885,1
0.1724551022052765,1
0.2456868290901184,1
0.1565864533185959,1
0.13362935185432434,1
0.2390700727701187,1
0.1217634454369545,1
0.23653024435043335,1
0.2671782672405243,1
0.43462541699409485,1
0.1734832525253296,1
0.18284909427165985,1
0.2029782384634018,1
0.20286858081817627,1
0.14394624531269073,1
0.1973063200712204,1
0.15445443987846375,1
0.22936585545539856,1
0.2299509197473526,1
0.1800566464662552,1
0.12967219948768616,1
0.27112215757369995,1
0.23399466276168823,1
0.27718302607536316,1
0.37117308378219604,1
0.12864740192890167,1
0.1790924370288849,1
0.1300087571144104,1
0.1296280473470688,1
0.1839110106229782,1
0.210171639919281,1
0.2479913830757141,1
0.3184850215911865,1
0.19221532344818115,1
0.2662816643714905,1
0.275281697511673,1
0.3507142961025238,1
0.1730971336364746,1
0.22531253099441528,1
0.19140847027301788,1
0.23018072545528412,1
0.1402667909860611,1
0.16999700665473938,1
0.20174787938594818,1
0.24739724397659302,1
0.3546294569969177,1
0.21405255794525146,1
0.3169846534729004,1
0.21473428606987,1
0.16395419836044312,1
0.21251684427261353,1
0.3081786036491394,1
0.19324445724487305,1
0.2690657675266266,1
0.22054827213287354,1
0.1362307220697403,1
0.15747904777526855,1
0.1744537055492401,1
0.21888414025306702,1
0.16187924146652222,1
0.15755784511566162,1
0.37379664182662964,1
0.1653774231672287,1
0.23499950766563416,1
0.19981786608695984,1
0.1402609944343567,1
0.2893292307853699,1
0.20806770026683807,1
0.5320185422897339,1
0.19784295558929443,1
0.23530040681362152,1
0.21868440508842468,1
0.19581711292266846,1
0.16685481369495392,1
0.1766001582145691,1
0.26451969146728516,1
0.20241045951843262,1
0.3036928176879883,1
0.10898612439632416,1
0.10538771748542786,1
0.3782894015312195,1
0.1861732304096222,1
0.21591857075691223,1
0.16996414959430695,1
0.23666086792945862,1
0.24805180728435516,1
0.17415165901184082,1
0.3055040240287781,1
0.21721020340919495,1
0.2949107587337494,1
0.24699625372886658,1
0.1931687295436859,1
0.2688968777656555,1
0.28670939803123474,1
0.2915342152118683,1
0.20689979195594788,1
0.2272985875606537,1
0.2258601039648056,1
0.15388478338718414,1
0.29515963792800903,1
0.3048701882362366,1
0.26208117604255676,1
0.21817517280578613,1
0.2582874894142151,1
0.16833245754241943,1
0.1544848084449768,1
0.1345117688179016,1
0.2333032637834549,1
0.22020216286182404,1
0.1774410754442215,1
0.22871732711791992,1
0.18057599663734436,1
0.20393508672714233,1
0.24430911242961884,1
0.1873135268688202,1
0.19417576491832733,1
0.1098938137292862,1
0.10834088176488876,1
0.2536836266517639,1
0.12916654348373413,1
0.27201759815216064,1
0.19969092309474945,1
0.4246322810649872,1
0.20793256163597107,1
0.20187367498874664,1
0.1796886920928955,1
0.17835789918899536,1
0.22678399085998535,1
0.20045800507068634,1
0.4246511459350586,1
0.1717178076505661,1
0.24459806084632874,1
0.10465522110462189,1
0.2799708843231201,1
0.2643944323062897,1
0.16864174604415894,1
0.19196486473083496,1
0.20597410202026367,1
0.21485352516174316,1
0.12311415374279022,1
0.18317992985248566,1
0.2628994882106781,1
0.17164380848407745,1
0.11735311150550842,1
0.20354299247264862,1
0.10763713717460632,1
0.13944798707962036,1
0.16149377822875977,1
0.2112075686454773,1
0.27842795848846436,1
0.2813824415206909,1
0.17560264468193054,1
0.23360520601272583,1
0.2593876123428345,1
0.14668923616409302,1
0.2094460427761078,1
0.21355758607387543,1
0.3593510389328003,1
0.275778204202652,1
0.14949238300323486,1
0.14676158130168915,1
0.26588523387908936,1
0.30701708793640137,1
0.23739191889762878,1
0.13108590245246887,1
0.20658917725086212,1
0.3598458468914032,1
0.07253818213939667,1
0.24134588241577148,1
0.22237855195999146,1
0.1931755691766739,1
0.28525310754776,1
0.19098010659217834,1
0.1856043040752411,1
0.12536472082138062,1
0.23543202877044678,1
0.11093850433826447,1
0.21333879232406616,1
0.24639835953712463,1
0.14530813694000244,1
0.28606271743774414,1
0.2690839469432831,1
0.16458982229232788,1
0.2571581304073334,1
0.38169461488723755,1
0.24616125226020813,1
0.24819256365299225,1
0.10263843834400177,1
0.22391846776008606,1
0.21679143607616425,1
0.2234131246805191,1
0.17586907744407654,1
0.2392459362745285,1
0.3267379105091095,1
0.22662463784217834,1
0.3276369571685791,1
0.15590278804302216,1
0.1872853934764862,1
0.16665922105312347,1
0.16038942337036133,1
0.20285966992378235,1
0.19158989191055298,1
0.2520379424095154,1
0.3491505980491638,1
0.2345544546842575,1
0.2691120505332947,1
0.1370798945426941,1
0.2404460608959198,1
0.43548423051834106,1
0.09374112635850906,1
0.3050922453403473,1
0.20276297628879547,1
0.21095259487628937,1
0.312315434217453,1
0.23857411742210388,1
0.1851867437362671,1
0.2584158182144165,1
0.28760841488838196,1
0.12615972757339478,1
0.1568017154932022,1
0.24940058588981628,1
0.1461891531944275,1
0.17824435234069824,1
0.26218292117118835,1
0.1756439507007599,1
0.2269391268491745,1
0.16328264772891998,1
0.17738793790340424,1
0.1745726466178894,1
0.17022904753684998,1
0.2351910024881363,1
0.26461753249168396,1
0.18053555488586426,1
0.13631057739257813,1
0.30043601989746094,1
0.37536993622779846,1
0.2779219150543213,1
0.20942267775535583,1
0.22005870938301086,1
0.17587700486183167,1
0.23882842063903809,1
0.17277798056602478,1
0.09001296758651733,1
0.23991641402244568,1
0.12281089276075363,1
0.2724388837814331,1
0.11166992038488388,1
0.1302739381790161,1
0.17405608296394348,1
0.16231846809387207,1
0.30304813385009766,1
0.16466215252876282,1
0.07876892387866974,1
0.20189514756202698,1
0.23712120950222015,1
0.26996859908103943,1
0.24166864156723022,1
0.24385398626327515,1
0.22832712531089783,1
0.335365891456604,1
0.15271414816379547,1
0.28058236837387085,1
0.2618776559829712,1
0.2053467333316803,1
0.2879166901111603,1
0.16998475790023804,1
0.32687443494796753,1
0.10778775811195374,1
0.17121165990829468,1
0.1454804539680481,1
0.16091927886009216,1
0.21244290471076965,1
0.30800700187683105,1
0.41767027974128723,1
0.24609529972076416,1
0.2144795060157776,1
0.24534998834133148,1
0.1382172554731369,1
0.31463178992271423,1
0.1204402893781662,1
0.1338004618883133,1
0.12983474135398865,1
0.25144606828689575,1
0.18464405834674835,1
0.28264302015304565,1
0.15620756149291992,1
0.14779266715049744,1
0.13608863949775696,1
0.13685016334056854,1
0.32362812757492065,1
0.2873135507106781,1
0.21515986323356628,1
0.2100043147802353,1
0.22176401317119598,1
0.2918187081813812,1
0.37329524755477905,1
0.3426487445831299,1
0.09677302837371826,1
0.13435786962509155,1
0.18033857643604279,1
0.18208912014961243,1
0.230065256357193,1
0.11509483307600021,1
0.2862359583377838,1
0.24433016777038574,1
0.2239558845758438,1
0.15436547994613647,1
0.1761980503797531,1
0.24369725584983826,1
0.24230548739433289,1
0.24171419441699982,1
0.20680060982704163,1
0.133490189909935,1
0.10652327537536621,1
0.20659174025058746,1
0.29216185212135315,1
0.1757807582616806,1
0.19554704427719116,1
0.16702494025230408,1
0.15375596284866333,1
0.19025668501853943,1
0.1430513858795166,1
0.1251046359539032,1
0.27991488575935364,1
0.2219112664461136,1
0.14955532550811768,1
0.20633268356323242,1
0.12581181526184082,1
0.17027547955513,1
0.33843743801116943,1
0.18897582590579987,1
0.18528933823108673,1
0.11618226766586304,1
0.18171624839305878,1
0.09215983748435974,1
0.16619917750358582,1
0.23809856176376343,1
0.26566165685653687,1
0.18573200702667236,1
0.09475530683994293,1
0.19967976212501526,1
0.2710585594177246,1
0.1095617413520813,1
0.33221742510795593,1
0.17870104312896729,1
0.19429117441177368,1
0.09788341820240021,1
0.18495571613311768,1
0.15924027562141418,1
0.2652062475681305,1
0.2383032739162445,1
0.14914651215076447,1
0.15084776282310486,1
0.1087418645620346,1
0.23672668635845184,1
0.15403255820274353,1
0.1797560602426529,1
0.4442715644836426,1
0.06313004344701767,1
0.21372155845165253,1
0.23668549954891205,1
0.19044572114944458,1
0.1684953272342682,1
0.3203243017196655,1
0.17672206461429596,1
0.13211402297019958,1
0.25508958101272583,1
0.2040247768163681,1
0.32592684030532837,1
0.2637789845466614,1
0.17499606311321259,1
0.3242611587047577,1
0.2772359251976013,1
0.23058372735977173,1
0.18800854682922363,1
0.3515723943710327,1
0.16306240856647491,1
0.30254989862442017,1
0.24732132256031036,1
0.2792810797691345,1
0.164576455950737,1
0.14668384194374084,1
0.17066660523414612,1
0.4232575297355652,1
0.2176247239112854,1
0.20664803683757782,1
0.20119702816009521,1
0.1558753401041031,1
0.1822606474161148,1
0.4160864055156708,1
0.17199745774269104,1
0.1499578058719635,1
0.21043622493743896,1
0.20879757404327393,1
0.13644571602344513,1
0.22690819203853607,1
0.19090016186237335,1
0.30280405282974243,1
0.1572285145521164,1
0.14674915373325348,1
0.2122182846069336,1
0.38120004534721375,1
0.15648746490478516,1
0.14794953167438507,1
0.16891559958457947,1
0.16476398706436157,1
0.2673299312591553,1
0.2529667019844055,1
0.2763196527957916,1
0.12110213935375214,1
0.27659809589385986,1
0.23934362828731537,1
0.32006213068962097,1
0.26281142234802246,1
0.2138029932975769,1
0.2297801375389099,1
0.23765377700328827,1
0.31764912605285645,1
0.2695384919643402,1
0.22722859680652618,1
0.2565997838973999,1
0.11917706578969955,1
0.2365613579750061,1
0.1759975105524063,1
0.23688681423664093,1
0.14373064041137695,1
0.132836252450943,1
0.1964007467031479,1
0.21686673164367676,1
0.1136336699128151,1
0.1489441841840744,1
0.164242684841156,1
0.13472919166088104,1
0.16975855827331543,1
0.20576563477516174,1
0.24752813577651978,1
0.2631472647190094,1
0.1527644246816635,1
0.17921467125415802,1
0.22640180587768555,1
0.18815799057483673,1
0.1891990751028061,1
0.25366127490997314,1
0.17597347497940063,1
0.0884643942117691,1
0.1885097622871399,1
0.18304483592510223,1
0.21594902873039246,1
0.14662420749664307,1
0.15493634343147278,1
0.1989661455154419,1
0.20797908306121826,1
0.07339364290237427,1
0.0816122516989708,1
0.15736296772956848,1
0.19433963298797607,1
0.08015792816877365,1
0.1770745813846588,1
0.15821146965026855,1
0.20005302131175995,1
0.11761553585529327,1
0.1703958511352539,1
0.18788835406303406,1
0.09780022501945496,1
0.18595130741596222,1
0.16874583065509796,1
0.15869992971420288,1
0.20839400589466095,1
0.2464771866798401,1
0.2061919867992401,1
0.2739563584327698,1
0.18317081034183502,1
0.23955588042736053,1
0.1604217290878296,1
0.18385840952396393,1
0.2645981013774872,1
0.19414515793323517,1
0.2462487369775772,1
0.1031603142619133,1
0.1410704255104065,1
0.2850373685359955,1
0.14856691658496857,1
0.27909189462661743,1
0.3216956853866577,1
0.28030139207839966,1
0.2427835762500763,1
0.19010783731937408,1
0.11928760260343552,1
0.2858767807483673,1
0.2172439694404602,1
0.11332733184099197,1
0.15434150397777557,1
0.22027400135993958,1
0.15336543321609497,1
0.2604566216468811,1
0.202151820063591,1
0.21888947486877441,1
0.3871316909790039,1
0.13839489221572876,1
0.18016847968101501,1
0.1940830945968628,1
0.23492559790611267,1
0.23278284072875977,1
0.14443552494049072,1
0.1816159039735794,1
0.19033661484718323,1
0.30656659603118896,1
0.25007933378219604,1
0.10327722877264023,1
0.15326818823814392,1
0.12991641461849213,1
0.30738365650177,1
0.08737553656101227,1
0.11387652903795242,1
0.1746947318315506,1
0.14469338953495026,1
0.26801228523254395,1
0.10624735057353973,1
0.21246077120304108,1
0.2238236665725708,1
0.18603119254112244,1
0.2938130497932434,1
0.15346872806549072,1
0.18570807576179504,1
0.20238742232322693,1
0.3385031819343567,1
0.1931726038455963,1
0.21531307697296143,1
0.23407208919525146,1
0.08552052080631256,1
0.1162150502204895,1
0.2693893313407898,1
0.2485186904668808,1
0.19332370162010193,1
0.23373715579509735,1
0.1930139809846878,1
0.19930396974086761,1
0.3710517883300781,1
0.11201638728380203,1
0.07668635249137878,1
0.2067531943321228,1
0.17209050059318542,1
0.21155710518360138,1
0.13776320219039917,1
0.32954734563827515,1
0.27590250968933105,1
0.12708884477615356,1
0.17832380533218384,1
0.11511513590812683,1
0.3260991871356964,1
0.21852979063987732,1
0.20394273102283478,1
0.11657515913248062,1
0.3103440999984741,1
0.22498837113380432,1
0.23920556902885437,1
0.2469518780708313,1
0.13950593769550323,1
0.19173455238342285,1
0.30389881134033203,1
0.34082815051078796,1
0.13065916299819946,1
0.13934610784053802,1
0.23261937499046326,1
0.31132665276527405,1
0.2298048436641693,1
0.1547621488571167,1
0.29501786828041077,1
0.2316434681415558,1
0.13138054311275482,1
0.09501049667596817,1
0.1347217559814453,1
0.1781143993139267,1
0.3023369014263153,1
0.16296152770519257,1
0.3460019528865814,1
0.1064205914735794,1
0.20285306870937347,1
0.18854838609695435,1
0.23071900010108948,1
0.33597350120544434,1
0.2583068907260895,1
0.11738786101341248,1
0.21938349306583405,1
0.11851276457309723,1
0.24159112572669983,1
0.26680877804756165,1
0.14192552864551544,1
0.28334617614746094,1
0.1456948220729828,1
0.3610047996044159,1
0.1179107204079628,1
0.21277965605258942,1
0.3172304332256317,1
0.2869141697883606,1
0.15891075134277344,1
0.1307886242866516,1
0.12468975782394409,1
0.23458674550056458,1
0.23842643201351166,1
0.25607427954673767,1
0.16822855174541473,1
0.2245790958404541,1
0.14060644805431366,1
0.18713971972465515,1
0.14131604135036469,1
0.13995668292045593,1
0.3516552746295929,1
0.17801201343536377,1
0.33307456970214844,1
0.13252004981040955,1
0.27592748403549194,1
0.1618666797876358,1
0.2510262727737427,1
0.19734683632850647,1
0.15638120472431183,1
0.11109204590320587,1
0.19452284276485443,1
0.24317583441734314,1
0.18848025798797607,1
0.22212906181812286,1
0.2536088228225708,1
0.17631512880325317,1
0.16557037830352783,1
0.17404039204120636,1
0.2258489578962326,1
0.2638808786869049,1
0.183267742395401,1
0.4916345477104187,1
0.1320708841085434,1
0.22869998216629028,1
0.17176155745983124,1
0.14006191492080688,1
0.23828068375587463,1
0.19104920327663422,1
0.15666483342647552,1
0.10964414477348328,1
0.08120482414960861,1
0.17699970304965973,1
0.17485955357551575,1
0.18230226635932922,1
0.12266190350055695,1
0.17895449697971344,1
0.21662984788417816,1
0.250478595495224,1
0.25301915407180786,1
0.12042616307735443,1
0.19601786136627197,1
0.161568284034729,1
0.24257272481918335,1
0.2363777756690979,1
0.20438918471336365,1
0.2087082713842392,1
0.15791910886764526,1
0.2354842573404312,1
0.20519423484802246,1
0.09079889208078384,1
0.13695456087589264,1
0.5065947771072388,1
0.1432601809501648,1
0.23074428737163544,1
0.3068316876888275,1
0.24559248983860016,1
0.1472446471452713,1
0.1857524961233139,1
0.22967851161956787,1
0.1848624050617218,1
0.18651752173900604,1
0.361210435628891,1
0.12715475261211395,1
0.1718379706144333,1
0.17411036789417267,1
0.14140848815441132,1
0.2767505943775177,1
0.4536883234977722,1
0.18975234031677246,1
0.18855540454387665,1
0.18425899744033813,1
0.21733899414539337,1
0.15471625328063965,1
0.2114233821630478,1
0.14438539743423462,1
0.3774326741695404,1
0.2601143419742584,1
0.38647279143333435,1
0.15619535744190216,1
0.12762753665447235,1
0.25046420097351074,1
0.46582019329071045,1
0.2335573136806488,1
0.2667158842086792,1
0.17491497099399567,1
0.18186026811599731,1
0.22697380185127258,1
0.2666284441947937,1
0.21772511303424835,1
0.20466984808444977,1
0.12796704471111298,1
0.15362553298473358,1
0.1660839319229126,1
0.23738083243370056,1
0.16264469921588898,1
0.20997315645217896,1
0.1583024561405182,1
0.19523009657859802,1
0.19852344691753387,1
0.21602293848991394,1
0.24001014232635498,1
0.15651370584964752,1
0.3445557653903961,1
0.279163122177124,1
0.129564106464386,1
0.09164441376924515,1
0.20692116022109985,1
0.14958246052265167,1
0.16684383153915405,1
0.2533468008041382,1
0.3564293384552002,1
0.17421531677246094,1
0.20765715837478638,1
0.17874442040920258,1
0.378253698348999,1
0.34551671147346497,1
0.11792294681072235,1
0.1465442180633545,1
0.362740695476532,1
0.14263050258159637,1
0.22017504274845123,1
0.2586457431316376,1
0.14328816533088684,1
0.1307954341173172,1
0.21365003287792206,1
0.21395060420036316,1
0.1615932732820511,1
0.11150407791137695,1
0.1475076824426651,1
0.16309338808059692,1
0.2894043028354645,1
0.10232985764741898,1
0.41249531507492065,1
0.23222079873085022,1
0.16017383337020874,1
0.08338508009910583,1
0.20384010672569275,1
0.24919737875461578,1
0.14659462869167328,1
0.16771914064884186,1
0.03422754257917404,1
0.17625275254249573,1
0.1314283162355423,1
