0.0697692334651947,1
0.24883213639259338,1
0.23262426257133484,1
0.020668476819992065,1
0.09675441682338715,1
0.3434390425682068,1
0.11186043173074722,1
0.061954982578754425,1
0.15441223978996277,1
0.1547549068927765,1
0.14670230448246002,1
0.2262618988752365,1
0.2152513861656189,1
0.1599830687046051,1
0.12549887597560883,1
0.08152156323194504,1
0.04223223030567169,1
0.15418103337287903,1
0.10613851249217987,1
0.10570575296878815,1
0.08309415727853775,1
0.1349046379327774,1
0.16801701486110687,1
0.212953120470047,1
0.2636100649833679,1
0.10293698310852051,1
0.17891135811805725,1
0.14267142117023468,1
0.11714822053909302,1
0.06320732086896896,1
0.10589856654405594,1
0.17716342210769653,1
0.10564237087965012,1
0.07410002499818802,1
0.15393608808517456,1
0.06710029393434525,1
0.186858132481575,1
0.0986073911190033,1
0.12782521545886993,1
0.19173085689544678,1
0.12760338187217712,1
0.13553449511528015,1
0.22383762896060944,1
0.10741990804672241,1
0.05906061455607414,1
0.0660238191485405,1
0.25328579545021057,1
0.10530681908130646,1
0.05616515129804611,1
0.11767502874135971,1
0.18613305687904358,1
0.16542544960975647,1
0.20112775266170502,1
0.12822647392749786,1
0.1343240886926651,1
0.21593567728996277,1
0.09577188640832901,1
0.05191970616579056,1
0.055876631289720535,1
0.11094176769256592,1
0.12001322209835052,1
0.19655871391296387,1
0.0826120376586914,1
0.08776017278432846,1
0.13918811082839966,1
0.22298160195350647,1
0.16755914688110352,1
0.10860231518745422,1
0.28273820877075195,1
0.06167038530111313,1
0.17512407898902893,1
0.35390639305114746,1
0.09498606622219086,1
0.11383257806301117,1
0.054271042346954346,1
0.08587776869535446,1
0.08286076784133911,1
0.18439435958862305,1
0.10754033923149109,1
0.09605366736650467,1
0.17610116302967072,1
0.23801976442337036,1
0.1070915088057518,1
0.13787393271923065,1
0.0898900255560875,1
0.23714879155158997,1
0.15731588006019592,1
0.15359199047088623,1
0.18322861194610596,1
0.12151524424552917,1
0.040758464485406876,1
0.14668619632720947,1
0.12493900209665298,1
0.06065082550048828,1
0.044635623693466187,1
0.06338582187891006,1
0.07520822435617447,1
0.1668819934129715,1
0.2506532669067383,1
0.0900530070066452,1
0.1301787793636322,1
0.19200275838375092,1
0.03130217269062996,1
0.12023569643497467,1
0.11443512886762619,1
0.2039126455783844,1
0.12675726413726807,1
0.08669382333755493,1
0.21411827206611633,1
0.1915414035320282,1
0.2678890824317932,1
0.21488057076931,1
0.29515114426612854,1
0.13096678256988525,1
0.19571956992149353,1
0.27008000016212463,1
0.05207699164748192,1
0.2551727294921875,1
0.1358095407485962,1
0.24386978149414063,1
0.08343147486448288,1
0.07031140476465225,1
0.10365572571754456,1
0.11251746863126755,1
0.10545291006565094,1
0.12236827611923218,1
0.08610942959785461,1
0.16676904261112213,1
0.15465936064720154,1
0.08123300224542618,1
0.11747504770755768,1
0.13011322915554047,1
0.22886419296264648,1
0.19569677114486694,1
0.1441137194633484,1
0.16566415131092072,1
0.11497262120246887,1
0.13934767246246338,1
0.08704380691051483,1
0.1071053147315979,1
0.08142047375440598,1
0.06866119801998138,1
0.19300709664821625,1
0.07743071764707565,1
0.12858779728412628,1
0.1543179750442505,1
0.23063777387142181,1
0.24671442806720734,1
0.07812298834323883,1
0.33002257347106934,1
0.08423081785440445,1
0.07397069036960602,1
0.15805891156196594,1
0.10430825501680374,1
0.20626148581504822,1
0.13690580427646637,1
0.13105088472366333,1
0.129286989569664,1
0.10836687684059143,1
0.2480640560388565,1
0.11633045971393585,1
0.14236950874328613,1
0.1706095039844513,1
0.04971233755350113,1
0.2351529449224472,1
0.32955414056777954,1
0.1167277917265892,1
0.1318383812904358,1
0.17509083449840546,1
0.20322322845458984,1
0.12969860434532166,1
0.1256401687860489,1
0.2686470150947571,1
0.12034860998392105,1
0.14011114835739136,1
0.15267670154571533,1
0.16654527187347412,1
0.2299710214138031,1
0.09944460541009903,1
0.10958500951528549,1
0.12456874549388885,1
0.034929726272821426,1
0.1552795171737671,1
0.1081359013915062,1
0.07181794941425323,1
0.1455945521593094,1
0.1096181645989418,1
0.18060289323329926,1
0.08576232194900513,1
0.16022948920726776,1
0.10599418729543686,1
0.08359960466623306,1
0.09774880111217499,1
0.1680823713541031,1
0.1858566701412201,1
0.13172374665737152,1
0.17268484830856323,1
0.08979669213294983,1
0.15400463342666626,1
0.124723881483078,1
0.12376044690608978,1
0.04223647341132164,1
0.2826317846775055,1
0.07054135203361511,1
0.11124581098556519,1
0.1666908711194992,1
0.15261396765708923,1
0.06374300271272659,1
0.16971135139465332,1
0.06099821254611015,1
0.30406683683395386,1
0.17175105214118958,1
0.1354467272758484,1
0.11511573195457458,1
0.3043065071105957,1
0.23791830241680145,1
0.19739122688770294,1
0.16592344641685486,1
0.19090740382671356,1
0.16362044215202332,1
0.09556931257247925,1
0.22120872139930725,1
0.11451245844364166,1
0.17042139172554016,1
0.12002654373645782,1
0.29792988300323486,1
0.07222249358892441,1
0.1827085316181183,1
0.11020597815513611,1
0.17499178647994995,1
0.06850577890872955,1
0.1388237327337265,1
0.20015878975391388,1
0.06897295266389847,1
0.11386803537607193,1
0.12898285686969757,1
0.055619388818740845,1
0.17626188695430756,1
0.21104153990745544,1
0.08006805926561356,1
0.1239037811756134,1
0.04991476982831955,1
0.0723770335316658,1
0.25902414321899414,1
0.08232048153877258,1
0.19859977066516876,1
0.19514112174510956,1
0.13753429055213928,1
0.1769399344921112,1
0.07199748605489731,1
0.07517491281032562,1
0.08321304619312286,1
0.12193473428487778,1
0.3692668080329895,1
0.15253618359565735,1
0.06818337738513947,1
0.18124666810035706,1
0.10405659675598145,1
0.14640529453754425,1
0.17155595123767853,1
0.1324940323829651,1
0.11432446539402008,1
0.05572483316063881,1
0.07954210042953491,1
0.165495365858078,1
0.23751360177993774,1
0.12326943874359131,1
0.146142840385437,1
0.2191183716058731,1
0.09377770870923996,1
0.12184230983257294,1
0.20751605927944183,1
0.13519412279129028,1
0.28818973898887634,1
0.03761855885386467,1
0.18121646344661713,1
0.06091822683811188,1
0.21328648924827576,1
0.08474046736955643,1
0.07754620164632797,1
0.23792323470115662,1
0.1882348507642746,1
0.21540963649749756,1
0.16073189675807953,1
0.050681911408901215,1
0.18352864682674408,1
0.11406899988651276,1
0.15955761075019836,1
0.13821958005428314,1
0.10248598456382751,1
0.1281488537788391,1
0.060024820268154144,1
0.12485885620117188,1
0.10075467824935913,1
0.15484604239463806,1
0.12387217581272125,1
0.09054990112781525,1
0.30049532651901245,1
0.09728851914405823,1
0.07041063159704208,1
0.16250216960906982,1
0.18162375688552856,1
0.12962192296981812,1
0.10027855634689331,1
0.1764792501926422,1
0.14149044454097748,1
0.09088877588510513,1
0.041977912187576294,1
0.11506915092468262,1
0.10815545916557312,1
0.1983494907617569,1
0.24201813340187073,1
0.16469953954219818,1
0.27087879180908203,1
0.1368582844734192,1
0.1011534109711647,1
0.10503136366605759,1
0.29591426253318787,1
0.09521982073783875,1
0.1854860782623291,1
0.11349403113126755,1
0.23786115646362305,1
0.1821167767047882,1
0.1533517837524414,1
0.3504703640937805,1
0.316083163022995,1
0.17712748050689697,1
0.10796710848808289,1
0.17490637302398682,1
0.1856280267238617,1
0.13496553897857666,1
0.16977831721305847,1
0.11472982168197632,1
0.24793334305286407,1
0.22520874440670013,1
0.18966355919837952,1
0.18929532170295715,1
0.4133242070674896,1
0.12403213977813721,1
0.10036629438400269,1
0.07169140875339508,1
0.09792017936706543,1
0.13425002992153168,1
0.11475401371717453,1
0.1398950219154358,1
0.12000653147697449,1
0.1888953000307083,1
0.21285858750343323,1
0.2521713674068451,1
0.10971276462078094,1
0.08384031057357788,1
0.047298282384872437,1
0.12051693350076675,1
0.05547502636909485,1
0.18937218189239502,1
0.166876882314682,1
0.1494748592376709,1
0.15986675024032593,1
0.25908398628234863,1
0.32811710238456726,1
0.24313262104988098,1
0.11407415568828583,1
0.17886587977409363,1
0.22110679745674133,1
0.046422023326158524,1
0.0359538234770298,1
0.15233562886714935,1
0.1691606342792511,1
0.1284400075674057,1
0.195167675614357,1
0.2107401341199875,1
0.0730796679854393,1
0.11395177245140076,1
0.11431297659873962,1
0.10115952789783478,1
0.09575929492712021,1
0.13396282494068146,1
0.14358612895011902,1
0.06766188889741898,1
0.07987044006586075,1
0.08325343579053879,1
0.18015214800834656,1
0.14121922850608826,1
0.13685822486877441,1
0.16931387782096863,1
0.15298183262348175,1
0.23724287748336792,1
0.08105839043855667,1
0.22682031989097595,1
0.22979767620563507,1
0.05118391662836075,1
0.14189206063747406,1
0.140926793217659,1
0.18209227919578552,1
0.16477864980697632,1
0.06588295102119446,1
0.12135470658540726,1
0.0547301322221756,1
0.10043387860059738,1
0.07139459252357483,1
0.08372550457715988,1
0.11049934476613998,1
0.10502828657627106,1
0.03003896400332451,1
0.14831632375717163,1
0.22152525186538696,1
0.16381679475307465,1
0.12846460938453674,1
0.18367379903793335,1
0.07421206682920456,1
0.3091728687286377,1
0.13235807418823242,1
0.11317369341850281,1
0.10471086204051971,1
0.05117621272802353,1
0.15991640090942383,1
0.04216794669628143,1
0.060740891844034195,1
0.17998714745044708,1
0.3627691864967346,1
0.045212388038635254,1
0.1493428647518158,1
0.12421342730522156,1
0.10460023581981659,1
0.24442070722579956,1
0.17708441615104675,1
0.11228395998477936,1
0.16753019392490387,1
0.1323794275522232,1
0.36752352118492126,1
0.05948314815759659,1
0.16960734128952026,1
0.19670164585113525,1
0.1482752561569214,1
0.16936776041984558,1
0.08848575502634048,1
0.09672121703624725,1
0.12412914633750916,1
0.2048357129096985,1
0.25331026315689087,1
0.10428980737924576,1
0.06921016424894333,1
0.12702491879463196,1
0.2654654085636139,1
0.17868861556053162,1
0.08669307827949524,1
0.06143925338983536,1
0.1686062514781952,1
0.08697591722011566,1
0.15169939398765564,1
0.09507903456687927,1
0.10489024221897125,1
0.11049282550811768,1
0.11135052889585495,1
0.15989333391189575,1
0.09530997276306152,1
0.13015668094158173,1
0.19767603278160095,1
0.09648473560810089,1
0.060311369597911835,1
0.15301556885242462,1
0.13506902754306793,1
0.13482460379600525,1
0.1084158718585968,1
0.07223212718963623,1
0.10532920807600021,1
0.09708070755004883,1
0.0547843873500824,1
0.1450485736131668,1
0.05465223267674446,1
0.09531380981206894,1
0.13616544008255005,1
0.09622825682163239,1
0.05274724215269089,1
0.2031307816505432,1
0.21407081186771393,1
0.15945598483085632,1
0.15059690177440643,1
0.26580917835235596,1
0.1522751897573471,1
0.08296553790569305,1
0.1029864251613617,1
0.06656903028488159,1
0.19895510375499725,1
0.09579106420278549,1
0.05181628465652466,1
0.07483687251806259,1
0.3332333564758301,1
0.1833328902721405,1
0.17753452062606812,1
0.07222164422273636,1
0.17031389474868774,1
0.07107077538967133,1
0.16274063289165497,1
0.2186582237482071,1
0.08763499557971954,1
0.07963015884160995,1
0.07111436128616333,1
0.04230603575706482,1
0.1301748901605606,1
0.12582561373710632,1
0.1083991751074791,1
0.08720283210277557,1
0.09392284601926804,1
0.21678709983825684,1
0.1466980278491974,1
0.12498001009225845,1
0.22356218099594116,1
0.22595828771591187,1
0.12842422723770142,1
0.09978465735912323,1
0.45264533162117004,1
0.1348596215248108,1
0.09528465569019318,1
0.08109355717897415,1
0.033165957778692245,1
0.24092018604278564,1
0.09535995125770569,1
0.17654956877231598,1
0.14546877145767212,1
0.13740158081054688,1
0.22978472709655762,1
0.09743048995733261,1
0.1665624976158142,1
0.10110507905483246,1
0.08852297067642212,1
0.18379318714141846,1
0.08822377771139145,1
0.07131154835224152,1
0.12742462754249573,1
0.253017783164978,1
0.12210066616535187,1
0.08393188565969467,1
0.11767035722732544,1
0.08160574734210968,1
0.21344402432441711,1
0.12565934658050537,1
0.11377992480993271,1
0.1485079973936081,1
0.17359940707683563,1
0.09773698449134827,1
0.08335384726524353,1
0.1251065731048584,1
0.14342638850212097,1
0.13443101942539215,1
0.10277991741895676,1
0.08531343936920166,1
0.11789354681968689,1
0.15169134736061096,1
0.06912532448768616,1
0.1646455079317093,1
0.16426913440227509,1
0.1308082491159439,1
0.15518364310264587,1
0.15260684490203857,1
0.14893804490566254,1
0.29881173372268677,1
0.0547233521938324,1
0.13402360677719116,1
0.0980212539434433,1
0.08702725172042847,1
0.15559357404708862,1
0.07496336102485657,1
0.088228240609169,1
0.13168403506278992,1
0.03965330868959427,1
0.07614782452583313,1
0.14709554612636566,1
0.21682104468345642,1
0.13032664358615875,1
0.16853900253772736,1
0.07841622084379196,1
0.14204436540603638,1
0.12012646347284317,1
0.0882854014635086,1
0.02216612920165062,1
0.22687095403671265,1
0.09705870598554611,1
0.18735992908477783,1
0.09006457030773163,1
0.07648279517889023,1
0.10356204211711884,1
0.12596887350082397,1
0.11728599667549133,1
0.18587608635425568,1
0.09464661031961441,1
0.20140618085861206,1
0.15439952909946442,1
0.08788561820983887,1
0.1443544328212738,1
0.20335887372493744,1
0.08247420191764832,1
0.08982495963573456,1
0.11183473467826843,1
0.0878748968243599,1
0.15318723022937775,1
0.07682134956121445,1
0.07902985066175461,1
0.20599718391895294,1
0.16675341129302979,1
0.25118488073349,1
0.09594086557626724,1
0.2653868794441223,1
0.27656289935112,1
0.0649244412779808,1
0.041120897978544235,1
0.04523265361785889,1
0.13040193915367126,1
0.22166232764720917,1
0.15720899403095245,1
0.1069030612707138,1
0.2751917243003845,1
0.2262098640203476,1
0.05674603953957558,1
0.21666564047336578,1
0.1723857820034027,1
0.25859564542770386,1
0.114952452480793,1
0.09630855917930603,1
0.1327315717935562,1
0.05378688871860504,1
0.11683551967144012,1
0.096445232629776,1
0.19878175854682922,1
0.15516877174377441,1
0.10828211903572083,1
0.1498015820980072,1
0.12296146154403687,1
0.09440512210130692,1
0.10444104671478271,1
0.07123520970344543,1
0.25765877962112427,1
0.27720603346824646,1
0.2191721498966217,1
0.055008694529533386,1
0.08433885127305984,1
0.12095645070075989,1
0.0558176189661026,1
0.09533634036779404,1
0.09944874048233032,1
0.11487334221601486,1
0.1250038594007492,1
0.22967293858528137,1
0.3340771198272705,1
0.13229848444461823,1
0.06575778126716614,1
0.06592385470867157,1
0.09242910891771317,1
0.2839316725730896,1
0.06459126621484756,1
0.22079916298389435,1
0.044263944029808044,1
0.1311575472354889,1
0.057843975722789764,1
0.08425774425268173,1
0.12828899919986725,1
0.08272954076528549,1
0.08386395871639252,1
0.12741343677043915,1
0.11078011989593506,1
0.12184833735227585,1
0.0654132217168808,1
0.21119622886180878,1
0.21285739541053772,1
0.09413166344165802,1
0.3184952735900879,1
0.27358347177505493,1
0.22407646477222443,1
0.10712769627571106,1
0.1805146038532257,1
0.16126537322998047,1
0.11686966568231583,1
0.16463297605514526,1
0.15418967604637146,1
0.1416599154472351,1
0.1687481701374054,1
0.2013739049434662,1
0.09834875166416168,1
0.08265231549739838,1
0.1968868523836136,1
0.090273916721344,1
0.11082738637924194,1
0.13661840558052063,1
0.22525155544281006,1
0.03884273022413254,1
0.047147274017333984,1
0.13970044255256653,1
0.17193841934204102,1
0.09590412676334381,1
0.1342669129371643,1
0.2657144367694855,1
0.0705634206533432,1
0.27101024985313416,1
0.05148288607597351,1
0.09495148062705994,1
0.11272764950990677,1
0.13273191452026367,1
0.20274710655212402,1
0.18000459671020508,1
0.10347597301006317,1
0.18156497180461884,1
0.12309225648641586,1
0.2277279496192932,1
0.16782483458518982,1
0.26277193427085876,1
0.1236032098531723,1
0.07026778161525726,1
0.27223312854766846,1
0.16308291256427765,1
0.05243298411369324,1
0.220740407705307,1
0.07387091219425201,1
0.1624017059803009,1
0.12845852971076965,1
0.29300254583358765,1
0.18182571232318878,1
0.1269654631614685,1
0.16651268303394318,1
0.14778676629066467,1
0.09576789289712906,1
0.07977502048015594,1
0.0804995596408844,1
0.1579209268093109,1
0.16352379322052002,1
0.08579424023628235,1
0.0999751016497612,1
0.02834504470229149,1
0.15040646493434906,1
0.035982586443424225,1
0.1591433584690094,1
0.11591839045286179,1
0.17724353075027466,1
0.09296680241823196,1
0.18526914715766907,1
0.2782879173755646,1
0.10432799905538559,1
0.06082991510629654,1
0.13079112768173218,1
0.11369645595550537,1
0.31802260875701904,1
0.09104743599891663,1
0.17642520368099213,1
0.24373164772987366,1
0.06434297561645508,1
0.21274329721927643,1
0.12003064155578613,1
0.07678116112947464,1
0.1691487431526184,1
0.15208876132965088,1
0.13914217054843903,1
0.12126385420560837,1
0.1574452817440033,1
0.12181441485881805,1
0.1063942238688469,1
0.15832950174808502,1
0.13700366020202637,1
0.24096181988716125,1
0.25392845273017883,1
0.358160138130188,1
0.11114870011806488,1
0.15663698315620422,1
0.07530859112739563,1
0.11323458701372147,1
0.21489866077899933,1
0.1832534521818161,1
0.07070514559745789,1
0.30173802375793457,1
0.13159769773483276,1
0.057724449783563614,1
0.031013179570436478,1
0.07936199754476547,1
0.09773530811071396,1
0.25498098134994507,1
0.23187987506389618,1
0.2655320167541504,1
0.34724900126457214,1
0.1322791874408722,1
0.4258531928062439,1
0.2593253254890442,1
0.07602951675653458,1
0.3249233365058899,1
0.1927102506160736,1
0.2373071312904358,1
0.16244029998779297,1
0.1771678924560547,1
0.11699628829956055,1
0.23813408613204956,1
0.08151137828826904,1
0.09536939859390259,1
0.2549787759780884,1
0.19788607954978943,1
0.08139355480670929,1
0.22370541095733643,1
0.09881460666656494,1
0.041598137468099594,1
0.12738534808158875,1
0.09288904070854187,1
0.1724483072757721,1
0.053758881986141205,1
0.08623725175857544,1
0.16061921417713165,1
0.2697739601135254,1
0.24296507239341736,1
0.19016525149345398,1
0.1845531463623047,1
0.09392620623111725,1
0.14291374385356903,1
0.09485851228237152,1
0.2274295687675476,1
0.11992181837558746,1
0.15197934210300446,1
0.2126227170228958,1
0.1421942412853241,1
0.17677946388721466,1
0.10445372760295868,1
0.17005610466003418,1
0.202875018119812,1
0.17032717168331146,1
0.0962693989276886,1
0.16368496417999268,1
0.08515654504299164,1
0.11156261712312698,1
0.22077351808547974,1
0.16570018231868744,1
0.14784401655197144,1
0.21861089766025543,1
0.04668937250971794,1
0.21200725436210632,1
0.2566983997821808,1
0.2039983570575714,1
0.21206602454185486,1
0.2981916069984436,1
0.1332017481327057,1
0.11282160133123398,1
0.35227036476135254,1
0.15144938230514526,1
0.1754239797592163,1
0.1926475167274475,1
0.12610211968421936,1
0.21155858039855957,1
0.17837926745414734,1
0.12031850218772888,1
0.13564835488796234,1
0.1280323565006256,1
0.1364012360572815,1
0.207750141620636,1
0.08129522204399109,1
0.2376299351453781,1
0.09572737663984299,1
0.05610784888267517,1
0.15100330114364624,1
0.09225532412528992,1
0.1761188805103302,1
0.2034633755683899,1
0.255977988243103,1
0.17420905828475952,1
0.06829751282930374,1
0.09320618212223053,1
0.12023983150720596,1
0.13713255524635315,1
0.06393828988075256,1
0.05872989445924759,1
0.10251116007566452,1
0.14431028068065643,1
0.1816045343875885,1
0.09375061094760895,1
0.1573503464460373,1
0.11244502663612366,1
0.152288019657135,1
0.09324279427528381,1
0.2964479923248291,1
0.15928788483142853,1
0.11761927604675293,1
0.14302915334701538,1
0.19165875017642975,1
0.35615837574005127,1
0.2045426070690155,1
0.15773186087608337,1
0.05110231041908264,1
0.10474015772342682,1
0.11815458536148071,1
0.15364296734333038,1
0.16428403556346893,1
0.12253201752901077,1
0.1613723188638687,1
0.07979409396648407,1
0.0292991753667593,1
0.13919658958911896,1
0.10769494622945786,1
0.1800519973039627,1
0.15419809520244598,1
0.06731738150119781,1
0.07892054319381714,1
0.13526377081871033,1
0.09385891258716583,1
0.19692717492580414,1
0.08924703299999237,1
0.08983161300420761,1
0.12718863785266876,1
0.33468732237815857,1
0.06718800216913223,1
0.14465555548667908,1
0.13130934536457062,1
0.17102237045764923,1
0.09480509161949158,1
0.25124406814575195,1
0.1796446591615677,1
0.13395880162715912,1
0.09746252000331879,1
0.1304217129945755,1
0.2783518433570862,1
0.08695624023675919,1
0.20161926746368408,1
0.14062578976154327,1
0.0967676192522049,1
0.09130683541297913,1
0.372431218624115,1
0.13496026396751404,1
0.1562197506427765,1
0.09927686303853989,1
0.08558548986911774,1
0.09563116729259491,1
0.11100094020366669,1
0.2145022749900818,1
0.09259381890296936,1
0.18068522214889526,1
0.11861754953861237,1
0.06737194955348969,1
0.1020784080028534,1
0.24647778272628784,1
0.13523653149604797,1
0.017838742583990097,1
0.12412537634372711,1
0.07544808089733124,1
0.23732241988182068,1
0.17800398170948029,1
0.17858228087425232,1
0.11045097559690475,1
0.15306907892227173,1
0.19959944486618042,1
0.09434269368648529,1
0.09069343656301498,1
0.16915267705917358,1
0.24807627499103546,1
0.08351321518421173,1
0.16664186120033264,1
0.20918360352516174,1
0.14047470688819885,1
0.121768057346344,1
0.1427984982728958,1
0.1474548578262329,1
0.11640843749046326,1
0.12991341948509216,1
0.17523445188999176,1
0.15230022370815277,1
0.14185725152492523,1
0.15768694877624512,1
0.16660559177398682,1
0.17543072998523712,1
0.11884096264839172,1
0.22063475847244263,1
0.08363330364227295,1
0.12122981250286102,1
0.15242671966552734,1
0.21348875761032104,1
0.11394591629505157,1
0.0635686069726944,1
0.10961149632930756,1
0.11765703558921814,1
0.1275356113910675,1
0.06453607976436615,1
0.21564489603042603,1
0.17621280252933502,1
0.15250368416309357,1
0.14397117495536804,1
0.05890361964702606,1
0.10108870267868042,1
0.12061183154582977,1
0.09495949000120163,1
0.13168008625507355,1
0.10016195476055145,1
0.04728993400931358,1
0.3496583104133606,1
0.0824577584862709,1
0.18646764755249023,1
0.2217579483985901,1
0.04148257523775101,1
0.168640598654747,1
0.2949707806110382,1
0.34559863805770874,1
0.10441157966852188,1
0.041316766291856766,1
0.20853625237941742,1
0.08743049949407578,1
0.13709057867527008,1
0.128169447183609,1
0.08667746186256409,1
0.06919442117214203,1
0.24985098838806152,1
0.1424572765827179,1
0.28763726353645325,1
0.09670522063970566,1
0.09182287752628326,1
0.1046370416879654,1
0.16875490546226501,1
0.12817135453224182,1
0.06372950226068497,1
0.30577749013900757,1
0.11275532096624374,1
0.12721779942512512,1
0.07244999706745148,1
0.11048132926225662,1
0.14340265095233917,1
0.06942395120859146,1
0.09875985980033875,1
0.15051928162574768,1
0.1629832535982132,1
0.22727330029010773,1
0.08141106367111206,1
0.11654431372880936,1
0.21945033967494965,1
0.07103224098682404,1
0.15447932481765747,1
0.07950054854154587,1
0.13359634578227997,1
0.08650898188352585,1
0.13278049230575562,1
0.13348877429962158,1
0.13666369020938873,1
0.06450047343969345,1
0.07261867821216583,1
0.08206016570329666,1
0.10441438853740692,1
0.09897740185260773,1
0.14396019279956818,1
0.07580885291099548,1
0.06312453746795654,1
0.1576288342475891,1
0.17515206336975098,1
0.07725979387760162,1
0.1587499976158142,1
0.12357531487941742,1
0.11198113113641739,1
0.18456950783729553,1
0.11310970783233643,1
0.13531817495822906,1
0.22708538174629211,1
0.09537006914615631,1
0.07901317626237869,1
0.25178343057632446,1
0.19658681750297546,1
0.13109199702739716,1
0.12345490604639053,1
0.0627688392996788,1
0.24213029444217682,1
0.11869976669549942,1
0.14026464521884918,1
0.27981120347976685,1
0.1855964958667755,1
0.06901989877223969,1
0.07989862561225891,1
0.21543732285499573,1
0.2806786894798279,1
0.0982213169336319,1
0.1329900473356247,1
0.10395026952028275,1
0.12513522803783417,1
0.04930603876709938,1
0.06705326586961746,1
0.09653216600418091,1
0.11811915040016174,1
0.29410800337791443,1
0.08751031756401062,1
0.06373251974582672,1
0.13648544251918793,1
0.2774944305419922,1
0.09100247919559479,1
0.10146701335906982,1
0.12410486489534378,1
0.05666334554553032,1
0.0690070241689682,1
0.1153801828622818,1
0.12398357689380646,1
0.06846088171005249,1
0.16647064685821533,1
0.15829332172870636,1
0.1733051836490631,1
0.19536514580249786,1
0.10858620703220367,1
0.18355154991149902,1
0.07314092665910721,1
0.41960322856903076,1
0.16574491560459137,1
0.0956990048289299,1
0.13354511559009552,1
0.23948654532432556,1
0.08605782687664032,1
0.14447838068008423,1
0.062041349709033966,1
0.17206941545009613,1
0.06460103392601013,1
0.09260983020067215,1
0.0921928882598877,1
0.24893136322498322,1
0.1387414187192917,1
0.12322172522544861,1
0.2003706395626068,1
0.18452543020248413,1
0.049553386867046356,1
0.08923870325088501,1
0.21876375377178192,1
0.3279382288455963,1
0.38512226939201355,1
0.07406573742628098,1
0.14042958617210388,1
0.04254143312573433,1
0.13284358382225037,1
0.08404834568500519,1
0.19818085432052612,1
0.21816220879554749,1
0.10577124357223511,1
0.15021534264087677,1
0.08692100644111633,1
0.10417154431343079,1
0.0718265250325203,1
0.2082931250333786,1
0.19910645484924316,1
0.09355927258729935,1
0.15816748142242432,1
0.039922840893268585,1
0.1598067581653595,1
0.20079201459884644,1
0.14721110463142395,1
0.14561337232589722,1
0.1583041399717331,1
0.4227833151817322,1
0.1345638930797577,1
0.07168528437614441,1
0.28038328886032104,1
0.08836936205625534,1
0.05135795846581459,1
0.05296763777732849,1
0.31618624925613403,1
0.08190946280956268,1
0.04519743099808693,1
0.24329449236392975,1
0.14351998269557953,1
0.07978548109531403,1
0.1100931391119957,1
0.16444794833660126,1
0.13873304426670074,1
0.07737356424331665,1
0.18694259226322174,1
0.1810922920703888,1
0.143357053399086,1
0.12643703818321228,1
0.1707884818315506,1
0.10203666985034943,1
0.20261576771736145,1
0.07125264406204224,1
0.26626938581466675,1
0.05733330547809601,1
0.1033000722527504,1
0.15157735347747803,1
0.04285129904747009,1
0.034495867788791656,1
0.11698950827121735,1
0.10702230036258698,1
0.10954967886209488,1
0.11339110881090164,1
0.08656448125839233,1
0.15241004526615143,1
0.05173511058092117,1
0.11927050352096558,1
0.1431463658809662,1
0.12000955641269684,1
0.27561861276626587,1
0.16850166022777557,1
0.13567164540290833,1
0.1318972259759903,1
0.1024269387125969,1
0.0965772271156311,1
0.11104632914066315,1
0.2470441460609436,1
0.09492572396993637,1
0.28984785079956055,1
0.13435032963752747,1
0.11716508865356445,1
0.08955759555101395,1
0.3511059284210205,1
0.18747620284557343,1
0.13607165217399597,1
0.04213672876358032,1
0.03812088072299957,1
0.0402955636382103,1
0.26102057099342346,1
0.14243364334106445,1
0.1630690097808838,1
0.06676748394966125,1
0.14483720064163208,1
0.09653519093990326,1
0.162501722574234,1
0.0766814723610878,1
0.12147693336009979,1
0.08057887107133865,1
0.21960492432117462,1
0.13785800337791443,1
0.18882647156715393,1
0.023211004212498665,1
0.07966507226228714,1
0.1450396478176117,1
0.09874463081359863,1
0.1688954085111618,1
0.24386852979660034,1
0.058103643357753754,1
0.09777181595563889,1
0.058427292853593826,1
0.15580451488494873,1
0.07597285509109497,1
0.11728599667549133,1
0.11230798065662384,1
0.18246878683567047,1
0.15481284260749817,1
0.1308339536190033,1
0.16625568270683289,1
0.21781042218208313,1
0.08044843375682831,1
0.13458910584449768,1
0.10029914230108261,1
0.06510789692401886,1
0.09216734766960144,1
0.09038184583187103,1
0.21726536750793457,1
0.23448388278484344,1
0.07541574537754059,1
0.11865898221731186,1
0.20919570326805115,1
0.09527216851711273,1
0.09415362775325775,1
0.13472424447536469,1
0.13603149354457855,1
0.1380915641784668,1
0.07000565528869629,1
0.06397603452205658,1
0.09491924941539764,1
0.19242900609970093,1
0.04821282625198364,1
0.10431700944900513,1
0.2012224793434143,1
0.10446330159902573,1
0.5606120824813843,1
0.4186039865016937,1
0.0677889883518219,1
0.04498397558927536,1
0.10496198385953903,1
0.3190390467643738,1
0.26247167587280273,1
0.11724573373794556,1
0.03558982163667679,1
0.1193414032459259,1
0.14768622815608978,1
0.16746048629283905,1
0.18762899935245514,1
0.12596845626831055,1
0.10188057273626328,1
0.08839444071054459,1
0.1825464516878128,1
0.3009106516838074,1
0.16148458421230316,1
0.060094136744737625,1
0.2055351585149765,1
0.14143851399421692,1
0.11844582855701447,1
0.07934480905532837,1
0.03987780585885048,1
0.11534743756055832,1
0.18894261121749878,1
0.16923129558563232,1
0.17005576193332672,1
0.07833191752433777,1
0.09841251373291016,1
0.055012449622154236,1
0.0866236761212349,1
0.10231295228004456,1
0.11053097248077393,1
0.09920229017734528,1
0.21136954426765442,1
0.16176408529281616,1
0.17225322127342224,1
0.05685063451528549,1
0.37578144669532776,1
0.14243648946285248,1
0.1678125560283661,1
0.24227511882781982,1
0.04856695234775543,1
0.10361888259649277,1
0.05781204253435135,1
0.06870704889297485,1
0.0826820433139801,1
0.2658211588859558,1
0.05420629680156708,1
0.14214801788330078,1
0.0993211567401886,1
0.14172208309173584,1
0.06641997396945953,1
0.07699814438819885,1
0.25041520595550537,1
0.050628770142793655,1
0.15954838693141937,1
0.12350907921791077,1
0.18816088140010834,1
0.07283562421798706,1
0.13519127666950226,1
0.17531944811344147,1
0.21616172790527344,1
0.11515369266271591,1
0.2558945417404175,1
0.16593784093856812,1
0.1561667025089264,1
0.1075340062379837,1
0.08215507864952087,1
0.08315013349056244,1
0.12705491483211517,1
0.09263326972723007,1
0.038563333451747894,1
0.0711376965045929,1
0.04489000141620636,1
0.13668936491012573,1
0.1662505865097046,1
0.10974184423685074,1
0.16093690693378448,1
0.05954636633396149,1
0.20684990286827087,1
0.10933427512645721,1
0.12647084891796112,1
0.3048523962497711,1
0.20760497450828552,1
0.09403924643993378,1
0.10863284766674042,1
0.06443928182125092,1
0.1398812085390091,1
0.16710665822029114,1
0.23867499828338623,1
0.050842687487602234,1
0.09035490453243256,1
0.10899683088064194,1
0.22700971364974976,1
0.08708472549915314,1
0.11732281744480133,1
0.13572213053703308,1
0.08854664862155914,1
0.1722632199525833,1
0.06670459359884262,1
0.09713335335254669,1
0.20815040171146393,1
0.0935833528637886,1
0.19149193167686462,1
0.2223423272371292,1
0.23763474822044373,1
0.09490834921598434,1
0.09379162639379501,1
0.22301387786865234,1
0.31663304567337036,1
0.15741127729415894,1
0.1440296471118927,1
0.0706997960805893,1
0.24032407999038696,1
0.12051849067211151,1
0.10149002075195313,1
0.12145256996154785,1
0.14734378457069397,1
0.09259723871946335,1
0.13865803182125092,1
0.29122745990753174,1
0.07020199298858643,1
0.3108472228050232,1
0.09320499747991562,1
0.07976792752742767,1
0.27916988730430603,1
0.22278223931789398,1
0.16094014048576355,1
0.10555211454629898,1
0.11306910216808319,1
0.08526789397001266,1
0.1381198763847351,1
0.122739776968956,1
0.13587337732315063,1
0.07191900908946991,1
0.03065279684960842,1
0.06730378419160843,1
0.15413117408752441,1
0.15490148961544037,1
0.29914069175720215,1
0.08747349679470062,1
0.15239962935447693,1
0.19623726606369019,1
0.0837559849023819,1
0.22043950855731964,1
0.11728736758232117,1
0.11626852303743362,1
0.061726368963718414,1
0.3267175555229187,1
0.1142844557762146,1
0.18733081221580505,1
0.12701380252838135,1
0.11563752591609955,1
0.1161341518163681,1
0.23338709771633148,1
0.08511367440223694,1
0.14620044827461243,1
0.08330632746219635,1
0.11871945858001709,1
0.06380454450845718,1
0.062215082347393036,1
0.160002663731575,1
0.21636956930160522,1
0.07307658344507217,1
0.16456468403339386,1
0.17490017414093018,1
0.1507168412208557,1
0.1431981325149536,1
0.10673210024833679,1
0.14823174476623535,1
0.1261308491230011,1
0.10167104005813599,1
0.1712495982646942,1
0.12091393768787384,1
0.10306455194950104,1
0.18582580983638763,1
0.1781880259513855,1
0.04956710338592529,1
0.17837168276309967,1
0.0660342425107956,1
0.12071165442466736,1
0.04334856942296028,1
0.145979106426239,1
0.15359313786029816,1
0.11820333451032639,1
0.12409598380327225,1
0.09507475793361664,1
0.11107267439365387,1
0.2807644009590149,1
0.09810342639684677,1
0.09900254011154175,1
0.13144885003566742,1
0.11015768349170685,1
0.11683762073516846,1
0.44585055112838745,1
0.06745551526546478,1
0.11271011829376221,1
0.09473066031932831,1
0.20307521522045135,1
0.15203790366649628,1
0.11014334857463837,1
0.18286941945552826,1
0.15349243581295013,1
0.15923893451690674,1
0.13728462159633636,1
0.13689947128295898,1
0.18073172867298126,1
0.08836571872234344,1
0.12555447220802307,1
0.06670263409614563,1
0.07704406976699829,1
0.14123402535915375,1
0.4748857617378235,1
0.09287898242473602,1
0.131851926445961,1
0.16340430080890656,1
0.0795862227678299,1
0.16741418838500977,1
0.10958638787269592,1
0.07999701052904129,1
0.06365477293729782,1
0.1573120802640915,1
0.14313998818397522,1
0.11238506436347961,1
0.20948055386543274,1
0.24692870676517487,1
0.039734162390232086,1
0.1793065071105957,1
0.26877763867378235,1
0.16829049587249756,1
0.1568867713212967,1
0.11586803197860718,1
0.041988156735897064,1
0.07932329177856445,1
0.1416402906179428,1
0.14452408254146576,1
0.2142794281244278,1
0.2876076400279999,1
0.2690672278404236,1
0.09155409038066864,1
0.14792987704277039,1
0.14663441479206085,1
0.20946070551872253,1
0.06280229985713959,1
0.11818575859069824,1
0.12072731554508209,1
0.3344794511795044,1
0.12036728858947754,1
0.08635535091161728,1
0.15565496683120728,1
0.15232360363006592,1
0.10842325538396835,1
0.11208899319171906,1
0.126923605799675,1
0.1315184235572815,1
0.07098323106765747,1
0.06308829039335251,1
0.1000654548406601,1
0.17258396744728088,1
0.058071721345186234,1
0.23659563064575195,1
0.06227385252714157,1
0.18009912967681885,1
0.08723529428243637,1
0.14921066164970398,1
0.18288354575634003,1
0.06554099917411804,1
0.16354788839817047,1
0.12087349593639374,1
0.20165327191352844,1
0.07864144444465637,1
0.17669613659381866,1
0.20855827629566193,1
0.15356221795082092,1
0.13684558868408203,1
0.0703638568520546,1
0.14563903212547302,1
0.11291662603616714,1
0.12596356868743896,1
0.08337083458900452,1
0.04750023037195206,1
0.06779306381940842,1
0.1985747367143631,1
0.05202702060341835,1
0.23552237451076508,1
0.09031234681606293,1
0.09517782926559448,1
0.14731596410274506,1
0.1464497447013855,1
0.13440898060798645,1
0.1111115962266922,1
0.10012239217758179,1
0.03842466324567795,1
0.09171202033758163,1
0.03984299302101135,1
0.08957598358392715,1
0.08540843427181244,1
0.2840781807899475,1
0.08081057667732239,1
0.04811001941561699,1
0.275037556886673,1
0.054689884185791016,1
0.18242643773555756,1
0.24239806830883026,1
0.32655397057533264,1
0.11822149157524109,1
0.29748713970184326,1
0.20570577681064606,1
0.11003366857767105,1
0.12283496558666229,1
0.2381906807422638,1
0.0680193081498146,1
0.08197904378175735,1
0.1011308953166008,1
0.13391274213790894,1
0.049961403012275696,1
0.09627600759267807,1
0.08968929946422577,1
0.14653490483760834,1
0.07029814273118973,1
0.2848067283630371,1
0.06860587745904922,1
0.18553903698921204,1
0.20964430272579193,1
0.12013226747512817,1
0.04869498685002327,1
0.10039032995700836,1
0.12433262169361115,1
0.23444099724292755,1
0.07301260530948639,1
0.15554390847682953,1
0.1323799341917038,1
0.14997057616710663,1
0.06425484269857407,1
0.12778189778327942,1
0.20821920037269592,1
0.08137400448322296,1
0.17300336062908173,1
0.1132245808839798,1
0.056283608078956604,1
0.09028647840023041,1
0.14195597171783447,1
0.20487400889396667,1
0.07463196665048599,1
0.13803163170814514,1
0.17404910922050476,1
0.10781752318143845,1
0.09144027531147003,1
0.17646250128746033,1
0.1843031346797943,1
0.1474093198776245,1
0.12790849804878235,1
0.19756510853767395,1
0.16211703419685364,1
0.14045512676239014,1
0.03059939481317997,1
0.14995162189006805,1
0.07663905620574951,1
0.13496923446655273,1
0.10288755595684052,1
0.19684602320194244,1
0.16810384392738342,1
0.22220659255981445,1
0.2094382494688034,1
0.2604410648345947,1
0.0627877339720726,1
0.07225141674280167,1
0.14337490499019623,1
0.09420900791883469,1
0.2584938108921051,1
0.1260778158903122,1
0.13621249794960022,1
0.07898607850074768,1
0.09528058767318726,1
0.10682311654090881,1
0.1355171948671341,1
0.04146662354469299,1
0.14398711919784546,1
0.15492860972881317,1
0.21051454544067383,1
0.037703268229961395,1
0.07992462068796158,1
0.1002712994813919,1
0.17169305682182312,1
0.08338487148284912,1
0.26377370953559875,1
0.0925271064043045,1
0.11526359617710114,1
0.15519912540912628,1
0.12490037083625793,1
0.1549641191959381,1
0.17776325345039368,1
0.19705334305763245,1
0.07810041308403015,1
0.06118599325418472,1
0.1898777186870575,1
0.33834683895111084,1
0.13468478620052338,1
0.12321514636278152,1
0.23939089477062225,1
0.16830754280090332,1
0.0868174135684967,1
0.0963195189833641,1
0.11128842085599899,1
0.13060832023620605,1
0.23697926104068756,1
0.14700056612491608,1
0.07196804881095886,1
0.27026230096817017,1
0.13708092272281647,1
0.15575599670410156,1
0.07367318868637085,1
0.23429831862449646,1
0.16382786631584167,1
0.0488058365881443,1
0.04420463740825653,1
0.17148181796073914,1
0.13701370358467102,1
0.07155486196279526,1
0.22289873659610748,1
0.12313047051429749,1
0.09268201887607574,1
0.109766386449337,1
0.16244104504585266,1
0.30773648619651794,1
0.13379405438899994,1
0.10141801834106445,1
0.06458538770675659,1
0.08596332371234894,1
0.15220580995082855,1
0.18037790060043335,1
0.1881978064775467,1
0.06523846834897995,1
0.24197927117347717,1
0.1381559818983078,1
0.10893946886062622,1
0.24465882778167725,1
0.14365419745445251,1
0.1404326856136322,1
0.23428957164287567,1
0.14587318897247314,1
0.08331425487995148,1
0.15188561379909515,1
0.10283610969781876,1
0.21008439362049103,1
0.10537216812372208,1
0.1765260547399521,1
0.11196122318506241,1
0.09685639292001724,1
0.0889839380979538,1
0.15656666457653046,1
0.09212559461593628,1
0.17456859350204468,1
0.09309506416320801,1
0.2132241129875183,1
0.11043086647987366,1
0.09960561990737915,1
0.03367941081523895,1
0.10728377103805542,1
0.32560139894485474,1
0.05456186830997467,1
0.19989559054374695,1
0.15255889296531677,1
0.2243262380361557,1
0.06550926715135574,1
0.30257484316825867,1
0.20632076263427734,1
0.1691562384366989,1
0.10751417279243469,1
0.16393783688545227,1
0.09595011919736862,1
0.125113382935524,1
0.05944428965449333,1
0.20538979768753052,1
0.116256482899189,1
0.2078864425420761,1
0.07748149335384369,1
0.12444627285003662,1
0.1598653942346573,1
0.11898671090602875,1
0.06647123396396637,1
0.1698155254125595,1
0.30405980348587036,1
0.12847678363323212,1
0.08872407674789429,1
0.0419989638030529,1
0.24122843146324158,1
0.21836987137794495,1
0.06073823571205139,1
0.12117959558963776,1
0.06363730877637863,1
0.11705402284860611,1
0.26640087366104126,1
0.11383787542581558,1
0.07212675362825394,1
0.17320148646831512,1
0.13849475979804993,1
0.12585414946079254,1
0.06531097739934921,1
0.12408309429883957,1
0.2603594660758972,1
0.10260210931301117,1
0.13004302978515625,1
0.1089622974395752,1
0.07775837928056717,1
0.12161524593830109,1
0.17161805927753448,1
0.2045300155878067,1
0.08306197077035904,1
0.15490829944610596,1
0.22963035106658936,1
0.07735531032085419,1
0.17537912726402283,1
0.18007434904575348,1
0.09267975389957428,1
0.19298535585403442,1
0.166975736618042,1
0.07743886113166809,1
0.12549152970314026,1
0.15328343212604523,1
0.07953093200922012,1
0.19507017731666565,1
0.12442360818386078,1
0.08549852669239044,1
0.22742873430252075,1
0.3613775968551636,1
0.0637226477265358,1
0.07268472015857697,1
0.059061821550130844,1
0.11220137774944305,1
0.08608385920524597,1
0.06675459444522858,1
0.052422963082790375,1
0.08983046561479568,1
0.13049161434173584,1
0.18253661692142487,1
0.13787314295768738,1
0.10991957038640976,1
0.15537577867507935,1
0.07298120856285095,1
0.09405966848134995,1
0.08404309302568436,1
0.08018695563077927,1
0.09221446514129639,1
0.19157008826732635,1
0.09631547331809998,1
0.1622072160243988,1
0.1561976820230484,1
0.04135730117559433,1
0.1375177800655365,1
0.1908857673406601,1
0.13645948469638824,1
0.17301274836063385,1
0.2077443152666092,1
0.12242197245359421,1
0.15015478432178497,1
0.11926580965518951,1
0.069740429520607,1
0.04589036479592323,1
0.10237602889537811,1
0.09488551318645477,1
0.0530579648911953,1
0.08504880219697952,1
0.1350868046283722,1
0.06457647681236267,1
0.22907790541648865,1
0.3726814389228821,1
0.12353120744228363,1
0.0758557990193367,1
0.07624730467796326,1
0.1281454712152481,1
0.10560624301433563,1
0.10038537532091141,1
0.0626877099275589,1
0.09894077479839325,1
0.23289459943771362,1
0.2183857262134552,1
0.10245203226804733,1
0.07499740272760391,1
0.07268445938825607,1
0.08233241736888885,1
0.2416066825389862,1
0.10561621934175491,1
0.20416945219039917,1
0.06269870698451996,1
0.12132810801267624,1
0.14530347287654877,1
0.1338633894920349,1
0.08386155962944031,1
0.12892746925354004,1
0.21755439043045044,1
0.2819010019302368,1
0.10863005369901657,1
0.13672976195812225,1
0.18210369348526,1
0.11426441371440887,1
0.10697507858276367,1
0.05186710134148598,1
0.10550852119922638,1
0.14451636373996735,1
0.10978333652019501,1
0.0551421195268631,1
0.0439736433327198,1
0.11585032939910889,1
0.139008566737175,1
0.2570348083972931,1
0.1520324945449829,1
0.11285270750522614,1
0.25227636098861694,1
0.09066924452781677,1
0.2550223469734192,1
0.14072392880916595,1
0.16549818217754364,1
0.1613549441099167,1
0.12078972160816193,1
0.10553164780139923,1
0.11248280107975006,1
0.042654089629650116,1
0.2036716341972351,1
0.10427156090736389,1
0.08982811123132706,1
0.1740943342447281,1
0.22155511379241943,1
0.04934440180659294,1
0.1814890205860138,1
0.05849940702319145,1
0.20534729957580566,1
0.06478384137153625,1
0.05684226006269455,1
0.07608676701784134,1
0.12470000237226486,1
0.21226713061332703,1
0.24663875997066498,1
0.1290099322795868,1
0.11568636447191238,1
0.24037928879261017,1
0.0660960003733635,1
0.12609504163265228,1
0.08131709694862366,1
0.23918646574020386,1
0.11388615518808365,1
0.2367994785308838,1
0.08458062261343002,1
0.15271951258182526,1
0.16274605691432953,1
0.18894755840301514,1
0.147582545876503,1
0.1208057776093483,1
0.12022778391838074,1
0.10048852860927582,1
0.09852457046508789,1
0.09556970000267029,1
0.08474975824356079,1
0.08400148153305054,1
0.25167036056518555,1
0.23424313962459564,1
0.16696301102638245,1
0.1776842474937439,1
0.11209145188331604,1
0.047366879880428314,1
0.3633747100830078,1
0.2042805254459381,1
0.12020764499902725,1
0.22714604437351227,1
0.35682278871536255,1
0.08954870700836182,1
0.14702346920967102,1
0.2807398736476898,1
0.08103535324335098,1
0.17749245464801788,1
0.16772781312465668,1
0.22085058689117432,1
0.2234676331281662,1
0.08572547137737274,1
0.053411468863487244,1
0.12635377049446106,1
0.06565655022859573,1
0.07540770620107651,1
0.08256694674491882,1
0.2670884132385254,1
0.17910589277744293,1
0.10423363745212555,1
0.14218488335609436,1
0.11612594127655029,1
0.1107327938079834,1
0.17760390043258667,1
0.10627782344818115,1
0.1578962802886963,1
0.45417749881744385,1
0.03317909687757492,1
0.05968853086233139,1
0.12360739707946777,1
0.1865433156490326,1
0.2039238065481186,1
0.02644183486700058,1
0.18718333542346954,1
0.06443733721971512,1
0.22210070490837097,1
0.12384729087352753,1
0.042581573128700256,1
0.04964875802397728,1
0.15979038178920746,1
0.2430322766304016,1
0.1176690012216568,1
0.15698575973510742,1
0.01934683322906494,1
0.13610881567001343,1
0.08019797503948212,1
0.07011338323354721,1
0.04280949383974075,1
0.0880831778049469,1
0.1176709234714508,1
0.21120679378509521,1
0.09020081162452698,1
0.07538998126983643,1
0.2784058451652527,1
0.24165941774845123,1
0.15064354240894318,1
0.2605937123298645,1
0.07755318284034729,1
0.20954786241054535,1
0.10290838778018951,1
0.18409238755702972,1
0.09903798252344131,1
0.25565001368522644,1
0.11357119679450989,1
0.05144022777676582,1
0.06969492137432098,1
0.06601265072822571,1
0.22592291235923767,1
0.1653967946767807,1
0.08624346554279327,1
0.07478848099708557,1
0.16518718004226685,1
0.1539263129234314,1
0.038814887404441833,1
0.10471326112747192,1
0.1552138477563858,1
0.16231076419353485,1
0.17190313339233398,1
0.18257680535316467,1
0.04445904865860939,1
0.11217811703681946,1
0.16824233531951904,1
0.16190913319587708,1
0.10432090610265732,1
0.18197447061538696,1
0.07103728502988815,1
0.09358005225658417,1
0.0887647271156311,1
0.06969590485095978,1
0.17837804555892944,1
0.18718187510967255,1
0.16860419511795044,1
0.09405975043773651,1
0.23161576688289642,1
0.11851661652326584,1
0.09113222360610962,1
0.16844548285007477,1
0.09091375023126602,1
0.256985604763031,1
0.11444463580846786,1
0.11801028996706009,1
0.18257766962051392,1
0.10137593001127243,1
0.1375204622745514,1
0.12531284987926483,1
0.17466357350349426,1
0.20739112794399261,1
0.07783067226409912,1
0.1551733911037445,1
0.10178773105144501,1
0.10166916251182556,1
0.16424469649791718,1
0.18599897623062134,1
0.14225886762142181,1
0.3447865843772888,1
0.15137018263339996,1
0.22297777235507965,1
0.062046539038419724,1
0.20899266004562378,1
0.20463848114013672,1
0.11276410520076752,1
0.06881681829690933,1
0.12130046635866165,1
0.11161480844020844,1
0.11578142642974854,1
0.3270677924156189,1
0.08396175503730774,1
0.2527896761894226,1
0.2040354162454605,1
0.14766806364059448,1
0.06294417381286621,1
0.12261595577001572,1
0.20148959755897522,1
0.06477335840463638,1
0.14107221364974976,1
0.15829937160015106,1
0.11413481086492538,1
0.2858961820602417,1
0.1509280800819397,1
0.09269923716783524,1
0.18483944237232208,1
0.18414700031280518,1
0.12770912051200867,1
0.2935450077056885,1
0.1740814447402954,1
0.07252578437328339,1
0.06792818009853363,1
0.15039484202861786,1
0.2189069390296936,1
0.15354451537132263,1
0.07675045728683472,1
0.0653730183839798,1
0.13026918470859528,1
0.11539161205291748,1
0.3486537039279938,1
0.1417539119720459,1
0.058255989104509354,1
0.21358351409435272,1
0.0706997737288475,1
0.046919770538806915,1
0.11426768451929092,1
0.3335631489753723,1
0.08810682594776154,1
0.22744235396385193,1
0.12648636102676392,1
0.06610946357250214,1
0.16653530299663544,1
0.2297683209180832,1
0.08226277679204941,1
0.2118108868598938,1
0.08021591603755951,1
0.3391004204750061,1
0.16149063408374786,1
0.31841689348220825,1
0.1606389731168747,1
0.06489617377519608,1
0.12571033835411072,1
0.17993396520614624,1
0.3048877418041229,1
0.12784042954444885,1
0.13141654431819916,1
0.10062798857688904,1
0.32116514444351196,1
0.12833012640476227,1
0.1638476848602295,1
0.1693347990512848,1
0.11596932262182236,1
0.13942156732082367,1
0.0979616791009903,1
0.13178196549415588,1
0.08722200989723206,1
0.14480848610401154,1
0.21286402642726898,1
0.36954066157341003,1
0.09902863204479218,1
0.14300072193145752,1
0.18868780136108398,1
0.15787248313426971,1
0.16171015799045563,1
0.05569913238286972,1
0.11273208260536194,1
0.10299236327409744,1
0.11753375828266144,1
0.07195805758237839,1
0.161993145942688,1
0.08830231428146362,1
0.05416934937238693,1
0.1372189223766327,1
0.10674351453781128,1
0.14869371056556702,1
0.07668128609657288,1
0.032157156616449356,1
0.054402921348810196,1
0.18015028536319733,1
0.20185065269470215,1
0.11153282970190048,1
0.1886920928955078,1
0.24349844455718994,1
0.1013922244310379,1
0.040487222373485565,1
0.10121513158082962,1
0.20886552333831787,1
0.08838853240013123,1
0.11648544669151306,1
0.05652492493391037,1
0.11715372651815414,1
0.06409198045730591,1
0.07096157968044281,1
0.06610922515392303,1
0.17603257298469543,1
0.1510232388973236,1
0.22257912158966064,1
0.09611233323812485,1
0.05555150285363197,1
0.14956676959991455,1
0.1430179923772812,1
0.12476172298192978,1
0.04875318333506584,1
0.08240911364555359,1
0.15901300311088562,1
0.062373850494623184,1
0.2160932570695877,1
0.2452702671289444,1
0.06662081182003021,1
0.07410985231399536,1
0.26254305243492126,1
0.0630742758512497,1
0.20619575679302216,1
0.1920451670885086,1
0.07819090783596039,1
0.18317925930023193,1
0.2036481648683548,1
0.1368979513645172,1
0.14324617385864258,1
0.13359536230564117,1
0.12628909945487976,1
0.28536298871040344,1
0.034102343022823334,1
0.2044951319694519,1
0.2632255256175995,1
0.18070396780967712,1
0.16166406869888306,1
0.0729215070605278,1
0.10198536515235901,1
0.09889298677444458,1
0.2010549008846283,1
0.27283984422683716,1
0.11568319797515869,1
0.28551310300827026,1
0.06012015789747238,1
0.04530562460422516,1
0.1843159943819046,1
0.18243169784545898,1
0.09520532935857773,1
0.06121540069580078,1
0.12612850964069366,1
0.18076208233833313,1
0.23406538367271423,1
0.06392782181501389,1
0.19149093329906464,1
0.12227600812911987,1
0.07913586497306824,1
0.09402871131896973,1
0.03589007630944252,1
0.09429987519979477,1
0.1281493604183197,1
0.08687084913253784,1
0.10107072442770004,1
0.15453067421913147,1
0.1284838169813156,1
0.12476342916488647,1
0.15764427185058594,1
0.2647092640399933,1
0.07954991608858109,1
0.09256604313850403,1
0.18964147567749023,1
0.24058613181114197,1
0.07507725805044174,1
0.20088453590869904,1
0.05512506142258644,1
0.10058413445949554,1
0.06717740744352341,1
0.2556192874908447,1
0.12414109706878662,1
0.08051596581935883,1
0.13293367624282837,1
0.09608552604913712,1
0.08202795684337616,1
0.13134272396564484,1
0.12852557003498077,1
0.07504305988550186,1
0.036175455898046494,1
0.3131483793258667,1
0.12540648877620697,1
0.114349365234375,1
0.165325328707695,1
0.09810621291399002,1
0.12462557852268219,1
0.16386598348617554,1
0.2075061798095703,1
0.03860456496477127,1
0.07379702478647232,1
0.13440489768981934,1
0.14579464495182037,1
0.10751926898956299,1
0.07961569726467133,1
0.06800159066915512,1
0.1344517171382904,1
0.025428809225559235,1
0.07425038516521454,1
0.03529621288180351,1
0.1391894519329071,1
0.08931085467338562,1
0.04553132876753807,1
0.15932297706604004,1
0.1409708708524704,1
0.2869592607021332,1
0.054571617394685745,1
0.11452950537204742,1
0.17371736466884613,1
0.13304436206817627,1
0.14924970269203186,1
0.13452419638633728,1
0.1388496458530426,1
0.2506418526172638,1
0.26163583993911743,1
0.32160675525665283,1
0.1533219814300537,1
0.14611530303955078,1
0.1326824426651001,1
0.09648087620735168,1
0.1496891975402832,1
0.07196992635726929,1
0.21501174569129944,1
0.14422810077667236,1
0.05599594488739967,1
0.1546364724636078,1
0.2723843455314636,1
0.1520674228668213,1
0.23041266202926636,1
0.18625503778457642,1
0.2096606194972992,1
0.2846820056438446,1
0.048159077763557434,1
0.06797318905591965,1
0.184198260307312,1
0.13572543859481812,1
0.0692276656627655,1
0.046887755393981934,1
0.2658695876598358,1
0.21821245551109314,1
0.04958762228488922,1
0.13593919575214386,1
0.21363961696624756,1
0.2246360033750534,1
0.16785845160484314,1
0.16940656304359436,1
0.27006879448890686,1
0.14122174680233002,1
0.13157330453395844,1
0.22415083646774292,1
0.22152554988861084,1
0.21587860584259033,1
0.1613231748342514,1
0.153669536113739,1
0.21143382787704468,1
0.32572126388549805,1
0.24191632866859436,1
0.09290772676467896,1
0.20757606625556946,1
0.1565273404121399,1
0.11952311545610428,1
0.14590424299240112,1
0.086725153028965,1
0.11348890513181686,1
0.13399924337863922,1
0.058669596910476685,1
0.08315134048461914,1
0.12976092100143433,1
0.09981311112642288,1
0.10398346185684204,1
0.1682780385017395,1
0.1440817415714264,1
0.11284897476434708,1
0.12541742622852325,1
0.13743345439434052,1
0.039736513048410416,1
0.038726113736629486,1
0.09733323752880096,1
0.08344241976737976,1
0.1002507209777832,1
0.13471989333629608,1
0.15276923775672913,1
0.20282158255577087,1
0.09852837771177292,1
0.19903185963630676,1
0.17043766379356384,1
0.12437014281749725,1
0.02553701587021351,1
0.11518233269453049,1
0.20315752923488617,1
0.07608537375926971,1
0.17724445462226868,1
0.3046705722808838,1
0.11890383064746857,1
0.06160180643200874,1
0.39090776443481445,1
0.21318353712558746,1
0.2794051766395569,1
0.1908167153596878,1
0.16226084530353546,1
0.09407658874988556,1
0.1376488357782364,1
0.06395743787288666,1
0.1921713948249817,1
0.20962701737880707,1
0.24693913757801056,1
0.1674220860004425,1
0.10652894526720047,1
0.2257857620716095,1
0.17598997056484222,1
0.1239243745803833,1
0.0977831482887268,1
0.06621662527322769,1
0.1459772288799286,1
0.07394738495349884,1
0.16246604919433594,1
0.10938724875450134,1
0.2720738649368286,1
0.06772742420434952,1
0.29073765873908997,1
0.09176667034626007,1
0.10477017611265182,1
0.11495097726583481,1
0.1540016084909439,1
0.07893045246601105,1
0.18014658987522125,1
0.2682473957538605,1
0.07597672939300537,1
0.14987188577651978,1
0.1730968952178955,1
0.13005365431308746,1
0.055969711393117905,1
0.08409316092729568,1
0.2409636229276657,1
0.057470813393592834,1
0.0734659731388092,1
0.08939187228679657,1
0.12781965732574463,1
0.1755271553993225,1
0.10436539351940155,1
0.06754203140735626,1
0.13575612008571625,1
0.08459493517875671,1
0.028577571734786034,1
0.22049641609191895,1
0.17876097559928894,1
0.12164269387722015,1
0.09077122807502747,1
0.1884414553642273,1
0.17392714321613312,1
0.1389823704957962,1
0.10782839357852936,1
0.15002015233039856,1
0.30644217133522034,1
0.07651456445455551,1
0.07083958387374878,1
0.15215682983398438,1
0.04773499816656113,1
0.04559789597988129,1
0.047711096704006195,1
0.16906729340553284,1
0.17930319905281067,1
0.11555219441652298,1
0.11596472561359406,1
0.06947864592075348,1
0.11858592927455902,1
0.22088873386383057,1
0.0475049763917923,1
0.05156590789556503,1
0.1592191904783249,1
0.15431958436965942,1
0.08496006578207016,1
0.13154330849647522,1
0.17189238965511322,1
0.16720937192440033,1
0.08501820266246796,1
0.22469712793827057,1
0.18416832387447357,1
0.13725200295448303,1
0.1344289928674698,1
0.12909886240959167,1
0.0956948772072792,1
0.09682074189186096,1
0.125858873128891,1
0.061865419149398804,1
0.059265635907649994,1
0.0979597344994545,1
0.11996360123157501,1
0.09640999138355255,1
0.22450947761535645,1
0.05143008381128311,1
0.0991852805018425,1
0.08924180269241333,1
0.10221973061561584,1
0.06591258943080902,1
0.36108332872390747,1
0.2130800485610962,1
0.06618934124708176,1
0.06095897778868675,1
0.049920808523893356,1
0.16512492299079895,1
0.146675705909729,1
0.14124777913093567,1
0.07083883881568909,1
0.13475757837295532,1
0.07198062539100647,1
0.047597747296094894,1
0.2113015055656433,1
0.14920341968536377,1
0.1706749051809311,1
0.1876344531774521,1
0.19469383358955383,1
0.2557292580604553,1
0.062328796833753586,1
0.10891462862491608,1
0.07959218323230743,1
0.06722956895828247,1
0.092780202627182,1
0.11344053596258163,1
0.20429067313671112,1
0.08095959573984146,1
0.1568046659231186,1
0.15536490082740784,1
0.0978207141160965,1
0.137558251619339,1
0.2200031876564026,1
0.16690121591091156,1
0.2313566952943802,1
0.22564978897571564,1
0.06301950663328171,1
0.1685846894979477,1
0.10433535277843475,1
0.2550985515117645,1
0.055579379200935364,1
0.10848735272884369,1
0.21271347999572754,1
0.15856285393238068,1
0.256821870803833,1
0.2310720980167389,1
0.056608881801366806,1
0.04712400585412979,1
0.19198603928089142,1
0.10626011341810226,1
0.03278136998414993,1
0.09053598344326019,1
0.1698020100593567,1
0.15441280603408813,1
0.10806616395711899,1
0.10753771662712097,1
0.40426766872406006,1
0.19531098008155823,1
0.06327924132347107,1
0.15027593076229095,1
0.07829350233078003,1
0.07064259052276611,1
0.20420145988464355,1
0.1498299539089203,1
0.0644521489739418,1
0.081425741314888,1
0.2310628592967987,1
0.17878517508506775,1
0.11407594382762909,1
0.17298950254917145,1
0.18036755919456482,1
0.2549104690551758,1
0.05976894125342369,1
0.09625992178916931,1
0.2579912841320038,1
0.2558383345603943,1
0.11593219637870789,1
0.06491853296756744,1
0.13780611753463745,1
0.086409792304039,1
0.215150848031044,1
0.16944941878318787,1
0.15519335865974426,1
0.11894121766090393,1
0.20355480909347534,1
0.11093522608280182,1
0.07498734444379807,1
0.06345736980438232,1
0.19286614656448364,1
0.08490364998579025,1
0.07689189910888672,1
0.43070682883262634,1
0.08763456344604492,1
0.22908931970596313,1
0.08127601444721222,1
0.09848848730325699,1
0.19549410045146942,1
0.10798244178295135,1
0.36333075165748596,1
0.07196089625358582,1
0.16230833530426025,1
0.22286739945411682,1
0.03751856088638306,1
0.16238266229629517,1
0.03629168123006821,1
0.035296808928251266,1
0.14647984504699707,1
0.04497479647397995,1
0.17804834246635437,1
0.2252677083015442,1
0.10460349172353745,1
0.23772823810577393,1
0.10082175582647324,1
0.17849165201187134,1
0.1349164992570877,1
0.08965573459863663,1
0.07067917287349701,1
0.2231876105070114,1
0.1859275996685028,1
0.11285955458879471,1
0.1544165313243866,1
0.2187591940164566,1
0.10210628807544708,1
0.09082932770252228,1
0.18426723778247833,1
0.13736428320407867,1
0.23965007066726685,1
0.15261125564575195,1
0.08412151783704758,1
0.3253251314163208,1
0.16183152794837952,1
0.07359276711940765,1
0.11284713447093964,1
0.15489745140075684,1
0.23763582110404968,1
0.2781454920768738,1
0.03748633712530136,1
0.12731976807117462,1
0.06854713708162308,1
0.08599663525819778,1
0.08940963447093964,1
0.11322078108787537,1
0.09084536135196686,1
0.24594566226005554,1
0.250682532787323,1
0.2682456076145172,1
0.14405131340026855,1
0.07379007339477539,1
0.11268696933984756,1
0.0648210272192955,1
0.2424795925617218,1
0.20929387211799622,1
0.13042697310447693,1
0.20923122763633728,1
0.13918358087539673,1
0.2549745440483093,1
0.060017168521881104,1
0.04413268715143204,1
0.17014357447624207,1
0.10288550704717636,1
0.15810149908065796,1
0.07100674510002136,1
0.0743374302983284,1
0.13631561398506165,1
0.0425361767411232,1
0.11613696813583374,1
0.1879143863916397,1
0.16372086107730865,1
0.11683408170938492,1
0.18125054240226746,1
0.08420329540967941,1
0.12148082256317139,1
0.1416899412870407,1
0.07221966236829758,1
0.2743232250213623,1
0.08079792559146881,1
0.14532960951328278,1
0.10595791041851044,1
0.2898980975151062,1
0.1743353307247162,1
0.06705693900585175,1
0.0773562490940094,1
0.04791109263896942,1
0.06848730146884918,1
0.09199608862400055,1
0.09882169961929321,1
0.10709401965141296,1
0.15124601125717163,1
0.2984602749347687,1
0.12104344367980957,1
0.21813827753067017,1
0.09032553434371948,1
0.2655157744884491,1
0.11068829149007797,1
0.23392841219902039,1
0.08933427929878235,1
0.09085419774055481,1
0.1958235204219818,1
0.15700168907642365,1
0.16978222131729126,1
0.08935867249965668,1
0.12773185968399048,1
0.2583314776420593,1
0.08463583886623383,1
0.2783496379852295,1
0.14662399888038635,1
0.13967138528823853,1
0.0628235787153244,1
0.3963230550289154,1
0.16379716992378235,1
0.07123392820358276,1
0.3247375786304474,1
0.14059513807296753,1
0.1049550473690033,1
0.13616985082626343,1
0.06569027900695801,1
0.10472860932350159,1
0.0831989273428917,1
0.12637151777744293,1
0.10338223725557327,1
0.0843866765499115,1
0.22790196537971497,1
0.08396616578102112,1
0.16167819499969482,1
0.09922423958778381,1
0.2307719588279724,1
0.23345530033111572,1
0.20522931218147278,1
0.18569067120552063,1
0.17355495691299438,1
0.08626296371221542,1
0.11489992588758469,1
0.13270139694213867,1
0.1289365440607071,1
0.22539204359054565,1
0.10886853188276291,1
0.2021133303642273,1
0.11257373541593552,1
0.13269740343093872,1
0.07332444936037064,1
0.1154681071639061,1
0.06341202557086945,1
0.09141930192708969,1
0.10227953642606735,1
0.11211968213319778,1
0.12915146350860596,1
0.07508527487516403,1
0.18457327783107758,1
0.24991881847381592,1
0.14369577169418335,1
0.3228319585323334,1
0.08355855196714401,1
0.11787094175815582,1
0.14585131406784058,1
0.14387178421020508,1
0.1374252885580063,1
0.16958357393741608,1
0.12630891799926758,1
0.3088013827800751,1
0.11421704292297363,1
0.051216334104537964,1
0.1573425531387329,1
0.09070031344890594,1
0.2608377933502197,1
0.2439197301864624,1
0.11544902622699738,1
0.07886924594640732,1
0.2275213897228241,1
0.11529076844453812,1
0.07063889503479004,1
0.17459240555763245,1
0.10334502905607224,1
0.132080078125,1
0.10526932030916214,1
0.13428868353366852,1
0.14762543141841888,1
0.2428814321756363,1
0.0671100988984108,1
0.14081358909606934,1
0.16464050114154816,1
0.09525799751281738,1
0.2629358768463135,1
0.06717780232429504,1
0.0997387021780014,1
0.15715624392032623,1
0.06123029440641403,1
0.057108961045742035,1
0.2444574236869812,1
0.15169677138328552,1
0.06151028722524643,1
0.20724597573280334,1
0.19194439053535461,1
0.05827409029006958,1
0.10393501818180084,1
0.1314597725868225,1
0.11189096421003342,1
0.14170615375041962,1
0.1550573706626892,1
0.1704547107219696,1
0.10295946151018143,1
0.12268824130296707,1
0.14286179840564728,1
0.24033182859420776,1
0.049488604068756104,1
0.11662066727876663,1
0.1181020438671112,1
0.16833795607089996,1
0.16027793288230896,1
0.20097120106220245,1
0.10801926255226135,1
0.23360921442508698,1
0.12259133905172348,1
0.10792934894561768,1
0.18303734064102173,1
0.1310093253850937,1
0.07949638366699219,1
0.17952436208724976,1
0.09557818621397018,1
0.15617871284484863,1
0.07889563590288162,1
0.11933623254299164,1
0.19011467695236206,1
0.15717579424381256,1
0.06649306416511536,1
0.2217380404472351,1
0.2574271857738495,1
0.1908286213874817,1
0.13298270106315613,1
0.21889516711235046,1
0.11464814096689224,1
0.16447974741458893,1
0.10458322614431381,1
0.1251378357410431,1
0.06457266211509705,1
0.19546866416931152,1
0.14246807992458344,1
0.06348325312137604,1
0.10615244507789612,1
0.10890292376279831,1
0.05445820093154907,1
0.28240734338760376,1
0.13307996094226837,1
0.1221529170870781,1
0.0375160276889801,1
0.04833061620593071,1
0.21810410916805267,1
0.13265104591846466,1
0.2416353076696396,1
0.09087732434272766,1
0.17595574259757996,1
0.1059303730726242,1
0.13957133889198303,1
0.1833946406841278,1
0.10745154321193695,1
0.06552894413471222,1
0.1410408616065979,1
0.18239259719848633,1
0.21075579524040222,1
0.3045470714569092,1
0.3221629858016968,1
0.06895656883716583,1
0.1302618682384491,1
0.1584026962518692,1
0.08815084397792816,1
0.1838330775499344,1
0.2710707187652588,1
0.11980989575386047,1
0.14717592298984528,1
0.029621757566928864,1
0.09579280018806458,1
0.08105452358722687,1
0.05008208379149437,1
0.1268150359392166,1
0.16124680638313293,1
0.12842336297035217,1
0.15622416138648987,1
0.14646488428115845,1
0.03210237994790077,1
0.10291139781475067,1
0.0919865295290947,1
0.1729695051908493,1
0.09943091869354248,1
0.26501452922821045,1
0.10480296611785889,1
0.14564509689807892,1
0.10350655764341354,1
0.09904646873474121,1
0.13332362473011017,1
0.05290917679667473,1
0.1797637939453125,1
0.05885573476552963,1
0.2087116241455078,1
0.15698620676994324,1
0.36770662665367126,1
0.1262470781803131,1
0.07075610011816025,1
0.3250080645084381,1
0.09004911780357361,1
0.13370674848556519,1
0.04857303202152252,1
0.1696542352437973,1
0.18796373903751373,1
0.11501121520996094,1
0.15050704777240753,1
0.11003237962722778,1
0.11600978672504425,1
0.09597061574459076,1
0.13014861941337585,1
0.21464750170707703,1
0.042867641896009445,1
0.11822604387998581,1
0.1327463537454605,1
0.15102799236774445,1
0.13380101323127747,1
0.3163464069366455,1
0.10809257626533508,1
0.11954571306705475,1
0.08076703548431396,1
0.1899189054965973,1
0.1474660485982895,1
0.06346546858549118,1
0.10315199941396713,1
0.1488865464925766,1
0.1912035197019577,1
0.11878879368305206,1
0.17295189201831818,1
0.02921055071055889,1
0.21442584693431854,1
0.07807537913322449,1
0.049506593495607376,1
0.34661415219306946,1
0.14760152995586395,1
0.10639681667089462,1
0.09850425273180008,1
0.27967649698257446,1
0.20653928816318512,1
0.11068548262119293,1
0.07899808138608932,1
0.13419151306152344,1
0.2139817178249359,1
0.05094132572412491,1
0.11042281985282898,1
0.0937667265534401,1
0.17622904479503632,1
0.08349337428808212,1
0.16482003033161163,1
0.2082814872264862,1
0.17440904676914215,1
0.30764472484588623,1
0.22922725975513458,1
0.04789910838007927,1
0.11443720757961273,1
0.17451919615268707,1
0.05929449945688248,1
0.14862142503261566,1
0.15600039064884186,1
0.07189089804887772,1
0.11640436202287674,1
0.12250497192144394,1
0.2810057997703552,1
0.1378042995929718,1
0.16916191577911377,1
0.09650909900665283,1
0.05345289036631584,1
0.14614304900169373,1
0.17388322949409485,1
0.13878944516181946,1
0.11784724146127701,1
0.18749748170375824,1
0.2539637088775635,1
0.0999678373336792,1
0.03739957511425018,1
0.11632178723812103,1
0.18445977568626404,1
0.17753322422504425,1
0.0822652131319046,1
0.16726751625537872,1
0.14481733739376068,1
0.20509089529514313,1
0.0885322242975235,1
0.19539982080459595,1
0.12999436259269714,1
0.1888262778520584,1
0.07015693187713623,1
0.07521074265241623,1
0.2110978662967682,1
0.14255037903785706,1
0.12048334628343582,1
0.09639321267604828,1
0.12085653096437454,1
0.07910088449716568,1
0.22736641764640808,1
0.1617283821105957,1
0.08961059898138046,1
0.10101813822984695,1
0.2588672339916229,1
0.09188978374004364,1
0.06735207885503769,1
0.18456324934959412,1
0.21124672889709473,1
0.07709820568561554,1
0.044642407447099686,1
0.12113045156002045,1
0.43150219321250916,1
0.10461102426052094,1
0.1167176216840744,1
0.18039008975028992,1
0.09989345073699951,1
0.1157967820763588,1
0.10809288918972015,1
0.1353454887866974,1
0.22425273060798645,1
0.09816274791955948,1
0.21496029198169708,1
0.12163202464580536,1
0.28129786252975464,1
0.10956373065710068,1
0.19897499680519104,1
0.14807389676570892,1
0.06736991554498672,1
0.14126533269882202,1
0.13340909779071808,1
0.19257530570030212,1
0.09487463533878326,1
0.059687815606594086,1
0.20054879784584045,1
0.192001074552536,1
0.12680411338806152,1
0.12877196073532104,1
0.08626922219991684,1
0.06029459834098816,1
0.06767899543046951,1
0.17095811665058136,1
0.0380096472799778,1
0.06514080613851547,1
0.21991483867168427,1
0.2660299837589264,1
0.2038659006357193,1
0.0719747245311737,1
0.05890728533267975,1
0.15896230936050415,1
0.07145318388938904,1
0.1471867561340332,1
0.1289425790309906,1
0.11322992295026779,1
0.042607590556144714,1
0.20303502678871155,1
0.06071805953979492,1
0.13759024441242218,1
0.08601738512516022,1
0.04283273220062256,1
0.1528570055961609,1
0.037619248032569885,1
0.05012579262256622,1
0.14450471103191376,1
0.20960983633995056,1
0.345799058675766,1
0.16097977757453918,1
0.14358606934547424,1
0.2583635449409485,1
0.1502341479063034,1
0.04214724153280258,1
0.09510880708694458,1
0.14805728197097778,1
0.049534570425748825,1
0.07888936996459961,1
0.10721610486507416,1
0.0926809012889862,1
0.14356744289398193,1
0.1947401911020279,1
0.14060339331626892,1
0.1384974718093872,1
0.10709195584058762,1
0.13284355401992798,1
0.0365164577960968,1
0.1503376066684723,1
0.10023079067468643,1
0.14821144938468933,1
0.2695503234863281,1
0.08316582441329956,1
0.11215563118457794,1
0.0499812588095665,1
0.06320561468601227,1
0.11365243792533875,1
0.036564864218235016,1
0.08713513612747192,1
0.1852564662694931,1
0.046840474009513855,1
0.0860094502568245,1
0.15608739852905273,1
0.11846120655536652,1
0.07669228315353394,1
0.26888447999954224,1
0.13513973355293274,1
0.05414950102567673,1
0.11174227297306061,1
0.09912613034248352,1
0.15432025492191315,1
0.08551841229200363,1
0.21984755992889404,1
0.2159823626279831,1
0.09174630790948868,1
0.05945366993546486,1
0.1333310902118683,1
0.16511288285255432,1
0.11663809418678284,1
0.04014749825000763,1
0.04890206456184387,1
0.22779318690299988,1
0.18089184165000916,1
0.2788071036338806,1
0.1701941341161728,1
0.06585411727428436,1
0.14970293641090393,1
0.06234149634838104,1
0.08263882994651794,1
0.11636321246623993,1
0.1782742291688919,1
0.05875628441572189,1
0.13961756229400635,1
0.10881008207798004,1
0.24141386151313782,1
0.1757158637046814,1
0.16753892600536346,1
0.24279850721359253,1
0.07084627449512482,1
0.08987355977296829,1
0.061645444482564926,1
0.09987545758485794,1
0.12463317811489105,1
0.04632709547877312,1
0.09659484028816223,1
0.021270569413900375,1
0.14081598818302155,1
0.16912929713726044,1
0.13365842401981354,1
0.08884456008672714,1
0.15209220349788666,1
0.13454970717430115,1
0.06274789571762085,1
0.09893958270549774,1
0.09667178243398666,1
0.09224455803632736,1
0.18085543811321259,1
0.11344587802886963,1
0.09244285523891449,1
0.17196014523506165,1
0.10808775573968887,1
0.09274900704622269,1
0.06247468292713165,1
0.4063835144042969,1
0.23288767039775848,1
0.04312199726700783,1
0.13100695610046387,1
0.2444794774055481,1
0.1406058818101883,1
0.06313071399927139,1
0.12016414850950241,1
0.2442639023065567,1
0.1273183375597,1
0.21021045744419098,1
0.11522150784730911,1
0.16118180751800537,1
0.21843180060386658,1
0.1243201345205307,1
0.1740146428346634,1
0.13196606934070587,1
0.16075485944747925,1
0.2557697296142578,1
0.07418443262577057,1
0.24400927126407623,1
0.11269117146730423,1
0.25492337346076965,1
0.07815944403409958,1
0.19816504418849945,1
0.13568618893623352,1
0.1999930739402771,1
0.2055465131998062,1
0.11070162802934647,1
0.033022597432136536,1
0.2688634693622589,1
0.21714505553245544,1
0.24098297953605652,1
0.3207350969314575,1
0.11583033204078674,1
0.003154135076329112,1
0.06767414510250092,1
0.37357476353645325,1
0.015200295485556126,1
