0.0752338320016861,1
0.11396797001361847,1
0.07636822760105133,1
0.05042678117752075,1
0.060217272490262985,1
0.2167593389749527,1
0.05213439464569092,1
0.07632265985012054,1
0.06569913029670715,1
0.056406959891319275,1
0.15741506218910217,1
0.12041375786066055,1
0.16863687336444855,1
0.13796870410442352,1
0.09421077370643616,1
0.1506638079881668,1
0.28518620133399963,1
0.07509616017341614,1
0.04372187703847885,1
0.07752834260463715,1
0.04698765277862549,1
0.07070271670818329,1
0.12883152067661285,1
0.03556831553578377,1
0.07895549386739731,1
0.05610456317663193,1
0.044713445007801056,1
0.053367868065834045,1
0.05490238219499588,1
0.12713465094566345,1
0.12864789366722107,1
0.1067780926823616,1
0.24876634776592255,1
0.09982206672430038,1
0.045608729124069214,1
0.04257778823375702,1
0.09798666834831238,1
0.06009068712592125,1
0.08426503092050552,1
0.12381254136562347,1
0.023730333894491196,1
0.08923722058534622,1
0.14669163525104523,1
0.1828504502773285,1
0.08487902581691742,1
0.06615658104419708,1
0.23224005103111267,1
0.06656455993652344,1
0.058596253395080566,1
0.13447673618793488,1
0.027616534382104874,1
0.15383462607860565,1
0.09788661450147629,1
0.10811418294906616,1
0.01852772757411003,1
0.04279706999659538,1
0.10541955381631851,1
0.2787432074546814,1
0.03641175851225853,1
0.03524693846702576,1
0.26209431886672974,1
0.06887766718864441,1
0.07726922631263733,1
0.06197167932987213,1
0.05328250676393509,1
0.16886360943317413,1
0.08126626908779144,1
0.050192300230264664,1
0.08955211937427521,1
0.10920824110507965,1
0.08573970198631287,1
0.07849911600351334,1
0.08225321769714355,1
0.09387612342834473,1
0.09814412146806717,1
0.16248203814029694,1
0.14609667658805847,1
0.05045542120933533,1
0.1283673346042633,1
0.031698018312454224,1
0.0361284539103508,1
0.18460577726364136,1
0.12058132141828537,1
0.1515805870294571,1
0.09118251502513885,1
0.09445752203464508,1
0.048656027764081955,1
0.11851264536380768,1
0.06673150509595871,1
0.1563326120376587,1
0.21467958390712738,1
0.045215118676424026,1
0.2509813904762268,1
0.056687936186790466,1
0.16279852390289307,1
0.12469185888767242,1
0.14009426534175873,1
0.11154332756996155,1
0.09063860774040222,1
0.055983684957027435,1
0.2910870611667633,1
0.1404055655002594,1
0.08860442787408829,1
0.22949330508708954,1
0.13516561686992645,1
0.060820773243904114,1
0.25673073530197144,1
0.11501839756965637,1
0.06722228974103928,1
0.12622232735157013,1
0.12704256176948547,1
0.088651143014431,1
0.3902924954891205,1
0.1703157126903534,1
0.1252187043428421,1
0.06241273507475853,1
0.10212916880846024,1
0.030626563355326653,1
0.05995604395866394,1
0.20443744957447052,1
0.13647814095020294,1
0.16873794794082642,1
0.11500769853591919,1
0.0908757895231247,1
0.1428757905960083,1
0.02684606984257698,1
0.0422573946416378,1
0.08155714720487595,1
0.22161178290843964,1
0.06613139808177948,1
0.060325197875499725,1
0.06850321590900421,1
0.0986306294798851,1
0.09225297719240189,1
0.1563931107521057,1
0.17428366839885712,1
0.2285071760416031,1
0.10668561607599258,1
0.1555570811033249,1
0.26956161856651306,1
0.02927095629274845,1
0.13474269211292267,1
0.07654282450675964,1
0.03165437653660774,1
0.07515925168991089,1
0.10465088486671448,1
0.24887265264987946,1
0.05170319229364395,1
0.19456616044044495,1
0.061961255967617035,1
0.10247394442558289,1
0.06733512878417969,1
0.2692440450191498,1
0.26410210132598877,1
0.09801436960697174,1
0.029214687645435333,1
0.03613777458667755,1
0.04609910398721695,1
0.18566283583641052,1
0.1454552710056305,1
0.18233856558799744,1
0.2405817061662674,1
0.10052210092544556,1
0.11469679325819016,1
0.025205984711647034,1
0.11766012012958527,1
0.04881260544061661,1
0.05724294111132622,1
0.052020441740751266,1
0.17032469809055328,1
0.054234690964221954,1
0.23832760751247406,1
0.1996079981327057,1
0.1291852593421936,1
0.1035168468952179,1
0.07976341247558594,1
0.08661070466041565,1
0.19231097400188446,1
0.05587184801697731,1
0.20884442329406738,1
0.15501992404460907,1
0.15286576747894287,1
0.0384269617497921,1
0.19000457227230072,1
0.08254915475845337,1
0.1051703467965126,1
0.2507217526435852,1
0.14402125775814056,1
0.04616633057594299,1
0.15838436782360077,1
0.09114169329404831,1
0.1486595720052719,1
0.357776015996933,1
0.11858443915843964,1
0.11537991464138031,1
0.11085745692253113,1
0.21348871290683746,1
0.12113786488771439,1
0.12052448093891144,1
0.06037887558341026,1
0.05505304038524628,1
0.21327818930149078,1
0.21955811977386475,1
0.1444392204284668,1
0.2193181812763214,1
0.09827004373073578,1
0.06566429883241653,1
0.08711922913789749,1
0.06450177729129791,1
0.10963796824216843,1
0.0633847564458847,1
0.09891098737716675,1
0.0824846550822258,1
0.08230775594711304,1
0.22640928626060486,1
0.07807306945323944,1
0.13579100370407104,1
0.06847190856933594,1
0.121054507791996,1
0.26036542654037476,1
0.1951572448015213,1
0.0804501324892044,1
0.039666637778282166,1
0.043393202126026154,1
0.07839778065681458,1
0.17979472875595093,1
0.07516267895698547,1
0.10341279208660126,1
0.07907478511333466,1
0.1618349254131317,1
0.1170094832777977,1
0.20740801095962524,1
0.16069817543029785,1
0.15339727699756622,1
0.09301920980215073,1
0.1282699853181839,1
0.07239826023578644,1
0.0401984341442585,1
0.05185307562351227,1
0.08841782808303833,1
0.06753933429718018,1
0.09679645299911499,1
0.14570170640945435,1
0.10214599967002869,1
0.22095806896686554,1
0.03886139392852783,1
0.1182723194360733,1
0.13610941171646118,1
0.14049167931079865,1
0.23799243569374084,1
0.03862820565700531,1
0.10680556297302246,1
0.14859814941883087,1
0.17386394739151,1
0.10131298750638962,1
0.03175559267401695,1
0.026751309633255005,1
0.07894322276115417,1
0.2599220275878906,1
0.12032541632652283,1
0.18071968853473663,1
0.11761543154716492,1
0.11557555198669434,1
0.03427395224571228,1
0.033940546214580536,1
0.2689308226108551,1
0.10145729780197144,1
0.1703982949256897,1
0.18860667943954468,1
0.15205252170562744,1
0.12243028730154037,1
0.1276445835828781,1
0.06896287202835083,1
0.20695090293884277,1
0.0686350166797638,1
0.02958368882536888,1
0.18287722766399384,1
0.11221010237932205,1
0.22297880053520203,1
0.035397134721279144,1
0.14770644903182983,1
0.1567930430173874,1
0.14369931817054749,1
0.04570411890745163,1
0.13874465227127075,1
0.35400810837745667,1
0.0383513942360878,1
0.17294053733348846,1
0.10586076229810715,1
0.055185820907354355,1
0.11891470849514008,1
0.1343669444322586,1
0.034807268530130386,1
0.14991521835327148,1
0.12702232599258423,1
0.1590951681137085,1
0.20837123692035675,1
0.04942873492836952,1
0.034105200320482254,1
0.13046158850193024,1
0.06770198047161102,1
0.046670593321323395,1
0.07306262105703354,1
0.0975237637758255,1
0.15423277020454407,1
0.056467704474925995,1
0.04325064271688461,1
0.11200906336307526,1
0.1558067947626114,1
0.1907535195350647,1
0.12780383229255676,1
0.18870532512664795,1
0.1034536361694336,1
0.09192637354135513,1
0.08166036754846573,1
0.11303459852933884,1
0.1487450748682022,1
0.14336556196212769,1
0.24124681949615479,1
0.07192499935626984,1
0.0934729278087616,1
0.09164196252822876,1
0.08881203085184097,1
0.08741400390863419,1
0.05197864770889282,1
0.17092682421207428,1
0.18482103943824768,1
0.08796181529760361,1
0.22582244873046875,1
0.049566589295864105,1
0.1959705799818039,1
0.12830249965190887,1
0.21157270669937134,1
0.10908735543489456,1
0.03627101331949234,1
0.06285006552934647,1
0.05287611111998558,1
0.2162064164876938,1
0.12873440980911255,1
0.04781302437186241,1
0.16743676364421844,1
0.25961029529571533,1
0.09864317625761032,1
0.1336205154657364,1
0.12199635803699493,1
0.14504680037498474,1
0.09286239743232727,1
0.16246214509010315,1
0.17504888772964478,1
0.0971708819270134,1
0.13031888008117676,1
0.12598316371440887,1
0.04255269840359688,1
0.08694469183683395,1
0.03326010704040527,1
0.046462152153253555,1
0.12433086335659027,1
0.2516738772392273,1
0.11806078255176544,1
0.17475664615631104,1
0.22340510785579681,1
0.039551448076963425,1
0.17925861477851868,1
0.1911887228488922,1
0.06556034088134766,1
0.06345102190971375,1
0.05566580966114998,1
0.04540133476257324,1
0.10760505497455597,1
0.08809348940849304,1
0.11249998211860657,1
0.30777931213378906,1
0.17455768585205078,1
0.14720472693443298,1
0.12256823480129242,1
0.09790123254060745,1
0.10727955400943756,1
0.1716071218252182,1
0.03566352277994156,1
0.09685194492340088,1
0.09129682183265686,1
0.1281946301460266,1
0.12512296438217163,1
0.07403441518545151,1
0.13129495084285736,1
0.12400567531585693,1
0.04232865571975708,1
0.28367865085601807,1
0.09177862107753754,1
0.05275025963783264,1
0.042070671916007996,1
0.04862498492002487,1
0.04711256921291351,1
0.04807126894593239,1
0.10207880288362503,1
0.0599815770983696,1
0.20417962968349457,1
0.06557674705982208,1
0.04232025146484375,1
0.12244061380624771,1
0.20300373435020447,1
0.10552098602056503,1
0.27496710419654846,1
0.04012537747621536,1
0.3680287003517151,1
0.0900680348277092,1
0.06322694569826126,1
0.10610674321651459,1
0.06050240620970726,1
0.12252286821603775,1
0.06771426647901535,1
0.16532038152217865,1
0.25278714299201965,1
0.09732796996831894,1
0.24907542765140533,1
0.20540615916252136,1
0.03343921899795532,1
0.08240626752376556,1
0.11818571388721466,1
0.2244149148464203,1
0.14731480181217194,1
0.08243405818939209,1
0.2212674915790558,1
0.0632806271314621,1
0.047110140323638916,1
0.1356946974992752,1
0.05290430784225464,1
0.08936090767383575,1
0.09326761215925217,1
0.1667693555355072,1
0.0762605369091034,1
0.29524093866348267,1
0.13576379418373108,1
0.17580212652683258,1
0.1082095354795456,1
0.036069028079509735,1
0.04527060315012932,1
0.13913565874099731,1
0.2109217494726181,1
0.0488278828561306,1
0.18950462341308594,1
0.18248426914215088,1
0.07919593155384064,1
0.12292410433292389,1
0.03962813317775726,1
0.03520920127630234,1
0.06830362975597382,1
0.04514267295598984,1
0.0609348900616169,1
0.0495278500020504,1
0.0500631108880043,1
0.05477185547351837,1
0.09896298497915268,1
0.055992841720581055,1
0.09290806204080582,1
0.07416930794715881,1
0.2004745900630951,1
0.07853568345308304,1
0.05511471629142761,1
0.08437004685401917,1
0.06869526952505112,1
0.021480359137058258,1
0.03480977937579155,1
0.0646698921918869,1
0.10031485557556152,1
0.125226691365242,1
0.0671548992395401,1
0.14603795111179352,1
0.11873960494995117,1
0.05366809666156769,1
0.07303937524557114,1
0.12764690816402435,1
0.1644470989704132,1
0.11853611469268799,1
0.10898923873901367,1
0.07942254096269608,1
0.07146301865577698,1
0.13086619973182678,1
0.11956438422203064,1
0.13505223393440247,1
0.3357589840888977,1
0.04080997407436371,1
0.22353023290634155,1
0.09098964929580688,1
0.04502280429005623,1
0.1746695637702942,1
0.07018794119358063,1
0.08581288158893585,1
0.04379947483539581,1
0.06380777060985565,1
0.03787997364997864,1
0.07958981394767761,1
0.068260058760643,1
0.07549071311950684,1
0.06792785972356796,1
0.14605967700481415,1
0.05626935139298439,1
0.03912588953971863,1
0.05669036880135536,1
0.1597101390361786,1
0.12261763215065002,1
0.09682649374008179,1
0.16950121521949768,1
0.1711082011461258,1
0.18990491330623627,1
0.15481288731098175,1
0.13386240601539612,1
0.06871948391199112,1
0.056223347783088684,1
0.14918331801891327,1
0.142872154712677,1
0.10537996888160706,1
0.1494862288236618,1
0.10396775603294373,1
0.12478329241275787,1
0.21456670761108398,1
0.1574636995792389,1
0.19369593262672424,1
0.14474298059940338,1
0.09951041638851166,1
0.1719619780778885,1
0.12790663540363312,1
0.1636001616716385,1
0.09730441123247147,1
0.18190151453018188,1
0.08625933527946472,1
0.028443392366170883,1
0.045855820178985596,1
0.03504665568470955,1
0.0742957815527916,1
0.1636638045310974,1
0.05526220053434372,1
0.07236317545175552,1
0.029903922230005264,1
0.04587782546877861,1
0.22200727462768555,1
0.04518929868936539,1
0.16114842891693115,1
0.09888637065887451,1
0.04315822944045067,1
0.07221761345863342,1
0.08716241270303726,1
0.04874282330274582,1
0.18271099030971527,1
0.25968003273010254,1
0.0766492411494255,1
0.1293071061372757,1
0.20000043511390686,1
0.11692184209823608,1
0.09890806674957275,1
0.08241493254899979,1
0.07869289070367813,1
0.2308884561061859,1
0.1565409153699875,1
0.03539586812257767,1
0.07059599459171295,1
0.20595896244049072,1
0.08696714043617249,1
0.04272045940160751,1
0.035944342613220215,1
0.0721387267112732,1
0.05659777298569679,1
0.26479682326316833,1
0.131372332572937,1
0.05611296370625496,1
0.12228435277938843,1
0.14143428206443787,1
0.06361421197652817,1
0.2196100652217865,1
0.20301418006420135,1
0.12377400696277618,1
0.12317995727062225,1
0.041646938771009445,1
0.08569906651973724,1
0.1809251606464386,1
0.10890622437000275,1
0.03634103015065193,1
0.15876293182373047,1
0.14550074934959412,1
0.06147216260433197,1
0.19817999005317688,1
0.10513961315155029,1
0.1796463280916214,1
0.10065784305334091,1
0.05929557979106903,1
0.06634478271007538,1
0.0425657220184803,1
0.07288135588169098,1
0.16257385909557343,1
0.038957782089710236,1
0.07458318024873734,1
0.08449938148260117,1
0.12794587016105652,1
0.05826953798532486,1
0.07991726696491241,1
0.11138193309307098,1
0.10396800190210342,1
0.04372039809823036,1
0.21481098234653473,1
0.13969819247722626,1
0.09180503338575363,1
0.03125012665987015,1
0.15970230102539063,1
0.09405840188264847,1
0.13115957379341125,1
0.045034248381853104,1
0.26508772373199463,1
0.1185607835650444,1
0.05388437211513519,1
0.09141743928194046,1
0.011454803869128227,1
0.166676327586174,1
0.09207078814506531,1
0.14532862603664398,1
0.04029342532157898,1
0.2599186897277832,1
0.05334325507283211,1
0.08858447521924973,1
0.13271822035312653,1
0.2646492123603821,1
0.17081096768379211,1
0.10692118108272552,1
0.03397670388221741,1
0.14841070771217346,1
0.05162186920642853,1
0.04958510026335716,1
0.04244422912597656,1
0.06157968193292618,1
0.07069063931703568,1
0.026205051690340042,1
0.1604442447423935,1
0.14130745828151703,1
0.09569218754768372,1
0.09478577971458435,1
0.11445774883031845,1
0.060677092522382736,1
0.19618430733680725,1
0.15161481499671936,1
0.05087821185588837,1
0.13692104816436768,1
0.10957185178995132,1
0.0771377682685852,1
0.1214333325624466,1
0.08812140673398972,1
0.05051180720329285,1
0.28633782267570496,1
0.20289555191993713,1
0.15936166048049927,1
0.1095164492726326,1
0.11064393818378448,1
0.1773999035358429,1
0.04603487625718117,1
0.07096782326698303,1
0.12527607381343842,1
0.0666704848408699,1
0.10986820608377457,1
0.021962206810712814,1
0.05457141622900963,1
0.056771617382764816,1
0.08466833829879761,1
0.07696432620286942,1
0.0734429731965065,1
0.029950439929962158,1
0.12166094034910202,1
0.1019783616065979,1
0.20442527532577515,1
0.12415507435798645,1
0.04756784811615944,1
0.26599740982055664,1
0.06153830513358116,1
0.07567094266414642,1
0.09568767249584198,1
0.019452165812253952,1
0.06880713999271393,1
0.042558103799819946,1
0.016527337953448296,1
0.0704747810959816,1
0.14953583478927612,1
0.1348232477903366,1
0.14285330474376678,1
0.04020672291517258,1
0.10201277583837509,1
0.1391080915927887,1
0.04415806382894516,1
0.16641271114349365,1
0.1099163368344307,1
0.0364520289003849,1
0.21351924538612366,1
0.06919363141059875,1
0.057124678045511246,1
0.09247271716594696,1
0.17414385080337524,1
0.08331718295812607,1
0.05699266120791435,1
0.2040330469608307,1
0.06453901529312134,1
0.18333928287029266,1
0.11169671267271042,1
0.20095175504684448,1
0.21325428783893585,1
0.08806802332401276,1
0.07562533020973206,1
0.09380953013896942,1
0.051609743386507034,1
0.18982332944869995,1
0.07828375697135925,1
0.01864289864897728,1
0.1346615105867386,1
0.09363400936126709,1
0.05218159034848213,1
0.03572974354028702,1
0.1505862921476364,1
0.047429028898477554,1
0.24106739461421967,1
0.04005603492259979,1
0.10050512105226517,1
0.024644412100315094,1
0.09801164269447327,1
0.18049637973308563,1
0.0954611599445343,1
0.04175861179828644,1
0.052715104073286057,1
0.08083583414554596,1
0.21394869685173035,1
0.023459933698177338,1
0.16271758079528809,1
0.1753215491771698,1
0.23855900764465332,1
0.07259343564510345,1
0.049128271639347076,1
0.15370115637779236,1
0.12727925181388855,1
0.09931142628192902,1
0.0719245970249176,1
0.23070111870765686,1
0.03930795192718506,1
0.11931365728378296,1
0.20924341678619385,1
0.09549832344055176,1
0.024799786508083344,1
0.11721818149089813,1
0.24565380811691284,1
0.10858926177024841,1
0.027449533343315125,1
0.20219483971595764,1
0.20873291790485382,1
0.11889179795980453,1
0.05098775401711464,1
0.08448818325996399,1
0.24604523181915283,1
0.10751578211784363,1
0.057301029562950134,1
0.09919711202383041,1
0.18014806509017944,1
0.11758513748645782,1
0.0627719834446907,1
0.21558693051338196,1
0.1833551973104477,1
0.027142511680722237,1
0.10425963997840881,1
0.05560082942247391,1
0.10933452099561691,1
0.10972721874713898,1
0.11775283515453339,1
0.06402941793203354,1
0.1469268500804901,1
0.08011587709188461,1
0.08933081477880478,1
0.21129930019378662,1
0.10734395682811737,1
0.07459366321563721,1
0.04401320964097977,1
0.04800674319267273,1
0.0803263708949089,1
0.13209255039691925,1
0.13709445297718048,1
0.20566803216934204,1
0.17961665987968445,1
0.04180893301963806,1
0.14202727377414703,1
0.23314502835273743,1
0.12314220517873764,1
0.08021678030490875,1
0.0705442726612091,1
0.10430087149143219,1
0.0929551050066948,1
0.05842062085866928,1
0.12915462255477905,1
0.14064261317253113,1
0.07420255988836288,1
0.35886308550834656,1
0.07100886851549149,1
0.09737899154424667,1
0.06473368406295776,1
0.09405742585659027,1
0.12380535900592804,1
0.06316258013248444,1
0.04157523065805435,1
0.25329744815826416,1
0.08963222056627274,1
0.022974783554673195,1
0.21282696723937988,1
0.05250399187207222,1
0.08329157531261444,1
0.08775569498538971,1
0.12075647711753845,1
0.25232094526290894,1
0.06880340725183487,1
0.03238552436232567,1
0.06618891656398773,1
0.03000214695930481,1
0.09337785840034485,1
0.18470484018325806,1
0.1809162199497223,1
0.10669238120317459,1
0.03255528584122658,1
0.10883874446153641,1
0.11258950084447861,1
0.04939994215965271,1
0.217786967754364,1
0.1640113890171051,1
0.14682164788246155,1
0.14136148989200592,1
0.12753698229789734,1
0.18342700600624084,1
0.0846155434846878,1
0.05457163229584694,1
0.1965048909187317,1
0.17766748368740082,1
0.1461477130651474,1
0.04792555049061775,1
0.05961021035909653,1
0.10328322649002075,1
0.06997370719909668,1
0.06735841929912567,1
0.04294482618570328,1
0.12463971972465515,1
0.10302424430847168,1
0.17153874039649963,1
0.06165888160467148,1
0.09406689554452896,1
0.3034704327583313,1
0.02805998921394348,1
0.07519414275884628,1
0.07230160385370255,1
0.09947133809328079,1
0.179846853017807,1
0.24612289667129517,1
0.08734467625617981,1
0.14706020057201385,1
0.14819423854351044,1
0.15613166987895966,1
0.06798017024993896,1
0.061365701258182526,1
0.08654765784740448,1
0.04968095198273659,1
0.06211414560675621,1
0.23019252717494965,1
0.04530428349971771,1
0.030434582382440567,1
0.050545137375593185,1
0.09295815229415894,1
0.015010511502623558,1
0.04742782562971115,1
0.12752507627010345,1
0.14414961636066437,1
0.05242812633514404,1
0.12332376837730408,1
0.0858885794878006,1
0.1674950122833252,1
0.02681412734091282,1
0.08361131697893143,1
0.09741036593914032,1
0.06405486166477203,1
0.09518268704414368,1
0.06675629317760468,1
0.16754421591758728,1
0.18667826056480408,1
0.1354040503501892,1
0.13172093033790588,1
0.06843756139278412,1
0.1360127478837967,1
0.1792311668395996,1
0.14013300836086273,1
0.03659757971763611,1
0.17115797102451324,1
0.06698653846979141,1
0.12270626425743103,1
0.07742691785097122,1
0.07883024215698242,1
0.04801171272993088,1
0.05251656845211983,1
0.09419461339712143,1
0.05075829103589058,1
0.15563225746154785,1
0.1644698977470398,1
0.07035082578659058,1
0.15926480293273926,1
0.19875885546207428,1
0.09105325490236282,1
0.12812229990959167,1
0.15843670070171356,1
0.1303073614835739,1
0.11621832102537155,1
0.03377591818571091,1
0.19679470360279083,1
0.09855571389198303,1
0.043656304478645325,1
0.027196448296308517,1
0.031166210770606995,1
0.14408643543720245,1
0.12215926498174667,1
0.10729589313268661,1
0.08972901105880737,1
0.05192280188202858,1
0.15324312448501587,1
0.17880968749523163,1
0.11266130208969116,1
0.043068185448646545,1
0.08985782414674759,1
0.10309968143701553,1
0.08513741195201874,1
0.24351461231708527,1
0.14754565060138702,1
0.05961928144097328,1
0.21797727048397064,1
0.16384753584861755,1
0.13061806559562683,1
0.09974566102027893,1
0.05573992058634758,1
0.08574680984020233,1
0.0311008021235466,1
0.05888522043824196,1
0.07717128098011017,1
0.19862185418605804,1
0.15724775195121765,1
0.08150064945220947,1
0.06915964931249619,1
0.0843905583024025,1
0.1442435085773468,1
0.09891316294670105,1
0.2104247659444809,1
0.1184912919998169,1
0.06766478717327118,1
0.02118389867246151,1
0.14416810870170593,1
0.04014133661985397,1
0.15095597505569458,1
0.20651493966579437,1
0.30249014496803284,1
0.15559300780296326,1
0.06560203433036804,1
0.14917810261249542,1
0.038895826786756516,1
0.05705706775188446,1
0.12057637423276901,1
0.11847575008869171,1
0.15991643071174622,1
0.2858010530471802,1
0.2505576014518738,1
0.02532357908785343,1
0.03134806454181671,1
0.20706862211227417,1
0.07796046137809753,1
0.09096876531839371,1
0.03532557934522629,1
0.11026287823915482,1
0.048633258789777756,1
0.05333852767944336,1
0.1062435656785965,1
0.060341283679008484,1
0.0645623654127121,1
0.1640893518924713,1
0.11471883952617645,1
0.2211940884590149,1
0.35877904295921326,1
0.06810257583856583,1
0.047184012830257416,1
0.09592173993587494,1
0.10798245668411255,1
0.1865345984697342,1
0.12722796201705933,1
0.070066437125206,1
0.17196713387966156,1
0.08076971769332886,1
0.04355922341346741,1
0.052323516458272934,1
0.09646144509315491,1
0.13688695430755615,1
0.09539317339658737,1
0.03967580944299698,1
0.14852842688560486,1
0.12015333771705627,1
0.041039884090423584,1
0.04047310724854469,1
0.15480875968933105,1
0.08951926231384277,1
0.06313496828079224,1
0.02841346710920334,1
0.07887598127126694,1
0.11609386652708054,1
0.04920778423547745,1
0.08716914802789688,1
0.0682678297162056,1
0.16073375940322876,1
0.04955316334962845,1
0.09969672560691833,1
0.2506988048553467,1
0.041998203843832016,1
0.11265403032302856,1
0.11858445405960083,1
0.0731106698513031,1
0.06920330226421356,1
0.04483697563409805,1
0.029821280390024185,1
0.1251910924911499,1
0.11502779275178909,1
0.04273482412099838,1
0.054238177835941315,1
0.08870658278465271,1
0.07447345554828644,1
0.1455613076686859,1
0.2732498049736023,1
0.020879846066236496,1
0.1720830798149109,1
0.07969388365745544,1
0.040503546595573425,1
0.04217705503106117,1
0.12075246125459671,1
0.10827313363552094,1
0.06926686316728592,1
0.10500646382570267,1
0.04343694448471069,1
0.2708287239074707,1
0.09993187338113785,1
0.09684526920318604,1
0.18320608139038086,1
0.21823839843273163,1
0.11596878618001938,1
0.19325999915599823,1
0.11824830621480942,1
0.07177198678255081,1
0.015457311645150185,1
0.07694550603628159,1
0.033097993582487106,1
0.026607168838381767,1
0.05651538819074631,1
0.15690405666828156,1
0.17388862371444702,1
0.07947362959384918,1
0.075547955930233,1
0.041221797466278076,1
0.10840953141450882,1
0.1377606987953186,1
0.22203737497329712,1
0.0671367272734642,1
0.1670704334974289,1
0.30673500895500183,1
0.07341587543487549,1
0.12771841883659363,1
0.054438259452581406,1
0.09333428740501404,1
0.08895642310380936,1
0.08142799884080887,1
0.18209248781204224,1
0.08385912328958511,1
0.20118598639965057,1
0.12555672228336334,1
0.07571583986282349,1
0.17320182919502258,1
0.05585296452045441,1
0.06283160299062729,1
0.030875246971845627,1
0.15295900404453278,1
0.04227948561310768,1
0.31348609924316406,1
0.018082838505506516,1
0.04729481041431427,1
0.09301625192165375,1
0.06252317875623703,1
0.052601829171180725,1
0.10521736741065979,1
0.060663383454084396,1
0.20376421511173248,1
0.04264024645090103,1
0.12355425953865051,1
0.13111501932144165,1
0.056440602988004684,1
0.23665231466293335,1
0.08533868938684464,1
0.05901773273944855,1
0.09852969646453857,1
0.24072647094726563,1
0.07939308881759644,1
0.030646730214357376,1
0.07291043549776077,1
0.08948338776826859,1
0.04934438318014145,1
0.05481734871864319,1
0.0355912446975708,1
0.118314728140831,1
0.06024938076734543,1
0.20515716075897217,1
0.02739586867392063,1
0.1507873237133026,1
0.05272120237350464,1
0.19942501187324524,1
0.12121522426605225,1
0.06414756178855896,1
0.1082334816455841,1
0.10457471013069153,1
0.08607269823551178,1
0.03081020712852478,1
0.10061170160770416,1
0.07692252099514008,1
0.1237616240978241,1
0.0948265790939331,1
0.33380094170570374,1
0.06148206815123558,1
0.08225007355213165,1
0.036021001636981964,1
0.20120853185653687,1
0.1675598919391632,1
0.04038064181804657,1
0.12873651087284088,1
0.08702543377876282,1
0.07812164723873138,1
0.11008697748184204,1
0.154697984457016,1
0.10595531761646271,1
0.11681442707777023,1
0.0882575660943985,1
0.050863273441791534,1
0.10553130507469177,1
0.09518060088157654,1
0.055131688714027405,1
0.057931963354349136,1
0.23321005702018738,1
0.1404184252023697,1
0.1460632085800171,1
0.36637309193611145,1
0.22452324628829956,1
0.03476298600435257,1
0.10484762489795685,1
0.17021316289901733,1
0.1595844030380249,1
0.1537427008152008,1
0.24209997057914734,1
0.07316739857196808,1
0.08120118081569672,1
0.13424000144004822,1
0.02079196646809578,1
0.14831875264644623,1
0.11733216047286987,1
0.042109616100788116,1
0.05924719572067261,1
0.14547660946846008,1
0.0975457951426506,1
0.1138097494840622,1
0.12726996839046478,1
0.024383865296840668,1
0.2992267608642578,1
0.06097010150551796,1
0.05220992863178253,1
0.07423131912946701,1
0.04338923096656799,1
0.11995470523834229,1
0.06868738681077957,1
0.08028790354728699,1
0.13902220129966736,1
0.05292900279164314,1
0.20541834831237793,1
0.1964380443096161,1
0.11853943765163422,1
0.11283459514379501,1
0.02074715681374073,1
0.1891809105873108,1
0.2046690136194229,1
0.0352221243083477,1
0.23660552501678467,1
0.07808210700750351,1
0.01991649717092514,1
0.055791400372982025,1
0.13146376609802246,1
0.04857688769698143,1
0.0859721451997757,1
0.07725440710783005,1
0.06490740925073624,1
0.09549497067928314,1
0.08229753375053406,1
0.13616223633289337,1
0.2463071346282959,1
0.12481904774904251,1
0.14062590897083282,1
0.08253525197505951,1
0.16007079184055328,1
0.2090853601694107,1
0.1514481008052826,1
0.09565537422895432,1
0.04744904488325119,1
0.04001124948263168,1
0.07962425798177719,1
0.07969393581151962,1
0.10605000704526901,1
0.13183651864528656,1
0.14825180172920227,1
0.09835988283157349,1
0.1754957139492035,1
0.11945638060569763,1
0.31638187170028687,1
0.14120036363601685,1
0.1362532377243042,1
0.18747131526470184,1
0.039779163897037506,1
0.07991845905780792,1
0.10844727605581284,1
0.16610661149024963,1
0.09973720461130142,1
0.08318765461444855,1
0.11700362712144852,1
0.2621585428714752,1
0.15346984565258026,1
0.12122011929750443,1
0.09509136527776718,1
0.10328751057386398,1
0.06246265396475792,1
0.09493674337863922,1
0.05506978556513786,1
0.09520123898983002,1
0.15756690502166748,1
0.07335081696510315,1
0.25676485896110535,1
0.048870161175727844,1
0.11799252033233643,1
0.17331461608409882,1
0.11437475681304932,1
0.07730407267808914,1
0.036586303263902664,1
0.15456479787826538,1
0.06025766208767891,1
0.11448108404874802,1
0.07484772801399231,1
0.1103592962026596,1
0.19785447418689728,1
0.2094448208808899,1
0.014415549114346504,1
0.11138998717069626,1
0.1779421716928482,1
0.06164140999317169,1
0.16313637793064117,1
0.06586010754108429,1
0.026308761909604073,1
0.1792294681072235,1
0.03021269105374813,1
0.1426832377910614,1
0.0688851997256279,1
0.135086789727211,1
0.13068276643753052,1
0.09718203544616699,1
0.12153149396181107,1
0.0714111328125,1
0.1225731149315834,1
0.12173681706190109,1
0.0785437673330307,1
0.05631612613797188,1
0.07749754190444946,1
0.09564697742462158,1
0.13735641539096832,1
0.08178876340389252,1
0.21553796529769897,1
0.09929410368204117,1
0.2328437864780426,1
0.07072650641202927,1
0.1188974380493164,1
0.051432497799396515,1
0.24221159517765045,1
0.17045246064662933,1
0.11692677438259125,1
0.0632590800523758,1
0.03878168761730194,1
0.06652924418449402,1
0.07441382855176926,1
0.0625254362821579,1
0.20674341917037964,1
0.1050797551870346,1
0.233684241771698,1
0.12630946934223175,1
0.0402817577123642,1
0.027590753510594368,1
0.13135845959186554,1
0.1556616872549057,1
0.2852180600166321,1
0.18215234577655792,1
0.09866347163915634,1
0.052828676998615265,1
0.09779413044452667,1
0.05011624097824097,1
0.07965178787708282,1
0.12858332693576813,1
0.029013218358159065,1
0.06026656553149223,1
0.0500822477042675,1
0.08220915496349335,1
0.24758386611938477,1
0.10063712298870087,1
0.12911361455917358,1
0.03975169360637665,1
0.2602243423461914,1
0.09767316281795502,1
0.05572689324617386,1
0.06121256202459335,1
0.11605972051620483,1
0.11282709240913391,1
0.055617354810237885,1
0.03437517583370209,1
0.13745437562465668,1
0.13233424723148346,1
0.16705404222011566,1
0.04114079847931862,1
0.10528885573148727,1
0.15119558572769165,1
0.17515233159065247,1
0.1420271098613739,1
0.1270654946565628,1
0.02205590158700943,1
0.16347865760326385,1
0.13788390159606934,1
0.05145081505179405,1
0.043380461633205414,1
0.0884387344121933,1
0.31331124901771545,1
0.13324379920959473,1
0.08387002348899841,1
0.05011862888932228,1
0.10344663262367249,1
0.08483968675136566,1
0.12828144431114197,1
0.14660032093524933,1
0.13303101062774658,1
0.18846607208251953,1
0.07759830355644226,1
0.061794690787792206,1
0.0704529732465744,1
0.0238215122371912,1
0.17298252880573273,1
0.06424376368522644,1
0.1443157196044922,1
0.16862106323242188,1
0.07891391217708588,1
0.08144700527191162,1
0.04263979196548462,1
0.0516483411192894,1
0.10378766804933548,1
0.20582865178585052,1
0.09803634881973267,1
0.027028022333979607,1
0.10084831714630127,1
0.13151493668556213,1
0.14414194226264954,1
0.26558735966682434,1
0.0698552280664444,1
0.04070613160729408,1
0.15661674737930298,1
0.05386500060558319,1
0.05266990885138512,1
0.048551641404628754,1
0.05865701287984848,1
0.09454842656850815,1
0.014651360921561718,1
0.07551231980323792,1
0.08956754952669144,1
0.07449805736541748,1
0.0411127433180809,1
0.09418252110481262,1
0.05714792385697365,1
0.04239707440137863,1
0.0964428260922432,1
0.042437415570020676,1
0.17765533924102783,1
0.1586703062057495,1
0.15078410506248474,1
0.21046258509159088,1
0.11107300966978073,1
0.0630139410495758,1
0.25702133774757385,1
0.09423226863145828,1
0.10515956580638885,1
0.23674961924552917,1
0.0822703093290329,1
0.04889474809169769,1
0.12264114618301392,1
0.09467504918575287,1
0.020636482164263725,1
0.10904648900032043,1
0.07980965822935104,1
0.1670403629541397,1
0.03456701710820198,1
0.08028103411197662,1
0.03501059114933014,1
0.11207351088523865,1
0.25575950741767883,1
0.12551403045654297,1
0.1962268054485321,1
0.14015915989875793,1
0.15279698371887207,1
0.16860094666481018,1
0.294854998588562,1
0.06439515203237534,1
0.12514902651309967,1
0.13806970417499542,1
0.062177758663892746,1
0.06508146226406097,1
0.155994713306427,1
0.09720014780759811,1
0.25511983036994934,1
0.030486714094877243,1
0.21263673901557922,1
0.27200254797935486,1
0.3263985514640808,1
0.08615868538618088,1
0.13199041783809662,1
0.05707599222660065,1
0.1557411551475525,1
0.2799205780029297,1
0.07017405331134796,1
0.0672665536403656,1
0.02886207029223442,1
0.08601398766040802,1
0.13719314336776733,1
0.0643104538321495,1
0.06374911963939667,1
0.18622055649757385,1
0.09223294258117676,1
0.06972917169332504,1
0.07175815850496292,1
0.1749800145626068,1
0.05210672691464424,1
0.11883667856454849,1
0.07722572982311249,1
0.07886696606874466,1
0.0351526141166687,1
0.06813567131757736,1
0.02113381400704384,1
0.07449998706579208,1
0.08027058839797974,1
0.14400021731853485,1
0.10155913978815079,1
0.1541157364845276,1
0.06121731922030449,1
0.033313948661088943,1
0.12012700736522675,1
0.1569696068763733,1
0.08860166370868683,1
0.08258157223463058,1
0.10905884951353073,1
0.05818849056959152,1
0.10050815343856812,1
0.11281544715166092,1
0.05241674184799194,1
0.14468760788440704,1
0.16902564465999603,1
0.22144469618797302,1
0.0908036157488823,1
0.13714399933815002,1
0.025671349838376045,1
0.09393014013767242,1
0.09983169287443161,1
0.19582027196884155,1
0.09349285066127777,1
0.11088156700134277,1
0.14172570407390594,1
0.1135653629899025,1
0.0809747576713562,1
0.043434157967567444,1
0.04644753038883209,1
0.14130136370658875,1
0.0717470794916153,1
0.08583557605743408,1
0.08679494261741638,1
0.05203104019165039,1
0.16671520471572876,1
0.22070161998271942,1
0.03022393211722374,1
0.03569192439317703,1
0.31853187084198,1
0.1962956190109253,1
0.05648479238152504,1
0.05515038222074509,1
0.25011876225471497,1
0.1308358609676361,1
0.07338181883096695,1
0.043003812432289124,1
0.09219293296337128,1
0.1281299591064453,1
0.06767161935567856,1
0.05063019320368767,1
0.05174001306295395,1
0.03520291671156883,1
0.09031244367361069,1
0.11488213390111923,1
0.1503031700849533,1
0.05769693851470947,1
0.1422695815563202,1
0.14419052004814148,1
0.16724413633346558,1
0.02759474329650402,1
0.05417274683713913,1
0.10031469166278839,1
0.10950203239917755,1
0.16995792090892792,1
0.04088682681322098,1
0.03777044638991356,1
0.19103442132472992,1
0.1788894534111023,1
0.15009728074073792,1
0.07797258347272873,1
0.06347735971212387,1
0.12111452221870422,1
0.030267074704170227,1
0.0250532329082489,1
0.062033042311668396,1
0.09172375500202179,1
0.05187976360321045,1
0.11596556007862091,1
0.3042154908180237,1
0.0523466132581234,1
0.020153231918811798,1
0.06009278446435928,1
0.14749526977539063,1
0.022529663518071175,1
0.10676945745944977,1
0.12398381531238556,1
0.04389873147010803,1
0.06329040229320526,1
0.062489937990903854,1
0.027462907135486603,1
0.10207894444465637,1
0.1558060497045517,1
0.12111672759056091,1
0.129856139421463,1
0.02450386807322502,1
0.057847924530506134,1
0.07740725576877594,1
0.0975356251001358,1
0.25558358430862427,1
0.08211511373519897,1
0.14855347573757172,1
0.09370529651641846,1
0.06025514006614685,1
0.10253638029098511,1
0.09003275632858276,1
0.1433943808078766,1
0.2463715672492981,1
0.06430909782648087,1
0.09302488714456558,1
0.04593176767230034,1
0.12505295872688293,1
0.1377117931842804,1
0.15777577459812164,1
0.08178813755512238,1
0.13761530816555023,1
0.10878699272871017,1
0.05756206065416336,1
0.06921952962875366,1
0.09334605932235718,1
0.12713494896888733,1
0.1103733628988266,1
0.21980811655521393,1
0.026234451681375504,1
0.14415113627910614,1
0.030009621754288673,1
0.02319372072815895,1
0.13818231225013733,1
0.10600762814283371,1
0.108123280107975,1
0.10115191340446472,1
0.2866167426109314,1
0.09518583118915558,1
0.03829142823815346,1
0.085894875228405,1
0.17327000200748444,1
0.16958940029144287,1
0.1906348466873169,1
0.20641344785690308,1
0.09792174398899078,1
0.11540869623422623,1
0.0578942634165287,1
0.034621357917785645,1
0.13917236030101776,1
0.08542551100254059,1
0.03460335731506348,1
0.02916105091571808,1
0.03871026262640953,1
0.015663128346204758,1
0.01674819551408291,1
0.14684337377548218,1
0.06551624834537506,1
0.06349200755357742,1
0.1306169331073761,1
0.18092168867588043,1
0.05450011417269707,1
0.05252363160252571,1
0.0927673727273941,1
0.20791685581207275,1
0.1418583244085312,1
0.11657273024320602,1
0.05112902820110321,1
0.051821984350681305,1
0.09757524728775024,1
0.13391539454460144,1
0.027806168422102928,1
0.05474688857793808,1
0.1284404993057251,1
0.06422276794910431,1
0.016544576734304428,1
0.07859689742326736,1
0.09717803448438644,1
0.16038230061531067,1
0.12089049071073532,1
0.046239495277404785,1
0.05478571727871895,1
0.07361027598381042,1
0.1318535953760147,1
0.06668911129236221,1
0.08233275264501572,1
0.0757802426815033,1
0.032610371708869934,1
0.182725191116333,1
0.03227543830871582,1
0.07055205851793289,1
0.17529380321502686,1
0.053303204476833344,1
0.05527212843298912,1
0.01983470469713211,1
0.08158624172210693,1
0.031661875545978546,1
0.10303715616464615,1
0.11601082980632782,1
0.10596984624862671,1
0.12634040415287018,1
0.0770212858915329,1
0.04616698995232582,1
0.028270084410905838,1
0.08035458624362946,1
0.07958866655826569,1
0.029313713312149048,1
0.08390180766582489,1
0.1294451355934143,1
0.11698798835277557,1
0.2562202215194702,1
0.045140475034713745,1
0.18256674706935883,1
0.036070771515369415,1
0.0605095811188221,1
0.08856542408466339,1
0.03527282178401947,1
0.03722711279988289,1
0.1288602352142334,1
0.16154727339744568,1
0.10077214241027832,1
0.07697810977697372,1
0.05325266346335411,1
0.09176766872406006,1
0.24234026670455933,1
0.07709605991840363,1
0.24259239435195923,1
0.116016685962677,1
0.2061813324689865,1
0.2368001639842987,1
0.17411750555038452,1
0.015528024174273014,1
0.1851712465286255,1
0.0863543376326561,1
0.1268181949853897,1
0.3195968270301819,1
0.07285793125629425,1
0.0886438861489296,1
0.12393373996019363,1
0.18455906212329865,1
0.1988523006439209,1
0.12991303205490112,1
0.05032939463853836,1
0.12329399585723877,1
0.308275043964386,1
0.16929061710834503,1
0.16852246224880219,1
0.11171293258666992,1
0.0703728049993515,1
0.03854015842080116,1
0.09584429860115051,1
0.12005985528230667,1
0.10748148709535599,1
0.07722967118024826,1
0.06526190042495728,1
0.09295472502708435,1
0.03487110510468483,1
0.20119230449199677,1
0.30724942684173584,1
0.10458822548389435,1
0.1903834342956543,1
0.08484572172164917,1
0.04505428671836853,1
0.02866026572883129,1
0.13879923522472382,1
0.10718774050474167,1
0.0660804957151413,1
0.024865198880434036,1
0.24467778205871582,1
0.11841917037963867,1
0.21773141622543335,1
0.13513073325157166,1
0.11902046948671341,1
0.138959601521492,1
0.07274267077445984,1
0.08955176174640656,1
0.11930109560489655,1
0.0723448246717453,1
0.03472118824720383,1
0.0649014562368393,1
0.20923097431659698,1
0.07137113809585571,1
0.13235807418823242,1
0.05387255921959877,1
0.06650705635547638,1
0.05014994367957115,1
0.07596153765916824,1
0.09291338920593262,1
0.12638558447360992,1
0.19749823212623596,1
0.09730114042758942,1
0.14234806597232819,1
0.11105860024690628,1
0.16581887006759644,1
0.041800834238529205,1
0.069150410592556,1
0.12597565352916718,1
0.07454781979322433,1
0.03413410484790802,1
0.1185249537229538,1
0.10445800423622131,1
0.2166544497013092,1
0.056597255170345306,1
0.2191552370786667,1
0.05164698511362076,1
0.027436325326561928,1
0.1784171313047409,1
0.16258111596107483,1
0.1256590187549591,1
0.10051218420267105,1
0.16271908581256866,1
0.06759576499462128,1
0.08995911478996277,1
0.18237347900867462,1
0.13287538290023804,1
0.18184694647789001,1
0.1328180432319641,1
0.04400862380862236,1
0.08794306218624115,1
0.08923149108886719,1
0.03890509903430939,1
0.16250735521316528,1
0.16214556992053986,1
0.24986732006072998,1
0.18427477777004242,1
0.13375258445739746,1
0.03760132938623428,1
0.10379771888256073,1
0.07513921707868576,1
0.2005767673254013,1
0.1709442436695099,1
0.21442660689353943,1
0.14780193567276,1
0.05640455335378647,1
0.10188691318035126,1
0.11499981582164764,1
0.031008221209049225,1
0.021765317767858505,1
0.21184587478637695,1
0.10774652659893036,1
0.03568973019719124,1
0.10872238129377365,1
0.03807515650987625,1
0.11944065243005753,1
0.15199357271194458,1
0.24053743481636047,1
0.2993246614933014,1
0.1732020378112793,1
0.07216135412454605,1
0.05898061394691467,1
0.11788460612297058,1
0.13419067859649658,1
0.09572751075029373,1
0.08959902822971344,1
0.30824899673461914,1
0.044333625584840775,1
0.09685873240232468,1
0.096708744764328,1
0.14156799018383026,1
0.10387608408927917,1
0.1272817701101303,1
0.10829821228981018,1
0.0855579525232315,1
0.06550011783838272,1
0.11582639068365097,1
0.1950540542602539,1
0.06753848493099213,1
0.08121702075004578,1
0.07600376009941101,1
0.11184582114219666,1
0.09855250269174576,1
0.1851671189069748,1
0.10062376409769058,1
0.08082593232393265,1
0.054353583604097366,1
0.05796138197183609,1
0.1194891631603241,1
0.057480424642562866,1
0.12236636877059937,1
0.03661126643419266,1
0.026777148246765137,1
0.04555564001202583,1
0.19681456685066223,1
0.09625397622585297,1
0.06304990500211716,1
0.11175495386123657,1
0.14745888113975525,1
0.05900806933641434,1
0.11689353734254837,1
0.07199761271476746,1
0.10212497413158417,1
0.09886986017227173,1
0.12420788407325745,1
0.056519635021686554,1
0.08597524464130402,1
0.030994771048426628,1
0.04355938732624054,1
0.19937022030353546,1
0.18639788031578064,1
0.1142173707485199,1
0.058306992053985596,1
0.1766720563173294,1
0.07014704495668411,1
0.034872040152549744,1
0.11507216095924377,1
0.049845196306705475,1
0.29432618618011475,1
0.18601813912391663,1
0.032927218824625015,1
0.15954892337322235,1
0.19422179460525513,1
0.07672210037708282,1
0.02517792396247387,1
0.27112627029418945,1
0.05844641476869583,1
0.04447589069604874,1
0.05810612812638283,1
0.03676753118634224,1
0.060008082538843155,1
0.22015489637851715,1
0.012632474303245544,1
0.016178864985704422,1
0.10021162033081055,1
0.07586808502674103,1
0.18019863963127136,1
0.028909500688314438,1
0.11720895022153854,1
0.0410967692732811,1
0.15302041172981262,1
0.1299189329147339,1
0.1407364308834076,1
0.07726974785327911,1
0.09076308459043503,1
0.17632026970386505,1
0.07452581077814102,1
0.207791268825531,1
0.11390776187181473,1
0.0885377898812294,1
0.07993796467781067,1
0.1447095423936844,1
0.25223496556282043,1
0.040206171572208405,1
0.02948904223740101,1
0.2837054431438446,1
0.08841124922037125,1
0.10867413878440857,1
0.379696786403656,1
0.21693754196166992,1
0.08635188639163971,1
0.14604628086090088,1
0.09911350160837173,1
0.05357257276773453,1
0.07176385819911957,1
0.03628211095929146,1
0.21277812123298645,1
0.11509979516267776,1
0.16164124011993408,1
0.12175304442644119,1
0.08316408842802048,1
0.2284383624792099,1
0.1299857646226883,1
0.0739150196313858,1
0.15603017807006836,1
0.22677412629127502,1
0.062019821256399155,1
0.06407219171524048,1
0.2916315197944641,1
0.19274598360061646,1
0.10172460973262787,1
0.227459117770195,1
0.1620095819234848,1
0.0956181138753891,1
0.24397212266921997,1
0.20776832103729248,1
0.043135907500982285,1
0.01862442120909691,1
0.15833069384098053,1
0.18632479012012482,1
0.18940261006355286,1
0.16082239151000977,1
0.032673537731170654,1
0.13230672478675842,1
0.08888733386993408,1
0.14138761162757874,1
0.03655756264925003,1
0.020029036328196526,1
0.12489856034517288,1
0.08388517796993256,1
0.13734209537506104,1
0.0393340028822422,1
0.05004480481147766,1
0.2140331268310547,1
0.10921676456928253,1
0.06388737261295319,1
0.234706848859787,1
0.07200955599546432,1
0.1312742680311203,1
0.0915822684764862,1
0.03981858491897583,1
0.06168506667017937,1
0.05371028929948807,1
0.1077575534582138,1
0.15382912755012512,1
0.08578162640333176,1
0.062490370124578476,1
0.07825246453285217,1
0.08203611522912979,1
0.13138443231582642,1
0.06531105190515518,1
0.19652341306209564,1
0.06977717578411102,1
0.05811832472681999,1
0.3089439570903778,1
0.06765174120664597,1
0.09645136445760727,1
0.1710335612297058,1
0.06053432822227478,1
0.08960453420877457,1
0.07786580920219421,1
0.04745427519083023,1
0.022388175129890442,1
0.12925344705581665,1
0.040433041751384735,1
0.10834526270627975,1
0.05777713656425476,1
0.038309335708618164,1
0.24017438292503357,1
0.1271754950284958,1
0.07999442517757416,1
0.17653819918632507,1
0.09452581405639648,1
0.038309574127197266,1
0.08632176369428635,1
0.027982745319604874,1
0.24807778000831604,1
0.13273660838603973,1
0.10611940175294876,1
0.09378031641244888,1
0.07774318009614944,1
0.052444227039813995,1
0.1089516133069992,1
0.24172963201999664,1
0.09966680407524109,1
0.11424524337053299,1
0.10392217338085175,1
0.11923366039991379,1
0.02997412532567978,1
0.048402465879917145,1
0.01644783467054367,1
0.06442060321569443,1
0.4318096935749054,1
0.06254120916128159,1
0.15366443991661072,1
0.042332880198955536,1
0.12988503277301788,1
0.057994358241558075,1
0.053460899740457535,1
0.21658124029636383,1
0.07151934504508972,1
0.025099722668528557,1
0.09141907095909119,1
0.07234589755535126,1
0.22800864279270172,1
0.08931233733892441,1
0.023944957181811333,1
0.05091607943177223,1
0.1298714131116867,1
0.021479282528162003,1
0.1782023310661316,1
0.09566006064414978,1
0.1221795380115509,1
0.15972472727298737,1
0.019504426047205925,1
0.034680988639593124,1
0.1668519824743271,1
0.24072737991809845,1
0.26273611187934875,1
0.216594398021698,1
0.11699763685464859,1
0.09813866019248962,1
0.17090876400470734,1
0.16576218605041504,1
0.0510178878903389,1
0.2525329887866974,1
0.10071118175983429,1
0.14456060528755188,1
0.07688098400831223,1
0.1658487468957901,1
0.138700932264328,1
0.09143847227096558,1
0.1119515672326088,1
0.09900769591331482,1
0.058390043675899506,1
0.3026103079319,1
0.07456498593091965,1
0.22860004007816315,1
0.15162044763565063,1
0.038087207823991776,1
0.04094209894537926,1
0.04411555081605911,1
0.14354656636714935,1
0.11525389552116394,1
0.1098780706524849,1
0.08710488677024841,1
0.056114841252565384,1
0.12010542303323746,1
0.13413117825984955,1
0.08918978273868561,1
0.039083123207092285,1
0.09792228043079376,1
0.05761963874101639,1
0.0831223875284195,1
0.07696972787380219,1
0.05804393067955971,1
0.11781061440706253,1
0.06590014696121216,1
0.1781141459941864,1
0.1628721058368683,1
0.25354689359664917,1
0.1156487911939621,1
0.2803139090538025,1
0.15801867842674255,1
0.09635833650827408,1
0.14402523636817932,1
0.11389808356761932,1
0.030928827822208405,1
0.03322163224220276,1
0.23646360635757446,1
0.10538366436958313,1
0.12014640122652054,1
0.1506514549255371,1
0.10577963292598724,1
0.10061679780483246,1
0.054688334465026855,1
0.18588154017925262,1
0.14088910818099976,1
0.027183163911104202,1
0.03843068331480026,1
0.053458333015441895,1
0.10457749664783478,1
0.11389400064945221,1
0.08186554163694382,1
0.1246160939335823,1
0.16791918873786926,1
0.03324141353368759,1
0.284615695476532,1
0.09290824830532074,1
0.07797841727733612,1
0.07912180572748184,1
0.27202510833740234,1
0.06353646516799927,1
0.1668156534433365,1
0.09909366816282272,1
0.13003894686698914,1
0.14269469678401947,1
0.24769502878189087,1
0.058417752385139465,1
0.12608101963996887,1
0.07300028949975967,1
0.1491856873035431,1
0.20222207903862,1
0.11848437041044235,1
0.13306421041488647,1
0.14553870260715485,1
0.2208428978919983,1
0.14928705990314484,1
0.1505870372056961,1
0.12581375241279602,1
0.0438309945166111,1
0.08941000699996948,1
0.14729811251163483,1
0.05883266031742096,1
0.11136404424905777,1
0.09320472925901413,1
0.05031309649348259,1
0.0457298681139946,1
0.16220726072788239,1
0.061077747493982315,1
0.0786597728729248,1
0.14151909947395325,1
0.09571487456560135,1
0.19039897620677948,1
0.026701221242547035,1
0.06637520343065262,1
0.2105119228363037,1
0.18547654151916504,1
0.2611462473869324,1
0.04096762090921402,1
0.21443457901477814,1
0.07384370267391205,1
0.11641649156808853,1
0.1326306015253067,1
0.07892902195453644,1
0.03557060658931732,1
0.28839367628097534,1
0.12168687582015991,1
0.24274799227714539,1
0.1888388991355896,1
0.0913393646478653,1
0.07915636897087097,1
0.051856569945812225,1
0.0707017034292221,1
0.13118088245391846,1
0.15849928557872772,1
0.22836695611476898,1
0.03447137400507927,1
0.053065285086631775,1
0.24072887003421783,1
0.12347324937582016,1
0.26806434988975525,1
0.12852667272090912,1
0.03375668823719025,1
0.12314312905073166,1
0.1093883216381073,1
0.1943422257900238,1
0.012567815370857716,1
0.11522051692008972,1
0.09960153698921204,1
0.21124546229839325,1
0.04630952328443527,1
0.033520229160785675,1
0.13734060525894165,1
0.07282428443431854,1
0.09549469500780106,1
0.04818899184465408,1
0.1333678960800171,1
0.08876936882734299,1
0.08233410120010376,1
0.06926287710666656,1
0.18243515491485596,1
0.0353398472070694,1
0.05437849089503288,1
0.08834685385227203,1
0.09636098146438599,1
0.06908754259347916,1
0.12286736071109772,1
0.07480885088443756,1
0.08325621485710144,1
0.2250898778438568,1
0.0517694354057312,1
0.06615301221609116,1
0.23848526179790497,1
0.08665250986814499,1
0.06008581072092056,1
0.10726122558116913,1
0.04585813358426094,1
0.11010907590389252,1
0.10144186019897461,1
0.049358345568180084,1
0.04797007888555527,1
0.3018503785133362,1
0.2581768333911896,1
0.06011668220162392,1
0.043018825352191925,1
0.055351123213768005,1
0.30066385865211487,1
0.15484504401683807,1
0.05181460082530975,1
0.05924795940518379,1
0.06739148497581482,1
0.18575358390808105,1
0.1933106780052185,1
0.09308472275733948,1
0.1478690505027771,1
0.17158254981040955,1
0.07731229811906815,1
0.07081441581249237,1
0.13766378164291382,1
0.16023075580596924,1
0.017389845103025436,1
0.14782582223415375,1
0.07745495438575745,1
0.19251778721809387,1
0.09972479939460754,1
0.10910613089799881,1
0.12411709874868393,1
0.08824317902326584,1
0.030116010457277298,1
0.15353555977344513,1
0.07729383558034897,1
0.03538240119814873,1
0.21680592000484467,1
0.14372512698173523,1
0.11885789781808853,1
0.16720986366271973,1
0.04600737988948822,1
0.14247025549411774,1
0.10039587318897247,1
0.21110349893569946,1
0.06685473769903183,1
0.11756148189306259,1
0.22605811059474945,1
0.12312903255224228,1
0.12828466296195984,1
0.08400994539260864,1
0.04100764915347099,1
0.16310857236385345,1
0.10869795083999634,1
0.08045226335525513,1
0.04836944490671158,1
0.04925229400396347,1
0.07006436586380005,1
0.0627390444278717,1
0.13986529409885406,1
0.07875354588031769,1
0.07741594314575195,1
0.1295958012342453,1
0.17491835355758667,1
0.10973446071147919,1
0.13116107881069183,1
0.12249277532100677,1
0.23516519367694855,1
0.1521937996149063,1
0.047671280801296234,1
0.12114059925079346,1
0.09217676520347595,1
0.018873410299420357,1
0.06661820411682129,1
0.014895964413881302,1
0.04066978394985199,1
0.14632296562194824,1
0.07973270118236542,1
0.19984664022922516,1
0.08137715607881546,1
0.08696798980236053,1
0.017738621681928635,1
0.04263923317193985,1
0.09284156560897827,1
0.15002170205116272,1
0.13230139017105103,1
0.09843099117279053,1
0.09950888156890869,1
0.04276289790868759,1
0.1606173813343048,1
0.27922293543815613,1
0.09856639057397842,1
0.12796929478645325,1
0.07836296409368515,1
0.11525093764066696,1
0.04338311776518822,1
0.11818471550941467,1
0.10195066034793854,1
0.07148714363574982,1
0.08945601433515549,1
0.044296856969594955,1
0.05594919994473457,1
0.051650192588567734,1
0.250818133354187,1
0.06407450884580612,1
0.209641695022583,1
0.1420009434223175,1
0.07278792560100555,1
0.020694496110081673,1
0.03559155762195587,1
0.037505343556404114,1
0.10038795322179794,1
0.17324772477149963,1
0.026105612516403198,1
0.043389853090047836,1
0.21679647266864777,1
0.053543753921985626,1
0.12177528440952301,1
0.13761171698570251,1
0.09037983417510986,1
0.13280031085014343,1
0.16549882292747498,1
0.06616401672363281,1
0.03793853148818016,1
0.1555749624967575,1
0.09745926409959793,1
0.05444824695587158,1
0.057564280927181244,1
0.061634697020053864,1
0.06652460992336273,1
0.08910917490720749,1
0.07588076591491699,1
0.11245537549257278,1
0.20290744304656982,1
0.08259066194295883,1
0.09246605634689331,1
0.04757831245660782,1
0.25851109623908997,1
0.10420048236846924,1
0.10651850700378418,1
0.10202871263027191,1
0.0831039696931839,1
0.24976846575737,1
0.0588204450905323,1
0.22435924410820007,1
0.09474534541368484,1
0.3945290744304657,1
0.056800536811351776,1
0.1557599902153015,1
0.035041678696870804,1
0.1286243349313736,1
0.01963522657752037,1
0.027474086731672287,1
0.058308038860559464,1
0.27427229285240173,1
0.06379689276218414,1
0.07613521069288254,1
0.11982914805412292,1
0.21500451862812042,1
0.1828097552061081,1
0.08587206900119781,1
0.038487982004880905,1
0.1514764428138733,1
0.09324643015861511,1
0.010028626769781113,1
0.05874169245362282,1
0.04237564653158188,1
0.054300665855407715,1
0.0475960411131382,1
0.02368837036192417,1
0.050388090312480927,1
0.09722533822059631,1
0.20770031213760376,1
0.14318977296352386,1
0.020490121096372604,1
0.029301507398486137,1
0.24670353531837463,1
0.11737535893917084,1
0.3125203251838684,1
0.04336456581950188,1
0.0540354922413826,1
0.07711756974458694,1
0.04546850174665451,1
0.04420967772603035,1
0.03508010879158974,1
0.3373642563819885,1
0.032880980521440506,1
0.10091252624988556,1
0.09326120465993881,1
0.0865052342414856,1
0.0776427611708641,1
0.14300143718719482,1
0.056153204292058945,1
0.16794399917125702,1
0.07106395810842514,1
0.21149148046970367,1
0.039743572473526,1
0.0676647201180458,1
0.16609348356723785,1
0.1023714616894722,1
0.18035510182380676,1
0.06445158272981644,1
0.046422820538282394,1
0.033828459680080414,1
0.08403880894184113,1
0.07888437062501907,1
0.13342276215553284,1
0.12673121690750122,1
0.052741121500730515,1
0.3273192048072815,1
0.044549692422151566,1
0.163117915391922,1
0.16651098430156708,1
0.13041062653064728,1
0.024457400664687157,1
0.15683922171592712,1
0.0965988039970398,1
0.049371130764484406,1
0.24137312173843384,1
0.1657768338918686,1
0.06377635151147842,1
0.12697237730026245,1
0.02519151195883751,1
0.0865212082862854,1
0.0698852464556694,1
0.22432762384414673,1
0.06722277402877808,1
0.04445488378405571,1
0.14228826761245728,1
0.04113071784377098,1
0.1122807115316391,1
0.03877368941903114,1
0.18258598446846008,1
0.13192418217658997,1
0.12171642482280731,1
0.16141389310359955,1
0.1518406867980957,1
0.04896391183137894,1
0.10516206920146942,1
0.0615038126707077,1
0.08093947917222977,1
0.07580124586820602,1
0.0371246263384819,1
0.08044371008872986,1
0.03878147900104523,1
0.12149949371814728,1
0.04092639684677124,1
0.09967780113220215,1
0.03543413057923317,1
0.09800417721271515,1
0.1450461596250534,1
0.06238170713186264,1
0.10226710885763168,1
0.08113344758749008,1
0.1626768857240677,1
0.02815304510295391,1
0.047376275062561035,1
0.2598631978034973,1
0.08617299795150757,1
0.12063022702932358,1
0.2118801325559616,1
0.11501921713352203,1
0.06643015146255493,1
0.07843662798404694,1
0.06958615779876709,1
0.23056524991989136,1
0.13928349316120148,1
0.12430817633867264,1
0.1658938080072403,1
0.09043882042169571,1
0.10867754369974136,1
0.1677902489900589,1
0.10811037570238113,1
0.10029415786266327,1
0.15799453854560852,1
0.10770019888877869,1
0.08556317538022995,1
0.09651754796504974,1
0.10375099629163742,1
0.133113831281662,1
0.07698332518339157,1
0.09996411204338074,1
0.1986715942621231,1
0.03536788746714592,1
0.017206579446792603,1
0.021930726245045662,1
0.09341051429510117,1
0.07513448596000671,1
0.13879238069057465,1
0.12050902098417282,1
0.1764797866344452,1
0.06225958094000816,1
0.1095847487449646,1
0.14425060153007507,1
0.10185618698596954,1
0.03524932637810707,1
0.024364223703742027,1
0.17358267307281494,1
0.2417427897453308,1
0.06857430934906006,1
0.329149067401886,1
0.07004857808351517,1
0.1648501306772232,1
0.1260928362607956,1
0.08472054451704025,1
0.044399529695510864,1
0.03499476984143257,1
0.025517744943499565,1
0.09675929695367813,1
0.07089296728372574,1
0.11790095269680023,1
0.05751972645521164,1
0.17584611475467682,1
0.1749410331249237,1
0.05631807819008827,1
0.0649479404091835,1
0.1134159043431282,1
0.052114445716142654,1
0.07478237897157669,1
0.033600855618715286,1
0.22275540232658386,1
0.0724635049700737,1
0.11184263229370117,1
0.2222527414560318,1
0.06734126061201096,1
0.11368392407894135,1
0.052889034152030945,1
0.2708837687969208,1
0.1857331097126007,1
0.04449860379099846,1
0.06931469589471817,1
0.07775522023439407,1
0.026922300457954407,1
0.18214714527130127,1
0.17053411900997162,1
0.2075318992137909,1
0.17124421894550323,1
0.18975897133350372,1
0.18767350912094116,1
0.12471403926610947,1
0.40825536847114563,1
0.12924663722515106,1
0.17965620756149292,1
0.06923188269138336,1
0.02474704012274742,1
0.015962867066264153,1
0.1117517277598381,1
0.049352701753377914,1
0.06376244127750397,1
0.09806957840919495,1
0.24783338606357574,1
0.12409074604511261,1
0.3173568844795227,1
0.24944397807121277,1
0.13670215010643005,1
0.09481801092624664,1
0.1493527889251709,1
0.052566900849342346,1
0.11108888685703278,1
0.1599511206150055,1
0.24739736318588257,1
0.03639298677444458,1
0.1243131086230278,1
0.2831161320209503,1
0.08232726901769638,1
0.05470793694257736,1
0.13930734992027283,1
0.0710480660200119,1
0.07669411599636078,1
0.04456185922026634,1
0.009232757613062859,1
0.04191958159208298,1
0.0822344720363617,1
0.10640246421098709,1
0.02200448326766491,1
0.10940265655517578,1
0.1090947836637497,1
0.1545463502407074,1
0.0849720761179924,1
0.05976870283484459,1
0.07961943000555038,1
0.04538922756910324,1
0.031437575817108154,1
0.10836246609687805,1
0.2550186216831207,1
0.17378538846969604,1
0.08280548453330994,1
0.09625660628080368,1
0.05968762934207916,1
0.08914269506931305,1
0.07410072535276413,1
0.21332423388957977,1
0.13866472244262695,1
0.07145499438047409,1
0.23508624732494354,1
0.1683751940727234,1
0.26321810483932495,1
0.06626439094543457,1
0.06086568161845207,1
0.05011049658060074,1
0.12791258096694946,1
0.07430743426084518,1
0.06820707023143768,1
0.05292360484600067,1
0.15683941543102264,1
0.06126464530825615,1
0.07182523608207703,1
0.0858662948012352,1
0.07772649824619293,1
0.15488994121551514,1
0.13963796198368073,1
0.0922907292842865,1
0.18812814354896545,1
0.14587414264678955,1
0.0927777960896492,1
0.05232703685760498,1
0.03630277141928673,1
0.08010641485452652,1
0.1605975478887558,1
0.32897114753723145,1
0.2309960573911667,1
0.2060500830411911,1
0.12677063047885895,1
0.13490593433380127,1
0.0532086156308651,1
0.11692122370004654,1
0.04339700564742088,1
0.31641119718551636,1
0.040547143667936325,1
0.05665728449821472,1
0.08464045822620392,1
0.12304657697677612,1
0.059463683515787125,1
0.15401987731456757,1
0.15714992582798004,1
0.04761909693479538,1
0.05820726975798607,1
0.041949011385440826,1
0.044031910598278046,1
0.15750303864479065,1
0.2906893491744995,1
0.09985251724720001,1
0.1451067328453064,1
0.12567897140979767,1
0.046474989503622055,1
0.12118349969387054,1
0.11940088123083115,1
0.11454889178276062,1
0.07181261479854584,1
0.13606666028499603,1
0.1594070941209793,1
0.11034250259399414,1
0.10697190463542938,1
0.08608865737915039,1
0.16410930454730988,1
0.09899326413869858,1
0.08542048186063766,1
0.08054296672344208,1
0.15188582241535187,1
0.04984050244092941,1
0.23191072046756744,1
0.04779495298862457,1
0.18454816937446594,1
0.03666757792234421,1
0.21355301141738892,1
0.03266077861189842,1
0.04867729917168617,1
0.09634597599506378,1
0.2451758235692978,1
0.037807490676641464,1
0.09493456780910492,1
0.0925055593252182,1
0.06396640092134476,1
0.07448506355285645,1
0.12031779438257217,1
0.05849793553352356,1
0.2686087191104889,1
0.03346249461174011,1
0.03001791052520275,1
0.08094242215156555,1
0.11693265289068222,1
0.04349423572421074,1
0.08182038366794586,1
0.13266408443450928,1
0.012123712338507175,1
0.10023584961891174,1
0.09211274981498718,1
0.09244658052921295,1
0.10774094611406326,1
0.09766026586294174,1
0.02768067643046379,1
0.19515736401081085,1
0.03705592080950737,1
0.057938579469919205,1
0.1329820454120636,1
0.14397156238555908,1
0.10784304141998291,1
0.05096905678510666,1
0.13228817284107208,1
0.06974808871746063,1
0.10709993541240692,1
0.09161179512739182,1
0.05941077321767807,1
0.06682594865560532,1
0.11087647080421448,1
0.10388492792844772,1
0.031192410737276077,1
0.049126170575618744,1
0.18117903172969818,1
0.12337254732847214,1
0.24288056790828705,1
0.09462190419435501,1
0.16914774477481842,1
0.09943712502717972,1
0.4405365288257599,1
0.07974709570407867,1
0.10929901152849197,1
0.13948126137256622,1
0.19761769473552704,1
0.0869852676987648,1
0.09869968891143799,1
0.22739356756210327,1
0.16302558779716492,1
0.022807030007243156,1
0.03708086162805557,1
0.16972312331199646,1
0.02544841170310974,1
0.14589761197566986,1
0.07176055014133453,1
0.06497397273778915,1
0.11931179463863373,1
0.15334375202655792,1
0.02916068024933338,1
0.06280851364135742,1
0.05786944180727005,1
0.22316664457321167,1
0.10790016502141953,1
0.06249257177114487,1
0.04895680770277977,1
0.1511838436126709,1
0.09236294031143188,1
0.14462149143218994,1
0.03448766842484474,1
0.011405840516090393,1
0.18779370188713074,1
0.1117745116353035,1
0.20346947014331818,1
0.06033919006586075,1
0.2631840705871582,1
0.10177678614854813,1
0.05075536668300629,1
0.12302247434854507,1
0.07956783473491669,1
0.12402459979057312,1
0.04794720187783241,1
0.08080434799194336,1
0.2572091519832611,1
0.16794605553150177,1
0.06541647017002106,1
0.0796811580657959,1
0.06059873849153519,1
0.04600338265299797,1
0.06529825925827026,1
0.08999617397785187,1
0.1417260766029358,1
0.13600260019302368,1
0.027757905423641205,1
0.14855848252773285,1
0.056195009499788284,1
0.09303495287895203,1
0.0813886821269989,1
0.1602335274219513,1
0.050061315298080444,1
0.08658408373594284,1
0.09441829472780228,1
0.08264920860528946,1
0.06650882214307785,1
0.064809650182724,1
0.09686882793903351,1
0.20270170271396637,1
0.03202158585190773,1
0.06933267414569855,1
0.055303312838077545,1
0.25542566180229187,1
0.14559897780418396,1
0.09462015330791473,1
0.18134495615959167,1
0.1563294529914856,1
0.21086855232715607,1
0.047296132892370224,1
0.10111410915851593,1
0.10074454545974731,1
0.04008561372756958,1
0.12374752759933472,1
0.13785552978515625,1
0.12450657784938812,1
0.10099395364522934,1
0.1491369605064392,1
0.12317785620689392,1
0.06132597476243973,1
0.0787394642829895,1
0.07921990752220154,1
0.15514200925827026,1
0.11240279674530029,1
0.16229137778282166,1
0.03261993080377579,1
0.09541913866996765,1
0.18162614107131958,1
0.07508495450019836,1
0.039486564695835114,1
0.1537659466266632,1
0.0918436273932457,1
0.11168272793292999,1
0.09273569285869598,1
0.031196055933833122,1
0.10556906461715698,1
0.07880544662475586,1
0.27492058277130127,1
0.035178713500499725,1
0.17469368875026703,1
0.03539573401212692,1
0.03054131008684635,1
0.12326577305793762,1
0.08766339719295502,1
0.09944777190685272,1
0.09373872727155685,1
0.049326661974191666,1
0.11082306504249573,1
0.09039554744958878,1
0.08370998501777649,1
0.14601634442806244,1
0.07041509449481964,1
0.15896180272102356,1
0.25621557235717773,1
0.11723462492227554,1
0.1621016561985016,1
0.0892205759882927,1
0.14307630062103271,1
0.06820790469646454,1
0.07286026328802109,1
0.04326446354389191,1
0.031873852014541626,1
0.07039819657802582,1
0.07467857003211975,1
0.11007856577634811,1
0.08318791538476944,1
0.0363118052482605,1
0.06259189546108246,1
0.1586623638868332,1
0.13301369547843933,1
0.054073840379714966,1
0.06902612000703812,1
0.23110756278038025,1
0.02778647094964981,1
0.06138727068901062,1
0.08245725929737091,1
0.15525095164775848,1
0.048954546451568604,1
0.1931423842906952,1
0.062122687697410583,1
0.03587424010038376,1
0.06666765362024307,1
0.05324070528149605,1
0.05182623490691185,1
0.05164741352200508,1
0.1296650916337967,1
0.09407386183738708,1
0.07289064675569534,1
0.17756393551826477,1
0.05304662883281708,1
0.03138110786676407,1
0.236951544880867,1
0.1758740097284317,1
0.17801597714424133,1
0.0439445935189724,1
0.3968905210494995,1
0.0647568330168724,1
0.06885673105716705,1
0.09129799902439117,1
0.1087164506316185,1
0.14134566485881805,1
0.22886481881141663,1
0.05834611505270004,1
0.06161889433860779,1
0.058628588914871216,1
0.12648223340511322,1
0.042436130344867706,1
0.09388777613639832,1
0.0392223596572876,1
0.10339625179767609,1
0.04797648638486862,1
0.10829541832208633,1
0.14676156640052795,1
0.08489317446947098,1
0.17024660110473633,1
0.16399434208869934,1
0.07665453851222992,1
0.08958902209997177,1
0.06182823330163956,1
0.0387580506503582,1
0.24662339687347412,1
0.019370269030332565,1
0.10781258344650269,1
0.17070871591567993,1
0.09720014035701752,1
0.10884897410869598,1
0.03969189524650574,1
0.12220783531665802,1
0.08212640136480331,1
0.22296331822872162,1
0.03749449551105499,1
0.12041016668081284,1
0.18824201822280884,1
0.08278835564851761,1
0.2911936640739441,1
0.35907021164894104,1
0.19098897278308868,1
0.05019921809434891,1
0.03404134511947632,1
0.16939328610897064,1
0.059146929532289505,1
0.27557694911956787,1
0.02608563005924225,1
0.11771953105926514,1
0.23707613348960876,1
0.11395023763179779,1
0.08470802009105682,1
0.05422408878803253,1
0.26195862889289856,1
0.06926168501377106,1
0.06029471382498741,1
0.19625312089920044,1
0.108465775847435,1
0.18429817259311676,1
0.03362283855676651,1
0.10498053580522537,1
0.044083692133426666,1
0.22928917407989502,1
0.12555675208568573,1
0.09688133001327515,1
0.13967233896255493,1
0.145341157913208,1
0.05606922507286072,1
0.049936238676309586,1
0.0482214093208313,1
0.2038683295249939,1
0.07324959337711334,1
0.17094874382019043,1
0.29963576793670654,1
0.05687995254993439,1
0.20639130473136902,1
0.13509850203990936,1
0.10888893157243729,1
0.031104011461138725,1
0.14595644176006317,1
0.14428192377090454,1
0.25592026114463806,1
0.06354415416717529,1
0.208034485578537,1
0.1338856965303421,1
0.09948970377445221,1
0.23883357644081116,1
0.09509294480085373,1
0.03910597041249275,1
0.12278012931346893,1
0.15087959170341492,1
0.16031140089035034,1
0.0637766420841217,1
0.0797046348452568,1
0.1326974332332611,1
0.1383766382932663,1
0.28331246972084045,1
0.07329779863357544,1
0.1525089591741562,1
0.010912900790572166,1
0.12694303691387177,1
0.1285145878791809,1
0.2528248429298401,1
0.0869031697511673,1
0.1600205898284912,1
0.12038800865411758,1
0.3336543142795563,1
0.14519184827804565,1
0.10956501960754395,1
0.020349930971860886,1
0.12035271525382996,1
0.15128427743911743,1
0.12319120019674301,1
0.10688305646181107,1
0.15861745178699493,1
0.03947661444544792,1
0.10165181756019592,1
0.06346827745437622,1
0.06270083039999008,1
0.028092332184314728,1
0.03502719849348068,1
0.1507025808095932,1
0.052770718932151794,1
0.18988998234272003,1
0.08950415998697281,1
0.040961652994155884,1
0.07481426000595093,1
0.08049855381250381,1
0.11298389732837677,1
0.1786247193813324,1
0.16651104390621185,1
0.24454279243946075,1
0.13678820431232452,1
0.04665261134505272,1
0.11938595771789551,1
0.2693026065826416,1
0.13422323763370514,1
0.13362950086593628,1
0.06840869039297104,1
0.08657674491405487,1
0.03955733776092529,1
0.06155693903565407,1
0.10027577728033066,1
0.03091675415635109,1
0.14310234785079956,1
0.1160368025302887,1
0.09372323751449585,1
0.19208881258964539,1
0.043331123888492584,1
0.12175139039754868,1
0.04562089964747429,1
0.09528732299804688,1
0.1277322769165039,1
0.11517514288425446,1
0.09427845478057861,1
0.0647936686873436,1
0.04592780023813248,1
0.06451517343521118,1
0.04644353687763214,1
0.07443983852863312,1
0.09370929002761841,1
0.05037325248122215,1
0.037086110562086105,1
0.09164516627788544,1
0.15867984294891357,1
0.09143970161676407,1
0.2896594703197479,1
0.04971851781010628,1
0.24139663577079773,1
0.11393040418624878,1
0.16675591468811035,1
0.2054065465927124,1
0.08116045594215393,1
0.148276686668396,1
0.03774088993668556,1
0.10950055718421936,1
0.1301058828830719,1
0.049877554178237915,1
0.04781211167573929,1
0.16268290579319,1
0.03808854520320892,1
0.06131178140640259,1
0.11334746330976486,1
0.16268518567085266,1
0.17825855314731598,1
0.05468815192580223,1
0.06729231774806976,1
0.12608955800533295,1
0.01953146792948246,1
0.025621213018894196,1
0.10826165974140167,1
0.10669564455747604,1
0.044361960142850876,1
0.045170269906520844,1
0.08396036177873611,1
0.13192352652549744,1
0.14556868374347687,1
0.031094014644622803,1
0.04488528519868851,1
0.13723540306091309,1
0.0812729224562645,1
0.015576421283185482,1
0.12335283309221268,1
0.0592094361782074,1
0.07605749368667603,1
0.08721870183944702,1
0.04445236921310425,1
0.10227316617965698,1
0.052921079099178314,1
0.23252633213996887,1
0.2468583881855011,1
0.061262354254722595,1
0.09852363169193268,1
0.04448584467172623,1
0.05216309428215027,1
0.02955561876296997,1
0.17838168144226074,1
0.19474367797374725,1
0.05417775362730026,1
0.14759087562561035,1
0.1408419907093048,1
0.0740349292755127,1
0.11967296153306961,1
0.16719603538513184,1
0.23451417684555054,1
0.05579848960042,1
0.0608835406601429,1
0.10039421916007996,1
0.08905043452978134,1
0.1257031410932541,1
0.05065755546092987,1
0.09895788878202438,1
0.04374193027615547,1
0.08641480654478073,1
0.27700015902519226,1
0.13863997161388397,1
0.12999553978443146,1
0.1603635847568512,1
0.030915560200810432,1
0.05545125529170036,1
0.26596805453300476,1
0.05534029379487038,1
0.2274094820022583,1
0.20350714027881622,1
0.09946604073047638,1
0.056204888969659805,1
0.04114614427089691,1
0.10747924447059631,1
0.08164115995168686,1
0.13765515387058258,1
0.10317215323448181,1
0.22724801301956177,1
0.12032227218151093,1
0.08440246433019638,1
0.1940038651227951,1
0.05236000940203667,1
0.08989110589027405,1
0.02915632352232933,1
0.4030798375606537,1
0.17584607005119324,1
0.03817877918481827,1
0.07789133489131927,1
0.02498893439769745,1
0.03518141061067581,1
0.2095775306224823,1
0.2655154764652252,1
0.2259640097618103,1
0.08698701858520508,1
0.041049420833587646,1
0.12157665938138962,1
