0.2629469633102417,1
0.13750217854976654,1
0.06918396055698395,1
0.17508114874362946,1
0.11898830533027649,1
0.136418879032135,1
0.14661823213100433,1
0.025575371459126472,1
0.23501735925674438,1
0.136336088180542,1
0.024959243834018707,1
0.1176724061369896,1
0.28870439529418945,1
0.11515802890062332,1
0.09657670557498932,1
0.2074219286441803,1
0.04403388500213623,1
0.13773301243782043,1
0.1460043042898178,1
0.13147880136966705,1
0.06692986935377121,1
0.034524355083703995,1
0.05518949031829834,1
0.050124265253543854,1
0.08405815064907074,1
0.17013420164585114,1
0.03324895352125168,1
0.05999445170164108,1
0.09966770559549332,1
0.08610101789236069,1
0.21301372349262238,1
0.14136968553066254,1
0.06969006359577179,1
0.05135456472635269,1
0.07031330466270447,1
0.10922667384147644,1
0.11007219552993774,1
0.20689937472343445,1
0.09986546635627747,1
0.07645243406295776,1
0.03185193985700607,1
0.09285427629947662,1
0.1505342572927475,1
0.15156888961791992,1
0.07789507508277893,1
0.055322885513305664,1
0.08636625856161118,1
0.1390383094549179,1
0.039740514010190964,1
0.15260130167007446,1
0.15776121616363525,1
0.047914329916238785,1
0.06544198095798492,1
0.14702287316322327,1
0.17444533109664917,1
0.1405450999736786,1
0.0533023402094841,1
0.10779419541358948,1
0.09080345183610916,1
0.08983583003282547,1
0.09544473886489868,1
0.05674228072166443,1
0.08842182159423828,1
0.097073495388031,1
0.24779321253299713,1
0.10695977509021759,1
0.04135724529623985,1
0.0931917279958725,1
0.103940449655056,1
0.29388663172721863,1
0.14282795786857605,1
0.2648489773273468,1
0.05498943105340004,1
0.057131536304950714,1
0.13280272483825684,1
0.11354272812604904,1
0.09255069494247437,1
0.05148225650191307,1
0.266785204410553,1
0.16386213898658752,1
0.13393773138523102,1
0.10587078332901001,1
0.08511274307966232,1
0.05750369280576706,1
0.02982204779982567,1
0.17252998054027557,1
0.2397829294204712,1
0.0858406275510788,1
0.051424697041511536,1
0.05576033890247345,1
0.16717249155044556,1
0.09797722101211548,1
0.053005557507276535,1
0.07544346898794174,1
0.09559821337461472,1
0.04117142781615257,1
0.0680522546172142,1
0.05377041548490524,1
0.1222209483385086,1
0.024538474157452583,1
0.1316021978855133,1
0.04037566855549812,1
0.08782288432121277,1
0.14682923257350922,1
0.18246464431285858,1
0.06479283422231674,1
0.05514857918024063,1
0.1293528825044632,1
0.043003588914871216,1
0.049505457282066345,1
0.024799225851893425,1
0.18844760954380035,1
0.16885799169540405,1
0.1955229938030243,1
0.06166920065879822,1
0.18986782431602478,1
0.1488867700099945,1
0.037366095930337906,1
0.11659024655818939,1
0.11148368567228317,1
0.16834256052970886,1
0.08922561258077621,1
0.2595389485359192,1
0.11042656004428864,1
0.11641736328601837,1
0.22131605446338654,1
0.06272213906049728,1
0.058000169694423676,1
0.10932371020317078,1
0.13379310071468353,1
0.09563686698675156,1
0.1768532693386078,1
0.21606823801994324,1
0.15505678951740265,1
0.0826602578163147,1
0.05459565669298172,1
0.16252197325229645,1
0.09681449830532074,1
0.1538301259279251,1
0.13579122722148895,1
0.30379587411880493,1
0.07199677079916,1
0.07352703809738159,1
0.15559321641921997,1
0.19397695362567902,1
0.06874066591262817,1
0.1978270560503006,1
0.05602279305458069,1
0.22388191521167755,1
0.14545732736587524,1
0.06743606925010681,1
0.11182640492916107,1
0.06902189552783966,1
0.11128155887126923,1
0.11985816061496735,1
0.12293072789907455,1
0.31323131918907166,1
0.14462441205978394,1
0.15659978985786438,1
0.061353009194135666,1
0.09084225445985794,1
0.13367685675621033,1
0.22635748982429504,1
0.10849612951278687,1
0.15192332863807678,1
0.3474367558956146,1
0.02670612931251526,1
0.11648271232843399,1
0.10074925422668457,1
0.15669947862625122,1
0.06191648542881012,1
0.11493058502674103,1
0.08975684642791748,1
0.056968823075294495,1
0.19146502017974854,1
0.09574908018112183,1
0.043853193521499634,1
0.09146460145711899,1
0.09048248082399368,1
0.038812484592199326,1
0.13536342978477478,1
0.013306941837072372,1
0.04236185550689697,1
0.10788118839263916,1
0.09849784523248672,1
0.0986010879278183,1
0.0894961953163147,1
0.10392872244119644,1
0.0639926940202713,1
0.137149378657341,1
0.17481869459152222,1
0.1915500909090042,1
0.20660154521465302,1
0.09703999757766724,1
0.10310374945402145,1
0.24421396851539612,1
0.0797264352440834,1
0.06151038035750389,1
0.22359052300453186,1
0.08428682386875153,1
0.1314864456653595,1
0.15658515691757202,1
0.04795059189200401,1
0.12990954518318176,1
0.18024960160255432,1
0.2558841109275818,1
0.0579795315861702,1
0.13205508887767792,1
0.1871873140335083,1
0.09909487515687943,1
0.036976221948862076,1
0.07979000359773636,1
0.12169835716485977,1
0.1571425199508667,1
0.06896460801362991,1
0.14012058079242706,1
0.2092292308807373,1
0.061252400279045105,1
0.11276066303253174,1
0.08000107109546661,1
0.08879625052213669,1
0.06567995250225067,1
0.2972368001937866,1
0.1638471782207489,1
0.11015331745147705,1
0.06965137273073196,1
0.23538684844970703,1
0.043292175978422165,1
0.15525197982788086,1
0.12684476375579834,1
0.07277800142765045,1
0.16719335317611694,1
0.08840695023536682,1
0.08707191050052643,1
0.13294723629951477,1
0.14340174198150635,1
0.09967935085296631,1
0.14829090237617493,1
0.23404578864574432,1
0.2508249878883362,1
0.03901863843202591,1
0.17629636824131012,1
0.061673615127801895,1
0.2801211476325989,1
0.40245768427848816,1
0.18908414244651794,1
0.19430695474147797,1
0.08686792850494385,1
0.16000212728977203,1
0.16544142365455627,1
0.0725494921207428,1
0.046270132064819336,1
0.1869674026966095,1
0.10301636159420013,1
0.05006052926182747,1
0.12134835124015808,1
0.04486657679080963,1
0.13255850970745087,1
0.16149666905403137,1
0.12363679707050323,1
0.19546613097190857,1
0.13290244340896606,1
0.2906414568424225,1
0.08110694587230682,1
0.089933842420578,1
0.17929477989673615,1
0.14503782987594604,1
0.17670556902885437,1
0.12287460267543793,1
0.1647118777036667,1
0.24232938885688782,1
0.0944788008928299,1
0.02372274175286293,1
0.14683997631072998,1
0.19877082109451294,1
0.19023717939853668,1
0.23733994364738464,1
0.15860162675380707,1
0.11585310846567154,1
0.12733206152915955,1
0.28031212091445923,1
0.09508305042982101,1
0.2899511456489563,1
0.15893465280532837,1
0.17418089509010315,1
0.19731590151786804,1
0.0888139009475708,1
0.2192462831735611,1
0.06672095507383347,1
0.047099631279706955,1
0.11834724992513657,1
0.05701979994773865,1
0.15697720646858215,1
0.06060126796364784,1
0.1006392166018486,1
0.09563393890857697,1
0.08767769485712051,1
0.07174337655305862,1
0.10811465233564377,1
0.119808629155159,1
0.07742731273174286,1
0.12160895019769669,1
0.34013405442237854,1
0.11253915727138519,1
0.07203204929828644,1
0.1140269935131073,1
0.0848519504070282,1
0.13468629121780396,1
0.1344517171382904,1
0.14487719535827637,1
0.09185811132192612,1
0.2440670281648636,1
0.049088627099990845,1
0.12750962376594543,1
0.1966697722673416,1
0.1103675365447998,1
0.05978458747267723,1
0.10113250464200974,1
0.20472821593284607,1
0.16815043985843658,1
0.06299718469381332,1
0.0834861770272255,1
0.3303998112678528,1
0.13267110288143158,1
0.11023716628551483,1
0.12424605339765549,1
0.12522926926612854,1
0.15251082181930542,1
0.0826701745390892,1
0.10990327596664429,1
0.12983696162700653,1
0.2130776047706604,1
0.07478608191013336,1
0.107004813849926,1
0.08687993139028549,1
0.06716296076774597,1
0.08053867518901825,1
0.2115941196680069,1
0.17654766142368317,1
0.10146404802799225,1
0.0521281398832798,1
0.2144685685634613,1
0.07163039594888687,1
0.07538425177335739,1
0.19449155032634735,1
0.07182978093624115,1
0.1924387663602829,1
0.08180467784404755,1
0.14124885201454163,1
0.05346548929810524,1
0.23839688301086426,1
0.06110246852040291,1
0.09886934608221054,1
0.09889651089906693,1
0.12924730777740479,1
0.1419856697320938,1
0.2783726155757904,1
0.07872805744409561,1
0.08853574842214584,1
0.059805043041706085,1
0.0884130448102951,1
0.060409367084503174,1
0.22431716322898865,1
0.1757211983203888,1
0.11666368693113327,1
0.09911506623029709,1
0.11079074442386627,1
0.2555557191371918,1
0.032704513520002365,1
0.02920987829566002,1
0.09353958815336227,1
0.12037866562604904,1
0.08078328520059586,1
0.02175416424870491,1
0.2553583085536957,1
0.12768606841564178,1
0.0399574339389801,1
0.2838965356349945,1
0.0756024643778801,1
0.1403769552707672,1
0.11882106959819794,1
0.2180992215871811,1
0.22404953837394714,1
0.06091918796300888,1
0.07011983543634415,1
0.19415202736854553,1
0.15918686985969543,1
0.056715842336416245,1
0.23118343949317932,1
0.13120639324188232,1
0.04295778647065163,1
0.07037822902202606,1
0.11668111383914948,1
0.3511050343513489,1
0.09722265601158142,1
0.04329045116901398,1
0.12365958839654922,1
0.05874102562665939,1
0.11161144822835922,1
0.11601457744836807,1
0.24442821741104126,1
0.055540695786476135,1
0.27200067043304443,1
0.0790432021021843,1
0.2049235999584198,1
0.14610034227371216,1
0.07912156730890274,1
0.03720583766698837,1
0.05620121955871582,1
0.2275846302509308,1
0.08164744824171066,1
0.16963225603103638,1
0.0887715071439743,1
0.19636768102645874,1
0.11531037092208862,1
0.06379939615726471,1
0.03686849772930145,1
0.12016847729682922,1
0.12417256832122803,1
0.1642034947872162,1
0.1694488823413849,1
0.15652604401111603,1
0.15006063878536224,1
0.09898596256971359,1
0.13291049003601074,1
0.053365327417850494,1
0.10228726267814636,1
0.13965657353401184,1
0.16937370598316193,1
0.07488536089658737,1
0.1502096801996231,1
0.1121099591255188,1
0.09128113090991974,1
0.13827097415924072,1
0.04494486749172211,1
0.11215142160654068,1
0.10259208083152771,1
0.2667173445224762,1
0.1016271561384201,1
0.11885970085859299,1
0.13899479806423187,1
0.20044757425785065,1
0.15625813603401184,1
0.11567911505699158,1
0.22534166276454926,1
0.07160422205924988,1
0.137333482503891,1
0.10133042931556702,1
0.08052654564380646,1
0.02921316586434841,1
0.0894198939204216,1
0.07032610476016998,1
0.04945947229862213,1
0.041969627141952515,1
0.15596629679203033,1
0.1043834239244461,1
0.193786159157753,1
0.14446179568767548,1
0.05558696389198303,1
0.1330510377883911,1
0.19052019715309143,1
0.10753221809864044,1
0.11111682653427124,1
0.08465196192264557,1
0.39012211561203003,1
0.07899191975593567,1
0.20383428037166595,1
0.03574322536587715,1
0.35101234912872314,1
0.05251668766140938,1
0.05472942441701889,1
0.06430413573980331,1
0.09332401305437088,1
0.22794969379901886,1
0.13959452509880066,1
0.20483386516571045,1
0.20176810026168823,1
0.03301151841878891,1
0.2361893653869629,1
0.029101643711328506,1
0.07314122468233109,1
0.03891807794570923,1
0.2575429677963257,1
0.08929458260536194,1
0.22888609766960144,1
0.14199481904506683,1
0.14054065942764282,1
0.11837390810251236,1
0.10119011998176575,1
0.05439089238643646,1
0.047763459384441376,1
0.05874675512313843,1
0.0318525992333889,1
0.089875727891922,1
0.03139027580618858,1
0.03938102349638939,1
0.09661570191383362,1
0.07658334076404572,1
0.08751874417066574,1
0.20451831817626953,1
0.012112551368772984,1
0.12448061257600784,1
0.07458436489105225,1
0.1321340799331665,1
0.0950133353471756,1
0.046083323657512665,1
0.06287452578544617,1
0.25940054655075073,1
0.22504274547100067,1
0.18158738315105438,1
0.18053846061229706,1
0.08729714155197144,1
0.19950762391090393,1
0.09902660548686981,1
0.1139378622174263,1
0.04945046454668045,1
0.06559985876083374,1
0.08711283653974533,1
0.06129540130496025,1
0.0835394561290741,1
0.08249875903129578,1
0.16556032001972198,1
0.1481129676103592,1
0.156373530626297,1
0.06355714052915573,1
0.13059136271476746,1
0.08296410739421844,1
0.0388321727514267,1
0.45167094469070435,1
0.11568496376276016,1
0.05709303915500641,1
0.14005541801452637,1
0.2799277603626251,1
0.1250992715358734,1
0.3612162172794342,1
0.0330168642103672,1
0.06771872937679291,1
0.15026703476905823,1
0.08137623965740204,1
0.04164157807826996,1
0.09823012351989746,1
0.13304777443408966,1
0.19254103302955627,1
0.13819420337677002,1
0.12219637632369995,1
0.09568597376346588,1
0.17540574073791504,1
0.11734754592180252,1
0.2852849066257477,1
0.096044160425663,1
0.20382052659988403,1
0.373160719871521,1
0.1007724180817604,1
0.11621204018592834,1
0.1756194531917572,1
0.248541921377182,1
0.1895158886909485,1
0.08063486218452454,1
0.10267465561628342,1
0.03810151666402817,1
0.11056451499462128,1
0.06738031655550003,1
0.07118787616491318,1
0.08672772347927094,1
0.0630398616194725,1
0.1734444797039032,1
0.1415516883134842,1
0.15365612506866455,1
0.11142270267009735,1
0.04631008952856064,1
0.04219384118914604,1
0.14040280878543854,1
0.14646925032138824,1
0.09115707129240036,1
0.16666413843631744,1
0.21685481071472168,1
0.08874691277742386,1
0.07807661592960358,1
0.05572373792529106,1
0.052360907196998596,1
0.06484944373369217,1
0.12181173264980316,1
0.1271236687898636,1
0.07962244749069214,1
0.22206628322601318,1
0.16681638360023499,1
0.1373298615217209,1
0.18375161290168762,1
0.13813503086566925,1
0.08352432399988174,1
0.11003012955188751,1
0.0843532532453537,1
0.12888427078723907,1
0.0740058422088623,1
0.054513119161129,1
0.0845973938703537,1
0.0754036158323288,1
0.07615937292575836,1
0.08380550146102905,1
0.07535552978515625,1
0.19346652925014496,1
0.13127988576889038,1
0.26966047286987305,1
0.053050894290208817,1
0.11054928600788116,1
0.06153538078069687,1
0.24556894600391388,1
0.04794720560312271,1
0.2923147678375244,1
0.12143847346305847,1
0.08218499273061752,1
0.1346544325351715,1
0.12262821197509766,1
0.06783423572778702,1
0.12025987356901169,1
0.1192135140299797,1
0.10667533427476883,1
0.16856245696544647,1
0.0595492348074913,1
0.07887591421604156,1
0.08314734697341919,1
0.23900574445724487,1
0.1149941012263298,1
0.22334396839141846,1
0.1026301309466362,1
0.12146523594856262,1
0.15099960565567017,1
0.07407276332378387,1
0.10370921343564987,1
0.2834981679916382,1
0.07435155659914017,1
0.037387240678071976,1
0.059435516595840454,1
0.22758442163467407,1
0.13124102354049683,1
0.059527426958084106,1
0.12778949737548828,1
0.21721206605434418,1
0.08937574177980423,1
0.11638535559177399,1
0.2989847660064697,1
0.2126428633928299,1
0.0748353824019432,1
0.10314872115850449,1
0.05472186207771301,1
0.06425846368074417,1
0.16491279006004333,1
0.10736110806465149,1
0.2149095982313156,1
0.05814913287758827,1
0.13071031868457794,1
0.06412976235151291,1
0.08587569743394852,1
0.06925103068351746,1
0.05202445760369301,1
0.2087169885635376,1
0.11656839400529861,1
0.060789916664361954,1
0.0825229361653328,1
0.20160570740699768,1
0.15312117338180542,1
0.12678256630897522,1
0.18072521686553955,1
0.14917166531085968,1
0.19778966903686523,1
0.13892687857151031,1
0.14457622170448303,1
0.06018387898802757,1
0.07561855763196945,1
0.1180381327867508,1
0.237690731883049,1
0.08144631236791611,1
0.02644215151667595,1
0.2200622260570526,1
0.14302410185337067,1
0.1616727113723755,1
0.06313417851924896,1
0.11000879853963852,1
0.0655251070857048,1
0.10822955518960953,1
0.25182658433914185,1
0.1079864352941513,1
0.21566221117973328,1
0.09431842714548111,1
0.1189064309000969,1
0.10217262804508209,1
0.13016006350517273,1
0.14114347100257874,1
0.20304444432258606,1
0.1724843978881836,1
0.1360950469970703,1
0.10205499082803726,1
0.03389839828014374,1
0.07315286248922348,1
0.0453433096408844,1
0.22776854038238525,1
0.09357753396034241,1
0.4360935389995575,1
0.19697493314743042,1
0.16052936017513275,1
0.1283096969127655,1
0.08861801028251648,1
0.09091706573963165,1
0.17440800368785858,1
0.08740183711051941,1
0.0642528161406517,1
0.1396811604499817,1
0.18751338124275208,1
0.19567954540252686,1
0.1003921777009964,1
0.05048186331987381,1
0.06842590123414993,1
0.10002933442592621,1
0.1996975839138031,1
0.1995532065629959,1
0.19698841869831085,1
0.16286435723304749,1
0.15508690476417542,1
0.025698445737361908,1
0.036183856427669525,1
0.12156462669372559,1
0.22952647507190704,1
0.1209651529788971,1
0.08664008229970932,1
0.096889927983284,1
0.06715506315231323,1
0.1078345850110054,1
0.10518655180931091,1
0.12172574549913406,1
0.05463635176420212,1
0.3513544797897339,1
0.1427685022354126,1
0.32302817702293396,1
0.09413730353116989,1
0.12245769053697586,1
0.23683205246925354,1
0.14607705175876617,1
0.13856640458106995,1
0.10900192707777023,1
0.0807887613773346,1
0.07527802139520645,1
0.14303240180015564,1
0.17013317346572876,1
0.1379982829093933,1
0.0917685478925705,1
0.0655531957745552,1
0.10860796272754669,1
0.15086857974529266,1
0.08401936292648315,1
0.20019906759262085,1
0.042461901903152466,1
0.17222337424755096,1
0.24126343429088593,1
0.03975662961602211,1
0.22504325211048126,1
0.09587796032428741,1
0.05309486389160156,1
0.1213616207242012,1
0.009421272203326225,1
0.1472378373146057,1
0.1526971459388733,1
0.14025835692882538,1
0.3093029856681824,1
0.03386205807328224,1
0.07063315063714981,1
0.15459053218364716,1
0.2607954740524292,1
0.07304627448320389,1
0.1890878528356552,1
0.20371073484420776,1
0.12689992785453796,1
0.1382310837507248,1
0.22910553216934204,1
0.18222792446613312,1
0.16233386099338531,1
0.08796094357967377,1
0.3110053837299347,1
0.2644425630569458,1
0.11119856685400009,1
0.06564599275588989,1
0.16355305910110474,1
0.1522718369960785,1
0.11846905946731567,1
0.07976210862398148,1
0.15074536204338074,1
0.1541752964258194,1
0.24606207013130188,1
0.0989719033241272,1
0.09720828384160995,1
0.11860499531030655,1
0.08473441749811172,1
0.030000906437635422,1
0.2541889548301697,1
0.18084818124771118,1
0.07832426577806473,1
0.12005991488695145,1
0.12414681911468506,1
0.1495913863182068,1
0.13103219866752625,1
0.07295197993516922,1
0.13130243122577667,1
0.07020661979913712,1
0.11714152991771698,1
0.13401974737644196,1
0.1377757489681244,1
0.10360171645879745,1
0.12642017006874084,1
0.1968812644481659,1
0.05535144358873367,1
0.12543240189552307,1
0.05419749766588211,1
0.15477046370506287,1
0.12030380964279175,1
0.05272018909454346,1
0.0377834178507328,1
0.1013772189617157,1
0.06375235319137573,1
0.13460971415042877,1
0.044871985912323,1
0.08155705034732819,1
0.09436511248350143,1
0.1830647587776184,1
0.06632639467716217,1
0.18323448300361633,1
0.15786680579185486,1
0.05052764341235161,1
0.14302483201026917,1
0.0683434009552002,1
0.08326846361160278,1
0.10901535302400589,1
0.05254550278186798,1
0.16879986226558685,1
0.09923513978719711,1
0.10834291577339172,1
0.09589861333370209,1
0.1078193336725235,1
0.16983622312545776,1
0.09988974779844284,1
0.0844358280301094,1
0.09467816352844238,1
0.10015028715133667,1
0.07321906834840775,1
0.06314577907323837,1
0.13458460569381714,1
0.24315406382083893,1
0.07985249161720276,1
0.19322171807289124,1
0.26570719480514526,1
0.2767414450645447,1
0.04337144270539284,1
0.2651606798171997,1
0.0458669438958168,1
0.15449748933315277,1
0.09864494204521179,1
0.011530917137861252,1
0.1318940371274948,1
0.12270454317331314,1
0.13856080174446106,1
0.13125456869602203,1
0.0795944407582283,1
0.12997318804264069,1
0.1242140382528305,1
0.07402239739894867,1
0.3169596791267395,1
0.1578054428100586,1
0.335870623588562,1
0.06170199438929558,1
0.03549341484904289,1
0.07583954930305481,1
0.14105314016342163,1
0.05877254903316498,1
0.11597560346126556,1
0.13516588509082794,1
0.10998271405696869,1
0.05028139427304268,1
0.024244360625743866,1
0.105588898062706,1
0.17776256799697876,1
0.1756216436624527,1
0.16848458349704742,1
0.04194182902574539,1
0.11705798655748367,1
0.2052581012248993,1
0.1381230503320694,1
0.07712717354297638,1
0.2219332605600357,1
0.2586290240287781,1
0.051895350217819214,1
0.059564996510744095,1
0.24164347350597382,1
0.16124823689460754,1
0.06361117959022522,1
0.05743441730737686,1
0.04656696692109108,1
0.12062475085258484,1
0.04558251053094864,1
0.07309764623641968,1
0.04600905999541283,1
0.19152185320854187,1
0.22333325445652008,1
0.14518941938877106,1
0.09435689449310303,1
0.06886589527130127,1
0.10276605188846588,1
0.04750697314739227,1
0.14289994537830353,1
0.15715068578720093,1
0.1181100532412529,1
0.12078308314085007,1
0.1510375738143921,1
0.049852482974529266,1
0.0630975216627121,1
0.044440872967243195,1
0.049888305366039276,1
0.07758838683366776,1
0.11253982037305832,1
0.08793950080871582,1
0.11173944175243378,1
0.16660574078559875,1
0.07949124276638031,1
0.07550345361232758,1
0.11054074764251709,1
0.11220861971378326,1
0.08953483402729034,1
0.1947411149740219,1
0.10837912559509277,1
0.05861854925751686,1
0.10060206800699234,1
0.06211582571268082,1
0.09936931729316711,1
0.13244648277759552,1
0.0680617243051529,1
0.04352967068552971,1
0.14826352894306183,1
0.09506417065858841,1
0.06213641166687012,1
0.06509122252464294,1
0.15966957807540894,1
0.034687645733356476,1
0.19992244243621826,1
0.1037389412522316,1
0.11120357364416122,1
0.08505704998970032,1
0.20968133211135864,1
0.08921857178211212,1
0.06659622490406036,1
0.07882725447416306,1
0.06510315090417862,1
0.03850544989109039,1
0.041734326630830765,1
0.1617640256881714,1
0.11766046285629272,1
0.043967150151729584,1
0.10965797305107117,1
0.09163148701190948,1
0.0795208066701889,1
0.1114049032330513,1
0.1842503547668457,1
0.2502325475215912,1
0.11454456299543381,1
0.1063094213604927,1
0.10374591499567032,1
0.05622582137584686,1
0.12668195366859436,1
0.09553881734609604,1
0.04799479991197586,1
0.15026558935642242,1
0.20429858565330505,1
0.1679738461971283,1
0.09717252105474472,1
0.08218216150999069,1
0.12798075377941132,1
0.13714627921581268,1
0.15470632910728455,1
0.07805299013853073,1
0.1336326152086258,1
0.06967970728874207,1
0.08658061921596527,1
0.10456331074237823,1
0.1128416582942009,1
0.09058336913585663,1
0.08897291868925095,1
0.0708083063364029,1
0.1713794469833374,1
0.2672746777534485,1
0.18353886902332306,1
0.12430407851934433,1
0.19897080957889557,1
0.29393839836120605,1
0.06435301154851913,1
0.1856352984905243,1
0.08296249806880951,1
0.051312949508428574,1
0.11581910401582718,1
0.08239927887916565,1
0.29327166080474854,1
0.039991702884435654,1
0.21164879202842712,1
0.03441238775849342,1
0.0950266495347023,1
0.10597477108240128,1
0.05669369921088219,1
0.06278674304485321,1
0.5032505393028259,1
0.12549303472042084,1
0.09473525732755661,1
0.09024035930633545,1
0.05305509269237518,1
0.25644204020500183,1
0.05322905257344246,1
0.18751484155654907,1
0.25508207082748413,1
0.08307646214962006,1
0.23735114932060242,1
0.2421235591173172,1
0.13991674780845642,1
0.03403139114379883,1
0.16161565482616425,1
0.20422455668449402,1
0.03025268204510212,1
0.11434928327798843,1
0.11153136193752289,1
0.0937863364815712,1
0.07048547267913818,1
0.11625789105892181,1
0.18552608788013458,1
0.11805826425552368,1
0.13477930426597595,1
0.05675287917256355,1
0.06812738627195358,1
0.04124236851930618,1
0.08699824661016464,1
0.12333207577466965,1
0.22993937134742737,1
0.11271315813064575,1
0.21613314747810364,1
0.16712455451488495,1
0.16323044896125793,1
0.06683477759361267,1
0.058186594396829605,1
0.14010456204414368,1
0.10866869986057281,1
0.08681962639093399,1
0.06204324960708618,1
0.17517034709453583,1
0.12707985937595367,1
0.1256556510925293,1
0.16766446828842163,1
0.12171667814254761,1
0.13075055181980133,1
0.17387638986110687,1
0.1712559312582016,1
0.12466046214103699,1
0.265762597322464,1
0.08065000176429749,1
0.17573991417884827,1
0.18161554634571075,1
0.0854492038488388,1
0.1516856849193573,1
0.12900780141353607,1
0.18565143644809723,1
0.09074666351079941,1
0.16456502676010132,1
0.11979937553405762,1
0.15622547268867493,1
0.1370580494403839,1
0.06613833457231522,1
0.07479202747344971,1
0.08070053160190582,1
0.14976021647453308,1
0.04425691068172455,1
0.17464029788970947,1
0.03279701620340347,1
0.0848344936966896,1
0.07773758471012115,1
0.07220739871263504,1
0.1336890608072281,1
0.18262235820293427,1
0.10305000096559525,1
0.23702885210514069,1
0.13174749910831451,1
0.10839332640171051,1
0.20173776149749756,1
0.07230489701032639,1
0.062085818499326706,1
0.09431228786706924,1
0.0776955708861351,1
0.09471283853054047,1
0.15594042837619781,1
0.10560545325279236,1
0.07753436267375946,1
0.031677745282649994,1
0.1842534840106964,1
0.3337421715259552,1
0.03331455960869789,1
0.17244476079940796,1
0.16912966966629028,1
0.121574766933918,1
0.14945343136787415,1
0.0805182158946991,1
0.37335988879203796,1
0.13287879526615143,1
0.09214254468679428,1
0.10204380750656128,1
0.06855477392673492,1
0.06683842837810516,1
0.15581926703453064,1
0.05507465824484825,1
0.11435073614120483,1
0.07640472054481506,1
0.03922933712601662,1
0.06976243853569031,1
0.07774612307548523,1
0.08876685053110123,1
0.2133970856666565,1
0.08575038611888885,1
0.05160192400217056,1
0.04679369553923607,1
0.06380846351385117,1
0.1163768619298935,1
0.29047882556915283,1
0.09022881090641022,1
0.07738666236400604,1
0.1911044418811798,1
0.17000707983970642,1
0.25935232639312744,1
0.11437110602855682,1
0.14232441782951355,1
0.10977374017238617,1
0.07191106677055359,1
0.03503579646348953,1
0.20082896947860718,1
0.1340615600347519,1
0.08368236571550369,1
0.18366065621376038,1
0.1778181940317154,1
0.0526115708053112,1
0.10871456563472748,1
0.06050461530685425,1
0.11660048365592957,1
0.03821295499801636,1
0.27399909496307373,1
0.14294062554836273,1
0.12827730178833008,1
0.03199775516986847,1
0.07710147649049759,1
0.1647300124168396,1
0.09006159007549286,1
0.15665556490421295,1
0.07418825477361679,1
0.1047554761171341,1
0.11378289759159088,1
0.036154136061668396,1
0.053218740969896317,1
0.05913788452744484,1
0.15826231241226196,1
0.12682442367076874,1
0.04018751531839371,1
0.15584738552570343,1
0.18511700630187988,1
0.07734530419111252,1
0.1217242181301117,1
0.06742821633815765,1
0.1392332911491394,1
0.16612327098846436,1
0.20032724738121033,1
0.03792785853147507,1
0.11033008992671967,1
0.11818113923072815,1
0.07450459152460098,1
0.16278879344463348,1
0.2876792550086975,1
0.10512219369411469,1
0.05946854501962662,1
0.11135317385196686,1
0.1376720815896988,1
0.05113784223794937,1
0.13046926259994507,1
0.08773162215948105,1
0.08621343970298767,1
0.1281753033399582,1
0.09995836019515991,1
0.06138758733868599,1
0.3981069326400757,1
0.2191864401102066,1
0.08185319602489471,1
0.03693348914384842,1
0.13910046219825745,1
0.1064489334821701,1
0.13127335906028748,1
0.06991405040025711,1
0.25827324390411377,1
0.09607048332691193,1
0.17771166563034058,1
0.08588946610689163,1
0.057644087821245193,1
0.07841188460588455,1
0.08170577883720398,1
0.03965986892580986,1
0.08372461795806885,1
0.07819408178329468,1
0.11150368303060532,1
0.1519349217414856,1
0.08321075141429901,1
0.13394293189048767,1
0.1692017912864685,1
0.15901634097099304,1
0.0635635107755661,1
0.09325730800628662,1
0.22989362478256226,1
0.022687099874019623,1
0.08967381715774536,1
0.24953624606132507,1
0.10527653992176056,1
0.02075617015361786,1
0.12755447626113892,1
0.11594980955123901,1
0.11148595809936523,1
0.08585639297962189,1
0.12735086679458618,1
0.10363946855068207,1
0.030855320394039154,1
0.1168309897184372,1
0.09613288193941116,1
0.07425959408283234,1
0.15176671743392944,1
0.08008254319429398,1
0.06718683242797852,1
0.2057005912065506,1
0.03984008729457855,1
0.22620828449726105,1
0.06786185503005981,1
0.10662052035331726,1
0.10351254045963287,1
0.15262725949287415,1
0.05630841106176376,1
0.07462848722934723,1
0.0381808839738369,1
0.14960458874702454,1
0.14143192768096924,1
0.14453744888305664,1
0.1736777126789093,1
0.12424018979072571,1
0.1470995992422104,1
0.0783359631896019,1
0.07415851950645447,1
0.11463344842195511,1
0.1851327121257782,1
0.1250857263803482,1
0.051852405071258545,1
0.13815413415431976,1
0.26817983388900757,1
0.13264396786689758,1
0.06245113164186478,1
0.06657759845256805,1
0.275642991065979,1
0.16374576091766357,1
0.09022579342126846,1
0.17878009378910065,1
0.03819200396537781,1
0.18122398853302002,1
0.06629939377307892,1
0.06798097491264343,1
0.06085009127855301,1
0.13188156485557556,1
0.20009452104568481,1
0.07814009487628937,1
0.027652457356452942,1
0.20677539706230164,1
0.12130352109670639,1
0.0357600599527359,1
0.05370642989873886,1
0.1074867695569992,1
0.16191989183425903,1
0.285725861787796,1
0.07077493518590927,1
0.09765730053186417,1
0.19878879189491272,1
0.03688493371009827,1
0.09651407599449158,1
0.12267734110355377,1
0.1250978410243988,1
0.050615765154361725,1
0.39273881912231445,1
0.22365519404411316,1
0.04081403464078903,1
0.2101508229970932,1
0.24403417110443115,1
0.16639411449432373,1
0.36775273084640503,1
0.19488643109798431,1
0.26022788882255554,1
0.0377555713057518,1
0.14443373680114746,1
0.16379941999912262,1
0.30464741587638855,1
0.07440244406461716,1
0.22479702532291412,1
0.2282017320394516,1
0.153184711933136,1
0.05456114187836647,1
0.1708226203918457,1
0.15416377782821655,1
0.20216277241706848,1
0.02666599303483963,1
0.17406879365444183,1
0.1125933825969696,1
0.08300625532865524,1
0.14563240110874176,1
0.06469281017780304,1
0.10512668639421463,1
0.12569203972816467,1
0.11337791383266449,1
0.2639279365539551,1
0.09935086965560913,1
0.1332641988992691,1
0.05658845975995064,1
0.2071371078491211,1
0.08662966638803482,1
0.14299462735652924,1
0.07916092872619629,1
0.18304069340229034,1
0.08364012837409973,1
0.19915080070495605,1
0.05074528604745865,1
0.10821433365345001,1
0.06007466837763786,1
0.038441210985183716,1
0.1760682612657547,1
0.13003703951835632,1
0.25966179370880127,1
0.1726219207048416,1
0.12729956209659576,1
0.09007949382066727,1
0.08877545595169067,1
0.15667317807674408,1
0.19550345838069916,1
0.07119063287973404,1
0.14697211980819702,1
0.17023564875125885,1
0.08831712603569031,1
0.15213395655155182,1
0.20233142375946045,1
0.1013837605714798,1
0.03149549290537834,1
0.10443554818630219,1
0.1353064626455307,1
0.16705402731895447,1
0.09070828557014465,1
0.2142331749200821,1
0.1788545548915863,1
0.060836922377347946,1
0.16001740097999573,1
0.07686077058315277,1
0.11357057094573975,1
0.17566204071044922,1
0.11589349806308746,1
0.12928202748298645,1
0.1466280221939087,1
0.07390902936458588,1
0.12406010180711746,1
0.14671634137630463,1
0.06600207090377808,1
0.07116525620222092,1
0.14861109852790833,1
0.12735328078269958,1
0.14370380342006683,1
0.19395436346530914,1
0.05720549821853638,1
0.032436303794384,1
0.2750397026538849,1
0.17952406406402588,1
0.11389628052711487,1
0.11052407324314117,1
0.21529732644557953,1
0.04439947009086609,1
0.08064815402030945,1
0.15877392888069153,1
0.03486859053373337,1
0.3590543270111084,1
0.15827544033527374,1
0.06991614401340485,1
0.31312882900238037,1
0.07269555330276489,1
0.17356280982494354,1
0.08608448505401611,1
0.05844623222947121,1
0.05532277375459671,1
0.1515907347202301,1
0.04809427633881569,1
0.07494688034057617,1
0.16460919380187988,1
0.10988541692495346,1
0.051662627607584,1
0.20951589941978455,1
0.06403326988220215,1
0.1476694792509079,1
0.13478659093379974,1
0.2360885590314865,1
0.25487780570983887,1
0.12963736057281494,1
0.2528626024723053,1
0.154615581035614,1
0.08724090456962585,1
0.08716239035129547,1
0.08502934873104095,1
0.08647754788398743,1
0.1418035924434662,1
0.3010382056236267,1
0.19391770660877228,1
0.14590510725975037,1
0.06401244550943375,1
0.08481285721063614,1
0.07868609577417374,1
0.1423964500427246,1
0.1412544995546341,1
0.08889476954936981,1
0.037546832114458084,1
0.042031921446323395,1
0.1544618308544159,1
0.061819858849048615,1
0.06170089542865753,1
0.0689568743109703,1
0.16661106050014496,1
0.10181960463523865,1
0.029083233326673508,1
0.24561269581317902,1
0.10233485698699951,1
0.19341349601745605,1
0.15766386687755585,1
0.10790585726499557,1
0.120597705245018,1
0.041495729237794876,1
0.14409075677394867,1
0.08659111708402634,1
0.36603718996047974,1
0.09438959509134293,1
0.26621416211128235,1
0.05994900315999985,1
0.23203715682029724,1
0.07860395312309265,1
0.16425257921218872,1
0.11616808921098709,1
0.20719057321548462,1
0.06429183483123779,1
0.13413669168949127,1
0.26605066657066345,1
0.07246999442577362,1
0.11586508899927139,1
0.09560428559780121,1
0.17644056677818298,1
0.1548238843679428,1
0.08971277624368668,1
0.09330655634403229,1
0.07969160377979279,1
0.11207032203674316,1
0.03869815170764923,1
0.07226042449474335,1
0.139415442943573,1
0.24238894879817963,1
0.13753001391887665,1
0.25126388669013977,1
0.19170773029327393,1
0.03864455223083496,1
0.10241217911243439,1
0.19890199601650238,1
0.10766486078500748,1
0.10147503763437271,1
0.1990579515695572,1
0.1625109314918518,1
0.12940680980682373,1
0.035779282450675964,1
0.10606387257575989,1
0.07756984978914261,1
0.0843576118350029,1
0.11104012280702591,1
0.08151879161596298,1
0.24124808609485626,1
0.07610592991113663,1
0.22552545368671417,1
0.06074588745832443,1
0.1514742076396942,1
0.07801082730293274,1
0.11756666004657745,1
0.132252499461174,1
0.15916535258293152,1
0.050793830305337906,1
0.27888643741607666,1
0.11568628251552582,1
0.09356118738651276,1
0.15073251724243164,1
0.2744266986846924,1
0.033620189875364304,1
0.09339255094528198,1
0.04958995059132576,1
0.21065959334373474,1
0.15188688039779663,1
0.06044662371277809,1
0.18118084967136383,1
0.06143617630004883,1
0.030391626060009003,1
0.2244204729795456,1
0.1388671100139618,1
0.14056864380836487,1
0.11908502876758575,1
0.12737566232681274,1
0.09083668142557144,1
0.04568201303482056,1
0.1493459790945053,1
0.08124436438083649,1
0.04837449640035629,1
0.10804516077041626,1
0.03147238865494728,1
0.09979274868965149,1
0.08080537617206573,1
0.11194094270467758,1
0.0405181348323822,1
0.05156836658716202,1
0.08300884068012238,1
0.19693559408187866,1
0.16994120180606842,1
0.08483182638883591,1
0.04809008166193962,1
0.09086966514587402,1
0.21152222156524658,1
0.05307167023420334,1
0.03430063650012016,1
0.1905699372291565,1
0.25919434428215027,1
0.21400341391563416,1
0.054005950689315796,1
0.049628570675849915,1
0.11350610107183456,1
0.09571588039398193,1
0.17422008514404297,1
0.1405709832906723,1
0.09472894668579102,1
0.22316555678844452,1
0.05172814428806305,1
0.16289745271205902,1
0.09752577543258667,1
0.07490279525518417,1
0.08475876599550247,1
0.04440007358789444,1
0.24037382006645203,1
0.07446052879095078,1
0.11034104228019714,1
0.1415993869304657,1
0.13873682916164398,1
0.05752674490213394,1
0.11554192006587982,1
0.14784881472587585,1
0.11104317754507065,1
0.12457321584224701,1
0.11539603769779205,1
0.12747636437416077,1
0.1441306620836258,1
0.15339505672454834,1
0.11102500557899475,1
0.07028702646493912,1
0.049411527812480927,1
0.2705819010734558,1
0.125922292470932,1
0.11744129657745361,1
0.14210638403892517,1
0.2790161967277527,1
0.09959729760885239,1
0.06794764846563339,1
0.07550641894340515,1
0.2344365417957306,1
0.0615517720580101,1
0.17019666731357574,1
0.10925514996051788,1
0.12006283551454544,1
0.1894211769104004,1
0.26316770911216736,1
0.08761140704154968,1
0.055054496973752975,1
0.15529701113700867,1
0.3245488107204437,1
0.050583820790052414,1
0.0775870606303215,1
0.2967788577079773,1
0.07448665052652359,1
0.16151700913906097,1
0.08855919539928436,1
0.10100008547306061,1
0.11605316400527954,1
0.04049285873770714,1
0.08953727781772614,1
0.09932559728622437,1
0.06526071578264236,1
0.12948358058929443,1
0.06390009820461273,1
0.12408970296382904,1
0.07308458536863327,1
0.03475777059793472,1
0.08966340124607086,1
0.160281240940094,1
0.05859248340129852,1
0.02035357803106308,1
0.29314127564430237,1
0.09226235002279282,1
0.16924436390399933,1
0.04652813449501991,1
0.3005771338939667,1
0.12654656171798706,1
0.11842776834964752,1
0.08609502017498016,1
0.12142792344093323,1
0.07914457470178604,1
0.10947016626596451,1
0.11653468757867813,1
0.12522004544734955,1
0.07954534888267517,1
0.1295572817325592,1
0.14010284841060638,1
0.05787699669599533,1
0.33628031611442566,1
0.061347391456365585,1
0.09971249103546143,1
0.053437698632478714,1
0.11791589111089706,1
0.0777793675661087,1
0.18683263659477234,1
0.04760248586535454,1
0.05624191462993622,1
0.12576182186603546,1
0.09476494789123535,1
0.158469557762146,1
0.15507692098617554,1
0.22872841358184814,1
0.11772850155830383,1
0.09115330129861832,1
0.1199718713760376,1
0.05740068480372429,1
0.15365716814994812,1
0.12499960511922836,1
0.08619385957717896,1
0.13976280391216278,1
0.10982076823711395,1
0.14351455867290497,1
0.16456393897533417,1
0.13645371794700623,1
0.12549224495887756,1
0.28586122393608093,1
0.14844144880771637,1
0.07063576579093933,1
0.11435959488153458,1
0.14746859669685364,1
0.07672211527824402,1
0.34367167949676514,1
0.11353341490030289,1
0.2238077074289322,1
0.15244387090206146,1
0.08144747465848923,1
0.06602946668863297,1
0.05491969734430313,1
0.055762387812137604,1
0.08041917532682419,1
0.27485308051109314,1
0.15295854210853577,1
0.03438830003142357,1
0.13760076463222504,1
0.09589402377605438,1
0.14084187150001526,1
0.048441916704177856,1
0.19328448176383972,1
0.28285807371139526,1
0.14748013019561768,1
0.18775467574596405,1
0.05312000960111618,1
0.2715483009815216,1
0.08677087724208832,1
0.07757766544818878,1
0.12203985452651978,1
0.2720702886581421,1
0.10462944954633713,1
0.1668904572725296,1
0.07661908864974976,1
0.0524001270532608,1
0.08802025020122528,1
0.029705939814448357,1
0.1293192058801651,1
0.26423966884613037,1
0.1233915314078331,1
0.2071843445301056,1
0.13488154113292694,1
0.038210898637771606,1
0.1037435233592987,1
0.12350551784038544,1
0.2045040726661682,1
0.18514974415302277,1
0.19999410212039948,1
0.10013681650161743,1
0.10598517954349518,1
0.14049696922302246,1
0.02982831560075283,1
0.09589344263076782,1
0.0241401270031929,1
0.21470364928245544,1
0.10541286319494247,1
0.10689318180084229,1
0.3246883749961853,1
0.22366587817668915,1
0.0876971036195755,1
0.21509920060634613,1
0.03403171896934509,1
0.2149304449558258,1
0.13724932074546814,1
0.07416749745607376,1
0.05432889610528946,1
0.0550219751894474,1
0.12141680717468262,1
0.14424310624599457,1
0.08030809462070465,1
0.1701241433620453,1
0.07450723648071289,1
0.07603468000888824,1
0.053332600742578506,1
0.04417932778596878,1
0.1785094439983368,1
0.1683252602815628,1
0.07289394736289978,1
0.2855777144432068,1
0.06660232692956924,1
0.07307151705026627,1
0.11506220698356628,1
0.0682820975780487,1
0.21097102761268616,1
0.11585592478513718,1
0.06815854460000992,1
0.13496477901935577,1
0.10757675766944885,1
0.08359740674495697,1
0.10885420441627502,1
0.06680838763713837,1
0.06423740833997726,1
0.16363272070884705,1
0.13300667703151703,1
0.07600855827331543,1
0.17907504737377167,1
0.1390654295682907,1
0.15366582572460175,1
0.09012412279844284,1
0.12504222989082336,1
0.03251459449529648,1
0.2748783826828003,1
0.04947670176625252,1
0.06110140681266785,1
0.037630368024110794,1
0.15416789054870605,1
0.091078981757164,1
0.05211707204580307,1
0.03197288140654564,1
0.12972012162208557,1
0.1469968557357788,1
0.3575058579444885,1
0.05413093417882919,1
0.0818311870098114,1
0.11470304429531097,1
0.19361920654773712,1
0.05636133998632431,1
0.08502383530139923,1
0.04262053221464157,1
0.06940830498933792,1
0.21858207881450653,1
0.19579359889030457,1
0.1431586891412735,1
0.0686928853392601,1
0.08814619481563568,1
0.09075698256492615,1
0.06268879026174545,1
0.142215296626091,1
0.13031326234340668,1
0.2005898356437683,1
0.21330410242080688,1
0.11950106173753738,1
0.1117761880159378,1
0.1603737622499466,1
0.05329614132642746,1
0.09045317769050598,1
0.11629411578178406,1
0.19168591499328613,1
0.12708957493305206,1
0.039515066891908646,1
0.07231795787811279,1
0.09194201976060867,1
0.05917541682720184,1
0.24838930368423462,1
0.05829101428389549,1
0.19378533959388733,1
0.07792516052722931,1
0.05924209952354431,1
0.1348542422056198,1
0.07253775000572205,1
0.13628356158733368,1
0.11584722995758057,1
0.02432728186249733,1
0.1481238603591919,1
0.06484418362379074,1
0.08992215245962143,1
0.10001637041568756,1
0.06154045835137367,1
0.0543355792760849,1
0.20836827158927917,1
0.2605947256088257,1
0.08621537685394287,1
0.16860920190811157,1
0.027752652764320374,1
0.09063508361577988,1
0.08066489547491074,1
0.08238297700881958,1
0.10134969651699066,1
0.2613465487957001,1
0.16031594574451447,1
0.03893425688147545,1
0.025412945076823235,1
0.09323388338088989,1
0.187276229262352,1
0.057168878614902496,1
0.16289681196212769,1
0.16413256525993347,1
0.01660732366144657,1
0.08700159937143326,1
0.1386519819498062,1
0.07602540403604507,1
0.09508195519447327,1
0.10087943077087402,1
0.17288832366466522,1
0.17945781350135803,1
0.2318091094493866,1
0.1230575293302536,1
0.041897788643836975,1
0.16157688200473785,1
0.15775810182094574,1
0.061600469052791595,1
0.1714964359998703,1
0.03209734708070755,1
0.38181689381599426,1
0.026928510516881943,1
0.08630593121051788,1
0.13212642073631287,1
0.07783695310354233,1
0.17766675353050232,1
0.13961561024188995,1
0.22761693596839905,1
0.08643500506877899,1
0.0540907122194767,1
0.07624894380569458,1
0.0638071820139885,1
0.18086837232112885,1
0.039960674941539764,1
0.1705799102783203,1
0.17870117723941803,1
0.07450120896100998,1
0.08240953087806702,1
0.12493251264095306,1
0.20721755921840668,1
0.08961131423711777,1
0.030888039618730545,1
0.08237677067518234,1
0.07632728666067123,1
0.19617989659309387,1
0.07067407667636871,1
0.2653212547302246,1
0.1306680142879486,1
0.057777389883995056,1
0.2885839343070984,1
0.0410231314599514,1
0.10077014565467834,1
0.13463135063648224,1
0.050504010170698166,1
0.07736726105213165,1
0.12851591408252716,1
0.10507632791996002,1
0.08721112459897995,1
0.13895651698112488,1
0.09751667082309723,1
0.15578341484069824,1
0.03921627253293991,1
0.07865986973047256,1
0.2255023568868637,1
0.39121508598327637,1
0.06375730037689209,1
0.14466288685798645,1
0.09376481175422668,1
0.0768490731716156,1
0.039166420698165894,1
0.07873675972223282,1
0.27059197425842285,1
0.06240032613277435,1
0.13350147008895874,1
0.13250474631786346,1
0.18022720515727997,1
0.07645440101623535,1
0.13723593950271606,1
0.09945942461490631,1
0.2611525058746338,1
0.16986167430877686,1
0.08929678797721863,1
0.08364663273096085,1
0.09066908061504364,1
0.11242987215518951,1
0.06663673371076584,1
0.2474108785390854,1
0.1422998160123825,1
0.08504770696163177,1
0.2243865728378296,1
0.07381077110767365,1
0.07633805274963379,1
0.12204854190349579,1
0.18207837641239166,1
0.18231385946273804,1
0.08262713253498077,1
0.12297763675451279,1
0.13589569926261902,1
0.0676829069852829,1
0.0983019769191742,1
0.12184669077396393,1
0.13231368362903595,1
0.3230695426464081,1
0.17441701889038086,1
0.05004219710826874,1
0.060705069452524185,1
0.08980395644903183,1
0.16688987612724304,1
0.15323230624198914,1
0.05682152882218361,1
0.10495148599147797,1
0.1152229756116867,1
0.4167068600654602,1
0.04645535349845886,1
0.09861747175455093,1
0.04785269498825073,1
0.0402858629822731,1
0.12818433344364166,1
0.09812437742948532,1
0.09295649826526642,1
0.1510714888572693,1
0.08700519055128098,1
0.09040498733520508,1
0.1265745609998703,1
0.042004019021987915,1
0.1683451235294342,1
0.2121252715587616,1
0.053042106330394745,1
0.12014719843864441,1
0.11964023858308792,1
0.17295289039611816,1
0.05044625326991081,1
0.09350883960723877,1
0.29089078307151794,1
0.1383049488067627,1
0.13082066178321838,1
0.14400433003902435,1
0.04298064857721329,1
0.19996702671051025,1
0.07013833522796631,1
0.16873177886009216,1
0.11146029084920883,1
0.1983521580696106,1
0.07690604776144028,1
0.06371302902698517,1
0.07720496505498886,1
0.037380099296569824,1
0.06737440079450607,1
0.06269460916519165,1
0.27735084295272827,1
0.10105685889720917,1
0.12150585651397705,1
0.26143914461135864,1
0.02891804650425911,1
0.03593608736991882,1
0.11986654996871948,1
0.1053713858127594,1
0.22840845584869385,1
0.1884748339653015,1
0.27197110652923584,1
0.08945979177951813,1
0.10538038611412048,1
0.24541312456130981,1
0.11020912230014801,1
0.1493384838104248,1
0.09934161603450775,1
0.08777248114347458,1
0.1538987159729004,1
0.08773040771484375,1
0.25848880410194397,1
0.161889910697937,1
0.14741432666778564,1
0.31303703784942627,1
0.11425350606441498,1
0.016027700155973434,1
0.33351895213127136,1
0.05174614116549492,1
0.20776891708374023,1
0.11711949855089188,1
0.10767650604248047,1
0.15418827533721924,1
0.12371547520160675,1
0.17220929265022278,1
0.17232270538806915,1
0.06264005601406097,1
0.08813522756099701,1
0.04685458168387413,1
0.1603894680738449,1
0.07256482541561127,1
0.2428836077451706,1
0.06077700853347778,1
0.20121628046035767,1
0.06822212785482407,1
0.055183570832014084,1
0.15539440512657166,1
0.1256740689277649,1
0.07854516804218292,1
0.055812325328588486,1
0.11089902371168137,1
0.33312273025512695,1
0.2256423383951187,1
0.09266040474176407,1
0.06764108687639236,1
0.08337102830410004,1
0.06064140796661377,1
0.0775577574968338,1
0.08166609704494476,1
0.14560973644256592,1
0.24653400480747223,1
0.1449245810508728,1
0.10640524327754974,1
0.09173937886953354,1
0.2903796136379242,1
0.0640317052602768,1
0.1252494603395462,1
0.20255525410175323,1
0.23259177803993225,1
0.19225533306598663,1
0.2863229215145111,1
0.11011967062950134,1
0.1058872640132904,1
0.09389176964759827,1
0.08834850043058395,1
0.03355010598897934,1
0.12621493637561798,1
0.08267654478549957,1
0.23455621302127838,1
0.04607389494776726,1
0.1283016949892044,1
0.10075047612190247,1
0.09582877159118652,1
0.1623540222644806,1
0.10921433568000793,1
0.1276901364326477,1
0.11592002213001251,1
0.15540629625320435,1
0.10147916525602341,1
0.11143751442432404,1
0.07985226064920425,1
0.09808684885501862,1
0.17004606127738953,1
0.09749314934015274,1
0.1977657526731491,1
0.1832629293203354,1
0.022680111229419708,1
0.10589750111103058,1
0.10993380099534988,1
0.11060553044080734,1
0.2013092041015625,1
0.21601487696170807,1
0.2290528565645218,1
0.26818782091140747,1
0.09673979133367538,1
0.07532090693712234,1
0.09350810199975967,1
0.13556800782680511,1
0.10543696582317352,1
0.07429756969213486,1
0.0947381779551506,1
0.09729465842247009,1
0.15593066811561584,1
0.11717019975185394,1
0.07257493585348129,1
0.05461820587515831,1
0.029391340911388397,1
0.06813868135213852,1
0.07747668772935867,1
0.21205872297286987,1
0.088774673640728,1
0.2573927640914917,1
0.12792553007602692,1
0.05096297711133957,1
0.20856812596321106,1
0.0644427090883255,1
0.2119070142507553,1
0.11021122336387634,1
0.10855881869792938,1
0.10059342533349991,1
0.2745663523674011,1
0.12289439141750336,1
0.17189881205558777,1
0.07113397121429443,1
0.2593817114830017,1
0.06324326992034912,1
0.10042984783649445,1
0.08541492372751236,1
0.17612691223621368,1
0.16763736307621002,1
0.11978307366371155,1
0.044977135956287384,1
0.08377034217119217,1
0.12258092314004898,1
0.11102711409330368,1
0.13785143196582794,1
0.17272387444972992,1
0.1982552409172058,1
0.13983939588069916,1
0.05426311865448952,1
0.05892452597618103,1
0.08423101156949997,1
0.1099841445684433,1
0.12199513614177704,1
0.21429064869880676,1
0.09555336087942123,1
0.1420862078666687,1
0.12245970964431763,1
0.07571251690387726,1
0.14163294434547424,1
0.05592793971300125,1
0.14477671682834625,1
0.10041193664073944,1
0.09526465088129044,1
0.11832037568092346,1
0.22459851205348969,1
0.10079148411750793,1
0.14993736147880554,1
0.23915451765060425,1
0.10709214955568314,1
0.0822937935590744,1
0.10252480208873749,1
0.12431284785270691,1
0.12445411086082458,1
0.07777054607868195,1
0.062171146273612976,1
0.08008463680744171,1
0.09200336039066315,1
0.06194239854812622,1
0.09785901755094528,1
0.12009000033140182,1
0.17643314599990845,1
0.10721659660339355,1
0.09667664021253586,1
0.09310758113861084,1
0.09386081993579865,1
0.11060235649347305,1
0.10250156372785568,1
0.08156343549489975,1
0.061488572508096695,1
0.155299574136734,1
0.0924869030714035,1
0.05665967985987663,1
0.12305226922035217,1
0.03107837215065956,1
0.22484377026557922,1
0.09664968401193619,1
0.067823126912117,1
0.25363779067993164,1
0.40481847524642944,1
0.1167454645037651,1
0.09964938461780548,1
0.1681152582168579,1
0.17784015834331512,1
0.23824170231819153,1
0.10951314866542816,1
0.08163854479789734,1
0.16818228363990784,1
0.029592212289571762,1
0.08841016888618469,1
0.16057135164737701,1
0.054534658789634705,1
0.0490187406539917,1
0.10072414577007294,1
0.1265994757413864,1
0.050662197172641754,1
0.10492496937513351,1
0.08413509279489517,1
0.07040119171142578,1
0.23587042093276978,1
0.21453212201595306,1
0.10049585998058319,1
0.06720782071352005,1
0.14200067520141602,1
0.08714208006858826,1
0.20300380885601044,1
0.04668060690164566,1
0.13806839287281036,1
0.15811240673065186,1
0.1164286881685257,1
0.2276022881269455,1
0.24723169207572937,1
0.12856589257717133,1
0.06150185316801071,1
0.04052430018782616,1
0.21686971187591553,1
0.07706336677074432,1
0.1439410001039505,1
0.041367460042238235,1
0.08785364031791687,1
0.1071404367685318,1
0.10670162737369537,1
0.11920375376939774,1
0.08138291537761688,1
0.08933699131011963,1
0.14573241770267487,1
0.044647954404354095,1
0.06015557423233986,1
0.07892593741416931,1
0.11030064523220062,1
0.14820121228694916,1
0.06545555591583252,1
0.1225898265838623,1
0.2604822516441345,1
0.05829071253538132,1
0.13433250784873962,1
0.06737068295478821,1
0.13657227158546448,1
0.12371306121349335,1
0.11249445378780365,1
0.19787313044071198,1
0.05991686135530472,1
0.0522870272397995,1
0.0630689412355423,1
0.053751103579998016,1
0.05449783429503441,1
0.1389898806810379,1
0.10233511030673981,1
0.1635245382785797,1
0.1696244478225708,1
0.05176644027233124,1
0.08159217983484268,1
0.15959462523460388,1
0.14663027226924896,1
0.09879415482282639,1
0.0767245665192604,1
0.23707900941371918,1
0.2643635869026184,1
0.18611328303813934,1
0.3675178587436676,1
0.17236997187137604,1
0.1862441897392273,1
0.1556527465581894,1
0.050076521933078766,1
0.040506619960069656,1
0.03216952085494995,1
0.06643914431333542,1
0.12326430529356003,1
0.07101909816265106,1
0.16173794865608215,1
0.22607576847076416,1
0.1482577621936798,1
0.2493356168270111,1
0.08099442720413208,1
0.14085176587104797,1
0.12360672652721405,1
0.1319456696510315,1
0.0857914388179779,1
0.06626936793327332,1
0.20356625318527222,1
0.06482626497745514,1
0.08960995078086853,1
0.11179309338331223,1
0.13563042879104614,1
0.09547612071037292,1
0.21182024478912354,1
0.055284664034843445,1
0.06471777707338333,1
0.07642382383346558,1
0.16892942786216736,1
0.05711671710014343,1
0.08029485493898392,1
0.2181176394224167,1
0.10843680799007416,1
0.21427130699157715,1
0.17982369661331177,1
0.17570506036281586,1
0.13020360469818115,1
0.06358680129051208,1
0.11498206108808517,1
0.13183234632015228,1
0.063795305788517,1
0.1876901388168335,1
0.11020603775978088,1
0.10302150994539261,1
0.041183218359947205,1
0.13663816452026367,1
0.017865993082523346,1
0.13834378123283386,1
0.1370953768491745,1
0.1030406504869461,1
0.23720179498195648,1
0.25301793217658997,1
0.18225909769535065,1
0.053076811134815216,1
0.16539016366004944,1
0.14737707376480103,1
0.04884181544184685,1
0.1773773729801178,1
0.05164918303489685,1
0.3168116509914398,1
0.15502218902111053,1
0.10206740349531174,1
0.21880024671554565,1
0.060370080173015594,1
0.0409373864531517,1
0.10807481408119202,1
0.052235908806324005,1
0.07874064892530441,1
0.1864416003227234,1
0.1083076149225235,1
0.13409200310707092,1
0.08582038432359695,1
0.12573319673538208,1
0.0866551622748375,1
0.3557548522949219,1
0.08698421716690063,1
0.036097586154937744,1
0.01949121616780758,1
0.07682298123836517,1
0.3192320466041565,1
0.15161098539829254,1
0.11122044920921326,1
0.054929304867982864,1
0.10482393950223923,1
0.2756703794002533,1
0.11339887231588364,1
0.20559930801391602,1
0.09272469580173492,1
0.05388982594013214,1
0.028628241270780563,1
0.07009968161582947,1
0.16210828721523285,1
0.20554359257221222,1
0.19005507230758667,1
0.3360866606235504,1
0.053853362798690796,1
0.18793250620365143,1
0.2283269315958023,1
0.23598620295524597,1
0.15622934699058533,1
0.07770727574825287,1
0.08359842747449875,1
0.23168809711933136,1
0.039931654930114746,1
0.26926109194755554,1
0.19552424550056458,1
0.05040384829044342,1
0.0840531438589096,1
0.11498899757862091,1
0.21751892566680908,1
0.056883327662944794,1
0.1832725554704666,1
0.0372246690094471,1
0.12335097044706345,1
0.06794508546590805,1
0.2534944415092468,1
0.07741044461727142,1
0.0552297942340374,1
0.10881002992391586,1
0.01956246793270111,1
0.1578724980354309,1
0.14396680891513824,1
0.13952851295471191,1
0.03829289227724075,1
0.07718635350465775,1
0.24584636092185974,1
0.03681410476565361,1
0.23061123490333557,1
0.04430071637034416,1
0.0508410707116127,1
0.1380024403333664,1
0.021754998713731766,1
0.1500064730644226,1
0.18054378032684326,1
0.25961029529571533,1
0.1068992093205452,1
0.1622566282749176,1
0.13383108377456665,1
0.16965389251708984,1
0.20260174572467804,1
0.05950175225734711,1
0.15425704419612885,1
0.18679724633693695,1
0.1995963454246521,1
0.23564648628234863,1
0.06686174124479294,1
0.11839491128921509,1
0.14127302169799805,1
0.07875433564186096,1
0.18646889925003052,1
0.060104936361312866,1
0.06562868505716324,1
0.11724020540714264,1
0.1507633626461029,1
0.14730727672576904,1
0.16062545776367188,1
0.25762996077537537,1
0.0336393341422081,1
0.23161651194095612,1
0.08271117508411407,1
0.08408445864915848,1
0.07487843930721283,1
0.12251909077167511,1
0.04712953791022301,1
0.12839898467063904,1
0.27171948552131653,1
0.07559112459421158,1
0.041694894433021545,1
0.09624824672937393,1
0.07909809052944183,1
0.04941019415855408,1
0.04407624527812004,1
0.06079436093568802,1
0.299553245306015,1
0.06749449670314789,1
0.06771527975797653,1
0.07895231992006302,1
0.05149227753281593,1
0.28938668966293335,1
0.07203121483325958,1
0.1806204617023468,1
0.14934810996055603,1
0.22237741947174072,1
0.18354716897010803,1
0.1851465255022049,1
0.09805694967508316,1
0.055241428315639496,1
0.07208174467086792,1
0.13986384868621826,1
0.20207244157791138,1
0.2973448634147644,1
0.029463332146406174,1
0.09345453977584839,1
0.11226499080657959,1
0.1658235639333725,1
0.05592470243573189,1
0.06902281939983368,1
0.2598000168800354,1
0.3059207499027252,1
0.1802193522453308,1
0.03592810034751892,1
0.16648486256599426,1
0.06771206855773926,1
0.21802300214767456,1
0.14765134453773499,1
0.05816825479269028,1
0.08153298497200012,1
0.17384175956249237,1
0.09531056135892868,1
0.10329372435808182,1
0.15990455448627472,1
0.13252252340316772,1
0.07223555445671082,1
0.19806118309497833,1
0.20745009183883667,1
0.08333202451467514,1
0.0527438148856163,1
0.1157340258359909,1
0.09912315756082535,1
0.2517465054988861,1
0.1475880891084671,1
0.06077638268470764,1
0.1017657071352005,1
0.06460680812597275,1
0.0849900171160698,1
0.04871595278382301,1
0.09853598475456238,1
0.08306320756673813,1
0.08224005997180939,1
0.07507297396659851,1
0.10207268595695496,1
0.18738913536071777,1
0.1659141629934311,1
0.11049240082502365,1
0.06686802208423615,1
0.04086325317621231,1
0.07078403234481812,1
0.10385283082723618,1
0.062412530183792114,1
0.07288699597120285,1
0.0846303403377533,1
0.11376537382602692,1
0.1861400008201599,1
0.2021706998348236,1
0.041552916169166565,1
0.1318199783563614,1
0.12429039180278778,1
0.09127213060855865,1
0.13482405245304108,1
0.1895199418067932,1
0.19553928077220917,1
0.09248685836791992,1
0.09900501370429993,1
0.18955503404140472,1
0.13002151250839233,1
0.15948471426963806,1
0.1491689383983612,1
0.11025357246398926,1
0.22768425941467285,1
0.10483059287071228,1
0.2954924404621124,1
0.0660291239619255,1
0.09640215337276459,1
0.08894970268011093,1
0.07812757790088654,1
0.13767479360103607,1
0.1601564586162567,1
0.10344569385051727,1
0.12928447127342224,1
0.07252682745456696,1
0.20200137794017792,1
0.08288849145174026,1
0.11591078341007233,1
0.07587575167417526,1
0.10539287328720093,1
0.2348957359790802,1
0.1543620526790619,1
0.057433053851127625,1
0.15553557872772217,1
0.1641198992729187,1
0.3550686538219452,1
0.05463336408138275,1
0.06636767834424973,1
0.06068599596619606,1
0.15256933867931366,1
0.0765606164932251,1
0.08121484518051147,1
0.06721360236406326,1
0.05775199458003044,1
0.0630287155508995,1
0.10150562226772308,1
0.022614922374486923,1
0.32114824652671814,1
0.13935372233390808,1
0.10421659797430038,1
0.07982886582612991,1
0.2822715938091278,1
0.10089609771966934,1
0.08189697563648224,1
0.11290488392114639,1
0.08392806351184845,1
0.14607806503772736,1
0.14501219987869263,1
0.11085908859968185,1
0.14709147810935974,1
0.30558016896247864,1
0.0904131680727005,1
0.07688853144645691,1
0.12358131259679794,1
0.18070253729820251,1
0.09236425906419754,1
0.22171665728092194,1
0.17110088467597961,1
0.10390303283929825,1
0.06834827363491058,1
0.13757789134979248,1
0.05044294148683548,1
0.27672433853149414,1
0.14977261424064636,1
0.09383063018321991,1
0.07457564771175385,1
0.09485319256782532,1
0.17548224329948425,1
0.15510699152946472,1
0.05603644251823425,1
0.15778428316116333,1
0.07910661399364471,1
0.2976836860179901,1
0.1636928915977478,1
0.1027592271566391,1
0.1710815727710724,1
0.1674121469259262,1
0.21453049778938293,1
0.2564335763454437,1
0.11257705092430115,1
0.13496236503124237,1
0.13439403474330902,1
0.18704792857170105,1
0.06510085612535477,1
0.27819010615348816,1
0.26147881150245667,1
0.07397475093603134,1
0.14214159548282623,1
0.20063070952892303,1
0.12065962702035904,1
0.07595352083444595,1
0.2315666824579239,1
0.26453036069869995,1
0.08710528165102005,1
0.13208937644958496,1
0.053687483072280884,1
0.1436253935098648,1
0.09274432063102722,1
0.11043659597635269,1
0.1470262110233307,1
0.08351744711399078,1
0.13717448711395264,1
0.11531007289886475,1
0.20254212617874146,1
0.06001301854848862,1
0.16644471883773804,1
0.10089559108018875,1
0.1471594125032425,1
0.10945603996515274,1
0.12356559932231903,1
0.15947112441062927,1
0.10553717613220215,1
0.05657121539115906,1
0.13927605748176575,1
0.2976371943950653,1
0.07246728986501694,1
0.04339286684989929,1
0.13735893368721008,1
0.08992769569158554,1
0.0822957381606102,1
0.07033272832632065,1
0.07242351025342941,1
0.0722142830491066,1
0.1295403242111206,1
0.10014241188764572,1
0.06071346998214722,1
0.042892247438430786,1
0.1531730592250824,1
0.07647320628166199,1
0.07939112186431885,1
0.08391579985618591,1
0.04133147746324539,1
0.10253694653511047,1
0.1545882225036621,1
0.22877593338489532,1
0.19443245232105255,1
0.06394097954034805,1
0.21356752514839172,1
0.051513053476810455,1
0.13174299895763397,1
0.16125468909740448,1
0.05488383397459984,1
0.03499153256416321,1
0.11872918903827667,1
0.06483610719442368,1
0.0889306291937828,1
0.0836285650730133,1
0.06944632530212402,1
0.18792007863521576,1
0.09401215612888336,1
0.15271055698394775,1
0.4941197633743286,1
0.11008886247873306,1
0.13952940702438354,1
0.047657229006290436,1
0.12911464273929596,1
0.0352657288312912,1
0.08824761211872101,1
0.09042439609766006,1
0.26275551319122314,1
0.193717360496521,1
0.06025136262178421,1
0.1693660467863083,1
0.05693884193897247,1
0.1829843819141388,1
0.1670849323272705,1
0.05473681539297104,1
0.07732419669628143,1
0.11352957785129547,1
0.06060107797384262,1
0.049636777490377426,1
0.11757179349660873,1
0.06777399033308029,1
0.22099588811397552,1
0.09258939325809479,1
0.035009630024433136,1
0.10895561426877975,1
0.11589206755161285,1
0.10701075941324234,1
0.12143212556838989,1
0.03388621658086777,1
0.1863495409488678,1
0.13957089185714722,1
0.049287062138319016,1
0.14235779643058777,1
0.1685345619916916,1
0.11503978073596954,1
0.4244345426559448,1
0.09748531132936478,1
0.14241249859333038,1
0.09344559162855148,1
0.056319717317819595,1
0.12303415685892105,1
0.08314098417758942,1
0.058311738073825836,1
0.1859339475631714,1
0.14463534951210022,1
0.03580888360738754,1
0.1049020066857338,1
0.1926649510860443,1
0.08498193323612213,1
0.1451505869626999,1
0.05008210986852646,1
0.1759459376335144,1
0.039249371737241745,1
0.24646219611167908,1
0.12812748551368713,1
0.22017933428287506,1
0.09932436048984528,1
0.1371789425611496,1
0.05286659300327301,1
0.13619613647460938,1
0.1278568059206009,1
0.1296614408493042,1
0.22094452381134033,1
0.051104843616485596,1
0.22589349746704102,1
0.06587108224630356,1
0.07575826346874237,1
0.27857765555381775,1
0.07269386947154999,1
0.07416702806949615,1
0.14334455132484436,1
0.14459989964962006,1
0.14096957445144653,1
0.056931380182504654,1
0.10089181363582611,1
0.17984838783740997,1
0.046663910150527954,1
0.06137742102146149,1
0.19684341549873352,1
0.15798529982566833,1
0.16525055468082428,1
0.12711967527866364,1
0.08325742185115814,1
0.07473401725292206,1
0.08625432848930359,1
0.03990854695439339,1
0.14478722214698792,1
0.06700199097394943,1
0.23078477382659912,1
0.09709127247333527,1
0.1331063061952591,1
0.15000256896018982,1
0.14527928829193115,1
0.28175345063209534,1
0.13248306512832642,1
0.09187034517526627,1
0.04870206117630005,1
0.09927946329116821,1
0.030840210616588593,1
0.07537151128053665,1
0.10640522092580795,1
0.12982617318630219,1
0.07640404999256134,1
0.1901477575302124,1
0.14947539567947388,1
0.06619952619075775,1
0.11777917295694351,1
0.07713335752487183,1
0.14237666130065918,1
0.043133266270160675,1
0.14167211949825287,1
0.11345316469669342,1
0.07820670306682587,1
0.07769373804330826,1
0.08501742035150528,1
0.06111997738480568,1
0.12888546288013458,1
0.17152413725852966,1
0.055760785937309265,1
0.130711168050766,1
0.08894865214824677,1
0.036870427429676056,1
0.06014414131641388,1
0.10027268528938293,1
0.14039023220539093,1
0.1913580745458603,1
0.23146533966064453,1
0.13322441279888153,1
0.08537907153367996,1
0.08970414102077484,1
0.06932669878005981,1
0.04681437835097313,1
0.2657831907272339,1
0.16031350195407867,1
0.09497259557247162,1
0.07711587846279144,1
0.24365544319152832,1
0.09522618353366852,1
0.11318107694387436,1
0.12309116870164871,1
0.2851268947124481,1
0.1689492166042328,1
0.09507706761360168,1
0.08395075798034668,1
0.04917358607053757,1
0.12281528115272522,1
0.09115127474069595,1
0.07264266163110733,1
0.16233927011489868,1
0.1368424892425537,1
0.2058885395526886,1
0.04300767555832863,1
0.12382493168115616,1
0.1143965944647789,1
0.18366150557994843,1
0.11675135791301727,1
0.045217692852020264,1
0.2154984474182129,1
0.1283111423254013,1
0.09002947062253952,1
0.09862763434648514,1
0.19850389659404755,1
0.09194774925708771,1
0.04758556932210922,1
0.0640505701303482,1
0.16583780944347382,1
0.06994666159152985,1
0.11607269942760468,1
0.09508699178695679,1
0.38349103927612305,1
0.09045957028865814,1
0.12679056823253632,1
0.14634788036346436,1
0.040613800287246704,1
0.20258042216300964,1
0.08868931233882904,1
0.14750228822231293,1
0.11953814327716827,1
0.04559985548257828,1
0.27298593521118164,1
0.1878059208393097,1
0.09418050199747086,1
0.08494748920202255,1
0.050807129591703415,1
0.08480525016784668,1
0.2608283758163452,1
0.17276480793952942,1
0.19346074759960175,1
0.07228610664606094,1
0.10623954981565475,1
0.12925314903259277,1
0.06468967348337173,1
0.17334884405136108,1
0.15532349050045013,1
0.07323527336120605,1
0.12131531536579132,1
0.061681706458330154,1
0.3221636116504669,1
0.04088357463479042,1
0.09322381764650345,1
0.17572851479053497,1
0.027210740372538567,1
0.17508721351623535,1
0.054885149002075195,1
0.2471427023410797,1
0.09007951617240906,1
0.1077565923333168,1
0.1958954930305481,1
0.3553258776664734,1
0.1253545582294464,1
0.05447325482964516,1
0.15250471234321594,1
0.15977957844734192,1
0.1923055499792099,1
0.18302547931671143,1
0.08328001946210861,1
0.35391291975975037,1
0.20240479707717896,1
0.09605495631694794,1
0.13586395978927612,1
0.06802759319543839,1
0.097697913646698,1
0.07194584608078003,1
0.11593274027109146,1
0.0367216058075428,1
0.06527069211006165,1
0.17763251066207886,1
0.043599020689725876,1
0.17202185094356537,1
0.07122797518968582,1
0.07044340670108795,1
0.19797150790691376,1
0.19909389317035675,1
0.06543236970901489,1
0.10546750575304031,1
0.1434917151927948,1
0.2410711646080017,1
0.14552466571331024,1
0.12032495439052582,1
0.0738409161567688,1
0.04366631805896759,1
0.13509652018547058,1
0.09630585461854935,1
0.2678564786911011,1
0.2179805487394333,1
0.07322700321674347,1
0.11919638514518738,1
0.06164698302745819,1
0.11266523599624634,1
0.2509407699108124,1
0.23740151524543762,1
0.04614771902561188,1
0.1793534755706787,1
0.05876404792070389,1
0.11183399707078934,1
0.05182811990380287,1
0.12148097157478333,1
0.2707110047340393,1
0.08951504528522491,1
0.08901248872280121,1
0.1299978494644165,1
0.030375612899661064,1
0.07371771335601807,1
0.27991652488708496,1
0.18265190720558167,1
0.12658630311489105,1
0.2409941703081131,1
0.14515984058380127,1
0.12342210114002228,1
0.06827833503484726,1
0.058198411017656326,1
0.07167037576436996,1
0.21271216869354248,1
0.06433060765266418,1
0.1182425245642662,1
0.09102750569581985,1
0.06767203658819199,1
0.14367812871932983,1
0.07577350735664368,1
0.11830257624387741,1
0.08168963342905045,1
0.1797419786453247,1
0.05702635645866394,1
0.24669130146503448,1
0.28888508677482605,1
0.0982338935136795,1
0.2957797944545746,1
0.11446066945791245,1
0.15693354606628418,1
0.2325749695301056,1
0.045638713985681534,1
0.03217808157205582,1
0.18212035298347473,1
0.20199275016784668,1
0.1106647327542305,1
0.04239067807793617,1
0.05537702888250351,1
0.1844538301229477,1
0.16432218253612518,1
0.12211167067289352,1
0.07013843953609467,1
0.16522793471813202,1
0.11978258937597275,1
0.40625,1
0.193767711520195,1
0.019748792052268982,1
0.05261498689651489,1
0.09771294891834259,1
0.15191565454006195,1
0.08505889028310776,1
0.07744860649108887,1
0.1219189390540123,1
0.2375222146511078,1
0.09095469117164612,1
0.09388747066259384,1
0.056201301515102386,1
0.0749276876449585,1
0.07669311761856079,1
0.11166627705097198,1
0.044480811804533005,1
0.2180754691362381,1
0.06877342611551285,1
0.3231200575828552,1
0.06269732117652893,1
0.06643727421760559,1
0.052597470581531525,1
0.09339077770709991,1
0.0951152965426445,1
0.07993380725383759,1
0.07733845710754395,1
0.11164794117212296,1
0.09487570822238922,1
0.21990801393985748,1
0.23628750443458557,1
0.05680830776691437,1
0.09021051973104477,1
0.1279195100069046,1
0.11088484525680542,1
0.2919733226299286,1
0.14958123862743378,1
0.08169947564601898,1
0.09546225517988205,1
0.10068364441394806,1
0.05732901394367218,1
0.05055598169565201,1
0.06379442662000656,1
0.03244350105524063,1
0.07717660814523697,1
0.13414838910102844,1
0.1287260800600052,1
0.2845924496650696,1
0.07685376703739166,1
0.06718762218952179,1
0.10664118826389313,1
0.08031727373600006,1
0.22392913699150085,1
0.06291648000478745,1
0.07347126305103302,1
0.446835458278656,1
0.10180559009313583,1
0.18538857996463776,1
0.07195904105901718,1
0.0770156979560852,1
0.20895127952098846,1
0.25405997037887573,1
0.10337808728218079,1
0.05582994595170021,1
0.09366979449987411,1
0.26675963401794434,1
0.10346315801143646,1
0.10516179352998734,1
0.06346506625413895,1
0.06729716062545776,1
0.08004649728536606,1
0.11653053760528564,1
0.133469820022583,1
0.08094053715467453,1
0.042846255004405975,1
0.0761367678642273,1
0.06804472953081131,1
0.0815431997179985,1
0.1731095016002655,1
0.13667282462120056,1
0.07901007682085037,1
0.13240700960159302,1
0.018172165378928185,1
0.12501752376556396,1
0.259522408246994,1
0.17855222523212433,1
0.0623532310128212,1
0.12388567626476288,1
0.3055974543094635,1
0.06377304345369339,1
0.05653815343976021,1
0.15596342086791992,1
0.06323710083961487,1
0.12506145238876343,1
0.09124135971069336,1
0.13529041409492493,1
0.1160968616604805,1
0.13236171007156372,1
0.1785377562046051,1
0.06176134943962097,1
0.189261794090271,1
0.09277842938899994,1
0.09616382420063019,1
0.11646987497806549,1
0.11091259121894836,1
0.10408737510442734,1
0.026287754997611046,1
0.12112913280725479,1
0.026864206418395042,1
0.2076111137866974,1
0.11051757633686066,1
0.10938113927841187,1
0.08146268129348755,1
0.09028519690036774,1
0.1087399274110794,1
0.04602493345737457,1
0.06057406961917877,1
0.1427803784608841,1
0.1518421322107315,1
0.15740706026554108,1
0.08234269171953201,1
0.16385498642921448,1
0.10512952506542206,1
0.043372590094804764,1
0.09979941695928574,1
0.14515678584575653,1
0.20852169394493103,1
0.09228793531656265,1
0.09899203479290009,1
0.11757690459489822,1
0.1263669729232788,1
0.15474724769592285,1
0.17734667658805847,1
0.08287829905748367,1
0.06431174278259277,1
0.15590128302574158,1
0.15993022918701172,1
0.18319369852542877,1
0.15963932871818542,1
0.0760066881775856,1
0.2416783571243286,1
0.1178712248802185,1
0.09613785147666931,1
0.05910284072160721,1
0.08313825726509094,1
0.058818619698286057,1
0.18873101472854614,1
0.19553609192371368,1
0.1156688705086708,1
0.07076182216405869,1
0.04219958931207657,1
0.14609362185001373,1
0.03574376925826073,1
0.1497725248336792,1
0.3538811504840851,1
0.067076176404953,1
0.24772469699382782,1
0.05348833277821541,1
0.10916724056005478,1
0.10177358239889145,1
0.15376906096935272,1
0.16134288907051086,1
0.04076604172587395,1
0.06945662200450897,1
0.12318750470876694,1
0.12995339930057526,1
0.27672097086906433,1
0.15350888669490814,1
0.05233657360076904,1
0.01541006751358509,1
