0.1384875476360321,1
0.08712652325630188,1
0.12874527275562286,1
0.06786458194255829,1
0.18098676204681396,1
0.27477091550827026,1
0.11623525619506836,1
0.09037556499242783,1
0.08646751940250397,1
0.07443322986364365,1
0.17899000644683838,1
0.14116185903549194,1
0.06738138943910599,1
0.1223902776837349,1
0.06750291585922241,1
0.06320357322692871,1
0.1721445620059967,1
0.12315656989812851,1
0.04275268316268921,1
0.04903585463762283,1
0.23714563250541687,1
0.1606888324022293,1
0.1876218020915985,1
0.06666182726621628,1
0.12477070093154907,1
0.11338437348604202,1
0.03101174160838127,1
0.1024637371301651,1
0.10805094242095947,1
0.09452206641435623,1
0.17713850736618042,1
0.2479013204574585,1
0.12703648209571838,1
0.1130591481924057,1
0.043434493243694305,1
0.11468122899532318,1
0.12823863327503204,1
0.15000885725021362,1
0.13943952322006226,1
0.10469888150691986,1
0.22106696665287018,1
0.1069115623831749,1
0.02445189841091633,1
0.10985228419303894,1
0.15483000874519348,1
0.21729958057403564,1
0.261941522359848,1
0.07243870198726654,1
0.2155023217201233,1
0.04073845595121384,1
0.03530384227633476,1
0.1165638267993927,1
0.0689135193824768,1
0.04637199267745018,1
0.12440980225801468,1
0.023822283372282982,1
0.061634987592697144,1
0.061806999146938324,1
0.11016995459794998,1
0.13195422291755676,1
0.12204617261886597,1
0.14272230863571167,1
0.23062795400619507,1
0.08595014363527298,1
0.13399291038513184,1
0.22580255568027496,1
0.16324976086616516,1
0.11525595933198929,1
0.06632876396179199,1
0.08217134326696396,1
0.13880449533462524,1
0.09755563735961914,1
0.08374418318271637,1
0.08212690055370331,1
0.2209707647562027,1
0.06225336715579033,1
0.11850515007972717,1
0.16946890950202942,1
0.08982507884502411,1
0.04258900135755539,1
0.09259733557701111,1
0.09114527702331543,1
0.07843664288520813,1
0.15209579467773438,1
0.03113582357764244,1
0.16100701689720154,1
0.1835407018661499,1
0.2184373289346695,1
0.1812492460012436,1
0.16753393411636353,1
0.062341105192899704,1
0.02162591740489006,1
0.2088109701871872,1
0.08854138851165771,1
0.10791576653718948,1
0.3177626132965088,1
0.10198131203651428,1
0.06484398990869522,1
0.16990779340267181,1
0.13410916924476624,1
0.2798602283000946,1
0.1530943512916565,1
0.13525740802288055,1
0.05619538575410843,1
0.060135893523693085,1
0.11555944383144379,1
0.10078161954879761,1
0.22747072577476501,1
0.17419841885566711,1
0.1888604313135147,1
0.034296318888664246,1
0.05805023014545441,1
0.07664628326892853,1
0.14075879752635956,1
0.09008483588695526,1
0.2463119626045227,1
0.17112673819065094,1
0.24734193086624146,1
0.14697840809822083,1
0.11803314834833145,1
0.3138863444328308,1
0.1536925584077835,1
0.10916806757450104,1
0.08629749715328217,1
0.0647692158818245,1
0.09584272652864456,1
0.024676285684108734,1
0.0698556900024414,1
0.19154906272888184,1
0.346026211977005,1
0.15805305540561676,1
0.39755672216415405,1
0.2451189011335373,1
0.19451197981834412,1
0.15519224107265472,1
0.13708731532096863,1
0.03709102421998978,1
0.07215122878551483,1
0.08395729959011078,1
0.0849616527557373,1
0.11537483334541321,1
0.11289969086647034,1
0.05102173238992691,1
0.039574772119522095,1
0.04130709916353226,1
0.04207657277584076,1
0.31733793020248413,1
0.09273235499858856,1
0.10237205773591995,1
0.0576404444873333,1
0.1080748587846756,1
0.059671346098184586,1
0.10080936551094055,1
0.06496470421552658,1
0.12946361303329468,1
0.2011418342590332,1
0.11597000807523727,1
0.1959724873304367,1
0.1353485882282257,1
0.06717445701360703,1
0.05303702503442764,1
0.02307906001806259,1
0.1548709273338318,1
0.18823698163032532,1
0.08390549570322037,1
0.10690261423587799,1
0.08533498644828796,1
0.12244468182325363,1
0.15934120118618011,1
0.13453246653079987,1
0.11995343863964081,1
0.10611654818058014,1
0.0725523978471756,1
0.06391488760709763,1
0.11328625679016113,1
0.1664058119058609,1
0.21418964862823486,1
0.07709401845932007,1
0.06346207857131958,1
0.05284782871603966,1
0.1500384658575058,1
0.13461434841156006,1
0.10262911021709442,1
0.04579075425863266,1
0.17489317059516907,1
0.10197322815656662,1
0.19355490803718567,1
0.11165478080511093,1
0.053821347653865814,1
0.09799790382385254,1
0.03897177800536156,1
0.043557241559028625,1
0.13115179538726807,1
0.16974280774593353,1
0.12954363226890564,1
0.1500162035226822,1
0.054968155920505524,1
0.15334069728851318,1
0.05280924588441849,1
0.06882411241531372,1
0.13490810990333557,1
0.10206281393766403,1
0.1844508945941925,1
0.06625427305698395,1
0.1596991866827011,1
0.04287310317158699,1
0.12363909184932709,1
0.04064524173736572,1
0.038976721465587616,1
0.06971018016338348,1
0.13760250806808472,1
0.16891416907310486,1
0.09550617635250092,1
0.030729975551366806,1
0.026528209447860718,1
0.08685503900051117,1
0.059411827474832535,1
0.13722003996372223,1
0.049577873200178146,1
0.057754892855882645,1
0.05275624990463257,1
0.0634382963180542,1
0.11876977980136871,1
0.06492675095796585,1
0.029885560274124146,1
0.06957507133483887,1
0.11753455549478531,1
0.15165503323078156,1
0.07802265137434006,1
0.06525345891714096,1
0.0653911828994751,1
0.28403371572494507,1
0.04493872448801994,1
0.11657556891441345,1
0.07171595096588135,1
0.18452544510364532,1
0.21126127243041992,1
0.1322222650051117,1
0.05622134357690811,1
0.03395988047122955,1
0.1269960105419159,1
0.10187137871980667,1
0.11900916695594788,1
0.13623864948749542,1
0.13362260162830353,1
0.05687610059976578,1
0.10098642110824585,1
0.08619917929172516,1
0.06367841362953186,1
0.10522672533988953,1
0.12603500485420227,1
0.0969548299908638,1
0.0821329802274704,1
0.12720128893852234,1
0.0976802185177803,1
0.11353115737438202,1
0.09999039024114609,1
0.17202769219875336,1
0.10903236269950867,1
0.04851667582988739,1
0.042677391320466995,1
0.07765540480613708,1
0.09446029365062714,1
0.08073090761899948,1
0.3865917921066284,1
0.2815927267074585,1
0.10460834950208664,1
0.2561050057411194,1
0.16914650797843933,1
0.17800407111644745,1
0.042786188423633575,1
0.09744898229837418,1
0.0818319246172905,1
0.12583549320697784,1
0.09909570962190628,1
0.07562762498855591,1
0.22380858659744263,1
0.09076295793056488,1
0.16592061519622803,1
0.2411857694387436,1
0.08486375212669373,1
0.05355728417634964,1
0.12832264602184296,1
0.03748590126633644,1
0.0908459797501564,1
0.19455289840698242,1
0.2074790894985199,1
0.08108647912740707,1
0.057341016829013824,1
0.11899105459451675,1
0.22002394497394562,1
0.04940934479236603,1
0.031026747077703476,1
0.07940696179866791,1
0.06329658627510071,1
0.08302407711744308,1
0.10284101217985153,1
0.08233723044395447,1
0.10324209928512573,1
0.12296554446220398,1
0.15076692402362823,1
0.17057563364505768,1
0.1976313292980194,1
0.07960829883813858,1
0.09327598661184311,1
0.21573850512504578,1
0.22341763973236084,1
0.03154992312192917,1
0.37996402382850647,1
0.06561946868896484,1
0.13995832204818726,1
0.18544252216815948,1
0.07452580332756042,1
0.11389380693435669,1
0.1695258766412735,1
0.05955492705106735,1
0.129410982131958,1
0.1548861861228943,1
0.0441267229616642,1
0.12055177241563797,1
0.14520330727100372,1
0.1499861180782318,1
0.1661880612373352,1
0.03185424581170082,1
0.07353692501783371,1
0.14883005619049072,1
0.07648012042045593,1
0.033728696405887604,1
0.04676111787557602,1
0.13312754034996033,1
0.16864651441574097,1
0.10466628521680832,1
0.09933765232563019,1
0.16464576125144958,1
0.12165765464305878,1
0.08025061339139938,1
0.06623668968677521,1
0.09339899569749832,1
0.10525532066822052,1
0.23822525143623352,1
0.2596378028392792,1
0.06985485553741455,1
0.15960055589675903,1
0.22975103557109833,1
0.09181711077690125,1
0.12399137020111084,1
0.09429697692394257,1
0.09311395138502121,1
0.08978859335184097,1
0.1410246044397354,1
0.06721590459346771,1
0.09614351391792297,1
0.09315963834524155,1
0.14030995965003967,1
0.11009064316749573,1
0.1557261049747467,1
0.07707707583904266,1
0.14072561264038086,1
0.06857986003160477,1
0.0942048579454422,1
0.09531459212303162,1
0.07089514285326004,1
0.12768784165382385,1
0.10656623542308807,1
0.21127530932426453,1
0.13582570850849152,1
0.03543371334671974,1
0.08315535634756088,1
0.06467407941818237,1
0.304092675447464,1
0.14604704082012177,1
0.06299237161874771,1
0.17103484272956848,1
0.1027805507183075,1
0.12055449932813644,1
0.2163742333650589,1
0.028105901554226875,1
0.2836318910121918,1
0.14175482094287872,1
0.11729267239570618,1
0.1244417279958725,1
0.13388675451278687,1
0.059521086513996124,1
0.04105861857533455,1
0.08056560903787613,1
0.09459765255451202,1
0.12895826995372772,1
0.11478958278894424,1
0.12612557411193848,1
0.05096123367547989,1
0.12415488064289093,1
0.2945266664028168,1
0.08815373480319977,1
0.25176921486854553,1
0.20963998138904572,1
0.06782733649015427,1
0.04334362596273422,1
0.007575277239084244,1
0.2152300626039505,1
0.10474579781293869,1
0.03700636699795723,1
0.20099495351314545,1
0.09241707623004913,1
0.08236249536275864,1
0.11718552559614182,1
0.050314761698246,1
0.08963970839977264,1
0.07175500690937042,1
0.0850566029548645,1
0.07318542152643204,1
0.10309986770153046,1
0.08061540126800537,1
0.03487278148531914,1
0.17758294939994812,1
0.2656305730342865,1
0.09812450408935547,1
0.10811842978000641,1
0.048676203936338425,1
0.12929075956344604,1
0.19430390000343323,1
0.1656648814678192,1
0.15461628139019012,1
0.036516547203063965,1
0.06497947871685028,1
0.11145108938217163,1
0.09948614239692688,1
0.03163916617631912,1
0.07466425001621246,1
0.20151010155677795,1
0.08446486294269562,1
0.0915917158126831,1
0.17315654456615448,1
0.3046695291996002,1
0.1691652536392212,1
0.07920759171247482,1
0.1144491508603096,1
0.1629495769739151,1
0.0627974346280098,1
0.11431897431612015,1
0.08714701980352402,1
0.09513536840677261,1
0.06089038774371147,1
0.027663584798574448,1
0.2212400734424591,1
0.22221851348876953,1
0.10949824750423431,1
0.12177873402833939,1
0.07528988271951675,1
0.07671868801116943,1
0.3267001211643219,1
0.28153032064437866,1
0.03435497730970383,1
0.08940523117780685,1
0.04364699125289917,1
0.11206002533435822,1
0.3231111466884613,1
0.04935760796070099,1
0.08333739638328552,1
0.25893574953079224,1
0.09355767071247101,1
0.09240832924842834,1
0.0466337576508522,1
0.11996424198150635,1
0.24102957546710968,1
0.08504939824342728,1
0.07457730174064636,1
0.06304619461297989,1
0.1102154403924942,1
0.11298878490924835,1
0.08786903321743011,1
0.199479341506958,1
0.09315519034862518,1
0.23073863983154297,1
0.09211085736751556,1
0.12594866752624512,1
0.037316665053367615,1
0.043481823056936264,1
0.12157866358757019,1
0.054561249911785126,1
0.07574526220560074,1
0.15828847885131836,1
0.0338246189057827,1
0.16296100616455078,1
0.12637192010879517,1
0.03771781548857689,1
0.11074449121952057,1
0.17344363033771515,1
0.08427491784095764,1
0.051268938928842545,1
0.08615163713693619,1
0.07408354431390762,1
0.13161318004131317,1
0.3174390196800232,1
0.15932847559452057,1
0.04570829123258591,1
0.08579820394515991,1
0.18394052982330322,1
0.10706320405006409,1
0.10366137325763702,1
0.18318182229995728,1
0.06752980500459671,1
0.21727769076824188,1
0.279615193605423,1
0.22234345972537994,1
0.10252059996128082,1
0.10735869407653809,1
0.056417398154735565,1
0.09528110176324844,1
0.13967356085777283,1
0.11091383546590805,1
0.03400419279932976,1
0.1843058168888092,1
0.12294258177280426,1
0.057058848440647125,1
0.22457116842269897,1
0.05448096990585327,1
0.12564721703529358,1
0.08973206579685211,1
0.017525004222989082,1
0.0457051545381546,1
0.05334556847810745,1
0.045388780534267426,1
0.14359499514102936,1
0.17340309917926788,1
0.059121593832969666,1
0.3015744984149933,1
0.02848426252603531,1
0.049840569496154785,1
0.07126372307538986,1
0.31546008586883545,1
0.06998090445995331,1
0.13916116952896118,1
0.08872172981500626,1
0.07258710265159607,1
0.04914431646466255,1
0.08254706114530563,1
0.15155170857906342,1
0.11110098659992218,1
0.21334876120090485,1
0.019077859818935394,1
0.04502337425947189,1
0.03899635374546051,1
0.08870439976453781,1
0.29297223687171936,1
0.06661732494831085,1
0.09930237382650375,1
0.1308315247297287,1
0.1663886308670044,1
0.024157699197530746,1
0.04071039706468582,1
0.10437408089637756,1
0.1275588572025299,1
0.16847895085811615,1
0.06586604565382004,1
0.06367339193820953,1
0.050794150680303574,1
0.10869812220335007,1
0.033219825476408005,1
0.07958458364009857,1
0.1246849074959755,1
0.14590191841125488,1
0.06181718036532402,1
0.19533991813659668,1
0.0490126833319664,1
0.07419127970933914,1
0.043856970965862274,1
0.2847534716129303,1
0.04116985946893692,1
0.0910714790225029,1
0.1422250121831894,1
0.11006774008274078,1
0.21798384189605713,1
0.1556234508752823,1
0.024455618113279343,1
0.08301135897636414,1
0.04180731251835823,1
0.1381877213716507,1
0.34266605973243713,1
0.08875802159309387,1
0.027546118944883347,1
0.38540199398994446,1
0.15426334738731384,1
0.3652344346046448,1
0.03755749762058258,1
0.11247072368860245,1
0.14812307059764862,1
0.0980985164642334,1
0.07520513981580734,1
0.07648304104804993,1
0.11290489137172699,1
0.1423395872116089,1
0.12533389031887054,1
0.10226376354694366,1
0.09093006700277328,1
0.051068343222141266,1
0.09098964929580688,1
0.10636202991008759,1
0.11361080408096313,1
0.1386827528476715,1
0.14069092273712158,1
0.06286581605672836,1
0.08038406819105148,1
0.10390113294124603,1
0.06774120777845383,1
0.07328543812036514,1
0.17150098085403442,1
0.1398991048336029,1
0.2176182121038437,1
0.07369289547204971,1
0.042587026953697205,1
0.07473365217447281,1
0.06515805423259735,1
0.12252162396907806,1
0.06271251291036606,1
0.0797446146607399,1
0.13661758601665497,1
0.0388960987329483,1
0.1121591329574585,1
0.06519841402769089,1
0.2686041295528412,1
0.121270552277565,1
0.328217089176178,1
0.06454119086265564,1
0.1818825900554657,1
0.30289140343666077,1
0.15945680439472198,1
0.04473322629928589,1
0.09908884018659592,1
0.13327337801456451,1
0.09079505503177643,1
0.12804046273231506,1
0.08758431673049927,1
0.22154176235198975,1
0.15330511331558228,1
0.2277498096227646,1
0.04778778553009033,1
0.11295313388109207,1
0.05372535437345505,1
0.038785241544246674,1
0.1284758746623993,1
0.035315439105033875,1
0.03461109846830368,1
0.06673834472894669,1
0.12937910854816437,1
0.11072759330272675,1
0.07648263871669769,1
0.07250571995973587,1
0.12442031502723694,1
0.09630033373832703,1
0.11281095445156097,1
0.16573455929756165,1
0.07099642604589462,1
0.19180834293365479,1
0.1401267647743225,1
0.054212842136621475,1
0.12945443391799927,1
0.1732446700334549,1
0.05121394246816635,1
0.15913909673690796,1
0.06082282215356827,1
0.11042067408561707,1
0.2754060626029968,1
0.33048751950263977,1
0.06235206872224808,1
0.06416699290275574,1
0.06817860901355743,1
0.061451856046915054,1
0.016994457691907883,1
0.17593532800674438,1
0.0398390106856823,1
0.055003076791763306,1
0.19561228156089783,1
0.14942991733551025,1
0.12528280913829803,1
0.09324070811271667,1
0.11998021602630615,1
0.1342010349035263,1
0.19104178249835968,1
0.1710781753063202,1
0.08566929399967194,1
0.19530132412910461,1
0.08270983397960663,1
0.08092301338911057,1
0.1296486258506775,1
0.16277214884757996,1
0.17359547317028046,1
0.2733255624771118,1
0.04971258342266083,1
0.11454695463180542,1
0.07864110171794891,1
0.10013622790575027,1
0.2120695561170578,1
0.03410003334283829,1
0.2264411300420761,1
0.05939798057079315,1
0.17727480828762054,1
0.09359495341777802,1
0.06464450806379318,1
0.15065434575080872,1
0.16981911659240723,1
0.0709366574883461,1
0.1341743916273117,1
0.14726899564266205,1
0.08623144030570984,1
0.08496038615703583,1
0.044901829212903976,1
0.1006096601486206,1
0.07845758646726608,1
0.2470785230398178,1
0.07752078026533127,1
0.039629977196455,1
0.3814792037010193,1
0.0381125882267952,1
0.09593915939331055,1
0.2038295865058899,1
0.116014763712883,1
0.11247926950454712,1
0.12663045525550842,1
0.06325511634349823,1
0.14635437726974487,1
0.04046998545527458,1
0.05290674418210983,1
0.08637918531894684,1
0.2221318483352661,1
0.04877222329378128,1
0.10956491529941559,1
0.06526141613721848,1
0.08472365140914917,1
0.1223263293504715,1
0.09575305879116058,1
0.10900179296731949,1
0.09546059370040894,1
0.06736123561859131,1
0.14139631390571594,1
0.06968633830547333,1
0.05600680038332939,1
0.10581051558256149,1
0.14372780919075012,1
0.061568327248096466,1
0.04906800016760826,1
0.02433963492512703,1
0.23672370612621307,1
0.10906828194856644,1
0.07793664932250977,1
0.09737837314605713,1
0.1727330982685089,1
0.08115338534116745,1
0.05169369652867317,1
0.1963016390800476,1
0.11104674637317657,1
0.07155253738164902,1
0.08227884769439697,1
0.06778568029403687,1
0.10514543950557709,1
0.0763988047838211,1
0.03473864495754242,1
0.18931815028190613,1
0.08933541923761368,1
0.10907518863677979,1
0.09313728660345078,1
0.08412390947341919,1
0.22142678499221802,1
0.049272067844867706,1
0.03934691101312637,1
0.11329276114702225,1
0.12576715648174286,1
0.130544975399971,1
0.11275690793991089,1
0.15908753871917725,1
0.10608431696891785,1
0.1760454773902893,1
0.09828739613294601,1
0.05660984665155411,1
0.06288278847932816,1
0.09882503747940063,1
0.09290704131126404,1
0.2638203799724579,1
0.26398026943206787,1
0.03543693199753761,1
0.061514563858509064,1
0.16067536175251007,1
0.09232480078935623,1
0.0639197826385498,1
0.12086260318756104,1
0.0938902199268341,1
0.05430179834365845,1
0.032229866832494736,1
0.06979382038116455,1
0.268627792596817,1
0.17430919408798218,1
0.32671427726745605,1
0.16442576050758362,1
0.13616812229156494,1
0.07177308946847916,1
0.18066224455833435,1
0.14532992243766785,1
0.11394283175468445,1
0.06961358338594437,1
0.09708184003829956,1
0.07414330542087555,1
0.1036609560251236,1
0.08599017560482025,1
0.12172210216522217,1
0.0488443449139595,1
0.07250598818063736,1
0.020719485357403755,1
0.156648188829422,1
0.0845242440700531,1
0.02983739599585533,1
0.06644081324338913,1
0.06065326929092407,1
0.1352451890707016,1
0.26994508504867554,1
0.049777552485466,1
0.051588550209999084,1
0.26284295320510864,1
0.12699797749519348,1
0.24840421974658966,1
0.07338980585336685,1
0.12807101011276245,1
0.13851507008075714,1
0.22097864747047424,1
0.09754803031682968,1
0.18861612677574158,1
0.14653146266937256,1
0.10924632102251053,1
0.05064573511481285,1
0.029336627572774887,1
0.23473480343818665,1
0.28935930132865906,1
0.07000944018363953,1
0.09458275139331818,1
0.187886580824852,1
0.10641685873270035,1
0.1799214482307434,1
0.1366889476776123,1
0.049230754375457764,1
0.2791544497013092,1
0.18935006856918335,1
0.09736321866512299,1
0.08802355825901031,1
0.03753724321722984,1
0.04270850867033005,1
0.0711432546377182,1
0.12204461544752121,1
0.1366359144449234,1
0.3080935776233673,1
0.19589951634407043,1
0.21709014475345612,1
0.12937374413013458,1
0.21431438624858856,1
0.15789052844047546,1
0.20643405616283417,1
0.09586827456951141,1
0.1930658370256424,1
0.21704143285751343,1
0.08172784000635147,1
0.12668052315711975,1
0.05025177076458931,1
0.1364818513393402,1
0.112801693379879,1
0.09156734496355057,1
0.19966858625411987,1
0.3261699676513672,1
0.15398164093494415,1
0.10007569938898087,1
0.2339213788509369,1
0.1207905113697052,1
0.0926903635263443,1
0.09853237867355347,1
0.1252330243587494,1
0.1206861063838005,1
0.09897975623607635,1
0.18575778603553772,1
0.1364804357290268,1
0.17371554672718048,1
0.12465659528970718,1
0.13635309040546417,1
0.11451937258243561,1
0.109571672976017,1
0.21667198836803436,1
0.15136611461639404,1
0.1086939200758934,1
0.17821645736694336,1
0.09978549182415009,1
0.1317017674446106,1
0.1394990086555481,1
0.10232803970575333,1
0.13265810906887054,1
0.0679316595196724,1
0.16612371802330017,1
0.1917281448841095,1
0.14017577469348907,1
0.13992542028427124,1
0.06548725068569183,1
0.07272008061408997,1
0.22947023808956146,1
0.045815952122211456,1
0.16413623094558716,1
0.1326962113380432,1
0.22566665709018707,1
0.32010772824287415,1
0.11189572513103485,1
0.08806246519088745,1
0.1596151888370514,1
0.06674836575984955,1
0.20394302904605865,1
0.05303569510579109,1
0.10814782977104187,1
0.07728792726993561,1
0.05224957689642906,1
0.0777067244052887,1
0.18666771054267883,1
0.043570712208747864,1
0.15953844785690308,1
0.06076411157846451,1
0.014186413958668709,1
0.10373950004577637,1
0.09824308753013611,1
0.15584205090999603,1
0.06683722138404846,1
0.1583336740732193,1
0.2922319769859314,1
0.28118014335632324,1
0.0945516973733902,1
0.13500440120697021,1
0.10223640501499176,1
0.216930091381073,1
0.09715649485588074,1
0.0704352930188179,1
0.10413815826177597,1
0.13437172770500183,1
0.12435708940029144,1
0.24435248970985413,1
0.07065515965223312,1
0.07598752528429031,1
0.06953676044940948,1
0.13101446628570557,1
0.26527708768844604,1
0.10518808662891388,1
0.15459983050823212,1
0.10961885750293732,1
0.13171279430389404,1
0.24323011934757233,1
0.04947744682431221,1
0.16338598728179932,1
0.07782857120037079,1
0.09808775037527084,1
0.1081903874874115,1
0.03969648480415344,1
0.15324488282203674,1
0.07377680391073227,1
0.19356580078601837,1
0.07581671327352524,1
0.24828730523586273,1
0.0730532631278038,1
0.21227747201919556,1
0.08986875414848328,1
0.17935997247695923,1
0.09632155299186707,1
0.11202462017536163,1
0.27056971192359924,1
0.12058039009571075,1
0.2859736382961273,1
0.08130168169736862,1
0.12071196734905243,1
0.10869192332029343,1
0.14423522353172302,1
0.03850577399134636,1
0.11381587386131287,1
0.05148659646511078,1
0.05829356610774994,1
0.0805981308221817,1
0.1782909333705902,1
0.023085927590727806,1
0.12429570406675339,1
0.04714299738407135,1
0.04723261296749115,1
0.05023618042469025,1
0.1588282436132431,1
0.06392709910869598,1
0.1752627193927765,1
0.04541169852018356,1
0.12427301704883575,1
0.23448555171489716,1
0.04721858352422714,1
0.06888653337955475,1
0.1773861050605774,1
0.0820884257555008,1
0.04081523045897484,1
0.11332479119300842,1
0.0725509524345398,1
0.2506060004234314,1
0.0727480947971344,1
0.021696534007787704,1
0.1180766224861145,1
0.0677025318145752,1
0.11376429349184036,1
0.026043830439448357,1
0.3074495196342468,1
0.08888118714094162,1
0.1613265872001648,1
0.13464130461215973,1
0.07709691673517227,1
0.09876687824726105,1
0.06030641496181488,1
0.10353238880634308,1
0.10461512953042984,1
0.046631526201963425,1
0.18157780170440674,1
0.17954176664352417,1
0.15687932074069977,1
0.0959400087594986,1
0.18608364462852478,1
0.11988469213247299,1
0.1255893111228943,1
0.1310383677482605,1
0.16291749477386475,1
0.08529946208000183,1
0.0530565083026886,1
0.05893908068537712,1
0.10695284605026245,1
0.06688840687274933,1
0.14405225217342377,1
0.06622663140296936,1
0.2579681873321533,1
0.07899048179388046,1
0.11548760533332825,1
0.18472567200660706,1
0.09844347834587097,1
0.02879851870238781,1
0.06092949956655502,1
0.09299035370349884,1
0.13730420172214508,1
0.09416534751653671,1
0.10422247648239136,1
0.13107837736606598,1
0.24675816297531128,1
0.08097055554389954,1
0.09462635219097137,1
0.17889636754989624,1
0.09341234713792801,1
0.2798154354095459,1
0.21303384006023407,1
0.049444008618593216,1
0.022861629724502563,1
0.11686287820339203,1
0.3226471543312073,1
0.1203041672706604,1
0.06469239294528961,1
0.1261781007051468,1
0.047846049070358276,1
0.15241298079490662,1
0.09686645120382309,1
0.19087114930152893,1
0.059950876981019974,1
0.1781519651412964,1
0.16281357407569885,1
0.11746445298194885,1
0.05962734296917915,1
0.1640307605266571,1
0.11120010167360306,1
0.1076214611530304,1
0.2690521478652954,1
0.10713128000497818,1
0.08466249704360962,1
0.1637987494468689,1
0.08566713333129883,1
0.21732456982135773,1
0.03969401866197586,1
0.05852348357439041,1
0.07747219502925873,1
0.07972949743270874,1
0.2001030594110489,1
0.03825569897890091,1
0.07250179350376129,1
0.11338405311107635,1
0.04929560422897339,1
0.06983636319637299,1
0.07547818124294281,1
0.10298722237348557,1
0.06120447441935539,1
0.13527505099773407,1
0.11736463010311127,1
0.19015666842460632,1
0.06207391619682312,1
0.15049207210540771,1
0.21716316044330597,1
0.030184363946318626,1
0.16093769669532776,1
0.3171256184577942,1
0.028739772737026215,1
0.1830819845199585,1
0.07785427570343018,1
0.08615384995937347,1
0.04925797879695892,1
0.2858276963233948,1
0.07343412935733795,1
0.1594136506319046,1
0.05695471912622452,1
0.04916302487254143,1
0.030555233359336853,1
0.08352590352296829,1
0.18163205683231354,1
0.0699281394481659,1
0.12667380273342133,1
0.1499038189649582,1
0.10431843996047974,1
0.14616620540618896,1
0.05861830338835716,1
0.08659292012453079,1
0.11305942386388779,1
0.055891044437885284,1
0.17509986460208893,1
0.19873285293579102,1
0.14083780348300934,1
0.09978332370519638,1
0.3085041046142578,1
0.08303169161081314,1
0.17105920612812042,1
0.04749075695872307,1
0.06991605460643768,1
0.06299637258052826,1
0.25273987650871277,1
0.09616143256425858,1
0.06228255480527878,1
0.02247929573059082,1
0.0763658732175827,1
0.1381147801876068,1
0.15548837184906006,1
0.25607603788375854,1
0.25064894556999207,1
0.06770556420087814,1
0.05423455312848091,1
0.11013726890087128,1
0.12023012340068817,1
0.04442264884710312,1
0.09713922441005707,1
0.08676937222480774,1
0.13744430243968964,1
0.2921668291091919,1
0.2784755527973175,1
0.06471408903598785,1
0.04429182410240173,1
0.1700601726770401,1
0.022142386063933372,1
0.171092227101326,1
0.0645250603556633,1
0.12614962458610535,1
0.03903667628765106,1
0.11548105627298355,1
0.45408838987350464,1
0.09730564057826996,1
0.07690372318029404,1
0.14631640911102295,1
0.11856238543987274,1
0.07977208495140076,1
0.08633223176002502,1
0.12460021674633026,1
0.12475549429655075,1
0.2620370388031006,1
0.036608945578336716,1
0.2117287814617157,1
0.11848916113376617,1
0.0945090502500534,1
0.2170332372188568,1
0.04938825964927673,1
0.10080455243587494,1
0.17050576210021973,1
0.08570857346057892,1
0.22877103090286255,1
0.08590508252382278,1
0.2865486443042755,1
0.09412765502929688,1
0.1991385519504547,1
0.19289833307266235,1
0.24125897884368896,1
0.06039157882332802,1
0.09134823083877563,1
0.20568016171455383,1
0.2937847375869751,1
0.11197105050086975,1
0.08409524708986282,1
0.08257392793893814,1
0.04646334797143936,1
0.15674737095832825,1
0.15143060684204102,1
0.07588706910610199,1
0.04064752161502838,1
0.1155921071767807,1
0.11448680609464645,1
0.06740369647741318,1
0.10059121251106262,1
0.09891074150800705,1
0.09892592579126358,1
0.08694032579660416,1
0.056393884122371674,1
0.20158064365386963,1
0.05646185204386711,1
0.03651958331465721,1
0.07918396592140198,1
0.110811248421669,1
0.13138824701309204,1
0.09009837359189987,1
0.11789359152317047,1
0.24257473647594452,1
0.15346047282218933,1
0.05261606723070145,1
0.07477936893701553,1
0.17475514113903046,1
0.11172698438167572,1
0.14548107981681824,1
0.046659916639328,1
0.05807207524776459,1
0.1630186140537262,1
0.129280686378479,1
0.11843688786029816,1
0.12217828631401062,1
0.15201672911643982,1
0.13587714731693268,1
0.10024644434452057,1
0.11976580321788788,1
0.21406571567058563,1
0.20162571966648102,1
0.15028248727321625,1
0.15367649495601654,1
0.06191882863640785,1
0.07960456609725952,1
0.12188102304935455,1
0.1300022006034851,1
0.14981190860271454,1
0.17272953689098358,1
0.08714596182107925,1
0.1349751204252243,1
0.07566644996404648,1
0.13946972787380219,1
0.09553845226764679,1
0.04830142855644226,1
0.1274363249540329,1
0.10891908407211304,1
0.16762374341487885,1
0.11805429309606552,1
0.04152395576238632,1
0.22270002961158752,1
0.16779732704162598,1
0.16318517923355103,1
0.06567414104938507,1
0.16233466565608978,1
0.06658108532428741,1
0.04812883585691452,1
0.1284683346748352,1
0.1492781937122345,1
0.13385894894599915,1
0.09853532910346985,1
0.06529615819454193,1
0.053180992603302,1
0.05353468284010887,1
0.0857398509979248,1
0.07064476609230042,1
0.14214301109313965,1
0.27186331152915955,1
0.1063886508345604,1
0.13648635149002075,1
0.06741520762443542,1
0.09877883642911911,1
0.1519654244184494,1
0.20258577167987823,1
0.14315997064113617,1
0.1466294825077057,1
0.067346952855587,1
0.038911908864974976,1
0.11752292513847351,1
0.11188890039920807,1
0.05304879695177078,1
0.11646806448698044,1
0.07599306851625443,1
0.06806680560112,1
0.10396549105644226,1
0.12025870382785797,1
0.22133952379226685,1
0.15039753913879395,1
0.13013331592082977,1
0.0675954520702362,1
0.10260997712612152,1
0.17441128194332123,1
0.13199393451213837,1
0.19870291650295258,1
0.10449942946434021,1
0.011368711479008198,1
0.07841494679450989,1
0.12493401765823364,1
0.10128620266914368,1
0.198002427816391,1
0.06950734555721283,1
0.08860468119382858,1
0.08909304440021515,1
0.10355746001005173,1
0.11375341564416885,1
0.12511642277240753,1
0.0934445783495903,1
0.16307692229747772,1
0.035280585289001465,1
0.05808375030755997,1
0.060703691095113754,1
0.06715796887874603,1
0.32035043835639954,1
0.02472344972193241,1
0.04600349813699722,1
0.243006631731987,1
0.17151497304439545,1
0.1740809679031372,1
0.28738492727279663,1
0.07968606799840927,1
0.21733655035495758,1
0.07212789356708527,1
0.1060788631439209,1
0.14160582423210144,1
0.045064181089401245,1
0.1134611964225769,1
0.06153862550854683,1
0.058510519564151764,1
0.03694826364517212,1
0.10091548413038254,1
0.06206830218434334,1
0.06893732398748398,1
0.13208433985710144,1
0.18889497220516205,1
0.07379168272018433,1
0.04960199445486069,1
0.06557770073413849,1
0.07179419696331024,1
0.06372834742069244,1
0.05068264156579971,1
0.10785086452960968,1
0.07164844125509262,1
0.10172057151794434,1
0.16829633712768555,1
0.23949918150901794,1
0.06027374416589737,1
0.15272583067417145,1
0.07383497804403305,1
0.17560231685638428,1
0.047132622450590134,1
0.1214231550693512,1
0.13191676139831543,1
0.11553523689508438,1
0.10857295244932175,1
0.03840244561433792,1
0.20481261610984802,1
0.05185946077108383,1
0.15619727969169617,1
0.03765929862856865,1
0.05257568880915642,1
0.1001829281449318,1
0.09428830444812775,1
0.26502925157546997,1
0.4001600444316864,1
0.18136930465698242,1
0.09151013940572739,1
0.08437684923410416,1
0.13104084134101868,1
0.07706056535243988,1
0.13558639585971832,1
0.31804680824279785,1
0.1270519196987152,1
0.14642608165740967,1
0.16009880602359772,1
0.10599622875452042,1
0.113087959587574,1
0.13881857693195343,1
0.051707591861486435,1
0.12501691281795502,1
0.1905410885810852,1
0.24606263637542725,1
0.11230874061584473,1
0.1877453625202179,1
0.041665881872177124,1
0.06825122982263565,1
0.06562543660402298,1
0.1592056155204773,1
0.10990588366985321,1
0.17864373326301575,1
0.08911000937223434,1
0.07491559535264969,1
0.05935218930244446,1
0.08170697093009949,1
0.13598275184631348,1
0.04391307383775711,1
0.09835101664066315,1
0.2497420459985733,1
0.18948669731616974,1
0.17076531052589417,1
0.13040420413017273,1
0.0900728851556778,1
0.0715276300907135,1
0.14073634147644043,1
0.18485580384731293,1
0.19855304062366486,1
0.060468509793281555,1
0.046127915382385254,1
0.05644698441028595,1
0.2142285257577896,1
0.1270124614238739,1
0.1912495493888855,1
0.21954089403152466,1
0.041572436690330505,1
0.08745992183685303,1
0.058139003813266754,1
0.13123735785484314,1
0.0524650476872921,1
0.04068877920508385,1
0.16215144097805023,1
0.13670706748962402,1
0.0821063369512558,1
0.13850894570350647,1
0.261052668094635,1
0.1046345978975296,1
0.05392172932624817,1
0.0779721736907959,1
0.2582193911075592,1
0.08297570049762726,1
0.07059561461210251,1
0.06408587098121643,1
0.1336086392402649,1
0.19000613689422607,1
0.15035808086395264,1
0.15666592121124268,1
0.2818373441696167,1
0.10654538869857788,1
0.11758238077163696,1
0.18411079049110413,1
0.08353739976882935,1
0.10056167840957642,1
0.23426315188407898,1
0.1456691473722458,1
0.10660383850336075,1
0.13755041360855103,1
0.10127671808004379,1
0.07106504589319229,1
0.08636277168989182,1
0.046267930418252945,1
0.03588875010609627,1
0.09805210679769516,1
0.12241770327091217,1
0.16559967398643494,1
0.1277208924293518,1
0.16616597771644592,1
0.08362070471048355,1
0.06379391998052597,1
0.028372852131724358,1
0.07575535774230957,1
0.17393672466278076,1
0.0792461633682251,1
0.10674598813056946,1
0.07606169581413269,1
0.08538853377103806,1
0.24132731556892395,1
0.09106837213039398,1
0.1136213168501854,1
0.08566616475582123,1
0.19936227798461914,1
0.15459635853767395,1
0.05505206808447838,1
0.06511807441711426,1
0.08036879450082779,1
0.07755555957555771,1
0.34819266200065613,1
0.16190746426582336,1
0.07245827466249466,1
0.34800928831100464,1
0.06613294780254364,1
0.052030548453330994,1
0.20983850955963135,1
0.08973146975040436,1
0.04839198291301727,1
0.13228777050971985,1
0.06425713002681732,1
0.07126665115356445,1
0.21636348962783813,1
0.041291315108537674,1
0.09205398708581924,1
0.0860057920217514,1
0.10949760675430298,1
0.06057523936033249,1
0.25018706917762756,1
0.09736555814743042,1
0.062457408756017685,1
0.05935898795723915,1
0.059855952858924866,1
0.0704992339015007,1
0.10981017351150513,1
0.12693391740322113,1
0.06618773937225342,1
0.06623471528291702,1
0.1077551394701004,1
0.04246676713228226,1
0.04094075784087181,1
0.03507142886519432,1
0.05380551889538765,1
0.06632012873888016,1
0.1326085925102234,1
0.10431190580129623,1
0.06726429611444473,1
0.05192602798342705,1
0.13415879011154175,1
0.14078104496002197,1
0.07462829351425171,1
0.09374108910560608,1
0.09464910626411438,1
0.1340511590242386,1
0.059812434017658234,1
0.2375747263431549,1
0.05105237662792206,1
0.19871143996715546,1
0.164970263838768,1
0.09200446307659149,1
0.14250656962394714,1
0.10504377633333206,1
0.04912499338388443,1
0.08841732144355774,1
0.07590274512767792,1
0.062331248074769974,1
0.046096086502075195,1
0.22570224106311798,1
0.14193686842918396,1
0.08426737785339355,1
0.06513456255197525,1
0.054076217114925385,1
0.05327893793582916,1
0.11843419075012207,1
0.06725195050239563,1
0.030616875737905502,1
0.1558815836906433,1
0.1301717609167099,1
0.06452232599258423,1
0.050176650285720825,1
0.03864935413002968,1
0.11789100617170334,1
0.10396730899810791,1
0.07303906232118607,1
0.20591124892234802,1
0.06123010814189911,1
0.10160849988460541,1
0.17110979557037354,1
0.11785690486431122,1
0.050987549126148224,1
0.09210246056318283,1
0.07885930687189102,1
0.24626557528972626,1
0.05842234194278717,1
0.06987213343381882,1
0.07129138708114624,1
0.04898345097899437,1
0.05961385741829872,1
0.030901368707418442,1
0.03101964294910431,1
0.1352573186159134,1
0.09099452942609787,1
0.05034374073147774,1
0.12396053969860077,1
0.21228927373886108,1
0.10076751559972763,1
0.10268960893154144,1
0.23156625032424927,1
0.1774807721376419,1
0.25588458776474,1
0.05247948318719864,1
0.12416373938322067,1
0.23072049021720886,1
0.22103245556354523,1
0.14992590248584747,1
0.16873325407505035,1
0.061131931841373444,1
0.14876633882522583,1
0.09855300188064575,1
0.08015014231204987,1
0.1510668247938156,1
0.1895776093006134,1
0.10720150172710419,1
0.029078779742121696,1
0.3720974624156952,1
0.06547027826309204,1
0.05426567792892456,1
0.3369884788990021,1
0.02921457588672638,1
0.11673366278409958,1
0.2353430986404419,1
0.10824435949325562,1
0.06475281715393066,1
0.08587214350700378,1
0.06238393113017082,1
0.15884429216384888,1
0.32556384801864624,1
0.09629017114639282,1
0.07736736536026001,1
0.20759734511375427,1
0.03689659759402275,1
0.06972187757492065,1
0.21000245213508606,1
0.12159572541713715,1
0.23617693781852722,1
0.08703489601612091,1
0.026408016681671143,1
0.2028871327638626,1
0.26256072521209717,1
0.1211169958114624,1
0.13037800788879395,1
0.11040869355201721,1
0.048401594161987305,1
0.16819176077842712,1
0.059078291058540344,1
0.11269249022006989,1
0.057728469371795654,1
0.13557308912277222,1
0.2904711961746216,1
0.04838515818119049,1
0.0702304020524025,1
0.04014826565980911,1
0.07306511700153351,1
0.1893458515405655,1
0.03996177762746811,1
0.06185139715671539,1
0.23603969812393188,1
0.22081336379051208,1
0.06344340741634369,1
0.09542696923017502,1
0.19570226967334747,1
0.12030035257339478,1
0.13405491411685944,1
0.04381411522626877,1
0.27253594994544983,1
0.0396619588136673,1
0.06692487746477127,1
0.12195995450019836,1
0.04993581771850586,1
0.11208716779947281,1
0.045804496854543686,1
0.11382756382226944,1
0.13290907442569733,1
0.20542636513710022,1
0.19019588828086853,1
0.08664467185735703,1
0.3266129493713379,1
0.0626516342163086,1
0.10987314581871033,1
0.27188271284103394,1
0.1655001938343048,1
0.10095438361167908,1
0.13032224774360657,1
0.24314208328723907,1
0.11947638541460037,1
0.10903056710958481,1
0.12809325754642487,1
0.0701417550444603,1
0.11157223582267761,1
0.08366221934556961,1
0.025081243366003036,1
0.16857579350471497,1
0.0561525896191597,1
0.11901280283927917,1
0.20171266794204712,1
0.11052704602479935,1
0.07013828307390213,1
0.0841328427195549,1
0.21934205293655396,1
0.11955969780683517,1
0.2001248002052307,1
0.10731624066829681,1
0.08058847486972809,1
0.06464583426713943,1
0.2426699995994568,1
0.14443078637123108,1
0.05150988698005676,1
0.16614381968975067,1
0.12520024180412292,1
0.0897483080625534,1
0.06496354937553406,1
0.08627315610647202,1
0.19589489698410034,1
0.0658823773264885,1
0.07479647547006607,1
0.053126826882362366,1
0.09071075171232224,1
0.08143046498298645,1
0.12753234803676605,1
0.08952763676643372,1
0.16064709424972534,1
0.029319390654563904,1
0.0950203388929367,1
0.027621600776910782,1
0.15664397180080414,1
0.0971134603023529,1
0.08591632544994354,1
0.20597881078720093,1
0.09340286254882813,1
0.13919506967067719,1
0.07928115129470825,1
0.04469893127679825,1
0.22561709582805634,1
0.07857228815555573,1
0.2893304228782654,1
0.06141834333539009,1
0.07519780844449997,1
0.026198480278253555,1
0.3612695336341858,1
0.05030350759625435,1
0.07762114703655243,1
0.08049288392066956,1
0.08976888656616211,1
0.09929008036851883,1
0.21816784143447876,1
0.1450171023607254,1
0.1082972064614296,1
0.19540399312973022,1
0.054379902780056,1
0.07577572762966156,1
0.08465014398097992,1
0.1126217171549797,1
0.06407181173563004,1
0.11780519783496857,1
0.10194391012191772,1
0.2111561894416809,1
0.05726126581430435,1
0.20599204301834106,1
0.12269672751426697,1
0.06156419217586517,1
0.05375376343727112,1
0.10164245218038559,1
0.15203088521957397,1
0.09889300912618637,1
0.20754298567771912,1
0.03808341920375824,1
0.03826574608683586,1
0.06403204798698425,1
0.1320287585258484,1
0.15377859771251678,1
0.17999547719955444,1
0.1440090388059616,1
0.11671697348356247,1
0.09840703010559082,1
0.23256045579910278,1
0.13961753249168396,1
0.06264573335647583,1
0.12997102737426758,1
0.13049262762069702,1
0.208070769906044,1
0.07427085936069489,1
0.19853520393371582,1
0.17369017004966736,1
0.22642511129379272,1
0.07460961490869522,1
0.08602838963270187,1
0.12090128660202026,1
0.13280414044857025,1
0.07860970497131348,1
0.06803807616233826,1
0.025879492983222008,1
0.04947856813669205,1
0.2064688354730606,1
0.08269663155078888,1
0.038181327283382416,1
0.10577943921089172,1
0.07920075207948685,1
0.18649734556674957,1
0.035214006900787354,1
0.08005797863006592,1
0.5244745016098022,1
0.3317418098449707,1
0.1441623866558075,1
0.12074251472949982,1
0.18279126286506653,1
0.10607749223709106,1
0.09266011416912079,1
0.027994252741336823,1
0.15857423841953278,1
0.11037669330835342,1
0.1696881651878357,1
0.1930440366268158,1
0.08521333336830139,1
0.17526929080486298,1
0.14092522859573364,1
0.09377302974462509,1
0.043837498873472214,1
0.07214456796646118,1
0.06657873094081879,1
0.061686236411333084,1
0.09362949430942535,1
0.1762734353542328,1
0.2248021960258484,1
0.09368368983268738,1
0.10391350835561752,1
0.33752259612083435,1
0.13914187252521515,1
0.10190723836421967,1
0.07140299677848816,1
0.07370397448539734,1
0.14750242233276367,1
0.12500399351119995,1
0.21968041360378265,1
0.07289166748523712,1
0.094294473528862,1
0.06079450994729996,1
0.12349675595760345,1
0.22286850214004517,1
0.1606905460357666,1
0.1758882999420166,1
0.3014599680900574,1
0.13607904314994812,1
0.05087392404675484,1
0.08218102902173996,1
0.05226653814315796,1
0.1329948753118515,1
0.04856809973716736,1
0.14401967823505402,1
0.2603355944156647,1
0.13726645708084106,1
0.09777805209159851,1
0.13741807639598846,1
0.11817373335361481,1
0.1689734160900116,1
0.08711946755647659,1
0.07829191535711288,1
0.05456547439098358,1
0.07234543561935425,1
0.1425318866968155,1
0.06375081837177277,1
0.129985511302948,1
0.04462309554219246,1
0.12437964230775833,1
0.10729307681322098,1
0.08610354363918304,1
0.14014536142349243,1
0.024413134902715683,1
0.07320384681224823,1
0.0812462791800499,1
0.25459131598472595,1
0.13059966266155243,1
0.03678454831242561,1
0.15335381031036377,1
0.07837056368589401,1
0.12354152649641037,1
0.21821214258670807,1
0.1830701380968094,1
0.0671233981847763,1
0.08068439364433289,1
0.07254839688539505,1
0.3352746069431305,1
0.1504186987876892,1
0.08015727996826172,1
0.19917148351669312,1
0.1724151372909546,1
0.1902911514043808,1
0.23756180703639984,1
0.08251847326755524,1
0.16861839592456818,1
0.09453629702329636,1
0.1184173971414566,1
0.3528826832771301,1
0.08973167836666107,1
0.09436558187007904,1
0.13574931025505066,1
0.06469855457544327,1
0.1042017787694931,1
0.16507962346076965,1
0.04673176631331444,1
0.04712280258536339,1
0.26579856872558594,1
0.04333332180976868,1
0.13282592594623566,1
0.11408565193414688,1
0.08814370632171631,1
0.10691960155963898,1
0.16043893992900848,1
0.06778669357299805,1
0.1441005915403366,1
0.07006914168596268,1
0.3201940655708313,1
0.06660420447587967,1
0.15575475990772247,1
0.14881372451782227,1
0.09676921367645264,1
0.1207452118396759,1
0.05931727960705757,1
0.15755575895309448,1
0.12054646015167236,1
0.11330089718103409,1
0.21361005306243896,1
0.11222928017377853,1
0.18730197846889496,1
0.10232516378164291,1
0.21792194247245789,1
0.05263184756040573,1
0.04332251846790314,1
0.03675004467368126,1
0.04620613157749176,1
0.0856567770242691,1
0.11704860627651215,1
0.07036314904689789,1
0.17567183077335358,1
0.026939721778035164,1
0.18226298689842224,1
0.09713667631149292,1
0.29762524366378784,1
0.14766815304756165,1
0.10871460288763046,1
0.11363504827022552,1
0.08301486819982529,1
0.07279129326343536,1
0.045386455953121185,1
0.08891043066978455,1
0.07215187698602676,1
0.10735376179218292,1
0.264479398727417,1
0.06728561222553253,1
0.16005098819732666,1
0.18336758017539978,1
0.14220990240573883,1
0.1776406466960907,1
0.06603554636240005,1
0.027464434504508972,1
0.1964530497789383,1
0.17610609531402588,1
0.18480156362056732,1
0.23978111147880554,1
0.047044433653354645,1
0.055297695100307465,1
0.06424843519926071,1
0.1630157232284546,1
0.13233903050422668,1
0.06995199620723724,1
0.16741721332073212,1
0.09029257297515869,1
0.07616546005010605,1
0.11980857700109482,1
0.010129463858902454,1
0.08108947426080704,1
0.060182273387908936,1
0.11852875351905823,1
0.028679601848125458,1
0.24125643074512482,1
0.1509678065776825,1
0.1158575788140297,1
0.0601651668548584,1
0.0594305619597435,1
0.15725073218345642,1
0.07065188884735107,1
0.07371869683265686,1
0.10699885338544846,1
0.12533727288246155,1
0.1433590203523636,1
0.08697641640901566,1
0.10601174831390381,1
0.28904223442077637,1
0.13989363610744476,1
0.09378284215927124,1
0.2001960277557373,1
0.07098835706710815,1
0.2585605978965759,1
0.09335365146398544,1
0.048287492245435715,1
0.29892900586128235,1
0.12244227528572083,1
0.05847503989934921,1
0.23315544426441193,1
0.16770389676094055,1
0.031044652685523033,1
0.06466211378574371,1
0.03499476611614227,1
0.11669780313968658,1
0.06574966758489609,1
0.022011660039424896,1
0.12465149909257889,1
0.07730632275342941,1
0.12057200819253922,1
0.1659100353717804,1
0.05758470296859741,1
0.04920559376478195,1
0.16806577146053314,1
0.07454001903533936,1
0.05110650509595871,1
0.24898327887058258,1
0.3035470247268677,1
0.09348736703395844,1
0.1463330090045929,1
0.0519111193716526,1
0.11756664514541626,1
0.21741129457950592,1
0.06363462656736374,1
0.10808251053094864,1
0.06615494191646576,1
0.12244763225317001,1
0.27887487411499023,1
0.11601594090461731,1
0.10774540901184082,1
0.034486427903175354,1
0.11967652291059494,1
0.328648179769516,1
0.16529573500156403,1
0.12063907086849213,1
0.038947973400354385,1
0.1351131796836853,1
0.16223156452178955,1
0.20570924878120422,1
0.09989491105079651,1
0.09579847753047943,1
0.15746083855628967,1
0.1692020148038864,1
0.11959771811962128,1
0.11656035482883453,1
0.10143470019102097,1
0.2115664929151535,1
0.04938047006726265,1
0.11312437057495117,1
0.1727902889251709,1
0.07455341517925262,1
0.09090769290924072,1
0.23051081597805023,1
0.08138421177864075,1
0.18744586408138275,1
0.2879808247089386,1
0.050394825637340546,1
0.09911884367465973,1
0.08831484615802765,1
0.1240185797214508,1
0.18571411073207855,1
0.03560741990804672,1
0.023333294317126274,1
0.17085903882980347,1
0.12773914635181427,1
0.11364029347896576,1
0.01590609923005104,1
0.03764729201793671,1
0.14797106385231018,1
0.2800896167755127,1
0.07034264504909515,1
0.09504733979701996,1
0.06446041911840439,1
0.17051832377910614,1
0.06470336019992828,1
0.1654926836490631,1
0.0682658702135086,1
0.12689608335494995,1
0.03326845541596413,1
0.11408525705337524,1
0.10263771563768387,1
0.0551263727247715,1
0.1277797371149063,1
0.16366508603096008,1
0.07903145253658295,1
0.1927061378955841,1
0.10726217180490494,1
0.09299913048744202,1
0.08044388890266418,1
0.08616257458925247,1
0.08674585074186325,1
0.05660199373960495,1
0.16169187426567078,1
0.06501343846321106,1
0.08636074513196945,1
0.21999898552894592,1
0.0875050500035286,1
0.20498612523078918,1
0.19553296267986298,1
0.18450215458869934,1
0.20788343250751495,1
0.08258357644081116,1
0.23560145497322083,1
0.15099483728408813,1
0.051083460450172424,1
0.18710985779762268,1
0.16330568492412567,1
0.0850987583398819,1
0.15606682002544403,1
0.1864125281572342,1
0.08481241017580032,1
0.1000492125749588,1
0.15069320797920227,1
0.18067963421344757,1
0.08121845126152039,1
0.13493873178958893,1
0.06571638584136963,1
0.17549408972263336,1
0.06458500027656555,1
0.04394012317061424,1
0.1554868221282959,1
0.11479957401752472,1
0.0976124107837677,1
0.11408133804798126,1
0.05040431022644043,1
0.1419975608587265,1
0.19380855560302734,1
0.04426988586783409,1
0.19180835783481598,1
0.02897006645798683,1
0.09502319246530533,1
0.37198466062545776,1
0.2028598040342331,1
0.15523457527160645,1
0.126687690615654,1
0.05493193492293358,1
0.09764158725738525,1
0.05286409705877304,1
0.08898791670799255,1
0.0957188606262207,1
0.12674564123153687,1
0.11185609549283981,1
0.2836291790008545,1
0.08618136495351791,1
0.06804618239402771,1
0.11581728607416153,1
0.04820362478494644,1
0.10718518495559692,1
0.17306125164031982,1
0.25572869181632996,1
0.2805085778236389,1
0.11403614282608032,1
0.1427937000989914,1
0.1546422690153122,1
0.017397379502654076,1
0.10488651692867279,1
0.16846074163913727,1
0.1805957555770874,1
0.06229299679398537,1
0.15148486196994781,1
0.0992623120546341,1
0.0865393579006195,1
0.051425497978925705,1
0.16066958010196686,1
0.13302671909332275,1
0.1477978527545929,1
0.11141590029001236,1
0.22423715889453888,1
0.07049811631441116,1
0.2408418357372284,1
0.05128692835569382,1
0.05562224239110947,1
0.16772428154945374,1
0.05655631795525551,1
0.07213960587978363,1
0.12836143374443054,1
0.13425815105438232,1
0.2435148060321808,1
0.28671446442604065,1
0.1511879563331604,1
0.25503575801849365,1
0.13197027146816254,1
0.20376764237880707,1
0.12439297884702682,1
0.11728771030902863,1
0.09945591539144516,1
0.15134555101394653,1
0.09185785055160522,1
0.05479537323117256,1
0.08425510674715042,1
0.18349549174308777,1
0.16999880969524384,1
0.2696928381919861,1
0.13239146769046783,1
0.06600216031074524,1
0.1157958060503006,1
0.11307603865861893,1
0.1883178949356079,1
0.10980965197086334,1
0.14578087627887726,1
0.08698263764381409,1
0.15902209281921387,1
0.1025625467300415,1
0.10215826332569122,1
0.09594912827014923,1
0.0499623566865921,1
0.032108284533023834,1
0.010088365525007248,1
0.03827476501464844,1
0.1401183307170868,1
0.07088643312454224,1
0.19481168687343597,1
0.17151358723640442,1
0.1209588572382927,1
0.3193723261356354,1
0.1618746668100357,1
0.05069895088672638,1
0.12211202085018158,1
0.06522834300994873,1
0.05690206587314606,1
0.1652098149061203,1
0.05314035341143608,1
0.18422825634479523,1
0.2903395891189575,1
0.2894996702671051,1
0.12634232640266418,1
0.16389049589633942,1
0.05163934826850891,1
0.03974500671029091,1
0.04150276631116867,1
0.18064963817596436,1
0.03456706181168556,1
0.356189489364624,1
0.13098695874214172,1
0.0862792581319809,1
0.10025835037231445,1
0.10532981157302856,1
0.10257159173488617,1
0.04909936338663101,1
0.15198847651481628,1
0.15206453204154968,1
0.24538493156433105,1
0.05540475249290466,1
0.15234264731407166,1
0.1412825882434845,1
0.106236532330513,1
0.09878724068403244,1
0.05910450592637062,1
0.09181013703346252,1
0.04541991651058197,1
0.06057704612612724,1
0.05948581546545029,1
0.17600344121456146,1
0.11857674270868301,1
0.11222179234027863,1
0.056712307035923004,1
0.169746994972229,1
0.07635460793972015,1
0.1729893982410431,1
0.08695271611213684,1
0.11472515761852264,1
0.08957184851169586,1
0.14684005081653595,1
0.060355111956596375,1
0.050228677690029144,1
0.18692521750926971,1
0.06792854517698288,1
0.09526978433132172,1
0.0827726274728775,1
0.11454753577709198,1
0.07831160724163055,1
0.06860223412513733,1
0.10215851664543152,1
0.12515176832675934,1
0.05861932039260864,1
0.11617740243673325,1
0.10159261524677277,1
0.14223983883857727,1
0.05716606229543686,1
0.04933296889066696,1
0.03472510352730751,1
0.048218995332717896,1
0.1168733537197113,1
0.05984644591808319,1
0.09275974333286285,1
0.11856667697429657,1
0.04001760482788086,1
0.14540065824985504,1
0.3044907748699188,1
0.17250075936317444,1
0.036706872284412384,1
0.08719024062156677,1
0.5438756942749023,1
0.08556859195232391,1
0.16374513506889343,1
0.10957815498113632,1
0.11273075640201569,1
0.09311732649803162,1
0.10605883598327637,1
0.03141723573207855,1
0.10126692056655884,1
0.2555508613586426,1
0.08131338655948639,1
0.2672394812107086,1
0.032986000180244446,1
0.043022871017456055,1
0.09535311907529831,1
0.049911659210920334,1
0.1386164128780365,1
0.22058072686195374,1
0.17661665380001068,1
0.2369927167892456,1
0.2668903172016144,1
0.07606314867734909,1
0.10026493668556213,1
0.17061832547187805,1
0.040982697159051895,1
0.14554867148399353,1
0.06565432250499725,1
0.08571567386388779,1
0.19729924201965332,1
0.11602906882762909,1
0.09088192135095596,1
0.07679744809865952,1
0.08564727753400803,1
0.0959181934595108,1
0.08383490145206451,1
0.048502277582883835,1
0.06002871319651604,1
0.10320952534675598,1
0.07963808625936508,1
0.1687445491552353,1
0.11792503297328949,1
0.08101657032966614,1
0.07257125526666641,1
0.04850378632545471,1
0.12500622868537903,1
0.2797674536705017,1
0.1252165138721466,1
0.027607902884483337,1
0.06951052695512772,1
0.050058513879776,1
0.14365500211715698,1
0.09675899147987366,1
0.06253665685653687,1
0.058439720422029495,1
0.16964492201805115,1
0.06241219863295555,1
0.24866411089897156,1
0.1136522889137268,1
0.31351685523986816,1
0.17752420902252197,1
0.08724287152290344,1
0.31256821751594543,1
0.11164737492799759,1
0.13428230583667755,1
0.07440365105867386,1
0.12738704681396484,1
0.05178384855389595,1
0.11398661881685257,1
0.14513179659843445,1
0.12141953408718109,1
0.26172834634780884,1
0.12937328219413757,1
0.05512421950697899,1
0.13164858520030975,1
0.10714492201805115,1
0.04917749762535095,1
0.05758054181933403,1
0.11495166271924973,1
0.029689501971006393,1
0.036849696189165115,1
0.07886545360088348,1
0.10775620490312576,1
0.352344274520874,1
0.09953059256076813,1
0.10897772014141083,1
0.08239249885082245,1
0.05803801491856575,1
0.15980097651481628,1
0.06495373696088791,1
0.035377003252506256,1
0.06577184051275253,1
0.19414779543876648,1
0.20739337801933289,1
0.09448450803756714,1
0.15725043416023254,1
0.1441628783941269,1
0.06587249040603638,1
0.0321352444589138,1
0.05502985790371895,1
0.15817272663116455,1
0.15306685864925385,1
0.1488042175769806,1
0.08229851722717285,1
0.17275387048721313,1
0.15806864202022552,1
0.226645827293396,1
0.15717916190624237,1
0.1127472072839737,1
0.17636419832706451,1
0.07491739094257355,1
0.04729482904076576,1
0.20350557565689087,1
0.04775979742407799,1
0.112591952085495,1
0.10831111669540405,1
0.12703150510787964,1
0.03669311851263046,1
0.25584620237350464,1
0.08991998434066772,1
0.1899854987859726,1
0.11602308601140976,1
0.10662591457366943,1
0.3582708239555359,1
0.013121137395501137,1
0.08906978368759155,1
0.06026178598403931,1
0.05001406744122505,1
0.1572382003068924,1
0.08172733336687088,1
0.13451771438121796,1
0.16280360519886017,1
0.031856562942266464,1
0.0746157094836235,1
0.1446247398853302,1
0.1494358479976654,1
0.07300064712762833,1
0.03088565357029438,1
0.23543506860733032,1
0.13281364738941193,1
0.1569678783416748,1
0.0929914265871048,1
0.10628730803728104,1
0.07718072086572647,1
0.14187823235988617,1
0.1994253695011139,1
0.1711026281118393,1
0.11485278606414795,1
0.041030313819646835,1
0.13015571236610413,1
0.0780230239033699,1
0.08364841341972351,1
0.24818798899650574,1
0.04649651050567627,1
0.04224083572626114,1
0.0857013612985611,1
0.14131782948970795,1
0.09584294259548187,1
0.060952410101890564,1
0.2801283597946167,1
0.1786692589521408,1
0.07472292333841324,1
0.0371282733976841,1
0.11921244859695435,1
0.08093477785587311,1
0.06665914505720139,1
0.08940258622169495,1
0.16629630327224731,1
0.14841651916503906,1
0.11760058999061584,1
0.16057860851287842,1
0.230927973985672,1
0.09287209063768387,1
0.17848366498947144,1
0.10239379853010178,1
0.08785552531480789,1
0.025250853970646858,1
0.09565459936857224,1
0.03330152854323387,1
0.03235018998384476,1
0.03322746604681015,1
0.12566690146923065,1
0.0818144828081131,1
0.12331900745630264,1
0.19094794988632202,1
0.1107483059167862,1
0.11317663639783859,1
0.18713080883026123,1
0.05966871604323387,1
0.07311603426933289,1
0.05553939566016197,1
0.0685453787446022,1
0.1099657192826271,1
0.12917174398899078,1
0.07438383251428604,1
0.06341690570116043,1
0.09688210487365723,1
0.07384474575519562,1
0.06910569965839386,1
0.10572227835655212,1
0.28711000084877014,1
0.1774897575378418,1
0.13473179936408997,1
0.11134511977434158,1
0.080556221306324,1
0.11531101912260056,1
0.05808543413877487,1
0.049574147909879684,1
0.2346019744873047,1
0.24768061935901642,1
0.08012043684720993,1
0.10343360900878906,1
0.08191605657339096,1
0.16982753574848175,1
0.18136781454086304,1
0.09026136249303818,1
0.06904280185699463,1
0.1917712390422821,1
0.11651841551065445,1
0.11056335270404816,1
0.060720741748809814,1
0.10158351808786392,1
0.07922247052192688,1
0.08770577609539032,1
0.10399874299764633,1
0.10208713263273239,1
0.12237709015607834,1
0.2218925803899765,1
0.06682376563549042,1
0.10126291215419769,1
0.027836846187710762,1
0.11683440208435059,1
0.12962312996387482,1
0.20633076131343842,1
0.05098918080329895,1
0.06929153949022293,1
0.09829041361808777,1
0.09297195076942444,1
0.2460193932056427,1
0.25193458795547485,1
0.04719133302569389,1
0.12493687868118286,1
0.03796573728322983,1
0.05391264706850052,1
0.07843466103076935,1
0.15931038558483124,1
0.15133900940418243,1
0.12229447066783905,1
0.09221850335597992,1
0.14401140809059143,1
0.09528578072786331,1
0.0950067937374115,1
0.10018365830183029,1
0.12149582803249359,1
0.14266374707221985,1
0.189833402633667,1
0.27355578541755676,1
0.08817647397518158,1
0.13135069608688354,1
0.06479254364967346,1
0.06669807434082031,1
0.24522019922733307,1
0.14985725283622742,1
0.10720350593328476,1
0.1922893077135086,1
0.2228897660970688,1
0.14466175436973572,1
0.13743573427200317,1
0.06260323524475098,1
0.0544450543820858,1
0.06790302693843842,1
0.11269749701023102,1
0.04063265770673752,1
0.11343973875045776,1
0.08121269941329956,1
0.03767655789852142,1
0.0599994882941246,1
0.07582629472017288,1
0.08589832484722137,1
0.058873336762189865,1
0.06511437892913818,1
0.27109020948410034,1
0.21515610814094543,1
0.2630750238895416,1
0.10267069935798645,1
0.030901726335287094,1
0.06715752929449081,1
0.09948086738586426,1
0.10667753219604492,1
0.1202717274427414,1
0.1378340721130371,1
0.07221885770559311,1
0.08478231728076935,1
0.14038124680519104,1
0.09748370200395584,1
0.1493351012468338,1
0.05767989531159401,1
0.15337875485420227,1
0.10753767937421799,1
0.061525121331214905,1
0.06802351772785187,1
0.040513914078474045,1
0.08654734492301941,1
0.18369464576244354,1
0.06370789557695389,1
0.11325609683990479,1
0.1986570954322815,1
0.13709357380867004,1
0.15748924016952515,1
0.12612579762935638,1
0.11530035734176636,1
0.054847586899995804,1
0.21149587631225586,1
0.03382224962115288,1
0.03419429436326027,1
0.19843922555446625,1
0.04985924810171127,1
0.08686207979917526,1
0.04433747008442879,1
0.234720379114151,1
0.10329432785511017,1
0.06459689885377884,1
0.04367421567440033,1
0.15242576599121094,1
0.1684088557958603,1
0.10800415277481079,1
0.11396334320306778,1
0.06649700552225113,1
0.08509516716003418,1
0.02895103022456169,1
0.14505638182163239,1
0.10403184592723846,1
0.12201745063066483,1
0.06649082154035568,1
0.06540518999099731,1
0.14929020404815674,1
0.12427773326635361,1
0.1360279768705368,1
0.0945391058921814,1
0.06644262373447418,1
0.10862331837415695,1
0.057077862322330475,1
0.0993736982345581,1
0.09081848710775375,1
0.16116544604301453,1
0.08104834705591202,1
0.13337460160255432,1
0.2567659318447113,1
0.014002185314893723,1
0.10433971881866455,1
0.16665205359458923,1
0.04670471325516701,1
0.05876941978931427,1
0.08991656452417374,1
0.10173553973436356,1
0.19170574843883514,1
0.215203195810318,1
0.13381452858448029,1
0.06658834218978882,1
0.05207293853163719,1
0.030750365927815437,1
0.10631496459245682,1
0.21373200416564941,1
0.028973780572414398,1
0.07118717581033707,1
0.18182116746902466,1
0.10238397866487503,1
0.050882019102573395,1
0.07951399683952332,1
0.19415587186813354,1
0.0709623470902443,1
0.2458445429801941,1
0.1733722984790802,1
0.17314249277114868,1
0.05506417155265808,1
0.10971688479185104,1
0.23568594455718994,1
0.06449659168720245,1
0.18807056546211243,1
0.10840573161840439,1
0.20824840664863586,1
0.025702206417918205,1
0.046441130340099335,1
0.026161881163716316,1
0.10442549735307693,1
0.24113407731056213,1
0.13170863687992096,1
0.08795780688524246,1
0.08324853330850601,1
0.0974494069814682,1
0.07087737321853638,1
0.028177397325634956,1
0.09647096693515778,1
0.1894349753856659,1
0.17017194628715515,1
0.05508671700954437,1
0.12228617072105408,1
0.1565408706665039,1
0.07065140455961227,1
0.0346648171544075,1
0.12459827959537506,1
0.11223695427179337,1
0.1853104829788208,1
0.1334022581577301,1
0.09470131993293762,1
0.0951402485370636,1
0.13276593387126923,1
0.14790594577789307,1
0.07537377625703812,1
0.1744680255651474,1
0.12527191638946533,1
0.027694230899214745,1
0.09908173978328705,1
0.05033010616898537,1
0.030535031110048294,1
0.21802902221679688,1
0.1408010572195053,1
0.1721125692129135,1
0.06960418820381165,1
0.04883081465959549,1
0.1541309654712677,1
0.015442519448697567,1
0.0387338288128376,1
0.09765081852674484,1
0.17480047047138214,1
0.12871921062469482,1
0.11214926838874817,1
0.15669196844100952,1
0.17010407149791718,1
0.15849830210208893,1
0.2355542629957199,1
0.3526885211467743,1
0.1460016667842865,1
0.1813940554857254,1
0.2940734326839447,1
0.12853097915649414,1
0.050307560712099075,1
0.13250406086444855,1
0.15615476667881012,1
0.043004680424928665,1
0.1326194405555725,1
0.11422362923622131,1
0.1278432309627533,1
0.029440905898809433,1
0.07922066003084183,1
0.1361454725265503,1
0.09139826148748398,1
0.17064650356769562,1
0.12135292589664459,1
0.04744315519928932,1
0.06657729297876358,1
0.05659928917884827,1
0.04280734807252884,1
0.17891180515289307,1
0.10181542485952377,1
0.1476178765296936,1
0.17820517718791962,1
0.20300643146038055,1
0.11313802003860474,1
0.04690416157245636,1
0.1140691488981247,1
0.013248927891254425,1
0.12579278647899628,1
0.08990930020809174,1
0.11072225868701935,1
0.0697072371840477,1
0.12611287832260132,1
0.11878694593906403,1
0.10404752194881439,1
0.1507258266210556,1
0.140828475356102,1
0.07807275652885437,1
0.24320566654205322,1
0.11519355326890945,1
0.09409717470407486,1
0.07505562156438828,1
0.1455104649066925,1
0.06293978542089462,1
0.118383027613163,1
0.11102122813463211,1
0.05576923489570618,1
0.2534554600715637,1
0.05246909707784653,1
0.16575373709201813,1
0.06423389911651611,1
0.1377938985824585,1
0.28065869212150574,1
0.040279075503349304,1
0.022660519927740097,1
0.17029640078544617,1
0.15842287242412567,1
0.15824371576309204,1
0.0799260064959526,1
0.08600297570228577,1
0.11635337769985199,1
0.12203362584114075,1
0.05625855177640915,1
0.09283903241157532,1
0.021107075735926628,1
0.34168973565101624,1
0.186819925904274,1
0.05519894137978554,1
0.18956045806407928,1
0.03788446635007858,1
0.10348683595657349,1
0.22144542634487152,1
0.08513449132442474,1
0.079612135887146,1
0.0682072639465332,1
0.07035169005393982,1
0.11915276199579239,1
0.29197752475738525,1
0.1862497627735138,1
0.02543160319328308,1
0.1131952702999115,1
0.18215522170066833,1
0.038523294031620026,1
0.09926684945821762,1
0.08078046888113022,1
0.1679673045873642,1
0.08782682567834854,1
0.15649810433387756,1
0.09139782190322876,1
0.20911498367786407,1
0.16355562210083008,1
0.2530015707015991,1
0.26515406370162964,1
0.1337452530860901,1
0.06799767166376114,1
0.1466113030910492,1
0.08996321260929108,1
0.1473144292831421,1
0.05484217777848244,1
0.11906358599662781,1
0.2577720284461975,1
0.10327132046222687,1
0.049327507615089417,1
0.12307485938072205,1
0.128299281001091,1
0.19283412396907806,1
0.07760560512542725,1
0.19739942252635956,1
0.1585078090429306,1
0.10561364889144897,1
0.0915079191327095,1
0.057499922811985016,1
0.2940307557582855,1
0.09581112116575241,1
0.13127166032791138,1
0.11593084782361984,1
0.019335338845849037,1
0.05988987162709236,1
0.1636735051870346,1
0.11496959626674652,1
0.09551107883453369,1
0.06971682608127594,1
0.12603698670864105,1
0.12347549200057983,1
0.25428250432014465,1
0.16847391426563263,1
0.025677841156721115,1
0.2856411039829254,1
0.15077948570251465,1
0.14804807305335999,1
0.06103671342134476,1
0.22199037671089172,1
0.1303277164697647,1
0.1393333375453949,1
0.10297297686338425,1
0.19979660212993622,1
0.10993555188179016,1
0.07830145955085754,1
0.14671941101551056,1
0.1589301973581314,1
0.05667738616466522,1
0.10299786925315857,1
0.15135037899017334,1
0.08518260717391968,1
0.019741280004382133,1
0.042402978986501694,1
0.06570892035961151,1
0.1879814863204956,1
0.0523151159286499,1
0.11246985197067261,1
0.20358458161354065,1
0.08552955090999603,1
0.15166005492210388,1
0.12850737571716309,1
0.04162668436765671,1
0.14519155025482178,1
0.1558876633644104,1
0.07983432710170746,1
0.10497123003005981,1
0.09043702483177185,1
0.062089692801237106,1
0.06555238366127014,1
0.050520312041044235,1
0.10814564675092697,1
0.08509530872106552,1
0.05733650177717209,1
0.07879166305065155,1
0.07466389238834381,1
0.12330662459135056,1
0.05280323326587677,1
0.01746218092739582,1
0.1766398847103119,1
0.16854912042617798,1
0.12630800902843475,1
0.07658055424690247,1
0.039770446717739105,1
0.21946874260902405,1
0.10503949224948883,1
0.09211431443691254,1
0.15926744043827057,1
0.061780333518981934,1
0.04494737088680267,1
0.17566975951194763,1
0.10821125656366348,1
0.10524865984916687,1
0.13201753795146942,1
0.08094246685504913,1
0.09866438806056976,1
0.1576797515153885,1
0.06583735346794128,1
0.03803357481956482,1
0.06067019701004028,1
0.024456646293401718,1
0.1163531020283699,1
0.0611325241625309,1
0.1208331435918808,1
0.041172727942466736,1
0.09350269287824631,1
0.10765882581472397,1
0.21772007644176483,1
0.16549161076545715,1
0.07825299352407455,1
0.06343890726566315,1
0.15227988362312317,1
0.056328389793634415,1
0.11304590106010437,1
0.10161463171243668,1
0.2577577233314514,1
0.26058781147003174,1
0.10081463307142258,1
0.10489970445632935,1
0.26296576857566833,1
0.05781074985861778,1
0.1058858186006546,1
0.18439170718193054,1
0.11399199813604355,1
0.16612377762794495,1
0.12954795360565186,1
0.0925135686993599,1
0.14817118644714355,1
0.06771126389503479,1
0.07797211408615112,1
0.048416487872600555,1
0.040326230227947235,1
0.10662658512592316,1
0.29455363750457764,1
0.18757151067256927,1
0.031938936561346054,1
0.08593226224184036,1
0.10079936683177948,1
0.15553413331508636,1
0.07129301130771637,1
0.45638665556907654,1
0.030105724930763245,1
0.08050106465816498,1
0.052818216383457184,1
0.1831585019826889,1
0.1488553136587143,1
0.03875945881009102,1
0.10110596567392349,1
0.10138747096061707,1
0.12111403048038483,1
0.255199670791626,1
0.19703848659992218,1
0.08726765960454941,1
0.1519848108291626,1
0.1061750203371048,1
0.11010340601205826,1
0.11757434904575348,1
0.12168750911951065,1
0.08494887501001358,1
0.0216719638556242,1
0.03532305732369423,1
0.05049755424261093,1
0.09675055742263794,1
0.03487653285264969,1
0.08921688050031662,1
0.22864212095737457,1
0.08699777722358704,1
0.09389836341142654,1
0.11380274593830109,1
0.1162010207772255,1
0.055850036442279816,1
0.14168044924736023,1
0.10387920588254929,1
0.1916690468788147,1
0.07858267426490784,1
0.15371543169021606,1
0.02432371862232685,1
0.033910635858774185,1
0.11601445078849792,1
0.12298855185508728,1
0.1110091358423233,1
0.09008842706680298,1
0.10400201380252838,1
0.09967917203903198,1
0.14385509490966797,1
0.0751994326710701,1
0.10719311237335205,1
0.1576460599899292,1
0.24337506294250488,1
0.21671101450920105,1
0.2344282567501068,1
0.14239385724067688,1
0.07502282410860062,1
0.1155199259519577,1
0.19102996587753296,1
0.1097089871764183,1
0.1274687647819519,1
0.05269471928477287,1
0.15026171505451202,1
0.11034335941076279,1
0.05035211890935898,1
0.053644806146621704,1
0.06925567984580994,1
0.10750089585781097,1
0.06847668439149857,1
0.09295988082885742,1
0.10148515552282333,1
0.11224827915430069,1
0.029892630875110626,1
0.0857635885477066,1
0.15001074969768524,1
0.08179033547639847,1
0.08156265318393707,1
0.09486602246761322,1
0.19287562370300293,1
0.03979270160198212,1
0.059075359255075455,1
0.1695888191461563,1
0.108680859208107,1
0.06487832963466644,1
0.06013217195868492,1
0.2656213641166687,1
0.19625301659107208,1
0.05501393601298332,1
0.1306043267250061,1
0.05685855448246002,1
0.11491654813289642,1
0.08861429244279861,1
0.09343936294317245,1
0.1497625708580017,1
0.12747040390968323,1
0.17762118577957153,1
0.04952417314052582,1
0.06673674285411835,1
0.09512849897146225,1
0.17008504271507263,1
0.04927421361207962,1
0.12084924429655075,1
0.1713969111442566,1
0.3044504225254059,1
0.06266853213310242,1
0.27495813369750977,1
0.09255655854940414,1
0.13531705737113953,1
0.06926283240318298,1
0.12822671234607697,1
0.05593863129615784,1
0.08642056584358215,1
0.04967164248228073,1
0.22922152280807495,1
0.1962655931711197,1
0.05892261490225792,1
0.06461603194475174,1
0.08913113921880722,1
0.14375823736190796,1
0.07474628835916519,1
0.10836747288703918,1
0.22951093316078186,1
0.10948683321475983,1
0.07764561474323273,1
0.11783979833126068,1
0.04955985024571419,1
0.05719565972685814,1
0.07294098287820816,1
0.07009696960449219,1
0.15600737929344177,1
0.0567784309387207,1
0.2498461902141571,1
0.03289686515927315,1
0.16064220666885376,1
0.09675437957048416,1
0.15943166613578796,1
0.2112158089876175,1
0.17206460237503052,1
0.045019399374723434,1
0.06941048055887222,1
0.19112083315849304,1
0.11272183805704117,1
0.0540623739361763,1
0.06613633036613464,1
0.0686839148402214,1
0.06296853721141815,1
0.09361925721168518,1
0.07388439774513245,1
0.1175927221775055,1
0.10431712865829468,1
0.11205606907606125,1
0.1665249615907669,1
0.07678784430027008,1
0.1222863718867302,1
0.04760796204209328,1
0.1460886001586914,1
0.10764969140291214,1
0.05380798131227493,1
0.1056404709815979,1
0.04306470602750778,1
0.07249516993761063,1
0.06109457090497017,1
0.13646931946277618,1
0.03307598456740379,1
0.23009784519672394,1
0.14929133653640747,1
0.054167862981557846,1
0.06625781953334808,1
0.31657686829566956,1
0.1018078401684761,1
0.07659599184989929,1
0.08588256686925888,1
0.12440577149391174,1
0.10917684435844421,1
0.055221639573574066,1
0.13878801465034485,1
0.09779685735702515,1
0.15845561027526855,1
0.23212307691574097,1
0.0385671891272068,1
0.1612308770418167,1
0.396641343832016,1
0.12309365719556808,1
0.12172731757164001,1
0.14557982981204987,1
0.08029881119728088,1
0.03386317193508148,1
0.3488176167011261,1
0.37948811054229736,1
0.10829494893550873,1
0.10740871727466583,1
0.09557972848415375,1
0.0600559376180172,1
0.22420865297317505,1
0.05777125060558319,1
0.04460110887885094,1
0.10835252702236176,1
0.15546101331710815,1
0.16706782579421997,1
0.08458305150270462,1
0.21456539630889893,1
0.20217420160770416,1
0.004731638822704554,1
0.15241433680057526,1
0.23491674661636353,1
0.1392095983028412,1
0.2871928811073303,1
0.15114633738994598,1
0.0850410982966423,1
0.07377099245786667,1
0.3555186986923218,1
