0.20774435997009277,1
0.40695586800575256,1
0.20129457116127014,1
0.27133709192276,1
0.4348168969154358,1
0.29132866859436035,1
0.24116143584251404,1
0.26476505398750305,1
0.32905441522598267,1
0.438880980014801,1
0.4416072964668274,1
0.3904101550579071,1
0.2765815258026123,1
0.31990283727645874,1
0.2759578824043274,1
0.29314249753952026,1
0.3605594038963318,1
0.45960351824760437,1
0.401327520608902,1
0.32949113845825195,1
0.3354450762271881,1
0.29259422421455383,1
0.5137432813644409,1
0.5083641409873962,1
0.31401264667510986,1
0.3823030889034271,1
0.19011889398097992,1
0.35943493247032166,1
0.5414195656776428,1
0.49956250190734863,1
0.1738613396883011,1
0.34127628803253174,1
0.3048096001148224,1
0.47029203176498413,1
0.3446297347545624,1
0.44790756702423096,1
0.6205238699913025,1
0.29293715953826904,1
0.48407113552093506,1
0.3302845060825348,1
0.15679091215133667,1
0.11661972105503082,1
0.6365268230438232,1
0.26144328713417053,1
0.4211514890193939,1
0.4295852780342102,1
0.4027678668498993,1
0.33958321809768677,1
0.31324392557144165,1
0.37358760833740234,1
0.4219677150249481,1
0.311972975730896,1
0.3728892505168915,1
0.4984147846698761,1
0.32246094942092896,1
0.38033121824264526,1
0.4034579396247864,1
0.17605510354042053,1
0.41652679443359375,1
0.31360167264938354,1
0.4234320819377899,1
0.35039976239204407,1
0.28212615847587585,1
0.29178518056869507,1
0.48019862174987793,1
0.5235224962234497,1
0.38110047578811646,1
0.4235716462135315,1
0.3252241015434265,1
0.3083522915840149,1
0.5290683507919312,1
0.41383349895477295,1
0.4296051859855652,1
0.49012619256973267,1
0.26323652267456055,1
0.3977046608924866,1
0.2935514450073242,1
0.3842368721961975,1
0.41250503063201904,1
0.21863093972206116,1
0.4335208237171173,1
0.4121986925601959,1
0.31910353899002075,1
0.4377153217792511,1
0.36152511835098267,1
0.5168766975402832,1
0.30066293478012085,1
0.27514299750328064,1
0.5684788227081299,1
0.42692142724990845,1
0.25421905517578125,1
0.4148623049259186,1
0.42763423919677734,1
0.24938589334487915,1
0.33312517404556274,1
0.20749345421791077,1
0.37500515580177307,1
0.34026557207107544,1
0.4110259413719177,1
0.37063416838645935,1
0.642383873462677,1
0.31903406977653503,1
0.5644024014472961,1
0.3464711308479309,1
0.26772788166999817,1
0.3090585470199585,1
0.2608844041824341,1
0.44006067514419556,1
0.39948660135269165,1
0.35019949078559875,1
0.38049018383026123,1
0.41422340273857117,1
0.37589895725250244,1
0.34741902351379395,1
0.3121757507324219,1
0.32131287455558777,1
0.31310948729515076,1
0.4033392369747162,1
0.3088514506816864,1
0.39187920093536377,1
0.22600463032722473,1
0.2839318513870239,1
0.2799952030181885,1
0.34993818402290344,1
0.5316680669784546,1
0.651179313659668,1
0.3266053795814514,1
0.5147829651832581,1
0.3491646647453308,1
0.420977920293808,1
0.43803736567497253,1
0.37499165534973145,1
0.29889702796936035,1
0.3265196681022644,1
0.5156349539756775,1
0.3025519549846649,1
0.29771411418914795,1
0.36965179443359375,1
0.2624072730541229,1
0.4919595718383789,1
0.25281408429145813,1
0.4048007130622864,1
0.3687645196914673,1
0.36556118726730347,1
0.43842244148254395,1
0.4875902533531189,1
0.19678142666816711,1
0.3754504919052124,1
0.430705189704895,1
0.32091468572616577,1
0.2496173083782196,1
0.3792637288570404,1
0.4312151372432709,1
0.337053120136261,1
0.26288947463035583,1
0.3601619601249695,1
0.3828670382499695,1
0.21228988468647003,1
0.4810670018196106,1
0.27799251675605774,1
0.467121422290802,1
0.26550349593162537,1
0.32621991634368896,1
0.3890703320503235,1
0.3092714846134186,1
0.2801041901111603,1
0.28837862610816956,1
0.2836345434188843,1
0.19590356945991516,1
0.29881006479263306,1
0.297502338886261,1
0.4301084876060486,1
0.46872586011886597,1
0.32218924164772034,1
0.39128780364990234,1
0.2929977774620056,1
0.33267635107040405,1
0.24634048342704773,1
0.4896634817123413,1
0.34886860847473145,1
0.27400580048561096,1
0.6522186994552612,1
0.3083949089050293,1
0.22538241744041443,1
0.18762920796871185,1
0.3055571913719177,1
0.36133238673210144,1
0.3464149832725525,1
0.19775590300559998,1
0.42755579948425293,1
0.319109708070755,1
0.4128367006778717,1
0.2843252718448639,1
0.38559895753860474,1
0.287113219499588,1
0.24217239022254944,1
0.5729410648345947,1
0.262837290763855,1
0.2399114966392517,1
0.4773294925689697,1
0.30315685272216797,1
0.5133178234100342,1
0.42326974868774414,1
0.3816078305244446,1
0.4326458275318146,1
0.3282073736190796,1
0.273061066865921,1
0.3349539637565613,1
0.22943148016929626,1
0.3072982728481293,1
0.25471219420433044,1
0.3714590072631836,1
0.32287824153900146,1
0.5527191162109375,1
0.26290634274482727,1
0.4068070650100708,1
0.40621668100357056,1
0.4443352520465851,1
0.2817258834838867,1
0.2756401300430298,1
0.37361210584640503,1
0.390310138463974,1
0.4434988498687744,1
0.22481286525726318,1
0.4691441059112549,1
0.3511374294757843,1
0.43634265661239624,1
0.2462618350982666,1
0.47408273816108704,1
0.22301076352596283,1
0.4300142228603363,1
0.4051331877708435,1
0.39300107955932617,1
0.33554938435554504,1
0.1848297417163849,1
0.30547940731048584,1
0.26882314682006836,1
0.4046095907688141,1
0.46163976192474365,1
0.5064989924430847,1
0.2956993579864502,1
0.4875847399234772,1
0.3124164044857025,1
0.3239131569862366,1
0.3564642071723938,1
0.35829877853393555,1
0.48549920320510864,1
0.2932868003845215,1
0.3656332790851593,1
0.388245165348053,1
0.3248211145401001,1
0.36146533489227295,1
0.359729528427124,1
0.32081276178359985,1
0.46237093210220337,1
0.2312808632850647,1
0.6484986543655396,1
0.22354966402053833,1
0.3477053642272949,1
0.2938838005065918,1
0.3304082155227661,1
0.3930988311767578,1
0.32990336418151855,1
0.27889806032180786,1
0.2181583046913147,1
0.31585705280303955,1
0.5205615758895874,1
0.42376282811164856,1
0.29763489961624146,1
0.3478471040725708,1
0.3045074939727783,1
0.41803479194641113,1
0.47372907400131226,1
0.6153361797332764,1
0.3633181154727936,1
0.5074291229248047,1
0.3160445988178253,1
0.24315747618675232,1
0.39087897539138794,1
0.2725768983364105,1
0.3819267749786377,1
0.17416678369045258,1
0.359335333108902,1
0.47030407190322876,1
0.2729036509990692,1
0.2383520007133484,1
0.2832087576389313,1
0.2214929163455963,1
0.465872198343277,1
0.3049175441265106,1
0.2665373384952545,1
0.35540032386779785,1
0.2511606216430664,1
0.37084251642227173,1
0.3214789628982544,1
0.2895190119743347,1
0.391756147146225,1
0.3141348361968994,1
0.3753923177719116,1
0.3444814682006836,1
0.6155571937561035,1
0.24921175837516785,1
0.35175442695617676,1
0.3117179572582245,1
0.4736748933792114,1
0.4054734706878662,1
0.44028374552726746,1
0.3198806345462799,1
0.36065417528152466,1
0.33294031023979187,1
0.3268738389015198,1
0.39057573676109314,1
0.4518275856971741,1
0.3035717010498047,1
0.437264084815979,1
0.22430577874183655,1
0.40972816944122314,1
0.5284147262573242,1
0.2843378782272339,1
0.32493484020233154,1
0.48509037494659424,1
0.3157128691673279,1
0.28903961181640625,1
0.3746342360973358,1
0.35228514671325684,1
0.3199807405471802,1
0.4908944368362427,1
0.34409981966018677,1
0.26672571897506714,1
0.2737160921096802,1
0.3008856177330017,1
0.36505186557769775,1
0.3695922791957855,1
0.2948168218135834,1
0.5047763586044312,1
0.30680206418037415,1
0.3538038730621338,1
0.4453987777233124,1
0.2851540446281433,1
0.3737800717353821,1
0.5523322820663452,1
0.5182249546051025,1
0.3104484975337982,1
0.43382683396339417,1
0.3941418528556824,1
0.3153437077999115,1
0.48900774121284485,1
0.2731684148311615,1
0.2391221672296524,1
0.3894001245498657,1
0.25647011399269104,1
0.3372398018836975,1
0.4204501211643219,1
0.3841327726840973,1
0.38511577248573303,1
0.3166712820529938,1
0.7205933332443237,1
0.39380943775177,1
0.2272605001926422,1
0.3765913248062134,1
0.3542141616344452,1
0.2602773904800415,1
0.4320589303970337,1
0.33908769488334656,1
0.41723451018333435,1
0.3236483931541443,1
0.25027257204055786,1
0.27613455057144165,1
0.3790900707244873,1
0.5074723362922668,1
0.5914301872253418,1
0.40103304386138916,1
0.46941620111465454,1
0.27429264783859253,1
0.2573316693305969,1
0.366057813167572,1
0.31891968846321106,1
0.24818775057792664,1
0.364080011844635,1
0.24924799799919128,1
0.3373698890209198,1
0.38173821568489075,1
0.30827629566192627,1
0.3067135512828827,1
0.4828888475894928,1
0.37103933095932007,1
0.2733219563961029,1
0.242126926779747,1
0.452606737613678,1
0.36151811480522156,1
0.23143014311790466,1
0.28163468837738037,1
0.2739126682281494,1
0.5161010026931763,1
0.22596421837806702,1
0.3878408670425415,1
0.35714060068130493,1
0.3218182325363159,1
0.5197001695632935,1
0.37027880549430847,1
0.4198065400123596,1
0.38260093331336975,1
0.16548942029476166,1
0.30776333808898926,1
0.3640919327735901,1
0.3108748197555542,1
0.36649590730667114,1
0.4231947064399719,1
0.39310020208358765,1
0.4671816825866699,1
0.4559922516345978,1
0.33463624119758606,1
0.4592788815498352,1
0.4674477279186249,1
0.2597460150718689,1
0.41049137711524963,1
0.3791547417640686,1
0.44730672240257263,1
0.44058871269226074,1
0.47919750213623047,1
0.4056682884693146,1
0.3147689402103424,1
0.386208176612854,1
0.371826708316803,1
0.40282130241394043,1
0.328174889087677,1
0.2678046226501465,1
0.4464476704597473,1
0.3044220209121704,1
0.33489561080932617,1
0.31333911418914795,1
0.3250592350959778,1
0.38953402638435364,1
0.2739257216453552,1
0.40559107065200806,1
0.31828269362449646,1
0.23587848246097565,1
0.5056592226028442,1
0.547357976436615,1
0.297446072101593,1
0.5238360166549683,1
0.30446505546569824,1
0.4491220712661743,1
0.35182905197143555,1
0.3693142831325531,1
0.56390780210495,1
0.28727924823760986,1
0.2919086217880249,1
0.21921506524085999,1
0.3571307957172394,1
0.38137829303741455,1
0.46091386675834656,1
0.32329991459846497,1
0.5673297047615051,1
0.4066215455532074,1
0.4167088270187378,1
0.36564135551452637,1
0.27828243374824524,1
0.3074723184108734,1
0.4529818594455719,1
0.22154265642166138,1
0.37145280838012695,1
0.4568181037902832,1
0.44141456484794617,1
0.3562798798084259,1
0.38720786571502686,1
0.2786368131637573,1
0.2504001557826996,1
0.36187252402305603,1
0.49425122141838074,1
0.443585067987442,1
0.23902153968811035,1
0.486887127161026,1
0.3870636224746704,1
0.4016377329826355,1
0.3919316232204437,1
0.23408493399620056,1
0.3731517791748047,1
0.35003453493118286,1
0.3669061064720154,1
0.3532765209674835,1
0.23521916568279266,1
0.31308478116989136,1
0.30512386560440063,1
0.3342081308364868,1
0.313297837972641,1
0.45914727449417114,1
0.286424845457077,1
0.3898734152317047,1
0.4294966459274292,1
0.40635693073272705,1
0.256481409072876,1
0.5466831922531128,1
0.2570216655731201,1
0.279168963432312,1
0.2975698709487915,1
0.32983633875846863,1
0.2849332094192505,1
0.3210986256599426,1
0.41279369592666626,1
0.41871121525764465,1
0.38820454478263855,1
0.2767804265022278,1
0.33773499727249146,1
0.41219913959503174,1
0.33078673481941223,1
0.36924803256988525,1
0.41052669286727905,1
0.3336595296859741,1
0.35945451259613037,1
0.12469834834337234,1
0.4529605805873871,1
0.2504618465900421,1
0.36615362763404846,1
0.3041742146015167,1
0.49827149510383606,1
0.33518069982528687,1
0.3092704117298126,1
0.353420615196228,1
0.31864187121391296,1
0.40331393480300903,1
0.33621540665626526,1
0.5324405431747437,1
0.4071703851222992,1
0.33318275213241577,1
0.3061496913433075,1
0.18214136362075806,1
0.388556569814682,1
0.24455225467681885,1
0.2736441493034363,1
0.3003147840499878,1
0.3350348174571991,1
0.4104098081588745,1
0.34401318430900574,1
0.452208936214447,1
0.37987780570983887,1
0.5362000465393066,1
0.3191898465156555,1
0.3415144383907318,1
0.39843669533729553,1
0.4347696602344513,1
0.2633870542049408,1
0.35901808738708496,1
0.348916232585907,1
0.18675942718982697,1
0.3392585515975952,1
0.4592122435569763,1
0.3470248878002167,1
0.3779389262199402,1
0.2535277009010315,1
0.3871852159500122,1
0.39113664627075195,1
0.3465244770050049,1
0.47318050265312195,1
0.3652150630950928,1
0.3131246566772461,1
0.3346586525440216,1
0.48032382130622864,1
0.5019980072975159,1
0.32552069425582886,1
0.3043152689933777,1
0.49263638257980347,1
0.4114532470703125,1
0.2585926651954651,1
0.33877891302108765,1
0.4871921241283417,1
0.2549517750740051,1
0.46032610535621643,1
0.45078206062316895,1
0.32144129276275635,1
0.31846871972084045,1
0.24166327714920044,1
0.2617033123970032,1
0.3851131200790405,1
0.2740778625011444,1
0.23358699679374695,1
0.6827389001846313,1
0.406362384557724,1
0.2880403995513916,1
0.3995092511177063,1
0.2464582920074463,1
0.46412035822868347,1
0.3047294616699219,1
0.4773552417755127,1
0.3237674832344055,1
0.5937366485595703,1
0.4423716068267822,1
0.26460736989974976,1
0.32801681756973267,1
0.342242956161499,1
0.2894573211669922,1
0.269912987947464,1
0.4482293128967285,1
0.35656654834747314,1
0.4020189344882965,1
0.3765014708042145,1
0.3208523094654083,1
0.47850465774536133,1
0.18325519561767578,1
0.2294711470603943,1
0.2605050206184387,1
0.1725882589817047,1
0.2735913097858429,1
0.35955810546875,1
0.409837007522583,1
0.38825517892837524,1
0.4036444425582886,1
0.48150867223739624,1
0.36562657356262207,1
0.4033724069595337,1
0.2525216042995453,1
0.36012205481529236,1
0.32342854142189026,1
0.4694545269012451,1
0.5141955018043518,1
0.33424586057662964,1
0.39965054392814636,1
0.7417513728141785,1
0.42072153091430664,1
0.18017280101776123,1
0.22328701615333557,1
0.4341597855091095,1
0.31366512179374695,1
0.40826261043548584,1
0.2753627300262451,1
0.38562947511672974,1
0.28576987981796265,1
0.3955613076686859,1
0.24562425911426544,1
0.5014686584472656,1
0.3937709629535675,1
0.2941465377807617,1
0.4538554549217224,1
0.3685761094093323,1
0.5907624363899231,1
0.20330217480659485,1
0.2678501307964325,1
0.3410412073135376,1
0.2623026967048645,1
0.25876036286354065,1
0.27592960000038147,1
0.238509863615036,1
0.2831765413284302,1
0.4057929515838623,1
0.26246964931488037,1
0.34959936141967773,1
0.3421785831451416,1
0.43046101927757263,1
0.4648441672325134,1
0.25183629989624023,1
0.23362812399864197,1
0.21906685829162598,1
0.38261303305625916,1
0.33393752574920654,1
0.2981497347354889,1
0.4921078681945801,1
0.5825611352920532,1
0.469784677028656,1
0.44288524985313416,1
0.3021317720413208,1
0.2836971879005432,1
0.22958406805992126,1
0.2519262135028839,1
0.3695295453071594,1
0.41775065660476685,1
0.4343907833099365,1
0.19404448568820953,1
0.4258337616920471,1
0.24430057406425476,1
0.3178964853286743,1
0.5531541109085083,1
0.2465473860502243,1
0.3412538468837738,1
0.40322574973106384,1
0.39063000679016113,1
0.31479549407958984,1
0.48138490319252014,1
0.2745928168296814,1
0.2801783084869385,1
0.28472375869750977,1
0.4229868948459625,1
0.4265209436416626,1
0.3374881148338318,1
0.46468210220336914,1
0.3734450042247772,1
0.3176344931125641,1
0.30212557315826416,1
0.33825361728668213,1
0.5221081376075745,1
0.34249669313430786,1
0.23226714134216309,1
0.22197690606117249,1
0.31184306740760803,1
0.2899686396121979,1
0.24966859817504883,1
0.4450886845588684,1
0.504023551940918,1
0.2299502044916153,1
0.32354581356048584,1
0.19174334406852722,1
0.30495813488960266,1
0.547268807888031,1
0.3492310345172882,1
0.29127952456474304,1
0.3369620740413666,1
0.209628164768219,1
0.2828019857406616,1
0.21105220913887024,1
0.5278056859970093,1
0.12824073433876038,1
0.2948685884475708,1
0.2987740635871887,1
0.47394415736198425,1
0.2996174693107605,1
0.2839403450489044,1
0.2113322764635086,1
0.26980218291282654,1
0.24281537532806396,1
0.3608783483505249,1
0.39973413944244385,1
0.31281009316444397,1
0.3504771292209625,1
0.37574440240859985,1
0.29019203782081604,1
0.33904600143432617,1
0.3149948716163635,1
0.28964704275131226,1
0.32594186067581177,1
0.36938491463661194,1
0.33153197169303894,1
0.34029802680015564,1
0.3484923839569092,1
0.1162891685962677,1
0.3106633722782135,1
0.464415967464447,1
0.2900361716747284,1
0.2167051136493683,1
0.21280303597450256,1
0.1944960653781891,1
0.38266420364379883,1
0.48154038190841675,1
0.4064611792564392,1
0.2714082896709442,1
0.3834261894226074,1
0.16917720437049866,1
0.2874394357204437,1
0.27771157026290894,1
0.19182424247264862,1
0.20652292668819427,1
0.22452381253242493,1
0.22117356956005096,1
0.3320554196834564,1
0.40596628189086914,1
0.4263812303543091,1
0.34974008798599243,1
0.30915796756744385,1
0.3666559159755707,1
0.209247887134552,1
0.3953353762626648,1
0.20151583850383759,1
0.3274638056755066,1
0.4413374662399292,1
0.47977471351623535,1
0.3219468593597412,1
0.38308262825012207,1
0.16352418065071106,1
0.2413042187690735,1
0.3908631205558777,1
0.29144659638404846,1
0.3557429313659668,1
0.19068941473960876,1
0.2817462980747223,1
0.4068671464920044,1
0.27090758085250854,1
0.34356576204299927,1
0.3594239354133606,1
0.3001963496208191,1
0.3764888048171997,1
0.31135231256484985,1
0.40874820947647095,1
0.394241601228714,1
0.3264751434326172,1
0.5273306369781494,1
0.35071778297424316,1
0.3224240243434906,1
0.3326380252838135,1
0.508150577545166,1
0.33177247643470764,1
0.42101770639419556,1
0.45527833700180054,1
0.27470123767852783,1
0.3332555890083313,1
0.4011346399784088,1
0.3683844208717346,1
0.43594881892204285,1
0.5838980674743652,1
0.40216588973999023,1
0.3556640148162842,1
0.23863090574741364,1
0.382670134305954,1
0.36911869049072266,1
0.3990718126296997,1
0.3960917890071869,1
0.37630516290664673,1
0.3607550263404846,1
0.3670315742492676,1
0.24412810802459717,1
0.2879364490509033,1
0.3266967535018921,1
0.36763209104537964,1
0.3423139452934265,1
0.29671525955200195,1
0.2429627776145935,1
0.44699183106422424,1
0.273296058177948,1
0.30016854405403137,1
0.2535073757171631,1
0.3482668995857239,1
0.46308210492134094,1
0.22353455424308777,1
0.4900348484516144,1
0.36162269115448,1
0.2993019223213196,1
0.43339699506759644,1
0.40302446484565735,1
0.33932048082351685,1
0.23033636808395386,1
0.3247196674346924,1
0.4190947711467743,1
0.3600291311740875,1
0.35493171215057373,1
0.26707378029823303,1
0.22330495715141296,1
0.30322539806365967,1
0.37295499444007874,1
0.4724907875061035,1
0.31068655848503113,1
0.4018810987472534,1
0.20618635416030884,1
0.2301722913980484,1
0.42063483595848083,1
0.3064800500869751,1
0.25709110498428345,1
0.16066046059131622,1
0.28957152366638184,1
0.3684697151184082,1
0.25360509753227234,1
0.32002055644989014,1
0.24974457919597626,1
0.4090319573879242,1
0.4133889079093933,1
0.4148081839084625,1
0.29317140579223633,1
0.3572964370250702,1
0.2893984317779541,1
0.4410102367401123,1
0.35072267055511475,1
0.2799842655658722,1
0.21986863017082214,1
0.45610547065734863,1
0.2763739228248596,1
0.33983251452445984,1
0.39863598346710205,1
0.3311232924461365,1
0.3556198477745056,1
0.3162229657173157,1
0.3680841028690338,1
0.3297487795352936,1
0.31411710381507874,1
0.4864181578159332,1
0.2860378921031952,1
0.4428693652153015,1
0.3025072515010834,1
0.4246005415916443,1
0.34831249713897705,1
0.27841779589653015,1
0.34036463499069214,1
0.365408718585968,1
0.19037717580795288,1
0.32279106974601746,1
0.1702297031879425,1
0.2302808165550232,1
0.33240818977355957,1
0.3578723073005676,1
0.391867071390152,1
0.40740934014320374,1
0.3725796639919281,1
0.14328192174434662,1
0.26683712005615234,1
0.3534327745437622,1
0.26346856355667114,1
0.25928041338920593,1
0.25477802753448486,1
0.27243244647979736,1
0.5348709225654602,1
0.4410000145435333,1
0.3847504258155823,1
0.44122815132141113,1
0.34784266352653503,1
0.3607591688632965,1
0.4003426432609558,1
0.2870856523513794,1
0.306738018989563,1
0.3294689655303955,1
0.3148171901702881,1
0.23909592628479004,1
0.34486499428749084,1
0.25536274909973145,1
0.3364788293838501,1
0.44914335012435913,1
0.4800238013267517,1
0.2860453128814697,1
0.35064536333084106,1
0.2494267374277115,1
0.4124276041984558,1
0.5404448509216309,1
0.3706265091896057,1
0.3872157037258148,1
0.3365235924720764,1
0.34644708037376404,1
0.6187149286270142,1
0.23345336318016052,1
0.40039801597595215,1
0.4078832268714905,1
0.23211386799812317,1
0.19026686251163483,1
0.2093929797410965,1
0.4062708020210266,1
0.2586439549922943,1
0.3136035203933716,1
0.3963751196861267,1
0.45597174763679504,1
0.28615862131118774,1
0.19796735048294067,1
0.3490923345088959,1
0.24588322639465332,1
0.2993222177028656,1
0.22823750972747803,1
0.24295906722545624,1
0.38373544812202454,1
0.43023085594177246,1
0.2890852689743042,1
0.27315694093704224,1
0.3272116482257843,1
0.3028494119644165,1
0.4197115898132324,1
0.35222572088241577,1
0.46858134865760803,1
0.4305361807346344,1
0.34026411175727844,1
0.3215605318546295,1
0.269364595413208,1
0.1874293088912964,1
0.21235474944114685,1
0.35343119502067566,1
0.45277702808380127,1
0.5229044556617737,1
0.35561603307724,1
0.44916775822639465,1
0.2764396667480469,1
0.3943299949169159,1
0.33817821741104126,1
0.29019811749458313,1
0.22017085552215576,1
0.39039966464042664,1
0.19126754999160767,1
0.2399788796901703,1
0.30999359488487244,1
0.27113276720046997,1
0.2167375236749649,1
0.279910683631897,1
0.31119853258132935,1
0.17202988266944885,1
0.44694942235946655,1
0.27865201234817505,1
0.3985804319381714,1
0.24222539365291595,1
0.2780455946922302,1
0.54144287109375,1
0.3035207986831665,1
0.414787232875824,1
0.2758899927139282,1
0.329601913690567,1
0.48560842871665955,1
0.28213194012641907,1
0.4061923623085022,1
0.35002413392066956,1
0.2604331374168396,1
0.33405011892318726,1
0.40630072355270386,1
0.48566433787345886,1
0.2723357081413269,1
0.25042179226875305,1
0.28753018379211426,1
0.3224077820777893,1
0.3647560775279999,1
0.3425862193107605,1
0.49831122159957886,1
0.28103795647621155,1
0.3098861873149872,1
0.3485633432865143,1
0.48970961570739746,1
0.35006004571914673,1
0.274145245552063,1
0.2712278366088867,1
0.39630743861198425,1
0.4022825360298157,1
0.3956264555454254,1
0.30901920795440674,1
0.2969706356525421,1
0.2863576412200928,1
0.4796403646469116,1
0.4276535212993622,1
0.24124979972839355,1
0.3372836709022522,1
0.2877763509750366,1
0.38722240924835205,1
0.22023887932300568,1
0.1954619288444519,1
0.421484112739563,1
0.33511295914649963,1
0.522724449634552,1
0.3241933286190033,1
0.3206908702850342,1
0.3471343219280243,1
0.25806528329849243,1
0.286556601524353,1
0.20032313466072083,1
0.2876896858215332,1
0.23802001774311066,1
0.35707712173461914,1
0.26590535044670105,1
0.18062075972557068,1
0.3860030174255371,1
0.29427462816238403,1
0.2143859565258026,1
0.3552689850330353,1
0.29834890365600586,1
0.3760813772678375,1
0.22075502574443817,1
0.4248492419719696,1
0.41056451201438904,1
0.40840429067611694,1
0.2361152023077011,1
0.30153924226760864,1
0.22202464938163757,1
0.2075967788696289,1
0.2793061435222626,1
0.3899438679218292,1
0.30664944648742676,1
0.3489949107170105,1
0.24148204922676086,1
0.20341123640537262,1
0.3058551549911499,1
0.285837322473526,1
0.35470205545425415,1
0.46062222123146057,1
0.2260078489780426,1
0.2494974434375763,1
0.3065039813518524,1
0.31740742921829224,1
0.23835597932338715,1
0.26724058389663696,1
0.3820759952068329,1
0.39661186933517456,1
0.3956156075000763,1
0.1631288379430771,1
0.44454100728034973,1
0.34848231077194214,1
0.26963841915130615,1
0.23063483834266663,1
0.21219289302825928,1
0.2621484696865082,1
0.3246307671070099,1
0.395471453666687,1
0.28199803829193115,1
0.29769399762153625,1
0.27954792976379395,1
0.3349412679672241,1
0.3173138499259949,1
0.3401312828063965,1
0.31196317076683044,1
0.311494916677475,1
0.18545788526535034,1
0.3804863691329956,1
0.44793152809143066,1
0.33893021941185,1
0.3022196888923645,1
0.27025943994522095,1
0.46349871158599854,1
0.16400673985481262,1
0.3012605905532837,1
0.19696176052093506,1
0.3576621413230896,1
0.38091278076171875,1
0.5508090257644653,1
0.348771870136261,1
0.4130568504333496,1
0.33553898334503174,1
0.40006765723228455,1
0.21543046832084656,1
0.2695060074329376,1
0.4609787166118622,1
0.27744901180267334,1
0.35041093826293945,1
0.3226163387298584,1
0.41377168893814087,1
0.27960923314094543,1
0.2587354779243469,1
0.24912814795970917,1
0.48813438415527344,1
0.4520503878593445,1
0.3719816207885742,1
0.2298886477947235,1
0.2860200107097626,1
0.3079954981803894,1
0.21354079246520996,1
0.40782418847084045,1
0.3503034710884094,1
0.2621252238750458,1
0.2710685133934021,1
0.31953710317611694,1
0.297225683927536,1
0.34236007928848267,1
0.2669205069541931,1
0.31527119874954224,1
0.3241730034351349,1
0.37893030047416687,1
0.43205708265304565,1
0.388461172580719,1
0.4259616732597351,1
0.23188136518001556,1
0.38394051790237427,1
0.4721108078956604,1
0.31131476163864136,1
0.2702449858188629,1
0.16746053099632263,1
0.2641906142234802,1
0.3649994134902954,1
0.2959488034248352,1
0.3004162013530731,1
0.2405148446559906,1
0.2592594623565674,1
0.3507625460624695,1
0.28450828790664673,1
0.40045857429504395,1
0.3409721255302429,1
0.31781643629074097,1
0.44989755749702454,1
0.3795594871044159,1
0.22605842351913452,1
0.4049566090106964,1
0.4368683993816376,1
0.29648226499557495,1
0.34196627140045166,1
0.549085795879364,1
0.2899110019207001,1
0.36344045400619507,1
0.30246999859809875,1
0.5172981023788452,1
0.3268832564353943,1
0.28318649530410767,1
0.3746207058429718,1
0.3434373438358307,1
0.29464656114578247,1
0.368075430393219,1
0.35646435618400574,1
0.4158839285373688,1
0.3281855583190918,1
0.29800063371658325,1
0.45206505060195923,1
0.4049340486526489,1
0.2429284155368805,1
0.315459281206131,1
0.27671945095062256,1
0.4604158401489258,1
0.394400030374527,1
0.2318284809589386,1
0.17736241221427917,1
0.24363689124584198,1
0.39674630761146545,1
0.29583704471588135,1
0.3194437325000763,1
0.4689714014530182,1
0.30938515067100525,1
0.40444642305374146,1
0.3754943311214447,1
0.256215363740921,1
0.16249588131904602,1
0.3249754011631012,1
0.30323100090026855,1
0.330121248960495,1
0.4185493588447571,1
0.3461178243160248,1
0.17821504175662994,1
0.5163374543190002,1
0.3328480124473572,1
0.2302473783493042,1
0.22077859938144684,1
0.2728200852870941,1
0.2508981227874756,1
0.4137813150882721,1
0.2586302161216736,1
0.35214489698410034,1
0.2807908058166504,1
0.37328317761421204,1
0.2998345196247101,1
0.32226455211639404,1
0.5147364735603333,1
0.2952066659927368,1
0.23209932446479797,1
0.34212619066238403,1
0.6087327003479004,1
0.2869850993156433,1
0.3623993992805481,1
0.3882744312286377,1
0.3688340187072754,1
0.3715057373046875,1
0.3347788453102112,1
0.16472181677818298,1
0.42647868394851685,1
0.42611658573150635,1
0.27379101514816284,1
0.513778567314148,1
0.328290194272995,1
0.3659084141254425,1
0.2768751382827759,1
0.3796064555644989,1
0.3076613247394562,1
0.280320405960083,1
0.2563815414905548,1
0.40778493881225586,1
0.32461071014404297,1
0.4456855058670044,1
0.4462457597255707,1
0.25223734974861145,1
0.36577656865119934,1
0.33460840582847595,1
0.3412797749042511,1
0.3730860650539398,1
0.28162169456481934,1
0.3749982714653015,1
0.35997870564460754,1
0.335584431886673,1
0.27273446321487427,1
0.34597939252853394,1
0.2189599573612213,1
0.2474185824394226,1
0.3190522789955139,1
0.42850515246391296,1
0.25027596950531006,1
0.42724737524986267,1
0.33803480863571167,1
0.3776422142982483,1
0.42341649532318115,1
0.31779351830482483,1
0.4365808367729187,1
0.36108750104904175,1
0.35526877641677856,1
0.1917002946138382,1
0.2868521511554718,1
0.27835607528686523,1
0.25118857622146606,1
0.24598932266235352,1
0.44626501202583313,1
0.3501327633857727,1
0.32638147473335266,1
0.3980196416378021,1
0.44740030169487,1
0.24809403717517853,1
0.24665862321853638,1
0.3633403182029724,1
0.25458407402038574,1
0.3388427793979645,1
0.3890661597251892,1
0.3137800693511963,1
0.28309762477874756,1
0.29554814100265503,1
0.19169220328330994,1
0.4002726078033447,1
0.2215505838394165,1
0.44638559222221375,1
0.2561406195163727,1
0.30948951840400696,1
0.34267744421958923,1
0.38028857111930847,1
0.3549146354198456,1
0.3371204137802124,1
0.33874237537384033,1
0.3170541524887085,1
0.33448994159698486,1
0.3925850987434387,1
0.25352612137794495,1
0.3595048785209656,1
0.3273169696331024,1
0.28074634075164795,1
0.31153959035873413,1
0.2481677383184433,1
0.4289206862449646,1
0.406378835439682,1
0.23382359743118286,1
0.35510486364364624,1
0.4169038236141205,1
0.4438410997390747,1
0.2728266417980194,1
0.5130001306533813,1
0.405351459980011,1
0.3552021384239197,1
0.3707183003425598,1
0.2961888015270233,1
0.39752617478370667,1
0.4445909857749939,1
0.1742434799671173,1
0.1780407428741455,1
0.4273419976234436,1
0.28782153129577637,1
0.23294682800769806,1
0.3108774423599243,1
0.25644469261169434,1
0.27093306183815,1
0.23583358526229858,1
0.22738216817378998,1
0.36199951171875,1
0.34779566526412964,1
0.17176027595996857,1
0.24458810687065125,1
0.25229382514953613,1
0.3088851869106293,1
0.30023249983787537,1
0.3308791220188141,1
0.3262466490268707,1
0.25674864649772644,1
0.3825233578681946,1
0.32456761598587036,1
0.3753100633621216,1
0.2870761752128601,1
0.3711957335472107,1
0.29008808732032776,1
0.3269787132740021,1
0.42834892868995667,1
0.5180654525756836,1
0.44828709959983826,1
0.21383240818977356,1
0.4480452835559845,1
0.3015174865722656,1
0.2532415986061096,1
0.4624003469944,1
0.4189223647117615,1
0.243399515748024,1
0.23725643754005432,1
0.2893494963645935,1
0.4425865411758423,1
0.31858110427856445,1
0.37656480073928833,1
0.21577675640583038,1
0.40350648760795593,1
0.2561884820461273,1
0.4476367235183716,1
0.2846972942352295,1
0.2631995677947998,1
0.14038021862506866,1
0.47159767150878906,1
0.24194881319999695,1
0.4017149806022644,1
0.33454954624176025,1
0.40003517270088196,1
0.30347204208374023,1
0.35890713334083557,1
0.20145851373672485,1
0.2957284450531006,1
0.3652656078338623,1
0.2299491912126541,1
0.3525378108024597,1
0.2727268636226654,1
0.424071341753006,1
0.44765743613243103,1
0.32871878147125244,1
0.20116402208805084,1
0.44470733404159546,1
0.4724409282207489,1
0.5025222897529602,1
0.26150891184806824,1
0.2810509204864502,1
0.3772956132888794,1
0.3904222249984741,1
0.2691897749900818,1
0.3520074784755707,1
0.3614504337310791,1
0.4105691611766815,1
0.2997555732727051,1
0.4017959535121918,1
0.3646892011165619,1
0.36344456672668457,1
0.4140785038471222,1
0.16650418937206268,1
0.42052850127220154,1
0.5624672174453735,1
0.23202496767044067,1
0.35258379578590393,1
0.2596682012081146,1
0.5337738990783691,1
0.26618412137031555,1
0.2389650046825409,1
0.32364463806152344,1
0.43805596232414246,1
0.45314139127731323,1
0.4747958779335022,1
0.2680948078632355,1
0.2500816583633423,1
0.38179945945739746,1
0.38116079568862915,1
0.4785311222076416,1
0.3999457359313965,1
0.4857614040374756,1
0.31144917011260986,1
0.30477768182754517,1
0.22698508203029633,1
0.4334900677204132,1
0.33041226863861084,1
0.41964268684387207,1
0.28864967823028564,1
0.3540754020214081,1
0.33301448822021484,1
0.33302536606788635,1
0.2695988416671753,1
0.205073282122612,1
0.31131359934806824,1
0.3647019863128662,1
0.2827543616294861,1
0.27003544569015503,1
0.2844783067703247,1
0.17766228318214417,1
0.41218462586402893,1
0.2092752605676651,1
0.28630921244621277,1
0.4795212745666504,1
0.3175790309906006,1
0.2594485878944397,1
0.15746954083442688,1
0.4393135607242584,1
0.2546396255493164,1
0.4731999337673187,1
0.35854434967041016,1
0.4577185809612274,1
0.4309229552745819,1
0.4004308581352234,1
0.19447007775306702,1
0.20692585408687592,1
0.3387804329395294,1
0.33092808723449707,1
0.34236714243888855,1
0.281122088432312,1
0.1138613373041153,1
0.4680938720703125,1
0.45445019006729126,1
0.22731907665729523,1
0.4924129247665405,1
0.2420017123222351,1
0.26593416929244995,1
0.35434311628341675,1
0.2842608094215393,1
0.13506737351417542,1
0.37591493129730225,1
0.29834550619125366,1
0.3144731819629669,1
0.39104658365249634,1
0.21323293447494507,1
0.30044323205947876,1
0.3004031777381897,1
0.41274893283843994,1
0.3984993100166321,1
0.40584421157836914,1
0.3157992959022522,1
0.3519960045814514,1
0.39964550733566284,1
0.23934076726436615,1
0.2557198405265808,1
0.284542441368103,1
0.3486025631427765,1
0.2124413698911667,1
0.5209946632385254,1
0.33309146761894226,1
0.27269303798675537,1
0.3028295636177063,1
0.3504534959793091,1
0.4433738887310028,1
0.401261568069458,1
0.2929365336894989,1
0.31667694449424744,1
0.38256311416625977,1
0.3027096092700958,1
0.3649543523788452,1
0.3052600920200348,1
0.37555038928985596,1
0.39309370517730713,1
0.2570052742958069,1
0.29638993740081787,1
0.41468876600265503,1
0.27395424246788025,1
0.4315522313117981,1
0.32001304626464844,1
0.16011041402816772,1
0.48479050397872925,1
0.285753458738327,1
0.4069926142692566,1
0.22064456343650818,1
0.4549080431461334,1
0.20114357769489288,1
0.32877597212791443,1
0.28744208812713623,1
0.3535229563713074,1
0.24835078418254852,1
0.2391871213912964,1
0.21890312433242798,1
0.34316566586494446,1
0.3238743543624878,1
0.2831823229789734,1
0.3258194327354431,1
0.3432823717594147,1
0.438007652759552,1
0.1866588592529297,1
0.39006856083869934,1
0.4060339331626892,1
0.45361167192459106,1
0.3242936134338379,1
0.4843592643737793,1
0.38317039608955383,1
0.2834967374801636,1
0.33046895265579224,1
0.41574186086654663,1
0.2774010896682739,1
0.251842200756073,1
0.3392278850078583,1
0.3794945478439331,1
0.44867023825645447,1
0.2895958125591278,1
0.2967144250869751,1
0.3204936385154724,1
0.2596603333950043,1
0.254728764295578,1
0.43218886852264404,1
0.21131408214569092,1
0.26727044582366943,1
0.3469476103782654,1
0.25025489926338196,1
0.2836875021457672,1
0.2515181303024292,1
0.22564493119716644,1
0.4899758994579315,1
0.19505678117275238,1
0.4177115559577942,1
0.3118075728416443,1
0.3778678774833679,1
0.49149444699287415,1
0.390933096408844,1
0.26279619336128235,1
0.3370535969734192,1
0.3355124890804291,1
0.2303439974784851,1
0.30586153268814087,1
0.401767760515213,1
0.29322555661201477,1
0.2877993881702423,1
0.5172913074493408,1
0.2536203861236572,1
0.3666727542877197,1
0.40786904096603394,1
0.3139412999153137,1
0.3913567066192627,1
0.3716077208518982,1
0.28224053978919983,1
0.40246888995170593,1
0.3295608460903168,1
0.18392103910446167,1
0.4292747974395752,1
0.2991354465484619,1
0.4510471224784851,1
0.2677581310272217,1
0.34736141562461853,1
0.4219498634338379,1
0.30935072898864746,1
0.4172384440898895,1
0.3936830759048462,1
0.23226402699947357,1
0.3846079409122467,1
0.3289276957511902,1
0.3384041488170624,1
0.2747649848461151,1
0.24131643772125244,1
0.2497813105583191,1
0.2657487094402313,1
0.31061339378356934,1
0.27227240800857544,1
0.3190748691558838,1
0.3409491181373596,1
0.28877687454223633,1
0.1986272633075714,1
0.2424456924200058,1
0.37736496329307556,1
0.36500638723373413,1
0.169686958193779,1
0.4373666048049927,1
0.21375684440135956,1
0.3209657073020935,1
0.4127536118030548,1
0.36199796199798584,1
0.2781391143798828,1
0.5308476090431213,1
0.1822037398815155,1
0.24026164412498474,1
0.21891914308071136,1
0.3455379009246826,1
0.2333328127861023,1
0.41575881838798523,1
0.4217737317085266,1
0.33622971177101135,1
0.39973169565200806,1
0.25205516815185547,1
0.17056486010551453,1
0.32550984621047974,1
0.30457258224487305,1
0.22979164123535156,1
0.24422462284564972,1
0.32982972264289856,1
0.24337416887283325,1
0.3673911392688751,1
0.41889017820358276,1
0.4281536936759949,1
0.6548856496810913,1
0.3672368824481964,1
0.3426583409309387,1
0.3208962082862854,1
0.28327301144599915,1
0.21742957830429077,1
0.4847903549671173,1
0.4941619038581848,1
0.23246262967586517,1
0.26028740406036377,1
0.2786743640899658,1
0.14455163478851318,1
0.2930222153663635,1
0.3282133936882019,1
0.4175781011581421,1
0.2868908643722534,1
0.3515915870666504,1
0.26187118887901306,1
0.4032294750213623,1
0.25188398361206055,1
0.2475394755601883,1
0.21579775214195251,1
0.21857453882694244,1
0.18138310313224792,1
0.3136758804321289,1
0.19957222044467926,1
0.3786225914955139,1
0.28394728899002075,1
0.37621015310287476,1
0.15957172214984894,1
0.12515395879745483,1
0.26952242851257324,1
0.46208420395851135,1
0.30552276968955994,1
0.32650405168533325,1
0.5337011814117432,1
0.38256147503852844,1
0.25809773802757263,1
0.28428593277931213,1
0.4381980299949646,1
0.2610762417316437,1
0.2733077108860016,1
0.29594728350639343,1
0.15288278460502625,1
0.49802717566490173,1
0.4378011226654053,1
0.4428409934043884,1
0.42203837633132935,1
0.588120698928833,1
0.3668995201587677,1
0.35553568601608276,1
0.4671882092952728,1
0.3619370758533478,1
0.38120338320732117,1
0.5918063521385193,1
0.37766483426094055,1
0.2727707624435425,1
0.36144986748695374,1
0.2415461391210556,1
0.35699230432510376,1
0.32300707697868347,1
0.37326669692993164,1
0.3863160312175751,1
0.44218909740448,1
0.2915276288986206,1
0.2245490849018097,1
0.38160550594329834,1
0.27184218168258667,1
0.433992475271225,1
0.23820644617080688,1
0.42226117849349976,1
0.23045608401298523,1
0.240479975938797,1
0.28874555230140686,1
0.3342047929763794,1
0.4148407578468323,1
0.5716673731803894,1
0.2882273197174072,1
0.3190491199493408,1
0.32882994413375854,1
0.3112713098526001,1
0.25195568799972534,1
0.5681453943252563,1
0.3516327142715454,1
0.3083556592464447,1
0.2815294861793518,1
0.49843281507492065,1
0.20557808876037598,1
0.3761822581291199,1
0.4057158827781677,1
0.19355683028697968,1
0.26259440183639526,1
0.33874276280403137,1
0.3529275953769684,1
0.28389427065849304,1
0.2559497654438019,1
0.35117867588996887,1
0.2625362277030945,1
0.25662901997566223,1
0.3662496507167816,1
0.41030943393707275,1
0.4557095170021057,1
0.42348524928092957,1
0.42872393131256104,1
0.3889912962913513,1
0.3020351529121399,1
0.16939496994018555,1
0.508038341999054,1
0.33051520586013794,1
0.25170427560806274,1
0.4165860712528229,1
0.33192676305770874,1
0.2753874361515045,1
0.15742608904838562,1
0.4186728596687317,1
0.2065858095884323,1
0.26544612646102905,1
0.453750878572464,1
0.33421266078948975,1
0.3773348927497864,1
0.3634551167488098,1
0.2654380798339844,1
0.3849249482154846,1
0.47281187772750854,1
0.4672210216522217,1
0.22580547630786896,1
0.41431912779808044,1
0.36955416202545166,1
0.3805837631225586,1
0.27302590012550354,1
0.3269864618778229,1
0.23845671117305756,1
0.44477853178977966,1
0.33814162015914917,1
0.35130688548088074,1
0.3212187886238098,1
0.3440384566783905,1
0.3095821738243103,1
0.33994007110595703,1
0.2488917112350464,1
0.3955930173397064,1
0.24300314486026764,1
0.31346094608306885,1
0.38708263635635376,1
0.46455052495002747,1
0.24282152950763702,1
0.43759796023368835,1
0.336394339799881,1
0.3553623855113983,1
0.25501716136932373,1
0.19776953756809235,1
0.4534936547279358,1
0.3492332100868225,1
0.44098782539367676,1
0.28991401195526123,1
0.4398176968097687,1
0.38110193610191345,1
0.14875876903533936,1
0.13634341955184937,1
0.3508368134498596,1
0.22703024744987488,1
0.2879791557788849,1
0.33081498742103577,1
0.2765513062477112,1
0.33371037244796753,1
0.2575068473815918,1
0.18462200462818146,1
0.37494492530822754,1
0.41714757680892944,1
0.3130369782447815,1
0.26959794759750366,1
0.3219856321811676,1
0.30393534898757935,1
0.38307973742485046,1
0.42420637607574463,1
0.3950393795967102,1
0.2612174153327942,1
0.47949880361557007,1
0.38446930050849915,1
0.47368866205215454,1
0.2348899394273758,1
0.3688160479068756,1
0.34145522117614746,1
0.22721916437149048,1
0.5101206302642822,1
0.30073434114456177,1
0.48598021268844604,1
0.4772723913192749,1
0.2771117091178894,1
0.43645504117012024,1
0.29483741521835327,1
0.3806847929954529,1
0.30933642387390137,1
0.32943975925445557,1
0.20773430168628693,1
0.312339723110199,1
0.16255661845207214,1
0.2908129096031189,1
0.48560047149658203,1
0.43607550859451294,1
0.28978484869003296,1
0.3919776380062103,1
0.33256006240844727,1
0.41655778884887695,1
0.43874338269233704,1
0.268091082572937,1
0.2733433246612549,1
0.2178431749343872,1
0.6255427598953247,1
0.49074649810791016,1
0.2531037926673889,1
0.3339006304740906,1
0.3836987316608429,1
0.32746171951293945,1
0.3159390091896057,1
0.1816692054271698,1
0.5599188208580017,1
0.27712562680244446,1
0.4860372841358185,1
0.3143376111984253,1
0.2635924816131592,1
0.28252512216567993,1
0.28183579444885254,1
0.36548516154289246,1
0.378608763217926,1
0.5011042356491089,1
0.3550722897052765,1
0.3129841387271881,1
0.23038774728775024,1
0.21974365413188934,1
0.3577774167060852,1
0.20891740918159485,1
0.37088245153427124,1
0.3767838776111603,1
0.4026610851287842,1
0.16640633344650269,1
0.2970595359802246,1
0.2359853833913803,1
0.3093967139720917,1
0.38549521565437317,1
0.3175216317176819,1
0.3522803783416748,1
0.3250300884246826,1
0.2553105652332306,1
0.3977360725402832,1
0.3099868893623352,1
0.3857783079147339,1
0.5713133811950684,1
0.28563806414604187,1
0.37178826332092285,1
0.2807689905166626,1
0.39811933040618896,1
0.3852621912956238,1
0.2917475998401642,1
0.46735456585884094,1
0.21343393623828888,1
0.20677584409713745,1
0.4054790139198303,1
0.4682832658290863,1
0.3300437331199646,1
0.25688183307647705,1
0.29527419805526733,1
0.36508357524871826,1
0.1679953783750534,1
0.32592058181762695,1
0.6014866232872009,1
0.2899058163166046,1
0.35196810960769653,1
0.3549094796180725,1
0.2505097985267639,1
0.3075782358646393,1
0.19739797711372375,1
0.34562018513679504,1
0.19317308068275452,1
0.14944344758987427,1
0.26609688997268677,1
0.381930947303772,1
0.2824791669845581,1
0.25650620460510254,1
0.44129830598831177,1
0.3826923668384552,1
0.27328670024871826,1
0.4896547198295593,1
0.405461847782135,1
0.25328537821769714,1
0.48589521646499634,1
0.22273823618888855,1
0.28046777844429016,1
0.29364657402038574,1
0.3255469501018524,1
0.30759572982788086,1
0.16319607198238373,1
0.3159934878349304,1
0.2115653157234192,1
0.16207754611968994,1
0.2113437056541443,1
0.5058771967887878,1
0.3432835638523102,1
0.48018336296081543,1
0.27548566460609436,1
0.1716146469116211,1
0.29781606793403625,1
0.2420724630355835,1
0.3494028151035309,1
0.3759932219982147,1
0.2880603075027466,1
0.22707070410251617,1
0.41806039214134216,1
0.42223769426345825,1
0.2970755398273468,1
0.19751611351966858,1
0.27498531341552734,1
0.3509953022003174,1
0.5800584554672241,1
0.6230326294898987,1
0.2902188003063202,1
0.42750880122184753,1
0.48232501745224,1
0.35159292817115784,1
0.280394971370697,1
0.2752503752708435,1
0.3258495330810547,1
0.1866983324289322,1
0.38853919506073,1
0.2370413839817047,1
0.2461193948984146,1
0.2125474214553833,1
0.37778791785240173,1
0.419880747795105,1
0.4139067530632019,1
0.2216234803199768,1
0.28906866908073425,1
0.32738861441612244,1
0.3938847780227661,1
0.5225993394851685,1
0.19033358991146088,1
0.2418588250875473,1
0.44734227657318115,1
0.24487894773483276,1
0.39103901386260986,1
0.2299470752477646,1
0.3795599043369293,1
0.22073370218276978,1
0.3137139678001404,1
0.6621875166893005,1
0.3616340160369873,1
0.5792355537414551,1
0.2606794536113739,1
0.3134055733680725,1
0.4017336964607239,1
0.4520663619041443,1
0.2731679379940033,1
0.2942723035812378,1
0.22185596823692322,1
0.27260446548461914,1
0.2759245038032532,1
0.2912065386772156,1
0.17422325909137726,1
0.2833939790725708,1
0.3528670370578766,1
0.3397331237792969,1
0.3795914053916931,1
0.5898685455322266,1
0.23894824087619781,1
0.2244444042444229,1
0.3769451975822449,1
0.3152681589126587,1
0.2898223400115967,1
0.3795715570449829,1
0.28926074504852295,1
0.4252339005470276,1
0.35241708159446716,1
0.3054690361022949,1
0.4596964120864868,1
0.21679604053497314,1
0.3841990530490875,1
0.2654136121273041,1
0.33625656366348267,1
0.39466285705566406,1
0.4650162160396576,1
0.30569231510162354,1
0.4113369882106781,1
0.39057374000549316,1
0.28009143471717834,1
0.40589386224746704,1
0.2180892527103424,1
0.3639242649078369,1
0.3776632845401764,1
0.3616139888763428,1
0.35748863220214844,1
0.35984987020492554,1
0.21184325218200684,1
0.16937854886054993,1
0.40076667070388794,1
0.41198018193244934,1
0.2339383065700531,1
0.5159128904342651,1
0.21585708856582642,1
0.23941966891288757,1
0.32725805044174194,1
0.2715984284877777,1
0.4022573232650757,1
0.3326464295387268,1
0.23955343663692474,1
0.4509127736091614,1
0.5009745955467224,1
0.5925705432891846,1
0.25998711585998535,1
0.29242533445358276,1
0.17016969621181488,1
0.17338192462921143,1
0.31849777698516846,1
0.29598772525787354,1
0.2931664288043976,1
0.19624373316764832,1
0.18484506011009216,1
0.3481149971485138,1
0.4879593551158905,1
0.26480409502983093,1
0.32289403676986694,1
0.3308674097061157,1
0.30054956674575806,1
0.2548685371875763,1
0.35602766275405884,1
0.22581946849822998,1
0.4599742889404297,1
0.2289666086435318,1
0.3025504946708679,1
0.44896405935287476,1
0.30195876955986023,1
0.4121624231338501,1
0.4031727910041809,1
0.24610158801078796,1
0.16062383353710175,1
0.2598685026168823,1
0.37437373399734497,1
0.3068211078643799,1
0.36634349822998047,1
0.28839540481567383,1
0.20356711745262146,1
0.24423456192016602,1
0.32765763998031616,1
0.2605924606323242,1
0.4479537606239319,1
0.3006057143211365,1
0.34050771594047546,1
0.452772319316864,1
0.34813815355300903,1
0.23859471082687378,1
0.32021617889404297,1
0.16118890047073364,1
0.2445584088563919,1
0.22258061170578003,1
0.26665177941322327,1
0.4659552276134491,1
0.33860284090042114,1
0.31120672821998596,1
0.3611738681793213,1
0.28424182534217834,1
0.27763161063194275,1
0.27810174226760864,1
0.4490511417388916,1
0.2337048053741455,1
0.22810374200344086,1
0.2935051918029785,1
0.37718915939331055,1
0.40034884214401245,1
0.27900832891464233,1
0.25854921340942383,1
0.3723527789115906,1
0.320381224155426,1
0.3229006826877594,1
0.2283439338207245,1
0.3681509494781494,1
0.33110949397087097,1
0.35830849409103394,1
0.33246761560440063,1
0.28464406728744507,1
0.41968023777008057,1
0.5564201474189758,1
0.26747605204582214,1
0.4774242043495178,1
0.3544999957084656,1
0.2617853879928589,1
0.427062451839447,1
0.5665159821510315,1
0.3263615369796753,1
0.2963920831680298,1
0.2562674880027771,1
0.33950334787368774,1
0.36207515001296997,1
0.4067293405532837,1
0.4305028021335602,1
0.1788272112607956,1
0.3400963544845581,1
0.22300897538661957,1
0.2501749098300934,1
0.2797691524028778,1
0.41196510195732117,1
0.40409594774246216,1
0.31562596559524536,1
0.4112057685852051,1
0.22307559847831726,1
0.40148472785949707,1
0.3511025905609131,1
0.4446749687194824,1
0.251423180103302,1
0.33578991889953613,1
0.24003742635250092,1
0.44683337211608887,1
0.24534852802753448,1
0.3791210949420929,1
0.3756290078163147,1
0.24803867936134338,1
0.3326145112514496,1
0.3612036108970642,1
0.40540093183517456,1
0.4054551124572754,1
0.26808831095695496,1
0.3277922570705414,1
0.27297425270080566,1
0.26944270730018616,1
0.18636465072631836,1
0.15239113569259644,1
0.23439094424247742,1
0.3695400357246399,1
0.24239477515220642,1
0.2645479440689087,1
0.24635329842567444,1
0.35853302478790283,1
0.3475552797317505,1
0.3568660616874695,1
0.3290015459060669,1
0.3465403914451599,1
0.300411581993103,1
0.28977516293525696,1
0.3654131591320038,1
0.23525720834732056,1
0.4554636776447296,1
0.18226861953735352,1
0.20475651323795319,1
0.23199869692325592,1
0.29514366388320923,1
0.31124135851860046,1
0.3324532210826874,1
0.36719590425491333,1
0.42797940969467163,1
0.5283810496330261,1
0.352595716714859,1
0.4165040850639343,1
0.17794515192508698,1
0.4907293915748596,1
0.31712400913238525,1
0.36299678683280945,1
0.38718581199645996,1
0.33743900060653687,1
0.46141982078552246,1
0.2694272994995117,1
0.16518723964691162,1
0.3801933825016022,1
0.3536103665828705,1
0.3400810956954956,1
0.22360360622406006,1
0.2807709574699402,1
0.24354171752929688,1
0.2870994806289673,1
0.3447543978691101,1
0.27531519532203674,1
0.2866951823234558,1
0.29349657893180847,1
0.3162778615951538,1
0.3056304454803467,1
0.32055550813674927,1
0.4137748181819916,1
0.34343573451042175,1
0.3132045865058899,1
0.3491327166557312,1
0.2960578203201294,1
0.340195894241333,1
0.3240986466407776,1
0.24061410129070282,1
0.2700256407260895,1
0.25485968589782715,1
0.4022657871246338,1
0.36677607893943787,1
0.193208247423172,1
0.40612733364105225,1
0.2580740749835968,1
0.37142544984817505,1
0.27765408158302307,1
0.2948063611984253,1
0.42553597688674927,1
0.3502980172634125,1
0.1604456901550293,1
0.3686416745185852,1
0.28685128688812256,1
0.2674660384654999,1
0.20131945610046387,1
0.41734611988067627,1
0.3117977976799011,1
0.4085315465927124,1
0.35572415590286255,1
0.2612224221229553,1
0.12563885748386383,1
0.34637606143951416,1
0.24874690175056458,1
0.2965012192726135,1
0.38862642645835876,1
0.2499372363090515,1
0.2239028811454773,1
0.19521920382976532,1
0.2514071464538574,1
0.3360706567764282,1
0.2958921492099762,1
0.3130606710910797,1
0.3035438656806946,1
0.4252224564552307,1
0.2518116235733032,1
0.31080740690231323,1
0.30155569314956665,1
0.486837238073349,1
0.30182209610939026,1
0.2026093304157257,1
0.3419737219810486,1
0.3140147924423218,1
0.23188629746437073,1
0.2419320046901703,1
0.25245267152786255,1
0.37961065769195557,1
0.22925910353660583,1
0.5169287919998169,1
0.2368791550397873,1
0.3074454963207245,1
0.5052037239074707,1
0.49999678134918213,1
0.370907187461853,1
0.37591105699539185,1
0.4236653447151184,1
0.3295588493347168,1
0.4660598039627075,1
0.44048428535461426,1
0.2979435324668884,1
0.18984974920749664,1
0.34128522872924805,1
0.2554977834224701,1
0.22947143018245697,1
0.14822039008140564,1
0.339539110660553,1
0.20148470997810364,1
0.2843817472457886,1
0.3377969563007355,1
0.3569055199623108,1
0.2688378691673279,1
0.311703085899353,1
0.39841747283935547,1
0.4988241195678711,1
0.40937304496765137,1
0.43452364206314087,1
0.4101858139038086,1
0.3246012032032013,1
0.2521086037158966,1
0.4115520119667053,1
0.38955605030059814,1
0.25260064005851746,1
0.4508605897426605,1
0.30157536268234253,1
0.25087815523147583,1
0.34829312562942505,1
0.24862957000732422,1
0.20923830568790436,1
0.40797728300094604,1
0.15629982948303223,1
0.5233064889907837,1
0.26361891627311707,1
0.32220563292503357,1
0.34977295994758606,1
0.45128288865089417,1
0.4079780876636505,1
0.3585377037525177,1
0.3525705933570862,1
0.3628023862838745,1
0.21444085240364075,1
0.3526022434234619,1
0.5261686444282532,1
0.28331416845321655,1
0.2740447223186493,1
0.4111875593662262,1
0.34089407324790955,1
0.31589487195014954,1
0.33612874150276184,1
0.3433093726634979,1
0.4848271310329437,1
0.344058632850647,1
0.3912271559238434,1
0.31638991832733154,1
0.18248289823532104,1
0.3207912743091583,1
0.4053495526313782,1
0.3917316794395447,1
0.41933736205101013,1
0.46122172474861145,1
0.25955986976623535,1
0.2842615842819214,1
0.26562607288360596,1
0.3331001400947571,1
0.20810356736183167,1
0.25676992535591125,1
0.19548091292381287,1
0.2934876084327698,1
0.2823559045791626,1
0.3109666109085083,1
0.35473790764808655,1
0.26765966415405273,1
0.4150697886943817,1
0.4599032402038574,1
0.24319392442703247,1
0.2740213871002197,1
0.25982654094696045,1
0.3042655289173126,1
0.3147493004798889,1
0.4367537796497345,1
0.33508121967315674,1
0.4468378722667694,1
0.1607990264892578,1
0.4350067973136902,1
0.39979347586631775,1
0.35482481122016907,1
0.37333962321281433,1
0.19381780922412872,1
0.2587794065475464,1
0.3970656991004944,1
0.30559241771698,1
0.27409154176712036,1
0.49553555250167847,1
0.31197574734687805,1
0.16797980666160583,1
0.37503379583358765,1
0.3032680153846741,1
0.36047911643981934,1
0.4289940297603607,1
0.19584257900714874,1
0.2130759209394455,1
0.3143059313297272,1
0.25711363554000854,1
0.3586069643497467,1
0.2333149015903473,1
0.34320592880249023,1
0.20632404088974,1
0.2335609793663025,1
0.13813179731369019,1
0.25259000062942505,1
0.20078885555267334,1
0.4992036819458008,1
0.22748079895973206,1
0.28226518630981445,1
0.3938981294631958,1
0.22252792119979858,1
0.3889598250389099,1
0.33649349212646484,1
0.29883307218551636,1
0.30852121114730835,1
0.4391854405403137,1
0.3007200062274933,1
0.21945218741893768,1
0.2025987207889557,1
0.34272637963294983,1
0.38165247440338135,1
0.26099997758865356,1
0.48530688881874084,1
0.2997331917285919,1
0.2389744073152542,1
0.3147372007369995,1
0.3412880599498749,1
0.17907121777534485,1
0.24402251839637756,1
0.2876298725605011,1
0.19905757904052734,1
0.41972219944000244,1
0.3760807514190674,1
0.27633848786354065,1
0.2997608780860901,1
0.25917714834213257,1
0.2940237522125244,1
0.3658900558948517,1
0.32390326261520386,1
0.2850695252418518,1
0.26562151312828064,1
0.3692646920681,1
0.26685160398483276,1
0.30826663970947266,1
0.2051277756690979,1
0.30795496702194214,1
0.3913886547088623,1
0.32466214895248413,1
0.2763018012046814,1
0.19725695252418518,1
0.5857081413269043,1
0.24386414885520935,1
0.39964282512664795,1
0.3200068473815918,1
0.2533342242240906,1
0.21805506944656372,1
0.2664811611175537,1
0.2811031937599182,1
0.4635249674320221,1
0.33576053380966187,1
0.407395601272583,1
0.2837832570075989,1
0.46217459440231323,1
0.2258968949317932,1
0.27642470598220825,1
0.23895590007305145,1
0.3378579616546631,1
0.2811248302459717,1
0.21913793683052063,1
0.1847224235534668,1
0.39112916588783264,1
0.3502698838710785,1
0.20571228861808777,1
0.36507999897003174,1
0.3442261219024658,1
0.3981175422668457,1
0.44103318452835083,1
0.30506619811058044,1
0.26032304763793945,1
0.28329843282699585,1
0.31149372458457947,1
0.1931801289319992,1
0.4636174440383911,1
0.2960653305053711,1
0.33730122447013855,1
0.2536805272102356,1
0.2426755279302597,1
0.3228251039981842,1
0.17984497547149658,1
0.35867786407470703,1
0.3987133502960205,1
0.3408048152923584,1
0.22374983131885529,1
0.24174585938453674,1
0.2847302258014679,1
0.3771108388900757,1
0.16389498114585876,1
0.3268774151802063,1
0.25917738676071167,1
0.47681644558906555,1
0.22527356445789337,1
0.3119739890098572,1
0.3854716718196869,1
0.24676287174224854,1
0.38475728034973145,1
0.465496301651001,1
0.36643505096435547,1
0.24467089772224426,1
0.4135168194770813,1
0.40825653076171875,1
0.24595427513122559,1
0.2840099334716797,1
0.36198556423187256,1
0.30266839265823364,1
0.2994176745414734,1
0.15047185122966766,1
0.4153986871242523,1
0.24124345183372498,1
0.3081943392753601,1
0.30188459157943726,1
0.20340648293495178,1
0.30709078907966614,1
0.21623358130455017,1
0.21790704131126404,1
0.34518536925315857,1
0.38060203194618225,1
0.17424696683883667,1
0.32576292753219604,1
0.43258583545684814,1
0.5419759750366211,1
0.2035912275314331,1
0.33005452156066895,1
0.3170890808105469,1
0.24377107620239258,1
0.44752758741378784,1
0.33086907863616943,1
0.19348490238189697,1
0.2627928853034973,1
0.30439525842666626,1
0.21120092272758484,1
0.29372638463974,1
0.2998581528663635,1
0.21915267407894135,1
0.31653207540512085,1
0.22109325230121613,1
0.22295942902565002,1
0.25076091289520264,1
0.34187576174736023,1
0.13957884907722473,1
0.42187365889549255,1
0.2746559977531433,1
0.39493528008461,1
0.3457084894180298,1
0.35431578755378723,1
0.3052927255630493,1
0.258109450340271,1
0.4669192135334015,1
0.25980010628700256,1
0.31725358963012695,1
0.29451116919517517,1
0.33510643243789673,1
0.19142639636993408,1
0.3537054657936096,1
0.40700677037239075,1
0.5473916530609131,1
0.3293292224407196,1
0.3082541525363922,1
0.23379598557949066,1
0.23158498108386993,1
0.27690252661705017,1
0.2521924674510956,1
0.24994245171546936,1
0.4291962683200836,1
0.3628709316253662,1
0.24957634508609772,1
0.3009926676750183,1
0.5848377346992493,1
0.3469785749912262,1
0.40291187167167664,1
0.265178918838501,1
0.3196698725223541,1
0.42027547955513,1
0.3195893168449402,1
0.1552644968032837,1
0.4425157904624939,1
0.2560598850250244,1
0.36858657002449036,1
0.3513023555278778,1
0.471685528755188,1
0.2443966269493103,1
0.20763012766838074,1
0.44534140825271606,1
0.30169302225112915,1
0.3207511007785797,1
0.41289645433425903,1
0.29609420895576477,1
0.29048144817352295,1
0.2968482971191406,1
0.4015795588493347,1
0.23575659096240997,1
0.353911817073822,1
0.42057478427886963,1
0.2599780261516571,1
0.30092763900756836,1
0.1990348994731903,1
0.27750784158706665,1
0.2312866598367691,1
0.2496471107006073,1
0.33619117736816406,1
0.3382467031478882,1
0.37497055530548096,1
0.1633414328098297,1
0.24906666576862335,1
0.31734371185302734,1
0.1851246953010559,1
0.2558339536190033,1
0.2074202597141266,1
0.31489381194114685,1
0.3370819091796875,1
0.3492272198200226,1
0.3927496373653412,1
0.26871708035469055,1
0.26946085691452026,1
0.2458411455154419,1
0.33532050251960754,1
0.1783619225025177,1
0.4902302622795105,1
0.20878419280052185,1
0.30240756273269653,1
0.29030463099479675,1
0.24263252317905426,1
0.27740174531936646,1
0.5001929998397827,1
0.393515408039093,1
0.34220004081726074,1
0.2949516773223877,1
0.44883692264556885,1
0.3409711420536041,1
0.27318328619003296,1
0.310368150472641,1
0.40865013003349304,1
0.271045058965683,1
0.22134026885032654,1
0.6175539493560791,1
0.2620925307273865,1
0.2256501019001007,1
0.25274157524108887,1
0.3351541757583618,1
0.33050239086151123,1
0.32872846722602844,1
0.24771706759929657,1
0.3297019600868225,1
0.43135643005371094,1
0.33012840151786804,1
0.3169535994529724,1
0.2258516550064087,1
0.27484244108200073,1
0.2757786512374878,1
0.3317919671535492,1
0.25395140051841736,1
0.5332728624343872,1
0.2976846992969513,1
0.38150691986083984,1
0.4178887903690338,1
0.42588913440704346,1
0.3951215445995331,1
0.3531252443790436,1
0.3163242042064667,1
0.3373680114746094,1
0.3747132420539856,1
0.21927006542682648,1
0.23695209622383118,1
0.4301922917366028,1
0.4164598882198334,1
0.15952427685260773,1
0.23677827417850494,1
0.1672949492931366,1
0.2286674678325653,1
0.30796945095062256,1
0.2705587148666382,1
0.2539078891277313,1
0.3891013264656067,1
0.222512885928154,1
0.3486078679561615,1
0.2171913981437683,1
0.1647564023733139,1
0.2486625462770462,1
0.29885751008987427,1
0.3740465044975281,1
0.31868040561676025,1
0.3460286855697632,1
0.37122830748558044,1
0.30415838956832886,1
0.3619227111339569,1
0.23941971361637115,1
0.24475137889385223,1
0.31882575154304504,1
0.20500677824020386,1
0.35631877183914185,1
0.3923267126083374,1
0.24108649790287018,1
0.331042617559433,1
0.09912039339542389,1
0.3224976360797882,1
0.20828785002231598,1
0.2588323652744293,1
0.2736450433731079,1
0.2830589711666107,1
0.1833878755569458,1
0.2259884923696518,1
0.45345866680145264,1
0.27341803908348083,1
0.4111292362213135,1
0.30887287855148315,1
0.3606375455856323,1
0.33476680517196655,1
0.3692811131477356,1
0.24132677912712097,1
0.3368103504180908,1
0.3055480718612671,1
0.18003946542739868,1
0.309704065322876,1
0.2518390417098999,1
0.22823266685009003,1
0.26794373989105225,1
0.2545551657676697,1
0.25174573063850403,1
0.39480024576187134,1
0.2912536859512329,1
0.1890506148338318,1
0.22922542691230774,1
0.3556930422782898,1
0.2296103984117508,1
0.29341375827789307,1
0.281718373298645,1
0.3648926913738251,1
0.2785526216030121,1
0.2912048101425171,1
0.25457170605659485,1
0.34750044345855713,1
0.4157404899597168,1
0.47465673089027405,1
0.36677414178848267,1
0.3675442934036255,1
0.2843262255191803,1
0.19237418472766876,1
0.2914692759513855,1
0.3971925377845764,1
0.2905849814414978,1
0.2511707544326782,1
0.4221401810646057,1
0.365526407957077,1
0.2678735554218292,1
0.30640560388565063,1
0.30713778734207153,1
0.42197659611701965,1
0.3379380404949188,1
0.2703879177570343,1
0.45066529512405396,1
0.29030948877334595,1
0.2546675503253937,1
0.3637191355228424,1
0.33134618401527405,1
0.22205743193626404,1
0.23266726732254028,1
0.3221621513366699,1
0.34447211027145386,1
0.11372816562652588,1
0.14590004086494446,1
0.39676007628440857,1
0.23756588995456696,1
0.2639514207839966,1
0.4482404589653015,1
0.43553054332733154,1
0.23882153630256653,1
0.4255407154560089,1
0.315639466047287,1
0.19841039180755615,1
0.1415742188692093,1
0.28216543793678284,1
0.3064783811569214,1
0.2095685601234436,1
0.3539946377277374,1
0.3470630645751953,1
0.2613317370414734,1
0.39712613821029663,1
0.2995890974998474,1
0.27022093534469604,1
0.21017369627952576,1
0.28103598952293396,1
0.2970738410949707,1
0.2095465511083603,1
0.3206445574760437,1
0.23813992738723755,1
0.30450013279914856,1
0.40434354543685913,1
0.2832965850830078,1
0.25479423999786377,1
0.3336371183395386,1
0.1126885786652565,1
0.2902860939502716,1
0.24573427438735962,1
0.38744455575942993,1
0.22683006525039673,1
0.44815635681152344,1
0.21125704050064087,1
0.25220486521720886,1
0.21748864650726318,1
0.5507029294967651,1
0.25971847772598267,1
0.4258643090724945,1
0.3345322608947754,1
0.31744715571403503,1
0.2280777394771576,1
0.3031589388847351,1
0.3181726932525635,1
0.2245214879512787,1
0.3551468253135681,1
0.34745848178863525,1
0.26747697591781616,1
0.30394110083580017,1
0.28395557403564453,1
0.3872077167034149,1
0.1812126189470291,1
0.2436736524105072,1
0.34287798404693604,1
0.18690162897109985,1
0.21133260428905487,1
0.23743152618408203,1
0.3618491291999817,1
0.101233571767807,1
0.2779955267906189,1
0.335339218378067,1
0.24819913506507874,1
0.27136656641960144,1
0.23197633028030396,1
0.19859862327575684,1
0.4843764007091522,1
0.19527527689933777,1
0.2911679744720459,1
0.18661484122276306,1
0.26014700531959534,1
0.39988890290260315,1
0.19446219503879547,1
0.3711393177509308,1
0.3912253975868225,1
0.3061053454875946,1
0.2880484461784363,1
0.23363730311393738,1
0.5432982444763184,1
0.36789602041244507,1
0.4078264832496643,1
0.275402307510376,1
0.12541142106056213,1
0.38304007053375244,1
0.427384614944458,1
0.4206595718860626,1
0.28712427616119385,1
0.4157237410545349,1
0.25988295674324036,1
0.22850178182125092,1
0.22402989864349365,1
0.22027215361595154,1
0.35454949736595154,1
0.28348878026008606,1
0.2408434897661209,1
0.3841249346733093,1
0.3967377841472626,1
0.4248984456062317,1
0.34578365087509155,1
0.15146133303642273,1
0.265725314617157,1
0.1875455379486084,1
0.3126070201396942,1
0.30449771881103516,1
0.336145281791687,1
0.2425745129585266,1
0.21518370509147644,1
0.34409981966018677,1
0.32096439599990845,1
0.3193369209766388,1
0.3007112145423889,1
0.22375714778900146,1
0.20513659715652466,1
0.27479225397109985,1
0.2367706149816513,1
0.36919647455215454,1
0.3481028378009796,1
0.35043495893478394,1
0.1980513334274292,1
0.30342429876327515,1
0.35323357582092285,1
0.2008064091205597,1
0.36928558349609375,1
0.2746391296386719,1
0.4916774332523346,1
0.19359011948108673,1
0.5408607721328735,1
0.40931621193885803,1
0.3471880555152893,1
0.31937652826309204,1
0.21973757445812225,1
0.24561062455177307,1
0.26746994256973267,1
0.41628599166870117,1
0.31404173374176025,1
0.37596794962882996,1
0.2539843022823334,1
0.18117031455039978,1
0.3552449345588684,1
0.2759113609790802,1
0.3562743663787842,1
0.207858607172966,1
0.35337260365486145,1
0.24959298968315125,1
0.2746957540512085,1
0.2358774095773697,1
0.2073095142841339,1
0.3841012716293335,1
0.21291089057922363,1
0.568732738494873,1
0.3616575002670288,1
0.5112901329994202,1
0.23564837872982025,1
0.20109593868255615,1
0.3038984537124634,1
0.3190467953681946,1
0.3364911377429962,1
0.4249049127101898,1
0.2937432527542114,1
0.28626686334609985,1
0.13527099788188934,1
0.3607531189918518,1
0.31893086433410645,1
0.2532816529273987,1
0.26163920760154724,1
0.2873106002807617,1
0.48868465423583984,1
0.16324090957641602,1
0.18960776925086975,1
0.21935653686523438,1
0.3473387360572815,1
0.2468833029270172,1
0.32073429226875305,1
0.234377920627594,1
0.25985991954803467,1
0.3247257173061371,1
0.2902945876121521,1
0.32623526453971863,1
0.2683619260787964,1
0.38503187894821167,1
0.25204184651374817,1
0.4370996057987213,1
0.3033626973628998,1
0.21985125541687012,1
0.27713820338249207,1
0.2598576545715332,1
0.4009823799133301,1
0.33816105127334595,1
0.3080631196498871,1
0.44783008098602295,1
0.3096795678138733,1
0.2591342628002167,1
0.2960933744907379,1
0.39406514167785645,1
0.2925480604171753,1
0.23767468333244324,1
0.34143370389938354,1
0.4191690683364868,1
0.25521886348724365,1
0.32784637808799744,1
0.25400102138519287,1
0.3187164068222046,1
0.32399922609329224,1
0.3481023907661438,1
0.12499094754457474,1
0.2911848723888397,1
0.30243849754333496,1
0.28581249713897705,1
0.363985538482666,1
0.20553714036941528,1
0.2685256600379944,1
0.19786055386066437,1
0.4566324055194855,1
0.428126722574234,1
0.3194054961204529,1
0.28458502888679504,1
0.3632296323776245,1
0.30816715955734253,1
0.3502303659915924,1
0.32055261731147766,1
0.1332259327173233,1
0.32307708263397217,1
0.3337128758430481,1
0.2594746947288513,1
0.25457191467285156,1
0.26731669902801514,1
0.22350692749023438,1
0.3332549035549164,1
0.2193193882703781,1
0.2244226634502411,1
0.26340702176094055,1
0.33184829354286194,1
0.28116756677627563,1
0.33398979902267456,1
0.2799450755119324,1
0.27177149057388306,1
0.3134610652923584,1
0.35953107476234436,1
0.30814868211746216,1
0.30480048060417175,1
0.43417125940322876,1
0.4065677523612976,1
0.25263360142707825,1
0.3281322121620178,1
0.36924973130226135,1
0.3571230173110962,1
0.3817570209503174,1
0.31365641951560974,1
0.3647696077823639,1
0.403939425945282,1
0.2646307349205017,1
0.5843557119369507,1
0.33667439222335815,1
0.22548562288284302,1
0.4032580852508545,1
0.22560298442840576,1
0.3688567280769348,1
0.38406676054000854,1
0.2922501862049103,1
0.2516386806964874,1
0.27224302291870117,1
0.3181229829788208,1
0.2751041650772095,1
0.23228465020656586,1
0.3223939836025238,1
0.2691922187805176,1
0.1642267107963562,1
0.3668847680091858,1
0.21237173676490784,1
0.2213195264339447,1
0.322262704372406,1
0.24756456911563873,1
0.5736541748046875,1
0.29646655917167664,1
0.37268391251564026,1
0.279450386762619,1
0.4626048803329468,1
0.22102713584899902,1
0.33191055059432983,1
0.33686330914497375,1
0.39848947525024414,1
0.37887877225875854,1
0.3707681894302368,1
0.2548225224018097,1
0.2756705582141876,1
0.19108515977859497,1
0.4099035859107971,1
0.3746989369392395,1
0.30175280570983887,1
0.22889721393585205,1
0.2711070775985718,1
0.2442212998867035,1
0.43914949893951416,1
0.36450302600860596,1
0.1863153576850891,1
0.26444169878959656,1
0.25567296147346497,1
0.28664159774780273,1
0.30033376812934875,1
0.24579940736293793,1
0.31609296798706055,1
0.2973780632019043,1
0.31491512060165405,1
0.2256099283695221,1
0.24944335222244263,1
0.3533634543418884,1
0.3026497960090637,1
0.37447646260261536,1
0.22421906888484955,1
0.2277505099773407,1
0.1618422418832779,1
0.36184507608413696,1
0.2162921279668808,1
0.2819911241531372,1
0.29144343733787537,1
0.37757059931755066,1
0.358656644821167,1
0.3347010910511017,1
0.20213571190834045,1
0.303533673286438,1
0.4198986887931824,1
0.20281752943992615,1
0.3929665982723236,1
0.28108352422714233,1
0.37107592821121216,1
0.28553929924964905,1
0.12417030334472656,1
0.3036958575248718,1
0.39017951488494873,1
0.1871650516986847,1
0.27549201250076294,1
0.27873989939689636,1
0.1557556539773941,1
0.36435139179229736,1
0.21258126199245453,1
0.3327557444572449,1
0.5123494863510132,1
0.23482666909694672,1
0.1979113221168518,1
0.44292664527893066,1
0.2736656367778778,1
0.4201258420944214,1
0.29536014795303345,1
0.30541497468948364,1
0.1855957955121994,1
0.24089016020298004,1
0.21893763542175293,1
0.478543758392334,1
0.3127273917198181,1
0.42556801438331604,1
0.2289186716079712,1
0.37363097071647644,1
0.4415825605392456,1
0.31073805689811707,1
0.18228060007095337,1
0.32977592945098877,1
0.32405534386634827,1
0.23119273781776428,1
0.2581663727760315,1
0.2618071436882019,1
0.27598562836647034,1
0.39324241876602173,1
0.22633108496665955,1
0.45470982789993286,1
0.3017062544822693,1
0.2551371455192566,1
0.4485858082771301,1
0.16391552984714508,1
0.2049938142299652,1
0.18269988894462585,1
0.26251786947250366,1
0.24361711740493774,1
0.3046644330024719,1
0.34420013427734375,1
0.36043834686279297,1
0.29866480827331543,1
0.2889968752861023,1
0.41906464099884033,1
0.3898092210292816,1
0.22180968523025513,1
0.03667958080768585,1
0.2981811463832855,1
0.18832668662071228,1
