0.3779618442058563,1
0.12628917396068573,1
0.0983530655503273,1
0.06204450502991676,1
0.05206945911049843,1
0.14831286668777466,1
0.07095445692539215,1
0.22434471547603607,1
0.16182133555412292,1
0.20483914017677307,1
0.1250157356262207,1
0.13366824388504028,1
0.1302831768989563,1
0.11692164838314056,1
0.1881454586982727,1
0.07925501465797424,1
0.04623944312334061,1
0.1267571598291397,1
0.11307208240032196,1
0.26769089698791504,1
0.06621303409337997,1
0.0926939994096756,1
0.06880202889442444,1
0.26563963294029236,1
0.19467641413211823,1
0.1612440049648285,1
0.03314206004142761,1
0.10166841745376587,1
0.04615834727883339,1
0.2457006722688675,1
0.19377216696739197,1
0.05412561446428299,1
0.06349609792232513,1
0.1274019479751587,1
0.07564426958560944,1
0.2632978558540344,1
0.19342930614948273,1
0.1057620644569397,1
0.14968344569206238,1
0.09999652206897736,1
0.16728343069553375,1
0.13074713945388794,1
0.08628395944833755,1
0.04253119230270386,1
0.14007416367530823,1
0.06196208670735359,1
0.05176345258951187,1
0.21400372684001923,1
0.09895578026771545,1
0.0321369469165802,1
0.14271745085716248,1
0.08740625530481339,1
0.13422566652297974,1
0.08477126061916351,1
0.1357271671295166,1
0.12983909249305725,1
0.0627368837594986,1
0.07598160207271576,1
0.39433372020721436,1
0.11260998249053955,1
0.1728990525007248,1
0.07532857358455658,1
0.0972939282655716,1
0.07483171671628952,1
0.14757531881332397,1
0.139724999666214,1
0.14292597770690918,1
0.1508917659521103,1
0.06801917403936386,1
0.1631445288658142,1
0.07301956415176392,1
0.0967288464307785,1
0.06928446143865585,1
0.18156826496124268,1
0.11625947803258896,1
0.14059951901435852,1
0.053430020809173584,1
0.18645614385604858,1
0.21798032522201538,1
0.1167382001876831,1
0.10587359964847565,1
0.06725981086492538,1
0.12116178870201111,1
0.09950301051139832,1
0.19590026140213013,1
0.09231667220592499,1
0.09165111184120178,1
0.2683090269565582,1
0.15730318427085876,1
0.08581898361444473,1
0.24683302640914917,1
0.20985954999923706,1
0.06887370347976685,1
0.04543156921863556,1
0.18496042490005493,1
0.059214621782302856,1
0.10412367433309555,1
0.06252738833427429,1
0.07400321215391159,1
0.06890156120061874,1
0.16544237732887268,1
0.10176984965801239,1
0.1796986609697342,1
0.10106789320707321,1
0.1262454390525818,1
0.14982560276985168,1
0.15318801999092102,1
0.11812905222177505,1
0.10875628143548965,1
0.08225077390670776,1
0.08696868270635605,1
0.10735036432743073,1
0.15577249228954315,1
0.12689432501792908,1
0.2287813127040863,1
0.16338986158370972,1
0.07658544182777405,1
0.11178047209978104,1
0.03172141686081886,1
0.10668009519577026,1
0.10268822312355042,1
0.042094551026821136,1
0.0661955326795578,1
0.18249809741973877,1
0.22800663113594055,1
0.1464305818080902,1
0.05794040486216545,1
0.07854138314723969,1
0.24807941913604736,1
0.20271237194538116,1
0.07629258930683136,1
0.07939332723617554,1
0.14610376954078674,1
0.07060542702674866,1
0.1357005536556244,1
0.074336476624012,1
0.16474264860153198,1
0.1098356693983078,1
0.07855818420648575,1
0.07231318950653076,1
0.1971758008003235,1
0.05456508696079254,1
0.17499738931655884,1
0.0649755597114563,1
0.1254141628742218,1
0.09061299264431,1
0.09652546048164368,1
0.055232614278793335,1
0.13233016431331635,1
0.062350332736968994,1
0.20788076519966125,1
0.10926004499197006,1
0.09354223310947418,1
0.020061643794178963,1
0.04086117818951607,1
0.10320719331502914,1
0.28742924332618713,1
0.13763628900051117,1
0.05971437320113182,1
0.0785367414355278,1
0.0814700648188591,1
0.08685588091611862,1
0.06939414888620377,1
0.09357347339391708,1
0.1297360062599182,1
0.06546282768249512,1
0.10043501108884811,1
0.12454308569431305,1
0.053637467324733734,1
0.2557840645313263,1
0.2299555540084839,1
0.029723701998591423,1
0.15794920921325684,1
0.021251428872346878,1
0.045125532895326614,1
0.16197434067726135,1
0.08913835883140564,1
0.110179103910923,1
0.1633746176958084,1
0.1627524495124817,1
0.03122323751449585,1
0.15080250799655914,1
0.062354326248168945,1
0.1299993246793747,1
0.07312513142824173,1
0.1897510439157486,1
0.06810474395751953,1
0.021898385137319565,1
0.12616930902004242,1
0.0253441259264946,1
0.056314826011657715,1
0.16122952103614807,1
0.1578333079814911,1
0.12464091181755066,1
0.10681188851594925,1
0.3103674054145813,1
0.08298377692699432,1
0.18195264041423798,1
0.058056894689798355,1
0.18640324473381042,1
0.06392809748649597,1
0.0595540814101696,1
0.1052330955862999,1
0.06127150356769562,1
0.1000804603099823,1
0.10034143924713135,1
0.047242969274520874,1
0.09419634938240051,1
0.07743249088525772,1
0.20329736173152924,1
0.12164288759231567,1
0.1192740648984909,1
0.17280855774879456,1
0.12948326766490936,1
0.11472772806882858,1
0.23756442964076996,1
0.1695966273546219,1
0.08200991153717041,1
0.18810710310935974,1
0.13202737271785736,1
0.056943729519844055,1
0.0770769864320755,1
0.6404292583465576,1
0.04376009479165077,1
0.16663071513175964,1
0.17170673608779907,1
0.09910818189382553,1
0.25927937030792236,1
0.17576031386852264,1
0.06657927483320236,1
0.12252771854400635,1
0.05921688675880432,1
0.04958422854542732,1
0.1278284341096878,1
0.1733783781528473,1
0.06361299008131027,1
0.17622298002243042,1
0.20264610648155212,1
0.13856825232505798,1
0.061666954308748245,1
0.09315836429595947,1
0.09268117696046829,1
0.05297790467739105,1
0.020389175042510033,1
0.11525677144527435,1
0.08538836240768433,1
0.03163766488432884,1
0.4477737545967102,1
0.04320341721177101,1
0.1130184531211853,1
0.08944226801395416,1
0.12358157336711884,1
0.10213436186313629,1
0.06650646030902863,1
0.09956106543540955,1
0.10278937220573425,1
0.17887048423290253,1
0.20154006779193878,1
0.06529347598552704,1
0.047303058207035065,1
0.15593096613883972,1
0.06860800832509995,1
0.17670193314552307,1
0.23274651169776917,1
0.11500760167837143,1
0.17559686303138733,1
0.10677742958068848,1
0.061616234481334686,1
0.08197172731161118,1
0.1429988145828247,1
0.14687702059745789,1
0.206415057182312,1
0.23487518727779388,1
0.1270628720521927,1
0.14512412250041962,1
0.059029869735240936,1
0.0932101309299469,1
0.056587617844343185,1
0.14896586537361145,1
0.13830560445785522,1
0.0709964781999588,1
0.055864736437797546,1
0.15704397857189178,1
0.18990246951580048,1
0.18904632329940796,1
0.06376022100448608,1
0.10458061844110489,1
0.19114071130752563,1
0.08287721127271652,1
0.061734847724437714,1
0.10031525790691376,1
0.12242765724658966,1
0.1241772398352623,1
0.20417334139347076,1
0.0722811296582222,1
0.06044694036245346,1
0.09541437029838562,1
0.4045538008213043,1
0.12266330420970917,1
0.05757025629281998,1
0.12282805889844894,1
0.17048600316047668,1
0.06712907552719116,1
0.06351397931575775,1
0.23705999553203583,1
0.07136379182338715,1
0.08231736719608307,1
0.1441759467124939,1
0.08323098719120026,1
0.06355293840169907,1
0.13317270576953888,1
0.18260717391967773,1
0.2829338014125824,1
0.24827781319618225,1
0.036734435707330704,1
0.13039174675941467,1
0.15749241411685944,1
0.09432616829872131,1
0.15244804322719574,1
0.04480019956827164,1
0.07333079725503922,1
0.09266006946563721,1
0.07531102001667023,1
0.08105706423521042,1
0.04617829620838165,1
0.05622941255569458,1
0.0576205775141716,1
0.26115554571151733,1
0.1331503689289093,1
0.03908355534076691,1
0.09679467976093292,1
0.1117057353258133,1
0.12548552453517914,1
0.010687137022614479,1
0.1447409987449646,1
0.13382478058338165,1
0.223844975233078,1
0.16055041551589966,1
0.05742251127958298,1
0.12668156623840332,1
0.044118404388427734,1
0.08434444665908813,1
0.114928238093853,1
0.07742039859294891,1
0.014791234396398067,1
0.12979862093925476,1
0.20163407921791077,1
0.13484004139900208,1
0.09022624045610428,1
0.13188177347183228,1
0.07422778010368347,1
0.1379847228527069,1
0.2568287253379822,1
0.1373773217201233,1
0.0852220356464386,1
0.0779520720243454,1
0.10260873287916183,1
0.13927391171455383,1
0.13898785412311554,1
0.10070475935935974,1
0.09921590983867645,1
0.03864429146051407,1
0.08226210623979568,1
0.0627656802535057,1
0.1805945634841919,1
0.14628534018993378,1
0.049518831074237823,1
0.10459541529417038,1
0.07930465042591095,1
0.10736691206693649,1
0.08295519649982452,1
0.1309906393289566,1
0.12853313982486725,1
0.10984737426042557,1
0.08684264123439789,1
0.18814334273338318,1
0.11151055246591568,1
0.2105749547481537,1
0.06043924763798714,1
0.05232834815979004,1
0.13424143195152283,1
0.25843751430511475,1
0.13633036613464355,1
0.1782621294260025,1
0.03646088391542435,1
0.13884887099266052,1
0.19339825212955475,1
0.0838521271944046,1
0.1604454219341278,1
0.09596563130617142,1
0.15073609352111816,1
0.03904629126191139,1
0.08388044685125351,1
0.07800385355949402,1
0.12120373547077179,1
0.18041016161441803,1
0.08280469477176666,1
0.2599816918373108,1
0.17763134837150574,1
0.17379094660282135,1
0.20658323168754578,1
0.09935978800058365,1
0.04913923516869545,1
0.289078950881958,1
0.08988506346940994,1
0.14073240756988525,1
0.19380788505077362,1
0.14163264632225037,1
0.09781807661056519,1
0.22405587136745453,1
0.2284931093454361,1
0.049942418932914734,1
0.10658964514732361,1
0.061018407344818115,1
0.3102564215660095,1
0.09515242278575897,1
0.039583783596754074,1
0.292705774307251,1
0.177748441696167,1
0.09111827611923218,1
0.03127589821815491,1
0.14914530515670776,1
0.11919637024402618,1
0.2577064335346222,1
0.21770888566970825,1
0.1493718922138214,1
0.16563624143600464,1
0.048414796590805054,1
0.10604798048734665,1
0.17851486802101135,1
0.17407357692718506,1
0.21521629393100739,1
0.1225040927529335,1
0.22728466987609863,1
0.04665226861834526,1
0.0907178595662117,1
0.19981153309345245,1
0.10285122692584991,1
0.07554935663938522,1
0.09777937084436417,1
0.07944010943174362,1
0.1498449295759201,1
0.05260505527257919,1
0.19756008684635162,1
0.21332785487174988,1
0.07837893068790436,1
0.19967958331108093,1
0.11908695846796036,1
0.060241129249334335,1
0.3199689984321594,1
0.1620410680770874,1
0.0900314450263977,1
0.08505965769290924,1
0.06524402648210526,1
0.15778201818466187,1
0.21965205669403076,1
0.20354045927524567,1
0.07177096605300903,1
0.17997770011425018,1
0.05071895197033882,1
0.16565150022506714,1
0.05361955240368843,1
0.03145865350961685,1
0.045530594885349274,1
0.16082490980625153,1
0.11389217525720596,1
0.11912095546722412,1
0.11300010979175568,1
0.39511638879776,1
0.11125847697257996,1
0.2218797653913498,1
0.04398050904273987,1
0.1395072191953659,1
0.03315470740199089,1
0.1102316752076149,1
0.08737221360206604,1
0.027952292934060097,1
0.09633033722639084,1
0.07057498395442963,1
0.1663307100534439,1
0.16059888899326324,1
0.1883658766746521,1
0.04484013468027115,1
0.11173231899738312,1
0.09568092972040176,1
0.13078010082244873,1
0.11392553150653839,1
0.10160887241363525,1
0.19237792491912842,1
0.14768704771995544,1
0.12930777668952942,1
0.15905550122261047,1
0.0906926840543747,1
0.10858733206987381,1
0.07866217941045761,1
0.17518271505832672,1
0.20929299294948578,1
0.05316486582159996,1
0.10905399918556213,1
0.06225183606147766,1
0.07786048948764801,1
0.16412068903446198,1
0.16432660818099976,1
0.09189579635858536,1
0.1404353231191635,1
0.12458015233278275,1
0.13916748762130737,1
0.12750819325447083,1
0.09584186971187592,1
0.09242425858974457,1
0.07169408351182938,1
0.07674675434827805,1
0.23933440446853638,1
0.14220701158046722,1
0.02419479936361313,1
0.16831228137016296,1
0.10918901115655899,1
0.08592306077480316,1
0.08208246529102325,1
0.14993129670619965,1
0.09295690804719925,1
0.11121628433465958,1
0.056156616657972336,1
0.07737953215837479,1
0.22125475108623505,1
0.3618817925453186,1
0.06573764979839325,1
0.14550617337226868,1
0.13331469893455505,1
0.04800150543451309,1
0.13564841449260712,1
0.09918384999036789,1
0.07936075329780579,1
0.21602553129196167,1
0.07712705433368683,1
0.03297780826687813,1
0.1174762174487114,1
0.2489839792251587,1
0.16667701303958893,1
0.12309768795967102,1
0.04652951657772064,1
0.1617560237646103,1
0.19483323395252228,1
0.05983521044254303,1
0.10550881922245026,1
0.20824305713176727,1
0.22907976806163788,1
0.0571601539850235,1
0.053914934396743774,1
0.08035213500261307,1
0.20561519265174866,1
0.10328409820795059,1
0.12653979659080505,1
0.11347664147615433,1
0.07255546748638153,1
0.09657742083072662,1
0.20815247297286987,1
0.03303670510649681,1
0.0648605227470398,1
0.17354455590248108,1
0.0782817155122757,1
0.12954115867614746,1
0.36606091260910034,1
0.1427062749862671,1
0.16710281372070313,1
0.09579210728406906,1
0.24212437868118286,1
0.13550618290901184,1
0.19006380438804626,1
0.09220117330551147,1
0.03988281637430191,1
0.12009647488594055,1
0.07997462153434753,1
0.07144390791654587,1
0.1263517588376999,1
0.0893038660287857,1
0.04012031853199005,1
0.25424516201019287,1
0.1743077039718628,1
0.06729795783758163,1
0.054101329296827316,1
0.12748579680919647,1
0.15984922647476196,1
0.07753381878137589,1
0.0758514404296875,1
0.12424430251121521,1
0.05018925666809082,1
0.06501179188489914,1
0.1978418529033661,1
0.08761054277420044,1
0.061405450105667114,1
0.030397366732358932,1
0.1648886501789093,1
0.08543293178081512,1
0.1902838498353958,1
0.14160239696502686,1
0.1602180302143097,1
0.08395925164222717,1
0.0753864049911499,1
0.043902408331632614,1
0.047867946326732635,1
0.12819761037826538,1
0.25568073987960815,1
0.2573930025100708,1
0.12741202116012573,1
0.045737095177173615,1
0.03543626889586449,1
0.34594622254371643,1
0.0702647864818573,1
0.08605703711509705,1
0.11126594245433807,1
0.0330573171377182,1
0.10284187644720078,1
0.26994097232818604,1
0.041585907340049744,1
0.10430068522691727,1
0.09335393458604813,1
0.1274774968624115,1
0.08383330702781677,1
0.17414823174476624,1
0.04733951389789581,1
0.10269993543624878,1
0.10751406848430634,1
0.12956438958644867,1
0.09369827806949615,1
0.26616203784942627,1
0.029029976576566696,1
0.1796887218952179,1
0.04138246178627014,1
0.05959516391158104,1
0.03426121175289154,1
0.18272893130779266,1
0.10447914898395538,1
0.02007092349231243,1
0.13912101089954376,1
0.08706241846084595,1
0.19425040483474731,1
0.09972579032182693,1
0.05604527145624161,1
0.058676864951848984,1
0.09883604198694229,1
0.08013501763343811,1
0.08994926512241364,1
0.17045040428638458,1
0.07869444787502289,1
0.06008315458893776,1
0.1662726253271103,1
0.032772839069366455,1
0.1378023624420166,1
0.07163313031196594,1
0.09287519752979279,1
0.0722019150853157,1
0.09797388315200806,1
0.1739121824502945,1
0.07022753357887268,1
0.15662968158721924,1
0.15551060438156128,1
0.10654667019844055,1
0.0637817457318306,1
0.07522845268249512,1
0.053421635180711746,1
0.3297361135482788,1
0.0669894888997078,1
0.06340157985687256,1
0.24709680676460266,1
0.0656869038939476,1
0.19489015638828278,1
0.1376374214887619,1
0.06383989006280899,1
0.20601071417331696,1
0.03842070326209068,1
0.05300475284457207,1
0.2363535314798355,1
0.15014201402664185,1
0.1345716267824173,1
0.08760043978691101,1
0.123605877161026,1
0.24182838201522827,1
0.2885570228099823,1
0.28075581789016724,1
0.07448449730873108,1
0.24664108455181122,1
0.2187846601009369,1
0.11011485755443573,1
0.043544840067625046,1
0.11889225244522095,1
0.24448490142822266,1
0.16729357838630676,1
0.06867552548646927,1
0.05606009438633919,1
0.23244214057922363,1
0.06735552102327347,1
0.10394403338432312,1
0.08197217434644699,1
0.08656132221221924,1
0.08093473315238953,1
0.08580999076366425,1
0.1427256464958191,1
0.16829034686088562,1
0.1909637600183487,1
0.04696419835090637,1
0.1378338485956192,1
0.15391044318675995,1
0.13893868029117584,1
0.05896111577749252,1
0.07181698083877563,1
0.10571752488613129,1
0.09389092773199081,1
0.08565530180931091,1
0.10930398106575012,1
0.03776918724179268,1
0.04818277433514595,1
0.3005472719669342,1
0.0568162202835083,1
0.06544999033212662,1
0.17159771919250488,1
0.15984217822551727,1
0.12204351276159286,1
0.17970344424247742,1
0.06068422272801399,1
0.05665856972336769,1
0.19810082018375397,1
0.2022199034690857,1
0.14522776007652283,1
0.10344476252794266,1
0.0715431496500969,1
0.05165785551071167,1
0.22781136631965637,1
0.21386978030204773,1
0.16976140439510345,1
0.05099698156118393,1
0.06831894814968109,1
0.17814478278160095,1
0.0490507036447525,1
0.24334989488124847,1
0.12074338644742966,1
0.2510736584663391,1
0.1432831734418869,1
0.1367565244436264,1
0.0691700130701065,1
0.08948329091072083,1
0.13445788621902466,1
0.22691449522972107,1
0.13360823690891266,1
0.11093775182962418,1
0.10587408393621445,1
0.09843341261148453,1
0.1675160676240921,1
0.10405988991260529,1
0.15446899831295013,1
0.15018102526664734,1
0.04262620955705643,1
0.25009986758232117,1
0.0542079396545887,1
0.0916256234049797,1
0.05528261139988899,1
0.059096939861774445,1
0.08197945356369019,1
0.08055431395769119,1
0.2104286104440689,1
0.07483305782079697,1
0.11056824028491974,1
0.23962165415287018,1
0.0740550085902214,1
0.16761186718940735,1
0.13789233565330505,1
0.051517143845558167,1
0.1347823292016983,1
0.05995184928178787,1
0.054012730717659,1
0.09907098859548569,1
0.1008908599615097,1
0.08679810911417007,1
0.18282556533813477,1
0.1522216498851776,1
0.09447342902421951,1
0.06235111504793167,1
0.16044741868972778,1
0.04633329063653946,1
0.06411862373352051,1
0.08908940851688385,1
0.09201759099960327,1
0.10744953900575638,1
0.06251219660043716,1
0.1865505576133728,1
0.0921703577041626,1
0.09956349432468414,1
0.04536782577633858,1
0.11651843786239624,1
0.05192277207970619,1
0.07225822657346725,1
0.10748538374900818,1
0.0768418163061142,1
0.05963745340704918,1
0.06468242406845093,1
0.06422378122806549,1
0.04330357164144516,1
0.13243485987186432,1
0.13949966430664063,1
0.29813915491104126,1
0.11646498739719391,1
0.0831843912601471,1
0.13033314049243927,1
0.07911321520805359,1
0.04947783797979355,1
0.09501812607049942,1
0.1400684416294098,1
0.036036428064107895,1
0.030398547649383545,1
0.041758351027965546,1
0.12024421989917755,1
0.16232597827911377,1
0.15583841502666473,1
0.06895970553159714,1
0.13733164966106415,1
0.09782034158706665,1
0.113982655107975,1
0.11307474225759506,1
0.02548646740615368,1
0.07690664380788803,1
0.12437822669744492,1
0.14584952592849731,1
0.09208573400974274,1
0.08405990153551102,1
0.10623908787965775,1
0.09525782614946365,1
0.07795392721891403,1
0.05304271727800369,1
0.17041058838367462,1
0.1479112207889557,1
0.20319350063800812,1
0.10864666104316711,1
0.08292686939239502,1
0.15069812536239624,1
0.13294509053230286,1
0.11913377046585083,1
0.07976345717906952,1
0.07743116468191147,1
0.19421440362930298,1
0.13652434945106506,1
0.12143957614898682,1
0.16194206476211548,1
0.052527252584695816,1
0.252641499042511,1
0.14436915516853333,1
0.17792361974716187,1
0.09442196041345596,1
0.1813332438468933,1
0.10312099754810333,1
0.10296076536178589,1
0.05587594583630562,1
0.07717875391244888,1
0.2070283591747284,1
0.26341697573661804,1
0.2573051452636719,1
0.09462948143482208,1
0.12447074055671692,1
0.24146351218223572,1
0.11240878701210022,1
0.0904277116060257,1
0.10634350776672363,1
0.02863406576216221,1
0.10335882753133774,1
0.10127052664756775,1
0.19142277538776398,1
0.20954164862632751,1
0.19819484651088715,1
0.06932900846004486,1
0.1068696677684784,1
0.10151545703411102,1
0.13240018486976624,1
0.33481839299201965,1
0.11589723825454712,1
0.04207582399249077,1
0.06520874053239822,1
0.12373189628124237,1
0.04783957451581955,1
0.07140284031629562,1
0.06347735971212387,1
0.06781769543886185,1
0.1275831162929535,1
0.06387704610824585,1
0.03352643921971321,1
0.34596824645996094,1
0.12556509673595428,1
0.04081200435757637,1
0.2178727388381958,1
0.17773064970970154,1
0.16848453879356384,1
0.026364928111433983,1
0.15118494629859924,1
0.06017012149095535,1
0.19943037629127502,1
0.04404773190617561,1
0.1075681746006012,1
0.05333297699689865,1
0.19413483142852783,1
0.06750572472810745,1
0.10090591758489609,1
0.10756167024374008,1
0.09021637588739395,1
0.06375455856323242,1
0.062307730317115784,1
0.13813842833042145,1
0.0733170285820961,1
0.04892892763018608,1
0.03944721817970276,1
0.058324914425611496,1
0.11237694323062897,1
0.10093556344509125,1
0.03587111458182335,1
0.15431156754493713,1
0.08815240859985352,1
0.04332319274544716,1
0.043460287153720856,1
0.1276143193244934,1
0.166326105594635,1
0.12743735313415527,1
0.06355363875627518,1
0.03534204140305519,1
0.25508010387420654,1
0.1948821246623993,1
0.2249593734741211,1
0.04076959565281868,1
0.08140868693590164,1
0.11625702679157257,1
0.05810016021132469,1
0.11534208804368973,1
0.3177294433116913,1
0.12543193995952606,1
0.09958656877279282,1
0.20704364776611328,1
0.20729467272758484,1
0.10564905405044556,1
0.060856834053993225,1
0.24655917286872864,1
0.07982783764600754,1
0.10818606615066528,1
0.11421170830726624,1
0.14837463200092316,1
0.06782085448503494,1
0.12708494067192078,1
0.06779522448778152,1
0.09687818586826324,1
0.18081939220428467,1
0.10833847522735596,1
0.08335212618112564,1
0.0880744457244873,1
0.03652935475111008,1
0.07271160930395126,1
0.09482288360595703,1
0.01869174838066101,1
0.06870275735855103,1
0.1559261977672577,1
0.2265348881483078,1
0.1608303189277649,1
0.1647617220878601,1
0.15362797677516937,1
0.16835901141166687,1
0.05732528865337372,1
0.15219809114933014,1
0.13862097263336182,1
0.11623033136129379,1
0.12904800474643707,1
0.027588050812482834,1
0.17829345166683197,1
0.15865746140480042,1
0.17964613437652588,1
0.06896872073411942,1
0.051993027329444885,1
0.09907802939414978,1
0.06841374933719635,1
0.37797826528549194,1
0.11643658578395844,1
0.113324373960495,1
0.33593320846557617,1
0.06500180810689926,1
0.17858704924583435,1
0.14010795950889587,1
0.1152946799993515,1
0.09609365463256836,1
0.23361778259277344,1
0.1187867671251297,1
0.17607206106185913,1
0.17767764627933502,1
0.060842566192150116,1
0.08507261425256729,1
0.11164084076881409,1
0.08274918049573898,1
0.12941837310791016,1
0.07009656727313995,1
0.08518865704536438,1
0.11367696523666382,1
0.2127755731344223,1
0.37157464027404785,1
0.14271165430545807,1
0.06149566173553467,1
0.11112600564956665,1
0.14928443729877472,1
0.1739148497581482,1
0.047648441046476364,1
0.07138122618198395,1
0.03724659979343414,1
0.21993711590766907,1
0.04453529417514801,1
0.13750024139881134,1
0.11799848079681396,1
0.0338318832218647,1
0.09200750291347504,1
0.15531381964683533,1
0.2299932837486267,1
0.07921693474054337,1
0.17240263521671295,1
0.08386006206274033,1
0.08304990082979202,1
0.10305248200893402,1
0.20640230178833008,1
0.09229012578725815,1
0.08490397036075592,1
0.02688085287809372,1
0.050513673573732376,1
0.14745891094207764,1
0.19548408687114716,1
0.14018718898296356,1
0.1499336212873459,1
0.018812987953424454,1
0.11301563680171967,1
0.030366919934749603,1
0.15806084871292114,1
0.131768599152565,1
0.14182789623737335,1
0.1578952670097351,1
0.07918815314769745,1
0.16385763883590698,1
0.1701745092868805,1
0.14817115664482117,1
0.046624355018138885,1
0.12995806336402893,1
0.11216630786657333,1
0.15500150620937347,1
0.20844078063964844,1
0.07246281206607819,1
0.06091447174549103,1
0.1532573401927948,1
0.10383474826812744,1
0.20536953210830688,1
0.031739503145217896,1
0.02808539569377899,1
0.1604500561952591,1
0.10940482467412949,1
0.2212771773338318,1
0.1381019949913025,1
0.08652057498693466,1
0.064609594643116,1
0.11365664005279541,1
0.20908012986183167,1
0.06324891746044159,1
0.06332244724035263,1
0.09856337308883667,1
0.03311833366751671,1
0.1358126848936081,1
0.18238121271133423,1
0.06801241636276245,1
0.08773444592952728,1
0.09064027667045593,1
0.08072567731142044,1
0.055683836340904236,1
0.2014821469783783,1
0.10310861468315125,1
0.07382559776306152,1
0.08277440816164017,1
0.08040940761566162,1
0.1459275335073471,1
0.1604137271642685,1
0.05209613963961601,1
0.14693011343479156,1
0.024954568594694138,1
0.06599307060241699,1
0.08202186971902847,1
0.14523708820343018,1
0.2149105966091156,1
0.07646101713180542,1
0.22139418125152588,1
0.17200712859630585,1
0.1171426996588707,1
0.07569865882396698,1
0.19245637953281403,1
0.2100692242383957,1
0.11797085404396057,1
0.15110068023204803,1
0.07871595025062561,1
0.07764630764722824,1
0.10248719900846481,1
0.15894559025764465,1
0.08339931815862656,1
0.03776439279317856,1
0.1228027194738388,1
0.07861177623271942,1
0.05385606735944748,1
0.047125961631536484,1
0.20173391699790955,1
0.07067780196666718,1
0.06093805283308029,1
0.08764414489269257,1
0.19600871205329895,1
0.20343251526355743,1
0.07149495929479599,1
0.13002142310142517,1
0.18501101434230804,1
0.056899555027484894,1
0.051076438277959824,1
0.059713490307331085,1
0.10739383846521378,1
0.3223416805267334,1
0.09515638649463654,1
0.04937977343797684,1
0.08427808433771133,1
0.063100665807724,1
0.11973710358142853,1
0.0625210553407669,1
0.09345465153455734,1
0.06481046229600906,1
0.13230456411838531,1
0.11022960394620895,1
0.04361531883478165,1
0.04781655967235565,1
0.10512939095497131,1
0.33372583985328674,1
0.06108526140451431,1
0.13902802765369415,1
0.09778503328561783,1
0.20574189722537994,1
0.05850130319595337,1
0.06090594083070755,1
0.14338527619838715,1
0.26837876439094543,1
0.05532107129693031,1
0.14194193482398987,1
0.06167241185903549,1
0.07603156566619873,1
0.037269361317157745,1
0.21834494173526764,1
0.3205156922340393,1
0.0965530276298523,1
0.061433665454387665,1
0.04036695510149002,1
0.10930538922548294,1
0.15070581436157227,1
0.17501471936702728,1
0.15703073143959045,1
0.14425522089004517,1
0.12123578786849976,1
0.11745072901248932,1
0.20399977266788483,1
0.28761380910873413,1
0.026699591428041458,1
0.24254685640335083,1
0.09135901927947998,1
0.07358971238136292,1
0.08950161933898926,1
0.04582025483250618,1
0.12857873737812042,1
0.046458642929792404,1
0.10631000250577927,1
0.14046113193035126,1
0.06041658669710159,1
0.051335811614990234,1
0.17551085352897644,1
0.11509838700294495,1
0.06868908554315567,1
0.051213011145591736,1
0.07425374537706375,1
0.04567252844572067,1
0.03188176825642586,1
0.09724388271570206,1
0.1862878054380417,1
0.1034395769238472,1
0.08194157481193542,1
0.12772633135318756,1
0.12376923859119415,1
0.10809637606143951,1
0.04657812789082527,1
0.10024713724851608,1
0.23320630192756653,1
0.13896995782852173,1
0.0413004606962204,1
0.1627366840839386,1
0.08773088455200195,1
0.2202240228652954,1
0.08445906639099121,1
0.058781698346138,1
0.1741814911365509,1
0.17359153926372528,1
0.17476235330104828,1
0.15111488103866577,1
0.07498832792043686,1
0.12947207689285278,1
0.11612552404403687,1
0.20962318778038025,1
0.08073245733976364,1
0.04917673394083977,1
0.11405478417873383,1
0.11397421360015869,1
0.14994071424007416,1
0.2497527301311493,1
0.1282803863286972,1
0.12430439889431,1
0.24174776673316956,1
0.17376692593097687,1
0.20425429940223694,1
0.14537401497364044,1
0.20548060536384583,1
0.18259428441524506,1
0.10504646599292755,1
0.08109342306852341,1
0.15870921313762665,1
0.15231026709079742,1
0.1608271449804306,1
0.10179820656776428,1
0.04029439017176628,1
0.1098150759935379,1
0.058198925107717514,1
0.07419438660144806,1
0.06796910613775253,1
0.16712000966072083,1
0.1101430281996727,1
0.10410997271537781,1
0.05348784103989601,1
0.0741814374923706,1
0.06333977729082108,1
0.07522976398468018,1
0.0955108255147934,1
0.26960766315460205,1
0.11448982357978821,1
0.1398734301328659,1
0.08542803674936295,1
0.21086475253105164,1
0.13227801024913788,1
0.06485752016305923,1
0.1119612604379654,1
0.07959111779928207,1
0.2751138508319855,1
0.06859733164310455,1
0.11751648038625717,1
0.07116467505693436,1
0.2283782809972763,1
0.28162682056427,1
0.23724445700645447,1
0.18073830008506775,1
0.13062216341495514,1
0.05155418440699577,1
0.1028183102607727,1
0.1302182674407959,1
0.10388381779193878,1
0.16206704080104828,1
0.06165872514247894,1
0.12044301629066467,1
0.031615547835826874,1
0.10192397236824036,1
0.2564614713191986,1
0.11460820585489273,1
0.1504533886909485,1
0.10355199128389359,1
0.09937714040279388,1
0.16299255192279816,1
0.13956764340400696,1
0.26540687680244446,1
0.21159380674362183,1
0.25173988938331604,1
0.07226579636335373,1
0.09803204238414764,1
0.1150655522942543,1
0.06182107701897621,1
0.09068817645311356,1
0.06316366791725159,1
0.22721634805202484,1
0.09160123765468597,1
0.033396072685718536,1
0.24105720221996307,1
0.10801726579666138,1
0.15308687090873718,1
0.050145652145147324,1
0.09795524924993515,1
0.4173368215560913,1
0.16129590570926666,1
0.13245895504951477,1
0.053266119211912155,1
0.2505798935890198,1
0.17260918021202087,1
0.18141750991344452,1
0.05926975980401039,1
0.037638839334249496,1
0.08217369765043259,1
0.23950323462486267,1
0.14737765491008759,1
0.07836997509002686,1
0.17300182580947876,1
0.17545272409915924,1
0.04591076076030731,1
0.07577472925186157,1
0.05983047932386398,1
0.024755321443080902,1
0.06463482975959778,1
0.10171324014663696,1
0.08383165299892426,1
0.051617950201034546,1
0.07806523144245148,1
0.14114439487457275,1
0.11349953711032867,1
0.1300923377275467,1
0.03321513533592224,1
0.03447652980685234,1
0.04824846610426903,1
0.05693585425615311,1
0.13898856937885284,1
0.07285432517528534,1
0.08027105778455734,1
0.1747988909482956,1
0.08425986766815186,1
0.08326424658298492,1
0.11189810931682587,1
0.04495855048298836,1
0.11635231226682663,1
0.18253569304943085,1
0.18256030976772308,1
0.08492818474769592,1
0.12710590660572052,1
0.16799478232860565,1
0.0549236536026001,1
0.1768769770860672,1
0.14139439165592194,1
0.1659540832042694,1
0.22463497519493103,1
0.04051683843135834,1
0.062051352113485336,1
0.17016814649105072,1
0.14574438333511353,1
0.21931259334087372,1
0.08107446879148483,1
0.12101668119430542,1
0.2112630009651184,1
0.09013436734676361,1
0.10344883799552917,1
0.16707485914230347,1
0.1031956896185875,1
0.06926184892654419,1
0.10755334794521332,1
0.11012192815542221,1
0.14048129320144653,1
0.08608683198690414,1
0.28101402521133423,1
0.0964362770318985,1
0.09314122796058655,1
0.04594191536307335,1
0.08824827522039413,1
0.13396397233009338,1
0.09396578371524811,1
0.10927892476320267,1
0.19913268089294434,1
0.11558844149112701,1
0.10227584093809128,1
0.1818772703409195,1
0.10699617862701416,1
0.09063177555799484,1
0.11710196733474731,1
0.10134288668632507,1
0.18142978847026825,1
0.08235574513673782,1
0.0893067866563797,1
0.3436495065689087,1
0.07159136980772018,1
0.08786052465438843,1
0.12672127783298492,1
0.06731352210044861,1
0.1436639428138733,1
0.14013829827308655,1
0.05941687524318695,1
0.07727060467004776,1
0.389434814453125,1
0.1242486834526062,1
0.06384556740522385,1
0.10322140157222748,1
0.1263359636068344,1
0.1187596470117569,1
0.10599606484174728,1
0.08318322151899338,1
0.09239991754293442,1
0.057439617812633514,1
0.18916866183280945,1
0.2026006579399109,1
0.04827162250876427,1
0.05087552219629288,1
0.08133015036582947,1
0.09289814531803131,1
0.06548404693603516,1
0.08657267689704895,1
0.2749115526676178,1
0.15040603280067444,1
0.11427120119333267,1
0.06209352985024452,1
0.16690625250339508,1
0.2034054398536682,1
0.11287842690944672,1
0.06480874866247177,1
0.051451295614242554,1
0.08684220910072327,1
0.0757293552160263,1
0.07825570553541183,1
0.09442977607250214,1
0.16420085728168488,1
0.16742117702960968,1
0.05824229121208191,1
0.09524158388376236,1
0.045024801045656204,1
0.19962432980537415,1
0.1931074857711792,1
0.06547828018665314,1
0.10740587115287781,1
0.13076838850975037,1
0.1789279282093048,1
0.09160936623811722,1
0.08836574107408524,1
0.05709568038582802,1
0.0711911991238594,1
0.06885211169719696,1
0.09707902371883392,1
0.1350724697113037,1
0.03940637409687042,1
0.08640611171722412,1
0.22573891282081604,1
0.12309114634990692,1
0.30065804719924927,1
0.1306799203157425,1
0.13678604364395142,1
0.09176510572433472,1
0.06433635950088501,1
0.24547339975833893,1
0.07855051010847092,1
0.11200791597366333,1
0.04334908723831177,1
0.17690347135066986,1
0.16541746258735657,1
0.2349836379289627,1
0.2282530814409256,1
0.1494303196668625,1
0.2043953835964203,1
0.25374382734298706,1
0.16878420114517212,1
0.04794561117887497,1
0.2703278362751007,1
0.06028969585895538,1
0.187452033162117,1
0.21290820837020874,1
0.09767185896635056,1
0.19291841983795166,1
0.29564765095710754,1
0.04253759980201721,1
0.10152214020490646,1
0.2231481671333313,1
0.14147590100765228,1
0.048546202480793,1
0.03386705368757248,1
0.08560251444578171,1
0.10447240620851517,1
0.12622371315956116,1
0.27933356165885925,1
0.07697790861129761,1
0.17555806040763855,1
0.13659456372261047,1
0.1415196657180786,1
0.186873659491539,1
0.18096554279327393,1
0.05336305499076843,1
0.08406271040439606,1
0.09950695931911469,1
0.0851963609457016,1
0.14722417294979095,1
0.1759084165096283,1
0.10479940474033356,1
0.07588653266429901,1
0.23985883593559265,1
0.02203436754643917,1
0.1268511414527893,1
0.143918976187706,1
0.07756750285625458,1
0.06380441784858704,1
0.10884387791156769,1
0.04148077964782715,1
0.07454121857881546,1
0.19646285474300385,1
0.03363587707281113,1
0.061536755412817,1
0.08447668701410294,1
0.12311290949583054,1
0.20219482481479645,1
0.04828881472349167,1
0.10062722861766815,1
0.12974011898040771,1
0.26832151412963867,1
0.11265349388122559,1
0.17893126606941223,1
0.24060022830963135,1
0.08929423242807388,1
0.10220646858215332,1
0.10161393880844116,1
0.1937924325466156,1
0.18660196661949158,1
0.0628666803240776,1
0.09706179052591324,1
0.2375721037387848,1
0.1327998787164688,1
0.04456467181444168,1
0.21931512653827667,1
0.0826852023601532,1
0.0730704739689827,1
0.16079506278038025,1
0.10783623158931732,1
0.11623622477054596,1
0.043972551822662354,1
0.035375360399484634,1
0.17978644371032715,1
0.05224405974149704,1
0.0456082746386528,1
0.07205699384212494,1
0.05888126790523529,1
0.07937169820070267,1
0.05418960005044937,1
0.1908351480960846,1
0.10317927598953247,1
0.22229686379432678,1
0.07434237003326416,1
0.06956328451633453,1
0.09626481682062149,1
0.10915178805589676,1
0.1493832767009735,1
0.08000354468822479,1
0.08748790621757507,1
0.03773360699415207,1
0.22668953239917755,1
0.08390830457210541,1
0.17455875873565674,1
0.14701500535011292,1
0.1460704505443573,1
0.09191153943538666,1
0.19851085543632507,1
0.0947888046503067,1
0.08590206503868103,1
0.08690856397151947,1
0.18190312385559082,1
0.07014446705579758,1
0.12549865245819092,1
0.0709565207362175,1
0.06116111949086189,1
0.11590424180030823,1
0.17582833766937256,1
0.09821361303329468,1
0.09323230385780334,1
0.058788880705833435,1
0.1123720034956932,1
0.05148410052061081,1
0.04004950448870659,1
0.04831355810165405,1
0.14948518574237823,1
0.2899928390979767,1
0.09983831644058228,1
0.047841623425483704,1
0.0981539860367775,1
0.10573752224445343,1
0.1135832741856575,1
0.1413482278585434,1
0.11419063061475754,1
0.12799352407455444,1
0.1996612250804901,1
0.2063962072134018,1
0.04379981756210327,1
0.12644757330417633,1
0.12493621557950974,1
0.12664523720741272,1
0.04941106215119362,1
0.06837061047554016,1
0.10642373561859131,1
0.06081113591790199,1
0.03675707057118416,1
0.06042587012052536,1
0.04059295728802681,1
0.17284248769283295,1
0.0662190318107605,1
0.20566192269325256,1
0.08615913987159729,1
0.15901640057563782,1
0.10540065169334412,1
0.0679255872964859,1
0.10468818992376328,1
0.16400447487831116,1
0.1895698755979538,1
0.2549144923686981,1
0.058396413922309875,1
0.032660115510225296,1
0.08975724130868912,1
0.07432976365089417,1
0.21933934092521667,1
0.09320449829101563,1
0.21645724773406982,1
0.14600278437137604,1
0.1988385021686554,1
0.251858115196228,1
0.16124364733695984,1
0.05519711971282959,1
0.26290369033813477,1
0.10518231987953186,1
0.08040165901184082,1
0.22858914732933044,1
0.11748814582824707,1
0.10003162920475006,1
0.22555360198020935,1
0.06756975501775742,1
0.10691042244434357,1
0.058909766376018524,1
0.15107004344463348,1
0.14955082535743713,1
0.41218626499176025,1
0.05191720277070999,1
0.1272706687450409,1
0.1308227777481079,1
0.13241317868232727,1
0.22291907668113708,1
0.06591784954071045,1
0.18170687556266785,1
0.17815734446048737,1
0.25565996766090393,1
0.06844032555818558,1
0.1598837822675705,1
0.09997422993183136,1
0.14385245740413666,1
0.19830061495304108,1
0.05403144657611847,1
0.08154067397117615,1
0.06840313971042633,1
0.12293164432048798,1
0.1674889475107193,1
0.14088039100170135,1
0.07036645710468292,1
0.17490218579769135,1
0.09510833024978638,1
0.21079842746257782,1
0.2669771909713745,1
0.21958187222480774,1
0.15896236896514893,1
0.026190247386693954,1
0.11867980659008026,1
0.14618921279907227,1
0.07951005548238754,1
0.17043668031692505,1
0.10293254256248474,1
0.21630114316940308,1
0.07477333396673203,1
0.059909652918577194,1
0.18916551768779755,1
0.12045803666114807,1
0.0971108227968216,1
0.12950493395328522,1
0.06993293017148972,1
0.05268272012472153,1
0.13139283657073975,1
0.06465477496385574,1
0.14038094878196716,1
0.21997731924057007,1
0.23160171508789063,1
0.07676760107278824,1
0.1348959505558014,1
0.07172776013612747,1
0.13379600644111633,1
0.0766245424747467,1
0.11802034080028534,1
0.10543998330831528,1
0.08727797120809555,1
0.052141860127449036,1
0.054678503423929214,1
0.1558513343334198,1
0.15085163712501526,1
0.15213412046432495,1
0.07791772484779358,1
0.11275260150432587,1
0.06592172384262085,1
0.03218311816453934,1
0.05610654130578041,1
0.11720573157072067,1
0.08137226104736328,1
0.17924535274505615,1
0.09365198761224747,1
0.1352156102657318,1
0.08456683903932571,1
0.308374285697937,1
0.15592682361602783,1
0.19659622013568878,1
0.07856231182813644,1
0.09258607029914856,1
0.12294560670852661,1
0.1860341727733612,1
0.10920239984989166,1
0.0985601469874382,1
0.08913739770650864,1
0.09352990239858627,1
0.12265264987945557,1
0.20858600735664368,1
0.05467293784022331,1
0.0692795068025589,1
0.07587601244449615,1
0.12940390408039093,1
0.0854407474398613,1
0.06547915935516357,1
0.039731547236442566,1
0.11718776822090149,1
0.07438835501670837,1
0.11175386607646942,1
0.13219574093818665,1
0.11116782575845718,1
0.0929393619298935,1
0.04588016867637634,1
0.050939783453941345,1
0.15285399556159973,1
0.16973626613616943,1
0.2524547874927521,1
0.18626046180725098,1
0.1519397795200348,1
0.07113665342330933,1
0.04881725460290909,1
0.07833677530288696,1
0.03919079154729843,1
0.22357657551765442,1
0.12379349768161774,1
0.054841164499521255,1
0.35727211833000183,1
0.08881999552249908,1
0.20415697991847992,1
0.12535887956619263,1
0.10225914418697357,1
0.12251637876033783,1
0.03279702737927437,1
0.10231737047433853,1
0.09938878566026688,1
0.1564340442419052,1
0.04036179929971695,1
0.042324893176555634,1
0.06934091448783875,1
0.0537109300494194,1
0.03885120898485184,1
0.1495780199766159,1
0.12980258464813232,1
0.06257779896259308,1
0.179128497838974,1
0.15358862280845642,1
0.11785159260034561,1
0.027204889804124832,1
0.15072417259216309,1
0.049153298139572144,1
0.03181896358728409,1
0.14448092877864838,1
0.12544676661491394,1
0.11602061986923218,1
0.10639815777540207,1
0.1298905611038208,1
0.16171064972877502,1
0.14322325587272644,1
0.20700927078723907,1
0.0892854630947113,1
0.12479209899902344,1
0.20247751474380493,1
0.1041431725025177,1
0.095008984208107,1
0.11188500374555588,1
0.09547996520996094,1
0.06454429775476456,1
0.12092917412519455,1
0.10809839516878128,1
0.09662646055221558,1
0.12392297387123108,1
0.07351398468017578,1
0.1543276458978653,1
0.12424161285161972,1
0.0673738494515419,1
0.1545301079750061,1
0.1762399673461914,1
0.1567479819059372,1
0.15082530677318573,1
0.20458412170410156,1
0.19341714680194855,1
0.10106410086154938,1
0.08286941051483154,1
0.0687243714928627,1
0.087310791015625,1
0.16746896505355835,1
0.14566323161125183,1
0.12993061542510986,1
0.09222324192523956,1
0.2443172186613083,1
0.03695548698306084,1
0.09443209320306778,1
0.13320709764957428,1
0.06236875057220459,1
0.09279803931713104,1
0.052294064313173294,1
0.18979495763778687,1
0.25539302825927734,1
0.22009822726249695,1
0.077093705534935,1
0.17771776020526886,1
0.04751887544989586,1
0.035585299134254456,1
0.12454886734485626,1
0.058635979890823364,1
0.07038134336471558,1
0.16002997756004333,1
0.08373969048261642,1
0.24943089485168457,1
0.16096176207065582,1
0.1099662035703659,1
0.1741853952407837,1
0.09390154480934143,1
0.1389208883047104,1
0.12675531208515167,1
0.08575157821178436,1
0.1552790403366089,1
0.16912177205085754,1
0.05649559944868088,1
0.1599510908126831,1
0.06697992235422134,1
0.15896475315093994,1
0.05040691792964935,1
0.10462705790996552,1
0.12342269718647003,1
0.09188510477542877,1
0.10609188675880432,1
0.04211605340242386,1
0.09113471210002899,1
0.3970586657524109,1
0.053358618170022964,1
0.17153456807136536,1
0.04727363586425781,1
0.06377547234296799,1
0.027593547478318214,1
0.13100774586200714,1
0.1867278814315796,1
0.20177975296974182,1
0.0442926324903965,1
0.06653371453285217,1
0.06101183220744133,1
0.22342711687088013,1
0.12235210090875626,1
0.1100199818611145,1
0.19445233047008514,1
0.0624312087893486,1
0.09546074271202087,1
0.15685275197029114,1
0.03908880427479744,1
0.05968689173460007,1
0.17542363703250885,1
0.1700258105993271,1
0.052658867090940475,1
0.20097461342811584,1
0.1480390429496765,1
0.054096098989248276,1
0.1193748190999031,1
0.06539184600114822,1
0.1617833375930786,1
0.11573968827724457,1
0.09735007584095001,1
0.09866774827241898,1
0.12891755998134613,1
0.16865192353725433,1
0.11081524938344955,1
0.154694601893425,1
0.18058860301971436,1
0.15225739777088165,1
0.14204075932502747,1
0.07147282361984253,1
0.06222944334149361,1
0.03503749519586563,1
0.324989914894104,1
0.1882949024438858,1
0.08770596235990524,1
0.0865674614906311,1
0.031557194888591766,1
0.10556799173355103,1
0.035468026995658875,1
0.1278260201215744,1
0.07282736897468567,1
0.21233761310577393,1
0.136789932847023,1
0.1144830733537674,1
0.028022337704896927,1
0.16688592731952667,1
0.1203790232539177,1
0.19417506456375122,1
0.1205597072839737,1
0.15768761932849884,1
0.2162085771560669,1
0.07406351715326309,1
0.065406933426857,1
0.05253444239497185,1
0.2447398602962494,1
0.08015954494476318,1
0.1343407928943634,1
0.11745783686637878,1
0.17108438909053802,1
0.06992094963788986,1
0.08852566033601761,1
0.057535987347364426,1
0.05574854835867882,1
0.12341779470443726,1
0.09600011259317398,1
0.04045303910970688,1
0.18299157917499542,1
0.11412308365106583,1
0.13410063087940216,1
0.08051109313964844,1
0.08806382864713669,1
0.08571450412273407,1
0.08998480439186096,1
0.22415708005428314,1
0.11445528268814087,1
0.18378552794456482,1
0.08147571980953217,1
0.12641996145248413,1
0.04092225804924965,1
0.1117662787437439,1
0.06056259572505951,1
0.11361496150493622,1
0.24231329560279846,1
0.20108366012573242,1
0.061706751585006714,1
0.08333926647901535,1
0.06749604642391205,1
0.05552828311920166,1
0.19430959224700928,1
0.08578917384147644,1
0.10945049673318863,1
0.05846671760082245,1
0.06390727311372757,1
0.0569596067070961,1
0.051653020083904266,1
0.038728319108486176,1
0.05871865153312683,1
0.09705705940723419,1
0.09818173944950104,1
0.18024824559688568,1
0.06349640339612961,1
0.0746750682592392,1
0.14997966587543488,1
0.0767262727022171,1
0.16469262540340424,1
0.27864953875541687,1
0.12765806913375854,1
0.11526374518871307,1
0.05417175963521004,1
0.11425763368606567,1
0.11001035571098328,1
0.1944098025560379,1
0.04355417564511299,1
0.09663224965333939,1
0.03765314817428589,1
0.23422351479530334,1
0.22879815101623535,1
0.09063899517059326,1
0.051581159234046936,1
0.15149898827075958,1
0.05983813479542732,1
0.0716647133231163,1
0.0922694131731987,1
0.04053962975740433,1
0.05915626510977745,1
0.1302240788936615,1
0.06148156523704529,1
0.046187907457351685,1
0.051042523235082626,1
0.051699794828891754,1
0.08301521837711334,1
0.1520431488752365,1
0.1582469344139099,1
0.13391683995723724,1
0.06056199595332146,1
0.10196410119533539,1
0.10169267654418945,1
0.2839803993701935,1
0.07915839552879333,1
0.1042090505361557,1
0.15488415956497192,1
0.09137961268424988,1
0.09643515944480896,1
0.04440983012318611,1
0.24048477411270142,1
0.20428362488746643,1
0.08780275285243988,1
0.10048123449087143,1
0.09463164955377579,1
0.12154848128557205,1
0.21317313611507416,1
0.09381641447544098,1
0.052257977426052094,1
0.028921909630298615,1
0.18008580803871155,1
0.07268413156270981,1
0.050669923424720764,1
0.03696246072649956,1
0.05485165864229202,1
0.07155904918909073,1
0.11869275569915771,1
0.1667313575744629,1
0.08041483908891678,1
0.17710301280021667,1
0.15361441671848297,1
0.06272555142641068,1
0.07407322525978088,1
0.19860342144966125,1
0.07312841713428497,1
0.2713281810283661,1
0.12130046635866165,1
0.09413968771696091,1
0.11789340525865555,1
0.09678646922111511,1
0.2297331839799881,1
0.09772268682718277,1
0.09415198862552643,1
0.04730597138404846,1
0.15342041850090027,1
0.0951138436794281,1
0.0954175740480423,1
0.13638263940811157,1
0.06552007049322128,1
0.06196780502796173,1
0.10867093503475189,1
0.07511596381664276,1
0.12903115153312683,1
0.021116822957992554,1
0.10041143745183945,1
0.041681595146656036,1
0.057116683572530746,1
0.06204621121287346,1
0.04505360871553421,1
0.1072055920958519,1
0.20249620079994202,1
0.11650698632001877,1
0.04352134093642235,1
0.08632956445217133,1
0.14690636098384857,1
0.06378086656332016,1
0.09657365828752518,1
0.08307068049907684,1
0.13539379835128784,1
0.22159409523010254,1
0.20483823120594025,1
0.13233324885368347,1
0.14935296773910522,1
0.06302221119403839,1
0.09782342612743378,1
0.18355408310890198,1
0.11310355365276337,1
0.05419676750898361,1
0.07099519670009613,1
0.08947987854480743,1
0.055927712470293045,1
0.16505128145217896,1
0.08688277006149292,1
0.19819281995296478,1
0.05060821771621704,1
0.11169260740280151,1
0.1967054307460785,1
0.13231119513511658,1
0.09727183729410172,1
0.1100887656211853,1
0.2562618851661682,1
0.07047629356384277,1
0.07350388914346695,1
0.05788686126470566,1
0.011604933999478817,1
0.1247667670249939,1
0.12074778974056244,1
0.20186369121074677,1
0.14300011098384857,1
0.11467257142066956,1
0.23828262090682983,1
0.04640839248895645,1
0.09808527678251266,1
0.12941738963127136,1
0.06356419622898102,1
0.1869647055864334,1
0.14613384008407593,1
0.11979472637176514,1
0.26436489820480347,1
0.07540487498044968,1
0.10955090820789337,1
0.11741498857736588,1
0.15180253982543945,1
0.08179594576358795,1
0.07829522341489792,1
0.04509087651968002,1
0.07383064180612564,1
0.04588250443339348,1
0.10255955159664154,1
0.10698652267456055,1
0.24881398677825928,1
0.15640118718147278,1
0.10544073581695557,1
0.03556132689118385,1
0.08493900299072266,1
0.2822071313858032,1
0.07954814285039902,1
0.08552542328834534,1
0.03544739633798599,1
0.21856212615966797,1
0.04734613746404648,1
0.08723381161689758,1
0.29582148790359497,1
0.1308404505252838,1
0.05329237878322601,1
0.14895781874656677,1
0.08557705581188202,1
0.07504387199878693,1
0.14313171803951263,1
0.24391163885593414,1
0.2564059793949127,1
0.14333179593086243,1
0.06718917936086655,1
0.17049935460090637,1
0.06439907103776932,1
0.11439502239227295,1
0.061551664024591446,1
0.12829560041427612,1
0.11632896959781647,1
0.08838220685720444,1
0.0657891184091568,1
0.10483922809362411,1
0.05116085708141327,1
0.12212425470352173,1
0.1239435002207756,1
0.06787358224391937,1
0.15554814040660858,1
0.0923376977443695,1
0.07671620696783066,1
0.16877572238445282,1
0.09769091755151749,1
0.1308712363243103,1
0.10533596575260162,1
0.05156225711107254,1
0.13779217004776,1
0.08647001534700394,1
0.08447715640068054,1
0.026656195521354675,1
0.07622537016868591,1
0.14697988331317902,1
0.03426399454474449,1
0.12364457547664642,1
0.29519641399383545,1
0.31227126717567444,1
0.07131058722734451,1
0.036826055496931076,1
0.2796044647693634,1
0.1482868790626526,1
0.15137284994125366,1
0.06000532954931259,1
0.08917856961488724,1
0.055277854204177856,1
0.10861466825008392,1
0.07645810395479202,1
0.13424502313137054,1
0.09197431057691574,1
0.11522573977708817,1
0.08366375416517258,1
0.11842422187328339,1
0.303951233625412,1
0.22731833159923553,1
0.02109793946146965,1
0.09113909304141998,1
0.08651363849639893,1
0.1012105867266655,1
0.08979988843202591,1
0.10427520424127579,1
0.2394232451915741,1
0.11840581148862839,1
0.20863114297389984,1
0.07433761656284332,1
0.06387217342853546,1
0.20692157745361328,1
0.0675709992647171,1
0.17444194853305817,1
0.03974037617444992,1
0.09747019410133362,1
0.06763540208339691,1
0.14330869913101196,1
0.27342596650123596,1
0.10574301332235336,1
0.11411526799201965,1
0.053197216242551804,1
0.061160676181316376,1
0.2005995810031891,1
0.1075734794139862,1
0.11117521673440933,1
0.0706605315208435,1
0.03919950872659683,1
0.21468670666217804,1
0.04366811737418175,1
0.22009535133838654,1
0.10210594534873962,1
0.1424112766981125,1
0.04673457145690918,1
0.1545581817626953,1
0.0370648168027401,1
0.11411524564027786,1
0.17297852039337158,1
0.18464355170726776,1
0.1079435870051384,1
0.04753802344202995,1
0.08744100481271744,1
0.269347220659256,1
0.10379316657781601,1
0.1355256885290146,1
0.1475653499364853,1
0.18665483593940735,1
0.06596817821264267,1
0.040922097861766815,1
0.08092226088047028,1
0.09223948419094086,1
0.07762894034385681,1
0.038867153227329254,1
0.041967157274484634,1
0.1917564421892166,1
0.25135573744773865,1
0.038169652223587036,1
0.08266474306583405,1
0.08883000910282135,1
0.1671675443649292,1
0.10282805562019348,1
0.11075173318386078,1
0.10112706571817398,1
0.17014271020889282,1
0.13519547879695892,1
0.03322409465909004,1
0.11247742176055908,1
0.022216610610485077,1
0.21099111437797546,1
0.10111392289400101,1
0.24620205163955688,1
0.16652877628803253,1
0.07713687419891357,1
0.4084834158420563,1
0.10633139312267303,1
0.17403146624565125,1
0.1947249174118042,1
0.18556489050388336,1
0.049332357943058014,1
0.11059428006410599,1
0.09854637831449509,1
0.07556231319904327,1
0.08254730701446533,1
0.02405671775341034,1
0.03772957623004913,1
0.14089813828468323,1
0.04564053937792778,1
0.07812350988388062,1
0.236362487077713,1
0.0669030249118805,1
0.10981740802526474,1
0.045869722962379456,1
0.04286281019449234,1
0.2539544701576233,1
0.22761639952659607,1
0.22949770092964172,1
0.03163421154022217,1
0.14245572686195374,1
0.06681010127067566,1
0.027431363239884377,1
0.16467982530593872,1
0.11835567653179169,1
0.06817717105150223,1
0.11401566863059998,1
0.06363847851753235,1
0.07460404932498932,1
0.22744120657444,1
0.10610245168209076,1
0.04374416172504425,1
0.15623950958251953,1
0.11819496750831604,1
0.2178395837545395,1
0.07417718321084976,1
0.09549763798713684,1
0.07139582186937332,1
0.13196687400341034,1
0.26118093729019165,1
0.07110924273729324,1
0.0716385617852211,1
0.18181279301643372,1
0.05396423488855362,1
0.10458272695541382,1
0.06525672227144241,1
0.05139094591140747,1
0.2084622085094452,1
0.08908431231975555,1
0.10754002630710602,1
0.14837118983268738,1
0.13585728406906128,1
0.1545029729604721,1
0.05912083759903908,1
0.12029734998941422,1
0.06211475282907486,1
0.217220738530159,1
0.06024480611085892,1
0.051843803375959396,1
0.18564996123313904,1
0.06555812060832977,1
0.08350380510091782,1
0.05148513242602348,1
0.043064218014478683,1
0.10219147056341171,1
0.13424482941627502,1
0.11221152544021606,1
0.09409665316343307,1
0.14637592434883118,1
0.23066556453704834,1
0.15565043687820435,1
0.053019944578409195,1
0.04486320540308952,1
0.1597520262002945,1
0.04582253471016884,1
0.13124078512191772,1
0.1501164436340332,1
0.12611006200313568,1
0.10586477071046829,1
0.24151866137981415,1
0.18563120067119598,1
0.14829114079475403,1
0.13379564881324768,1
0.2351963371038437,1
0.24366040527820587,1
0.029261106625199318,1
0.03042089194059372,1
0.2128905951976776,1
0.2965485155582428,1
0.05963389575481415,1
0.051589950919151306,1
0.08372481167316437,1
0.1803870052099228,1
0.06683186441659927,1
0.2776139974594116,1
0.0917465090751648,1
0.19657135009765625,1
0.13691255450248718,1
0.09209291636943817,1
0.22700639069080353,1
0.07815973460674286,1
0.20331741869449615,1
0.06868219375610352,1
0.09482000023126602,1
0.08324166387319565,1
0.043977998197078705,1
0.024702047929167747,1
0.03326866403222084,1
0.3351362347602844,1
0.06647554785013199,1
0.11551795899868011,1
0.09866081923246384,1
0.23257513344287872,1
0.09663137048482895,1
0.04145055636763573,1
0.2009446620941162,1
0.05287180095911026,1
0.0703541561961174,1
0.09661167114973068,1
0.17567819356918335,1
0.15965776145458221,1
0.2056708037853241,1
0.1708989143371582,1
0.22825214266777039,1
0.03654376044869423,1
0.0445103757083416,1
0.05908229947090149,1
0.13516077399253845,1
0.08110877871513367,1
0.05462873727083206,1
0.10008540749549866,1
0.14043168723583221,1
0.12593087553977966,1
0.083672896027565,1
0.1332678496837616,1
0.05231470242142677,1
0.09700190275907516,1
0.10093528032302856,1
0.09883938729763031,1
0.08851632475852966,1
0.1666918843984604,1
0.13527140021324158,1
0.04772888123989105,1
0.13050934672355652,1
0.2511202096939087,1
0.18417350947856903,1
0.10119063407182693,1
0.09750588238239288,1
0.13256439566612244,1
0.02832678332924843,1
0.10341548919677734,1
0.2042936533689499,1
0.11495578289031982,1
0.11886143684387207,1
0.049762845039367676,1
0.04243463650345802,1
0.1019243523478508,1
0.19674725830554962,1
0.08875861763954163,1
0.16029028594493866,1
0.13539645075798035,1
0.09876953810453415,1
0.12412825226783752,1
0.1814529001712799,1
0.113590307533741,1
0.04136223345994949,1
0.03434791415929794,1
0.044423192739486694,1
0.04116138443350792,1
0.06637880206108093,1
0.17361296713352203,1
0.09662569314241409,1
0.39485061168670654,1
0.044208820909261703,1
0.07365258038043976,1
0.05588052421808243,1
0.14782826602458954,1
0.05983293429017067,1
0.1313835233449936,1
0.07092699408531189,1
0.08011147379875183,1
0.2605060935020447,1
0.06983297318220139,1
0.11476319283246994,1
0.026144394651055336,1
0.12836137413978577,1
0.17091387510299683,1
0.09394758939743042,1
0.05884307995438576,1
0.09923899918794632,1
0.266918808221817,1
0.023654986172914505,1
0.03816506266593933,1
0.08719102293252945,1
0.14704279601573944,1
0.0324760302901268,1
0.035159990191459656,1
0.07294120639562607,1
0.21993069350719452,1
0.10401817411184311,1
0.025304028764367104,1
0.09284109622240067,1
0.07303231209516525,1
0.06519552320241928,1
0.09574182331562042,1
0.0888177827000618,1
0.12809082865715027,1
0.0881311446428299,1
0.07976164668798447,1
0.11784513294696808,1
0.10813917219638824,1
0.13445821404457092,1
0.04210726171731949,1
0.24285182356834412,1
0.018137771636247635,1
0.09105245769023895,1
0.15553680062294006,1
0.15756231546401978,1
0.1938292235136032,1
0.09459474682807922,1
0.035282909870147705,1
0.16384349763393402,1
0.12892988324165344,1
0.1213313415646553,1
0.23631678521633148,1
0.06909752637147903,1
0.0309512447565794,1
0.17807415127754211,1
0.067765973508358,1
0.17393724620342255,1
0.11936769634485245,1
0.03126169741153717,1
0.2477346658706665,1
0.16782879829406738,1
0.18854016065597534,1
0.09121380746364594,1
0.03720663860440254,1
0.06596066057682037,1
0.16882061958312988,1
0.06611081957817078,1
0.2794417142868042,1
0.15532484650611877,1
0.1653836965560913,1
0.06571317464113235,1
0.0856354683637619,1
0.0715324655175209,1
0.1754700243473053,1
0.10221114754676819,1
0.13939131796360016,1
0.0409303680062294,1
0.03141428902745247,1
0.065153107047081,1
0.0418865829706192,1
0.026433397084474564,1
0.2419813573360443,1
0.04348764568567276,1
0.06328074634075165,1
0.12252295017242432,1
0.04980545490980148,1
0.04246398061513901,1
0.11541318893432617,1
0.15433387458324432,1
0.10247081518173218,1
0.1363968849182129,1
0.19276538491249084,1
0.054404620081186295,1
0.07443402707576752,1
0.1528792530298233,1
0.18667688965797424,1
0.060678333044052124,1
0.07005944848060608,1
0.18418383598327637,1
0.04512506350874901,1
0.07977157831192017,1
0.28872013092041016,1
0.2467740774154663,1
0.0687110424041748,1
0.11884165555238724,1
0.08453194797039032,1
0.1128414198756218,1
0.1651582568883896,1
0.13621219992637634,1
0.15497525036334991,1
0.08403953909873962,1
0.22601474821567535,1
0.20037636160850525,1
0.22240114212036133,1
0.11700628697872162,1
0.06312022358179092,1
0.1399708390235901,1
0.07324503362178802,1
0.11609043180942535,1
0.25864076614379883,1
0.18714554607868195,1
0.3397184908390045,1
0.05183970928192139,1
0.12093525379896164,1
0.08023279160261154,1
0.052890975028276443,1
0.06499968469142914,1
0.18536578118801117,1
0.1242799311876297,1
0.04483095183968544,1
0.11662688851356506,1
0.1552007794380188,1
0.0290973037481308,1
0.17493288218975067,1
0.07775893062353134,1
0.18804486095905304,1
0.03530273959040642,1
0.06337720900774002,1
0.19522887468338013,1
0.08625568449497223,1
0.12367423623800278,1
0.04281332343816757,1
0.12085964530706406,1
0.049325644969940186,1
0.2927703261375427,1
0.046885982155799866,1
0.23978209495544434,1
0.0853840634226799,1
0.0985165536403656,1
0.21439215540885925,1
0.11501528322696686,1
0.15566027164459229,1
0.06692320108413696,1
0.17090123891830444,1
0.029504798352718353,1
0.1911584585905075,1
0.059154246002435684,1
0.12518833577632904,1
0.10695045441389084,1
0.1066185012459755,1
0.1274842619895935,1
0.05252336710691452,1
0.08346453309059143,1
0.057923585176467896,1
0.1500539928674698,1
0.18817895650863647,1
0.10087446123361588,1
0.09742480516433716,1
0.1352059692144394,1
0.21052619814872742,1
0.1119881421327591,1
0.11987821012735367,1
0.07893499732017517,1
0.150931715965271,1
0.06040186434984207,1
0.037142544984817505,1
0.11629454791545868,1
0.07611621916294098,1
0.2284800410270691,1
0.09152240306138992,1
0.13153141736984253,1
0.045463256537914276,1
0.24294501543045044,1
0.13346540927886963,1
0.14660103619098663,1
0.29055389761924744,1
0.235134094953537,1
0.07501275837421417,1
0.06074802577495575,1
0.06617297977209091,1
0.35592880845069885,1
0.21260783076286316,1
0.26857274770736694,1
0.0924815684556961,1
0.14929112792015076,1
0.15934449434280396,1
0.06313671916723251,1
0.3278849124908447,1
0.16948941349983215,1
0.09444552659988403,1
0.06427282840013504,1
0.0899258404970169,1
0.08313914388418198,1
0.2627377212047577,1
0.06325574964284897,1
0.11541715264320374,1
0.04776839166879654,1
0.08452095091342926,1
0.09456032514572144,1
0.03340916708111763,1
0.07863262295722961,1
0.06697744876146317,1
0.04071396216750145,1
0.07830394804477692,1
0.33821550011634827,1
0.09140370786190033,1
0.1451212465763092,1
0.08074276149272919,1
0.10870361328125,1
0.10327618569135666,1
0.0545663982629776,1
0.051399361342191696,1
0.08658064901828766,1
0.03314626216888428,1
0.07502378523349762,1
0.13094818592071533,1
0.06121795251965523,1
0.17277346551418304,1
0.05908175930380821,1
0.15746237337589264,1
0.08585600554943085,1
0.19970513880252838,1
0.045801300555467606,1
0.14227266609668732,1
0.1517217755317688,1
0.1627393364906311,1
0.1729125827550888,1
0.18644285202026367,1
0.06697193533182144,1
0.13699780404567719,1
0.10895122587680817,1
0.22168198227882385,1
0.1373559534549713,1
0.014309201389551163,1
0.06981225311756134,1
0.20913761854171753,1
0.0980173796415329,1
0.07269637286663055,1
0.27692943811416626,1
0.2513618469238281,1
0.23763126134872437,1
0.050548408180475235,1
0.08803649246692657,1
0.04972308874130249,1
0.2178245186805725,1
0.0743761658668518,1
0.18210551142692566,1
0.18207517266273499,1
0.11443023383617401,1
0.11056819558143616,1
0.16491536796092987,1
0.08493073284626007,1
0.0683683454990387,1
0.07937120646238327,1
0.06925076246261597,1
0.0644877552986145,1
0.14844834804534912,1
0.024989116936922073,1
0.0803806483745575,1
0.09340271353721619,1
0.0897642970085144,1
0.09660632163286209,1
0.02923716977238655,1
0.04495701938867569,1
0.2739252746105194,1
0.2625778019428253,1
0.11125847697257996,1
0.03798969089984894,1
0.13090281188488007,1
0.1084182858467102,1
0.10819104313850403,1
0.07028209418058395,1
0.07955009490251541,1
0.10898754745721817,1
0.1178939938545227,1
0.07448181509971619,1
0.07249578088521957,1
0.05094188079237938,1
0.055235035717487335,1
0.20383276045322418,1
0.284883588552475,1
0.10033246129751205,1
0.0427374392747879,1
0.0735136866569519,1
0.06781315058469772,1
0.28198838233947754,1
0.31949853897094727,1
0.05150830000638962,1
0.07470732182264328,1
0.20310145616531372,1
0.05774446949362755,1
0.1866123378276825,1
0.08306729048490524,1
0.18210861086845398,1
0.13376584649085999,1
0.1830013394355774,1
0.11875069886445999,1
0.13024351000785828,1
0.24444426596164703,1
0.11877962201833725,1
0.09081913530826569,1
0.06353162229061127,1
0.059159666299819946,1
0.0719211995601654,1
0.19195467233657837,1
0.028903551399707794,1
0.23955993354320526,1
0.33592498302459717,1
0.11801677197217941,1
0.10309812426567078,1
0.08006809651851654,1
0.04584236815571785,1
0.20470371842384338,1
0.07536641508340836,1
0.19275836646556854,1
0.07763180881738663,1
0.08137937635183334,1
0.22475360333919525,1
0.06901253014802933,1
0.15840651094913483,1
0.03879575803875923,1
0.24398931860923767,1
0.040717899799346924,1
0.16649246215820313,1
0.12222595512866974,1
0.08884736895561218,1
0.11778586357831955,1
0.21959546208381653,1
0.21138717234134674,1
0.2261400818824768,1
0.10509160161018372,1
0.12969908118247986,1
0.16742658615112305,1
0.34240350127220154,1
0.18276430666446686,1
0.16030164062976837,1
0.06992804259061813,1
0.029851531609892845,1
0.09099824726581573,1
0.032721929252147675,1
0.14652881026268005,1
0.14253896474838257,1
0.06622861325740814,1
0.3492263853549957,1
0.2890118658542633,1
0.20938310027122498,1
0.13536514341831207,1
0.16466620564460754,1
0.19674468040466309,1
0.056021783500909805,1
0.17700298130512238,1
0.21286112070083618,1
0.0571243092417717,1
0.08578232675790787,1
0.05651530623435974,1
0.2499089241027832,1
0.029296940192580223,1
0.17686589062213898,1
0.13870380818843842,1
0.31343382596969604,1
0.11240266263484955,1
0.10155103355646133,1
0.06715746223926544,1
0.13542628288269043,1
0.15570040047168732,1
0.049912381917238235,1
0.12878204882144928,1
0.17018026113510132,1
0.06046909838914871,1
0.03728616237640381,1
0.05568051338195801,1
0.03586054593324661,1
0.09886123239994049,1
0.028957488015294075,1
0.16551154851913452,1
0.06904209405183792,1
0.07173030823469162,1
0.19278140366077423,1
0.12949036061763763,1
0.1621718406677246,1
0.1377812623977661,1
0.10503725707530975,1
0.10613644123077393,1
0.10118609666824341,1
0.321114718914032,1
0.23105394840240479,1
0.0861416906118393,1
0.09699462354183197,1
0.07208813726902008,1
0.07097558677196503,1
0.2918148636817932,1
0.08209086954593658,1
0.19214509427547455,1
0.06156861037015915,1
0.03094545751810074,1
0.055308595299720764,1
0.0739767774939537,1
0.06000816076993942,1
0.12582284212112427,1
0.1689824014902115,1
0.09910627454519272,1
0.09246725589036942,1
0.050495028495788574,1
0.06804404407739639,1
0.07350218296051025,1
0.0874776691198349,1
0.017836928367614746,1
0.07354256510734558,1
0.11738286167383194,1
0.20229670405387878,1
0.19444407522678375,1
0.12459690123796463,1
0.046015165746212006,1
0.1032443568110466,1
0.23019297420978546,1
0.05602627247571945,1
0.13812533020973206,1
0.07275094836950302,1
0.1464826911687851,1
0.11965032666921616,1
0.13031521439552307,1
0.09573774039745331,1
0.038856856524944305,1
0.04704625532031059,1
0.030011774972081184,1
0.0900576114654541,1
0.07705257087945938,1
0.21213290095329285,1
0.08288364112377167,1
0.0987929105758667,1
0.05058402940630913,1
0.03113846853375435,1
0.08404804766178131,1
0.1647464781999588,1
0.25605133175849915,1
0.11974838376045227,1
0.17075234651565552,1
0.07442308217287064,1
0.07615408301353455,1
0.11055972427129745,1
0.1276261806488037,1
0.12876226007938385,1
0.046190451830625534,1
0.17193053662776947,1
0.06967227160930634,1
0.03459396958351135,1
0.02603439800441265,1
0.1520462930202484,1
0.04035989195108414,1
0.12805697321891785,1
0.15176114439964294,1
0.2116987407207489,1
0.10784222185611725,1
0.023760639131069183,1
0.052033379673957825,1
0.20797719061374664,1
0.05963652953505516,1
0.06710746884346008,1
0.09787088632583618,1
0.08238041400909424,1
0.20250734686851501,1
0.16513217985630035,1
0.2678360641002655,1
0.07344143837690353,1
0.07122032344341278,1
0.10295180976390839,1
0.16240429878234863,1
0.10270731151103973,1
0.048009369522333145,1
0.08435852080583572,1
0.1154867485165596,1
0.09983380138874054,1
0.09529190510511398,1
0.07770542800426483,1
0.09555507451295853,1
0.1313904970884323,1
0.250921368598938,1
0.09495114535093307,1
0.1691466122865677,1
0.11052805930376053,1
0.08595931529998779,1
0.058115556836128235,1
0.1777384877204895,1
0.048555437475442886,1
0.13934633135795593,1
0.06902722269296646,1
0.10378678143024445,1
0.32591670751571655,1
0.11527503281831741,1
0.09731613099575043,1
0.11553913354873657,1
0.07807878404855728,1
0.06643883138895035,1
0.04700319468975067,1
0.04590661823749542,1
0.02281314507126808,1
0.08092674612998962,1
0.0865827426314354,1
0.0511326938867569,1
0.06943298131227493,1
0.09781210869550705,1
0.05103307217359543,1
0.15324796736240387,1
0.18569113314151764,1
0.07767593860626221,1
0.0546540841460228,1
0.22621239721775055,1
0.13412746787071228,1
0.0937870442867279,1
0.09234427660703659,1
0.03731324523687363,1
0.2749541401863098,1
0.051147785037755966,1
0.038305722177028656,1
0.11016742140054703,1
0.11231312155723572,1
0.10636023432016373,1
0.08143589645624161,1
0.18679383397102356,1
0.1283252090215683,1
0.3418884575366974,1
0.13204817473888397,1
0.11642797291278839,1
0.15924692153930664,1
0.1656188815832138,1
0.12102881073951721,1
0.08138449490070343,1
0.08066174387931824,1
0.06371142715215683,1
0.06524134427309036,1
0.07551482319831848,1
0.13507570326328278,1
0.17451906204223633,1
0.05030597746372223,1
0.18537300825119019,1
0.0563177615404129,1
0.07636546343564987,1
0.06593360751867294,1
0.11369236558675766,1
0.25572285056114197,1
0.08166854828596115,1
0.06734537333250046,1
0.07704769819974899,1
0.1532689929008484,1
0.10913010686635971,1
0.05799714848399162,1
0.0782715380191803,1
0.11038952320814133,1
0.38460302352905273,1
0.14669817686080933,1
0.08372056484222412,1
0.12379594147205353,1
0.08334066718816757,1
0.10983224213123322,1
0.18600942194461823,1
0.08998740464448929,1
0.18653811514377594,1
0.0357043631374836,1
0.12076810002326965,1
0.1005418449640274,1
0.16207562386989594,1
0.065849170088768,1
0.14768366515636444,1
0.11124202609062195,1
0.16337580978870392,1
0.11014901101589203,1
0.08499720692634583,1
0.14141102135181427,1
0.1707342118024826,1
0.06027530878782272,1
0.0650584027171135,1
0.0632086768746376,1
0.024772346019744873,1
0.19582633674144745,1
0.04879731684923172,1
0.08446571975946426,1
0.04152652248740196,1
0.20589414238929749,1
0.04196801036596298,1
0.07468064874410629,1
0.36573660373687744,1
0.17341865599155426,1
0.17454463243484497,1
0.1850864291191101,1
0.1796310693025589,1
0.19426342844963074,1
0.050225354731082916,1
0.19439002871513367,1
0.09178399294614792,1
0.07642865926027298,1
0.09889605641365051,1
0.13893917202949524,1
0.046698570251464844,1
0.062357496470212936,1
0.09588710218667984,1
0.0587121918797493,1
0.17905625700950623,1
0.10989510267972946,1
0.17607317864894867,1
0.02959349937736988,1
0.2760161757469177,1
0.10405156761407852,1
0.2324891984462738,1
0.18327611684799194,1
0.231610506772995,1
0.09369117021560669,1
0.11516769230365753,1
0.1326362043619156,1
0.12688606977462769,1
0.13203445076942444,1
0.1971645951271057,1
0.03260714188218117,1
0.08244603872299194,1
0.05790529027581215,1
0.10141099989414215,1
0.11991323530673981,1
0.13719600439071655,1
0.14214321970939636,1
0.11430738121271133,1
0.09337297081947327,1
0.05765983462333679,1
0.0677020400762558,1
0.2509198486804962,1
0.056053098291158676,1
0.09266912937164307,1
0.17631609737873077,1
0.1341211199760437,1
0.07062698900699615,1
0.1113658919930458,1
0.07703977078199387,1
0.08456338196992874,1
0.08111677318811417,1
0.18492034077644348,1
0.14645469188690186,1
0.06798602640628815,1
0.02074369601905346,1
0.22824200987815857,1
0.21141251921653748,1
0.16747009754180908,1
0.1731831282377243,1
0.042114704847335815,1
0.14968496561050415,1
0.11138322949409485,1
0.03143002465367317,1
0.20908783376216888,1
0.06408193707466125,1
0.04531097784638405,1
0.09099234640598297,1
0.08653770387172699,1
0.1453612744808197,1
0.03313562646508217,1
0.18361902236938477,1
0.22753815352916718,1
0.05433455854654312,1
0.058585274964571,1
0.05502281337976456,1
0.15028779208660126,1
0.20329302549362183,1
0.15987667441368103,1
0.09103038907051086,1
0.12893298268318176,1
0.08611228317022324,1
0.08972543478012085,1
0.11796736717224121,1
0.07631716132164001,1
0.09236176311969757,1
0.0635291188955307,1
0.1596345454454422,1
0.2569250166416168,1
0.022272532805800438,1
0.07266369462013245,1
0.12409324198961258,1
0.10514908283948898,1
0.10963200777769089,1
0.24652139842510223,1
0.054582975804805756,1
0.14063239097595215,1
0.08599641919136047,1
0.14541929960250854,1
0.10760008543729782,1
0.12858939170837402,1
0.1676640510559082,1
0.1637355387210846,1
0.18875184655189514,1
0.050080083310604095,1
0.07591772824525833,1
0.09383098781108856,1
0.03623383492231369,1
0.16675452888011932,1
0.23266035318374634,1
0.06530411541461945,1
0.2513097822666168,1
0.12958024442195892,1
0.10931047052145004,1
0.2815837562084198,1
0.0590221993625164,1
0.0033594483975321054,1
