0.11258132010698318,1
0.04380291700363159,1
0.09780022501945496,1
0.033636610954999924,1
0.11833140254020691,1
0.05356767773628235,1
0.046528130769729614,1
0.16063837707042694,1
0.1043153777718544,1
0.1002333015203476,1
0.15095412731170654,1
0.12473355233669281,1
0.15417015552520752,1
0.0667673721909523,1
0.04285823553800583,1
0.10812026262283325,1
0.11150554567575455,1
0.10328111052513123,1
0.10105407983064651,1
0.07480413466691971,1
0.11634676158428192,1
0.05844737961888313,1
0.06579992920160294,1
0.08333321660757065,1
0.04213736206293106,1
0.1143384650349617,1
0.09397926181554794,1
0.13156335055828094,1
0.09561853110790253,1
0.228300079703331,1
0.09736078977584839,1
0.18746572732925415,1
0.17966578900814056,1
0.06353829801082611,1
0.11295610666275024,1
0.06342308223247528,1
0.0692535862326622,1
0.21710236370563507,1
0.04001392796635628,1
0.08820338547229767,1
0.09807529300451279,1
0.0509314090013504,1
0.0737876147031784,1
0.3198767900466919,1
0.11265365034341812,1
0.06989175081253052,1
0.05237350985407829,1
0.09457391500473022,1
0.041079577058553696,1
0.15955638885498047,1
0.1606368124485016,1
0.044567011296749115,1
0.1955851912498474,1
0.021718304604291916,1
0.19196078181266785,1
0.20802730321884155,1
0.05091007053852081,1
0.04561426490545273,1
0.10795778036117554,1
0.11460967361927032,1
0.2153259515762329,1
0.05970972776412964,1
0.0476837083697319,1
0.040743716061115265,1
0.06037822738289833,1
0.08476446568965912,1
0.04259859770536423,1
0.08685612678527832,1
0.25788867473602295,1
0.1666990965604782,1
0.2418934404850006,1
0.15047211945056915,1
0.08909143507480621,1
0.13662251830101013,1
0.03602643683552742,1
0.13792631030082703,1
0.04317368566989899,1
0.11492021381855011,1
0.023040780797600746,1
0.0439026765525341,1
0.07881489396095276,1
0.052378956228494644,1
0.08918167650699615,1
0.21912942826747894,1
0.04000503942370415,1
0.1259603500366211,1
0.04835304990410805,1
0.12637042999267578,1
0.050885967910289764,1
0.07863642275333405,1
0.18149185180664063,1
0.08650988340377808,1
0.14957952499389648,1
0.12401889264583588,1
0.058337073773145676,1
0.18148072063922882,1
0.046928782016038895,1
0.10056398808956146,1
0.02516062557697296,1
0.11372935771942139,1
0.1648930013179779,1
0.12042664736509323,1
0.1318707913160324,1
0.09337667375802994,1
0.10975588113069534,1
0.07270029187202454,1
0.05896415561437607,1
0.33273234963417053,1
0.11004786193370819,1
0.06794473528862,1
0.09072528034448624,1
0.1936216950416565,1
0.1836462914943695,1
0.0977473109960556,1
0.05309746786952019,1
0.056475523859262466,1
0.0802978128194809,1
0.06958089768886566,1
0.08421547710895538,1
0.17026157677173615,1
0.10425534844398499,1
0.2688256502151489,1
0.0394296832382679,1
0.11663699895143509,1
0.08553716540336609,1
0.1488376408815384,1
0.15993674099445343,1
0.041266608983278275,1
0.14672476053237915,1
0.2100042998790741,1
0.05101975053548813,1
0.11500489711761475,1
0.08366647362709045,1
0.21401013433933258,1
0.17848937213420868,1
0.08180195093154907,1
0.09450298547744751,1
0.11734645068645477,1
0.2617681324481964,1
0.06387001276016235,1
0.11012302339076996,1
0.07625948637723923,1
0.14662665128707886,1
0.1736297607421875,1
0.08865740895271301,1
0.13978634774684906,1
0.06780172139406204,1
0.29169321060180664,1
0.07099992781877518,1
0.05912090837955475,1
0.021866172552108765,1
0.047280047088861465,1
0.06613020598888397,1
0.18232746422290802,1
0.11307835578918457,1
0.07623656839132309,1
0.12736931443214417,1
0.26842769980430603,1
0.09125268459320068,1
0.05928388983011246,1
0.037268009036779404,1
0.07943632453680038,1
0.04044990986585617,1
0.11355516314506531,1
0.05139155685901642,1
0.10736645758152008,1
0.2003381997346878,1
0.0506710559129715,1
0.1182425394654274,1
0.12804099917411804,1
0.17099617421627045,1
0.0881178081035614,1
0.14722685515880585,1
0.19885288178920746,1
0.13595008850097656,1
0.28409215807914734,1
0.23452140390872955,1
0.034433551132678986,1
0.18496502935886383,1
0.0406426265835762,1
0.06016860902309418,1
0.08200361579656601,1
0.05928171053528786,1
0.12922056019306183,1
0.07683128118515015,1
0.039074283093214035,1
0.15626700222492218,1
0.13279421627521515,1
0.07956762611865997,1
0.08682035654783249,1
0.05890365689992905,1
0.038437504321336746,1
0.06207598000764847,1
0.07677967846393585,1
0.12791389226913452,1
0.04687335342168808,1
0.036411769688129425,1
0.020025987178087234,1
0.054234277456998825,1
0.15242305397987366,1
0.07584428787231445,1
0.12356352061033249,1
0.031898967921733856,1
0.12364614009857178,1
0.09092169255018234,1
0.06829933822154999,1
0.039124757051467896,1
0.0688515305519104,1
0.1830773651599884,1
0.05892639234662056,1
0.16490361094474792,1
0.1461912989616394,1
0.19181504845619202,1
0.028813742101192474,1
0.2660481631755829,1
0.05245273560285568,1
0.08309011906385422,1
0.061047639697790146,1
0.09685483574867249,1
0.08325793594121933,1
0.06083441525697708,1
0.08146330714225769,1
0.23245833814144135,1
0.08744175732135773,1
0.0813000425696373,1
0.14745043218135834,1
0.1640821248292923,1
0.26780232787132263,1
0.053074900060892105,1
0.06714260578155518,1
0.11332371085882187,1
0.023767201229929924,1
0.15513421595096588,1
0.07627230882644653,1
0.1473352313041687,1
0.1897452026605606,1
0.14091448485851288,1
0.052804358303546906,1
0.1729043871164322,1
0.16529636085033417,1
0.05326174944639206,1
0.22255563735961914,1
0.09442067891359329,1
0.04638928174972534,1
0.08508356660604477,1
0.12136448919773102,1
0.21238835155963898,1
0.04401930794119835,1
0.053106654435396194,1
0.040679074823856354,1
0.08724788576364517,1
0.06987598538398743,1
0.02122563123703003,1
0.06544448435306549,1
0.060427404940128326,1
0.13403789699077606,1
0.22831131517887115,1
0.03345440328121185,1
0.050131749361753464,1
0.2572387158870697,1
0.12635688483715057,1
0.1269478052854538,1
0.18348710238933563,1
0.11075993627309799,1
0.0316622294485569,1
0.07376860827207565,1
0.16644124686717987,1
0.08948461711406708,1
0.08604946732521057,1
0.23220248520374298,1
0.08696720004081726,1
0.14426426589488983,1
0.09946177154779434,1
0.156000018119812,1
0.08085939288139343,1
0.061532873660326004,1
0.055022358894348145,1
0.02740347944200039,1
0.12580832839012146,1
0.06815975904464722,1
0.01896001398563385,1
0.10207291692495346,1
0.07235046476125717,1
0.15400728583335876,1
0.031942110508680344,1
0.05786493793129921,1
0.11814586818218231,1
0.12222958356142044,1
0.06944824755191803,1
0.1010785922408104,1
0.08339571207761765,1
0.26410767436027527,1
0.048997942358255386,1
0.16410332918167114,1
0.08904142677783966,1
0.05091401934623718,1
0.039409004151821136,1
0.05483883619308472,1
0.3604382872581482,1
0.053499072790145874,1
0.07642832398414612,1
0.18136879801750183,1
0.06528475135564804,1
0.1921248435974121,1
0.0752524733543396,1
0.09787486493587494,1
0.22364987432956696,1
0.09840214252471924,1
0.05421081930398941,1
0.09165512770414352,1
0.08837306499481201,1
0.04195483773946762,1
0.15604354441165924,1
0.1484283208847046,1
0.09114042669534683,1
0.027798373252153397,1
0.0682646706700325,1
0.2004767507314682,1
0.08828768134117126,1
0.07206376641988754,1
0.07819125056266785,1
0.22534283995628357,1
0.12241840362548828,1
0.21677780151367188,1
0.21420563757419586,1
0.06313567608594894,1
0.0910114198923111,1
0.07335598766803741,1
0.0743345096707344,1
0.08854235708713531,1
0.23926396667957306,1
0.053538016974925995,1
0.10458849370479584,1
0.0635116919875145,1
0.24998900294303894,1
0.14504316449165344,1
0.17438478767871857,1
0.19429108500480652,1
0.04174431785941124,1
0.07930700480937958,1
0.1324656903743744,1
0.019861534237861633,1
0.10437482595443726,1
0.2541694641113281,1
0.07459051162004471,1
0.0645153596997261,1
0.050135087221860886,1
0.14008928835391998,1
0.04668273404240608,1
0.21352654695510864,1
0.05160144716501236,1
0.18675406277179718,1
0.0957997739315033,1
0.09148986637592316,1
0.051348067820072174,1
0.2238157093524933,1
0.06317854672670364,1
0.1878049522638321,1
0.3368907868862152,1
0.16802102327346802,1
0.15286925435066223,1
0.22666606307029724,1
0.08175493776798248,1
0.08200453221797943,1
0.28892675042152405,1
0.07742420583963394,1
0.02379366010427475,1
0.018130753189325333,1
0.2072814255952835,1
0.19170024991035461,1
0.13834616541862488,1
0.03795818239450455,1
0.09095825254917145,1
0.10933578014373779,1
0.047060608863830566,1
0.10190784186124802,1
0.07475414872169495,1
0.09562520682811737,1
0.19041472673416138,1
0.043881990015506744,1
0.16856035590171814,1
0.08064740151166916,1
0.16222013533115387,1
0.061871953308582306,1
0.45273661613464355,1
0.08852792531251907,1
0.33448201417922974,1
0.02956654317677021,1
0.07196290791034698,1
0.048187192529439926,1
0.17166957259178162,1
0.07917903363704681,1
0.08188297599554062,1
0.3239224851131439,1
0.08735260367393494,1
0.08164973556995392,1
0.07630091905593872,1
0.25003528594970703,1
0.179580956697464,1
0.19722190499305725,1
0.06864739954471588,1
0.11182256042957306,1
0.16235040128231049,1
0.1396106481552124,1
0.23242980241775513,1
0.09108703583478928,1
0.060549862682819366,1
0.06635123491287231,1
0.24033576250076294,1
0.09354821592569351,1
0.12500223517417908,1
0.03834912180900574,1
0.08405939489603043,1
0.04334691911935806,1
0.15405692160129547,1
0.2189284861087799,1
0.21226468682289124,1
0.10783363878726959,1
0.14006450772285461,1
0.03831405192613602,1
0.04216780513525009,1
0.05549520254135132,1
0.14179062843322754,1
0.07069079577922821,1
0.23906300961971283,1
0.12770196795463562,1
0.04649915173649788,1
0.12587936222553253,1
0.14109908044338226,1
0.07130376994609833,1
0.03838847950100899,1
0.04998435080051422,1
0.04877084493637085,1
0.10778310149908066,1
0.08176343142986298,1
0.14533433318138123,1
0.10016131401062012,1
0.08989779651165009,1
0.13179342448711395,1
0.10716123878955841,1
0.08983922749757767,1
0.12427960336208344,1
0.08974345773458481,1
0.05934060737490654,1
0.11406131088733673,1
0.07060308009386063,1
0.033759042620658875,1
0.04336720332503319,1
0.08172991871833801,1
0.12991178035736084,1
0.12540915608406067,1
0.2386825978755951,1
0.07947075366973877,1
0.18738983571529388,1
0.10449008643627167,1
0.05685146525502205,1
0.19915036857128143,1
0.15838560461997986,1
0.18718793988227844,1
0.07820688188076019,1
0.0630325973033905,1
0.035978928208351135,1
0.07189633697271347,1
0.03549661859869957,1
0.19226711988449097,1
0.08971261978149414,1
0.050815850496292114,1
0.11824969947338104,1
0.10537328571081161,1
0.11872585117816925,1
0.11270957440137863,1
0.05887477099895477,1
0.16692349314689636,1
0.14281660318374634,1
0.14321132004261017,1
0.12111936509609222,1
0.11787905544042587,1
0.05714976787567139,1
0.09907049685716629,1
0.19115012884140015,1
0.09728409349918365,1
0.23298220336437225,1
0.019281357526779175,1
0.05001845955848694,1
0.14052894711494446,1
0.07937900722026825,1
0.07016117125749588,1
0.10317174345254898,1
0.025510922074317932,1
0.05397937074303627,1
0.2535635828971863,1
0.20231464505195618,1
0.14113755524158478,1
0.06037798151373863,1
0.11377949267625809,1
0.06253548711538315,1
0.11101696640253067,1
0.07840514183044434,1
0.21968641877174377,1
0.1658961921930313,1
0.03889207914471626,1
0.13719573616981506,1
0.04837300255894661,1
0.05651744082570076,1
0.07699943333864212,1
0.1126275360584259,1
0.08359159529209137,1
0.07214119285345078,1
0.16245973110198975,1
0.060357578098773956,1
0.16614440083503723,1
0.09371951222419739,1
0.11333179473876953,1
0.20413292944431305,1
0.09144842624664307,1
0.10323522239923477,1
0.0407756045460701,1
0.05038246139883995,1
0.13670974969863892,1
0.10725507140159607,1
0.13102097809314728,1
0.10542605817317963,1
0.0526084378361702,1
0.06186835840344429,1
0.08600665628910065,1
0.13744470477104187,1
0.08266527950763702,1
0.09247409552335739,1
0.18127894401550293,1
0.10985507071018219,1
0.08723714202642441,1
0.031007859855890274,1
0.04114757850766182,1
0.07236950099468231,1
0.05001547187566757,1
0.10699477791786194,1
0.27629899978637695,1
0.05011477321386337,1
0.022591756656765938,1
0.08409079909324646,1
0.044096194207668304,1
0.12460168451070786,1
0.3268475830554962,1
0.11154162138700485,1
0.06593725830316544,1
0.09543369710445404,1
0.03611106425523758,1
0.185237854719162,1
0.1384476274251938,1
0.11390271782875061,1
0.06223982200026512,1
0.11296026408672333,1
0.10493610799312592,1
0.20280000567436218,1
0.17635157704353333,1
0.07833517342805862,1
0.15651284158229828,1
0.17037390172481537,1
0.08276024460792542,1
0.15878280997276306,1
0.1729169636964798,1
0.06342151015996933,1
0.17291854321956635,1
0.05578918382525444,1
0.12664206326007843,1
0.057493582367897034,1
0.07520587742328644,1
0.049024857580661774,1
0.05574001744389534,1
0.06553103029727936,1
0.17325972020626068,1
0.1011662483215332,1
0.21497668325901031,1
0.1452246457338333,1
0.16455405950546265,1
0.13639001548290253,1
0.09699159115552902,1
0.16057804226875305,1
0.07713158428668976,1
0.18551459908485413,1
0.04040278494358063,1
0.09035350382328033,1
0.13106568157672882,1
0.11767153441905975,1
0.1376645416021347,1
0.06746028363704681,1
0.05509822815656662,1
0.08101752400398254,1
0.1284271627664566,1
0.17614467442035675,1
0.15093573927879333,1
0.23408161103725433,1
0.12668152153491974,1
0.1352088451385498,1
0.18035583198070526,1
0.05098705738782883,1
0.189395472407341,1
0.12066715210676193,1
0.08476830273866653,1
0.14919327199459076,1
0.05490913987159729,1
0.12042219936847687,1
0.06572790443897247,1
0.11419820785522461,1
0.07617346197366714,1
0.1119484156370163,1
0.0719354972243309,1
0.029850346967577934,1
0.11091753840446472,1
0.05758111551403999,1
0.37952351570129395,1
0.04037691280245781,1
0.22587263584136963,1
0.06225334107875824,1
0.056622214615345,1
0.28480958938598633,1
0.200545072555542,1
0.07379104197025299,1
0.16555839776992798,1
0.11936129629611969,1
0.019118575379252434,1
0.09556306153535843,1
0.04182042181491852,1
0.07768070697784424,1
0.05499813333153725,1
0.115199014544487,1
0.07054199278354645,1
0.12597978115081787,1
0.06584049761295319,1
0.02940649911761284,1
0.05601511150598526,1
0.09030832350254059,1
0.17443537712097168,1
0.04773195832967758,1
0.1818762868642807,1
0.09179295599460602,1
0.12799446284770966,1
0.22661195695400238,1
0.022432034835219383,1
0.045681923627853394,1
0.1485481709241867,1
0.07093392312526703,1
0.05493807792663574,1
0.13891901075839996,1
0.33657506108283997,1
0.3460245430469513,1
0.04701564833521843,1
0.17994582653045654,1
0.1594928652048111,1
0.0824824869632721,1
0.18090499937534332,1
0.0779828280210495,1
0.10793126374483109,1
0.06398050487041473,1
0.11210989952087402,1
0.17706900835037231,1
0.21402987837791443,1
0.1331789642572403,1
0.08759067952632904,1
0.07852960377931595,1
0.06541824340820313,1
0.13225433230400085,1
0.1498338282108307,1
0.09337207674980164,1
0.04367905482649803,1
0.34509873390197754,1
0.206424742937088,1
0.26459306478500366,1
0.08309291303157806,1
0.12653924524784088,1
0.051756709814071655,1
0.2007119059562683,1
0.041486937552690506,1
0.13053934276103973,1
0.026870381087064743,1
0.17948246002197266,1
0.12454117834568024,1
0.08579157292842865,1
0.15916451811790466,1
0.2531172037124634,1
0.08098644763231277,1
0.058378733694553375,1
0.031076820567250252,1
0.06076815724372864,1
0.08848465979099274,1
0.06542003899812698,1
0.07572364807128906,1
0.11502866446971893,1
0.09943509101867676,1
0.10371421277523041,1
0.07130473852157593,1
0.1749967336654663,1
0.06818437576293945,1
0.07137138396501541,1
0.1882186084985733,1
0.032431215047836304,1
0.18309974670410156,1
0.2043144702911377,1
0.2695830464363098,1
0.020407376810908318,1
0.1431051641702652,1
0.13602256774902344,1
0.08863840997219086,1
0.1768999695777893,1
0.2200409471988678,1
0.06849005818367004,1
0.11955922842025757,1
0.20378628373146057,1
0.1452288031578064,1
0.06773070991039276,1
0.06367336958646774,1
0.11728546768426895,1
0.09497593343257904,1
0.1386675387620926,1
0.14396916329860687,1
0.23151405155658722,1
0.05441155284643173,1
0.10224959999322891,1
0.12484811991453171,1
0.10087142139673233,1
0.03171658515930176,1
0.12240639328956604,1
0.16842861473560333,1
0.11493901908397675,1
0.08373799175024033,1
0.15594005584716797,1
0.10963159799575806,1
0.04274590313434601,1
0.053928595036268234,1
0.10933391749858856,1
0.17396698892116547,1
0.08739182353019714,1
0.0505368672311306,1
0.09687729179859161,1
0.04725954681634903,1
0.03525695204734802,1
0.0507252961397171,1
0.04362427443265915,1
0.3554295003414154,1
0.19285757839679718,1
0.11324457079172134,1
0.04780023545026779,1
0.17389261722564697,1
0.1647944301366806,1
0.08807983994483948,1
0.22447475790977478,1
0.027584072202444077,1
0.040056731551885605,1
0.04800188168883324,1
0.13658469915390015,1
0.07339280098676682,1
0.05166047811508179,1
0.16385047137737274,1
0.04789428785443306,1
0.02896343171596527,1
0.10891731083393097,1
0.04157767444849014,1
0.07238960266113281,1
0.10510125011205673,1
0.12013092637062073,1
0.06082783639431,1
0.039033807814121246,1
0.041253313422203064,1
0.2003355473279953,1
0.1877232789993286,1
0.13007275760173798,1
0.08315415680408478,1
0.16551432013511658,1
0.22606578469276428,1
0.1592404544353485,1
0.0829077810049057,1
0.036409035325050354,1
0.09071214497089386,1
0.16868291795253754,1
0.03131469339132309,1
0.05691242963075638,1
0.09042301774024963,1
0.032438673079013824,1
0.05586184188723564,1
0.11247344315052032,1
0.08104842901229858,1
0.3282414376735687,1
0.027476096525788307,1
0.13759241998195648,1
0.0329749695956707,1
0.12065652012825012,1
0.021725185215473175,1
0.11048262566328049,1
0.16583655774593353,1
0.3637273907661438,1
0.1440606266260147,1
0.09545374661684036,1
0.09137484431266785,1
0.1246270015835762,1
0.06799663603305817,1
0.10640810430049896,1
0.06639492511749268,1
0.07974765449762344,1
0.0606745108962059,1
0.046991296112537384,1
0.12133920937776566,1
0.03296986222267151,1
0.12644658982753754,1
0.0960821658372879,1
0.04292482137680054,1
0.05522898957133293,1
0.050223127007484436,1
0.14234931766986847,1
0.09683620929718018,1
0.07171927392482758,1
0.04217613488435745,1
0.14065399765968323,1
0.032353587448596954,1
0.1238245740532875,1
0.11924541741609573,1
0.1375897377729416,1
0.11542306840419769,1
0.19250914454460144,1
0.06268800795078278,1
0.040784694254398346,1
0.10822667181491852,1
0.07696004956960678,1
0.23398292064666748,1
0.22119802236557007,1
0.14004063606262207,1
0.08001668751239777,1
0.27233174443244934,1
0.09026551991701126,1
0.13612760603427887,1
0.023838404566049576,1
0.08460372686386108,1
0.17927798628807068,1
0.04224901646375656,1
0.17742176353931427,1
0.03432224690914154,1
0.12540657818317413,1
0.08565421402454376,1
0.08332634717226028,1
0.14638641476631165,1
0.09986723959445953,1
0.05948672443628311,1
0.1221550852060318,1
0.22690615057945251,1
0.05524768307805061,1
0.2863249182701111,1
0.12332937121391296,1
0.11091921478509903,1
0.1255226582288742,1
0.07468506693840027,1
0.05461730435490608,1
0.08180847764015198,1
0.0628223717212677,1
0.09426146000623703,1
0.1022973507642746,1
0.15867821872234344,1
0.058396194130182266,1
0.02672131173312664,1
0.07267720252275467,1
0.09295400232076645,1
0.09382525086402893,1
0.08972819149494171,1
0.060599032789468765,1
0.055800601840019226,1
0.4558456242084503,1
0.41985175013542175,1
0.09549051523208618,1
0.053274400532245636,1
0.12603488564491272,1
0.06237043812870979,1
0.07080371677875519,1
0.10411953181028366,1
0.040007200092077255,1
0.11271816492080688,1
0.12113989889621735,1
0.11204268038272858,1
0.11620143055915833,1
0.03988596424460411,1
0.0697670578956604,1
0.0606139674782753,1
0.11193731427192688,1
0.1226961761713028,1
0.2171488255262375,1
0.10473434627056122,1
0.037617363035678864,1
0.07208563387393951,1
0.052285969257354736,1
0.08316800743341446,1
0.06784610450267792,1
0.05168831720948219,1
0.05977775529026985,1
0.10279525816440582,1
0.055681269615888596,1
0.060749538242816925,1
0.05990436673164368,1
0.13439525663852692,1
0.18407976627349854,1
0.09719756245613098,1
0.062280140817165375,1
0.07642455399036407,1
0.11833996325731277,1
0.08912372589111328,1
0.1028933972120285,1
0.0766536071896553,1
0.1637510359287262,1
0.12033481895923615,1
0.3178998827934265,1
0.14674220979213715,1
0.0643363744020462,1
0.04245688021183014,1
0.09602078795433044,1
0.07586446404457092,1
0.04110008478164673,1
0.19378472864627838,1
0.1260180026292801,1
0.08473457396030426,1
0.11622553318738937,1
0.175442636013031,1
0.11509525030851364,1
0.0747266560792923,1
0.05365050211548805,1
0.05319418013095856,1
0.1846916228532791,1
0.11961081624031067,1
0.09778598695993423,1
0.14169612526893616,1
0.19922533631324768,1
0.08371885120868683,1
0.0332234725356102,1
0.2486652284860611,1
0.11185313761234283,1
0.07626442611217499,1
0.05878867954015732,1
0.17400874197483063,1
0.05061545968055725,1
0.2647343575954437,1
0.06317879259586334,1
0.06132510304450989,1
0.07945556938648224,1
0.04327821731567383,1
0.07185359299182892,1
0.10212405025959015,1
0.06506896764039993,1
0.16292428970336914,1
0.07960797101259232,1
0.30838531255722046,1
0.25245213508605957,1
0.05246027559041977,1
0.10109711438417435,1
0.11532308161258698,1
0.09106695652008057,1
0.15325585007667542,1
0.1530171036720276,1
0.2078770250082016,1
0.23836614191532135,1
0.08055448532104492,1
0.0194392129778862,1
0.12104728817939758,1
0.03034990094602108,1
0.07187464088201523,1
0.0837107002735138,1
0.06545951962471008,1
0.04035094380378723,1
0.07060852646827698,1
0.10881315171718597,1
0.15615053474903107,1
0.09905847907066345,1
0.10894015431404114,1
0.12977787852287292,1
0.12978699803352356,1
0.13006196916103363,1
0.04478050023317337,1
0.07581858336925507,1
0.06976701319217682,1
0.08150769770145416,1
0.38103678822517395,1
0.1254044473171234,1
0.0879606381058693,1
0.0715220719575882,1
0.2090415209531784,1
0.16262377798557281,1
0.06369583308696747,1
0.13437901437282562,1
0.08732926100492477,1
0.0886293575167656,1
0.06400498747825623,1
0.03586485981941223,1
0.08580569922924042,1
0.12198680639266968,1
0.06609635055065155,1
0.230549156665802,1
0.1285000741481781,1
0.14687234163284302,1
0.19817695021629333,1
0.09745129942893982,1
0.1728217899799347,1
0.17118650674819946,1
0.07392898947000504,1
0.13794270157814026,1
0.08237273246049881,1
0.13039039075374603,1
0.08098189532756805,1
0.06746993213891983,1
0.09532538056373596,1
0.02212580293416977,1
0.11649788171052933,1
0.0877222940325737,1
0.08016563206911087,1
0.11279740184545517,1
0.19679300487041473,1
0.09264665842056274,1
0.07935191690921783,1
0.08649852871894836,1
0.04838907718658447,1
0.16314715147018433,1
0.06592720001935959,1
0.11120663583278656,1
0.05386446416378021,1
0.1881091296672821,1
0.0810028463602066,1
0.08660677820444107,1
0.0259401872754097,1
0.21199145913124084,1
0.1920200139284134,1
0.14585770666599274,1
0.05215476080775261,1
0.2378537654876709,1
0.08887909352779388,1
0.2489604949951172,1
0.20597133040428162,1
0.12774300575256348,1
0.0185882318764925,1
0.06629270315170288,1
0.12298285216093063,1
0.03843924403190613,1
0.11609859019517899,1
0.043129973113536835,1
0.09625043720006943,1
0.06202000379562378,1
0.26183971762657166,1
0.12743574380874634,1
0.09183324128389359,1
0.18741238117218018,1
0.1995643824338913,1
0.2795194983482361,1
0.07706662267446518,1
0.10732470452785492,1
0.12720660865306854,1
0.1612316071987152,1
0.038588374853134155,1
0.1648831069469452,1
0.11702971905469894,1
0.06678888201713562,1
0.13558095693588257,1
0.1107102632522583,1
0.261042058467865,1
0.107688307762146,1
0.12210355699062347,1
0.035968050360679626,1
0.05727327615022659,1
0.15762853622436523,1
0.22863581776618958,1
0.17133262753486633,1
0.19710637629032135,1
0.0729626938700676,1
0.1000976413488388,1
0.15389719605445862,1
0.1517096310853958,1
0.01851281151175499,1
0.053718164563179016,1
0.07548044621944427,1
0.10714691877365112,1
0.06927647441625595,1
0.0582844577729702,1
0.15214142203330994,1
0.07700861990451813,1
0.17696204781532288,1
0.08227411657571793,1
0.19639089703559875,1
0.09147192537784576,1
0.14785949885845184,1
0.1819343864917755,1
0.2177395224571228,1
0.08141272515058517,1
0.03118879534304142,1
0.129045307636261,1
0.2529655396938324,1
0.13592100143432617,1
0.1254458725452423,1
0.16695450246334076,1
0.04089725762605667,1
0.0874871015548706,1
0.04809509962797165,1
0.19310154020786285,1
0.060730837285518646,1
0.10568152368068695,1
0.19699059426784515,1
0.10662317276000977,1
0.08762116730213165,1
0.20138823986053467,1
0.052232589572668076,1
0.07015152275562286,1
0.13567101955413818,1
0.1368921548128128,1
0.052802395075559616,1
0.09325888752937317,1
0.08505196124315262,1
0.1447114795446396,1
0.08720884472131729,1
0.08334298431873322,1
0.013370631262660027,1
0.06620901077985764,1
0.09162936359643936,1
0.07914114743471146,1
0.11819438636302948,1
0.0794752836227417,1
0.14107736945152283,1
0.2241440713405609,1
0.07339123636484146,1
0.1324201226234436,1
0.14202050864696503,1
0.14595302939414978,1
0.10416503250598907,1
0.14899343252182007,1
0.3400607407093048,1
0.08728237450122833,1
0.17293086647987366,1
0.17248937487602234,1
0.16309309005737305,1
0.13883405923843384,1
0.09822763502597809,1
0.1746869832277298,1
0.020329685881733894,1
0.1503347009420395,1
0.11960627883672714,1
0.09440325945615768,1
0.23210281133651733,1
0.06259127706289291,1
0.15025441348552704,1
0.04089765623211861,1
0.114614337682724,1
0.12050628662109375,1
0.20876601338386536,1
0.02804558537900448,1
0.13632790744304657,1
0.08910324424505234,1
0.2304716557264328,1
0.07387848198413849,1
0.06290141493082047,1
0.09931975603103638,1
0.0512433722615242,1
0.1428813487291336,1
0.045286063104867935,1
0.21586397290229797,1
0.048824697732925415,1
0.07849068194627762,1
0.06636270880699158,1
0.03168307989835739,1
0.04906591773033142,1
0.09186318516731262,1
0.08109226077795029,1
0.1179077997803688,1
0.19858792424201965,1
0.1451238989830017,1
0.05130888149142265,1
0.12359634041786194,1
0.07068043947219849,1
0.1420535445213318,1
0.04351179301738739,1
0.19645656645298004,1
0.20113328099250793,1
0.13645736873149872,1
0.22897356748580933,1
0.0826820582151413,1
0.07315288484096527,1
0.06947565078735352,1
0.09129991382360458,1
0.05376270040869713,1
0.08676382154226303,1
0.048649176955223083,1
0.02187437005341053,1
0.04939679056406021,1
0.13734322786331177,1
0.04652385786175728,1
0.16078779101371765,1
0.28834185004234314,1
0.10608799010515213,1
0.12764209508895874,1
0.01480167917907238,1
0.05240212008357048,1
0.10284292697906494,1
0.21446171402931213,1
0.1625363975763321,1
0.19445493817329407,1
0.17079800367355347,1
0.040857844054698944,1
0.16655506193637848,1
0.10860425978899002,1
0.09963908791542053,1
0.05817443132400513,1
0.1341094970703125,1
0.07825744152069092,1
0.22714059054851532,1
0.08790375292301178,1
0.24158607423305511,1
0.05547989904880524,1
0.07295584678649902,1
0.0995316281914711,1
0.20616039633750916,1
0.026389218866825104,1
0.046899065375328064,1
0.14364227652549744,1
0.057220764458179474,1
0.08458618819713593,1
0.19370822608470917,1
0.04015367850661278,1
0.11619240045547485,1
0.05037154629826546,1
0.11273252218961716,1
0.19397133588790894,1
0.09320656210184097,1
0.10522489994764328,1
0.06219005957245827,1
0.2409246265888214,1
0.10357390344142914,1
0.14141617715358734,1
0.056701693683862686,1
0.05285084992647171,1
0.15573325753211975,1
0.03555399924516678,1
0.04318225383758545,1
0.058870673179626465,1
0.159480020403862,1
0.06769606471061707,1
0.2001252919435501,1
0.12651053071022034,1
0.11102747172117233,1
0.10896387696266174,1
0.11015772074460983,1
0.026320630684494972,1
0.06982237100601196,1
0.060699038207530975,1
0.04382174834609032,1
0.06693960726261139,1
0.03271586820483208,1
0.0575018972158432,1
0.06884297728538513,1
0.08214913308620453,1
0.047104522585868835,1
0.023814735934138298,1
0.0888892188668251,1
0.18084877729415894,1
0.07657510787248611,1
0.08946006745100021,1
0.041267577558755875,1
0.1288500428199768,1
0.08806101977825165,1
0.07506254315376282,1
0.09701263159513474,1
0.17861643433570862,1
0.1076507568359375,1
0.11805126070976257,1
0.11755932122468948,1
0.045423172414302826,1
0.0447862334549427,1
0.049445077776908875,1
0.06571315973997116,1
0.08288788050413132,1
0.07580892741680145,1
0.09540748596191406,1
0.05622013285756111,1
0.18539783358573914,1
0.0308315921574831,1
0.11727050691843033,1
0.3917923867702484,1
0.17889338731765747,1
0.06549620628356934,1
0.049262046813964844,1
0.07661612331867218,1
0.06760724633932114,1
0.055161744356155396,1
0.06977006793022156,1
0.11242298781871796,1
0.07568566501140594,1
0.11417976021766663,1
0.1832805722951889,1
0.13027545809745789,1
0.13721415400505066,1
0.03003787063062191,1
0.03256453946232796,1
0.09871770441532135,1
0.02243543229997158,1
0.19700443744659424,1
0.05241275578737259,1
0.059036023914813995,1
0.0752144381403923,1
0.03179362788796425,1
0.04790578782558441,1
0.11857692897319794,1
0.19046977162361145,1
0.09588326513767242,1
0.211602121591568,1
0.07259891927242279,1
0.053874604403972626,1
0.07740416377782822,1
0.17377161979675293,1
0.12401343137025833,1
0.0953686460852623,1
0.03879794850945473,1
0.12708234786987305,1
0.07681111991405487,1
0.0829012393951416,1
0.035245757550001144,1
0.10938188433647156,1
0.029143502935767174,1
0.14202484488487244,1
0.08755502849817276,1
0.08195262402296066,1
0.160630002617836,1
0.057408496737480164,1
0.08874470740556717,1
0.13376595079898834,1
0.058601368218660355,1
0.17248307168483734,1
0.1797175407409668,1
0.058532170951366425,1
0.046453092247247696,1
0.0523374080657959,1
0.1382608264684677,1
0.14837868511676788,1
0.11581181734800339,1
0.1570064127445221,1
0.13344374299049377,1
0.03435680270195007,1
0.23492541909217834,1
0.0936795324087143,1
0.04518713802099228,1
0.09915641695261002,1
0.3086129426956177,1
0.0784144401550293,1
0.07162799686193466,1
0.10487020015716553,1
0.08295156806707382,1
0.10553278028964996,1
0.09108956158161163,1
0.02122577652335167,1
0.17884472012519836,1
0.06688706576824188,1
0.2073289453983307,1
0.062369704246520996,1
0.1302071213722229,1
0.09964295476675034,1
0.33705344796180725,1
0.06988272070884705,1
0.027077442035079002,1
0.1219056025147438,1
0.06397159397602081,1
0.04279444366693497,1
0.04077005758881569,1
0.04797283932566643,1
0.2922133505344391,1
0.26819726824760437,1
0.10720539838075638,1
0.15604406595230103,1
0.042759381234645844,1
0.06948035210371017,1
0.04952443763613701,1
0.014244036749005318,1
0.020575275644659996,1
0.060015968978405,1
0.13949623703956604,1
0.1558239758014679,1
0.03888030722737312,1
0.11871770024299622,1
0.041748881340026855,1
0.06818898767232895,1
0.07575847208499908,1
0.0874788761138916,1
0.13102515041828156,1
0.15026041865348816,1
0.06963814795017242,1
0.07212357223033905,1
0.025883913040161133,1
0.025574499741196632,1
0.04234917089343071,1
0.03999454900622368,1
0.045174866914749146,1
0.18502722680568695,1
0.09376099705696106,1
0.12747780978679657,1
0.03004143200814724,1
0.042757246643304825,1
0.062005817890167236,1
0.047319065779447556,1
0.1315397322177887,1
0.11430832743644714,1
0.13715218007564545,1
0.18449944257736206,1
0.03317166864871979,1
0.05804012715816498,1
0.0740174651145935,1
0.26397356390953064,1
0.09738324582576752,1
0.0862523764371872,1
0.0501754954457283,1
0.3561822474002838,1
0.17621424794197083,1
0.08522780239582062,1
0.1343836933374405,1
0.0945916548371315,1
0.034193024039268494,1
0.04092409834265709,1
0.12602268159389496,1
0.08611235022544861,1
0.0695900246500969,1
0.13518530130386353,1
0.06105376407504082,1
0.13587698340415955,1
0.3306399881839752,1
0.021038686856627464,1
0.06146184355020523,1
0.020558243617415428,1
0.18695811927318573,1
0.1324855536222458,1
0.06795407086610794,1
0.07577737420797348,1
0.05494873598217964,1
0.13825362920761108,1
0.2661025822162628,1
0.19953837990760803,1
0.11244995892047882,1
0.04981229454278946,1
0.0766414999961853,1
0.053550705313682556,1
0.18979661166667938,1
0.13610012829303741,1
0.1683342009782791,1
0.118711918592453,1
0.06383129209280014,1
0.13954293727874756,1
0.10701503604650497,1
0.04111373424530029,1
0.10146285593509674,1
0.08800134062767029,1
0.1146479919552803,1
0.3865574300289154,1
0.0746268779039383,1
0.10871116816997528,1
0.12752631306648254,1
0.2674823999404907,1
0.1705319732427597,1
0.13378743827342987,1
0.08055389672517776,1
0.1662924438714981,1
0.12420695275068283,1
0.09549839049577713,1
0.05127616971731186,1
0.11246486008167267,1
0.06260508298873901,1
0.22355706989765167,1
0.14143168926239014,1
0.13519209623336792,1
0.2678367495536804,1
0.4141165018081665,1
0.19024603068828583,1
0.0490029938519001,1
0.13662172853946686,1
0.0806671530008316,1
0.1992722451686859,1
0.09500090032815933,1
0.14700078964233398,1
0.13187181949615479,1
0.19850260019302368,1
0.09194224327802658,1
0.09247886389493942,1
0.2486170083284378,1
0.05818423628807068,1
0.15201988816261292,1
0.08448820561170578,1
0.3534950613975525,1
0.12527869641780853,1
0.09421758353710175,1
0.1824311912059784,1
0.0634550154209137,1
0.09337140619754791,1
0.1501709371805191,1
0.07013047486543655,1
0.16829462349414825,1
0.04997159540653229,1
0.19865818321704865,1
0.13789406418800354,1
0.03702224791049957,1
0.22345846891403198,1
0.12424062192440033,1
0.09076423943042755,1
0.04600472003221512,1
0.04911503568291664,1
0.15496236085891724,1
0.34660881757736206,1
0.2586546540260315,1
0.0814429521560669,1
0.188440203666687,1
0.139858216047287,1
0.06559131294488907,1
0.2714586555957794,1
0.05716335028409958,1
0.054229699075222015,1
0.061179134994745255,1
0.06831313669681549,1
0.10042701661586761,1
0.13501033186912537,1
0.060317616909742355,1
0.06461455672979355,1
0.18022793531417847,1
0.190408393740654,1
0.10785908252000809,1
0.19833382964134216,1
0.07421164214611053,1
0.18418188393115997,1
0.11899018287658691,1
0.14912666380405426,1
0.07978393137454987,1
0.08505858480930328,1
0.05794740468263626,1
0.15603652596473694,1
0.10234486311674118,1
0.11535249650478363,1
0.030101541429758072,1
0.11219941079616547,1
0.27832433581352234,1
0.08803993463516235,1
0.09015622735023499,1
0.11886405944824219,1
0.126501202583313,1
0.051274992525577545,1
0.15103678405284882,1
0.06107461825013161,1
0.08278784155845642,1
0.10264238715171814,1
0.10131474584341049,1
0.11983320116996765,1
0.08599918335676193,1
0.027824580669403076,1
0.06567195802927017,1
0.10103399306535721,1
0.2182508111000061,1
0.0711551159620285,1
0.062312182039022446,1
0.024934865534305573,1
0.09891368448734283,1
0.05650212615728378,1
0.2863999903202057,1
0.062281880527734756,1
0.07971315830945969,1
0.10483291000127792,1
0.2149634063243866,1
0.18096059560775757,1
0.05663261190056801,1
0.0270252525806427,1
0.09917362779378891,1
0.10203709453344345,1
0.24265962839126587,1
0.1326656937599182,1
0.1499030590057373,1
0.08230160176753998,1
0.20600007474422455,1
0.056539684534072876,1
0.09195275604724884,1
0.05389672517776489,1
0.08728046715259552,1
0.18473295867443085,1
0.08510835468769073,1
0.046996477991342545,1
0.05915180966258049,1
0.2640409469604492,1
0.055779535323381424,1
0.12195305526256561,1
0.07544557750225067,1
0.13844215869903564,1
0.26779910922050476,1
0.22445200383663177,1
0.07030947506427765,1
0.26044347882270813,1
0.03454296290874481,1
0.08820468187332153,1
0.06544409692287445,1
0.058468982577323914,1
0.18416772782802582,1
0.03081147000193596,1
0.18593712151050568,1
0.11460871994495392,1
0.1437070667743683,1
0.09579212963581085,1
0.25292983651161194,1
0.04992668330669403,1
0.033617231994867325,1
0.05783861130475998,1
0.16642549633979797,1
0.07841462641954422,1
0.04306400567293167,1
0.22849102318286896,1
0.10299861431121826,1
0.13390429317951202,1
0.15193386375904083,1
0.10727309435606003,1
0.039328817278146744,1
0.24065858125686646,1
0.08043830841779709,1
0.07470481097698212,1
0.31084465980529785,1
0.031550388783216476,1
0.06349144130945206,1
0.07484369724988937,1
0.10032888501882553,1
0.046713829040527344,1
0.22911688685417175,1
0.052825648337602615,1
0.20595340430736542,1
0.0823819637298584,1
0.07063014805316925,1
0.12937353551387787,1
0.024840541183948517,1
0.06640996038913727,1
0.0781460851430893,1
0.09528996050357819,1
0.05784182250499725,1
0.10462842881679535,1
0.03742261976003647,1
0.03165539726614952,1
0.24934899806976318,1
0.16109079122543335,1
0.07529013603925705,1
0.06320428848266602,1
0.07470517605543137,1
0.2046421766281128,1
0.1395110785961151,1
0.05904191732406616,1
0.05814768373966217,1
0.027847638353705406,1
0.1276598572731018,1
0.12093701213598251,1
0.06750739365816116,1
0.06864383816719055,1
0.22442050278186798,1
0.09431193768978119,1
0.13564693927764893,1
0.06614884734153748,1
0.06337753683328629,1
0.13823503255844116,1
0.12749724090099335,1
0.045884013175964355,1
0.05777336284518242,1
0.0723729208111763,1
0.08774903416633606,1
0.12438128888607025,1
0.05204622820019722,1
0.1735275685787201,1
0.07617217302322388,1
0.05088847875595093,1
0.11231295764446259,1
0.03701421245932579,1
0.14845651388168335,1
0.16020411252975464,1
0.04241080582141876,1
0.08664175122976303,1
0.0923042818903923,1
0.05627121776342392,1
0.0266876257956028,1
0.09118285775184631,1
0.10325241088867188,1
0.14773742854595184,1
0.05755075439810753,1
0.12231823801994324,1
0.019817998632788658,1
0.06755194813013077,1
0.12883011996746063,1
0.06980493664741516,1
0.1405887007713318,1
0.089869424700737,1
0.09300856292247772,1
0.07470721751451492,1
0.06282820552587509,1
0.17354369163513184,1
0.08025172352790833,1
0.1441219449043274,1
0.04389721527695656,1
0.07041079550981522,1
0.02630472742021084,1
0.03974839299917221,1
0.02919929474592209,1
0.097051240503788,1
0.09144218266010284,1
0.12072235345840454,1
0.15308475494384766,1
0.07137657701969147,1
0.1571597307920456,1
0.1292755901813507,1
0.026999320834875107,1
0.19949764013290405,1
0.33665013313293457,1
0.10745939612388611,1
0.2183046042919159,1
0.03688189387321472,1
0.2154235690832138,1
0.18195348978042603,1
0.1320095956325531,1
0.14237625896930695,1
0.11348200589418411,1
0.15619111061096191,1
0.061046600341796875,1
0.21810868382453918,1
0.17399421334266663,1
0.198349729180336,1
0.3242345452308655,1
0.06234152615070343,1
0.06145419925451279,1
0.13319487869739532,1
0.11423341929912567,1
0.17864662408828735,1
0.06462123990058899,1
0.12473340332508087,1
0.11864490807056427,1
0.06335944682359695,1
0.05340025946497917,1
0.15551717579364777,1
0.0871088057756424,1
0.12431954592466354,1
0.1150282770395279,1
0.06022348999977112,1
0.07430581748485565,1
0.09195975214242935,1
0.17713184654712677,1
0.04705721139907837,1
0.22413931787014008,1
0.0850515067577362,1
0.27931472659111023,1
0.06653568893671036,1
0.133668452501297,1
0.12296807765960693,1
0.04683942720293999,1
0.1231822595000267,1
0.09010624885559082,1
0.08487493544816971,1
0.1607741415500641,1
0.16061337292194366,1
0.07177840173244476,1
0.10675489902496338,1
0.044682059437036514,1
0.12729761004447937,1
0.16939400136470795,1
0.1121547669172287,1
0.08760006725788116,1
0.007107447367161512,1
0.13825659453868866,1
0.06063050776720047,1
0.1413077712059021,1
0.08924148976802826,1
0.17033253610134125,1
0.06947967410087585,1
0.22210225462913513,1
0.21111929416656494,1
0.07089957594871521,1
0.02175918035209179,1
0.10455682128667831,1
0.12472036480903625,1
0.10145748406648636,1
0.09283005446195602,1
0.21319659054279327,1
0.11626016348600388,1
0.08155030012130737,1
0.02862849272787571,1
0.11849825829267502,1
0.11891335994005203,1
0.14679639041423798,1
0.08305462449789047,1
0.4123840928077698,1
0.08242566138505936,1
0.08333460241556168,1
0.0749485120177269,1
0.03922935947775841,1
0.10102035105228424,1
0.23244769871234894,1
0.18338769674301147,1
0.08855155110359192,1
0.17823642492294312,1
0.20634518563747406,1
0.07014855742454529,1
0.34269657731056213,1
0.06588876247406006,1
0.14340466260910034,1
0.06772388517856598,1
0.18288688361644745,1
0.21063527464866638,1
0.10533646494150162,1
0.12111824750900269,1
0.12087744474411011,1
0.1802566945552826,1
0.07604415714740753,1
0.060895174741744995,1
0.16066496074199677,1
0.31820765137672424,1
0.07834184169769287,1
0.064326710999012,1
0.033624403178691864,1
0.029605241492390633,1
0.13534891605377197,1
0.09706644713878632,1
0.05067131668329239,1
0.12838268280029297,1
0.09993579238653183,1
0.08577428758144379,1
0.15158861875534058,1
0.07529059797525406,1
0.044917117804288864,1
0.10651060193777084,1
0.11947374790906906,1
0.09729361534118652,1
0.2628588080406189,1
0.06666509807109833,1
0.07326414436101913,1
0.18614818155765533,1
0.14343132078647614,1
0.07144593447446823,1
0.10382367670536041,1
0.059360526502132416,1
0.11349746584892273,1
0.07782111316919327,1
0.31021803617477417,1
0.10721591114997864,1
0.060300637036561966,1
0.2649492025375366,1
0.056927185505628586,1
0.02187723107635975,1
0.0869881808757782,1
0.03772216662764549,1
0.2957614064216614,1
0.12891484797000885,1
0.0477445125579834,1
0.1721429079771042,1
0.252780944108963,1
0.06284037232398987,1
0.22449557483196259,1
0.12525390088558197,1
0.23076823353767395,1
0.07205890864133835,1
0.05066148191690445,1
0.08482620120048523,1
0.3445483148097992,1
0.043736644089221954,1
0.10382796078920364,1
0.07979097217321396,1
0.03997334837913513,1
0.05118371546268463,1
0.17778702080249786,1
0.09032079577445984,1
0.0644686222076416,1
0.06488070636987686,1
0.14931394159793854,1
0.1624777615070343,1
0.17381082475185394,1
0.13859979808330536,1
0.2088567614555359,1
0.16912220418453217,1
0.11000840365886688,1
0.027684981003403664,1
0.10855478048324585,1
0.0988074466586113,1
0.1616416573524475,1
0.18576040863990784,1
0.06409455835819244,1
0.14002180099487305,1
0.18236689269542694,1
0.04642345756292343,1
0.11815093457698822,1
0.015467931516468525,1
0.026673831045627594,1
0.12679623067378998,1
0.22487573325634003,1
0.0631367415189743,1
0.11327986419200897,1
0.12543325126171112,1
0.13894307613372803,1
0.14010123908519745,1
0.059993304312229156,1
0.050155870616436005,1
0.0764690563082695,1
0.04019371047616005,1
0.12949122488498688,1
0.1358613669872284,1
0.14982634782791138,1
0.08324906975030899,1
0.15896624326705933,1
0.019115746021270752,1
0.11355289071798325,1
0.08945545554161072,1
0.1551121473312378,1
0.1638428121805191,1
0.2187780886888504,1
0.13727478682994843,1
0.17749084532260895,1
0.08344802260398865,1
0.03310900554060936,1
0.09742799401283264,1
0.07921525090932846,1
0.030891533941030502,1
0.05398523434996605,1
0.06278742849826813,1
0.05678711459040642,1
0.07354067265987396,1
0.16721844673156738,1
0.09796711802482605,1
0.10641192644834518,1
0.08248043805360794,1
0.16525845229625702,1
0.16304883360862732,1
0.18969283998012543,1
0.08830684423446655,1
0.061648283153772354,1
0.17944741249084473,1
0.17567101120948792,1
0.06133949011564255,1
0.18970394134521484,1
0.038199231028556824,1
0.1885605752468109,1
0.15016821026802063,1
0.19210343062877655,1
0.050646036863327026,1
0.18049335479736328,1
0.2175997793674469,1
0.12073659896850586,1
0.11635290831327438,1
0.1454881876707077,1
0.1305108666419983,1
0.1899518370628357,1
0.06768765300512314,1
0.10594254732131958,1
0.08789429068565369,1
0.04552534967660904,1
0.12496367841959,1
0.14180971682071686,1
0.07556188106536865,1
0.10345827788114548,1
0.04957907646894455,1
0.07744668424129486,1
0.08089768886566162,1
0.023369167000055313,1
0.10023628920316696,1
0.047118909657001495,1
0.12385368347167969,1
0.10846076160669327,1
0.07148266583681107,1
0.06668167561292648,1
0.22427523136138916,1
0.0946870744228363,1
0.11100097000598907,1
0.08975297212600708,1
0.23540471494197845,1
0.09040544927120209,1
0.22394785284996033,1
0.12805092334747314,1
0.20663246512413025,1
0.17646262049674988,1
0.16650725901126862,1
0.11589999496936798,1
0.03502368927001953,1
0.04201314225792885,1
0.08308643847703934,1
0.15026730298995972,1
0.22142496705055237,1
0.3199184238910675,1
0.03883608803153038,1
0.03911541402339935,1
0.15070420503616333,1
0.11219803988933563,1
0.1658434122800827,1
0.07210364937782288,1
0.1107218787074089,1
0.1407644897699356,1
0.05737125873565674,1
0.04767747223377228,1
0.0563250407576561,1
0.20986948907375336,1
0.08586099743843079,1
0.09782636165618896,1
0.08845776319503784,1
0.23877474665641785,1
0.06489798426628113,1
0.30117717385292053,1
0.060887280851602554,1
0.07986144721508026,1
0.08570462465286255,1
0.06551948189735413,1
0.0982707217335701,1
0.05239429697394371,1
0.1459141969680786,1
0.0626818984746933,1
0.07231675833463669,1
0.30939802527427673,1
0.0854204073548317,1
0.16109460592269897,1
0.08659841120243073,1
0.10266106575727463,1
0.21313127875328064,1
0.09174969047307968,1
0.13870123028755188,1
0.12336255609989166,1
0.3028787076473236,1
0.022112511098384857,1
0.23862329125404358,1
0.06681326031684875,1
0.07716331630945206,1
0.17384661734104156,1
0.0977599248290062,1
0.15168970823287964,1
0.10538013279438019,1
0.06334725767374039,1
0.18284185230731964,1
0.08961348980665207,1
0.35091543197631836,1
0.12332431972026825,1
0.07703490555286407,1
0.17450092732906342,1
0.04695071652531624,1
0.0789475291967392,1
0.10312337428331375,1
0.1991509199142456,1
0.10381712764501572,1
0.20516924560070038,1
0.11709074676036835,1
0.12364859879016876,1
0.21418777108192444,1
0.24952179193496704,1
0.13637301325798035,1
0.026197899132966995,1
0.14160914719104767,1
0.038005247712135315,1
0.0593235045671463,1
0.08365602791309357,1
0.10699164122343063,1
0.161464124917984,1
0.11695757508277893,1
0.06136120483279228,1
0.024927733466029167,1
0.030698027461767197,1
0.09853991866111755,1
0.061419010162353516,1
0.13032281398773193,1
0.09153366833925247,1
0.20006075501441956,1
0.007098382338881493,1
0.21697713434696198,1
0.10649989545345306,1
0.027620892971754074,1
0.08266469091176987,1
0.030996020883321762,1
0.17789041996002197,1
0.03937048465013504,1
0.06637242436408997,1
0.08917021006345749,1
0.1921345293521881,1
0.06213275343179703,1
0.051568616181612015,1
0.26405927538871765,1
0.12087592482566833,1
0.14022430777549744,1
0.04191005229949951,1
0.017357684671878815,1
0.05927421897649765,1
0.2358374297618866,1
0.09700116515159607,1
0.15318825840950012,1
0.07531669735908508,1
0.052367277443408966,1
0.04261006414890289,1
0.20766469836235046,1
0.07834219932556152,1
0.03927858918905258,1
0.06565625220537186,1
0.16043587028980255,1
0.16593985259532928,1
0.08112242817878723,1
0.23683325946331024,1
0.1299879252910614,1
0.0259060338139534,1
0.055515117943286896,1
0.12470097094774246,1
0.10389570146799088,1
0.11696690320968628,1
0.03554263710975647,1
0.045092035084962845,1
0.1305484175682068,1
0.11415118724107742,1
0.07048341631889343,1
0.12490177154541016,1
0.17296653985977173,1
0.035027094185352325,1
0.07521422207355499,1
0.12971335649490356,1
0.08237388730049133,1
0.11567086726427078,1
0.020955296233296394,1
0.2809874713420868,1
0.03922899812459946,1
0.058750879019498825,1
0.19477657973766327,1
0.17804250121116638,1
0.05978881195187569,1
0.02842538058757782,1
0.0707431510090828,1
0.04590493440628052,1
0.1683564931154251,1
0.09948935359716415,1
0.059111643582582474,1
0.19619102776050568,1
0.21620726585388184,1
0.1278749406337738,1
0.06028880178928375,1
0.036747291684150696,1
0.22689855098724365,1
0.11857569962739944,1
0.13758313655853271,1
0.17364287376403809,1
0.18194106221199036,1
0.024229295551776886,1
0.07912477850914001,1
0.1679736077785492,1
0.10184222459793091,1
0.09220156818628311,1
0.16642257571220398,1
0.1646338254213333,1
0.10912996530532837,1
0.39872241020202637,1
0.14065197110176086,1
0.14918676018714905,1
0.15301953256130219,1
0.061148423701524734,1
0.10862275958061218,1
0.03386722505092621,1
0.02938743121922016,1
0.1097712591290474,1
0.08630354702472687,1
0.09231746196746826,1
0.08276964724063873,1
0.055427420884370804,1
0.05400514602661133,1
0.06262566149234772,1
0.07182405889034271,1
0.13797061145305634,1
0.11945238709449768,1
0.18045124411582947,1
0.08992452919483185,1
0.0938258096575737,1
0.2403472363948822,1
0.11082305014133453,1
0.07356125116348267,1
0.05694882571697235,1
0.14017276465892792,1
0.1832437962293625,1
0.1790330559015274,1
0.06147909164428711,1
0.07487451285123825,1
0.0649951919913292,1
0.15926986932754517,1
0.09930449724197388,1
0.12435068935155869,1
0.14354653656482697,1
0.044980794191360474,1
0.03571399673819542,1
0.05724593997001648,1
0.03406314551830292,1
0.1035819798707962,1
0.06413578987121582,1
0.1561262607574463,1
0.053222257643938065,1
0.12220439314842224,1
0.09719032049179077,1
0.16918404400348663,1
0.07201056182384491,1
0.08942554891109467,1
0.08614148944616318,1
0.30308300256729126,1
0.05287162959575653,1
0.08985135704278946,1
0.13761046528816223,1
0.13001136481761932,1
0.0972338616847992,1
0.04968087375164032,1
0.0547584667801857,1
0.22293272614479065,1
0.12676191329956055,1
0.03541087359189987,1
0.024291740730404854,1
0.061024684458971024,1
0.054642096161842346,1
0.07970067858695984,1
0.2361602783203125,1
0.11207535117864609,1
0.04904765263199806,1
0.01528020016849041,1
0.07708308845758438,1
0.16198979318141937,1
0.042526744306087494,1
0.040863268077373505,1
0.0524410754442215,1
0.026214588433504105,1
0.3563270568847656,1
0.18867731094360352,1
0.12053652107715607,1
0.07926551252603531,1
0.0310516320168972,1
0.06513988226652145,1
0.22642549872398376,1
0.07817140221595764,1
0.05325313284993172,1
0.24307702481746674,1
0.1051517128944397,1
0.16716010868549347,1
0.14362016320228577,1
0.10896366834640503,1
0.14584189653396606,1
0.08888619393110275,1
0.28091490268707275,1
0.0732097178697586,1
0.028413385152816772,1
0.14901131391525269,1
0.15723752975463867,1
0.22530637681484222,1
0.17617565393447876,1
0.0630861446261406,1
0.11581653356552124,1
0.1277594119310379,1
0.15415412187576294,1
0.0517280288040638,1
0.03887511044740677,1
0.2268567532300949,1
0.10654225945472717,1
0.07876015454530716,1
0.24979476630687714,1
0.09854215383529663,1
0.08608989417552948,1
0.22437229752540588,1
0.08291338384151459,1
0.11730047315359116,1
0.09149686247110367,1
0.03528028726577759,1
0.1784874051809311,1
0.12649595737457275,1
0.26081448793411255,1
0.16404837369918823,1
0.06301529705524445,1
0.05132129788398743,1
0.08149850368499756,1
0.20361222326755524,1
0.08552605658769608,1
0.060189422219991684,1
0.09191133826971054,1
0.17045070230960846,1
0.06668579578399658,1
0.09998464584350586,1
0.10673775523900986,1
0.023894809186458588,1
0.12839911878108978,1
0.07897739857435226,1
0.08419932425022125,1
0.0851314440369606,1
0.17467550933361053,1
0.1319637894630432,1
0.13263964653015137,1
0.026900138705968857,1
0.05954461172223091,1
0.13727249205112457,1
0.1173102930188179,1
0.052695758640766144,1
0.13690415024757385,1
0.18667837977409363,1
0.06808719038963318,1
0.04895069822669029,1
0.07287628948688507,1
0.07228157669305801,1
0.13564230501651764,1
0.09809856116771698,1
0.1968154013156891,1
0.1045047789812088,1
0.047138575464487076,1
0.12123776972293854,1
0.19397781789302826,1
0.17658770084381104,1
0.08324362337589264,1
0.024812620133161545,1
0.1175072118639946,1
0.14521424472332,1
0.11633669584989548,1
0.2870100438594818,1
0.0663023442029953,1
0.13815319538116455,1
0.3467615842819214,1
0.1412927806377411,1
0.07977238297462463,1
0.10228055715560913,1
0.13742205500602722,1
0.03628689423203468,1
0.042223475873470306,1
0.1211032122373581,1
0.10152487456798553,1
0.09462946653366089,1
0.15497362613677979,1
0.06837533414363861,1
0.15818005800247192,1
0.03791668266057968,1
0.2219390869140625,1
0.20938622951507568,1
0.16908887028694153,1
0.0891088992357254,1
0.18399986624717712,1
0.33450907468795776,1
0.09758056700229645,1
0.0720696896314621,1
0.061394065618515015,1
0.17656062543392181,1
0.05474342405796051,1
0.15927983820438385,1
0.14822033047676086,1
0.0687904953956604,1
0.07106801867485046,1
0.26227396726608276,1
0.2577706277370453,1
0.05651920661330223,1
0.060326654464006424,1
0.133507639169693,1
0.03371075540781021,1
0.14713574945926666,1
0.14461123943328857,1
0.14967119693756104,1
0.17541521787643433,1
0.06482517719268799,1
0.2517653703689575,1
0.28555476665496826,1
0.16139408946037292,1
0.18562473356723785,1
0.30268964171409607,1
0.16788722574710846,1
0.171611487865448,1
0.2296394556760788,1
0.09944365173578262,1
0.10898923873901367,1
0.16596709191799164,1
0.1879650056362152,1
0.1025887206196785,1
0.06637835502624512,1
0.059833258390426636,1
0.11032457649707794,1
0.21741896867752075,1
0.11457689106464386,1
0.14696018397808075,1
0.1624947190284729,1
0.23900192975997925,1
0.26530537009239197,1
0.08547712117433548,1
0.1504378765821457,1
0.0824485793709755,1
0.030879437923431396,1
0.06221703439950943,1
0.02492065541446209,1
0.04371193051338196,1
0.14719785749912262,1
0.0772668868303299,1
0.2120862603187561,1
0.12970773875713348,1
0.05858277902007103,1
0.09809214621782303,1
0.09940392524003983,1
0.04032452777028084,1
0.125289648771286,1
0.14346686005592346,1
0.215203195810318,1
0.17010632157325745,1
0.16623708605766296,1
0.0834384635090828,1
0.09631697833538055,1
0.10909868031740189,1
0.06697152554988861,1
0.16147421300411224,1
0.10857425630092621,1
0.13181395828723907,1
0.06571522355079651,1
0.12228598445653915,1
0.0619577094912529,1
0.15565094351768494,1
0.06815901398658752,1
0.11159278452396393,1
0.024955686181783676,1
0.10419529676437378,1
0.10697374492883682,1
0.05452771484851837,1
0.12256995588541031,1
0.2013324499130249,1
0.04845793545246124,1
0.3217776119709015,1
0.2544845938682556,1
0.0780189111828804,1
0.22273214161396027,1
0.11461251974105835,1
0.10059156268835068,1
0.11853359639644623,1
0.09753566980361938,1
0.29245734214782715,1
0.10450109094381332,1
0.036928508430719376,1
0.032876599580049515,1
0.3292035758495331,1
0.10565569251775742,1
0.04477042704820633,1
0.1059509813785553,1
0.008453918620944023,1
0.03380454704165459,1
0.14779573678970337,1
0.22807791829109192,1
0.07749113440513611,1
0.18438464403152466,1
0.2006732076406479,1
0.25200769305229187,1
0.098951056599617,1
0.05799411982297897,1
0.059211064130067825,1
0.18202415108680725,1
0.05426795780658722,1
0.025802986696362495,1
0.18039759993553162,1
0.07338488101959229,1
0.07571355998516083,1
0.07348334789276123,1
0.07392121106386185,1
0.15250828862190247,1
0.10464690625667572,1
0.06200116500258446,1
0.11831694841384888,1
0.13679976761341095,1
0.2657376527786255,1
0.2874029874801636,1
0.05013108253479004,1
0.05578147992491722,1
0.09675638377666473,1
0.13415369391441345,1
0.1349363923072815,1
0.149887353181839,1
0.13523200154304504,1
0.03980005905032158,1
0.1420549750328064,1
0.08760493993759155,1
0.1489628404378891,1
0.30578404664993286,1
0.10652977228164673,1
0.20484167337417603,1
0.06159534677863121,1
0.07235874980688095,1
0.12891420722007751,1
0.05329656973481178,1
0.016309184953570366,1
0.12263122946023941,1
0.08356504142284393,1
0.07626505941152573,1
0.05848492681980133,1
0.08593060076236725,1
0.06042851135134697,1
0.15201635658740997,1
0.06423301994800568,1
0.13746772706508636,1
0.09850433468818665,1
0.09279216080904007,1
0.09813976287841797,1
0.1834331452846527,1
0.06937501579523087,1
0.03988628089427948,1
0.0914183035492897,1
0.12026776373386383,1
0.18035155534744263,1
0.12438720464706421,1
0.14941200613975525,1
0.09916207194328308,1
0.18173053860664368,1
0.0699181854724884,1
0.15001985430717468,1
0.0945579931139946,1
0.09688731282949448,1
0.10412538796663284,1
0.3050999939441681,1
0.06428645551204681,1
0.15600688755512238,1
0.21673239767551422,1
0.048317525535821915,1
0.16158048808574677,1
0.07512524724006653,1
0.17237059772014618,1
0.06401413679122925,1
0.05896444991230965,1
0.11136694997549057,1
0.09533403813838959,1
0.1255854070186615,1
0.1233045905828476,1
0.09962926805019379,1
0.02295166254043579,1
0.07334990799427032,1
0.07912126183509827,1
0.11056098341941833,1
0.07166396081447601,1
0.27008679509162903,1
0.09687011688947678,1
0.116909921169281,1
0.16274161636829376,1
0.11527018994092941,1
0.14521794021129608,1
0.23831993341445923,1
0.24345068633556366,1
0.23990705609321594,1
0.0482698418200016,1
0.10218711197376251,1
0.05842364951968193,1
0.05852756276726723,1
0.05425317585468292,1
0.08036410063505173,1
0.11144302785396576,1
0.0502505898475647,1
0.03733638674020767,1
0.08335336297750473,1
0.13226409256458282,1
0.03018352948129177,1
0.04837802052497864,1
0.25168919563293457,1
0.05132419243454933,1
0.06880468875169754,1
0.1618681699037552,1
0.05173202604055405,1
0.05359667167067528,1
0.088162861764431,1
0.04139383137226105,1
0.13259172439575195,1
0.036404166370630264,1
0.06646670401096344,1
0.034400418400764465,1
0.05378613620996475,1
0.08820904791355133,1
0.04085836187005043,1
0.2952840328216553,1
0.04316170886158943,1
0.04224298149347305,1
0.28201282024383545,1
0.08608102053403854,1
0.24330513179302216,1
0.10196898877620697,1
0.07887972891330719,1
0.06565637141466141,1
0.10463713109493256,1
0.04666442424058914,1
0.1021750271320343,1
0.03363383933901787,1
0.06583812832832336,1
0.039104707539081573,1
0.09736815094947815,1
0.11423199623823166,1
0.16273383796215057,1
0.09503624588251114,1
0.054651811718940735,1
0.04481161758303642,1
0.04631275311112404,1
0.03231343626976013,1
0.2981376051902771,1
0.03238672763109207,1
0.02449895069003105,1
0.10191891342401505,1
0.09176993370056152,1
0.23018735647201538,1
0.12384553253650665,1
0.11438323557376862,1
0.09830547869205475,1
0.024203427135944366,1
0.06448754668235779,1
0.0517953559756279,1
0.13174130022525787,1
0.05487765371799469,1
0.09050749242305756,1
0.06534290313720703,1
0.0324150025844574,1
0.051578227430582047,1
0.16574549674987793,1
0.16358241438865662,1
0.09906823188066483,1
0.12784400582313538,1
0.05193270742893219,1
0.07324981689453125,1
0.21419301629066467,1
0.10790912061929703,1
0.10199633240699768,1
0.10742180049419403,1
0.15206286311149597,1
0.14215576648712158,1
0.04559318721294403,1
0.13832831382751465,1
0.03489367291331291,1
0.052440475672483444,1
0.08656761050224304,1
0.06840239465236664,1
0.020072009414434433,1
0.0555570051074028,1
0.037032146006822586,1
0.08550985902547836,1
0.09254276007413864,1
0.19822143018245697,1
0.15338090062141418,1
0.07813385128974915,1
0.12864479422569275,1
0.029791170731186867,1
0.062008604407310486,1
0.20471245050430298,1
0.20907002687454224,1
0.2968510091304779,1
0.17755873501300812,1
0.023888587951660156,1
0.06989499181509018,1
0.12089932709932327,1
0.04510009288787842,1
0.34664586186408997,1
0.04439130425453186,1
0.11179880797863007,1
0.0763607919216156,1
0.08233682811260223,1
0.02929546870291233,1
0.18115800619125366,1
0.09074170142412186,1
0.059277430176734924,1
0.07025733590126038,1
0.10172818601131439,1
0.07381109148263931,1
0.10311368852853775,1
0.14761686325073242,1
0.05158834531903267,1
0.049296919256448746,1
0.0870421975851059,1
0.04122232645750046,1
0.04357196390628815,1
0.032612208276987076,1
0.06099839508533478,1
0.056481488049030304,1
0.11071161925792694,1
0.0578618124127388,1
0.054849348962306976,1
0.0827711820602417,1
0.04878483712673187,1
0.0646250769495964,1
0.07287950068712234,1
0.08395664393901825,1
0.062214501202106476,1
0.033516936004161835,1
0.06968693435192108,1
0.1386631578207016,1
0.04501878842711449,1
0.14661845564842224,1
0.1669366955757141,1
0.08265794813632965,1
0.11422814428806305,1
0.0933423787355423,1
0.1974063515663147,1
0.09678369760513306,1
0.06460902094841003,1
0.09202340245246887,1
0.07550520449876785,1
0.17390373349189758,1
0.15255500376224518,1
0.06285650283098221,1
0.06578928232192993,1
0.11965294182300568,1
0.11168288439512253,1
0.033173441886901855,1
0.21104644238948822,1
0.09505188465118408,1
0.11720551550388336,1
0.11959373205900192,1
0.04217258840799332,1
0.08623695373535156,1
0.07037228345870972,1
0.057695407420396805,1
0.2746201157569885,1
0.22712993621826172,1
0.10153955966234207,1
0.03728986531496048,1
0.13347262144088745,1
0.09100122004747391,1
0.1678413450717926,1
0.09068863093852997,1
0.143055722117424,1
0.04079795256257057,1
0.23214784264564514,1
0.13247722387313843,1
0.06347891688346863,1
0.110196553170681,1
0.05137857794761658,1
0.09856198728084564,1
0.08476985991001129,1
0.07147862762212753,1
0.11424467712640762,1
0.16251865029335022,1
0.12681260704994202,1
0.1382075697183609,1
0.10572779923677444,1
0.2084907442331314,1
0.07216772437095642,1
0.39963963627815247,1
0.12098071724176407,1
0.07951600104570389,1
0.10999461263418198,1
0.07284344732761383,1
0.1025136411190033,1
0.15871721506118774,1
0.18939706683158875,1
0.0784737840294838,1
0.21994276344776154,1
0.05162844806909561,1
0.08939872682094574,1
0.2225172519683838,1
0.10000534355640411,1
0.11170497536659241,1
0.13031625747680664,1
0.1782490462064743,1
0.03896305710077286,1
0.04749583080410957,1
0.061049118638038635,1
0.1168903261423111,1
0.14610326290130615,1
0.08588312566280365,1
0.19021911919116974,1
0.08766267448663712,1
0.048227354884147644,1
0.08988351374864578,1
0.0754760205745697,1
0.09640509635210037,1
0.15390700101852417,1
0.16563571989536285,1
0.06710997223854065,1
0.05334595590829849,1
0.07683707028627396,1
0.1268671303987503,1
0.09298013150691986,1
0.15905965864658356,1
0.1654466986656189,1
0.061817366629838943,1
0.20622506737709045,1
0.05471980199217796,1
0.24511560797691345,1
0.06118743121623993,1
0.10291197150945663,1
0.08916153013706207,1
0.06464871764183044,1
0.12931829690933228,1
0.08308205753564835,1
0.15459738671779633,1
0.040403276681900024,1
0.2388763278722763,1
0.07285571843385696,1
0.15158453583717346,1
0.11174498498439789,1
0.035287708044052124,1
0.07510343939065933,1
0.10473917424678802,1
0.23116004467010498,1
0.15498322248458862,1
0.028165215626358986,1
0.08623729646205902,1
0.1199226975440979,1
0.19266577064990997,1
0.050344839692115784,1
0.06761500239372253,1
0.17415252327919006,1
0.08580636978149414,1
0.1648825705051422,1
0.12209281325340271,1
0.25473228096961975,1
0.03367967903614044,1
0.03450162708759308,1
0.08781799674034119,1
0.08671141415834427,1
0.09307205677032471,1
0.08656147122383118,1
0.08293724805116653,1
0.03823861852288246,1
0.0556841604411602,1
0.07420720160007477,1
0.08740698546171188,1
0.09368954598903656,1
0.04029816761612892,1
0.0836508497595787,1
0.06553895771503448,1
0.04319547861814499,1
0.08248848468065262,1
0.06493556499481201,1
0.12119095772504807,1
0.08765801042318344,1
0.09727347642183304,1
0.13841906189918518,1
0.06385520100593567,1
0.07211263477802277,1
0.03425152972340584,1
0.12115796655416489,1
0.05902215838432312,1
0.18100835382938385,1
0.07543911039829254,1
0.20791445672512054,1
0.18219652771949768,1
0.10966802388429642,1
0.059152789413928986,1
0.037133537232875824,1
0.09528325498104095,1
0.2101532518863678,1
0.1395677924156189,1
0.11587346345186234,1
0.07009673863649368,1
0.05866933986544609,1
0.1276083141565323,1
0.14516332745552063,1
0.12845459580421448,1
0.08624915033578873,1
0.1157141625881195,1
0.19458791613578796,1
0.04422151297330856,1
0.09465180337429047,1
0.057383984327316284,1
0.0754530131816864,1
0.14551948010921478,1
0.06280627846717834,1
0.2780548334121704,1
0.06184479594230652,1
0.13083957135677338,1
0.10275712609291077,1
0.05909270420670509,1
0.1043597012758255,1
0.13982513546943665,1
0.04247700795531273,1
0.21381768584251404,1
0.1692788153886795,1
0.02926039695739746,1
0.21266335248947144,1
0.19332484900951385,1
0.05414608493447304,1
0.09944552183151245,1
0.0796518623828888,1
0.020465224981307983,1
0.2161037176847458,1
0.14748601615428925,1
0.07617266476154327,1
0.18425071239471436,1
0.05563127622008324,1
0.09861986339092255,1
0.13222044706344604,1
0.09677055478096008,1
0.11203032732009888,1
0.05870456621050835,1
0.060903552919626236,1
0.08704991638660431,1
0.08303846418857574,1
0.0476737879216671,1
0.31439483165740967,1
0.16508473455905914,1
0.29845184087753296,1
0.06431412696838379,1
0.027338966727256775,1
0.13536709547042847,1
0.13373494148254395,1
0.11049588024616241,1
0.1009296178817749,1
0.2204504907131195,1
0.16386623680591583,1
0.2316887378692627,1
0.02618703991174698,1
0.06944892555475235,1
0.12714937329292297,1
0.06411077082157135,1
0.036722876131534576,1
0.12830060720443726,1
0.0879078283905983,1
0.038783587515354156,1
0.03790300339460373,1
0.0390506312251091,1
0.04345465824007988,1
0.17756938934326172,1
0.029147956520318985,1
0.25962144136428833,1
0.16258205473423004,1
0.027398157864809036,1
0.049690961837768555,1
0.027859237045049667,1
0.079344742000103,1
0.20418289303779602,1
0.08446283638477325,1
0.06633561849594116,1
0.17541128396987915,1
0.13632892072200775,1
0.25500017404556274,1
0.03202259913086891,1
0.1223285123705864,1
0.08600174635648727,1
0.1302199363708496,1
0.06198042631149292,1
0.0784638449549675,1
0.10129473358392715,1
0.1153421401977539,1
0.21604497730731964,1
0.1837271749973297,1
0.07605652511119843,1
0.26925283670425415,1
0.10880966484546661,1
0.14920514822006226,1
0.058052077889442444,1
0.17612819373607635,1
0.1292060911655426,1
0.10885637253522873,1
0.08770204335451126,1
0.1162056028842926,1
0.06494449079036713,1
0.03305536136031151,1
0.15996775031089783,1
0.12187159061431885,1
0.1527533233165741,1
0.18280883133411407,1
0.03686489909887314,1
0.15696361660957336,1
0.12202367186546326,1
0.13371491432189941,1
0.051133736968040466,1
0.049277931451797485,1
0.26623839139938354,1
0.07794520258903503,1
0.2364896982908249,1
0.13635167479515076,1
0.08222056925296783,1
0.10577080398797989,1
0.09517429769039154,1
0.13007742166519165,1
0.05258158966898918,1
0.056746870279312134,1
0.05515240505337715,1
0.1665894091129303,1
0.19230644404888153,1
0.10912390798330307,1
0.07429762184619904,1
0.045211270451545715,1
0.06367223709821701,1
0.045884113758802414,1
0.04486532509326935,1
0.1662178635597229,1
0.1787581741809845,1
0.08139832317829132,1
0.10250786691904068,1
0.08157584071159363,1
0.046627409756183624,1
0.16512802243232727,1
0.12776634097099304,1
0.08063507080078125,1
0.17059427499771118,1
0.041900161653757095,1
0.09890088438987732,1
0.20877696573734283,1
0.14269940555095673,1
0.15879996120929718,1
0.04035812243819237,1
0.21302476525306702,1
0.14777252078056335,1
0.052539728581905365,1
0.04606706649065018,1
0.08859571814537048,1
0.2961016595363617,1
0.10085457563400269,1
0.16040608286857605,1
0.059770289808511734,1
0.10159309208393097,1
0.08881993591785431,1
0.14377787709236145,1
0.10207855701446533,1
0.11701840907335281,1
0.10383148491382599,1
0.06966564059257507,1
0.045134034007787704,1
0.07973168045282364,1
0.02914269268512726,1
0.10970133543014526,1
0.2233649045228958,1
0.04034034162759781,1
0.043253373354673386,1
0.3201178014278412,1
0.16592296957969666,1
0.2783300280570984,1
0.1861872673034668,1
0.03640883415937424,1
0.17148488759994507,1
0.14634662866592407,1
0.03289716690778732,1
0.06447626650333405,1
0.13094289600849152,1
0.1321839988231659,1
0.32471248507499695,1
0.07947012037038803,1
0.05623931437730789,1
0.10619543492794037,1
0.15964068472385406,1
0.15249194204807281,1
0.08093094825744629,1
0.11899606138467789,1
0.13285616040229797,1
0.09820821136236191,1
0.08445172011852264,1
0.18416918814182281,1
0.09347330778837204,1
0.0953206941485405,1
0.1219925731420517,1
0.1451689749956131,1
0.05370460823178291,1
0.07605510950088501,1
0.07876352965831757,1
0.06294909119606018,1
0.10486690700054169,1
0.09182975441217422,1
0.0479438453912735,1
0.1056046187877655,1
0.058860160410404205,1
0.07165764272212982,1
0.07165613770484924,1
0.09555608034133911,1
0.055551737546920776,1
0.04177574813365936,1
0.06452775746583939,1
0.22502240538597107,1
0.03590180352330208,1
0.10603693127632141,1
0.10214760154485703,1
0.08964288979768753,1
0.09748577326536179,1
0.17004020512104034,1
0.11446527391672134,1
0.05177661031484604,1
0.2293182909488678,1
0.03220420703291893,1
0.16167575120925903,1
0.09944359213113785,1
0.07086147367954254,1
0.34080398082733154,1
0.03260558843612671,1
0.06220077723264694,1
0.11071257293224335,1
0.03816526010632515,1
0.2151394635438919,1
0.1947215050458908,1
0.30871695280075073,1
0.25289472937583923,1
0.08444300293922424,1
0.07366444915533066,1
0.10185786336660385,1
0.0739477127790451,1
0.104178287088871,1
0.2937762439250946,1
0.20918674767017365,1
0.17356187105178833,1
0.13029885292053223,1
0.1329047828912735,1
0.15268664062023163,1
0.17995527386665344,1
0.08417569100856781,1
0.15088404715061188,1
0.17568963766098022,1
0.15284685790538788,1
0.0329388789832592,1
0.021856237202882767,1
0.024505220353603363,1
0.10075092315673828,1
0.07303425669670105,1
0.11046117544174194,1
0.01829160936176777,1
0.09485021233558655,1
0.20350342988967896,1
0.12536726891994476,1
0.034785229712724686,1
0.08055252581834793,1
0.062436386942863464,1
0.09066417068243027,1
0.056180957704782486,1
0.09217719733715057,1
0.12571436166763306,1
0.11786092817783356,1
0.08625736087560654,1
0.07943394780158997,1
0.07580273598432541,1
0.08164197951555252,1
0.10084512829780579,1
0.0897197350859642,1
0.1426924467086792,1
0.0703655481338501,1
0.05571194365620613,1
0.2637180984020233,1
0.041633184999227524,1
0.08831946551799774,1
0.0529419407248497,1
0.20589381456375122,1
0.0690867006778717,1
0.2151026725769043,1
0.13611149787902832,1
0.1227499470114708,1
0.22037053108215332,1
0.17397025227546692,1
0.023063959553837776,1
0.07883808016777039,1
0.11677086353302002,1
0.04547066614031792,1
0.08394750952720642,1
0.25557687878608704,1
0.043019019067287445,1
0.03708026185631752,1
0.17266961932182312,1
0.16662386059761047,1
0.08679784834384918,1
0.11454851925373077,1
0.20556408166885376,1
0.23538252711296082,1
0.053795427083969116,1
0.062170661985874176,1
0.18849699199199677,1
0.07987590879201889,1
0.03030519187450409,1
0.06187276169657707,1
0.07041788846254349,1
0.054656580090522766,1
0.21632200479507446,1
0.130814328789711,1
0.05991046875715256,1
