0.12359032034873962,1
0.1721758395433426,1
0.24587282538414001,1
0.12911683320999146,1
0.05358501151204109,1
0.05662880092859268,1
0.10868572443723679,1
0.09308218210935593,1
0.1372983604669571,1
0.1560964435338974,1
0.09082750976085663,1
0.05944650247693062,1
0.028217662125825882,1
0.09176843613386154,1
0.10756263136863708,1
0.09268159419298172,1
0.12855294346809387,1
0.16444537043571472,1
0.2522679567337036,1
0.040499117225408554,1
0.05361536890268326,1
0.27451130747795105,1
0.04604461044073105,1
0.0784066691994667,1
0.08351112902164459,1
0.03931766748428345,1
0.10718977451324463,1
0.18641264736652374,1
0.08037594705820084,1
0.07945713400840759,1
0.027270859107375145,1
0.06774122267961502,1
0.15082742273807526,1
0.13061948120594025,1
0.12440958619117737,1
0.22508877515792847,1
0.1296509951353073,1
0.10791043192148209,1
0.06131277605891228,1
0.1925336718559265,1
0.08085798472166061,1
0.046011585742235184,1
0.07002100348472595,1
0.09397284686565399,1
0.044210825115442276,1
0.12451573461294174,1
0.1464434117078781,1
0.08105242252349854,1
0.23536281287670135,1
0.17289921641349792,1
0.16661006212234497,1
0.2636384069919586,1
0.06369558721780777,1
0.14159296452999115,1
0.17149041593074799,1
0.2276371419429779,1
0.06540815532207489,1
0.08857589960098267,1
0.10782171785831451,1
0.1739901751279831,1
0.06771628558635712,1
0.26367712020874023,1
0.06091425567865372,1
0.10316161811351776,1
0.12730315327644348,1
0.22488367557525635,1
0.06991780549287796,1
0.04070736840367317,1
0.03333686292171478,1
0.1363724172115326,1
0.15636758506298065,1
0.09725452214479446,1
0.14684203267097473,1
0.07995696365833282,1
0.05129317194223404,1
0.06424213945865631,1
0.16964304447174072,1
0.03161563724279404,1
0.32068559527397156,1
0.12345218658447266,1
0.15169009566307068,1
0.08581911027431488,1
0.11096860468387604,1
0.04507431387901306,1
0.1373571753501892,1
0.09415464103221893,1
0.2769412696361542,1
0.06951790302991867,1
0.2480269968509674,1
0.2381754219532013,1
0.13631169497966766,1
0.1930675357580185,1
0.2372552752494812,1
0.07575983554124832,1
0.05172761529684067,1
0.06686340272426605,1
0.107496477663517,1
0.071314737200737,1
0.2110341191291809,1
0.1968265026807785,1
0.10678957402706146,1
0.069916270673275,1
0.14678865671157837,1
0.055700868368148804,1
0.16958841681480408,1
0.07448972761631012,1
0.07637105882167816,1
0.12892846763134003,1
0.22502604126930237,1
0.0622171126306057,1
0.1580197811126709,1
0.07971053570508957,1
0.14071017503738403,1
0.10534244030714035,1
0.07058542221784592,1
0.1538284868001938,1
0.07432316243648529,1
0.0331583172082901,1
0.2335059493780136,1
0.10104517638683319,1
0.08919729292392731,1
0.155807763338089,1
0.15919706225395203,1
0.3021000623703003,1
0.1256198287010193,1
0.12427052855491638,1
0.14834906160831451,1
0.13252809643745422,1
0.06807098537683487,1
0.1823292225599289,1
0.3341938257217407,1
0.07674712687730789,1
0.17306774854660034,1
0.0593065544962883,1
0.05308962240815163,1
0.0826440155506134,1
0.03919993340969086,1
0.023439327254891396,1
0.07530771195888519,1
0.048251815140247345,1
0.18316280841827393,1
0.06649129837751389,1
0.1200379878282547,1
0.043012622743844986,1
0.21440410614013672,1
0.19240736961364746,1
0.16577483713626862,1
0.3277400732040405,1
0.07660370320081711,1
0.11917684972286224,1
0.11277278512716293,1
0.043592289090156555,1
0.11120336502790451,1
0.09029855579137802,1
0.12909454107284546,1
0.32892894744873047,1
0.048972081393003464,1
0.2952161729335785,1
0.060025330632925034,1
0.14926095306873322,1
0.07274452596902847,1
0.08803583681583405,1
0.08895256370306015,1
0.14519678056240082,1
0.1415356546640396,1
0.06520085036754608,1
0.1286817193031311,1
0.0676608607172966,1
0.06691336631774902,1
0.10493616759777069,1
0.10703907161951065,1
0.07136263698339462,1
0.032330114394426346,1
0.10421052575111389,1
0.04721568152308464,1
0.07375327497720718,1
0.08787903189659119,1
0.1418832242488861,1
0.1454106569290161,1
0.051517389714717865,1
0.09415468573570251,1
0.16782505810260773,1
0.05531066656112671,1
0.13225874304771423,1
0.07574161142110825,1
0.30378493666648865,1
0.11567390710115433,1
0.11446882039308548,1
0.05833393335342407,1
0.10503735393285751,1
0.12091226130723953,1
0.10775341093540192,1
0.09444913268089294,1
0.041633300483226776,1
0.19541345536708832,1
0.09217330068349838,1
0.27446216344833374,1
0.11462044715881348,1
0.08995025604963303,1
0.05715923756361008,1
0.27125284075737,1
0.09950771927833557,1
0.14970913529396057,1
0.05322324484586716,1
0.12233449518680573,1
0.05678277835249901,1
0.22531341016292572,1
0.05068341642618179,1
0.0590687058866024,1
0.17823725938796997,1
0.02413223125040531,1
0.06853486597537994,1
0.07198400050401688,1
0.17267358303070068,1
0.17194554209709167,1
0.06468205153942108,1
0.1978180855512619,1
0.05512794107198715,1
0.04230818152427673,1
0.029379762709140778,1
0.04570095241069794,1
0.08167542517185211,1
0.1265869140625,1
0.06613928079605103,1
0.0999038815498352,1
0.06339479982852936,1
0.12636028230190277,1
0.1355852335691452,1
0.10324573516845703,1
0.17607322335243225,1
0.07616659998893738,1
0.15564195811748505,1
0.17249873280525208,1
0.17119967937469482,1
0.07676424831151962,1
0.078823521733284,1
0.11867113411426544,1
0.0702412873506546,1
0.09199263155460358,1
0.07766790688037872,1
0.11365009099245071,1
0.1222521960735321,1
0.09723812341690063,1
0.030688846483826637,1
0.0723828449845314,1
0.117250457406044,1
0.20030789077281952,1
0.03415481746196747,1
0.19400270283222198,1
0.3906782269477844,1
0.11510349810123444,1
0.10747183114290237,1
0.04097532853484154,1
0.1688161939382553,1
0.08827918022871017,1
0.03566402196884155,1
0.11905427277088165,1
0.04792063310742378,1
0.1457718163728714,1
0.05016566440463066,1
0.019650166854262352,1
0.06150425970554352,1
0.09372708201408386,1
0.031518884003162384,1
0.15558284521102905,1
0.06449638307094574,1
0.19321715831756592,1
0.12229753285646439,1
0.3522835373878479,1
0.03653241693973541,1
0.028276164084672928,1
0.1060296893119812,1
0.09031353890895844,1
0.02187121845781803,1
0.046989016234874725,1
0.08142996579408646,1
0.1634349524974823,1
0.18897736072540283,1
0.025617161765694618,1
0.059533219784498215,1
0.09882791340351105,1
0.12592987716197968,1
0.039698608219623566,1
0.04502520710229874,1
0.06521353125572205,1
0.20741814374923706,1
0.4563617408275604,1
0.24060532450675964,1
0.14085295796394348,1
0.09563682973384857,1
0.057032786309719086,1
0.08693291991949081,1
0.04468073695898056,1
0.15076008439064026,1
0.07477009296417236,1
0.06049559265375137,1
0.24515458941459656,1
0.124535471200943,1
0.19540102779865265,1
0.08774501830339432,1
0.07108063995838165,1
0.10631753504276276,1
0.20151089131832123,1
0.10827873647212982,1
0.26482948660850525,1
0.11388139426708221,1
0.03510270267724991,1
0.1088181883096695,1
0.08313117921352386,1
0.13137716054916382,1
0.13209222257137299,1
0.08731600642204285,1
0.11919602006673813,1
0.022261492908000946,1
0.10288752615451813,1
0.16842591762542725,1
0.06921947002410889,1
0.15700355172157288,1
0.022803373634815216,1
0.11272475868463516,1
0.3137463927268982,1
0.11287656426429749,1
0.04147372394800186,1
0.043217964470386505,1
0.17441964149475098,1
0.11359436064958572,1
0.08061810582876205,1
0.23876409232616425,1
0.1274498701095581,1
0.08059754967689514,1
0.10195330530405045,1
0.10004934668540955,1
0.08187533169984818,1
0.04540742561221123,1
0.07038417458534241,1
0.07212090492248535,1
0.262155681848526,1
0.05547834560275078,1
0.1908230185508728,1
0.055850278586149216,1
0.04731042683124542,1
0.09955862164497375,1
0.13149291276931763,1
0.04346363991498947,1
0.02337879315018654,1
0.07119089365005493,1
0.21694526076316833,1
0.10962355136871338,1
0.07739847153425217,1
0.05328948050737381,1
0.0540301650762558,1
0.2823183834552765,1
0.11446203291416168,1
0.08697302639484406,1
0.04468274489045143,1
0.1698971390724182,1
0.0810774564743042,1
0.1143292710185051,1
0.19940227270126343,1
0.1922362893819809,1
0.11234546452760696,1
0.11898776143789291,1
0.050453949719667435,1
0.19561761617660522,1
0.10536089539527893,1
0.026829760521650314,1
0.2504590153694153,1
0.10772940516471863,1
0.11168831586837769,1
0.12346765398979187,1
0.10816246271133423,1
0.18379706144332886,1
0.053974755108356476,1
0.10511217266321182,1
0.07728046923875809,1
0.08512406051158905,1
0.08870634436607361,1
0.10979582369327545,1
0.07370536774396896,1
0.021149402484297752,1
0.1269964724779129,1
0.07753758132457733,1
0.14157342910766602,1
0.05004232004284859,1
0.14802198112010956,1
0.12028571218252182,1
0.13951782882213593,1
0.10124452412128448,1
0.0997413918375969,1
0.03882572054862976,1
0.1620120406150818,1
0.2024919092655182,1
0.07429590821266174,1
0.3176988363265991,1
0.11494611203670502,1
0.11981334537267685,1
0.13477823138237,1
0.17466241121292114,1
0.0993218794465065,1
0.2520262897014618,1
0.049986984580755234,1
0.07199761271476746,1
0.150751531124115,1
0.10364746302366257,1
0.16901054978370667,1
0.22320842742919922,1
0.13781090080738068,1
0.09001690149307251,1
0.10533413290977478,1
0.06471604853868484,1
0.08694443106651306,1
0.0799969732761383,1
0.2947765290737152,1
0.04415179044008255,1
0.11168338358402252,1
0.027910495176911354,1
0.10095979273319244,1
0.1170291006565094,1
0.07037524878978729,1
0.16126489639282227,1
0.08419263362884521,1
0.033050164580345154,1
0.20090804994106293,1
0.08837781846523285,1
0.23304463922977448,1
0.15451891720294952,1
0.09738858789205551,1
0.1369304060935974,1
0.07928913831710815,1
0.1254984736442566,1
0.03804947808384895,1
0.1408449411392212,1
0.05254120007157326,1
0.20754823088645935,1
0.10756799578666687,1
0.12395267188549042,1
0.09524579346179962,1
0.21449601650238037,1
0.09324537217617035,1
0.06614535301923752,1
0.0904790461063385,1
0.2515008747577667,1
0.07017792761325836,1
0.13307656347751617,1
0.10713165998458862,1
0.058643508702516556,1
0.07918310165405273,1
0.16093936562538147,1
0.06779498606920242,1
0.03459121659398079,1
0.10690123587846756,1
0.05499928444623947,1
0.06557409465312958,1
0.042436935007572174,1
0.10454303026199341,1
0.06721484661102295,1
0.10400131344795227,1
0.14009989798069,1
0.0987410619854927,1
0.09331518411636353,1
0.29364582896232605,1
0.2541663944721222,1
0.07258030027151108,1
0.17220966517925262,1
0.15668590366840363,1
0.2655639052391052,1
0.14800432324409485,1
0.06736938655376434,1
0.11457899957895279,1
0.12248030304908752,1
0.07572806626558304,1
0.08392252773046494,1
0.15052802860736847,1
0.04319717362523079,1
0.1747664213180542,1
0.2656991183757782,1
0.11294056475162506,1
0.06446573138237,1
0.09603983908891678,1
0.0861392542719841,1
0.1941688507795334,1
0.06883449852466583,1
0.032452911138534546,1
0.04734743386507034,1
0.05416031926870346,1
0.3174706995487213,1
0.04645506292581558,1
0.05046481266617775,1
0.15040473639965057,1
0.08920808136463165,1
0.11877715587615967,1
0.17705611884593964,1
0.22704008221626282,1
0.11257772147655487,1
0.0908779576420784,1
0.1736350655555725,1
0.05487840995192528,1
0.053822457790374756,1
0.11510056257247925,1
0.050169240683317184,1
0.06256356090307236,1
0.04593539983034134,1
0.13757041096687317,1
0.16882887482643127,1
0.2418699860572815,1
0.1337011605501175,1
0.08635837584733963,1
0.08334524929523468,1
0.11551615595817566,1
0.05962010845541954,1
0.16053739190101624,1
0.22302035987377167,1
0.29811668395996094,1
0.058692559599876404,1
0.1806202232837677,1
0.05662330240011215,1
0.15086106956005096,1
0.05327961966395378,1
0.12503668665885925,1
0.07528748363256454,1
0.09549299627542496,1
0.08724759519100189,1
0.25837621092796326,1
0.05094362422823906,1
0.17464527487754822,1
0.12228801846504211,1
0.0632011741399765,1
0.11880172789096832,1
0.052696727216243744,1
0.1012306660413742,1
0.1692136973142624,1
0.10505381226539612,1
0.18232177197933197,1
0.055570393800735474,1
0.16163547337055206,1
0.1326928287744522,1
0.048965323716402054,1
0.11298738420009613,1
0.022945605218410492,1
0.32950228452682495,1
0.17327238619327545,1
0.03930922970175743,1
0.062222499400377274,1
0.0492682084441185,1
0.09005148708820343,1
0.06646612286567688,1
0.09269765019416809,1
0.06590791791677475,1
0.1355145126581192,1
0.07157580554485321,1
0.03713304549455643,1
0.10227387398481369,1
0.032367855310440063,1
0.12718021869659424,1
0.21129661798477173,1
0.06670662015676498,1
0.08343985676765442,1
0.0783296450972557,1
0.13269639015197754,1
0.03381812945008278,1
0.13271579146385193,1
0.2402321994304657,1
0.05714954063296318,1
0.09161694347858429,1
0.076973557472229,1
0.18328902125358582,1
0.07699547708034515,1
0.038874126970767975,1
0.06547395884990692,1
0.015462597832083702,1
0.0753168836236,1
0.0929308757185936,1
0.10622283071279526,1
0.2794748544692993,1
0.22936400771141052,1
0.1387907862663269,1
0.06311021000146866,1
0.03719644993543625,1
0.0835985615849495,1
0.15413302183151245,1
0.13276198506355286,1
0.09667224436998367,1
0.08998456597328186,1
0.07862739264965057,1
0.15784099698066711,1
0.06715388596057892,1
0.1304161697626114,1
0.05026945471763611,1
0.061944302171468735,1
0.17412006855010986,1
0.01994839496910572,1
0.18852609395980835,1
0.03789906203746796,1
0.08111116290092468,1
0.2776895761489868,1
0.09572307020425797,1
0.12433554232120514,1
0.21625439822673798,1
0.07590785622596741,1
0.08249320089817047,1
0.09163905680179596,1
0.1848016083240509,1
0.15749533474445343,1
0.1381094604730606,1
0.06877677887678146,1
0.0844840407371521,1
0.050881095230579376,1
0.12421079725027084,1
0.06937574595212936,1
0.14280089735984802,1
0.07043936848640442,1
0.12208205461502075,1
0.10862763971090317,1
0.08979156613349915,1
0.04812417924404144,1
0.05319948494434357,1
0.06384873390197754,1
0.12795327603816986,1
0.03101615235209465,1
0.07623117417097092,1
0.15449258685112,1
0.06614001840353012,1
0.053581833839416504,1
0.08309673517942429,1
0.041816093027591705,1
0.0420936681330204,1
0.09508684277534485,1
0.03764220327138901,1
0.20747898519039154,1
0.08580595999956131,1
0.038405198603868484,1
0.12642964720726013,1
0.20702943205833435,1
0.1756359040737152,1
0.09212253987789154,1
0.10003262758255005,1
0.07235652953386307,1
0.19014060497283936,1
0.07236684113740921,1
0.1254582405090332,1
0.06584160774946213,1
0.12224532663822174,1
0.09159357845783234,1
0.08080077916383743,1
0.07658636569976807,1
0.07638533413410187,1
0.07010866701602936,1
0.0750914141535759,1
0.14025330543518066,1
0.24033261835575104,1
0.17403477430343628,1
0.07203547656536102,1
0.17480911314487457,1
0.061999961733818054,1
0.0819271132349968,1
0.053513702005147934,1
0.26019811630249023,1
0.24820683896541595,1
0.1812889277935028,1
0.27062493562698364,1
0.06692196428775787,1
0.110524483025074,1
0.12384255975484848,1
0.07412369549274445,1
0.33242762088775635,1
0.07451935112476349,1
0.10100694745779037,1
0.09298589080572128,1
0.05263371393084526,1
0.039979830384254456,1
0.08719726651906967,1
0.09051130712032318,1
0.09852905571460724,1
0.06547519564628601,1
0.051406290382146835,1
0.316638320684433,1
0.13125599920749664,1
0.07429176568984985,1
0.02824106253683567,1
0.08513160049915314,1
0.06680668145418167,1
0.10718520730733871,1
0.07056932896375656,1
0.08824431896209717,1
0.045908428728580475,1
0.2083498239517212,1
0.12077318876981735,1
0.057544559240341187,1
0.09410642087459564,1
0.03833845257759094,1
0.01923700049519539,1
0.06488635390996933,1
0.09476622194051743,1
0.0416690856218338,1
0.05554100498557091,1
0.10008125007152557,1
0.1643964648246765,1
0.3526201844215393,1
0.03486238047480583,1
0.053532760590314865,1
0.16819676756858826,1
0.036922045052051544,1
0.1814946085214615,1
0.19741930067539215,1
0.027969997376203537,1
0.08864589035511017,1
0.07626336812973022,1
0.08525265753269196,1
0.13772743940353394,1
0.04615669697523117,1
0.22427982091903687,1
0.03334593027830124,1
0.0653558075428009,1
0.13704991340637207,1
0.21369221806526184,1
0.04179195314645767,1
0.16733796894550323,1
0.11417454481124878,1
0.039247579872608185,1
0.16187158226966858,1
0.13167674839496613,1
0.05945415794849396,1
0.05995351821184158,1
0.016448723152279854,1
0.2275838702917099,1
0.01678081415593624,1
0.10484131425619125,1
0.05315498262643814,1
0.16181118786334991,1
0.12424637377262115,1
0.07569050043821335,1
0.11709688603878021,1
0.05459972843527794,1
0.13891088962554932,1
0.13304655253887177,1
0.08953233063220978,1
0.2346952259540558,1
0.038029368966817856,1
0.07151203602552414,1
0.07677493244409561,1
0.1977854073047638,1
0.1469489485025406,1
0.16865181922912598,1
0.03668111562728882,1
0.12246065586805344,1
0.04447547346353531,1
0.13656054437160492,1
0.13953518867492676,1
0.03694997727870941,1
0.17819948494434357,1
0.03595807030797005,1
0.09834155440330505,1
0.279366672039032,1
0.07805953919887543,1
0.06606774032115936,1
0.2197238802909851,1
0.03258885443210602,1
0.17681805789470673,1
0.0911959707736969,1
0.07789462059736252,1
0.07932404428720474,1
0.11262308806180954,1
0.038019631057977676,1
0.06050598621368408,1
0.1959395855665207,1
0.09160259366035461,1
0.09100090712308884,1
0.43295636773109436,1
0.08054850250482559,1
0.08452718704938889,1
0.09602633118629456,1
0.16236399114131927,1
0.1690109521150589,1
0.162840336561203,1
0.19039785861968994,1
0.13705338537693024,1
0.08011213690042496,1
0.17222833633422852,1
0.05018744617700577,1
0.09262580424547195,1
0.33380359411239624,1
0.028893116861581802,1
0.11174719035625458,1
0.09369883686304092,1
0.14605054259300232,1
0.04542842134833336,1
0.13184180855751038,1
0.024842098355293274,1
0.07019388675689697,1
0.12735138833522797,1
0.2953224778175354,1
0.06749209761619568,1
0.23430441319942474,1
0.06528987735509872,1
0.1396869271993637,1
0.14421503245830536,1
0.07958678156137466,1
0.23053288459777832,1
0.0841502994298935,1
0.04305950552225113,1
0.4461938738822937,1
0.07807484269142151,1
0.12465174496173859,1
0.143752321600914,1
0.0992860272526741,1
0.11083292216062546,1
0.13982847332954407,1
0.059491049498319626,1
0.16328725218772888,1
0.07253344357013702,1
0.09871315956115723,1
0.2957764267921448,1
0.11940260976552963,1
0.08818686008453369,1
0.0985468178987503,1
0.19430860877037048,1
0.08076900243759155,1
0.17705722153186798,1
0.09560339152812958,1
0.05537501350045204,1
0.1737765520811081,1
0.14549341797828674,1
0.043389156460762024,1
0.14491593837738037,1
0.18925316631793976,1
0.0575234480202198,1
0.07203833758831024,1
0.17217491567134857,1
0.08230828493833542,1
0.07811733335256577,1
0.19090163707733154,1
0.06517624855041504,1
0.12024442106485367,1
0.18329717218875885,1
0.1868252456188202,1
0.10696195065975189,1
0.26814135909080505,1
0.17303422093391418,1
0.055964551866054535,1
0.11117128282785416,1
0.11861377954483032,1
0.07570084929466248,1
0.03638720139861107,1
0.033551327884197235,1
0.10428091883659363,1
0.07501208782196045,1
0.24416372179985046,1
0.06873412430286407,1
0.10612550377845764,1
0.08280627429485321,1
0.16192729771137238,1
0.02457601949572563,1
0.1129029169678688,1
0.09928525984287262,1
0.07710565626621246,1
0.1428029090166092,1
0.2825053632259369,1
0.08072282373905182,1
0.14404885470867157,1
0.12492640316486359,1
0.05685782432556152,1
0.10199853032827377,1
0.0641162097454071,1
0.08254431188106537,1
0.12883435189723969,1
0.025546278804540634,1
0.1497517079114914,1
0.1741226762533188,1
0.021357331424951553,1
0.06551945209503174,1
0.10122521221637726,1
0.06243617832660675,1
0.04147506505250931,1
0.054673004895448685,1
0.1166667565703392,1
0.06807766109704971,1
0.0456128753721714,1
0.16657118499279022,1
0.07363073527812958,1
0.11736539751291275,1
0.025695033371448517,1
0.06801466643810272,1
0.267027884721756,1
0.28239747881889343,1
0.07180215418338776,1
0.18279320001602173,1
0.04907058924436569,1
0.06770634651184082,1
0.18410170078277588,1
0.13207314908504486,1
0.04490723833441734,1
0.16638541221618652,1
0.3135208487510681,1
0.027647867798805237,1
0.11749646812677383,1
0.2258474975824356,1
0.11134856939315796,1
0.06524631381034851,1
0.0669773519039154,1
0.336625874042511,1
0.04496144875884056,1
0.07581193745136261,1
0.16908027231693268,1
0.2905631959438324,1
0.058104924857616425,1
0.10278714448213577,1
0.046851929277181625,1
0.03272536024451256,1
0.09068410098552704,1
0.026703428477048874,1
0.1448824405670166,1
0.06622404605150223,1
0.18206343054771423,1
0.2387203574180603,1
0.08121057599782944,1
0.11423315107822418,1
0.048036277294158936,1
0.02826549857854843,1
0.08678591251373291,1
0.1576240360736847,1
0.024148039519786835,1
0.13696163892745972,1
0.02022705227136612,1
0.1440291702747345,1
0.09508156776428223,1
0.10163004696369171,1
0.11059808731079102,1
0.11556650698184967,1
0.3278264105319977,1
0.1925744116306305,1
0.14004552364349365,1
0.04685906320810318,1
0.043721817433834076,1
0.08999625593423843,1
0.06714016199111938,1
0.07779741287231445,1
0.1543586552143097,1
0.1195913776755333,1
0.10595382750034332,1
0.0745789185166359,1
0.08508393913507462,1
0.12632359564304352,1
0.10293196886777878,1
0.1864551454782486,1
0.06284861266613007,1
0.13970865309238434,1
0.024415303021669388,1
0.1658121943473816,1
0.12045939266681671,1
0.0579880066215992,1
0.12488891184329987,1
0.13688793778419495,1
0.06273417174816132,1
0.13097508251667023,1
0.11277277767658234,1
0.08669499307870865,1
0.036520298570394516,1
0.17101216316223145,1
0.1843896508216858,1
0.14896143972873688,1
0.26735377311706543,1
0.08798713982105255,1
0.1005607545375824,1
0.12496783584356308,1
0.07721317559480667,1
0.04036369174718857,1
0.1201239600777626,1
0.056348755955696106,1
0.11423127353191376,1
0.13077709078788757,1
0.03262583911418915,1
0.13372176885604858,1
0.2595488131046295,1
0.05881054699420929,1
0.026589106768369675,1
0.17311783134937286,1
0.09734538942575455,1
0.16667428612709045,1
0.13685354590415955,1
0.07350634038448334,1
0.0784328505396843,1
0.04065503180027008,1
0.1559019386768341,1
0.0649234876036644,1
0.029225395992398262,1
0.06427427381277084,1
0.037822574377059937,1
0.030994009226560593,1
0.0956977978348732,1
0.10983447730541229,1
0.0981646254658699,1
0.03427322208881378,1
0.03055660054087639,1
0.05145598202943802,1
0.144337460398674,1
0.28852468729019165,1
0.24345754086971283,1
0.2704480290412903,1
0.12343348562717438,1
0.06517740339040756,1
0.19235728681087494,1
0.11878042668104172,1
0.16132497787475586,1
0.08653787523508072,1
0.13331446051597595,1
0.22249995172023773,1
0.06662845611572266,1
0.18222889304161072,1
0.05528530851006508,1
0.1268884688615799,1
0.04914243146777153,1
0.17936170101165771,1
0.12070008367300034,1
0.10627211630344391,1
0.12648063898086548,1
0.07369539141654968,1
0.1330411732196808,1
0.09342736005783081,1
0.057395026087760925,1
0.06094352900981903,1
0.06291347742080688,1
0.10830195248126984,1
0.17047765851020813,1
0.27492189407348633,1
0.13423867523670197,1
0.0719197690486908,1
0.15834622085094452,1
0.04079124331474304,1
0.05785614997148514,1
0.09213137626647949,1
0.09531690180301666,1
0.22173720598220825,1
0.06732320040464401,1
0.05424930527806282,1
0.10749119520187378,1
0.1640353500843048,1
0.05039630085229874,1
0.11922632902860641,1
0.23992806673049927,1
0.0937495008111,1
0.08546578884124756,1
0.0634649321436882,1
0.28289085626602173,1
0.2795948386192322,1
0.23358410596847534,1
0.10864207148551941,1
0.11255870759487152,1
0.20321503281593323,1
0.08128784596920013,1
0.22979825735092163,1
0.1477569341659546,1
0.1631787121295929,1
0.10534290969371796,1
0.03329787775874138,1
0.015841113403439522,1
0.3335871398448944,1
0.05290612578392029,1
0.06092490628361702,1
0.06195398047566414,1
0.1299450695514679,1
0.048453617841005325,1
0.07446715235710144,1
0.08560816198587418,1
0.07186122238636017,1
0.15932583808898926,1
0.08965323120355606,1
0.2772540748119354,1
0.09359637647867203,1
0.06588177382946014,1
0.1146063506603241,1
0.1075066402554512,1
0.046571239829063416,1
0.07819817960262299,1
0.14613373577594757,1
0.15656226873397827,1
0.10962245613336563,1
0.07131116837263107,1
0.09041183441877365,1
0.055090829730033875,1
0.06336541473865509,1
0.05508768558502197,1
0.09261573851108551,1
0.10315723717212677,1
0.03696556016802788,1
0.05473253130912781,1
0.06259621679782867,1
0.1638282686471939,1
0.17269764840602875,1
0.15703034400939941,1
0.12048817425966263,1
0.11063455790281296,1
0.10341481119394302,1
0.26143890619277954,1
0.09039591997861862,1
0.1175306886434555,1
0.03312142565846443,1
0.055888209491968155,1
0.21015948057174683,1
0.2122921198606491,1
0.04796171188354492,1
0.13309624791145325,1
0.0574457123875618,1
0.04518909007310867,1
0.0656481683254242,1
0.14680710434913635,1
0.1242750883102417,1
0.089779332280159,1
0.08420178294181824,1
0.05265402793884277,1
0.18150174617767334,1
0.07977424561977386,1
0.10022859275341034,1
0.06532618403434753,1
0.10177478194236755,1
0.03117828443646431,1
0.1368054896593094,1
0.10033681988716125,1
0.1532754898071289,1
0.1038438156247139,1
0.22341731190681458,1
0.1658991128206253,1
0.18114697933197021,1
0.10109832882881165,1
0.030351603403687477,1
0.028546448796987534,1
0.08279948681592941,1
0.06892706453800201,1
0.04662252962589264,1
0.19378060102462769,1
0.17800937592983246,1
0.2540629506111145,1
0.13348257541656494,1
0.19731253385543823,1
0.11837606877088547,1
0.1218758076429367,1
0.16850605607032776,1
0.150607630610466,1
0.07516622543334961,1
0.1616731435060501,1
0.23712719976902008,1
0.09643325209617615,1
0.1519187092781067,1
0.050746407359838486,1
0.06878331303596497,1
0.06942511349916458,1
0.3600214719772339,1
0.04807740077376366,1
0.07057499885559082,1
0.21719148755073547,1
0.13577760756015778,1
0.09848451614379883,1
0.11941851675510406,1
0.07793693244457245,1
0.2308100014925003,1
0.039429161697626114,1
0.09099934250116348,1
0.07872942835092545,1
0.11217182129621506,1
0.06614357978105545,1
0.11258776485919952,1
0.10579351335763931,1
0.07707107812166214,1
0.09271563589572906,1
0.02179097756743431,1
0.05305402725934982,1
0.05819583684206009,1
0.05220959708094597,1
0.08319113403558731,1
0.1805700957775116,1
0.2371780127286911,1
0.04107029736042023,1
0.164453387260437,1
0.057143207639455795,1
0.14605285227298737,1
0.29324400424957275,1
0.06678567826747894,1
0.12323034554719925,1
0.08823727816343307,1
0.038454897701740265,1
0.11853816360235214,1
0.14558707177639008,1
0.18233004212379456,1
0.2033008188009262,1
0.08706329017877579,1
0.10754652321338654,1
0.03648649901151657,1
0.07108486443758011,1
0.07427369058132172,1
0.09603635221719742,1
0.05570947006344795,1
0.052871882915496826,1
0.14296597242355347,1
0.02741376869380474,1
0.047645874321460724,1
0.06389173865318298,1
0.24326516687870026,1
0.07238179445266724,1
0.09187237918376923,1
0.17219647765159607,1
0.28167101740837097,1
0.09605170786380768,1
0.11166591942310333,1
0.11947562545537949,1
0.1336425542831421,1
0.03948402777314186,1
0.07406120002269745,1
0.15026769042015076,1
0.24630136787891388,1
0.10376977920532227,1
0.11593824625015259,1
0.32607901096343994,1
0.10810185223817825,1
0.22322675585746765,1
0.22657859325408936,1
0.07478661835193634,1
0.075160913169384,1
0.09948278963565826,1
0.13072717189788818,1
0.12631702423095703,1
0.03963432461023331,1
0.02417116053402424,1
0.05969987064599991,1
0.04387170821428299,1
0.09162899851799011,1
0.05657568573951721,1
0.027216915041208267,1
0.06583694368600845,1
0.18913418054580688,1
0.07868558913469315,1
0.24315261840820313,1
0.03333541378378868,1
0.0748341903090477,1
0.0776054784655571,1
0.234310120344162,1
0.17953002452850342,1
0.09375014156103134,1
0.02524932287633419,1
0.27366432547569275,1
0.09335964173078537,1
0.12287194281816483,1
0.08038510382175446,1
0.13414540886878967,1
0.0678635686635971,1
0.07458296418190002,1
0.07860416173934937,1
0.14672693610191345,1
0.05699175223708153,1
0.02935842238366604,1
0.14583466947078705,1
0.09188519418239594,1
0.07260623574256897,1
0.17790813744068146,1
0.17035222053527832,1
0.03196012228727341,1
0.08026760071516037,1
0.04392244666814804,1
0.03693358227610588,1
0.10688129812479019,1
0.11058145761489868,1
0.10529351234436035,1
0.11202698200941086,1
0.10066614300012589,1
0.1425895094871521,1
0.07422134280204773,1
0.1200215145945549,1
0.23450829088687897,1
0.1454349160194397,1
0.09697330743074417,1
0.11677902191877365,1
0.24743089079856873,1
0.15652069449424744,1
0.08764132112264633,1
0.1223604828119278,1
0.011888334527611732,1
0.19835296273231506,1
0.23786243796348572,1
0.0809612050652504,1
0.14266765117645264,1
0.17807258665561676,1
0.06482628732919693,1
0.13406147062778473,1
0.11825026571750641,1
0.06090059131383896,1
0.15704409778118134,1
0.11530017852783203,1
0.15287047624588013,1
0.1307331919670105,1
0.13817168772220612,1
0.08713886141777039,1
0.064385786652565,1
0.10421532392501831,1
0.09830879420042038,1
0.14230364561080933,1
0.04950690269470215,1
0.1516055166721344,1
0.1349208503961563,1
0.09264443814754486,1
0.11262952536344528,1
0.23382684588432312,1
0.10659922659397125,1
0.1462036669254303,1
0.22238251566886902,1
0.03271977975964546,1
0.12383956462144852,1
0.0849798247218132,1
0.06505344808101654,1
0.11929774284362793,1
0.09476467967033386,1
0.2140158861875534,1
0.06102053448557854,1
0.2187787890434265,1
0.14255091547966003,1
0.14512194693088531,1
0.06480717658996582,1
0.04832320660352707,1
0.11382149159908295,1
0.19590653479099274,1
0.07658320665359497,1
0.21548372507095337,1
0.029879022389650345,1
0.03859557956457138,1
0.06407145410776138,1
0.0410664826631546,1
0.06251038610935211,1
0.15047040581703186,1
0.11386902630329132,1
0.0470024049282074,1
0.03923645615577698,1
0.32609954476356506,1
0.2012253999710083,1
0.10853584110736847,1
0.02919641323387623,1
0.12356536090373993,1
0.06043540686368942,1
0.13161742687225342,1
0.026077549904584885,1
0.08332030475139618,1
0.043080978095531464,1
0.2625254988670349,1
0.09242551028728485,1
0.07413893938064575,1
0.10788147151470184,1
0.16693434119224548,1
0.1071709617972374,1
0.06814247369766235,1
0.057977575808763504,1
0.12349914014339447,1
0.08337860554456711,1
0.273268461227417,1
0.08684560656547546,1
0.12776030600070953,1
0.2259330451488495,1
0.024898558855056763,1
0.11351525783538818,1
0.07932806015014648,1
0.09925168752670288,1
0.06235700100660324,1
0.0929747074842453,1
0.11121176928281784,1
0.1877680867910385,1
0.05635559931397438,1
0.026492856442928314,1
0.1920059621334076,1
0.0471632219851017,1
0.29906556010246277,1
0.15106961131095886,1
0.05310588702559471,1
0.10115376114845276,1
0.027626007795333862,1
0.09654457122087479,1
0.061587005853652954,1
0.22961845993995667,1
0.0721992701292038,1
0.0415610745549202,1
0.29094862937927246,1
0.15175950527191162,1
0.038758546113967896,1
0.04441177099943161,1
0.0382520817220211,1
0.10053357481956482,1
0.07694021612405777,1
0.30920225381851196,1
0.22968082129955292,1
0.03838201239705086,1
0.09935401380062103,1
0.1462676227092743,1
0.06922981888055801,1
0.09556371718645096,1
0.26958876848220825,1
0.04609924182295799,1
0.12165295332670212,1
0.14124996960163116,1
0.13472123444080353,1
0.05031600594520569,1
0.12255708873271942,1
0.10380132496356964,1
0.01752086728811264,1
0.12164489924907684,1
0.09240876138210297,1
0.07933544367551804,1
0.15243589878082275,1
0.11450481414794922,1
0.17774707078933716,1
0.06822054088115692,1
0.13004420697689056,1
0.29512912034988403,1
0.1418822705745697,1
0.0722452849149704,1
0.08268313109874725,1
0.04374156892299652,1
0.0701034665107727,1
0.10978379845619202,1
0.06265799701213837,1
0.04861639440059662,1
0.11289345473051071,1
0.03235570341348648,1
0.1941109597682953,1
0.08922214061021805,1
0.20534299314022064,1
0.10524676740169525,1
0.11703881621360779,1
0.18826493620872498,1
0.07169370353221893,1
0.39556068181991577,1
0.07129331678152084,1
0.21093560755252838,1
0.07680370658636093,1
0.06525662541389465,1
0.06596595048904419,1
0.11226651072502136,1
0.18958735466003418,1
0.09616252779960632,1
0.05269278585910797,1
0.08955134451389313,1
0.19214634597301483,1
0.04428863525390625,1
0.06216634064912796,1
0.12831774353981018,1
0.1297239512205124,1
0.08437463641166687,1
0.17868173122406006,1
0.10724295675754547,1
0.1288982629776001,1
0.1414300948381424,1
0.12046467512845993,1
0.11787700653076172,1
0.06499488651752472,1
0.03824927657842636,1
0.2018561065196991,1
0.1487826704978943,1
0.07062312215566635,1
0.09833703190088272,1
0.05671069025993347,1
0.02862410992383957,1
0.13524390757083893,1
0.06419004499912262,1
0.10821930319070816,1
0.09823871403932571,1
0.14816883206367493,1
0.15710482001304626,1
0.15386390686035156,1
0.28801804780960083,1
0.061254601925611496,1
0.04989142343401909,1
0.11329835653305054,1
0.05277875065803528,1
0.05519670620560646,1
0.07717493176460266,1
0.21626916527748108,1
0.31818127632141113,1
0.10150548815727234,1
0.2659696936607361,1
0.10154369473457336,1
0.10658246278762817,1
0.03698178380727768,1
0.27256307005882263,1
0.03521909937262535,1
0.07705798745155334,1
0.11577238887548447,1
0.07908761501312256,1
0.18539902567863464,1
0.11621703207492828,1
0.05013309419155121,1
0.06379611045122147,1
0.09916666150093079,1
0.10143999755382538,1
0.046089284121990204,1
0.15073856711387634,1
0.11910230666399002,1
0.10383068025112152,1
0.08103393018245697,1
0.05864047631621361,1
0.15273067355155945,1
0.21860271692276,1
0.10023492574691772,1
0.09441330283880234,1
0.1221499964594841,1
0.05477619916200638,1
0.1562981754541397,1
0.13288509845733643,1
0.16082048416137695,1
0.09747609496116638,1
0.1585950404405594,1
0.05167539417743683,1
0.11112441122531891,1
0.3703722655773163,1
0.1206047311425209,1
0.18322309851646423,1
0.09006720036268234,1
0.06505143642425537,1
0.027960654348134995,1
0.1004038006067276,1
0.0877816379070282,1
0.1267038881778717,1
0.03873009979724884,1
0.11624200642108917,1
0.08803822845220566,1
0.07870151102542877,1
0.056684695184230804,1
0.1498165726661682,1
0.09285766631364822,1
0.055760979652404785,1
0.08550350368022919,1
0.11660337448120117,1
0.14728617668151855,1
0.016048450022935867,1
0.04994990676641464,1
0.04226616024971008,1
0.055728744715452194,1
0.13381505012512207,1
0.08252780884504318,1
0.03393429517745972,1
0.09473279863595963,1
0.11008107662200928,1
0.06058032438158989,1
0.08627304434776306,1
0.08513899147510529,1
0.0676056519150734,1
0.061945680528879166,1
0.05734171345829964,1
0.21705026924610138,1
0.15516315400600433,1
0.06604383885860443,1
0.06043850630521774,1
0.12687762081623077,1
0.14699754118919373,1
0.16933350265026093,1
0.04711424186825752,1
0.0934203565120697,1
0.04501716420054436,1
0.24407510459423065,1
0.19961890578269958,1
0.08361588418483734,1
0.21339869499206543,1
0.07072824984788895,1
0.29274803400039673,1
0.08356896042823792,1
0.11107423901557922,1
0.14544156193733215,1
0.15709272027015686,1
0.090277299284935,1
0.4101684093475342,1
0.027343858033418655,1
0.06823161989450455,1
0.20040053129196167,1
0.08491486310958862,1
0.09824246913194656,1
0.07240448892116547,1
0.17669671773910522,1
0.030672572553157806,1
0.06715714186429977,1
0.11350046098232269,1
0.16574984788894653,1
0.07433944940567017,1
0.16569985449314117,1
0.03245453163981438,1
0.09650635719299316,1
0.0530179962515831,1
0.10040022432804108,1
0.3332388401031494,1
0.1552899181842804,1
0.3068898618221283,1
0.07348106801509857,1
0.049466751515865326,1
0.251686692237854,1
0.19090141355991364,1
0.08670378476381302,1
0.18830135464668274,1
0.17783254384994507,1
0.08098037540912628,1
0.07250046730041504,1
0.07217390835285187,1
0.05092768743634224,1
0.13013716042041779,1
0.14818412065505981,1
0.1638578474521637,1
0.06991167366504669,1
0.17464099824428558,1
0.09387622773647308,1
0.07721857726573944,1
0.09774903208017349,1
0.13754414021968842,1
0.0879521369934082,1
0.0706048458814621,1
0.11920486390590668,1
0.04188721254467964,1
0.21414853632450104,1
0.11844445019960403,1
0.21861067414283752,1
0.042558785527944565,1
0.08430662006139755,1
0.07927330583333969,1
0.053728800266981125,1
0.1570216864347458,1
0.2292439490556717,1
0.0781845822930336,1
0.15237152576446533,1
0.08300472795963287,1
0.15701422095298767,1
0.04070042818784714,1
0.11375785619020462,1
0.15678368508815765,1
0.20990213751792908,1
0.08952692896127701,1
0.12755253911018372,1
0.08256427198648453,1
0.12553343176841736,1
0.04986358806490898,1
0.07602344453334808,1
0.1434352695941925,1
0.13700029253959656,1
0.1552998274564743,1
0.1093154326081276,1
0.2754139006137848,1
0.23058556020259857,1
0.23386043310165405,1
0.11946255713701248,1
0.13416525721549988,1
0.0670304149389267,1
0.046794917434453964,1
0.14368239045143127,1
0.11482851207256317,1
0.13221025466918945,1
0.12429801374673843,1
0.09905744343996048,1
0.04268179088830948,1
0.050186604261398315,1
0.11494459211826324,1
0.05661819130182266,1
0.1513357311487198,1
0.1134360209107399,1
0.06403116881847382,1
0.2955719530582428,1
0.052177488803863525,1
0.0490739569067955,1
0.19564750790596008,1
0.1272297203540802,1
0.2626577615737915,1
0.19438780844211578,1
0.2584536075592041,1
0.1667497754096985,1
0.0893353670835495,1
0.26216575503349304,1
0.07708516716957092,1
0.08727540820837021,1
0.11913447082042694,1
0.17754943668842316,1
0.07969985157251358,1
0.1343536674976349,1
0.034176312386989594,1
0.1375385820865631,1
0.22853660583496094,1
0.09912736713886261,1
0.1164228618144989,1
0.13675929605960846,1
0.21483080089092255,1
0.14827129244804382,1
0.2645054757595062,1
0.05302462726831436,1
0.05082347244024277,1
0.06328491121530533,1
0.11434551328420639,1
0.08590111881494522,1
0.02159859985113144,1
0.04958353936672211,1
0.09355199337005615,1
0.1287127584218979,1
0.3202943205833435,1
0.15718162059783936,1
0.08790670335292816,1
0.063882015645504,1
0.16014626622200012,1
0.31814923882484436,1
0.053765568882226944,1
0.07333382219076157,1
0.1117287278175354,1
0.11002439260482788,1
0.05489956960082054,1
0.06443064659833908,1
0.21335333585739136,1
0.1840013861656189,1
0.22293399274349213,1
0.17422005534172058,1
0.07354999333620071,1
0.2635592520236969,1
0.08624983578920364,1
0.18467582762241364,1
0.19871258735656738,1
0.05172578617930412,1
0.1747904121875763,1
0.033713165670633316,1
0.045164212584495544,1
0.09129233658313751,1
0.09593504667282104,1
0.053806159645318985,1
0.0718996524810791,1
0.08372988551855087,1
0.1590648889541626,1
0.05254112929105759,1
0.06420210003852844,1
0.055175717920064926,1
0.12962180376052856,1
0.21911916136741638,1
0.10949496179819107,1
0.05634818226099014,1
0.11908786743879318,1
0.02986779436469078,1
0.11420826613903046,1
0.16051754355430603,1
0.05739862471818924,1
0.04310248792171478,1
0.04682886227965355,1
0.08553215861320496,1
0.1707976758480072,1
0.15789900720119476,1
0.06366804987192154,1
0.15108856558799744,1
0.16436545550823212,1
0.1305708885192871,1
0.08632291108369827,1
0.055116381496191025,1
0.07820142805576324,1
0.03301006928086281,1
0.07248780131340027,1
0.0992540568113327,1
0.19691979885101318,1
0.038440555334091187,1
0.02205704338848591,1
0.1794513463973999,1
0.13445642590522766,1
0.1985723376274109,1
0.1482768952846527,1
0.029386207461357117,1
0.0292043574154377,1
0.11904890835285187,1
0.08210188150405884,1
0.14892376959323883,1
0.09527386724948883,1
0.21137495338916779,1
0.052442919462919235,1
0.04658730328083038,1
0.08496692776679993,1
0.16998907923698425,1
0.07001803815364838,1
0.049506060779094696,1
0.06787974387407303,1
0.017595428973436356,1
0.030681099742650986,1
0.06959933787584305,1
0.1924855262041092,1
0.0799848884344101,1
0.05964666232466698,1
0.13274361193180084,1
0.16759997606277466,1
0.11202242970466614,1
0.07006840407848358,1
0.16737939417362213,1
0.11114863306283951,1
0.07488567382097244,1
0.04952486604452133,1
0.14743028581142426,1
0.1975572407245636,1
0.11168687790632248,1
0.18291984498500824,1
0.06574031710624695,1
0.16394905745983124,1
0.23802536725997925,1
0.053725820034742355,1
0.09803114831447601,1
0.17494548857212067,1
0.09664398431777954,1
0.07134440541267395,1
0.2158079296350479,1
0.027063369750976563,1
0.20724746584892273,1
0.09617462754249573,1
0.0740516185760498,1
0.07518047094345093,1
0.11516106128692627,1
0.11388307809829712,1
0.05136376619338989,1
0.2110414057970047,1
0.25191035866737366,1
0.21952903270721436,1
0.1445315182209015,1
0.1367684006690979,1
0.11557000875473022,1
0.13249154388904572,1
0.09918734431266785,1
0.043345801532268524,1
0.036041274666786194,1
0.18437467515468597,1
0.07794123888015747,1
0.0468626394867897,1
0.3382441997528076,1
0.05510644242167473,1
0.04941127821803093,1
0.12707637250423431,1
0.06048167496919632,1
0.08054430782794952,1
0.047618091106414795,1
0.1739119589328766,1
0.11556749045848846,1
0.1891951560974121,1
0.09310567378997803,1
0.17087100446224213,1
0.0945328027009964,1
0.1912943720817566,1
0.1202775314450264,1
0.06653527915477753,1
0.17499253153800964,1
0.14067183434963226,1
0.07776429504156113,1
0.22113922238349915,1
0.09469016641378403,1
0.05394080653786659,1
0.2674780488014221,1
0.2320616990327835,1
0.15729454159736633,1
0.14826422929763794,1
0.29849421977996826,1
0.06760301440954208,1
0.10932406783103943,1
0.3149086833000183,1
0.24842965602874756,1
0.18432384729385376,1
0.08307936787605286,1
0.06800994277000427,1
0.14886881411075592,1
0.05534558370709419,1
0.06287018954753876,1
0.046420030295848846,1
0.06202740594744682,1
0.10995953530073166,1
0.0625545084476471,1
0.0819845050573349,1
0.26093003153800964,1
0.0941230058670044,1
0.1053638905286789,1
0.09444313496351242,1
0.2969045042991638,1
0.07431594282388687,1
0.08270855993032455,1
0.12319636344909668,1
0.11157698184251785,1
0.1735825389623642,1
0.16229777038097382,1
0.06308069825172424,1
0.14387263357639313,1
0.24470730125904083,1
0.07565318048000336,1
0.13011480867862701,1
0.08491630852222443,1
0.15295010805130005,1
0.15282952785491943,1
0.1035877987742424,1
0.042189694941043854,1
0.04688447341322899,1
0.17385615408420563,1
0.1282680481672287,1
0.11078242212533951,1
0.08472380042076111,1
0.04706789180636406,1
0.04580911248922348,1
0.13614647090435028,1
0.11043188720941544,1
0.1246841698884964,1
0.022864865139126778,1
0.06092223525047302,1
0.12451483309268951,1
0.25964194536209106,1
0.0917263925075531,1
0.05795304477214813,1
0.08220262825489044,1
0.08411329239606857,1
0.04176640138030052,1
0.13727790117263794,1
0.11833357810974121,1
0.04373373091220856,1
0.13945263624191284,1
0.053120069205760956,1
0.08804678916931152,1
0.24239008128643036,1
0.06929340958595276,1
0.08198008686304092,1
0.07584546506404877,1
0.09426601976156235,1
0.155320405960083,1
0.08353898674249649,1
0.04853247478604317,1
0.11082379519939423,1
0.22163304686546326,1
0.12751522660255432,1
0.20103886723518372,1
0.14411400258541107,1
0.1488989293575287,1
0.11517076939344406,1
0.17337915301322937,1
0.2045617699623108,1
0.11615272611379623,1
0.04178313538432121,1
0.28837502002716064,1
0.04916150122880936,1
0.13315309584140778,1
0.05417954921722412,1
0.1250426024198532,1
0.15708403289318085,1
0.10272012650966644,1
0.08197246491909027,1
0.1598038524389267,1
0.053404487669467926,1
0.10518870502710342,1
0.06390810012817383,1
0.04971032589673996,1
0.09129375964403152,1
0.06481058895587921,1
0.1414530873298645,1
0.14757701754570007,1
0.09663694351911545,1
0.15080299973487854,1
0.2958364486694336,1
0.09743492305278778,1
0.2193206399679184,1
0.04450369253754616,1
0.05697476491332054,1
0.09339233487844467,1
0.038358911871910095,1
0.09195280075073242,1
0.17204317450523376,1
0.09068097174167633,1
0.11841671168804169,1
0.09142795205116272,1
0.10550396144390106,1
0.04552748054265976,1
0.2794860601425171,1
0.08356671035289764,1
0.16920529305934906,1
0.17680703103542328,1
0.06570754945278168,1
0.23040379583835602,1
0.13154804706573486,1
0.04386628046631813,1
0.2384510338306427,1
0.19596123695373535,1
0.06204996258020401,1
0.07602863013744354,1
0.10285759717226028,1
0.13392424583435059,1
0.15306663513183594,1
0.12778913974761963,1
0.11984919011592865,1
0.2512688636779785,1
0.06412346661090851,1
0.15644212067127228,1
0.16192179918289185,1
0.1538570374250412,1
0.23621751368045807,1
0.10537813603878021,1
0.10860439389944077,1
0.21483109891414642,1
0.10488902032375336,1
0.07470697164535522,1
0.048604369163513184,1
0.03520973026752472,1
0.11487672477960587,1
0.13929465413093567,1
0.08255048096179962,1
0.42533525824546814,1
0.07632512599229813,1
0.13172483444213867,1
0.08137552440166473,1
0.14723147451877594,1
0.12749692797660828,1
0.13029605150222778,1
0.08919337391853333,1
0.11653908342123032,1
0.14349518716335297,1
0.11022232472896576,1
0.057663578540086746,1
0.06787100434303284,1
0.045886971056461334,1
0.013408172875642776,1
0.1003967672586441,1
0.14091546833515167,1
0.1956716626882553,1
0.113446906208992,1
0.27589792013168335,1
0.14113487303256989,1
0.10116896033287048,1
0.07419934123754501,1
0.05394960194826126,1
0.02397950179874897,1
0.18123914301395416,1
0.10666289925575256,1
0.07439771294593811,1
0.07747040688991547,1
0.09482647478580475,1
0.137698695063591,1
0.050553254783153534,1
0.14382153749465942,1
0.04722493141889572,1
0.12784449756145477,1
0.20740622282028198,1
0.12626850605010986,1
0.07771364599466324,1
0.19826385378837585,1
0.12517598271369934,1
0.2555029094219208,1
0.15473690629005432,1
0.0634363666176796,1
0.10416877269744873,1
0.1924581229686737,1
0.16004128754138947,1
0.20790624618530273,1
0.08296462148427963,1
0.05446546524763107,1
0.2517717778682709,1
0.036771614104509354,1
0.2883784770965576,1
0.2779494822025299,1
0.03416617959737778,1
0.12174913287162781,1
0.2219371795654297,1
0.020914368331432343,1
0.09118097275495529,1
0.04312102124094963,1
0.04674427583813667,1
0.06793493777513504,1
0.03632713109254837,1
0.06489308178424835,1
0.053924232721328735,1
0.17856988310813904,1
0.105704665184021,1
0.04519973695278168,1
0.32398998737335205,1
0.10833191126585007,1
0.016564274206757545,1
0.10328359156847,1
0.08956372737884521,1
0.11828814446926117,1
0.09182152152061462,1
0.1587466597557068,1
0.09599263966083527,1
0.11551278829574585,1
0.0866703987121582,1
0.10696049779653549,1
0.1317293494939804,1
0.17745748162269592,1
0.14532051980495453,1
0.13996575772762299,1
0.15415970981121063,1
0.0799044519662857,1
0.00758871017023921,1
0.13056927919387817,1
0.0813615471124649,1
0.054017528891563416,1
0.14994046092033386,1
0.061482612043619156,1
0.13354000449180603,1
0.10574178397655487,1
0.0718306452035904,1
0.44364815950393677,1
0.10955823212862015,1
0.08067602664232254,1
0.10099775344133377,1
0.16806013882160187,1
0.03884033486247063,1
0.1165173277258873,1
0.036469802260398865,1
0.04066990315914154,1
0.09428950399160385,1
0.02626190334558487,1
0.03561960160732269,1
0.057516373693943024,1
0.02971847541630268,1
0.10391492396593094,1
0.200253427028656,1
0.1823253035545349,1
0.029430173337459564,1
0.0709555596113205,1
0.11862661689519882,1
0.15235933661460876,1
0.18383200466632843,1
0.10921529680490494,1
0.05132707953453064,1
0.08553759753704071,1
0.15832360088825226,1
0.09221149981021881,1
0.06964253634214401,1
0.11548575758934021,1
0.08239708095788956,1
0.03975372016429901,1
0.42770299315452576,1
0.10062989592552185,1
0.22426645457744598,1
0.05445729196071625,1
0.1362122744321823,1
0.22578388452529907,1
0.08583476394414902,1
0.15580782294273376,1
0.17138788104057312,1
0.1539665013551712,1
0.2059648036956787,1
0.1266624480485916,1
0.09481322020292282,1
0.08654212951660156,1
0.09698726236820221,1
0.07469441741704941,1
0.11852310597896576,1
0.16535432636737823,1
0.07015484571456909,1
0.11240990459918976,1
0.3144721984863281,1
0.1033610999584198,1
0.058784231543540955,1
0.16055074334144592,1
0.14087127149105072,1
0.09174859523773193,1
0.24200163781642914,1
0.06401258707046509,1
0.09044574201107025,1
0.1603718400001526,1
0.2287614941596985,1
0.11293560266494751,1
0.09331174194812775,1
0.061573296785354614,1
0.04738454148173332,1
0.08178913593292236,1
0.06342319399118423,1
0.07364067435264587,1
0.11106288433074951,1
0.1390216052532196,1
0.18824517726898193,1
0.20522131025791168,1
0.055109113454818726,1
0.1837904006242752,1
0.07443930208683014,1
0.07470666617155075,1
0.10586145520210266,1
0.1294284611940384,1
0.10174509882926941,1
0.22353588044643402,1
0.19213548302650452,1
0.047225624322891235,1
0.08273430168628693,1
0.09463157504796982,1
0.06464420258998871,1
0.06403225660324097,1
0.06607498228549957,1
0.20253394544124603,1
0.05121268332004547,1
0.13404563069343567,1
0.06902550905942917,1
0.09640159457921982,1
0.3453672528266907,1
0.15403969585895538,1
0.045390158891677856,1
0.07304259389638901,1
0.1566222608089447,1
0.14110666513442993,1
0.21206329762935638,1
0.11244626343250275,1
0.10291554778814316,1
0.13128769397735596,1
0.03283141925930977,1
0.135661780834198,1
0.07071033120155334,1
0.07371731102466583,1
0.03608093038201332,1
0.055100273340940475,1
0.07167074829339981,1
0.11277750134468079,1
0.20640699565410614,1
0.13351884484291077,1
0.34739500284194946,1
0.17263546586036682,1
0.04326697811484337,1
0.07509734481573105,1
0.08773063868284225,1
0.08017699420452118,1
0.03448764234781265,1
0.07408062368631363,1
0.07524248212575912,1
0.10667572170495987,1
0.17613904178142548,1
0.06713985651731491,1
0.055391356348991394,1
0.05969811975955963,1
0.04525407776236534,1
0.12967327237129211,1
0.0976460874080658,1
0.2642812728881836,1
0.06652332097291946,1
0.12212340533733368,1
0.1676415503025055,1
0.09113959968090057,1
0.2305014431476593,1
0.11064936220645905,1
0.07600618898868561,1
0.08608859777450562,1
0.03809616342186928,1
0.08924999833106995,1
0.03546880930662155,1
0.03961506113409996,1
0.056483447551727295,1
0.10619993507862091,1
0.1095336303114891,1
0.20633681118488312,1
0.24283862113952637,1
0.08397858589887619,1
0.14917361736297607,1
0.15796534717082977,1
0.10582571476697922,1
0.07775881141424179,1
0.10383208096027374,1
0.061071425676345825,1
0.09831461310386658,1
0.04614697024226189,1
0.018725141882896423,1
0.0660572201013565,1
0.05370689183473587,1
0.0908762663602829,1
0.06118543818593025,1
0.19822776317596436,1
0.06344492733478546,1
0.16562750935554504,1
0.0916924774646759,1
0.15908871591091156,1
0.10885509848594666,1
0.12881332635879517,1
0.10736651718616486,1
0.1418941468000412,1
0.12395475804805756,1
0.14375010132789612,1
0.07302067428827286,1
0.15658830106258392,1
0.10506460815668106,1
0.16215607523918152,1
0.18891945481300354,1
0.10119324922561646,1
0.12727022171020508,1
0.13564060628414154,1
0.23155160248279572,1
0.07264146953821182,1
0.1279262900352478,1
0.020508546382188797,1
0.11067738384008408,1
0.0728544294834137,1
0.13874493539333344,1
0.14843964576721191,1
0.08373873680830002,1
0.048147596418857574,1
0.08873029798269272,1
0.1424364447593689,1
0.12281588464975357,1
0.2517280876636505,1
0.06411503255367279,1
0.15559227764606476,1
0.16467170417308807,1
0.19358767569065094,1
0.03734821081161499,1
0.04757719859480858,1
0.07753202319145203,1
0.05901031196117401,1
0.0541590079665184,1
0.11871789395809174,1
0.3023134469985962,1
0.021811548620462418,1
0.17737123370170593,1
0.21525326371192932,1
0.109641894698143,1
0.049993693828582764,1
0.2559855282306671,1
0.07324406504631042,1
0.07801732420921326,1
0.11973433941602707,1
0.050204526633024216,1
0.1179783046245575,1
0.12223157286643982,1
0.08769955486059189,1
0.10779319703578949,1
0.09094962477684021,1
0.08233697712421417,1
0.03994757682085037,1
0.05631934851408005,1
0.1895795464515686,1
0.14901308715343475,1
0.03751950338482857,1
0.22082802653312683,1
0.17682459950447083,1
0.11292198300361633,1
0.12069930881261826,1
0.058453887701034546,1
0.11254651099443436,1
0.2078993171453476,1
0.08120029419660568,1
0.03880581259727478,1
0.22896410524845123,1
0.13012361526489258,1
0.12672856450080872,1
0.062153857201337814,1
0.19112075865268707,1
0.06002112478017807,1
0.15832947194576263,1
0.05306429788470268,1
0.1232479140162468,1
0.10118064284324646,1
0.10695089399814606,1
0.07880320399999619,1
0.14769574999809265,1
0.04842888563871384,1
0.07894431799650192,1
0.08013547956943512,1
0.16096633672714233,1
0.10923382639884949,1
0.05231166630983353,1
0.18440234661102295,1
0.01672898605465889,1
0.0980951339006424,1
0.1377580463886261,1
0.04257339984178543,1
0.26007556915283203,1
0.21011334657669067,1
0.07904034107923508,1
0.10820958018302917,1
0.13306087255477905,1
0.10177046805620193,1
0.09849706292152405,1
0.048715416342020035,1
0.05535560101270676,1
0.16124989092350006,1
0.15115705132484436,1
0.4520716071128845,1
0.10369988530874252,1
0.04342584311962128,1
0.0639909878373146,1
0.09964507073163986,1
0.2908596098423004,1
0.13229826092720032,1
0.029738448560237885,1
0.09971684217453003,1
0.09435321390628815,1
0.13753364980220795,1
0.15501222014427185,1
0.13935662806034088,1
0.10233932733535767,1
0.06347164511680603,1
0.1695040762424469,1
0.05896992236375809,1
0.07476821541786194,1
0.038064949214458466,1
0.09603231400251389,1
0.02743608132004738,1
0.05823059380054474,1
0.07402568310499191,1
0.28462958335876465,1
0.061213865876197815,1
0.08161221444606781,1
0.07347674667835236,1
0.09422807395458221,1
0.10415118932723999,1
0.13355311751365662,1
0.10043586045503616,1
0.08148500323295593,1
0.10765320807695389,1
0.3056008219718933,1
0.07195136696100235,1
0.21857795119285583,1
0.2070445716381073,1
0.09863972663879395,1
0.11623129993677139,1
0.1115897074341774,1
0.04405432194471359,1
0.03721015527844429,1
0.01939644291996956,1
0.026393607258796692,1
0.12717831134796143,1
0.09965808689594269,1
0.07285672426223755,1
0.2389659881591797,1
0.06372134387493134,1
0.042519040405750275,1
0.08207139372825623,1
0.11415523290634155,1
0.07398631423711777,1
0.1145738735795021,1
0.11080783605575562,1
0.1636240929365158,1
0.12335535883903503,1
0.03645053505897522,1
0.11481416970491409,1
0.12295854091644287,1
0.026350460946559906,1
0.25183340907096863,1
0.13329453766345978,1
0.06975363940000534,1
0.0691261887550354,1
0.24120938777923584,1
0.11533592641353607,1
0.16410261392593384,1
0.0790150910615921,1
0.02947363629937172,1
0.03983008861541748,1
0.11199559271335602,1
0.14907197654247284,1
0.09453584998846054,1
0.0656723827123642,1
0.12599492073059082,1
0.2639366686344147,1
0.15952518582344055,1
0.16040858626365662,1
0.09055593609809875,1
0.11562701314687729,1
0.09432608634233475,1
0.06448456645011902,1
0.08877503871917725,1
0.05347631126642227,1
0.04518994688987732,1
0.08928277343511581,1
0.16216404736042023,1
0.05915282666683197,1
0.1350790560245514,1
0.1698252260684967,1
0.11010631173849106,1
0.18187172710895538,1
0.01945936679840088,1
0.08966262638568878,1
0.12934699654579163,1
0.16937744617462158,1
0.15028321743011475,1
0.10247310250997543,1
0.19664119184017181,1
0.10432370007038116,1
0.12599870562553406,1
0.16620521247386932,1
0.1125381588935852,1
0.11441776156425476,1
0.2847130000591278,1
0.20960929989814758,1
0.09542276710271835,1
0.04219449311494827,1
0.15510351955890656,1
0.17582768201828003,1
0.1449417769908905,1
0.24485436081886292,1
0.08191320300102234,1
0.12408173084259033,1
0.07274958491325378,1
0.06770933419466019,1
0.11517542600631714,1
0.06873192638158798,1
0.09716443717479706,1
0.1624181568622589,1
0.11067144572734833,1
0.05028779059648514,1
0.21024632453918457,1
0.060867369174957275,1
0.07200668752193451,1
0.08309882879257202,1
0.1518704891204834,1
0.0716572105884552,1
0.16910022497177124,1
0.04157838970422745,1
0.047168128192424774,1
0.0832478404045105,1
0.08961546421051025,1
0.05029895529150963,1
0.10005470365285873,1
0.06426859647035599,1
0.06693071126937866,1
0.07153373956680298,1
0.2672446668148041,1
0.06361178308725357,1
0.1154426857829094,1
0.20292183756828308,1
0.1752413511276245,1
0.06719354540109634,1
0.34205174446105957,1
0.11676470190286636,1
0.2627689838409424,1
0.051287561655044556,1
0.11473514884710312,1
0.14281333982944489,1
0.02011420950293541,1
0.16408120095729828,1
0.06585872918367386,1
0.1547320932149887,1
0.21134021878242493,1
0.21542106568813324,1
0.06533810496330261,1
0.038087617605924606,1
0.045248035341501236,1
0.1527535319328308,1
0.02267414890229702,1
0.0417996421456337,1
0.07606153935194016,1
0.05829301103949547,1
0.11976068466901779,1
0.10672961175441742,1
0.10445480793714523,1
0.12342208623886108,1
0.2730763852596283,1
0.08562295883893967,1
0.11407949775457382,1
0.18066337704658508,1
0.14308105409145355,1
0.04853050783276558,1
0.05609601363539696,1
0.06587797403335571,1
0.09191733598709106,1
0.12085272371768951,1
0.06084580346941948,1
0.2357979267835617,1
0.054811425507068634,1
0.08960341662168503,1
0.034291449934244156,1
0.06752889603376389,1
0.1525842547416687,1
0.10783590376377106,1
0.06023993343114853,1
0.13445882499217987,1
0.10505916178226471,1
0.1067655086517334,1
0.0382789671421051,1
0.09253149479627609,1
0.13890057802200317,1
0.052016422152519226,1
0.03239193558692932,1
0.06171999126672745,1
0.12605014443397522,1
0.1597767174243927,1
0.11344686150550842,1
0.1651017963886261,1
0.14881294965744019,1
0.16831880807876587,1
0.06652021408081055,1
0.1094803586602211,1
0.058935411274433136,1
0.2578737735748291,1
0.03999309614300728,1
0.15837454795837402,1
0.12183205783367157,1
0.08209323137998581,1
0.059889741241931915,1
0.054915595799684525,1
0.10625080019235611,1
0.11621610820293427,1
0.08882484585046768,1
0.1872279942035675,1
0.0702638328075409,1
0.0946294516324997,1
0.05643169581890106,1
0.08081220090389252,1
0.06450597196817398,1
0.05041809752583504,1
0.028309252113103867,1
0.14136481285095215,1
0.1766357123851776,1
0.1411672979593277,1
0.0698981061577797,1
0.125904381275177,1
0.06273989379405975,1
0.2700613737106323,1
0.04316939786076546,1
0.04495580121874809,1
0.06898047029972076,1
0.10096712410449982,1
0.03781789168715477,1
0.1526423990726471,1
0.10148107260465622,1
0.0944821909070015,1
0.03729986771941185,1
0.42163825035095215,1
0.03531784936785698,1
0.12013842165470123,1
0.09032373875379562,1
0.11723345518112183,1
0.093584343791008,1
0.07292522490024567,1
0.1444019228219986,1
0.10567942261695862,1
0.16263194382190704,1
0.08925880491733551,1
0.020940100774168968,1
0.11967474967241287,1
0.14279812574386597,1
0.05755891650915146,1
0.08137661218643188,1
0.07017982006072998,1
0.03595435619354248,1
0.18575793504714966,1
0.2832067012786865,1
0.06507386267185211,1
0.09607458114624023,1
0.060942985117435455,1
0.12510472536087036,1
0.05180571600794792,1
0.11758257448673248,1
0.11580736935138702,1
0.14083552360534668,1
0.08595270663499832,1
0.08182122558355331,1
0.0959213525056839,1
0.0888466089963913,1
0.05966603383421898,1
0.24376536905765533,1
0.04581167921423912,1
0.04033973813056946,1
0.05582384020090103,1
0.04034686088562012,1
0.10213997215032578,1
0.13374698162078857,1
0.10768334567546844,1
0.1507585495710373,1
0.10951197147369385,1
0.10530945658683777,1
0.21327558159828186,1
0.22488448023796082,1
0.1837853044271469,1
0.09869647771120071,1
0.05531573295593262,1
0.2134678065776825,1
0.2573385238647461,1
0.1307332068681717,1
0.028747037053108215,1
0.02883586287498474,1
0.18656566739082336,1
0.04628824070096016,1
0.10255984961986542,1
0.11195215582847595,1
0.04287198930978775,1
0.11382448673248291,1
0.09041622281074524,1
0.08453799784183502,1
0.0685509741306305,1
0.23880456387996674,1
0.12916211783885956,1
0.18721453845500946,1
0.040715936571359634,1
0.26537010073661804,1
0.08329929411411285,1
0.10596854984760284,1
0.0712975412607193,1
0.15405431389808655,1
0.17977534234523773,1
0.11589960008859634,1
0.022036833688616753,1
0.1478816121816635,1
0.03410699591040611,1
0.16260039806365967,1
0.10280885547399521,1
0.1558922529220581,1
0.06283961981534958,1
0.04794936254620552,1
0.19584646821022034,1
0.06040491163730621,1
0.04390329867601395,1
0.07159342616796494,1
0.07920476794242859,1
0.133640855550766,1
0.10208211839199066,1
0.21077971160411835,1
0.12343616038560867,1
0.11476054042577744,1
0.11443435400724411,1
0.11594783514738083,1
0.06642046570777893,1
0.22031977772712708,1
0.2218799591064453,1
0.05553095415234566,1
0.24657239019870758,1
0.042208120226860046,1
0.05026400834321976,1
0.10076825320720673,1
0.06380253285169601,1
0.1787331998348236,1
0.09502065926790237,1
0.14791220426559448,1
0.08220413327217102,1
0.2463672161102295,1
0.2741188406944275,1
0.21727564930915833,1
0.23034057021141052,1
0.05502544343471527,1
0.10133517533540726,1
0.08860354870557785,1
0.23081865906715393,1
0.3010616898536682,1
0.07971354573965073,1
0.07168198376893997,1
0.1406872421503067,1
0.0426618754863739,1
0.09235640615224838,1
0.09583524614572525,1
0.2050202339887619,1
0.28480201959609985,1
0.07301759719848633,1
0.30095890164375305,1
0.060149870812892914,1
0.10482653975486755,1
0.04232760891318321,1
0.05696340277791023,1
0.05862854793667793,1
0.07711520045995712,1
0.1219700425863266,1
0.11931422352790833,1
0.37244001030921936,1
0.16802306473255157,1
0.12581497430801392,1
0.07276274263858795,1
0.14221706986427307,1
0.12193421274423599,1
0.07939896732568741,1
0.0599466972053051,1
0.0542403981089592,1
0.20607995986938477,1
0.08405473083257675,1
0.1480080932378769,1
0.29019495844841003,1
0.1052064448595047,1
0.08478972315788269,1
0.1796884536743164,1
0.28687822818756104,1
0.06372198462486267,1
0.09032051265239716,1
0.14746695756912231,1
0.1386432647705078,1
0.06684649735689163,1
0.18923059105873108,1
0.09614601731300354,1
0.05155414715409279,1
0.13277679681777954,1
0.06820639967918396,1
0.136863112449646,1
0.1271691918373108,1
0.24231776595115662,1
0.1109006404876709,1
0.09427297860383987,1
0.07047424465417862,1
0.26633620262145996,1
0.09694250673055649,1
0.1319592297077179,1
0.047388382256031036,1
0.04129214957356453,1
0.05825258791446686,1
0.10637373477220535,1
0.04270472005009651,1
0.10198786854743958,1
0.24826809763908386,1
0.06665024161338806,1
0.05293861776590347,1
0.09342650324106216,1
0.09740007668733597,1
0.10518358647823334,1
0.155901238322258,1
0.21729247272014618,1
0.13275593519210815,1
0.10264534503221512,1
0.08926809579133987,1
0.19731630384922028,1
0.05368644371628761,1
0.13314202427864075,1
0.12081924825906754,1
0.0978715643286705,1
0.12521770596504211,1
0.15524807572364807,1
0.22696545720100403,1
0.21263059973716736,1
0.13869699835777283,1
0.08008713275194168,1
0.0859982892870903,1
0.06292097270488739,1
0.046538516879081726,1
0.07300008833408356,1
0.10327991843223572,1
0.18916289508342743,1
0.1572006344795227,1
0.06674718856811523,1
0.1688399314880371,1
0.2279597818851471,1
0.03657190874218941,1
0.3158567249774933,1
0.08876284211874008,1
0.21619679033756256,1
0.13401883840560913,1
0.14594906568527222,1
0.12229582667350769,1
0.06766554713249207,1
0.07619095593690872,1
0.037899650633335114,1
0.06428008526563644,1
0.2952423691749573,1
0.03752819448709488,1
0.2220386564731598,1
0.06724913418292999,1
0.05705571919679642,1
0.1476612091064453,1
0.06016187369823456,1
0.15213879942893982,1
0.17036953568458557,1
0.10056249797344208,1
0.19240731000900269,1
0.1287020742893219,1
0.12923426926136017,1
0.1393316686153412,1
0.10570918768644333,1
0.1833111047744751,1
0.03353331238031387,1
0.08869338035583496,1
0.07200497388839722,1
0.12498228251934052,1
0.09712880849838257,1
0.07800280302762985,1
0.07335662096738815,1
0.041760850697755814,1
0.08341299742460251,1
0.100545734167099,1
0.2044302225112915,1
0.08105384558439255,1
0.16485099494457245,1
0.2031242400407791,1
0.15975818037986755,1
0.05228377878665924,1
0.07572520524263382,1
0.09794511646032333,1
0.1987512707710266,1
0.20758113265037537,1
0.03993590548634529,1
0.04175727069377899,1
0.24479886889457703,1
0.11679854243993759,1
0.0807652547955513,1
0.151786670088768,1
0.12793387472629547,1
0.2533639073371887,1
0.033289991319179535,1
0.0732061117887497,1
0.09355999529361725,1
0.13586865365505219,1
0.13964256644248962,1
0.06555792689323425,1
0.14281505346298218,1
0.05585869029164314,1
0.07341719418764114,1
0.02835741639137268,1
0.1497947871685028,1
0.14079517126083374,1
0.06974484026432037,1
0.024570293724536896,1
0.10464464873075485,1
0.2252119928598404,1
0.11699644476175308,1
0.1111006960272789,1
0.11922673881053925,1
0.1357356309890747,1
0.0944422036409378,1
0.1385161578655243,1
0.1306244134902954,1
0.06086360663175583,1
0.061885394155979156,1
0.22819150984287262,1
0.24776224792003632,1
0.1039566844701767,1
0.1662258505821228,1
0.1455053985118866,1
0.08229169249534607,1
0.02845321036875248,1
0.13347145915031433,1
0.12450660765171051,1
0.14849984645843506,1
0.42786112427711487,1
0.21019399166107178,1
0.08129001408815384,1
0.07228882610797882,1
0.08113230019807816,1
0.15964479744434357,1
0.16464975476264954,1
0.03005223721265793,1
0.2619076073169708,1
0.12354108691215515,1
0.11420197784900665,1
0.15168029069900513,1
0.04872235655784607,1
0.3742198646068573,1
0.1014200747013092,1
0.032453108578920364,1
0.10054643452167511,1
0.03809531405568123,1
0.13577692210674286,1
0.04400093853473663,1
0.09258890151977539,1
0.08974751085042953,1
0.15484508872032166,1
0.2359023094177246,1
0.1330336630344391,1
0.09300363808870316,1
0.19012422859668732,1
0.08028726279735565,1
0.21543967723846436,1
0.07465655356645584,1
0.030836626887321472,1
0.16412600874900818,1
0.0824720486998558,1
0.04558580741286278,1
0.2062397301197052,1
0.17220202088356018,1
0.015507213771343231,1
0.04526785761117935,1
0.05676039680838585,1
0.050815287977457047,1
0.06409425288438797,1
0.07482913881540298,1
0.11407400667667389,1
0.08546079695224762,1
0.07395246624946594,1
0.06477778404951096,1
0.13565614819526672,1
0.11755162477493286,1
0.21105608344078064,1
0.02473105490207672,1
0.1701711118221283,1
0.13504190742969513,1
0.09306713938713074,1
0.03890601173043251,1
0.0787847489118576,1
0.02106289751827717,1
0.07575200498104095,1
0.09592442214488983,1
0.11321725696325302,1
0.0385136604309082,1
0.14251936972141266,1
0.09977097064256668,1
0.04006056487560272,1
0.15395571291446686,1
0.09519188851118088,1
0.03139910846948624,1
0.09678137302398682,1
0.19482117891311646,1
0.29106906056404114,1
0.1138746365904808,1
0.08509083092212677,1
0.13574546575546265,1
0.1705150008201599,1
0.07814785838127136,1
0.09142184257507324,1
0.19383631646633148,1
0.03447965532541275,1
0.06580695509910583,1
0.1907826066017151,1
0.08363530039787292,1
0.056076377630233765,1
0.10498823970556259,1
0.15447692573070526,1
0.13232377171516418,1
0.3350353240966797,1
0.06215636804699898,1
0.09177257120609283,1
0.11409920454025269,1
0.020511409267783165,1
0.04463448002934456,1
0.1258344203233719,1
0.11376741528511047,1
0.30060216784477234,1
0.07052025198936462,1
0.25767624378204346,1
0.07442683726549149,1
0.12204250693321228,1
0.042976073920726776,1
0.07362091541290283,1
0.10109126567840576,1
0.09232841432094574,1
0.20407111942768097,1
0.042843274772167206,1
0.09767848998308182,1
0.15679876506328583,1
0.11870003491640091,1
0.09906215965747833,1
0.1252502053976059,1
0.08985493332147598,1
0.08897823095321655,1
0.07988711446523666,1
0.062716543674469,1
0.0779496356844902,1
0.15614356100559235,1
0.11643794178962708,1
0.13416793942451477,1
0.1238936185836792,1
0.1319931298494339,1
0.04774060100317001,1
0.07775215804576874,1
0.11428794264793396,1
0.10810717940330505,1
0.09481622278690338,1
0.07989899069070816,1
0.12719936668872833,1
0.09798316657543182,1
0.08503612130880356,1
0.1125621497631073,1
0.03493562713265419,1
0.06606709957122803,1
0.1345096230506897,1
0.24367627501487732,1
0.133951798081398,1
0.08955476433038712,1
0.060513075441122055,1
0.0642382800579071,1
0.09082378447055817,1
0.07836118340492249,1
0.16475094854831696,1
0.029836533591151237,1
0.04326728731393814,1
0.07711447030305862,1
0.0692216083407402,1
0.09177419543266296,1
0.022231366485357285,1
0.0487985797226429,1
0.11604981869459152,1
0.20615781843662262,1
0.16118741035461426,1
0.08231347054243088,1
0.12425074726343155,1
0.0883292481303215,1
0.18513141572475433,1
0.2086176574230194,1
0.0769527480006218,1
0.12737374007701874,1
0.15294095873832703,1
0.07570747286081314,1
0.1767275035381317,1
0.06639736145734787,1
0.03549185022711754,1
0.019014716148376465,1
0.07890947163105011,1
0.05833227187395096,1
0.1871742457151413,1
0.09256866574287415,1
0.1650107353925705,1
0.04671357572078705,1
0.12135660648345947,1
0.08448661863803864,1
0.12005956470966339,1
0.138803169131279,1
0.16539645195007324,1
0.29954418540000916,1
0.2880667746067047,1
0.05486905574798584,1
0.15424346923828125,1
0.03475123271346092,1
0.2785800099372864,1
0.08367125689983368,1
0.0580429770052433,1
0.21888481080532074,1
0.18419149518013,1
0.053840361535549164,1
0.0703650414943695,1
0.1537531614303589,1
0.12136130034923553,1
0.14318732917308807,1
0.13937309384346008,1
0.12841974198818207,1
0.08828164637088776,1
0.13374125957489014,1
0.07631685584783554,1
0.052500344812870026,1
0.14348214864730835,1
0.07193776965141296,1
0.17737416923046112,1
0.15211685001850128,1
0.1156412810087204,1
0.03560445457696915,1
0.06063229963183403,1
0.15141190588474274,1
0.09240400791168213,1
0.13823187351226807,1
0.05715465173125267,1
0.18183791637420654,1
0.09574126452207565,1
0.09469178318977356,1
0.10873517394065857,1
0.21521814167499542,1
0.0888528972864151,1
0.12343338131904602,1
0.07031667977571487,1
0.15030863881111145,1
0.07904484868049622,1
0.12025929987430573,1
0.13236984610557556,1
0.058487970381975174,1
0.023904159665107727,1
0.31523722410202026,1
0.0817660540342331,1
0.16569161415100098,1
0.11753617227077484,1
0.14645789563655853,1
0.15092067420482635,1
0.0564456433057785,1
0.16908308863639832,1
0.15549983084201813,1
0.12567001581192017,1
0.09833609312772751,1
0.006858223117887974,1
0.20363172888755798,1
0.1693045198917389,1
0.020156092941761017,1
0.4144754409790039,1
0.11158473789691925,1
0.14265693724155426,1
0.02845369093120098,1
