1.3226724863052368,1
1.1103070974349976,1
1.1730351448059082,1
1.1315144300460815,1
1.1844844818115234,1
1.113137125968933,1
1.0469560623168945,1
1.0691089630126953,1
1.0278160572052002,1
1.0473843812942505,1
1.0550310611724854,1
1.0483723878860474,1
1.0261964797973633,1
1.0555568933486938,1
0.9904136061668396,1
0.9858959317207336,1
0.9347609281539917,1
1.015363335609436,1
0.971838116645813,1
0.9022576808929443,1
0.9031131863594055,1
0.9985125064849854,1
0.8472318649291992,1
0.9715341329574585,1
1.0393600463867188,1
0.8445861339569092,1
0.8974456191062927,1
0.9936299324035645,1
0.887170135974884,1
0.8158125281333923,1
0.9817127585411072,1
0.9576990604400635,1
0.977516770362854,1
0.8635842800140381,1
0.8979039192199707,1
0.9565262794494629,1
0.9809743165969849,1
0.8247323036193848,1
0.868961751461029,1
0.8323345184326172,1
0.843144416809082,1
1.0649099349975586,1
0.9555841684341431,1
0.8530747890472412,1
0.8513091802597046,1
0.9371227025985718,1
1.104609727859497,1
0.9094163179397583,1
0.8216209411621094,1
0.9168647527694702,1
1.0530411005020142,1
0.8772296905517578,1
0.9674749374389648,1
0.9198644757270813,1
0.8740658164024353,1
0.8525097370147705,1
0.9290492534637451,1
0.8202987313270569,1
0.8609217405319214,1
0.8785015940666199,1
0.8930310010910034,1
0.8665931224822998,1
0.8547742962837219,1
0.8683158159255981,1
0.9741768836975098,1
0.8357079029083252,1
0.8318971395492554,1
0.8996734619140625,1
0.6411607265472412,1
0.909169614315033,1
0.8706542253494263,1
0.7133992910385132,1
0.8651255965232849,1
0.9023785591125488,1
0.85579514503479,1
0.7322691679000854,1
0.7174659967422485,1
0.6062955260276794,1
0.9697899222373962,1
0.930138349533081,1
1.0516338348388672,1
1.0306625366210938,1
0.7220302820205688,1
0.8109333515167236,1
0.7894881367683411,1
0.8781181573867798,1
1.0123941898345947,1
0.984494686126709,1
0.7704021334648132,1
0.8748142719268799,1
0.8245170712471008,1
0.9610493183135986,1
0.8650408387184143,1
0.7565388679504395,1
0.6953409910202026,1
1.1100953817367554,1
0.7227795720100403,1
0.8080722689628601,1
0.7271890640258789,1
0.6303385496139526,1
0.8322614431381226,1
1.0240195989608765,1
0.8617023229598999,1
0.7855504751205444,1
0.7566432952880859,1
0.917465090751648,1
0.6607500910758972,1
0.7985481023788452,1
0.8591392040252686,1
0.7119205594062805,1
0.7992210388183594,1
0.7614550590515137,1
0.6351945996284485,1
0.8899336457252502,1
0.7868950366973877,1
0.7150182127952576,1
0.757962703704834,1
0.7554200887680054,1
0.8468952775001526,1
0.7485116720199585,1
0.8083553314208984,1
0.7533937692642212,1
0.7494989037513733,1
0.798247218132019,1
0.8883216381072998,1
0.7756341695785522,1
0.7703648805618286,1
0.7963221073150635,1
0.6776377558708191,1
0.685355544090271,1
0.7141032218933105,1
1.0231808423995972,1
0.8372072577476501,1
0.5763573050498962,1
0.8596795797348022,1
0.6298062205314636,1
0.8183753490447998,1
0.8216167688369751,1
0.7677017450332642,1
0.8575083017349243,1
0.6647276878356934,1
0.7790210247039795,1
0.7865298390388489,1
1.0113844871520996,1
0.8388651609420776,1
0.7913970947265625,1
0.8303651809692383,1
0.680626392364502,1
0.7317639589309692,1
0.6249109506607056,1
0.672722578048706,1
0.7923601865768433,1
0.8154162764549255,1
0.8121098279953003,1
0.7165521383285522,1
0.731843113899231,1
0.9086555242538452,1
0.7003295421600342,1
0.6100931763648987,1
0.6794208288192749,1
0.858963131904602,1
0.9142405986785889,1
0.8204099535942078,1
0.9759248495101929,1
0.8321071863174438,1
0.8355770111083984,1
0.9815990328788757,1
0.8837255239486694,1
0.7052823305130005,1
0.8373444080352783,1
0.7136738300323486,1
0.7731091976165771,1
0.7512328028678894,1
0.6444520354270935,1
0.9153850078582764,1
0.7367658019065857,1
0.8717669248580933,1
0.8463713526725769,1
0.8041470050811768,1
0.7664341926574707,1
0.6801387071609497,1
0.8076474666595459,1
0.8671298027038574,1
0.7010185718536377,1
0.6470912098884583,1
0.8414516448974609,1
0.6049225330352783,1
0.8651578426361084,1
0.7218660712242126,1
0.768265426158905,1
0.8224581480026245,1
0.8467954397201538,1
0.7334128618240356,1
0.6959516406059265,1
0.7293444275856018,1
0.5848748683929443,1
0.8532546758651733,1
0.8233100771903992,1
0.7517614960670471,1
0.9432706236839294,1
0.8210486173629761,1
0.5890661478042603,1
0.7190191745758057,1
0.8113071322441101,1
0.9116626977920532,1
0.7016355395317078,1
0.7100735902786255,1
0.7893620729446411,1
0.7531542181968689,1
0.7799885272979736,1
0.7192809581756592,1
0.5785595774650574,1
0.8056360483169556,1
0.7938956618309021,1
0.682854175567627,1
0.6156911253929138,1
0.8509848713874817,1
0.8511099815368652,1
0.9109148979187012,1
0.7516528367996216,1
0.7657829523086548,1
0.7868656516075134,1
0.49478647112846375,1
0.676761269569397,1
0.856494128704071,1
0.7531964182853699,1
0.5855922698974609,1
0.6484315395355225,1
0.6628671884536743,1
0.8251938223838806,1
0.8483078479766846,1
0.7730634212493896,1
0.7211930751800537,1
0.9749962687492371,1
0.7418779134750366,1
0.8522629737854004,1
0.7619264125823975,1
0.8551416993141174,1
0.8953908085823059,1
0.717954695224762,1
0.6970723867416382,1
0.7642046213150024,1
0.774577260017395,1
0.6802248358726501,1
0.607631266117096,1
0.8638145923614502,1
0.7805029153823853,1
0.7299783229827881,1
0.6832520365715027,1
0.7468230128288269,1
0.7772265672683716,1
0.8452814817428589,1
0.760819137096405,1
0.8322221040725708,1
0.8391862511634827,1
0.6913620233535767,1
0.5948481559753418,1
0.9463369846343994,1
0.6887574195861816,1
0.7712337970733643,1
0.7414354085922241,1
0.862973690032959,1
0.821256160736084,1
0.7260446548461914,1
0.6541345119476318,1
0.8074831962585449,1
0.8134781122207642,1
0.793687105178833,1
0.7659129500389099,1
0.6039029359817505,1
0.8875923156738281,1
0.7156482934951782,1
0.5829018354415894,1
0.730896532535553,1
0.7801319360733032,1
0.6949454545974731,1
0.6606175303459167,1
0.6717644333839417,1
0.7057850956916809,1
0.814251184463501,1
0.8300957679748535,1
0.6812798976898193,1
0.9177833199501038,1
0.8405431509017944,1
0.6683591604232788,1
0.7039757966995239,1
0.6312430500984192,1
0.6489238142967224,1
0.7414507865905762,1
0.7981261014938354,1
0.6306999921798706,1
0.8009506464004517,1
0.6610106229782104,1
0.702430009841919,1
0.8658635020256042,1
0.8299075365066528,1
0.9205654859542847,1
0.5844411253929138,1
0.7165768146514893,1
0.5573986768722534,1
0.7296425700187683,1
0.88437819480896,1
0.7713620662689209,1
0.5733328461647034,1
0.7489243149757385,1
0.8227465748786926,1
0.5506007671356201,1
0.5295486450195313,1
0.7253972291946411,1
0.8335751891136169,1
0.8503412008285522,1
0.8784992098808289,1
0.7281690835952759,1
0.783646285533905,1
0.6442292332649231,1
0.6018301844596863,1
0.6915783286094666,1
0.6440251469612122,1
0.5576689839363098,1
1.0426284074783325,1
0.7196859121322632,1
0.6724942326545715,1
0.8551616668701172,1
0.679517388343811,1
0.8630263805389404,1
0.5060696601867676,1
0.6132920980453491,1
0.769043505191803,1
0.7417654991149902,1
0.5914364457130432,1
0.6757842898368835,1
0.8253087997436523,1
0.5688450336456299,1
0.6284992694854736,1
0.6976968050003052,1
0.8843560218811035,1
0.6640591621398926,1
0.5393056273460388,1
0.8008790016174316,1
0.6782801747322083,1
0.6783116459846497,1
0.8648037314414978,1
0.7692126631736755,1
0.5700458288192749,1
0.9400076270103455,1
0.6169315576553345,1
0.7531969547271729,1
0.5552660226821899,1
0.6306624412536621,1
0.6859010457992554,1
0.6638777256011963,1
0.4966438114643097,1
0.8313435912132263,1
0.6853876709938049,1
0.7528037428855896,1
0.7926801443099976,1
0.8229161500930786,1
0.578997790813446,1
0.6506153345108032,1
0.6381787657737732,1
0.6301851272583008,1
0.7490799427032471,1
0.6005095839500427,1
0.8164132833480835,1
0.5064306259155273,1
0.5132918357849121,1
0.7529407739639282,1
0.8347548246383667,1
0.7482637166976929,1
0.8095136880874634,1
0.7454805970191956,1
0.5568702220916748,1
0.8704826831817627,1
0.6646424531936646,1
0.6662144064903259,1
0.8419421911239624,1
0.7315641045570374,1
0.6957517862319946,1
0.5528686046600342,1
0.563429057598114,1
0.6028541326522827,1
0.7559474110603333,1
0.7442449331283569,1
0.9535045623779297,1
0.7743870615959167,1
0.7778153419494629,1
0.8980420827865601,1
0.7482471466064453,1
0.837592601776123,1
0.8215103149414063,1
0.7739858031272888,1
0.8499553203582764,1
0.6906493306159973,1
0.6610957384109497,1
0.5949161052703857,1
0.7306716442108154,1
0.7401024103164673,1
0.7322461009025574,1
0.9866650104522705,1
0.8226345181465149,1
0.6875372529029846,1
0.7838594317436218,1
0.7331287860870361,1
0.7736214995384216,1
0.8637042045593262,1
0.6862258911132813,1
0.8065376281738281,1
0.538815975189209,1
0.7557348012924194,1
0.7363275289535522,1
0.7096726298332214,1
0.7211442589759827,1
0.7282528877258301,1
0.8124686479568481,1
0.6472765803337097,1
0.8016763925552368,1
0.8049924373626709,1
0.6410421133041382,1
0.663950502872467,1
0.7973827123641968,1
0.6467557549476624,1
0.6240363717079163,1
0.5536079406738281,1
0.6742879748344421,1
0.9253904819488525,1
0.5435234308242798,1
0.586012601852417,1
0.6610571146011353,1
0.6869496703147888,1
0.7458642721176147,1
0.6028139591217041,1
0.7427707314491272,1
0.8195558786392212,1
0.7482283115386963,1
0.8794583082199097,1
0.7269200086593628,1
0.8584833145141602,1
0.8887000679969788,1
0.8050988912582397,1
0.7463354468345642,1
0.603174090385437,1
0.5506036281585693,1
0.6704587340354919,1
0.5170583128929138,1
0.7253057956695557,1
0.6793942451477051,1
0.7574271559715271,1
0.7228280901908875,1
0.8789598941802979,1
0.7149107456207275,1
0.5810232162475586,1
0.6952730417251587,1
0.6876928210258484,1
0.6757831573486328,1
0.7462966442108154,1
0.7791643738746643,1
0.5780057907104492,1
0.5473964810371399,1
0.604158878326416,1
0.8692667484283447,1
0.6882409453392029,1
0.7152847647666931,1
0.7232300043106079,1
0.6680792570114136,1
0.40249574184417725,1
0.8153393268585205,1
0.832898736000061,1
0.6390186548233032,1
0.6557339429855347,1
0.6486255526542664,1
0.7674576044082642,1
0.8021008968353271,1
0.6645476818084717,1
0.6182980537414551,1
0.6919333934783936,1
0.5986924767494202,1
0.7131738662719727,1
0.6804021596908569,1
0.5261154770851135,1
0.7399132251739502,1
0.6492119431495667,1
0.9454642534255981,1
0.7661613821983337,1
0.6680758595466614,1
0.8154768943786621,1
0.7721533179283142,1
0.5345966219902039,1
0.6746147871017456,1
0.7584877014160156,1
0.5064383745193481,1
0.8030869960784912,1
0.633840799331665,1
0.5185338854789734,1
0.5076550841331482,1
0.5292465090751648,1
0.8352209329605103,1
0.720680832862854,1
0.8089273571968079,1
0.7099794149398804,1
0.7176049947738647,1
0.5802668333053589,1
0.7022681832313538,1
0.6918192505836487,1
0.6052407622337341,1
0.5541036128997803,1
0.6901148557662964,1
0.8013092279434204,1
0.9155986905097961,1
0.6468698382377625,1
0.5755931735038757,1
0.5006228089332581,1
0.7995878458023071,1
0.5939464569091797,1
0.8006462454795837,1
0.8061824440956116,1
0.6650503873825073,1
0.5921532511711121,1
0.8536235094070435,1
0.6917067170143127,1
0.7758687734603882,1
0.5775321125984192,1
0.8053529262542725,1
0.618453323841095,1
0.7452979683876038,1
0.8468607664108276,1
0.8005995750427246,1
0.6262900829315186,1
0.4603477716445923,1
0.5805877447128296,1
0.5005574226379395,1
0.7305998206138611,1
0.7244399785995483,1
0.7108848690986633,1
0.5191821455955505,1
0.7781361937522888,1
0.9169324636459351,1
0.6563760042190552,1
0.8285927772521973,1
0.622939944267273,1
0.6711167097091675,1
0.6408487558364868,1
0.5125308632850647,1
0.729451060295105,1
0.608669638633728,1
0.6134585738182068,1
0.810839831829071,1
0.724322497844696,1
0.6910509467124939,1
0.6562581062316895,1
0.7324680089950562,1
0.6967834234237671,1
0.6193599700927734,1
0.9201623201370239,1
0.7006194591522217,1
0.5413510203361511,1
0.4940653443336487,1
0.5989699959754944,1
0.6904315948486328,1
0.7674120664596558,1
0.81630539894104,1
0.5560369491577148,1
0.6447404623031616,1
0.5862343907356262,1
0.7273955345153809,1
0.780602753162384,1
0.6456589102745056,1
0.7912263870239258,1
0.7446656823158264,1
0.5640404224395752,1
0.6524389982223511,1
0.4814891815185547,1
0.489155650138855,1
0.5792648792266846,1
0.8221060633659363,1
0.5961475372314453,1
0.6862046718597412,1
0.8207541704177856,1
0.5185590386390686,1
0.5379112958908081,1
0.5750898718833923,1
0.5437860488891602,1
0.5752813816070557,1
0.8230109810829163,1
0.8490692377090454,1
0.8393174409866333,1
0.7122085690498352,1
0.6409021615982056,1
0.7024270296096802,1
0.45125284790992737,1
0.6634938716888428,1
0.4175794720649719,1
0.6099197864532471,1
0.6917181015014648,1
0.8164708614349365,1
0.8914955854415894,1
0.6924416422843933,1
0.6482306718826294,1
0.8453613519668579,1
0.5175215005874634,1
0.5488019585609436,1
0.5774799585342407,1
0.852857232093811,1
0.7075645923614502,1
0.529600203037262,1
0.745154619216919,1
0.8563116192817688,1
0.4033687114715576,1
0.8048650026321411,1
0.6904406547546387,1
0.641962468624115,1
0.7267011404037476,1
0.7498184442520142,1
0.6645667552947998,1
0.6483014822006226,1
0.674811840057373,1
0.7008839845657349,1
0.618914008140564,1
0.5301103591918945,1
0.5727251172065735,1
0.6415482759475708,1
0.6044467091560364,1
0.8180133700370789,1
0.694231390953064,1
0.5424562692642212,1
0.7548511624336243,1
0.7954286336898804,1
0.6427831649780273,1
0.6699216961860657,1
0.5998949408531189,1
0.6459125280380249,1
0.5280433893203735,1
0.6052650809288025,1
0.6378921270370483,1
0.7236820459365845,1
0.7133702039718628,1
0.8388807773590088,1
0.7195221781730652,1
0.5595163106918335,1
0.6968936920166016,1
0.7084292769432068,1
0.7132110595703125,1
0.4680230915546417,1
0.6645925045013428,1
0.6361799240112305,1
0.6251559853553772,1
0.6899632811546326,1
0.7490769028663635,1
0.7369173765182495,1
0.6479759812355042,1
0.569663405418396,1
0.6215672492980957,1
0.9196550250053406,1
0.45542773604393005,1
0.6669206619262695,1
0.7269289493560791,1
0.6887589693069458,1
0.7664517760276794,1
0.751426100730896,1
0.4630971848964691,1
0.7042377591133118,1
0.8666447401046753,1
0.7552676200866699,1
0.5093488693237305,1
0.6622428297996521,1
0.5833686590194702,1
0.7138981223106384,1
0.6326254606246948,1
0.7368028163909912,1
0.6426880955696106,1
0.5758857727050781,1
0.7222260236740112,1
0.7162479162216187,1
0.5850250720977783,1
0.6502479314804077,1
0.5247805714607239,1
0.5382348895072937,1
0.5958309769630432,1
0.6834056377410889,1
0.5480031967163086,1
0.5277841091156006,1
0.6869070529937744,1
0.6371890306472778,1
0.6419960260391235,1
0.607430636882782,1
0.7521731853485107,1
0.5650844573974609,1
0.847118616104126,1
0.5390418767929077,1
0.48060813546180725,1
0.5983561277389526,1
0.6113713979721069,1
0.6323829889297485,1
0.5106606483459473,1
0.5849063992500305,1
0.7819089889526367,1
0.6733013391494751,1
0.64307701587677,1
0.8143298029899597,1
0.5369055867195129,1
0.6947818994522095,1
0.5392848253250122,1
0.5728456974029541,1
0.6438239812850952,1
0.9937430024147034,1
0.5584105253219604,1
0.8466173410415649,1
0.5204588770866394,1
0.5623415112495422,1
0.6685903072357178,1
0.6966940760612488,1
0.6529630422592163,1
0.5020782947540283,1
0.5696364641189575,1
0.6404538154602051,1
0.48505836725234985,1
0.570002555847168,1
0.6051123142242432,1
0.853326678276062,1
0.6848645806312561,1
0.6221731305122375,1
0.7851113677024841,1
0.7416180372238159,1
0.6829640865325928,1
0.5787531733512878,1
0.6944072246551514,1
0.5173893570899963,1
0.5520633459091187,1
0.5797287225723267,1
0.7810111045837402,1
0.6899507641792297,1
0.7784943580627441,1
0.8158763647079468,1
0.6204043030738831,1
0.7174173593521118,1
0.5018244385719299,1
0.645038902759552,1
0.7543210387229919,1
0.5410633087158203,1
0.6915844082832336,1
0.6842458844184875,1
0.7726386189460754,1
0.5261646509170532,1
0.5974222421646118,1
0.513974130153656,1
0.6605483293533325,1
0.8619639277458191,1
0.6342650651931763,1
0.6717309951782227,1
0.6596471071243286,1
0.669404149055481,1
0.5771574378013611,1
0.8265056610107422,1
0.6528286337852478,1
0.6258392930030823,1
0.7919051647186279,1
0.6181507110595703,1
0.6751022338867188,1
0.7200092077255249,1
0.6131631135940552,1
0.625636100769043,1
0.7159054279327393,1
0.576329231262207,1
0.7535929679870605,1
0.6661985516548157,1
0.5978410840034485,1
0.6897978186607361,1
0.7147952318191528,1
0.6363136172294617,1
0.6663472652435303,1
0.888023316860199,1
0.607750415802002,1
0.8290425539016724,1
0.7812950015068054,1
0.5617651343345642,1
0.5604144334793091,1
0.7586384415626526,1
0.6941523551940918,1
0.5829643607139587,1
0.6225583553314209,1
0.4983921945095062,1
0.6735665202140808,1
0.7133282423019409,1
0.6279906034469604,1
0.7122634053230286,1
0.5655849575996399,1
0.6789627075195313,1
0.794822096824646,1
0.7285104990005493,1
0.6988969445228577,1
0.66068035364151,1
0.8639403581619263,1
0.6376185417175293,1
0.5980802774429321,1
0.44249427318573,1
0.5462465286254883,1
0.6263567209243774,1
0.6970196962356567,1
0.4887259006500244,1
0.4422926902770996,1
0.6951054334640503,1
0.7344219088554382,1
0.5206636786460876,1
0.5829192399978638,1
0.6335877776145935,1
0.5030679702758789,1
0.5896355509757996,1
0.6720463037490845,1
0.6408525109291077,1
0.6802711486816406,1
0.6241576671600342,1
0.5902761220932007,1
0.4824082851409912,1
0.6301337480545044,1
0.7105512619018555,1
0.5613579750061035,1
0.4331313669681549,1
0.714553952217102,1
0.5807694792747498,1
0.6310878396034241,1
0.839963436126709,1
0.571044921875,1
0.6454328298568726,1
0.637498140335083,1
0.6918432116508484,1
0.533454954624176,1
0.5204583406448364,1
0.730269193649292,1
0.7844336032867432,1
0.5396913886070251,1
0.4968969523906708,1
0.6225708723068237,1
0.5973976254463196,1
0.6875261664390564,1
0.5834234952926636,1
0.4846094250679016,1
0.6249697804450989,1
0.6947320699691772,1
0.4791002571582794,1
0.5653725862503052,1
0.44377386569976807,1
0.8288894295692444,1
0.5815860629081726,1
0.6354297399520874,1
0.4730101525783539,1
0.7272508144378662,1
0.5563186407089233,1
0.5315455198287964,1
0.45201215147972107,1
0.5912317037582397,1
0.5131174921989441,1
0.6968229413032532,1
0.48000913858413696,1
0.5980172157287598,1
0.7152249217033386,1
0.6423479318618774,1
0.48071759939193726,1
0.8390095233917236,1
0.7888374328613281,1
0.581260085105896,1
0.6348919868469238,1
0.6288776397705078,1
0.4986608624458313,1
0.7845112085342407,1
0.6305426955223083,1
0.5480188727378845,1
0.6820124387741089,1
0.6210797429084778,1
0.5091328620910645,1
0.6173955202102661,1
0.5100993514060974,1
0.6282937526702881,1
0.6027742624282837,1
0.424981951713562,1
0.6344390511512756,1
0.6712398529052734,1
0.673528790473938,1
0.6089766621589661,1
0.6175552606582642,1
0.7091788649559021,1
0.6121562123298645,1
0.6794071197509766,1
0.5576922297477722,1
0.6101317405700684,1
0.7393527030944824,1
0.4417308270931244,1
0.8696756362915039,1
0.549566388130188,1
0.6295616626739502,1
0.6437594890594482,1
0.6050068140029907,1
0.6138004660606384,1
0.6228868961334229,1
0.8563287258148193,1
0.591766357421875,1
0.5525436401367188,1
0.5851830244064331,1
0.6316872835159302,1
0.46724173426628113,1
0.5524446964263916,1
0.7672715783119202,1
0.44648852944374084,1
0.7070294618606567,1
0.5569943189620972,1
0.5914731621742249,1
0.5351492166519165,1
0.6163886785507202,1
0.7914868593215942,1
0.8187113404273987,1
0.6491929888725281,1
0.8383551239967346,1
0.7818134427070618,1
0.5922669768333435,1
0.42692601680755615,1
0.5443753004074097,1
0.6330452561378479,1
0.6717255115509033,1
0.5945253968238831,1
0.5716534852981567,1
0.6427650451660156,1
0.6523339748382568,1
0.6302314400672913,1
0.6511555314064026,1
0.5244783163070679,1
0.7181686758995056,1
0.5019088983535767,1
0.5775381922721863,1
0.6031774282455444,1
0.6414734125137329,1
0.7931709289550781,1
0.6942805647850037,1
0.5279836654663086,1
0.6678170561790466,1
0.5593522787094116,1
0.664645254611969,1
0.6059107780456543,1
0.7020187377929688,1
0.5694841146469116,1
0.4779164493083954,1
0.8155429363250732,1
0.6262485980987549,1
0.5847078561782837,1
0.6505284309387207,1
0.7073519229888916,1
0.9052940011024475,1
0.7155011296272278,1
0.7204331159591675,1
0.6125456094741821,1
0.7030444741249084,1
0.4696542024612427,1
0.6137950420379639,1
0.6002213358879089,1
0.6418363451957703,1
0.6018778681755066,1
0.5345600843429565,1
0.7643325328826904,1
0.6867762207984924,1
0.6601860523223877,1
0.4693388342857361,1
0.5739570260047913,1
0.5308225750923157,1
0.5146487355232239,1
0.5664501786231995,1
0.6569457650184631,1
0.4585789144039154,1
0.7633143663406372,1
0.7037490606307983,1
0.6453545093536377,1
0.5558876991271973,1
0.46035823225975037,1
0.6260648965835571,1
0.9069119095802307,1
0.5803189277648926,1
0.5236915349960327,1
0.5784428119659424,1
0.6650077104568481,1
0.41720807552337646,1
0.693501889705658,1
0.5962215662002563,1
0.5502193570137024,1
0.6941171884536743,1
0.7157667875289917,1
0.6387947201728821,1
0.8044753670692444,1
0.6655776500701904,1
0.6606724858283997,1
0.5369300842285156,1
0.5256998538970947,1
0.6090599894523621,1
0.5386841893196106,1
0.5418615937232971,1
0.9929150342941284,1
0.5231794118881226,1
0.7601557970046997,1
0.7893832921981812,1
0.7115654945373535,1
0.7948164939880371,1
0.5435177087783813,1
0.40203553438186646,1
0.6630845069885254,1
0.699134111404419,1
0.5495500564575195,1
0.5319827198982239,1
0.5983803272247314,1
0.6502885818481445,1
0.7873602509498596,1
0.704962432384491,1
0.653886079788208,1
0.5789497494697571,1
0.8213809728622437,1
0.41645547747612,1
0.6643686294555664,1
0.5760862827301025,1
0.6109629273414612,1
0.5641947388648987,1
0.7258392572402954,1
0.6456826329231262,1
0.4915592670440674,1
0.6573444604873657,1
0.6243877410888672,1
0.5317038893699646,1
0.6018452644348145,1
0.6430432796478271,1
0.590157687664032,1
0.5626264810562134,1
0.7227414846420288,1
0.414777547121048,1
0.6473115682601929,1
0.6533054709434509,1
0.5149326324462891,1
0.6348525881767273,1
0.5448949933052063,1
0.5678108930587769,1
0.5915170311927795,1
0.4679972529411316,1
0.5346843600273132,1
0.5639554262161255,1
0.5614719390869141,1
0.48945367336273193,1
0.6207435131072998,1
0.6468185186386108,1
0.7202666401863098,1
0.6085579991340637,1
0.67057204246521,1
0.5023825764656067,1
0.6957477927207947,1
0.6323690414428711,1
0.5693821907043457,1
0.41837286949157715,1
0.8884634971618652,1
0.6651377081871033,1
0.5351376533508301,1
0.5122634172439575,1
0.6615212559700012,1
0.6068325638771057,1
0.6951128840446472,1
0.5410753488540649,1
0.7517990469932556,1
0.5181066393852234,1
0.5321563482284546,1
0.673926591873169,1
0.7401904463768005,1
0.5696053504943848,1
0.6792271137237549,1
0.5351147651672363,1
0.3886291980743408,1
0.7141184210777283,1
0.6835196018218994,1
0.7013041973114014,1
0.5555329918861389,1
0.7249308228492737,1
0.6753358840942383,1
0.4838902950286865,1
0.4988133907318115,1
0.7304094433784485,1
0.5784379839897156,1
0.5868947505950928,1
0.585523784160614,1
0.4044780135154724,1
0.500809907913208,1
0.6529581546783447,1
0.6365496516227722,1
0.48066502809524536,1
0.5940655469894409,1
0.3694837987422943,1
0.6333854794502258,1
0.5617555379867554,1
0.6251392960548401,1
0.5372903347015381,1
0.6736451387405396,1
0.5851852893829346,1
0.48973652720451355,1
0.5567161440849304,1
0.5743104219436646,1
0.5714511275291443,1
0.6217845678329468,1
0.4890085458755493,1
0.5020781755447388,1
0.6782722473144531,1
0.634036660194397,1
0.6094269156455994,1
0.659245491027832,1
0.6567640900611877,1
0.604340136051178,1
0.44642964005470276,1
0.7646063566207886,1
0.6890450119972229,1
0.5564231276512146,1
0.5751132369041443,1
0.3957158029079437,1
0.6916092038154602,1
0.6146513819694519,1
0.5685396194458008,1
0.6634068489074707,1
0.9294935464859009,1
0.6152359843254089,1
0.5627113580703735,1
0.5008223652839661,1
0.6637027859687805,1
0.5704157948493958,1
0.7084859013557434,1
0.6942874193191528,1
0.510460615158081,1
0.5714854001998901,1
0.5286904573440552,1
0.5215870141983032,1
0.5841856598854065,1
0.7314368486404419,1
0.7641569375991821,1
0.6298075914382935,1
0.6913646459579468,1
0.5660574436187744,1
0.5538204312324524,1
0.48807746171951294,1
0.7659050226211548,1
0.8182960748672485,1
0.5896365642547607,1
0.6000675559043884,1
0.5708789825439453,1
0.7662814855575562,1
0.669956386089325,1
0.5332044363021851,1
0.7032120227813721,1
0.6653761863708496,1
0.7866272926330566,1
0.8190994262695313,1
0.5868545770645142,1
0.5242480039596558,1
0.5047740936279297,1
0.6902673840522766,1
0.7101168632507324,1
0.7421296834945679,1
0.6082727909088135,1
0.698043704032898,1
0.49537545442581177,1
0.6694144606590271,1
0.5472958087921143,1
0.7250549793243408,1
0.7357173562049866,1
0.5769538879394531,1
0.6282757520675659,1
0.6181495785713196,1
0.7434937953948975,1
0.6855427026748657,1
0.4270284175872803,1
0.6567411422729492,1
0.5031087398529053,1
0.6103844046592712,1
0.6016117930412292,1
0.693507730960846,1
0.6669244766235352,1
0.5530276894569397,1
0.6735190153121948,1
0.6200546622276306,1
0.6707479357719421,1
0.6924644708633423,1
0.6578400135040283,1
0.6249134540557861,1
0.6163367629051208,1
0.4324776232242584,1
0.5896857976913452,1
0.5619913935661316,1
0.5482031106948853,1
0.6574428677558899,1
0.7772553563117981,1
0.6495734453201294,1
0.5485620498657227,1
0.5557554960250854,1
0.758150577545166,1
0.5807737112045288,1
0.5371991991996765,1
0.6184563040733337,1
0.5200613737106323,1
0.8855536580085754,1
0.7258264422416687,1
0.8352084159851074,1
0.5731757879257202,1
0.5783613920211792,1
0.5872113704681396,1
0.611819863319397,1
0.5127004981040955,1
0.5005242824554443,1
0.5820056200027466,1
0.5809469223022461,1
0.7598742246627808,1
0.6488134860992432,1
0.3949889838695526,1
0.7788165211677551,1
0.5207282304763794,1
0.35687947273254395,1
0.7457053661346436,1
0.6044254899024963,1
0.6073043346405029,1
0.677303671836853,1
0.5817136764526367,1
0.5981547832489014,1
0.5536366105079651,1
0.6617976427078247,1
0.485171914100647,1
0.43771475553512573,1
0.5936447381973267,1
0.6356992721557617,1
0.40076249837875366,1
0.583155632019043,1
0.7016022205352783,1
0.6486490368843079,1
0.5941872596740723,1
0.5564701557159424,1
0.5142351388931274,1
0.6349709630012512,1
0.8344561457633972,1
0.7247537970542908,1
0.43380945920944214,1
0.7156471014022827,1
0.5939326286315918,1
0.6186289191246033,1
0.5652210712432861,1
0.37098756432533264,1
0.600162923336029,1
0.4946649670600891,1
0.4483480453491211,1
0.8138413429260254,1
0.4711831212043762,1
0.7603706121444702,1
0.5990048050880432,1
0.6457446813583374,1
0.5175397396087646,1
0.646962583065033,1
0.50804603099823,1
0.4762861728668213,1
0.7711129188537598,1
0.5500773787498474,1
0.41274818778038025,1
0.6179584264755249,1
0.6280254125595093,1
0.5647058486938477,1
0.52552729845047,1
0.7116027474403381,1
0.6957725286483765,1
0.6098935008049011,1
0.4456915259361267,1
0.7235624194145203,1
0.5106935501098633,1
0.613982081413269,1
0.5026571154594421,1
0.4625627100467682,1
0.6786441206932068,1
0.5122529864311218,1
0.6579339504241943,1
0.6124389171600342,1
0.6050364971160889,1
0.713807225227356,1
0.45597195625305176,1
0.701708972454071,1
0.7130597233772278,1
0.6338205337524414,1
0.5517052412033081,1
0.44557899236679077,1
0.8695261478424072,1
0.5879013538360596,1
0.5392897129058838,1
0.47802039980888367,1
0.6693013906478882,1
0.5008432865142822,1
0.7374848127365112,1
0.5753731727600098,1
0.556826114654541,1
0.5493845343589783,1
0.5692384243011475,1
0.617323637008667,1
0.7454683780670166,1
0.546686053276062,1
0.5670202374458313,1
0.3975391387939453,1
0.5665569305419922,1
0.7676798105239868,1
0.5300028920173645,1
0.49526137113571167,1
0.7613338232040405,1
0.5497727990150452,1
0.7764778137207031,1
0.3777832090854645,1
0.7059719562530518,1
0.5816508531570435,1
0.7409421801567078,1
0.5121989846229553,1
0.6837926506996155,1
0.5365974307060242,1
0.62779301404953,1
0.47636833786964417,1
0.6454485654830933,1
0.565579354763031,1
0.659022331237793,1
0.5790722370147705,1
0.48113489151000977,1
0.5113296508789063,1
0.4224334955215454,1
0.6933697462081909,1
0.8025648593902588,1
0.5425697565078735,1
0.7378810048103333,1
0.44613486528396606,1
0.6056197881698608,1
0.6138263940811157,1
0.31149470806121826,1
0.5912023186683655,1
0.74806809425354,1
0.5897133350372314,1
0.5250408053398132,1
0.5199596881866455,1
0.6022244691848755,1
0.6057345867156982,1
0.46710723638534546,1
0.7954089641571045,1
0.5692237615585327,1
0.8306983113288879,1
0.6264981031417847,1
0.4074057340621948,1
0.6395092010498047,1
0.5463725328445435,1
0.3854762315750122,1
0.5298429131507874,1
0.6844556331634521,1
0.7182978391647339,1
0.597960889339447,1
0.6832054853439331,1
0.8109455108642578,1
0.7788673639297485,1
0.5229567289352417,1
0.5728315711021423,1
0.6016697883605957,1
0.6296084523200989,1
0.6639243364334106,1
0.482112854719162,1
0.6066272258758545,1
0.5165982246398926,1
0.6388729214668274,1
0.7400283813476563,1
0.7253904342651367,1
0.8463975787162781,1
0.5872468948364258,1
0.7501471042633057,1
0.8421322107315063,1
0.5619852542877197,1
0.5235264897346497,1
0.5641831159591675,1
0.6797648668289185,1
0.5604403018951416,1
0.559139609336853,1
0.6294720768928528,1
0.70027756690979,1
0.47515869140625,1
0.539998471736908,1
0.6571398973464966,1
0.43609586358070374,1
0.49130213260650635,1
0.5507485866546631,1
0.5881072878837585,1
0.6118733882904053,1
0.6997838020324707,1
0.4819266200065613,1
0.7728271484375,1
0.5447214841842651,1
0.5042073726654053,1
0.35532650351524353,1
0.5714095830917358,1
0.5702337622642517,1
0.5882216691970825,1
0.6208199262619019,1
0.39554309844970703,1
0.6363319754600525,1
0.5866966247558594,1
0.5601250529289246,1
0.6227032542228699,1
0.605377733707428,1
0.5969458818435669,1
0.540052056312561,1
0.5499815940856934,1
0.6689962148666382,1
0.5928527116775513,1
0.6812070608139038,1
0.426002562046051,1
0.7928386330604553,1
0.6251145601272583,1
0.6078823804855347,1
0.7776405811309814,1
0.5424460768699646,1
0.6840102672576904,1
0.4988196790218353,1
0.5743153691291809,1
0.42985039949417114,1
0.7125914096832275,1
0.6902683973312378,1
0.572234034538269,1
0.4425964951515198,1
0.45853716135025024,1
0.6016303300857544,1
0.6513627767562866,1
0.5888797044754028,1
0.6259788274765015,1
0.5015571117401123,1
0.5710800886154175,1
0.4945550560951233,1
0.433472603559494,1
0.5009450316429138,1
0.3405017852783203,1
0.3933071494102478,1
0.49270302057266235,1
0.623607337474823,1
0.7755109071731567,1
0.6082673072814941,1
0.7115280032157898,1
0.5625636577606201,1
0.5738039612770081,1
0.46893811225891113,1
0.5796253681182861,1
0.6775650978088379,1
0.7422060370445251,1
0.74759840965271,1
0.838950514793396,1
0.6774864196777344,1
0.41829949617385864,1
0.6759462356567383,1
0.5612972974777222,1
0.5972127318382263,1
0.5605068206787109,1
0.5639902353286743,1
0.5621266961097717,1
0.5319175124168396,1
0.4691794514656067,1
0.545884907245636,1
0.591873824596405,1
0.5565522909164429,1
0.4924391508102417,1
0.564623236656189,1
0.5590423345565796,1
0.6293708086013794,1
0.43092700839042664,1
0.547918438911438,1
0.5720055103302002,1
0.5372244715690613,1
0.5500307083129883,1
0.6337223649024963,1
0.4397302567958832,1
0.9631727933883667,1
0.43820226192474365,1
0.4658654034137726,1
0.3959636688232422,1
0.4759752154350281,1
0.6731635928153992,1
0.5091979503631592,1
0.6696290373802185,1
0.8432544469833374,1
0.4719444811344147,1
0.5198425650596619,1
0.46515771746635437,1
0.5799382925033569,1
0.4781356453895569,1
0.6501731872558594,1
0.5734826922416687,1
0.48615118861198425,1
0.4882088899612427,1
0.6611194014549255,1
0.5605841875076294,1
0.6667355298995972,1
0.4713442325592041,1
0.42665785551071167,1
0.49095144867897034,1
0.37191158533096313,1
0.3767663538455963,1
0.7179370522499084,1
0.4207673966884613,1
0.5674808025360107,1
0.7890623211860657,1
0.5796599388122559,1
0.6303333044052124,1
0.5673818588256836,1
0.3992680311203003,1
0.7609004378318787,1
0.2861192524433136,1
0.537359356880188,1
0.6437416672706604,1
0.47239387035369873,1
0.5477944612503052,1
0.7723169922828674,1
0.4351297616958618,1
0.5551665425300598,1
0.5875259041786194,1
0.5454419255256653,1
0.552207887172699,1
0.4890390634536743,1
0.45300430059432983,1
0.6559911370277405,1
0.7401158809661865,1
0.5736908316612244,1
0.7192683815956116,1
0.6406599283218384,1
0.4087842106819153,1
0.5889085531234741,1
0.6507470607757568,1
0.5999540686607361,1
0.6831426024436951,1
0.727623462677002,1
0.6891367435455322,1
0.39440780878067017,1
0.6296590566635132,1
0.5374397039413452,1
0.5644999742507935,1
0.7239794731140137,1
0.7099858522415161,1
0.4651842415332794,1
0.4816674590110779,1
0.5896269083023071,1
0.4638391435146332,1
0.6288900375366211,1
0.4905538260936737,1
0.6389403939247131,1
0.7053080201148987,1
0.7279577255249023,1
0.5960729122161865,1
0.738335907459259,1
0.5038653612136841,1
0.47341686487197876,1
0.6816657781600952,1
0.6132392883300781,1
0.4514172077178955,1
0.3752470314502716,1
0.5799980759620667,1
0.5158961415290833,1
0.5647092461585999,1
0.6324304938316345,1
0.5942032933235168,1
0.665060818195343,1
0.5432559251785278,1
0.5558567047119141,1
0.39003050327301025,1
0.5939372777938843,1
0.5561431050300598,1
0.5595139265060425,1
0.5896012783050537,1
0.5803355574607849,1
0.5124645233154297,1
0.4943346083164215,1
0.5228599309921265,1
0.38536587357521057,1
0.693757176399231,1
0.6693398952484131,1
0.42849692702293396,1
0.4448166489601135,1
0.44856154918670654,1
0.5696496963500977,1
0.39296090602874756,1
0.5898364782333374,1
0.7160316705703735,1
0.6095045208930969,1
0.6784449815750122,1
0.4470996856689453,1
0.7846169471740723,1
0.5446965098381042,1
0.590622067451477,1
0.5413439273834229,1
0.48486649990081787,1
0.5153894424438477,1
0.5692249536514282,1
0.4882007837295532,1
0.7126980423927307,1
0.534131646156311,1
0.5587542057037354,1
0.5838348269462585,1
0.42779821157455444,1
0.6994022130966187,1
0.4584248661994934,1
0.4776991605758667,1
0.5669336318969727,1
0.4741668999195099,1
0.49961230158805847,1
0.5821511745452881,1
0.6979236602783203,1
0.46859240531921387,1
0.6874871253967285,1
0.4199970066547394,1
0.5926942825317383,1
0.49262306094169617,1
0.4314843416213989,1
0.654321551322937,1
0.4755529463291168,1
0.7580728530883789,1
0.5608025789260864,1
0.5384986996650696,1
0.520811140537262,1
0.7624245285987854,1
0.5976625680923462,1
0.5712231397628784,1
0.46757078170776367,1
0.5668752193450928,1
0.5447864532470703,1
0.6148110032081604,1
0.5512415170669556,1
0.4530723989009857,1
0.5089925527572632,1
0.4292789697647095,1
0.523203432559967,1
0.3905929625034332,1
0.5096977353096008,1
0.49948522448539734,1
0.5830013155937195,1
0.6072373390197754,1
0.5747382640838623,1
0.5367560386657715,1
0.5648990869522095,1
0.48323145508766174,1
0.7158132791519165,1
0.5383579730987549,1
0.5634474754333496,1
0.47601431608200073,1
0.4171804189682007,1
0.4926151931285858,1
0.6768869161605835,1
0.47173401713371277,1
0.6467595100402832,1
0.5708252191543579,1
0.6500136852264404,1
0.6805788278579712,1
0.5619550943374634,1
0.5992686152458191,1
0.6778146028518677,1
0.5115187764167786,1
0.7809023857116699,1
0.5247181057929993,1
0.5695022344589233,1
0.7104262113571167,1
0.47536760568618774,1
0.36338579654693604,1
0.44989830255508423,1
0.6099884510040283,1
0.471011221408844,1
0.4505889117717743,1
0.590675413608551,1
0.5690761208534241,1
0.4911375641822815,1
0.6246996521949768,1
0.46094441413879395,1
0.5766989588737488,1
0.6143596172332764,1
0.4525623321533203,1
0.6588735580444336,1
0.4959929287433624,1
0.614209771156311,1
0.48143982887268066,1
0.45373669266700745,1
0.6989318132400513,1
0.3786095976829529,1
0.7290459275245667,1
0.39536967873573303,1
0.4077921211719513,1
0.6302899718284607,1
0.5485509634017944,1
0.6460464000701904,1
0.5183411240577698,1
0.7245994806289673,1
0.41476789116859436,1
0.6543422937393188,1
0.6998736262321472,1
0.44180744886398315,1
0.5840293765068054,1
0.6549897193908691,1
0.4615628123283386,1
0.6437234282493591,1
0.6148789525032043,1
0.5262731313705444,1
0.5930562615394592,1
0.5222691297531128,1
0.4650862514972687,1
0.5866826772689819,1
0.6259838938713074,1
0.7127230167388916,1
0.45578354597091675,1
0.44415366649627686,1
0.533018171787262,1
0.7028082609176636,1
0.5982279777526855,1
0.45647385716438293,1
0.550728440284729,1
0.7126972675323486,1
0.643877387046814,1
0.5822662115097046,1
0.3658747971057892,1
0.3965837359428406,1
0.5260232090950012,1
0.77317214012146,1
0.5516853928565979,1
0.6999601721763611,1
0.5870290994644165,1
0.5479099750518799,1
0.42988425493240356,1
0.5840431451797485,1
0.6130075454711914,1
0.5236597061157227,1
0.6097187399864197,1
0.6048652529716492,1
0.5119810700416565,1
0.470529705286026,1
0.8506160974502563,1
0.39534780383110046,1
0.6494901180267334,1
0.6759635806083679,1
0.4424229562282562,1
0.5169789791107178,1
0.6852646470069885,1
0.41969171166419983,1
0.6801126003265381,1
0.7160736322402954,1
0.583372950553894,1
0.5407209396362305,1
0.3821251690387726,1
0.463375061750412,1
0.48999708890914917,1
0.3680782616138458,1
0.6418331861495972,1
0.40849393606185913,1
0.5077574253082275,1
0.6246501207351685,1
0.4848012924194336,1
0.6033011078834534,1
0.7676782011985779,1
0.6406720280647278,1
0.5300641059875488,1
0.588871955871582,1
0.558982253074646,1
0.5982112884521484,1
0.6220130920410156,1
0.5889313220977783,1
0.6677257418632507,1
0.6252722144126892,1
0.5277395844459534,1
0.4554483890533447,1
0.6136112809181213,1
0.5336054563522339,1
0.5764977335929871,1
0.5795713067054749,1
0.4833260476589203,1
0.5579545497894287,1
0.5288161635398865,1
0.5787312388420105,1
0.4177531599998474,1
0.6294532418251038,1
0.6278281211853027,1
0.41142600774765015,1
0.6430952548980713,1
0.6131003499031067,1
0.4697060286998749,1
0.7091994285583496,1
0.4378165006637573,1
0.4741499722003937,1
0.5113586783409119,1
0.5937037467956543,1
0.46112191677093506,1
0.4190934896469116,1
0.7017377614974976,1
0.5411980152130127,1
0.5650573968887329,1
0.5262117385864258,1
0.6057372093200684,1
0.5105310082435608,1
0.4079018831253052,1
0.47020387649536133,1
0.4179738461971283,1
0.6531708240509033,1
0.5627767443656921,1
0.5088531970977783,1
0.6502645015716553,1
0.6085208654403687,1
0.480724036693573,1
0.6084376573562622,1
0.551175594329834,1
0.5462498664855957,1
0.529784083366394,1
0.47857198119163513,1
0.5840165615081787,1
0.44189995527267456,1
0.2970716655254364,1
0.5743008852005005,1
0.5219563245773315,1
0.5212913155555725,1
0.5330307483673096,1
0.5831044912338257,1
0.5208777189254761,1
0.4989306330680847,1
0.5816575884819031,1
0.5595861077308655,1
0.6008486747741699,1
0.5311800241470337,1
0.4844454228878021,1
0.401516318321228,1
0.5754249095916748,1
0.6668745279312134,1
0.7113243341445923,1
0.6692521572113037,1
0.7800272703170776,1
0.5528135299682617,1
0.46515122056007385,1
0.5662616491317749,1
0.6228104829788208,1
0.5090504288673401,1
0.4800584018230438,1
0.6646426916122437,1
0.4476041793823242,1
0.4739418625831604,1
0.4451219141483307,1
0.4616451859474182,1
0.4440203905105591,1
0.354142963886261,1
0.6723366975784302,1
0.6284932494163513,1
0.710045337677002,1
0.5265922546386719,1
0.5499040484428406,1
0.5628957152366638,1
0.7400274276733398,1
0.5241495966911316,1
0.5466066598892212,1
0.6251658201217651,1
0.5644940733909607,1
0.5678219795227051,1
0.8080229759216309,1
0.6453844904899597,1
0.4936845600605011,1
0.5976453423500061,1
0.5805613994598389,1
0.5133796334266663,1
0.6700266599655151,1
0.6256087422370911,1
0.6763569712638855,1
0.3824346959590912,1
0.4810490906238556,1
0.609392523765564,1
0.7525907754898071,1
0.4884502589702606,1
0.5517935752868652,1
0.46888211369514465,1
0.40885865688323975,1
0.41917717456817627,1
0.5157259106636047,1
0.411726176738739,1
0.5020853281021118,1
0.4833180904388428,1
0.40817153453826904,1
0.6653226017951965,1
0.41994887590408325,1
0.5357502698898315,1
0.42362546920776367,1
0.4779800772666931,1
0.5485933423042297,1
0.5635290145874023,1
0.5132225751876831,1
0.6476677656173706,1
0.4861336350440979,1
0.4322590231895447,1
0.5808388590812683,1
0.4721362292766571,1
0.6461086869239807,1
0.743209958076477,1
0.46156740188598633,1
0.73912513256073,1
0.5261356830596924,1
0.4092714190483093,1
0.5336387157440186,1
0.639275074005127,1
0.41662490367889404,1
0.6218633055686951,1
0.4914301335811615,1
0.5098229646682739,1
0.547813892364502,1
0.4811384081840515,1
0.6166102886199951,1
0.6139762997627258,1
0.44523292779922485,1
0.5364522337913513,1
0.7500284910202026,1
0.527542233467102,1
0.49505525827407837,1
0.6796904802322388,1
0.5739154815673828,1
0.7523144483566284,1
0.38551121950149536,1
0.5914399027824402,1
0.5321462750434875,1
0.4737491011619568,1
0.43242254853248596,1
0.5308226346969604,1
0.5502718687057495,1
0.588209867477417,1
0.4076390266418457,1
0.5266486406326294,1
0.41162392497062683,1
0.5127447843551636,1
0.6407897472381592,1
0.6646912693977356,1
0.41792574524879456,1
0.48748940229415894,1
0.5181434154510498,1
0.4622398912906647,1
0.5453389883041382,1
0.4525287449359894,1
0.758089005947113,1
0.419360876083374,1
0.3869870901107788,1
0.36030155420303345,1
0.43146175146102905,1
0.5786247253417969,1
0.48030656576156616,1
0.6087242960929871,1
0.4836469292640686,1
0.5211026668548584,1
0.371354877948761,1
0.49669498205184937,1
0.5662429928779602,1
0.6855486631393433,1
0.6530835628509521,1
0.5452850461006165,1
0.49899449944496155,1
0.3829098343849182,1
0.5283223986625671,1
0.5878535509109497,1
0.5397869944572449,1
0.6972756385803223,1
0.5274397134780884,1
0.6093227863311768,1
0.4052610993385315,1
0.4034542143344879,1
0.6730195879936218,1
0.5293768644332886,1
0.45510169863700867,1
0.4666557013988495,1
0.3756130039691925,1
0.7586248517036438,1
0.45328545570373535,1
0.596474826335907,1
0.37990495562553406,1
0.44185400009155273,1
0.4425734281539917,1
0.5241081714630127,1
0.550318717956543,1
0.4040459990501404,1
0.732160747051239,1
0.5209041833877563,1
0.4735525846481323,1
0.5574806332588196,1
0.27961233258247375,1
0.3669675588607788,1
0.4574928283691406,1
0.5168461799621582,1
0.7143701910972595,1
0.42920807003974915,1
0.41778022050857544,1
0.5476123094558716,1
0.5691479444503784,1
0.428355872631073,1
0.3539469242095947,1
0.49589091539382935,1
0.5017840266227722,1
0.38893431425094604,1
0.4742206931114197,1
0.6571394205093384,1
0.4969852566719055,1
0.35261327028274536,1
0.5361947417259216,1
0.6434420943260193,1
0.721930205821991,1
0.6822025775909424,1
0.52330482006073,1
0.47348552942276,1
0.5255079865455627,1
0.48843976855278015,1
0.5745882391929626,1
0.48930487036705017,1
0.5390509366989136,1
0.448800265789032,1
0.4540056884288788,1
0.312147855758667,1
0.5898119211196899,1
0.5448455810546875,1
0.4820088744163513,1
0.6052388548851013,1
0.7319087982177734,1
0.679806649684906,1
0.538937509059906,1
0.5208109021186829,1
0.6040575504302979,1
0.3166545033454895,1
0.4808993935585022,1
0.6035901308059692,1
0.5691654682159424,1
0.39774879813194275,1
0.5038133859634399,1
0.5348076820373535,1
0.5154368281364441,1
0.4378759264945984,1
0.6164814233779907,1
0.6767135262489319,1
0.6919081211090088,1
0.4392000138759613,1
0.471632182598114,1
0.5233827829360962,1
0.668549656867981,1
0.44595181941986084,1
0.6701838374137878,1
0.6860712170600891,1
0.43417513370513916,1
0.6053203344345093,1
0.6842296123504639,1
0.6833208799362183,1
0.4245603084564209,1
0.455985963344574,1
0.5530522465705872,1
0.7005758285522461,1
0.5725684762001038,1
0.4892522692680359,1
0.4331606924533844,1
0.4095629155635834,1
0.5995852947235107,1
0.5505141615867615,1
0.43246880173683167,1
0.5433048009872437,1
0.5037627220153809,1
0.34118032455444336,1
0.4376644790172577,1
0.5090993046760559,1
0.7708290219306946,1
0.5163522362709045,1
0.4534355700016022,1
0.6011170744895935,1
0.5819910764694214,1
0.5180314183235168,1
0.6626739501953125,1
0.5404615998268127,1
0.7593405842781067,1
0.6170326471328735,1
0.6438372731208801,1
0.4675486981868744,1
0.3377610445022583,1
0.23144496977329254,1
0.6001961827278137,1
0.6085606813430786,1
0.40316081047058105,1
0.5422652959823608,1
0.3966951370239258,1
0.31299296021461487,1
0.46808624267578125,1
0.45857465267181396,1
0.6872172355651855,1
0.5828334093093872,1
0.5554057955741882,1
0.5809990763664246,1
0.43807515501976013,1
0.5121207237243652,1
0.6441154479980469,1
0.37628644704818726,1
0.76271653175354,1
0.6746405363082886,1
0.5365197658538818,1
0.5605645179748535,1
0.4128372073173523,1
0.6295708417892456,1
0.5541523098945618,1
0.3318735957145691,1
0.47922632098197937,1
0.5736582279205322,1
0.5640906095504761,1
0.44181984663009644,1
0.5861740112304688,1
0.5762828588485718,1
0.5430687069892883,1
0.5651564598083496,1
0.49448055028915405,1
0.46332651376724243,1
0.53164142370224,1
0.3845013380050659,1
0.6355650424957275,1
0.4833829998970032,1
0.6965990662574768,1
0.403692364692688,1
0.5579806566238403,1
0.48837143182754517,1
0.45739346742630005,1
0.426117479801178,1
0.41742196679115295,1
0.5347469449043274,1
0.5795671939849854,1
0.6005009412765503,1
0.7179360389709473,1
0.5849424004554749,1
0.7698935270309448,1
0.42584627866744995,1
0.4226078689098358,1
0.5069212913513184,1
0.5312316417694092,1
0.6907442212104797,1
0.48383843898773193,1
0.43826404213905334,1
0.415495902299881,1
0.6790990829467773,1
0.4301145076751709,1
0.39275771379470825,1
0.321372926235199,1
0.4284725785255432,1
0.6191712021827698,1
0.49508827924728394,1
0.5054019093513489,1
0.5253534913063049,1
0.5515694618225098,1
0.5937463641166687,1
0.5849475860595703,1
0.5051751136779785,1
0.5085201263427734,1
0.6390376091003418,1
0.7950321435928345,1
0.5674635767936707,1
0.44302016496658325,1
0.504392683506012,1
0.6406910419464111,1
0.3229060471057892,1
0.6304827928543091,1
0.47755032777786255,1
0.37815627455711365,1
0.5626778602600098,1
0.47255194187164307,1
0.5982797145843506,1
0.37319236993789673,1
0.45641034841537476,1
0.5028527975082397,1
0.5808691382408142,1
0.4859812557697296,1
0.44238683581352234,1
0.5437204241752625,1
0.6302151679992676,1
0.5482993721961975,1
0.5082735419273376,1
0.6054336428642273,1
0.7439669966697693,1
0.29957136511802673,1
0.6087835431098938,1
0.552001953125,1
0.4967862665653229,1
0.44430315494537354,1
0.5009522438049316,1
0.6694860458374023,1
0.7648444771766663,1
0.4887271523475647,1
0.4040158987045288,1
0.5363587141036987,1
0.5322582721710205,1
0.5051060914993286,1
0.5908603668212891,1
0.4938061833381653,1
0.5206561088562012,1
0.5526018738746643,1
0.689710795879364,1
0.6757274866104126,1
0.7146652936935425,1
0.5515915155410767,1
0.4597408175468445,1
0.5366718173027039,1
0.4970093369483948,1
0.5169113278388977,1
0.606917679309845,1
0.419066846370697,1
0.5300090312957764,1
0.45977091789245605,1
0.3852735161781311,1
0.4005899429321289,1
0.58421391248703,1
0.5405132174491882,1
0.5522607564926147,1
0.5512664914131165,1
0.42668402194976807,1
0.3403952717781067,1
0.5826057195663452,1
0.48585671186447144,1
0.6734499931335449,1
0.477794885635376,1
0.819939374923706,1
0.5563789010047913,1
0.4291857182979584,1
0.6441189050674438,1
0.6304154992103577,1
0.40487200021743774,1
0.3602321445941925,1
0.43064749240875244,1
0.530156135559082,1
0.5478014349937439,1
0.59982830286026,1
0.5249178409576416,1
0.6128767728805542,1
0.4205933213233948,1
0.6896230578422546,1
0.7688490748405457,1
0.504024863243103,1
0.38131168484687805,1
0.5282903909683228,1
0.610515832901001,1
0.45060813426971436,1
0.6621240377426147,1
0.6174978017807007,1
0.3518695831298828,1
0.47746381163597107,1
0.4548966884613037,1
0.4466404914855957,1
0.587129533290863,1
0.5752562284469604,1
0.539366602897644,1
0.49672022461891174,1
0.45045655965805054,1
0.6129076480865479,1
0.4173811078071594,1
0.5288709402084351,1
0.5785127282142639,1
0.5007866621017456,1
0.49277055263519287,1
0.48993510007858276,1
0.6535459160804749,1
0.6225278377532959,1
0.5471540689468384,1
0.5502163171768188,1
0.5653072595596313,1
0.7395509481430054,1
0.473930686712265,1
0.3861297369003296,1
0.5336771011352539,1
0.7463704943656921,1
0.34611523151397705,1
0.5631374716758728,1
0.5252018570899963,1
0.4219338297843933,1
0.5188999772071838,1
0.6257539987564087,1
0.480621874332428,1
0.5602331161499023,1
0.44305190443992615,1
0.5805250406265259,1
0.5276875495910645,1
0.5866917371749878,1
0.6516768336296082,1
0.6972110867500305,1
0.4688742756843567,1
0.5608198642730713,1
0.3473379611968994,1
0.636867344379425,1
0.40700018405914307,1
0.40691256523132324,1
0.7530097365379333,1
0.46961939334869385,1
0.49834030866622925,1
0.511197566986084,1
0.6281596422195435,1
0.4461572766304016,1
0.4226563274860382,1
0.4635075330734253,1
0.41422921419143677,1
0.4941864609718323,1
0.5457952618598938,1
0.6228769421577454,1
0.5599977970123291,1
0.5602126121520996,1
0.3665899634361267,1
0.4942247271537781,1
0.41738128662109375,1
0.2689564824104309,1
0.6009411811828613,1
0.6000823378562927,1
0.5623657703399658,1
0.5039791464805603,1
0.4454342722892761,1
0.4307560324668884,1
0.35667192935943604,1
0.5145388245582581,1
0.48046958446502686,1
0.447025328874588,1
0.44151124358177185,1
0.44986337423324585,1
0.5134024620056152,1
0.5207598805427551,1
0.4605245590209961,1
0.670814573764801,1
0.45835238695144653,1
0.4323055148124695,1
0.4340013265609741,1
0.5516656041145325,1
0.5492820143699646,1
0.48339778184890747,1
0.7156540155410767,1
0.48147913813591003,1
0.47339075803756714,1
0.5691898465156555,1
0.5229267477989197,1
0.5335245728492737,1
0.3418658673763275,1
0.5587051510810852,1
0.5102329254150391,1
0.397112637758255,1
0.5006062984466553,1
0.4677445888519287,1
0.43901610374450684,1
0.3199653625488281,1
0.5041563510894775,1
0.6129292845726013,1
0.31909728050231934,1
0.45491451025009155,1
0.6388789415359497,1
0.5076004266738892,1
0.46968400478363037,1
0.38125473260879517,1
0.6189706325531006,1
0.6015534996986389,1
0.5947225093841553,1
0.4331273138523102,1
0.5839039087295532,1
0.4502536654472351,1
0.5653144121170044,1
0.3264274597167969,1
0.6400007605552673,1
0.7501107454299927,1
0.6409267783164978,1
0.4976206421852112,1
0.4218718409538269,1
0.5364605784416199,1
0.467703253030777,1
0.4458008110523224,1
0.29439085721969604,1
0.6680989265441895,1
0.556675374507904,1
0.49479711055755615,1
0.4798550307750702,1
0.665987491607666,1
0.43690478801727295,1
0.41558608412742615,1
0.6153383255004883,1
0.4521537125110626,1
0.40825337171554565,1
0.49156054854393005,1
0.7379728555679321,1
0.4922667443752289,1
0.4585022032260895,1
0.48815664649009705,1
0.5745223164558411,1
0.531397819519043,1
0.5228983163833618,1
0.4748154580593109,1
0.4488699436187744,1
0.583096444606781,1
0.36401161551475525,1
0.531031608581543,1
0.43607550859451294,1
0.383292019367218,1
0.5213063359260559,1
0.6398446559906006,1
0.46767622232437134,1
0.30885782837867737,1
0.5824538469314575,1
0.49324750900268555,1
0.5300929546356201,1
0.4618293046951294,1
0.5808992385864258,1
0.31299012899398804,1
0.5392730236053467,1
0.44031822681427,1
0.5431070923805237,1
0.6475405693054199,1
0.32517921924591064,1
0.4244990944862366,1
0.576117753982544,1
0.42570218443870544,1
0.5171909928321838,1
0.4954308867454529,1
0.6159527897834778,1
0.44350019097328186,1
0.5004531741142273,1
0.37002700567245483,1
0.4359569251537323,1
0.3390061557292938,1
0.36836162209510803,1
0.484627366065979,1
0.5654144287109375,1
0.6258724927902222,1
0.5015867948532104,1
0.4404011368751526,1
0.6072183847427368,1
0.6036555767059326,1
0.39309293031692505,1
0.46170246601104736,1
0.47416478395462036,1
0.4173123836517334,1
0.47174715995788574,1
0.4772709608078003,1
0.428029865026474,1
0.5419305562973022,1
0.6190043687820435,1
0.6141152381896973,1
0.621505618095398,1
0.5004842281341553,1
0.6631820201873779,1
0.6175806522369385,1
0.4613605737686157,1
0.4298999607563019,1
0.5208922624588013,1
0.40689027309417725,1
0.4668515622615814,1
0.5059806704521179,1
0.48087483644485474,1
0.6394547820091248,1
0.5780667662620544,1
0.39336320757865906,1
0.6074655652046204,1
0.5653799772262573,1
0.5291630029678345,1
0.4447326064109802,1
0.23986607789993286,1
0.6270412802696228,1
0.47191858291625977,1
0.5037373900413513,1
0.7041608095169067,1
0.47498536109924316,1
0.6599187850952148,1
0.45573660731315613,1
0.7755588293075562,1
0.45911166071891785,1
0.5013786554336548,1
0.4302264451980591,1
0.4209013879299164,1
0.4861619174480438,1
0.33313223719596863,1
0.4416751265525818,1
0.5888564586639404,1
0.7120903730392456,1
0.6159323453903198,1
0.5103148818016052,1
0.4638065695762634,1
0.6228277683258057,1
0.490483820438385,1
0.5276944637298584,1
0.6050675511360168,1
0.5373685359954834,1
0.5502279996871948,1
0.5884384512901306,1
0.41939616203308105,1
0.4502221345901489,1
0.41872721910476685,1
0.45687010884284973,1
0.4760420322418213,1
0.46301543712615967,1
0.6396063566207886,1
0.6303637027740479,1
0.6391695141792297,1
0.45171016454696655,1
0.40042367577552795,1
0.7439900040626526,1
0.5533404350280762,1
0.402667760848999,1
0.5150293111801147,1
0.5168380737304688,1
0.39873385429382324,1
0.4489186406135559,1
0.5291016101837158,1
0.44531506299972534,1
0.4720171391963959,1
0.4827321171760559,1
0.5617119669914246,1
0.8568825721740723,1
0.2893965244293213,1
0.31618839502334595,1
0.7787832021713257,1
0.43490442633628845,1
0.7053958177566528,1
0.6089526414871216,1
0.5131708979606628,1
0.5902528762817383,1
0.5986524224281311,1
0.6530616879463196,1
0.39951032400131226,1
0.6511766314506531,1
0.4882081151008606,1
0.41095566749572754,1
0.582316517829895,1
0.47915419936180115,1
0.5511439442634583,1
0.717150092124939,1
0.6559648513793945,1
0.6064800024032593,1
0.5696333646774292,1
0.4073747396469116,1
0.5413910746574402,1
0.47765153646469116,1
0.33068010210990906,1
0.4568059742450714,1
0.5401313304901123,1
0.6121264696121216,1
0.4077754020690918,1
0.5355005264282227,1
0.43818730115890503,1
0.5205107927322388,1
0.35652878880500793,1
0.5659970045089722,1
0.5023307800292969,1
0.349601686000824,1
0.45434948801994324,1
0.3741588890552521,1
0.4368070960044861,1
0.42483192682266235,1
0.4949140250682831,1
0.5915291905403137,1
0.6400573253631592,1
0.6902368068695068,1
0.2613012492656708,1
0.3231494426727295,1
0.387767493724823,1
0.32796812057495117,1
0.47538724541664124,1
0.5232639312744141,1
0.4902417063713074,1
0.5463248491287231,1
0.5656794309616089,1
0.5972435474395752,1
0.32067710161209106,1
0.526728093624115,1
0.5033090114593506,1
0.48017358779907227,1
0.5679221749305725,1
0.5628960132598877,1
0.5107300877571106,1
0.5641824007034302,1
0.7664309740066528,1
0.6704473495483398,1
0.6563260555267334,1
0.6142045259475708,1
0.5483977794647217,1
0.4355534315109253,1
0.34204962849617004,1
0.5667939186096191,1
0.6248966455459595,1
0.3797791600227356,1
0.5276738405227661,1
0.5681788921356201,1
0.4516124129295349,1
0.6018423438072205,1
0.6835700273513794,1
0.48449626564979553,1
0.5911611318588257,1
0.37660765647888184,1
0.5285757780075073,1
0.49367743730545044,1
0.38860225677490234,1
0.5220599174499512,1
0.47531962394714355,1
0.5672309398651123,1
0.522202730178833,1
0.6414281129837036,1
0.7089369297027588,1
0.3689512312412262,1
0.3182462155818939,1
0.5752991437911987,1
0.4682502746582031,1
0.44541746377944946,1
0.4874577820301056,1
0.5659494400024414,1
0.4619064927101135,1
0.6023611426353455,1
0.7215347290039063,1
0.5255447030067444,1
0.4542480707168579,1
0.4262183606624603,1
0.4676755666732788,1
0.4285898506641388,1
0.612775981426239,1
0.3731684684753418,1
0.4832538366317749,1
0.5364127159118652,1
0.5324885845184326,1
0.6002034544944763,1
0.3317163586616516,1
0.4615447521209717,1
0.5224781632423401,1
0.5167586803436279,1
0.4964441657066345,1
0.3826773166656494,1
0.46735087037086487,1
0.3801812529563904,1
0.45532023906707764,1
0.4356154799461365,1
0.5068507194519043,1
0.5457225441932678,1
0.3901382386684418,1
0.7403910160064697,1
0.6734259724617004,1
0.3525041937828064,1
0.7155012488365173,1
0.39222103357315063,1
0.4609469473361969,1
0.5871720910072327,1
0.46257761120796204,1
0.45903295278549194,1
0.42459991574287415,1
0.5377689003944397,1
0.5584587454795837,1
0.47772926092147827,1
0.6863290071487427,1
0.33834874629974365,1
0.5067654848098755,1
0.4724673628807068,1
0.41832172870635986,1
0.6482968330383301,1
0.4976467192173004,1
0.4764726161956787,1
0.7118232250213623,1
0.3472232222557068,1
0.49787843227386475,1
0.4579392373561859,1
0.5844473242759705,1
0.7224966287612915,1
0.3890935182571411,1
0.44787514209747314,1
0.5783817768096924,1
0.4874568581581116,1
0.5072377920150757,1
0.6825577616691589,1
0.5272065997123718,1
0.41627299785614014,1
0.41140151023864746,1
0.40330827236175537,1
0.5916033387184143,1
0.5259019136428833,1
0.5178260207176208,1
0.5683239698410034,1
0.5281831622123718,1
0.598918616771698,1
0.3942596912384033,1
0.540302038192749,1
0.5156487226486206,1
0.5345524549484253,1
0.5171463489532471,1
0.32329827547073364,1
0.6223880052566528,1
0.5722287893295288,1
0.3971065282821655,1
0.4820519983768463,1
0.4053223431110382,1
0.4703703224658966,1
0.665727972984314,1
0.366630494594574,1
0.5501565933227539,1
0.7002421617507935,1
0.6131231784820557,1
0.4042486548423767,1
0.38805609941482544,1
0.5096828937530518,1
0.7998236417770386,1
0.5124475955963135,1
0.3658091425895691,1
0.4193885922431946,1
0.6701431274414063,1
0.3275386095046997,1
0.40975600481033325,1
0.31595805287361145,1
0.47076863050460815,1
0.40602609515190125,1
0.4922456741333008,1
0.6331950426101685,1
0.46959593892097473,1
0.49805402755737305,1
0.39809566736221313,1
0.535145103931427,1
0.524206280708313,1
0.5054026246070862,1
0.4608116149902344,1
0.6566289663314819,1
0.4089133143424988,1
0.5257120132446289,1
0.7352120280265808,1
0.4653069078922272,1
0.46322354674339294,1
0.45948392152786255,1
0.5625213980674744,1
0.5476936101913452,1
0.5636869668960571,1
0.33250361680984497,1
0.39366090297698975,1
0.4952627122402191,1
0.6750421524047852,1
0.6495401859283447,1
0.36108162999153137,1
0.45701661705970764,1
0.3866807222366333,1
0.42124199867248535,1
0.5300440788269043,1
0.4142724573612213,1
0.5074779391288757,1
0.3874899744987488,1
0.5406537055969238,1
0.462099552154541,1
0.5953560471534729,1
0.4313845634460449,1
0.46055784821510315,1
0.43003132939338684,1
0.5458065867424011,1
0.5009205341339111,1
0.6100434064865112,1
0.5540509223937988,1
0.502183735370636,1
0.5728650093078613,1
0.6238400936126709,1
0.3980906009674072,1
0.5949081778526306,1
0.5664269328117371,1
0.4787750244140625,1
0.25127023458480835,1
0.35602638125419617,1
0.5804598331451416,1
0.5136345028877258,1
0.4554722309112549,1
0.31951308250427246,1
0.5332335829734802,1
0.540897786617279,1
0.540847659111023,1
0.6016548275947571,1
0.41708266735076904,1
0.5407007336616516,1
0.38058412075042725,1
0.6756940484046936,1
0.5189793705940247,1
0.5852540731430054,1
0.5575110912322998,1
0.5094741582870483,1
0.43810150027275085,1
0.3656172752380371,1
0.4302307665348053,1
0.8637040853500366,1
0.34718048572540283,1
0.5034838914871216,1
0.639529287815094,1
0.3250879645347595,1
0.5070204734802246,1
0.49232620000839233,1
0.551038384437561,1
0.5546841621398926,1
0.6760134696960449,1
0.5266535878181458,1
0.4109654426574707,1
0.5906863212585449,1
0.46445393562316895,1
0.44677233695983887,1
0.50933438539505,1
0.4184098243713379,1
0.35360968112945557,1
0.6112412214279175,1
0.37154000997543335,1
0.4800603687763214,1
0.7042220830917358,1
0.5727164149284363,1
0.4779021143913269,1
0.4829057455062866,1
0.407682329416275,1
0.5621433258056641,1
0.42449241876602173,1
0.5491021275520325,1
0.44917377829551697,1
0.5080118179321289,1
0.4852432608604431,1
0.29654473066329956,1
0.43904590606689453,1
0.5969291925430298,1
0.42127737402915955,1
0.4223395586013794,1
0.4916336238384247,1
0.5753899812698364,1
0.5493829846382141,1
0.33401086926460266,1
0.23934699594974518,1
0.5100874900817871,1
0.3900667428970337,1
0.6450592279434204,1
0.3960719108581543,1
0.49914824962615967,1
0.2705564796924591,1
0.44891300797462463,1
0.3326111435890198,1
0.5234475135803223,1
0.501071572303772,1
0.529021143913269,1
0.4183109998703003,1
0.5653517246246338,1
0.4013095200061798,1
0.6022969484329224,1
0.474719375371933,1
0.737663209438324,1
0.5580025911331177,1
0.5504739880561829,1
0.5282342433929443,1
0.5330739617347717,1
0.5440560579299927,1
0.48252928256988525,1
0.3459022343158722,1
0.556140661239624,1
0.649743914604187,1
0.4253925085067749,1
0.414749413728714,1
0.394223153591156,1
0.37323033809661865,1
0.3711010217666626,1
0.41443735361099243,1
0.6284842491149902,1
0.443697452545166,1
0.5290926694869995,1
0.5183466076850891,1
0.3849218487739563,1
0.7192192077636719,1
0.49306994676589966,1
0.5047210454940796,1
0.7131494879722595,1
0.47976288199424744,1
0.5736573934555054,1
0.33910658955574036,1
0.41559165716171265,1
0.6838287711143494,1
0.48806706070899963,1
0.6093310117721558,1
0.6541311144828796,1
0.4149429202079773,1
0.4592505097389221,1
0.6337153911590576,1
0.6759718060493469,1
0.45976507663726807,1
0.5481072664260864,1
0.45483171939849854,1
0.6990406513214111,1
0.32450926303863525,1
0.4799254238605499,1
0.6112428903579712,1
0.58626389503479,1
0.4086718261241913,1
0.60882967710495,1
0.6704711318016052,1
0.35820865631103516,1
0.5619310140609741,1
0.6056160926818848,1
0.5781800746917725,1
0.5344040393829346,1
0.5854546427726746,1
0.44559699296951294,1
0.5159803628921509,1
0.5230331420898438,1
0.5798851251602173,1
0.4166288375854492,1
0.5089228749275208,1
0.48295024037361145,1
0.5961183905601501,1
0.41744449734687805,1
0.4247014820575714,1
0.42984262108802795,1
0.5377737283706665,1
0.5270771384239197,1
0.5466495752334595,1
0.37840667366981506,1
0.306081086397171,1
0.5863045454025269,1
0.35258832573890686,1
0.5421897768974304,1
0.6152715682983398,1
0.4035423994064331,1
0.4719623327255249,1
0.4955591857433319,1
0.6912345290184021,1
0.7651135921478271,1
0.4744805693626404,1
0.4462505280971527,1
0.41584908962249756,1
0.4924948513507843,1
0.3787831664085388,1
0.49077191948890686,1
0.4952445924282074,1
0.4045030474662781,1
0.5038203597068787,1
0.48668837547302246,1
0.35533303022384644,1
0.4842602610588074,1
0.47867351770401,1
0.4854356646537781,1
0.5057369470596313,1
0.5133905410766602,1
0.38896703720092773,1
0.3794623017311096,1
0.45087164640426636,1
0.6178207397460938,1
0.6018086671829224,1
0.46188053488731384,1
0.41669416427612305,1
0.45948126912117004,1
0.4423534870147705,1
0.36583876609802246,1
0.4760790765285492,1
0.384059339761734,1
0.40230152010917664,1
0.5454941391944885,1
0.4778026342391968,1
0.4068642258644104,1
0.5858327746391296,1
0.5001407265663147,1
0.591076135635376,1
0.3530028462409973,1
0.37294673919677734,1
0.46332499384880066,1
0.362249493598938,1
0.53780597448349,1
0.38294899463653564,1
0.5172301530838013,1
0.4767122268676758,1
0.5725404024124146,1
0.6015610098838806,1
0.43609240651130676,1
0.36545228958129883,1
0.4962496757507324,1
0.5322073698043823,1
0.5190117955207825,1
0.4920726716518402,1
0.48999425768852234,1
0.4520537257194519,1
0.6799482107162476,1
0.6346545219421387,1
0.4234626293182373,1
0.5719102621078491,1
0.3361794948577881,1
0.5718950033187866,1
0.3687538504600525,1
0.39152029156684875,1
0.45831048488616943,1
0.3890114426612854,1
0.33730772137641907,1
0.4463745653629303,1
0.5273493528366089,1
0.5079546570777893,1
0.4975719451904297,1
0.42184025049209595,1
0.5142818689346313,1
0.31625279784202576,1
0.49962127208709717,1
0.4426176846027374,1
0.569263756275177,1
0.41016802191734314,1
0.4781142771244049,1
0.4552696943283081,1
0.473297119140625,1
0.3342190980911255,1
0.4457358717918396,1
0.49269771575927734,1
0.4307962656021118,1
0.4884217381477356,1
0.421893835067749,1
0.4890829026699066,1
0.44748497009277344,1
0.5837557911872864,1
0.5184520483016968,1
0.6806465983390808,1
0.23496991395950317,1
0.3614707291126251,1
0.4851197898387909,1
0.3164786100387573,1
0.47136935591697693,1
0.4375835657119751,1
0.4602561593055725,1
0.3918748199939728,1
0.38149744272232056,1
0.628547728061676,1
0.4702259302139282,1
0.3987914025783539,1
0.41674232482910156,1
0.5003975033760071,1
0.5408238768577576,1
0.5361836552619934,1
0.5819393396377563,1
0.47051623463630676,1
0.3925226926803589,1
0.5614070892333984,1
0.3958534896373749,1
0.48884445428848267,1
0.4001255929470062,1
0.4841756820678711,1
0.36209210753440857,1
0.6281859874725342,1
0.5454432964324951,1
0.3232230544090271,1
0.497665673494339,1
0.3817697763442993,1
0.428585946559906,1
0.40201157331466675,1
0.43787556886672974,1
0.7039154767990112,1
0.42792683839797974,1
0.5270808935165405,1
0.24967467784881592,1
0.3617956042289734,1
0.5420545339584351,1
0.38808971643447876,1
0.5745681524276733,1
0.4857296943664551,1
0.6963739395141602,1
0.4290522634983063,1
0.48460736870765686,1
0.3708283007144928,1
0.32177993655204773,1
0.5925027132034302,1
0.7436479330062866,1
0.2759905159473419,1
0.36736825108528137,1
0.6002676486968994,1
0.6332835555076599,1
0.43079203367233276,1
0.4794391989707947,1
0.3961343765258789,1
0.562408447265625,1
0.3288588523864746,1
0.5541892051696777,1
0.5156001448631287,1
0.46787548065185547,1
0.4414258599281311,1
0.4050586521625519,1
0.4617019295692444,1
0.4195481240749359,1
0.5785645842552185,1
0.3211367130279541,1
0.4825838804244995,1
0.3776984214782715,1
0.40852534770965576,1
0.46073809266090393,1
0.2946348190307617,1
0.6013808846473694,1
0.49942177534103394,1
0.6879167556762695,1
0.6781530380249023,1
0.5526715517044067,1
0.45896676182746887,1
0.43890291452407837,1
0.33629077672958374,1
0.41278722882270813,1
0.3366401195526123,1
0.5593237280845642,1
0.3951815366744995,1
0.37953948974609375,1
0.42317819595336914,1
0.5267837047576904,1
0.48194727301597595,1
0.37193524837493896,1
0.4660090208053589,1
0.39133650064468384,1
0.3909889757633209,1
0.4745762050151825,1
0.7528514266014099,1
0.45913589000701904,1
0.5125634074211121,1
0.5028608441352844,1
0.4220629930496216,1
0.4083961248397827,1
0.4567370116710663,1
0.3876064121723175,1
0.5176112055778503,1
0.5404291749000549,1
0.36002233624458313,1
0.5268539190292358,1
0.4769800901412964,1
0.582545816898346,1
0.46527427434921265,1
0.534762442111969,1
0.6620949506759644,1
0.4379277229309082,1
0.30794137716293335,1
0.37412673234939575,1
0.6016342639923096,1
0.4871581494808197,1
0.36324262619018555,1
0.42971566319465637,1
0.5346716642379761,1
0.4231266975402832,1
0.3367157578468323,1
0.5156527757644653,1
0.37070921063423157,1
0.3605932593345642,1
0.42596107721328735,1
0.48519831895828247,1
0.35848408937454224,1
0.4071173667907715,1
0.42146944999694824,1
0.3445677161216736,1
0.35440969467163086,1
0.5900747179985046,1
0.7279391288757324,1
0.29575467109680176,1
0.4441026449203491,1
0.5156465172767639,1
0.48832646012306213,1
0.45602160692214966,1
0.37687361240386963,1
0.45128127932548523,1
0.4600487947463989,1
0.4887992739677429,1
0.7251516580581665,1
0.5633971691131592,1
0.5173659324645996,1
0.717854380607605,1
0.3164248466491699,1
0.30613553524017334,1
0.3468676805496216,1
0.5591035485267639,1
