0.1453230082988739,1
0.2523159086704254,1
0.15824413299560547,1
0.18310809135437012,1
0.22863653302192688,1
0.1874293088912964,1
0.17182762920856476,1
0.1500830501317978,1
0.2344156950712204,1
0.16858133673667908,1
0.12260865420103073,1
0.30024564266204834,1
0.28649020195007324,1
0.3447619378566742,1
0.29841965436935425,1
0.18341390788555145,1
0.19228695333003998,1
0.35451388359069824,1
0.1652791053056717,1
0.1934104710817337,1
0.1844899207353592,1
0.09474004060029984,1
0.32994335889816284,1
0.10085368901491165,1
0.166057288646698,1
0.19862985610961914,1
0.24309349060058594,1
0.0863880068063736,1
0.18562257289886475,1
0.22563843429088593,1
0.16324152052402496,1
0.2387048453092575,1
0.0974813848733902,1
0.15819008648395538,1
0.11150379478931427,1
0.08703482151031494,1
0.17770515382289886,1
0.09033793210983276,1
0.1355818510055542,1
0.32331782579421997,1
0.1595703363418579,1
0.21587802469730377,1
0.14511951804161072,1
0.2773088216781616,1
0.2003214955329895,1
0.16604626178741455,1
0.22364751994609833,1
0.25846171379089355,1
0.1770850419998169,1
0.26834893226623535,1
0.2674272358417511,1
0.2328576296567917,1
0.18172428011894226,1
0.2687094509601593,1
0.23793011903762817,1
0.13094696402549744,1
0.23717749118804932,1
0.401746541261673,1
0.2866058945655823,1
0.21482783555984497,1
0.2512335181236267,1
0.2579767405986786,1
0.18409985303878784,1
0.10610543936491013,1
0.21671830117702484,1
0.2664528787136078,1
0.21738746762275696,1
0.13130971789360046,1
0.1793912947177887,1
0.24731625616550446,1
0.23347263038158417,1
0.2527885138988495,1
0.1709051877260208,1
0.20135259628295898,1
0.22217731177806854,1
0.13731300830841064,1
0.18341895937919617,1
0.22531935572624207,1
0.2577381134033203,1
0.0992332398891449,1
0.11924805492162704,1
0.2793600559234619,1
0.23111121356487274,1
0.16421231627464294,1
0.22474083304405212,1
0.27187100052833557,1
0.15029409527778625,1
0.17859163880348206,1
0.19550204277038574,1
0.2534959018230438,1
0.24431462585926056,1
0.19945770502090454,1
0.14684174954891205,1
0.15527474880218506,1
0.10123714059591293,1
0.28483590483665466,1
0.20111244916915894,1
0.17075583338737488,1
0.15012899041175842,1
0.23313650488853455,1
0.18749555945396423,1
0.13930374383926392,1
0.16225287318229675,1
0.18464449048042297,1
0.16031071543693542,1
0.24074262380599976,1
0.14906838536262512,1
0.2577919363975525,1
0.24087871611118317,1
0.21279951930046082,1
0.2230389565229416,1
0.3165566921234131,1
0.09960156679153442,1
0.1382160186767578,1
0.12012466788291931,1
0.20171907544136047,1
0.3083896338939667,1
0.13780926167964935,1
0.2733982801437378,1
0.09266898036003113,1
0.28969311714172363,1
0.4360050857067108,1
0.22685137391090393,1
0.13071736693382263,1
0.16069193184375763,1
0.16745084524154663,1
0.15871664881706238,1
0.14038313925266266,1
0.30774080753326416,1
0.14715981483459473,1
0.15973229706287384,1
0.12922042608261108,1
0.2395140677690506,1
0.289907306432724,1
0.10780549794435501,1
0.2113656997680664,1
0.0778188556432724,1
0.21808665990829468,1
0.19931355118751526,1
0.2379123568534851,1
0.08498551696538925,1
0.23798921704292297,1
0.18972066044807434,1
0.15945325791835785,1
0.26604920625686646,1
0.11716124415397644,1
0.253371924161911,1
0.3354510962963104,1
0.1998850703239441,1
0.24951016902923584,1
0.3413481116294861,1
0.15848861634731293,1
0.18243929743766785,1
0.20182105898857117,1
0.1683020144701004,1
0.2601480185985565,1
0.23536688089370728,1
0.3780713677406311,1
0.17817355692386627,1
0.27543872594833374,1
0.23563094437122345,1
0.14148736000061035,1
0.19939935207366943,1
0.20608875155448914,1
0.16137346625328064,1
0.1834263950586319,1
0.2077622413635254,1
0.11128558218479156,1
0.16954323649406433,1
0.14337235689163208,1
0.17270246148109436,1
0.1924867182970047,1
0.17434515058994293,1
0.3101558983325958,1
0.17313462495803833,1
0.12976142764091492,1
0.21118120849132538,1
0.1568453162908554,1
0.20339800417423248,1
0.20904606580734253,1
0.1885087639093399,1
0.22610598802566528,1
0.1720363199710846,1
0.24713736772537231,1
0.25783342123031616,1
0.28631535172462463,1
0.32256782054901123,1
0.17474734783172607,1
0.155414879322052,1
0.06184787303209305,1
0.16526071727275848,1
0.1842729151248932,1
0.3378204107284546,1
0.1938648521900177,1
0.19664061069488525,1
0.37964537739753723,1
0.19491203129291534,1
0.3709582984447479,1
0.29309600591659546,1
0.21576008200645447,1
0.1761554479598999,1
0.22299659252166748,1
0.17075446248054504,1
0.15995104610919952,1
0.29011985659599304,1
0.38483184576034546,1
0.14385724067687988,1
0.11419123411178589,1
0.13260167837142944,1
0.28018566966056824,1
0.2180558741092682,1
0.08786904811859131,1
0.29304221272468567,1
0.09720031917095184,1
0.29906922578811646,1
0.3126540184020996,1
0.15218746662139893,1
0.24397283792495728,1
0.17666402459144592,1
0.1555175483226776,1
0.14091140031814575,1
0.09600603580474854,1
0.3759559988975525,1
0.35789942741394043,1
0.25869137048721313,1
0.13082830607891083,1
0.16765078902244568,1
0.21809551119804382,1
0.14467385411262512,1
0.19794592261314392,1
0.14534533023834229,1
0.3913167715072632,1
0.12399093061685562,1
0.2567584812641144,1
0.2552058696746826,1
0.2464250922203064,1
0.11791038513183594,1
0.2779282331466675,1
0.18233901262283325,1
0.11562008410692215,1
0.13185520470142365,1
0.2598068118095398,1
0.1996246576309204,1
0.24934996664524078,1
0.21068641543388367,1
0.1436760574579239,1
0.2871879041194916,1
0.15220242738723755,1
0.13483034074306488,1
0.18030411005020142,1
0.31602269411087036,1
0.25649723410606384,1
0.11134229600429535,1
0.34604689478874207,1
0.2289746105670929,1
0.2347785383462906,1
0.2825528085231781,1
0.2036953568458557,1
0.16019853949546814,1
0.20400342345237732,1
0.17582838237285614,1
0.29545772075653076,1
0.20144224166870117,1
0.05118013918399811,1
0.3264215886592865,1
0.1453528255224228,1
0.24878311157226563,1
0.12118538469076157,1
0.11434190720319748,1
0.16417567431926727,1
0.16702744364738464,1
0.13220424950122833,1
0.09603244811296463,1
0.27548283338546753,1
0.15008679032325745,1
0.2137296050786972,1
0.177606001496315,1
0.19985419511795044,1
0.2802150547504425,1
0.1541411131620407,1
0.09879836440086365,1
0.23970048129558563,1
0.20763647556304932,1
0.1467275768518448,1
0.21822671592235565,1
0.2928481996059418,1
0.3700723648071289,1
0.3011806607246399,1
0.16928096115589142,1
0.4879532754421234,1
0.1862916499376297,1
0.1912345588207245,1
0.22194582223892212,1
0.23016923666000366,1
0.1726847141981125,1
0.3253748118877411,1
0.16404621303081512,1
0.2337159812450409,1
0.24304452538490295,1
0.26558998227119446,1
0.1063297912478447,1
0.13374270498752594,1
0.19420641660690308,1
0.2198236882686615,1
0.26412779092788696,1
0.3149489164352417,1
0.32478365302085876,1
0.20084846019744873,1
0.18603366613388062,1
0.16408590972423553,1
0.11573322862386703,1
0.1845829337835312,1
0.16203007102012634,1
0.16657185554504395,1
0.22260932624340057,1
0.2515552043914795,1
0.2208644151687622,1
0.2782612442970276,1
0.05784102901816368,1
0.23747989535331726,1
0.19453361630439758,1
0.27918297052383423,1
0.35727888345718384,1
0.08429025113582611,1
0.1822892427444458,1
0.2022096812725067,1
0.08183127641677856,1
0.16574189066886902,1
0.2414071261882782,1
0.1149638295173645,1
0.05539259314537048,1
0.28103744983673096,1
0.22981837391853333,1
0.26689770817756653,1
0.22397080063819885,1
0.27785006165504456,1
0.18760104477405548,1
0.16800056397914886,1
0.1939195841550827,1
0.2598218619823456,1
0.1754390448331833,1
0.17607411742210388,1
0.17267541587352753,1
0.2450149655342102,1
0.38884326815605164,1
0.253426730632782,1
0.1926303505897522,1
0.04948285222053528,1
0.0908457487821579,1
0.11188481003046036,1
0.3512837886810303,1
0.20933885872364044,1
0.2306382656097412,1
0.21778541803359985,1
0.2257682830095291,1
0.2046661674976349,1
0.15705515444278717,1
0.14022627472877502,1
0.30074629187583923,1
0.15467283129692078,1
0.26972395181655884,1
0.24712654948234558,1
0.23252485692501068,1
0.22015362977981567,1
0.23073959350585938,1
0.3230871856212616,1
0.36181774735450745,1
0.23405516147613525,1
0.18593186140060425,1
0.13371190428733826,1
0.2426832914352417,1
0.20079943537712097,1
0.10456763952970505,1
0.14644528925418854,1
0.23821154236793518,1
0.17333689332008362,1
0.33648955821990967,1
0.2749193608760834,1
0.15869657695293427,1
0.33189311623573303,1
0.24750906229019165,1
0.28707998991012573,1
0.18098516762256622,1
0.12864650785923004,1
0.15047712624073029,1
0.2618752419948578,1
0.1667098104953766,1
0.28260716795921326,1
0.10321749746799469,1
0.19401533901691437,1
0.2528383135795593,1
0.1371413767337799,1
0.2474108338356018,1
0.26296454668045044,1
0.2455885410308838,1
0.3206166625022888,1
0.1732056438922882,1
0.24928489327430725,1
0.36665570735931396,1
0.30551061034202576,1
0.16169002652168274,1
0.46448975801467896,1
0.2161400020122528,1
0.27916571497917175,1
0.20968663692474365,1
0.22144848108291626,1
0.26436305046081543,1
0.13271814584732056,1
0.19403351843357086,1
0.16784171760082245,1
0.1804099678993225,1
0.20658399164676666,1
0.1384783536195755,1
0.14564064145088196,1
0.21258589625358582,1
0.18524989485740662,1
0.18116068840026855,1
0.19600525498390198,1
0.14873889088630676,1
0.21678762137889862,1
0.316798597574234,1
0.31363847851753235,1
0.2096727192401886,1
0.16862758994102478,1
0.28343823552131653,1
0.2056410014629364,1
0.19698850810527802,1
0.3502216339111328,1
0.23912891745567322,1
0.11870431900024414,1
0.19769009947776794,1
0.07048231363296509,1
0.2632512152194977,1
0.20317938923835754,1
0.2668282389640808,1
0.2515428066253662,1
0.24625205993652344,1
0.3158409297466278,1
0.1541903018951416,1
0.31298521161079407,1
0.21546579897403717,1
0.10042934119701385,1
0.20193161070346832,1
0.26443517208099365,1
0.22073090076446533,1
0.166978657245636,1
0.21444082260131836,1
0.1344161182641983,1
0.2541949152946472,1
0.4032560884952545,1
0.2832372188568115,1
0.31674447655677795,1
0.2486923336982727,1
0.15087947249412537,1
0.12114927917718887,1
0.40809541940689087,1
0.2390545755624771,1
0.15222439169883728,1
0.12842366099357605,1
0.22656095027923584,1
0.300277978181839,1
0.22861570119857788,1
0.10930341482162476,1
0.13199272751808167,1
0.15201722085475922,1
0.19422547519207,1
0.16378667950630188,1
0.2139700949192047,1
0.270616352558136,1
0.24148625135421753,1
0.187690868973732,1
0.28158968687057495,1
0.28095826506614685,1
0.0635744258761406,1
0.2845120429992676,1
0.13226184248924255,1
0.1644762009382248,1
0.1929236352443695,1
0.16953817009925842,1
0.19027405977249146,1
0.23045256733894348,1
0.21491651237010956,1
0.15448877215385437,1
0.30111509561538696,1
0.30115190148353577,1
0.16135695576667786,1
0.3207104504108429,1
0.18094509840011597,1
0.31809717416763306,1
0.17068329453468323,1
0.26021772623062134,1
0.17528502643108368,1
0.16144582629203796,1
0.12140314280986786,1
0.1187693178653717,1
0.2052628993988037,1
0.20003947615623474,1
0.2289074808359146,1
0.2844478487968445,1
0.25686079263687134,1
0.19651566445827484,1
0.20780842006206512,1
0.1730595827102661,1
0.1673855483531952,1
0.2686786949634552,1
0.09806153178215027,1
0.14312845468521118,1
0.20094618201255798,1
0.25278136134147644,1
0.3790232539176941,1
0.17356185615062714,1
0.16034528613090515,1
0.29776617884635925,1
0.21375267207622528,1
0.1811644583940506,1
0.09077511727809906,1
0.10328136384487152,1
0.1804603636264801,1
0.3060677647590637,1
0.25993049144744873,1
0.15811733901500702,1
0.19243744015693665,1
0.24401679635047913,1
0.09598428755998611,1
0.37573373317718506,1
0.28056809306144714,1
0.08926741033792496,1
0.3035587966442108,1
0.1632634401321411,1
0.12777182459831238,1
0.2419840544462204,1
0.3197695016860962,1
0.1781768798828125,1
0.24839186668395996,1
0.1741463541984558,1
0.21062955260276794,1
0.27992844581604004,1
0.15172415971755981,1
0.24074415862560272,1
0.20195266604423523,1
0.4381008744239807,1
0.2771774232387543,1
0.3361932039260864,1
0.09705492854118347,1
0.35750284790992737,1
0.11841071397066116,1
0.16379529237747192,1
0.10139162093400955,1
0.30331507325172424,1
0.0804634839296341,1
0.11295214295387268,1
0.17689134180545807,1
0.18116044998168945,1
0.1591828167438507,1
0.1807217299938202,1
0.12978972494602203,1
0.2941591143608093,1
0.19918224215507507,1
0.3456839919090271,1
0.231094092130661,1
0.24552682042121887,1
0.26221415400505066,1
0.22009983658790588,1
0.2822912633419037,1
0.16430526971817017,1
0.1371680349111557,1
0.09194346517324448,1
0.20229685306549072,1
0.13144513964653015,1
0.2617717981338501,1
0.08741152286529541,1
0.14453774690628052,1
0.1467285007238388,1
0.12541748583316803,1
0.14493075013160706,1
0.1928143948316574,1
0.15623125433921814,1
0.18458059430122375,1
0.15905222296714783,1
0.24691402912139893,1
0.10266292095184326,1
0.2266424596309662,1
0.1949470043182373,1
0.3280412554740906,1
0.18576213717460632,1
0.3523615300655365,1
0.19118043780326843,1
0.19022910296916962,1
0.23388521373271942,1
0.06771929562091827,1
0.14783640205860138,1
0.1702195554971695,1
0.12595459818840027,1
0.2354002743959427,1
0.2662370800971985,1
0.17930175364017487,1
0.20036016404628754,1
0.24165602028369904,1
0.2934507429599762,1
0.2350042462348938,1
0.18212296068668365,1
0.3576425015926361,1
0.12496017664670944,1
0.20867586135864258,1
0.29141056537628174,1
0.14108909666538239,1
0.11457439512014389,1
0.12098827213048935,1
0.19831714034080505,1
0.13239604234695435,1
0.1906987726688385,1
0.30089104175567627,1
0.17669078707695007,1
0.1945001482963562,1
0.24563220143318176,1
0.18950897455215454,1
0.17269182205200195,1
0.2108307182788849,1
0.19266274571418762,1
0.1681196391582489,1
0.2675085663795471,1
0.26248183846473694,1
0.25139322876930237,1
0.18141107261180878,1
0.19663923978805542,1
0.15307949483394623,1
0.15678364038467407,1
0.17857931554317474,1
0.17661944031715393,1
0.1497223675251007,1
0.07710124552249908,1
0.21886596083641052,1
0.29774147272109985,1
0.16621673107147217,1
0.21850121021270752,1
0.18876901268959045,1
0.2286561131477356,1
0.1336098313331604,1
0.18902774155139923,1
0.14196528494358063,1
0.21610420942306519,1
0.28413254022598267,1
0.15976810455322266,1
0.3786051869392395,1
0.10396825522184372,1
0.2747458815574646,1
0.18765908479690552,1
0.14293259382247925,1
0.23126906156539917,1
0.22681817412376404,1
0.15683019161224365,1
0.23223236203193665,1
0.16995449364185333,1
0.262347549200058,1
0.10914541780948639,1
0.2855665981769562,1
0.1449732631444931,1
0.2570912837982178,1
0.1768450140953064,1
0.16421717405319214,1
0.29532337188720703,1
0.19721148908138275,1
0.10654155164957047,1
0.3285854458808899,1
0.2588249444961548,1
0.15713538229465485,1
0.204388827085495,1
0.20756903290748596,1
0.19262057542800903,1
0.16266362369060516,1
0.1524382382631302,1
0.1414458304643631,1
0.24227890372276306,1
0.12787754833698273,1
0.23354148864746094,1
0.3153395652770996,1
0.2418978214263916,1
0.14466845989227295,1
0.12705078721046448,1
0.2687434256076813,1
0.1243765577673912,1
0.38535040616989136,1
0.2781156599521637,1
0.15327219665050507,1
0.1119852066040039,1
0.13748708367347717,1
0.12649910151958466,1
0.25155189633369446,1
0.08189181983470917,1
0.29445165395736694,1
0.1284569501876831,1
0.15002740919589996,1
0.1522798091173172,1
0.18463093042373657,1
0.15070463716983795,1
0.15374591946601868,1
0.12659484148025513,1
0.41027623414993286,1
0.14242303371429443,1
0.2484167516231537,1
0.19227416813373566,1
0.290007084608078,1
0.17706459760665894,1
0.08081838488578796,1
0.5507668852806091,1
0.2342197299003601,1
0.20611947774887085,1
0.18065975606441498,1
0.3818834722042084,1
0.22189071774482727,1
0.2074211835861206,1
0.26760250329971313,1
0.17501042783260345,1
0.22550275921821594,1
0.2616492509841919,1
0.35283756256103516,1
0.19306305050849915,1
0.20380204916000366,1
0.2451721429824829,1
0.2678161859512329,1
0.25321897864341736,1
0.13098761439323425,1
0.34636813402175903,1
0.28049996495246887,1
0.15116453170776367,1
0.19814124703407288,1
0.24833838641643524,1
0.17291268706321716,1
0.24093279242515564,1
0.24509945511817932,1
0.15356707572937012,1
0.20368896424770355,1
0.16036194562911987,1
0.3774271607398987,1
0.13107050955295563,1
0.1510656177997589,1
0.19512353837490082,1
0.27951231598854065,1
0.10640374571084976,1
0.15853802859783173,1
0.1468435376882553,1
0.19784599542617798,1
0.16109558939933777,1
0.22875794768333435,1
0.1038220077753067,1
0.1593579649925232,1
0.15961681306362152,1
0.25064337253570557,1
0.1152154952287674,1
0.22032523155212402,1
0.371432900428772,1
0.12401742488145828,1
0.11429955810308456,1
0.1853330433368683,1
0.17846152186393738,1
0.2136450558900833,1
0.24980570375919342,1
0.2025674283504486,1
0.16583113372325897,1
0.1659632921218872,1
0.1204538494348526,1
0.16652195155620575,1
0.15512171387672424,1
0.09734324365854263,1
0.332955539226532,1
0.37322935461997986,1
0.11505739390850067,1
0.11372578144073486,1
0.2979229688644409,1
0.2770598530769348,1
0.10705917328596115,1
0.1506355255842209,1
0.25578492879867554,1
0.21186921000480652,1
0.30097925662994385,1
0.08623529225587845,1
0.11701861023902893,1
0.2950407564640045,1
0.21458643674850464,1
0.10802125930786133,1
0.15848304331302643,1
0.2266906201839447,1
0.25294744968414307,1
0.19890941679477692,1
0.1664115935564041,1
0.06146673113107681,1
0.16725459694862366,1
0.14479456841945648,1
0.12846656143665314,1
0.19114619493484497,1
0.304416298866272,1
0.26348087191581726,1
0.0861039012670517,1
0.22015389800071716,1
0.19809937477111816,1
0.10803170502185822,1
0.2125115841627121,1
0.20321127772331238,1
0.18946236371994019,1
0.15057715773582458,1
0.09430575370788574,1
0.19450485706329346,1
0.12344805896282196,1
0.1398700773715973,1
0.2525656223297119,1
0.1061958521604538,1
0.15539301931858063,1
0.1735101342201233,1
0.17009006440639496,1
0.08093254268169403,1
0.10494110733270645,1
0.14417995512485504,1
0.12627486884593964,1
0.2769395112991333,1
0.15023289620876312,1
0.11708299815654755,1
0.21028637886047363,1
0.2803744375705719,1
0.29121047258377075,1
0.21704596281051636,1
0.22109796106815338,1
0.08246511965990067,1
0.12962450087070465,1
0.24570274353027344,1
0.19059479236602783,1
0.12659740447998047,1
0.13995128870010376,1
0.19721077382564545,1
0.2500540316104889,1
0.18620583415031433,1
0.2927588224411011,1
0.1949079930782318,1
0.16128231585025787,1
0.12749497592449188,1
0.18481668829917908,1
0.5244044065475464,1
0.08828048408031464,1
0.15306903421878815,1
0.13732711970806122,1
0.2529701292514801,1
0.28287962079048157,1
0.09449432790279388,1
0.33748266100883484,1
0.21442559361457825,1
0.19017350673675537,1
0.14948078989982605,1
0.12580890953540802,1
0.18181201815605164,1
0.13213935494422913,1
0.2849208116531372,1
0.2373412847518921,1
0.2050318866968155,1
0.24074891209602356,1
0.18285268545150757,1
0.3165245056152344,1
0.13952714204788208,1
0.06784302741289139,1
0.13862164318561554,1
0.22059758007526398,1
0.18586893379688263,1
0.24258412420749664,1
0.2378731369972229,1
0.2537229359149933,1
0.3259050250053406,1
0.18632781505584717,1
0.41996872425079346,1
0.1322994828224182,1
0.2183496057987213,1
0.1850317269563675,1
0.17626573145389557,1
0.20192934572696686,1
0.20661912858486176,1
0.1490073949098587,1
0.18378067016601563,1
0.25591766834259033,1
0.09506937861442566,1
0.20645959675312042,1
0.15218594670295715,1
0.24315378069877625,1
0.29538169503211975,1
0.20377495884895325,1
0.12478572130203247,1
0.21772482991218567,1
0.27070102095603943,1
0.11961513012647629,1
0.1091100201010704,1
0.13491827249526978,1
0.22299382090568542,1
0.17106464505195618,1
0.21928460896015167,1
0.2225809097290039,1
0.18620119988918304,1
0.23911821842193604,1
0.2878386080265045,1
0.1873897910118103,1
0.17903926968574524,1
0.308538019657135,1
0.24475955963134766,1
0.19889312982559204,1
0.17239661514759064,1
0.18011979758739471,1
0.1416192203760147,1
0.152631014585495,1
0.27231335639953613,1
0.16783437132835388,1
0.20841902494430542,1
0.22779354453086853,1
0.10274635255336761,1
0.31104519963264465,1
0.07698781788349152,1
0.1461409330368042,1
0.21581411361694336,1
0.25342535972595215,1
0.2453748732805252,1
0.15307143330574036,1
0.17058134078979492,1
0.2597055435180664,1
0.2678041458129883,1
0.13435888290405273,1
0.03393304720520973,1
0.19351476430892944,1
0.19594766199588776,1
0.11807986348867416,1
0.08839861303567886,1
0.3139357566833496,1
0.241990327835083,1
0.2028537541627884,1
0.24983230233192444,1
0.14694984257221222,1
0.23805299401283264,1
0.19687604904174805,1
0.14400367438793182,1
0.24915055930614471,1
0.2614681124687195,1
0.1384992003440857,1
0.1471102237701416,1
0.20499715209007263,1
0.11849821358919144,1
0.18109796941280365,1
0.1170220896601677,1
0.24912619590759277,1
0.09269160032272339,1
0.23226161301136017,1
0.11382560431957245,1
0.470609575510025,1
0.1835666447877884,1
0.21907377243041992,1
0.262081503868103,1
0.15323412418365479,1
0.14415299892425537,1
0.2393782138824463,1
0.20558030903339386,1
0.2759224474430084,1
0.1038735955953598,1
0.17297613620758057,1
0.11138090491294861,1
0.1213306412100792,1
0.2180100381374359,1
0.1406358778476715,1
0.2592870891094208,1
0.1874295026063919,1
0.25341373682022095,1
0.24003960192203522,1
0.09065106511116028,1
0.1909690648317337,1
0.13068079948425293,1
0.3338271379470825,1
0.2361646145582199,1
0.3049800992012024,1
0.21845468878746033,1
0.26826080679893494,1
0.1941332072019577,1
0.09401917457580566,1
0.1958993822336197,1
0.12801390886306763,1
0.3448200523853302,1
0.28696101903915405,1
0.11154316365718842,1
0.3010656535625458,1
0.1618194878101349,1
0.2032431811094284,1
0.13232675194740295,1
0.16146861016750336,1
0.2578617334365845,1
0.15011364221572876,1
0.2728312909603119,1
0.33028316497802734,1
0.2793053388595581,1
0.2614506781101227,1
0.13225945830345154,1
0.22659507393836975,1
0.21019545197486877,1
0.1535772979259491,1
0.23338037729263306,1
0.12330389767885208,1
0.3167778253555298,1
0.22663623094558716,1
0.2311502993106842,1
0.18915265798568726,1
0.1024959534406662,1
0.2681427299976349,1
0.15318027138710022,1
0.16848032176494598,1
0.21480558812618256,1
0.3083838224411011,1
0.21874116361141205,1
0.13283807039260864,1
0.1764242947101593,1
0.0828433632850647,1
0.3190515637397766,1
0.341403067111969,1
0.21418878436088562,1
0.21173973381519318,1
0.1204322874546051,1
0.1855851709842682,1
0.12061566114425659,1
0.17131862044334412,1
0.11006280034780502,1
0.13320060074329376,1
0.174000546336174,1
0.11718940734863281,1
0.15266019105911255,1
0.1998293697834015,1
0.18875810503959656,1
0.25702953338623047,1
0.259265661239624,1
0.30981728434562683,1
0.2762100398540497,1
0.3265050947666168,1
0.2232213169336319,1
0.20929571986198425,1
0.15647631883621216,1
0.23617060482501984,1
0.1397782862186432,1
0.19727802276611328,1
0.2071278989315033,1
0.23312613368034363,1
0.08503328263759613,1
0.15973612666130066,1
0.14593955874443054,1
0.26142454147338867,1
0.09132049977779388,1
0.15812446177005768,1
0.12505868077278137,1
0.32756394147872925,1
0.24379578232765198,1
0.1629309356212616,1
0.335881769657135,1
0.0927644670009613,1
0.2829599976539612,1
0.3124087154865265,1
0.1591910719871521,1
0.38130319118499756,1
0.08270574361085892,1
0.1540970504283905,1
0.21126621961593628,1
0.1906692236661911,1
0.24355997145175934,1
0.1302516907453537,1
0.17386887967586517,1
0.42321518063545227,1
0.25738367438316345,1
0.3008657991886139,1
0.14912015199661255,1
0.25424882769584656,1
0.07707995176315308,1
0.16952544450759888,1
0.1052955910563469,1
0.10357927531003952,1
0.3196853995323181,1
0.30307886004447937,1
0.16716250777244568,1
0.2215610295534134,1
0.1383943408727646,1
0.06847327202558517,1
0.2581120431423187,1
0.20978067815303802,1
0.26875606179237366,1
0.21039177477359772,1
0.22505249083042145,1
0.1517520397901535,1
0.07611837983131409,1
0.24212805926799774,1
0.25937455892562866,1
0.23448041081428528,1
0.12346000224351883,1
0.2309560477733612,1
0.13690344989299774,1
0.324715793132782,1
0.12263012677431107,1
0.1442253589630127,1
0.1820908486843109,1
0.1947428584098816,1
0.21404196321964264,1
0.3211708664894104,1
0.20939671993255615,1
0.10905012488365173,1
0.210530623793602,1
0.12529434263706207,1
0.20185112953186035,1
0.20574115216732025,1
0.19058649241924286,1
0.33865123987197876,1
0.16203993558883667,1
0.12324468791484833,1
0.09954380244016647,1
0.1635930985212326,1
0.15784043073654175,1
0.16402952373027802,1
0.28327521681785583,1
0.16322682797908783,1
0.21387314796447754,1
0.26254361867904663,1
0.15459764003753662,1
0.09053617715835571,1
0.13512633740901947,1
0.26132822036743164,1
0.1490500420331955,1
0.16393059492111206,1
0.24528811872005463,1
0.2337295413017273,1
0.1382984071969986,1
0.30900728702545166,1
0.14022991061210632,1
0.2568848431110382,1
0.13758684694766998,1
0.2423834204673767,1
0.1777682900428772,1
0.2036522626876831,1
0.2727450430393219,1
0.1618557572364807,1
0.23780247569084167,1
0.19215211272239685,1
0.29213857650756836,1
0.10579781979322433,1
0.1177050843834877,1
0.23638594150543213,1
0.20224720239639282,1
0.29107579588890076,1
0.14880213141441345,1
0.206205815076828,1
0.28122082352638245,1
0.3640815317630768,1
0.12366130948066711,1
0.23058679699897766,1
0.1042896956205368,1
0.26783162355422974,1
0.18045978248119354,1
0.15931570529937744,1
0.15601837635040283,1
0.09444110840559006,1
0.20951762795448303,1
0.23526760935783386,1
0.08359314501285553,1
0.09496358036994934,1
0.22382335364818573,1
0.2072708010673523,1
0.1729678213596344,1
0.23646381497383118,1
0.16882166266441345,1
0.10764863342046738,1
0.27347567677497864,1
0.09242956340312958,1
0.2553427517414093,1
0.13966555893421173,1
0.12835939228534698,1
0.14520014822483063,1
0.1302599310874939,1
0.1782914698123932,1
0.3408329486846924,1
0.1388239562511444,1
0.2516418397426605,1
0.1403348594903946,1
0.20910941064357758,1
0.1991659253835678,1
0.2169346809387207,1
0.14902371168136597,1
0.19593343138694763,1
0.11594312638044357,1
0.1920701116323471,1
0.17505896091461182,1
0.10510077327489853,1
0.16288846731185913,1
0.4041728079319,1
0.09540677815675735,1
0.19955149292945862,1
0.18378740549087524,1
0.3245241045951843,1
0.15962737798690796,1
0.2711728513240814,1
0.2328433096408844,1
0.41104578971862793,1
0.2512151598930359,1
0.06835891306400299,1
0.23812013864517212,1
0.19116243720054626,1
0.23435784876346588,1
0.18346519768238068,1
0.05749206990003586,1
0.18387624621391296,1
0.18617182970046997,1
0.226030170917511,1
0.108663409948349,1
0.20456236600875854,1
0.19180260598659515,1
0.1850462704896927,1
0.18316224217414856,1
0.14435574412345886,1
0.14349889755249023,1
0.28069350123405457,1
0.21918267011642456,1
0.27983585000038147,1
0.24073705077171326,1
0.29300883412361145,1
0.25677984952926636,1
0.20392560958862305,1
0.21697784960269928,1
0.16305720806121826,1
0.08633256703615189,1
0.1887422502040863,1
0.26172152161598206,1
0.2987324893474579,1
0.212202250957489,1
0.1289423406124115,1
0.3368785083293915,1
0.24449002742767334,1
0.2253834754228592,1
0.15769091248512268,1
0.2088712751865387,1
0.18381330370903015,1
0.16492080688476563,1
0.25541964173316956,1
0.20783284306526184,1
0.2000959813594818,1
0.16570061445236206,1
0.2689981162548065,1
0.18855024874210358,1
0.26852142810821533,1
0.20017391443252563,1
0.21194806694984436,1
0.26735252141952515,1
0.24799039959907532,1
0.17716076970100403,1
0.2274739295244217,1
0.22524845600128174,1
0.09757310897111893,1
0.3557886779308319,1
0.15035954117774963,1
0.1751374900341034,1
0.18793939054012299,1
0.179824098944664,1
0.2784380316734314,1
0.1931646764278412,1
0.16721446812152863,1
0.12057330459356308,1
0.09295699000358582,1
0.22372162342071533,1
0.1284109354019165,1
0.2580074965953827,1
0.15840183198451996,1
0.1741238832473755,1
0.3479415774345398,1
0.2355520874261856,1
0.17093966901302338,1
0.30772989988327026,1
0.16056232154369354,1
0.19802512228488922,1
0.20623932778835297,1
0.17691098153591156,1
0.21928536891937256,1
0.14801689982414246,1
0.09022936969995499,1
0.19599410891532898,1
0.17870205640792847,1
0.36041027307510376,1
0.09052155166864395,1
0.13824743032455444,1
0.152188241481781,1
0.23493961989879608,1
0.17269447445869446,1
0.1838161051273346,1
0.23035430908203125,1
0.19180649518966675,1
0.12597015500068665,1
0.20399612188339233,1
0.17027321457862854,1
0.35574716329574585,1
0.14673307538032532,1
0.39885056018829346,1
0.09998982399702072,1
0.27741652727127075,1
0.20797106623649597,1
0.19273295998573303,1
0.3472926616668701,1
0.19822219014167786,1
0.15873372554779053,1
0.2628116011619568,1
0.19197316467761993,1
0.10746617615222931,1
0.13890767097473145,1
0.19576692581176758,1
0.2105601727962494,1
0.1450885534286499,1
0.27640560269355774,1
0.282956600189209,1
0.1329745352268219,1
0.1678830236196518,1
0.12394466996192932,1
0.13751855492591858,1
0.25417661666870117,1
0.18455956876277924,1
0.10639126598834991,1
0.14712464809417725,1
0.09286193549633026,1
0.1170508936047554,1
0.32184460759162903,1
0.13163204491138458,1
0.18425993621349335,1
0.1542952060699463,1
0.15974360704421997,1
0.31161510944366455,1
0.24756500124931335,1
0.1158125251531601,1
0.1620519608259201,1
0.2263708859682083,1
0.17115142941474915,1
0.16700038313865662,1
0.31009066104888916,1
0.20363441109657288,1
0.15174435079097748,1
0.12202616035938263,1
0.17745175957679749,1
0.0800774097442627,1
0.15308517217636108,1
0.12973350286483765,1
0.3588389456272125,1
0.5043436288833618,1
0.1733437180519104,1
0.22314178943634033,1
0.20007342100143433,1
0.2648339569568634,1
0.12125398963689804,1
0.22254055738449097,1
0.2765614092350006,1
0.12252002954483032,1
0.28406381607055664,1
0.11165465414524078,1
0.1318853497505188,1
0.21884456276893616,1
0.24012014269828796,1
0.1800159513950348,1
0.3510958254337311,1
0.1359645575284958,1
0.12052095681428909,1
0.36720776557922363,1
0.23079583048820496,1
0.08558203279972076,1
0.13936980068683624,1
0.1472153216600418,1
0.3545488119125366,1
0.11645980179309845,1
0.26716548204421997,1
0.21199199557304382,1
0.3283359110355377,1
0.13577063381671906,1
0.21532249450683594,1
0.21523964405059814,1
0.27035126090049744,1
0.11281309276819229,1
0.1624671220779419,1
0.1927652209997177,1
0.23521128296852112,1
0.14172551035881042,1
0.1554686725139618,1
0.20524093508720398,1
0.2254992425441742,1
0.2613581418991089,1
0.10945047438144684,1
0.2559012472629547,1
0.11063867062330246,1
0.1843494325876236,1
0.16273774206638336,1
0.09165418148040771,1
0.3254203200340271,1
0.048755813390016556,1
0.3422899842262268,1
0.23420482873916626,1
0.22791850566864014,1
0.1879044771194458,1
0.26373669505119324,1
0.29226046800613403,1
0.24403563141822815,1
0.22487495839595795,1
0.2404295802116394,1
0.18401265144348145,1
0.16481639444828033,1
0.20645514130592346,1
0.1609601378440857,1
0.16406263411045074,1
0.10328459739685059,1
0.1548553705215454,1
0.2723722457885742,1
0.0916067361831665,1
0.22941505908966064,1
0.34225034713745117,1
0.2675698697566986,1
0.14572052657604218,1
0.13177169859409332,1
0.18742667138576508,1
0.24937120079994202,1
0.17324990034103394,1
0.3521463871002197,1
0.2191981077194214,1
0.37074601650238037,1
0.18922273814678192,1
0.14516878128051758,1
0.32124707102775574,1
0.19451767206192017,1
0.1436162292957306,1
0.2989068627357483,1
0.1154719665646553,1
0.15515094995498657,1
0.11325836926698685,1
0.2332838475704193,1
0.1967688500881195,1
0.17495191097259521,1
0.09318085014820099,1
0.26601359248161316,1
0.2736521363258362,1
0.33879682421684265,1
0.11807529628276825,1
0.21140159666538239,1
0.2187958061695099,1
0.14991873502731323,1
0.273624986410141,1
0.22122114896774292,1
0.1261773705482483,1
0.13398884236812592,1
0.11696547269821167,1
0.2103634774684906,1
0.20941704511642456,1
0.14924301207065582,1
0.11821740865707397,1
0.3632725775241852,1
0.1198357418179512,1
0.19961833953857422,1
0.24207092821598053,1
0.13404561579227448,1
0.13526655733585358,1
0.15054532885551453,1
0.19989794492721558,1
0.18771538138389587,1
0.3217866122722626,1
0.21103455126285553,1
0.2450152337551117,1
0.06111292168498039,1
0.14248287677764893,1
0.21201635897159576,1
0.18706239759922028,1
0.18107254803180695,1
0.22099652886390686,1
0.32050177454948425,1
0.141094371676445,1
0.17209836840629578,1
0.30496829748153687,1
0.2834206223487854,1
0.24826060235500336,1
0.16612039506435394,1
0.11097626388072968,1
0.2683359980583191,1
0.12595060467720032,1
0.1485634744167328,1
0.14477811753749847,1
0.30015313625335693,1
0.1503763198852539,1
0.186898335814476,1
0.1925591677427292,1
0.285936176776886,1
0.22607898712158203,1
0.27632734179496765,1
0.18963277339935303,1
0.23177576065063477,1
0.17978167533874512,1
0.1252480447292328,1
0.19727635383605957,1
0.11563348025083542,1
0.2051360309123993,1
0.19104190170764923,1
0.1766788363456726,1
0.14722222089767456,1
0.14205214381217957,1
0.11858484148979187,1
0.286241352558136,1
0.2388961762189865,1
0.12618033587932587,1
0.1767522692680359,1
0.1193864718079567,1
0.23481369018554688,1
0.21703097224235535,1
0.2137032449245453,1
0.2728367745876312,1
0.23120637238025665,1
0.25501513481140137,1
0.13187354803085327,1
0.19534039497375488,1
0.24602380394935608,1
0.10649754852056503,1
0.08385109901428223,1
0.1409536898136139,1
0.19351805746555328,1
0.20585574209690094,1
0.14218346774578094,1
0.20194926857948303,1
0.299135684967041,1
0.2149026095867157,1
0.19087296724319458,1
0.22787219285964966,1
0.36634379625320435,1
0.4627062976360321,1
0.12630626559257507,1
0.19899630546569824,1
0.09721178561449051,1
0.16564525663852692,1
0.323731005191803,1
0.12492989003658295,1
0.11074532568454742,1
0.26549088954925537,1
0.149839848279953,1
0.1801716685295105,1
0.36406800150871277,1
0.23502475023269653,1
0.11154796928167343,1
0.09942913055419922,1
0.18367385864257813,1
0.26833221316337585,1
0.19306039810180664,1
0.11126118898391724,1
0.09219449013471603,1
0.23083752393722534,1
0.1356617510318756,1
0.14147353172302246,1
0.1837008148431778,1
0.21814219653606415,1
0.2130535989999771,1
0.16838093101978302,1
0.21512165665626526,1
0.12660908699035645,1
0.3094860315322876,1
0.3408856689929962,1
0.18692916631698608,1
0.20241554081439972,1
0.09364315867424011,1
0.19391801953315735,1
0.17750245332717896,1
0.30599355697631836,1
0.33787983655929565,1
0.21315404772758484,1
0.11566037684679031,1
0.23908430337905884,1
0.06386730074882507,1
0.2083205133676529,1
0.16510148346424103,1
0.37162262201309204,1
0.22080792486667633,1
0.22314521670341492,1
0.24861851334571838,1
0.18886661529541016,1
0.34051513671875,1
0.22635778784751892,1
0.16687986254692078,1
0.3105201721191406,1
0.1540846824645996,1
0.2742706537246704,1
0.1589910238981247,1
0.262813001871109,1
0.22186309099197388,1
0.19828885793685913,1
0.1770506650209427,1
0.17970803380012512,1
0.17458149790763855,1
0.17165546119213104,1
0.16898459196090698,1
0.283655047416687,1
0.2423701137304306,1
0.13247975707054138,1
0.19011786580085754,1
0.17375588417053223,1
0.15399710834026337,1
0.16038475930690765,1
0.16690212488174438,1
0.20397432148456573,1
0.17536036670207977,1
0.15072426199913025,1
0.3126522898674011,1
0.21906964480876923,1
0.28471940755844116,1
0.16779521107673645,1
0.11372384428977966,1
0.20760692656040192,1
0.18536993861198425,1
0.22905078530311584,1
0.07849781215190887,1
0.20862343907356262,1
0.18661706149578094,1
0.3829585015773773,1
0.20452307164669037,1
0.29712143540382385,1
0.1397431194782257,1
0.19284206628799438,1
0.3063110113143921,1
0.22891689836978912,1
0.2960238456726074,1
0.08855339884757996,1
0.3450193703174591,1
0.13462303578853607,1
0.23060567677021027,1
0.15144109725952148,1
0.16847825050354004,1
0.4202689826488495,1
0.2132159024477005,1
0.1793268769979477,1
0.15077051520347595,1
0.12355968356132507,1
0.2501506507396698,1
0.13541445136070251,1
0.2190134972333908,1
0.1255326271057129,1
0.16829688847064972,1
0.23903235793113708,1
0.15191252529621124,1
0.14208203554153442,1
0.26413482427597046,1
0.2492809295654297,1
0.18190772831439972,1
0.12095813453197479,1
0.20708298683166504,1
0.13884249329566956,1
0.17916181683540344,1
0.14876146614551544,1
0.1545858383178711,1
0.280948281288147,1
0.2783956527709961,1
0.1519680619239807,1
0.37666743993759155,1
0.3095887303352356,1
0.196977436542511,1
0.2918197512626648,1
0.18050196766853333,1
0.3253965377807617,1
0.08864142745733261,1
0.23163077235221863,1
0.16530266404151917,1
0.288668155670166,1
0.12640094757080078,1
0.170281320810318,1
0.16889961063861847,1
0.3334164619445801,1
0.2338765412569046,1
0.14020879566669464,1
0.12868845462799072,1
0.16919472813606262,1
0.17766472697257996,1
0.1931186020374298,1
0.16141273081302643,1
0.12528765201568604,1
0.16819831728935242,1
0.08302954584360123,1
0.20918560028076172,1
0.29782623052597046,1
0.21227224171161652,1
0.17435738444328308,1
0.29230839014053345,1
0.07886374741792679,1
0.2720797657966614,1
0.35409659147262573,1
0.1345812827348709,1
0.20841878652572632,1
0.3691372275352478,1
0.42840516567230225,1
0.17691273987293243,1
0.34536197781562805,1
0.22134384512901306,1
0.18276314437389374,1
0.1703173816204071,1
0.25355634093284607,1
0.2626159191131592,1
0.2825503349304199,1
0.09948767721652985,1
0.1691395789384842,1
0.32377052307128906,1
0.13051842153072357,1
0.12386167049407959,1
0.16908663511276245,1
0.18685315549373627,1
0.2929552495479584,1
0.18219269812107086,1
0.18449747562408447,1
0.1311432272195816,1
0.2000013291835785,1
0.11459856480360031,1
0.22042594850063324,1
0.2539631724357605,1
0.23390910029411316,1
0.22417782247066498,1
0.23682183027267456,1
0.21504691243171692,1
0.25314727425575256,1
0.13545146584510803,1
0.18002448976039886,1
0.239393949508667,1
0.30241677165031433,1
0.3231219947338104,1
0.23229312896728516,1
0.25307950377464294,1
0.11349683254957199,1
0.2118629366159439,1
0.12802726030349731,1
0.2793513834476471,1
0.14696401357650757,1
0.14204518496990204,1
0.1714049130678177,1
0.37134015560150146,1
0.13840383291244507,1
0.12528440356254578,1
0.3279799818992615,1
0.2075069397687912,1
0.1570054590702057,1
0.1748497188091278,1
0.3240571618080139,1
0.1338668167591095,1
0.17119371891021729,1
0.16813091933727264,1
0.2549060583114624,1
0.19059030711650848,1
0.24228103458881378,1
0.21067127585411072,1
0.29061102867126465,1
0.28586041927337646,1
0.26078158617019653,1
0.1593398004770279,1
0.13677650690078735,1
0.12461857497692108,1
0.11749403178691864,1
0.12032753974199295,1
0.1314670890569687,1
0.12465030699968338,1
0.16358277201652527,1
0.24115148186683655,1
0.18551944196224213,1
0.17310534417629242,1
0.2495056688785553,1
0.2452021837234497,1
0.06748513877391815,1
0.1841028332710266,1
0.1478216052055359,1
0.2663290500640869,1
0.13308513164520264,1
0.12032036483287811,1
0.13284315168857574,1
0.19506898522377014,1
0.20548051595687866,1
0.16895553469657898,1
0.2058546543121338,1
0.19909431040287018,1
0.19319449365139008,1
0.1444789469242096,1
0.2191535383462906,1
0.18471196293830872,1
0.20811983942985535,1
0.5142192840576172,1
0.2585921585559845,1
0.24880535900592804,1
0.15443989634513855,1
0.1046912670135498,1
0.11976031213998795,1
0.21536403894424438,1
0.2229718267917633,1
0.22179177403450012,1
0.18355673551559448,1
0.1953304260969162,1
0.12678590416908264,1
0.10183950513601303,1
0.2167341560125351,1
0.28181931376457214,1
0.26509225368499756,1
0.23881228268146515,1
0.15192781388759613,1
0.26381295919418335,1
0.060453467071056366,1
0.12231458723545074,1
0.17161855101585388,1
0.10326792299747467,1
0.23061934113502502,1
0.1914612203836441,1
0.12546227872371674,1
0.07058367133140564,1
0.07021181285381317,1
0.1768999993801117,1
0.17989054322242737,1
0.2742312252521515,1
0.25487053394317627,1
0.3586414158344269,1
0.13658401370048523,1
0.08152340352535248,1
0.20234742760658264,1
0.19098594784736633,1
0.23495742678642273,1
0.15951132774353027,1
0.19029343128204346,1
0.16287758946418762,1
0.19985759258270264,1
0.26290926337242126,1
0.09542474150657654,1
0.23276102542877197,1
0.21515128016471863,1
0.22677834331989288,1
0.12427389621734619,1
0.23185062408447266,1
0.13169488310813904,1
0.2520082890987396,1
0.1356542855501175,1
0.12155109643936157,1
0.2013324797153473,1
0.1533985733985901,1
0.4414491653442383,1
0.13249418139457703,1
0.1910419464111328,1
0.29984050989151,1
0.2819881737232208,1
0.12979397177696228,1
0.2695299983024597,1
0.14197449386119843,1
0.16797161102294922,1
0.36335086822509766,1
0.23914504051208496,1
0.2649816870689392,1
0.2521478831768036,1
0.3071432113647461,1
0.23843275010585785,1
0.1474650800228119,1
0.2455921471118927,1
0.21792970597743988,1
0.1280931830406189,1
0.16109739243984222,1
0.11179128289222717,1
0.10927838087081909,1
0.19711750745773315,1
0.24041907489299774,1
0.22659234702587128,1
0.16764186322689056,1
0.07815242558717728,1
0.2520354688167572,1
0.12270381301641464,1
0.27858465909957886,1
0.19718453288078308,1
0.21248048543930054,1
0.11660147458314896,1
0.1779191792011261,1
0.22925825417041779,1
0.1913892924785614,1
0.23833781480789185,1
0.20864374935626984,1
0.16830815374851227,1
0.20360058546066284,1
0.2115059196949005,1
0.21146711707115173,1
0.19606168568134308,1
0.1310635656118393,1
0.2975008487701416,1
0.16140612959861755,1
0.2745593786239624,1
0.20000548660755157,1
0.16345500946044922,1
0.15503203868865967,1
0.18528828024864197,1
0.21345263719558716,1
0.2405063658952713,1
0.26703187823295593,1
0.17054244875907898,1
0.0642431378364563,1
0.12868152558803558,1
0.3013613224029541,1
0.10319893062114716,1
0.12894316017627716,1
0.2613440752029419,1
0.19498446583747864,1
0.1561156064271927,1
0.08423078805208206,1
0.1067778468132019,1
0.2149459421634674,1
0.1617286205291748,1
0.1938602775335312,1
0.12129153311252594,1
0.09147137403488159,1
0.1873648762702942,1
0.1418209969997406,1
0.2598867416381836,1
0.25716087222099304,1
0.2884676456451416,1
0.30077123641967773,1
0.2762109041213989,1
0.15413421392440796,1
0.35382047295570374,1
0.390302449464798,1
0.18185517191886902,1
0.1822226494550705,1
0.1910312920808792,1
0.1781214475631714,1
0.2171001434326172,1
0.08893227577209473,1
0.1794104129076004,1
0.34821975231170654,1
0.31455862522125244,1
0.13298964500427246,1
0.12997294962406158,1
0.19819018244743347,1
0.2428676187992096,1
0.24914176762104034,1
0.15390272438526154,1
0.2540641129016876,1
0.2434091717004776,1
0.11061875522136688,1
0.13865050673484802,1
0.22748395800590515,1
0.18566353619098663,1
0.12585760653018951,1
0.08039062470197678,1
0.20152443647384644,1
0.09054407477378845,1
0.3137733042240143,1
0.20967477560043335,1
0.101872518658638,1
0.17398950457572937,1
0.13039764761924744,1
0.2520526945590973,1
0.20481538772583008,1
0.1626679003238678,1
0.12877218425273895,1
0.14710485935211182,1
0.24860027432441711,1
0.3404967784881592,1
0.3376939296722412,1
0.3442433476448059,1
0.31100574135780334,1
0.20368465781211853,1
0.12625810503959656,1
0.2759329080581665,1
0.26727139949798584,1
0.3894226551055908,1
0.1783287525177002,1
0.12958425283432007,1
0.24553696811199188,1
0.11029862612485886,1
0.20703773200511932,1
0.29494762420654297,1
0.09245222806930542,1
0.11433304846286774,1
0.17289999127388,1
0.23656940460205078,1
0.23455098271369934,1
0.11275564134120941,1
0.25467759370803833,1
0.09106776118278503,1
0.12050774693489075,1
0.24336746335029602,1
0.14387890696525574,1
0.1588192582130432,1
0.1725141555070877,1
0.27030038833618164,1
0.3337230384349823,1
0.23118215799331665,1
0.18058156967163086,1
0.11450931429862976,1
0.19204355776309967,1
0.21252645552158356,1
0.1760493516921997,1
0.13784366846084595,1
0.34232956171035767,1
0.22486156225204468,1
0.1447109431028366,1
0.270221471786499,1
0.20711322128772736,1
0.22570018470287323,1
0.1680910587310791,1
0.13067889213562012,1
0.17432236671447754,1
0.15414392948150635,1
0.08044742047786713,1
0.1215464174747467,1
0.3505352735519409,1
0.3124200701713562,1
0.19124369323253632,1
0.1189267635345459,1
0.13102664053440094,1
0.1858651340007782,1
0.18384699523448944,1
0.19017350673675537,1
0.20044833421707153,1
0.24810051918029785,1
0.16043317317962646,1
0.07909214496612549,1
0.1479739248752594,1
0.167597696185112,1
0.23608404397964478,1
0.14327889680862427,1
0.10159318894147873,1
0.2609296143054962,1
0.10541781038045883,1
0.10281302034854889,1
0.12442828714847565,1
0.15345899760723114,1
0.1462995558977127,1
0.06777586042881012,1
0.16313853859901428,1
0.15376442670822144,1
0.1968824714422226,1
0.05778408423066139,1
0.17878906428813934,1
0.17740879952907562,1
0.15710560977458954,1
0.4755810797214508,1
0.2643876373767853,1
0.259479820728302,1
0.20391367375850677,1
0.3320895731449127,1
0.3159847855567932,1
0.31580615043640137,1
0.20399683713912964,1
0.1987135112285614,1
0.20350401103496552,1
0.30314868688583374,1
0.2240685075521469,1
0.1891612708568573,1
0.21959440410137177,1
0.11169061064720154,1
0.16833841800689697,1
0.12874796986579895,1
0.2039322406053543,1
0.15296193957328796,1
0.29373472929000854,1
0.1549316644668579,1
0.20352068543434143,1
0.07854960113763809,1
0.1333436369895935,1
0.2903066575527191,1
0.06435996294021606,1
0.2133321464061737,1
0.4817330837249756,1
0.11156948655843735,1
0.1514507681131363,1
0.20068588852882385,1
0.15959137678146362,1
0.2159106582403183,1
0.19712166488170624,1
0.09493299573659897,1
0.09808000922203064,1
0.15696591138839722,1
0.278225302696228,1
0.20568904280662537,1
0.20069944858551025,1
0.2303420603275299,1
0.18753930926322937,1
0.1818891316652298,1
0.176030695438385,1
0.12214325368404388,1
0.13875597715377808,1
0.18881334364414215,1
0.20957940816879272,1
0.12947995960712433,1
0.32068824768066406,1
0.2568509876728058,1
0.21288713812828064,1
0.17950335144996643,1
0.14310362935066223,1
0.074065662920475,1
0.08987103402614594,1
0.13149824738502502,1
0.10636495798826218,1
0.17619307339191437,1
0.2940477132797241,1
0.20726652443408966,1
0.2607733905315399,1
0.23220321536064148,1
0.18618443608283997,1
0.27040112018585205,1
0.16659164428710938,1
0.20273135602474213,1
0.303409218788147,1
0.15254050493240356,1
0.23016870021820068,1
0.19482095539569855,1
0.16365475952625275,1
0.12469767034053802,1
0.16974934935569763,1
0.2805294990539551,1
0.23256050050258636,1
0.2846524119377136,1
0.1610996425151825,1
0.08341064304113388,1
0.12463454902172089,1
0.21160933375358582,1
0.2692546248435974,1
0.24241501092910767,1
0.2262038141489029,1
0.13939717411994934,1
0.2256169319152832,1
0.3084378242492676,1
0.21692883968353271,1
0.0787777379155159,1
0.09287405014038086,1
0.10825961083173752,1
0.13444988429546356,1
0.2949882745742798,1
0.2662116289138794,1
0.16632652282714844,1
0.21641725301742554,1
0.10655750334262848,1
0.18454337120056152,1
0.18017466366291046,1
0.1014762744307518,1
0.26486581563949585,1
0.4237416088581085,1
0.13528858125209808,1
0.23289012908935547,1
0.19316528737545013,1
0.22709503769874573,1
0.09328830987215042,1
0.15668639540672302,1
0.10834150016307831,1
0.17989453673362732,1
0.13614468276500702,1
0.13527289032936096,1
0.15789370238780975,1
0.20580598711967468,1
0.11084017902612686,1
0.19174766540527344,1
0.2436588704586029,1
0.23111432790756226,1
0.2094944715499878,1
0.23963379859924316,1
0.13857652246952057,1
0.22659559547901154,1
0.22855009138584137,1
0.16026845574378967,1
0.20690514147281647,1
0.1564939171075821,1
0.13997980952262878,1
0.1909123808145523,1
0.39164164662361145,1
0.09978194534778595,1
0.26571857929229736,1
0.11420010775327682,1
0.10252194851636887,1
0.07564156502485275,1
0.11663161963224411,1
0.18025122582912445,1
0.10709068179130554,1
0.17245087027549744,1
0.20621448755264282,1
0.23890453577041626,1
0.1992296278476715,1
0.21567180752754211,1
0.1823379248380661,1
0.11699414253234863,1
0.16572925448417664,1
0.23206019401550293,1
0.16300450265407562,1
0.2412114143371582,1
0.17503546178340912,1
0.14989790320396423,1
0.15756118297576904,1
0.1982583999633789,1
0.3815048336982727,1
0.15365613996982574,1
0.1310957372188568,1
0.18469515442848206,1
0.16350452601909637,1
0.1897224485874176,1
0.17338666319847107,1
0.10319451987743378,1
0.1546287089586258,1
0.10701298713684082,1
0.14558513462543488,1
0.11352169513702393,1
0.2310393899679184,1
0.29779428243637085,1
0.24140694737434387,1
0.09876825660467148,1
0.30339279770851135,1
0.14217142760753632,1
0.10243643075227737,1
0.09794988483190536,1
0.32287904620170593,1
0.16827495396137238,1
0.15853655338287354,1
0.15636242926120758,1
0.30594348907470703,1
0.21394065022468567,1
0.23572583496570587,1
0.22291171550750732,1
0.1298491507768631,1
0.22541120648384094,1
0.1509682834148407,1
0.2354557365179062,1
0.10586666315793991,1
0.22906772792339325,1
0.2991850972175598,1
0.22679375112056732,1
0.08209064602851868,1
0.276260107755661,1
0.1631365567445755,1
0.3393709361553192,1
0.17226780951023102,1
0.14646822214126587,1
0.22178125381469727,1
0.16570807993412018,1
0.12377475202083588,1
0.12118778377771378,1
0.2035755217075348,1
0.12692908942699432,1
0.21367743611335754,1
0.14926552772521973,1
0.39136630296707153,1
0.0940861627459526,1
0.2743352949619293,1
0.1712048351764679,1
0.23947428166866302,1
0.3145071268081665,1
0.2028677612543106,1
0.13978534936904907,1
0.13112172484397888,1
0.21917234361171722,1
0.12117743492126465,1
0.20877672731876373,1
0.2612491250038147,1
0.2143164873123169,1
0.23084159195423126,1
0.16013464331626892,1
0.1883784681558609,1
0.2854748070240021,1
0.19643455743789673,1
0.13704058527946472,1
0.32965826988220215,1
0.15131793916225433,1
0.11184816062450409,1
0.21257267892360687,1
0.22601068019866943,1
0.3213508725166321,1
0.2520766258239746,1
0.2475156933069229,1
0.10622066259384155,1
0.2420222908258438,1
0.16045936942100525,1
0.198297381401062,1
0.2567789554595947,1
0.14768865704536438,1
0.2719515860080719,1
0.3002750277519226,1
0.2120044231414795,1
0.13587036728858948,1
0.15961512923240662,1
0.2093290537595749,1
0.22117272019386292,1
0.24426710605621338,1
0.31142687797546387,1
0.1360512375831604,1
0.17945152521133423,1
0.13716094195842743,1
0.147903174161911,1
0.2958195209503174,1
0.10503852367401123,1
0.2897989749908447,1
0.17155922949314117,1
0.14454515278339386,1
0.1855730414390564,1
0.15846678614616394,1
0.2456851750612259,1
0.1802169382572174,1
0.08536696434020996,1
0.2617163360118866,1
0.09832029789686203,1
0.13973838090896606,1
0.24389690160751343,1
0.24098823964595795,1
0.15998445451259613,1
0.22979259490966797,1
0.14665170013904572,1
0.20953680574893951,1
0.16823048889636993,1
0.18363218009471893,1
0.20942524075508118,1
0.11871032416820526,1
0.34579190611839294,1
0.15058772265911102,1
0.10083897411823273,1
0.10830210149288177,1
0.13875778019428253,1
0.10965579003095627,1
0.17892709374427795,1
0.272876113653183,1
0.17289800941944122,1
0.1908995658159256,1
0.14538061618804932,1
0.2844332456588745,1
0.28154030442237854,1
0.13132111728191376,1
0.29387399554252625,1
0.2680228054523468,1
0.32082289457321167,1
0.2161003053188324,1
0.13295798003673553,1
0.13581405580043793,1
0.28624221682548523,1
0.17722229659557343,1
0.22270967066287994,1
0.1625269651412964,1
0.12100088596343994,1
0.33538204431533813,1
0.11578090488910675,1
0.18765845894813538,1
0.16559076309204102,1
0.13254058361053467,1
0.24016350507736206,1
0.228566512465477,1
0.11195111274719238,1
0.18481695652008057,1
0.12464955449104309,1
0.17591091990470886,1
0.17361529171466827,1
0.28585124015808105,1
0.08400129526853561,1
0.17512080073356628,1
0.12989072501659393,1
0.1994415670633316,1
0.08218653500080109,1
0.08636395633220673,1
0.06167197972536087,1
0.13519535958766937,1
0.3189961910247803,1
0.17168521881103516,1
0.15637731552124023,1
0.2008587270975113,1
0.08924605697393417,1
0.15824264287948608,1
0.08235771954059601,1
0.1996990442276001,1
0.052882835268974304,1
0.24431806802749634,1
0.19891269505023956,1
0.17517364025115967,1
0.14271439611911774,1
0.35571756958961487,1
0.2533321976661682,1
0.14393514394760132,1
0.08715025335550308,1
0.12722261250019073,1
0.15115630626678467,1
0.09027491509914398,1
0.22825369238853455,1
0.22094927728176117,1
0.19395114481449127,1
0.11969646066427231,1
0.18520334362983704,1
0.09700478613376617,1
0.25745147466659546,1
0.24456948041915894,1
0.1817634403705597,1
0.3239811062812805,1
0.16822907328605652,1
0.13623863458633423,1
0.21988072991371155,1
0.45065635442733765,1
0.08272945880889893,1
0.2615334093570709,1
0.18210361897945404,1
0.05207786336541176,1
0.1403140276670456,1
0.25770333409309387,1
0.19699814915657043,1
0.2503634989261627,1
0.1551254838705063,1
0.2313828021287918,1
0.256361722946167,1
0.18130582571029663,1
0.11975737661123276,1
0.13113604485988617,1
0.39151591062545776,1
0.1613149642944336,1
0.045994531363248825,1
0.18118500709533691,1
0.11786305159330368,1
0.23208047449588776,1
0.32414790987968445,1
0.25343114137649536,1
0.34316664934158325,1
0.12492202967405319,1
0.09605816751718521,1
0.11804726719856262,1
0.17681357264518738,1
0.1370248794555664,1
0.18330232799053192,1
0.14629484713077545,1
0.05921747535467148,1
0.215494766831398,1
0.22954291105270386,1
0.16209107637405396,1
0.18219277262687683,1
0.273163378238678,1
0.06993734836578369,1
0.31235045194625854,1
0.07957097887992859,1
0.119661346077919,1
0.1769014149904251,1
0.12364998459815979,1
0.14791417121887207,1
0.2332226037979126,1
0.15989983081817627,1
0.21291354298591614,1
0.21502892673015594,1
0.2145652025938034,1
0.17824143171310425,1
0.24326811730861664,1
0.08739975094795227,1
0.13341790437698364,1
0.09978850185871124,1
0.19953328371047974,1
0.13045553863048553,1
0.2366938591003418,1
0.1405279040336609,1
0.09566926956176758,1
0.18339723348617554,1
0.13558204472064972,1
0.2711791396141052,1
0.08882343024015427,1
0.14525282382965088,1
0.2073034793138504,1
0.2613283693790436,1
0.13430781662464142,1
0.15595613420009613,1
0.4353891909122467,1
0.10914292186498642,1
0.19235025346279144,1
0.21470960974693298,1
0.1417042464017868,1
0.10460162907838821,1
0.2093329131603241,1
0.18809446692466736,1
0.1590310037136078,1
0.32279154658317566,1
0.24890896677970886,1
0.40049856901168823,1
0.1487061083316803,1
0.21577145159244537,1
0.13075824081897736,1
0.1747414618730545,1
0.15884453058242798,1
0.2211107611656189,1
0.18494588136672974,1
0.2726637125015259,1
0.16136577725410461,1
0.14507241547107697,1
0.17692416906356812,1
0.33600881695747375,1
0.17594215273857117,1
0.15000063180923462,1
0.18025153875350952,1
0.213870108127594,1
0.14637011289596558,1
0.11217859387397766,1
0.26007527112960815,1
0.30308377742767334,1
0.09642325341701508,1
0.19637654721736908,1
0.20695725083351135,1
0.107510507106781,1
0.19336560368537903,1
0.12703415751457214,1
0.20260918140411377,1
0.1247982308268547,1
0.16640278697013855,1
0.19808116555213928,1
0.07914026826620102,1
0.3562632203102112,1
0.15336966514587402,1
0.16754305362701416,1
0.12455273419618607,1
0.27469369769096375,1
0.2865695655345917,1
0.1287841796875,1
0.15149453282356262,1
0.25198620557785034,1
0.21746103465557098,1
0.24694645404815674,1
0.17955365777015686,1
0.3900811970233917,1
0.2886083126068115,1
0.09255105257034302,1
0.12056610733270645,1
0.18298599123954773,1
0.24145862460136414,1
0.11429177969694138,1
0.2365369200706482,1
0.19444629549980164,1
0.2006331831216812,1
0.20583872497081757,1
0.16562554240226746,1
0.08305368572473526,1
0.4135454297065735,1
0.18731185793876648,1
0.2359616756439209,1
0.10826937109231949,1
0.07830886542797089,1
0.14464859664440155,1
0.1321183443069458,1
0.22634385526180267,1
0.1775536686182022,1
0.2093656361103058,1
0.14088736474514008,1
0.18119196593761444,1
0.24794897437095642,1
0.24235489964485168,1
0.17151038348674774,1
0.07776180654764175,1
0.362382709980011,1
0.11440707743167877,1
0.1812496781349182,1
0.21880613267421722,1
0.34373554587364197,1
0.11359705030918121,1
0.1454293578863144,1
0.18541856110095978,1
0.22908583283424377,1
0.20521335303783417,1
0.2599219083786011,1
0.2340182065963745,1
0.37246692180633545,1
0.15191587805747986,1
0.23237344622612,1
0.24474287033081055,1
0.1613960564136505,1
0.3263351023197174,1
0.10406506806612015,1
0.18387140333652496,1
0.23710483312606812,1
0.11481569707393646,1
0.257768452167511,1
0.21736197173595428,1
0.24426281452178955,1
0.22485393285751343,1
0.1364639401435852,1
0.16378572583198547,1
0.19140544533729553,1
0.1442127674818039,1
0.11815807223320007,1
0.12919944524765015,1
0.1558641940355301,1
0.1382768601179123,1
0.14299577474594116,1
0.19345952570438385,1
0.05672803521156311,1
0.16830402612686157,1
0.33158284425735474,1
0.3032153248786926,1
0.34953510761260986,1
0.18199573457241058,1
0.19808927178382874,1
0.2339593917131424,1
0.17626923322677612,1
0.16090041399002075,1
0.24536876380443573,1
0.18119554221630096,1
0.15593549609184265,1
0.11135853826999664,1
0.1664995700120926,1
0.12737339735031128,1
0.13724936544895172,1
0.19036945700645447,1
0.2079388052225113,1
0.13885833323001862,1
0.22458019852638245,1
0.19243335723876953,1
0.15901531279087067,1
0.2625461518764496,1
0.23384419083595276,1
0.2504904866218567,1
0.169282004237175,1
0.17389324307441711,1
0.1863252818584442,1
0.1359197199344635,1
0.19562958180904388,1
0.09205535799264908,1
0.1751539707183838,1
0.23796500265598297,1
0.05605015158653259,1
0.16288724541664124,1
0.11540082842111588,1
0.14775198698043823,1
0.14135295152664185,1
0.2152775526046753,1
0.21590909361839294,1
0.17162112891674042,1
0.19213883578777313,1
0.08508450537919998,1
0.26795458793640137,1
0.1949063539505005,1
0.08266191184520721,1
0.12953436374664307,1
0.16576188802719116,1
0.145176500082016,1
0.1158314049243927,1
0.19795332849025726,1
0.3824443221092224,1
0.20133298635482788,1
0.12088730931282043,1
0.06537743657827377,1
0.14893898367881775,1
0.3673989176750183,1
0.08323223888874054,1
0.3135407865047455,1
0.2873324751853943,1
0.09820518642663956,1
0.151408389210701,1
0.2591931223869324,1
0.1292586326599121,1
0.19252243638038635,1
0.17636805772781372,1
0.21389931440353394,1
0.19359591603279114,1
0.16808690130710602,1
0.11337166279554367,1
0.28753912448883057,1
0.228759765625,1
0.15860410034656525,1
0.29189279675483704,1
0.10754024237394333,1
0.1637868881225586,1
0.1657450795173645,1
0.10658778250217438,1
0.12133904546499252,1
0.22565975785255432,1
0.13240332901477814,1
0.20435374975204468,1
0.16333143413066864,1
0.40374213457107544,1
0.1612703502178192,1
0.33787932991981506,1
0.30909010767936707,1
0.14298021793365479,1
0.09054440259933472,1
0.16759821772575378,1
0.15327546000480652,1
0.06013863533735275,1
0.2503620386123657,1
0.2126305103302002,1
0.1439875215291977,1
0.1673280894756317,1
0.21569044888019562,1
0.09570810198783875,1
0.12791328132152557,1
0.13023485243320465,1
0.3195120096206665,1
0.27378877997398376,1
0.13651901483535767,1
0.18383172154426575,1
0.21222332119941711,1
0.13904064893722534,1
0.14630894362926483,1
0.22703705728054047,1
0.1176537349820137,1
0.14606645703315735,1
0.15678909420967102,1
0.4403298497200012,1
0.1902892291545868,1
0.2671715319156647,1
0.30770325660705566,1
0.2297143042087555,1
0.16139790415763855,1
0.2632308602333069,1
0.16398973762989044,1
0.12135067582130432,1
0.15700620412826538,1
0.14848123490810394,1
0.2538657486438751,1
0.13438425958156586,1
0.12599553167819977,1
0.21637791395187378,1
0.173216313123703,1
0.21280565857887268,1
0.15092012286186218,1
0.09136570990085602,1
0.12351007759571075,1
0.08857487142086029,1
0.19336459040641785,1
0.19086042046546936,1
0.1946708709001541,1
0.17830783128738403,1
0.2224486619234085,1
0.28563958406448364,1
0.23821820318698883,1
0.354015052318573,1
0.17670923471450806,1
0.2400633543729782,1
0.43635207414627075,1
0.15319111943244934,1
0.31559181213378906,1
0.1819649487733841,1
0.3620654344558716,1
0.10643011331558228,1
0.25796377658843994,1
0.21186470985412598,1
0.24745310842990875,1
0.10452600568532944,1
0.10727624595165253,1
0.2060200572013855,1
0.2678654193878174,1
0.06955934315919876,1
0.23642076551914215,1
0.1259153187274933,1
0.17581336200237274,1
0.13957470655441284,1
0.05071750283241272,1
0.1907285749912262,1
0.15491677820682526,1
0.4294496178627014,1
0.1348116099834442,1
0.27641260623931885,1
0.16296100616455078,1
0.22273437678813934,1
0.4174933135509491,1
0.222732275724411,1
0.14855672419071198,1
0.3726073205471039,1
0.17556294798851013,1
0.1538458615541458,1
0.171400785446167,1
0.24067774415016174,1
0.1510002464056015,1
0.11369240283966064,1
0.2060333490371704,1
0.12565860152244568,1
0.22837848961353302,1
0.22968143224716187,1
0.16198526322841644,1
0.12338154762983322,1
0.13112010061740875,1
0.30864205956459045,1
0.15290306508541107,1
0.21509049832820892,1
0.1677032709121704,1
0.2576095461845398,1
0.2876502275466919,1
0.12252259254455566,1
0.11357253789901733,1
0.295460969209671,1
0.15995997190475464,1
0.13765734434127808,1
0.2060072422027588,1
0.13527771830558777,1
0.2401019036769867,1
0.09376588463783264,1
0.19410920143127441,1
0.23907890915870667,1
0.16959671676158905,1
0.20611299574375153,1
0.19591331481933594,1
0.2622491121292114,1
0.13966375589370728,1
0.1296440213918686,1
0.2365526258945465,1
0.18383462727069855,1
0.2853650450706482,1
0.296507328748703,1
0.23810496926307678,1
0.2920601963996887,1
0.24779751896858215,1
0.177946075797081,1
0.18219253420829773,1
0.14757046103477478,1
0.18042846024036407,1
0.19890201091766357,1
0.19905441999435425,1
0.21593788266181946,1
0.13770432770252228,1
0.18259648978710175,1
0.19069969654083252,1
0.16872268915176392,1
0.22321811318397522,1
0.19921469688415527,1
0.09390857815742493,1
0.15576323866844177,1
0.12902230024337769,1
0.09717001020908356,1
0.22887812554836273,1
0.18552321195602417,1
0.20428043603897095,1
0.10931214690208435,1
0.14670835435390472,1
0.176022469997406,1
0.18563146889209747,1
0.2109803855419159,1
0.154774472117424,1
0.2750200033187866,1
0.16522042453289032,1
0.1716824471950531,1
0.16392944753170013,1
0.31479334831237793,1
0.26103153824806213,1
0.1654125452041626,1
0.1930004060268402,1
0.36250394582748413,1
0.12869471311569214,1
0.13212239742279053,1
0.29999735951423645,1
0.16785642504692078,1
0.17295046150684357,1
0.3092837631702423,1
0.22871242463588715,1
0.1475338339805603,1
0.13555116951465607,1
0.12203018367290497,1
0.20247018337249756,1
0.17223328351974487,1
0.07928839325904846,1
0.2723275125026703,1
0.28923118114471436,1
0.16845737397670746,1
0.12017613649368286,1
0.165032759308815,1
0.29726582765579224,1
0.22136670351028442,1
0.17051827907562256,1
0.11413516104221344,1
0.07693453133106232,1
0.07475022971630096,1
0.17931485176086426,1
0.1883586347103119,1
0.16391082108020782,1
0.13113118708133698,1
0.1266387552022934,1
0.1973421275615692,1
0.07085447758436203,1
0.11025303602218628,1
0.1828986406326294,1
0.10968358814716339,1
0.11158554255962372,1
0.2733154594898224,1
0.29841887950897217,1
0.09543947130441666,1
0.2241637408733368,1
0.12103389203548431,1
0.20733115077018738,1
0.1255922019481659,1
0.10345040261745453,1
0.16747762262821198,1
0.161546528339386,1
0.1754467785358429,1
0.3057005703449249,1
0.13783766329288483,1
0.393923819065094,1
0.1701068878173828,1
0.0939093828201294,1
0.30488765239715576,1
0.17797884345054626,1
0.19012963771820068,1
0.13200244307518005,1
0.13189074397087097,1
0.17344045639038086,1
0.19460096955299377,1
0.2301051914691925,1
0.1733371615409851,1
0.29894790053367615,1
0.31631675362586975,1
0.1485043317079544,1
0.16671332716941833,1
0.1053709164261818,1
0.27838271856307983,1
0.29168570041656494,1
0.14740879833698273,1
0.13275964558124542,1
0.10107254236936569,1
0.28733277320861816,1
0.22959710657596588,1
0.24991244077682495,1
0.0893615111708641,1
0.24610644578933716,1
0.11146185547113419,1
0.1957019716501236,1
0.2856573164463043,1
0.11482460051774979,1
0.1522204726934433,1
0.3148551881313324,1
0.09655420482158661,1
0.09889625012874603,1
0.27334585785865784,1
0.1579761803150177,1
0.21630416810512543,1
0.2614143490791321,1
0.1611994504928589,1
0.21491006016731262,1
0.5321646332740784,1
0.1900477558374405,1
0.2518581748008728,1
0.23964236676692963,1
0.14263562858104706,1
0.10112643986940384,1
0.22196808457374573,1
0.3562920391559601,1
0.06583421677350998,1
0.21450211107730865,1
0.14228403568267822,1
0.15612061321735382,1
0.15098369121551514,1
0.15101727843284607,1
0.20892958343029022,1
0.2164250910282135,1
0.18668803572654724,1
0.09839529544115067,1
0.18985232710838318,1
0.17451848089694977,1
0.21002990007400513,1
0.33405235409736633,1
0.2077951282262802,1
0.1723729372024536,1
0.1348840743303299,1
0.10279402881860733,1
0.19960954785346985,1
0.19431382417678833,1
0.3368852734565735,1
0.19779163599014282,1
0.11126713454723358,1
0.32431718707084656,1
0.18704265356063843,1
0.176735520362854,1
0.2181071937084198,1
0.23698370158672333,1
0.13174937665462494,1
0.3197743892669678,1
0.08516485244035721,1
0.20850645005702972,1
0.11086607724428177,1
0.21694666147232056,1
0.16400018334388733,1
0.06465217471122742,1
0.07902638614177704,1
0.12524743378162384,1
0.22615507245063782,1
0.3028458058834076,1
0.09845548123121262,1
0.23408961296081543,1
0.2727052867412567,1
0.24823422729969025,1
0.1860959231853485,1
0.16975514590740204,1
0.18182161450386047,1
0.14733660221099854,1
0.06163690611720085,1
0.19229085743427277,1
0.2993836998939514,1
0.22032171487808228,1
0.13972032070159912,1
0.13707251846790314,1
0.2828276753425598,1
0.13033854961395264,1
0.08654233068227768,1
0.12465652823448181,1
0.20846758782863617,1
0.11779224872589111,1
0.12120988965034485,1
0.1943405270576477,1
0.14901508390903473,1
0.221665620803833,1
0.21479621529579163,1
0.11263981461524963,1
0.18091416358947754,1
0.07117427885532379,1
0.28991392254829407,1
0.06546515971422195,1
0.26106876134872437,1
0.10905007272958755,1
0.28078463673591614,1
0.28358909487724304,1
0.20585539937019348,1
0.19122329354286194,1
0.10581345856189728,1
0.2797543406486511,1
0.248285710811615,1
0.24192698299884796,1
0.14438767731189728,1
0.18963706493377686,1
0.4157026708126068,1
0.30071011185646057,1
0.2835584878921509,1
0.15418367087841034,1
0.2269296795129776,1
0.12590625882148743,1
0.1257782131433487,1
0.13324034214019775,1
0.16962063312530518,1
0.1894124448299408,1
0.18232746422290802,1
0.10104919970035553,1
0.24453866481781006,1
0.33242517709732056,1
0.23113347589969635,1
0.15880872309207916,1
0.17963674664497375,1
0.27040615677833557,1
0.23003405332565308,1
0.18167829513549805,1
0.13535895943641663,1
0.19265329837799072,1
0.22970996797084808,1
0.11017516255378723,1
0.19068816304206848,1
0.1673039346933365,1
0.22184211015701294,1
0.19410058856010437,1
0.30323269963264465,1
0.16023540496826172,1
0.12971332669258118,1
0.1179155558347702,1
0.181730717420578,1
0.21449454128742218,1
0.2427210807800293,1
0.10306812077760696,1
0.19410529732704163,1
0.17863234877586365,1
0.15158908069133759,1
0.116499163210392,1
0.2773652672767639,1
0.22024798393249512,1
0.09557422250509262,1
0.15437616407871246,1
0.11158512532711029,1
0.18778268992900848,1
0.17165061831474304,1
0.24907535314559937,1
0.1797947883605957,1
0.20778921246528625,1
0.14634621143341064,1
0.1563432514667511,1
0.3321455121040344,1
0.09294899553060532,1
0.26646485924720764,1
0.14703117311000824,1
0.2978334426879883,1
0.33745110034942627,1
0.08843351155519485,1
0.15545472502708435,1
0.23286020755767822,1
0.1381274312734604,1
0.16158223152160645,1
0.045691974461078644,1
0.33050069212913513,1
0.16551800072193146,1
0.331827312707901,1
0.19475238025188446,1
0.2615489363670349,1
0.21971160173416138,1
0.1861179769039154,1
0.14295445382595062,1
0.2875453233718872,1
0.1422543078660965,1
0.16556431353092194,1
0.14700570702552795,1
0.21759679913520813,1
0.21163809299468994,1
0.295357882976532,1
0.129287451505661,1
0.23082247376441956,1
0.13320118188858032,1
0.10726375132799149,1
0.09935766458511353,1
0.131791353225708,1
0.25550058484077454,1
0.18575558066368103,1
0.15139588713645935,1
0.18186475336551666,1
0.13277830183506012,1
0.2731894552707672,1
0.1056036576628685,1
0.15530487895011902,1
0.21031446754932404,1
0.29076412320137024,1
0.14057864248752594,1
0.11333158612251282,1
0.30679619312286377,1
0.1204492598772049,1
0.20174065232276917,1
0.20266419649124146,1
0.2528500556945801,1
0.2226068675518036,1
0.14635226130485535,1
0.3148685693740845,1
0.20750212669372559,1
0.15984636545181274,1
0.18985119462013245,1
0.3625727891921997,1
0.2071339637041092,1
0.14685602486133575,1
0.12177255749702454,1
0.14632666110992432,1
0.14869271218776703,1
0.19294500350952148,1
0.3025313913822174,1
0.1289135068655014,1
0.1591576635837555,1
0.22990727424621582,1
0.2382689267396927,1
0.147366464138031,1
0.36831775307655334,1
0.12874475121498108,1
0.25438302755355835,1
0.3798116445541382,1
0.22857676446437836,1
0.32315295934677124,1
0.17432597279548645,1
0.14702241122722626,1
0.06358200311660767,1
0.08227755129337311,1
0.3039305508136749,1
0.11042936146259308,1
0.0711916834115982,1
0.004264708608388901,1
0.13836441934108734,1
0.24160131812095642,1
0.24300134181976318,1
0.11936350166797638,1
