0.1916869431734085,1
0.17426899075508118,1
0.25559020042419434,1
0.12466778606176376,1
0.24432270228862762,1
0.12010173499584198,1
0.07701030373573303,1
0.17719539999961853,1
0.168628990650177,1
0.08053989708423615,1
0.16974517703056335,1
0.08853054791688919,1
0.18078191578388214,1
0.1256570667028427,1
0.1665002554655075,1
0.1422547996044159,1
0.10637553036212921,1
0.12217693030834198,1
0.27391743659973145,1
0.16554099321365356,1
0.09468396008014679,1
0.114937424659729,1
0.10092350840568542,1
0.13031834363937378,1
0.14591649174690247,1
0.08125650882720947,1
0.1550293117761612,1
0.09689725935459137,1
0.10226545482873917,1
0.14174677431583405,1
0.33020254969596863,1
0.152107372879982,1
0.1976061761379242,1
0.10318277776241302,1
0.08745940029621124,1
0.17110760509967804,1
0.1462162733078003,1
0.16589170694351196,1
0.15616877377033234,1
0.04938139766454697,1
0.14036385715007782,1
0.15209713578224182,1
0.20643460750579834,1
0.0690898597240448,1
0.19913755357265472,1
0.05528005212545395,1
0.08727242052555084,1
0.12377405166625977,1
0.1510508805513382,1
0.07586903870105743,1
0.16244332492351532,1
0.16670137643814087,1
0.07663285732269287,1
0.21029557287693024,1
0.06083430349826813,1
0.1176898330450058,1
0.11914181709289551,1
0.13419578969478607,1
0.12352273613214493,1
0.09597806632518768,1
0.2094014585018158,1
0.14535047113895416,1
0.1811208426952362,1
0.14066538214683533,1
0.15630683302879333,1
0.2301998883485794,1
0.30339285731315613,1
0.24939949810504913,1
0.20009055733680725,1
0.21359606087207794,1
0.08150827884674072,1
0.23816289007663727,1
0.16357764601707458,1
0.2903454601764679,1
0.16298091411590576,1
0.2474551796913147,1
0.1603669971227646,1
0.2691285014152527,1
0.19351892173290253,1
0.18023884296417236,1
0.2093844711780548,1
0.22903349995613098,1
0.31337565183639526,1
0.16125419735908508,1
0.24353866279125214,1
0.12385962903499603,1
0.0842212662100792,1
0.1120358407497406,1
0.21650978922843933,1
0.07198596745729446,1
0.15267223119735718,1
0.07949208468198776,1
0.08421334624290466,1
0.1428067684173584,1
0.0918843075633049,1
0.08626685291528702,1
0.20949742197990417,1
0.05736562982201576,1
0.11678421497344971,1
0.2892666161060333,1
0.3114199936389923,1
0.08970614522695541,1
0.09274173527956009,1
0.06320233643054962,1
0.3998774290084839,1
0.1531992405653,1
0.15277573466300964,1
0.1338638961315155,1
0.16050367057323456,1
0.2193937748670578,1
0.18026140332221985,1
0.17434626817703247,1
0.13495726883411407,1
0.07484517246484756,1
0.13678300380706787,1
0.15615440905094147,1
0.05784732848405838,1
0.201617032289505,1
0.1561950147151947,1
0.09855674207210541,1
0.08509323745965958,1
0.1257912665605545,1
0.15255360305309296,1
0.2866622805595398,1
0.09574121981859207,1
0.13258829712867737,1
0.2218879759311676,1
0.04773738980293274,1
0.15944674611091614,1
0.07692525535821915,1
0.2072531282901764,1
0.19210876524448395,1
0.16146351397037506,1
0.10686001181602478,1
0.06639819592237473,1
0.11635063588619232,1
0.11612651497125626,1
0.05527126416563988,1
0.17669075727462769,1
0.1861007809638977,1
0.14750468730926514,1
0.14075511693954468,1
0.2374199777841568,1
0.13795429468154907,1
0.20732010900974274,1
0.09084649384021759,1
0.24280741810798645,1
0.14642222225666046,1
0.08259789645671844,1
0.2191532552242279,1
0.1613662987947464,1
0.23585589230060577,1
0.1089787632226944,1
0.20888450741767883,1
0.12914611399173737,1
0.1714964210987091,1
0.2619101405143738,1
0.2220509648323059,1
0.17355568706989288,1
0.18089257180690765,1
0.03779217600822449,1
0.32171767950057983,1
0.06365253031253815,1
0.13753944635391235,1
0.2450464963912964,1
0.14308275282382965,1
0.20621947944164276,1
0.16501674056053162,1
0.10667365789413452,1
0.21137693524360657,1
0.24307501316070557,1
0.20869621634483337,1
0.07216522842645645,1
0.11956650018692017,1
0.11261212825775146,1
0.17944951355457306,1
0.21144971251487732,1
0.16148030757904053,1
0.12040991336107254,1
0.14781828224658966,1
0.06072454899549484,1
0.2944701015949249,1
0.16645611822605133,1
0.1952054649591446,1
0.177922785282135,1
0.227826327085495,1
0.17138473689556122,1
0.11448335647583008,1
0.14392870664596558,1
0.17057012021541595,1
0.03748607262969017,1
0.09521668404340744,1
0.09121349453926086,1
0.06428591907024384,1
0.09644424170255661,1
0.1791319102048874,1
0.14928987622261047,1
0.12556251883506775,1
0.1976691484451294,1
0.10564468055963516,1
0.13301409780979156,1
0.14725841581821442,1
0.061797067523002625,1
0.11539113521575928,1
0.27598825097084045,1
0.15640592575073242,1
0.33569633960723877,1
0.1279621124267578,1
0.1375713050365448,1
0.15796315670013428,1
0.2119508683681488,1
0.15384182333946228,1
0.13534924387931824,1
0.14060035347938538,1
0.08544870465993881,1
0.09315305203199387,1
0.11089077591896057,1
0.10884255915880203,1
0.19958214461803436,1
0.0754876658320427,1
0.20371821522712708,1
0.2525903284549713,1
0.22071631252765656,1
0.1287146955728531,1
0.11339780688285828,1
0.06317133456468582,1
0.10586795955896378,1
0.0924467146396637,1
0.23772187530994415,1
0.08065072447061539,1
0.05529675632715225,1
0.08704359084367752,1
0.10845870524644852,1
0.26696836948394775,1
0.1840362250804901,1
0.17550313472747803,1
0.10734444111585617,1
0.3026008605957031,1
0.12583325803279877,1
0.09212701767683029,1
0.1726934164762497,1
0.091579370200634,1
0.1563064604997635,1
0.2560570538043976,1
0.08547139912843704,1
0.14682339131832123,1
0.24456045031547546,1
0.2957182228565216,1
0.2690873444080353,1
0.4272708296775818,1
0.2404930144548416,1
0.14059340953826904,1
0.15277834236621857,1
0.14969557523727417,1
0.09581156820058823,1
0.22960165143013,1
0.17733745276927948,1
0.11600818485021591,1
0.2411125898361206,1
0.15143844485282898,1
0.15380167961120605,1
0.22368139028549194,1
0.18943770229816437,1
0.24093712866306305,1
0.17331665754318237,1
0.11083491146564484,1
0.11386076360940933,1
0.2096259891986847,1
0.20884904265403748,1
0.1159440204501152,1
0.08488745242357254,1
0.1957622766494751,1
0.17780888080596924,1
0.18117350339889526,1
0.1120326817035675,1
0.34287625551223755,1
0.23013460636138916,1
0.2900746166706085,1
0.026965592056512833,1
0.17931750416755676,1
0.18647076189517975,1
0.11991019546985626,1
0.16897527873516083,1
0.12143100798130035,1
0.12485035508871078,1
0.1628369390964508,1
0.13144366443157196,1
0.21367016434669495,1
0.13283780217170715,1
0.18540477752685547,1
0.12443552911281586,1
0.1267460137605667,1
0.19574303925037384,1
0.08460468798875809,1
0.15323299169540405,1
0.15797241032123566,1
0.08625542372465134,1
0.1252812147140503,1
0.08034040778875351,1
0.09486709535121918,1
0.16317763924598694,1
0.11978605389595032,1
0.2698257565498352,1
0.14100484549999237,1
0.17110055685043335,1
0.18782886862754822,1
0.10958072543144226,1
0.18372514843940735,1
0.11211284250020981,1
0.15843284130096436,1
0.18133693933486938,1
0.14809435606002808,1
0.08635219931602478,1
0.35261037945747375,1
0.1929474025964737,1
0.24392791092395782,1
0.20877200365066528,1
0.1401115506887436,1
0.20115120708942413,1
0.03520003333687782,1
0.13838914036750793,1
0.3441593647003174,1
0.03230273723602295,1
0.06031988561153412,1
0.11828449368476868,1
0.20494693517684937,1
0.07449562102556229,1
0.10807271301746368,1
0.16577182710170746,1
0.04420112073421478,1
0.23375290632247925,1
0.1054094061255455,1
0.11170853674411774,1
0.16584782302379608,1
0.1624755859375,1
0.29356566071510315,1
0.19496403634548187,1
0.1153763085603714,1
0.16169247031211853,1
0.10118578374385834,1
0.11352422088384628,1
0.16604331135749817,1
0.23282049596309662,1
0.13203534483909607,1
0.12083766609430313,1
0.08559131622314453,1
0.08917739242315292,1
0.3342354893684387,1
0.12997937202453613,1
0.31414783000946045,1
0.049364976584911346,1
0.12337656319141388,1
0.25139081478118896,1
0.18107061088085175,1
0.09957725554704666,1
0.1051768884062767,1
0.0872928649187088,1
0.28679436445236206,1
0.1235966831445694,1
0.14543260633945465,1
0.04296475648880005,1
0.20955434441566467,1
0.1770632565021515,1
0.19028428196907043,1
0.11218377947807312,1
0.14610004425048828,1
0.12727618217468262,1
0.2405966967344284,1
0.16449221968650818,1
0.16565711796283722,1
0.20199014246463776,1
0.1080150157213211,1
0.11730089038610458,1
0.1353718489408493,1
0.11623526364564896,1
0.18581737577915192,1
0.3146215081214905,1
0.1263061910867691,1
0.17149420082569122,1
0.16107037663459778,1
0.20270773768424988,1
0.2666268050670624,1
0.21581491827964783,1
0.10722686350345612,1
0.197221577167511,1
0.17015564441680908,1
0.18622732162475586,1
0.11145719885826111,1
0.18396852910518646,1
0.2977496385574341,1
0.17591901123523712,1
0.2437998652458191,1
0.2092393934726715,1
0.16840258240699768,1
0.14926593005657196,1
0.08164704591035843,1
0.11385172605514526,1
0.20356257259845734,1
0.10206082463264465,1
0.2838895320892334,1
0.04836956784129143,1
0.0850277841091156,1
0.2645074725151062,1
0.11207754164934158,1
0.13904699683189392,1
0.11401278525590897,1
0.09385739266872406,1
0.09708960354328156,1
0.07051742821931839,1
0.1611814945936203,1
0.1682327687740326,1
0.15201377868652344,1
0.23282180726528168,1
0.09723372012376785,1
0.09050145000219345,1
0.3520554304122925,1
0.08483514189720154,1
0.08342152833938599,1
0.1206681877374649,1
0.30281710624694824,1
0.1743878424167633,1
0.124823197722435,1
0.23882590234279633,1
0.2605668902397156,1
0.19752860069274902,1
0.1548973172903061,1
0.08680041879415512,1
0.18966872990131378,1
0.153889462351799,1
0.3013812005519867,1
0.14002244174480438,1
0.15763439238071442,1
0.08150330930948257,1
0.15627941489219666,1
0.31284821033477783,1
0.2745834290981293,1
0.06573345512151718,1
0.39706867933273315,1
0.13690878450870514,1
0.3847576379776001,1
0.31526267528533936,1
0.11055447906255722,1
0.17070870101451874,1
0.1236903965473175,1
0.09609587490558624,1
0.1043284460902214,1
0.08800378441810608,1
0.16459082067012787,1
0.14595875144004822,1
0.2691446542739868,1
0.24556869268417358,1
0.23842091858386993,1
0.11308571696281433,1
0.15880276262760162,1
0.37237638235092163,1
0.19326664507389069,1
0.20421549677848816,1
0.30560821294784546,1
0.09277483075857162,1
0.12099020183086395,1
0.15467754006385803,1
0.20540767908096313,1
0.08559628576040268,1
0.07652320712804794,1
0.11582031846046448,1
0.1485348641872406,1
0.16116786003112793,1
0.07968699187040329,1
0.1894313395023346,1
0.2046259641647339,1
0.12819743156433105,1
0.06452566385269165,1
0.077190101146698,1
0.12278108298778534,1
0.18657013773918152,1
0.2239506095647812,1
0.2058972716331482,1
0.17540894448757172,1
0.13513629138469696,1
0.09973068535327911,1
0.0825609341263771,1
0.13469596207141876,1
0.1290826052427292,1
0.0969364121556282,1
0.17577782273292542,1
0.1528148055076599,1
0.1751345843076706,1
0.11956095695495605,1
0.12363733351230621,1
0.35696589946746826,1
0.045698780566453934,1
0.17336739599704742,1
0.1279696226119995,1
0.08705200254917145,1
0.22464056313037872,1
0.10707475990056992,1
0.0969695895910263,1
0.20067955553531647,1
0.12215579301118851,1
0.24420613050460815,1
0.11161144077777863,1
0.06655985862016678,1
0.09426236152648926,1
0.11343446373939514,1
0.07194073498249054,1
0.09638654440641403,1
0.1089853048324585,1
0.19317355751991272,1
0.10644051432609558,1
0.09672925621271133,1
0.03706888481974602,1
0.22804735600948334,1
0.11891508102416992,1
0.11000052839517593,1
0.08158542960882187,1
0.1335214227437973,1
0.25170227885246277,1
0.09319554269313812,1
0.16041256487369537,1
0.10191448032855988,1
0.18487359583377838,1
0.1543038934469223,1
0.3649364113807678,1
0.11510807275772095,1
0.14652302861213684,1
0.14003348350524902,1
0.1224985271692276,1
0.14511747658252716,1
0.23485815525054932,1
0.10543966293334961,1
0.18549048900604248,1
0.11801312863826752,1
0.18990062177181244,1
0.20317703485488892,1
0.11364591121673584,1
0.0505441389977932,1
0.17246322333812714,1
0.16836562752723694,1
0.12457957863807678,1
0.16766808927059174,1
0.12482579052448273,1
0.300570547580719,1
0.1928146928548813,1
0.12633010745048523,1
0.3022727370262146,1
0.11405722051858902,1
0.1376057267189026,1
0.1922953873872757,1
0.07653658092021942,1
0.17303340137004852,1
0.18402254581451416,1
0.13074138760566711,1
0.22225646674633026,1
0.07191825658082962,1
0.1190643459558487,1
0.18845900893211365,1
0.26026996970176697,1
0.14917689561843872,1
0.10243943333625793,1
0.09944804012775421,1
0.23698945343494415,1
0.127574622631073,1
0.06702619045972824,1
0.11738461256027222,1
0.08519428223371506,1
0.22363729774951935,1
0.3614407479763031,1
0.15342047810554504,1
0.17636802792549133,1
0.11622653901576996,1
0.07595924288034439,1
0.037551090121269226,1
0.14035628736019135,1
0.09449837356805801,1
0.198612242937088,1
0.09285623580217361,1
0.22750583291053772,1
0.2789899706840515,1
0.08561836928129196,1
0.12827879190444946,1
0.10886885225772858,1
0.19191031157970428,1
0.22607386112213135,1
0.05072092264890671,1
0.11486570537090302,1
0.11439371109008789,1
0.10321856290102005,1
0.13416890799999237,1
0.1721954643726349,1
0.1589454859495163,1
0.03463253006339073,1
0.310947060585022,1
0.11641275882720947,1
0.16079068183898926,1
0.17421278357505798,1
0.11715487390756607,1
0.07841260731220245,1
0.21155396103858948,1
0.10314471274614334,1
0.2391510307788849,1
0.17036637663841248,1
0.12524595856666565,1
0.12896770238876343,1
0.24897508323192596,1
0.2743685245513916,1
0.34922122955322266,1
0.08723711967468262,1
0.17434267699718475,1
0.29035094380378723,1
0.19901537895202637,1
0.1947561800479889,1
0.17887452244758606,1
0.09044067561626434,1
0.21077238023281097,1
0.09906145930290222,1
0.09508191794157028,1
0.09965798258781433,1
0.08451839536428452,1
0.12535728514194489,1
0.07379284501075745,1
0.15151618421077728,1
0.13757477700710297,1
0.10506881773471832,1
0.030778594315052032,1
0.09296321868896484,1
0.17604440450668335,1
0.054265592247247696,1
0.17458364367485046,1
0.08734576404094696,1
0.1862832009792328,1
0.1377922147512436,1
0.14800789952278137,1
0.15816020965576172,1
0.25781920552253723,1
0.12027337402105331,1
0.18133246898651123,1
0.1741478443145752,1
0.16358044743537903,1
0.20255151391029358,1
0.10446276515722275,1
0.32815274596214294,1
0.11740793287754059,1
0.22105976939201355,1
0.16232627630233765,1
0.1481749266386032,1
0.17301176488399506,1
0.10286751389503479,1
0.07311573624610901,1
0.11651355028152466,1
0.20736448466777802,1
0.1551605761051178,1
0.12187723815441132,1
0.11870578676462173,1
0.0737437829375267,1
0.24920842051506042,1
0.19595858454704285,1
0.0637250617146492,1
0.2404925376176834,1
0.2264164239168167,1
0.0993535965681076,1
0.19393570721149445,1
0.08893130719661713,1
0.058244939893484116,1
0.20602573454380035,1
0.14984944462776184,1
0.08793645352125168,1
0.09415438771247864,1
0.2366526871919632,1
0.1731226146221161,1
0.17506204545497894,1
0.1339837610721588,1
0.25059810280799866,1
0.2833329737186432,1
0.1605704128742218,1
0.05604815483093262,1
0.15394677221775055,1
0.20137687027454376,1
0.20837056636810303,1
0.144972026348114,1
0.11190325021743774,1
0.32964497804641724,1
0.19940192997455597,1
0.19723521173000336,1
0.2837850749492645,1
0.14947986602783203,1
0.14028187096118927,1
0.23239800333976746,1
0.12141073495149612,1
0.2550501823425293,1
0.18167592585086823,1
0.11438606679439545,1
0.19044740498065948,1
0.08533208817243576,1
0.06322213262319565,1
0.13506682217121124,1
0.09760420024394989,1
0.14854373037815094,1
0.049421194940805435,1
0.09749877452850342,1
0.13500460982322693,1
0.23054464161396027,1
0.14010615646839142,1
0.092211052775383,1
0.21111062169075012,1
0.12770730257034302,1
0.23812903463840485,1
0.352914422750473,1
0.18436142802238464,1
0.2473912239074707,1
0.1656133383512497,1
0.10444551706314087,1
0.1603223979473114,1
0.08954939246177673,1
0.10617958009243011,1
0.09876611828804016,1
0.2369396686553955,1
0.2919144034385681,1
0.20052187144756317,1
0.1306483894586563,1
0.1431247889995575,1
0.11980712413787842,1
0.2336827665567398,1
0.2272680401802063,1
0.09967485070228577,1
0.13942569494247437,1
0.13409866392612457,1
0.08849307894706726,1
0.27817302942276,1
0.07402537018060684,1
0.21068814396858215,1
0.1861216127872467,1
0.3482687771320343,1
0.18958444893360138,1
0.06614068150520325,1
0.21604377031326294,1
0.2375481128692627,1
0.208633691072464,1
0.10840725898742676,1
0.11313466727733612,1
0.1309964507818222,1
0.13624556362628937,1
0.10773809999227524,1
0.04801401495933533,1
0.22306257486343384,1
0.13085989654064178,1
0.23587429523468018,1
0.31004467606544495,1
0.17837879061698914,1
0.15646393597126007,1
0.1365409940481186,1
0.20234602689743042,1
0.10820663720369339,1
0.1811259388923645,1
0.08379809558391571,1
0.23703834414482117,1
0.23580285906791687,1
0.08338573575019836,1
0.18939068913459778,1
0.14173303544521332,1
0.16853193938732147,1
0.1785130500793457,1
0.17008733749389648,1
0.09834282100200653,1
0.1303127408027649,1
0.2731108069419861,1
0.08499082922935486,1
0.10653679817914963,1
0.07834307104349136,1
0.19291570782661438,1
0.07262219488620758,1
0.12018120288848877,1
0.20250160992145538,1
0.1079043447971344,1
0.07688170671463013,1
0.1366693079471588,1
0.29815739393234253,1
0.2258472442626953,1
0.22370226681232452,1
0.09463151544332504,1
0.12625451385974884,1
0.18958839774131775,1
0.15580850839614868,1
0.2664857506752014,1
0.14124318957328796,1
0.10193409025669098,1
0.07198679447174072,1
0.1457110047340393,1
0.09466543048620224,1
0.3235500752925873,1
0.15274834632873535,1
0.14943796396255493,1
0.1677626371383667,1
0.2796763777732849,1
0.08328472822904587,1
0.075017549097538,1
0.11106039583683014,1
0.06700921058654785,1
0.3705808222293854,1
0.14644207060337067,1
0.18288271129131317,1
0.1405385434627533,1
0.24931591749191284,1
0.14284160733222961,1
0.1642870157957077,1
0.16559739410877228,1
0.14911717176437378,1
0.1343650370836258,1
0.14809297025203705,1
0.1248762384057045,1
0.30185186862945557,1
0.21454471349716187,1
0.2085256278514862,1
0.16284418106079102,1
0.3218998908996582,1
0.13107244670391083,1
0.2865225076675415,1
0.0793253630399704,1
0.13990740478038788,1
0.19170713424682617,1
0.13018175959587097,1
0.1731087565422058,1
0.13344943523406982,1
0.0626806765794754,1
0.21277382969856262,1
0.1668122261762619,1
0.05673443526029587,1
0.3504926562309265,1
0.16562721133232117,1
0.23798416554927826,1
0.1570102721452713,1
0.21780335903167725,1
0.3406608998775482,1
0.12223581969738007,1
0.12929029762744904,1
0.14463837444782257,1
0.08668391406536102,1
0.197259783744812,1
0.10982415825128555,1
0.2581614553928375,1
0.22592845559120178,1
0.07617323845624924,1
0.2859896719455719,1
0.22147007286548615,1
0.16595803201198578,1
0.1611666977405548,1
0.08233945071697235,1
0.11161816865205765,1
0.22788189351558685,1
0.11592793464660645,1
0.10755221545696259,1
0.2190743386745453,1
0.20963826775550842,1
0.1379437893629074,1
0.24777550995349884,1
0.14877621829509735,1
0.07848694175481796,1
0.36679553985595703,1
0.20604948699474335,1
0.32440435886383057,1
0.18413621187210083,1
0.16978400945663452,1
0.0901758149266243,1
0.050037093460559845,1
0.15684092044830322,1
0.07201565057039261,1
0.18742293119430542,1
0.06299218535423279,1
0.1757405400276184,1
0.06378061324357986,1
0.14840251207351685,1
0.25392770767211914,1
0.17048433423042297,1
0.2287018895149231,1
0.09041976928710938,1
0.03854041546583176,1
0.09809567034244537,1
0.2489897906780243,1
0.1687520295381546,1
0.17436718940734863,1
0.1793997883796692,1
0.16952377557754517,1
0.1484127789735794,1
0.18432016670703888,1
0.29818013310432434,1
0.2816479504108429,1
0.1741054356098175,1
0.17125390470027924,1
0.14693458378314972,1
0.13886885344982147,1
0.17966127395629883,1
0.19047874212265015,1
0.11192630231380463,1
0.23251502215862274,1
0.2025710940361023,1
0.2564159035682678,1
0.07277458906173706,1
0.19032533466815948,1
0.07817035913467407,1
0.1316707730293274,1
0.18754489719867706,1
0.19169074296951294,1
0.11237620562314987,1
0.11916124075651169,1
0.10978966951370239,1
0.14396946132183075,1
0.2010786086320877,1
0.08953095972537994,1
0.11687078326940536,1
0.20858824253082275,1
0.15493063628673553,1
0.12537887692451477,1
0.15359121561050415,1
0.13227161765098572,1
0.07039249688386917,1
0.20795829594135284,1
0.06931529939174652,1
0.10260597616434097,1
0.14171406626701355,1
0.1969846934080124,1
0.13899916410446167,1
0.23416511714458466,1
0.12178582698106766,1
0.16925735771656036,1
0.1342165470123291,1
0.1187237948179245,1
0.2534947991371155,1
0.16903837025165558,1
0.16383624076843262,1
0.10791920125484467,1
0.13139808177947998,1
0.1064130961894989,1
0.20943474769592285,1
0.15682834386825562,1
0.12273814529180527,1
0.04602446034550667,1
0.08792871236801147,1
0.2120479941368103,1
0.16604387760162354,1
0.14716269075870514,1
0.09182891249656677,1
0.10386162996292114,1
0.12093931436538696,1
0.21170631051063538,1
0.239741712808609,1
0.20358192920684814,1
0.22225473821163177,1
0.11553747951984406,1
0.15237830579280853,1
0.21316426992416382,1
0.22976917028427124,1
0.11499611288309097,1
0.2540455758571625,1
0.2065504491329193,1
0.1169850081205368,1
0.30564993619918823,1
0.2582939863204956,1
0.10633818060159683,1
0.15729399025440216,1
0.14741647243499756,1
0.11545276641845703,1
0.25686967372894287,1
0.047589920461177826,1
0.187948077917099,1
0.15933720767498016,1
0.23663544654846191,1
0.1545429676771164,1
0.16196683049201965,1
0.2375287264585495,1
0.1726115494966507,1
0.07507067918777466,1
0.12982404232025146,1
0.152143657207489,1
0.1386633664369583,1
0.13611145317554474,1
0.13513758778572083,1
0.22532397508621216,1
0.2542785406112671,1
0.07440079003572464,1
0.08821465820074081,1
0.1373470276594162,1
0.10610610991716385,1
0.25124290585517883,1
0.1535297930240631,1
0.10063280910253525,1
0.08813450485467911,1
0.12186514586210251,1
0.13780665397644043,1
0.07728555053472519,1
0.20253564417362213,1
0.11640574038028717,1
0.07211160659790039,1
0.1741265505552292,1
0.1988162398338318,1
0.22134195268154144,1
0.17248235642910004,1
0.1571933925151825,1
0.059267930686473846,1
0.12289305031299591,1
0.1237819641828537,1
0.1674824357032776,1
0.10323505848646164,1
0.1635042428970337,1
0.19847822189331055,1
0.16031791269779205,1
0.07951603829860687,1
0.22376815974712372,1
0.20535427331924438,1
0.21382318437099457,1
0.2853456139564514,1
0.21842366456985474,1
0.1642703413963318,1
0.3903345465660095,1
0.05982890725135803,1
0.25019949674606323,1
0.4135350286960602,1
0.15186229348182678,1
0.3372349739074707,1
0.23956544697284698,1
0.1365485042333603,1
0.34569600224494934,1
0.0846046507358551,1
0.17131200432777405,1
0.11288361251354218,1
0.05045111104846001,1
0.1698320060968399,1
0.4024987518787384,1
0.246648907661438,1
0.23483550548553467,1
0.45275649428367615,1
0.15301883220672607,1
0.19891244173049927,1
0.22399361431598663,1
0.07064071297645569,1
0.23737363517284393,1
0.06433425843715668,1
0.10618521273136139,1
0.14657452702522278,1
0.19076895713806152,1
0.17566238343715668,1
0.143789142370224,1
0.07576575875282288,1
0.17471402883529663,1
0.1584472954273224,1
0.08282581716775894,1
0.21556875109672546,1
0.21714530885219574,1
0.09547612816095352,1
0.1348571628332138,1
0.17121681571006775,1
0.11109276860952377,1
0.1918807029724121,1
0.17373023927211761,1
0.18478089570999146,1
0.13773401081562042,1
0.1029750406742096,1
0.08660174906253815,1
0.16423258185386658,1
0.23650088906288147,1
0.1885717809200287,1
0.052881136536598206,1
0.13342759013175964,1
0.09355391561985016,1
0.06260291486978531,1
0.15305699408054352,1
0.09196807444095612,1
0.27658724784851074,1
0.21705971658229828,1
0.14690588414669037,1
0.07140284776687622,1
0.22479166090488434,1
0.14975756406784058,1
0.3209463357925415,1
0.05183315649628639,1
0.08598367869853973,1
0.0812317430973053,1
0.13407501578330994,1
0.14522826671600342,1
0.1960919201374054,1
0.10758815705776215,1
0.3760228157043457,1
0.255454957485199,1
0.14221419394016266,1
0.15013492107391357,1
0.20371729135513306,1
0.24550044536590576,1
0.11781573295593262,1
0.22515006363391876,1
0.22398194670677185,1
0.2968137264251709,1
0.24095402657985687,1
0.16456225514411926,1
0.21979162096977234,1
0.13398835062980652,1
0.14248886704444885,1
0.1773684173822403,1
0.19608475267887115,1
0.2610177993774414,1
0.1192474365234375,1
0.24745050072669983,1
0.12627825140953064,1
0.2456035614013672,1
0.08076796680688858,1
0.13692855834960938,1
0.1946599781513214,1
0.035308998078107834,1
0.21510064601898193,1
0.208521768450737,1
0.1022481918334961,1
0.1235046237707138,1
0.23291170597076416,1
0.11293955147266388,1
0.1927788257598877,1
0.16072693467140198,1
0.03810273855924606,1
0.05793415382504463,1
0.2663644552230835,1
0.1557321846485138,1
0.26552829146385193,1
0.09581589698791504,1
0.20119348168373108,1
0.19251272082328796,1
0.13697227835655212,1
0.15034934878349304,1
0.11744913458824158,1
0.27673596143722534,1
0.14437609910964966,1
0.13272473216056824,1
0.2559489607810974,1
0.23816370964050293,1
0.17194420099258423,1
0.11763225495815277,1
0.12099649012088776,1
0.143646702170372,1
0.15544474124908447,1
0.15574808418750763,1
0.11910134553909302,1
0.0669541209936142,1
0.08831453323364258,1
0.22646963596343994,1
0.08253441005945206,1
0.21173448860645294,1
0.02791857160627842,1
0.1090344488620758,1
0.11469773948192596,1
0.073593370616436,1
0.06346991658210754,1
0.15595868229866028,1
0.14191477000713348,1
0.1175621822476387,1
0.1257622390985489,1
0.21723152697086334,1
0.2565530240535736,1
0.20603039860725403,1
0.06134659796953201,1
0.1792587786912918,1
0.10857793688774109,1
0.18986563384532928,1
0.12697874009609222,1
0.19911733269691467,1
0.2073913812637329,1
0.03220707178115845,1
0.16287101805210114,1
0.07597934454679489,1
0.11374396085739136,1
0.09598584473133087,1
0.0944172739982605,1
0.14813748002052307,1
0.20840370655059814,1
0.3224678039550781,1
0.1359080672264099,1
0.1671818494796753,1
0.12456970661878586,1
0.0643429234623909,1
0.09624676406383514,1
0.1317831128835678,1
0.055514294654130936,1
0.2138197422027588,1
0.11391274631023407,1
0.1921999752521515,1
0.31663358211517334,1
0.3582777678966522,1
0.10388365387916565,1
0.19721539318561554,1
0.18759730458259583,1
0.032628487795591354,1
0.11623785644769669,1
0.14031854271888733,1
0.13419581949710846,1
0.11839437484741211,1
0.20687776803970337,1
0.06812864542007446,1
0.1304522156715393,1
0.06795325875282288,1
0.10068991780281067,1
0.08406884968280792,1
0.061721015721559525,1
0.16241809725761414,1
0.1910964697599411,1
0.08447378873825073,1
0.2957940697669983,1
0.061787720769643784,1
0.07703366130590439,1
0.08832527697086334,1
0.2198774814605713,1
0.22331105172634125,1
0.20320862531661987,1
0.05708776414394379,1
0.0780934989452362,1
0.181350976228714,1
0.1078154668211937,1
0.0858817845582962,1
0.062203504145145416,1
0.15390774607658386,1
0.1893322616815567,1
0.13559590280056,1
0.05440066009759903,1
0.09706709533929825,1
0.09349386394023895,1
0.057303257286548615,1
0.2312033623456955,1
0.07669523358345032,1
0.2323458343744278,1
0.21528738737106323,1
0.06679791212081909,1
0.12401796877384186,1
0.19418197870254517,1
0.09741158783435822,1
0.08726314455270767,1
0.20063148438930511,1
0.21913555264472961,1
0.12925656139850616,1
0.2735845744609833,1
0.0806572362780571,1
0.04231497645378113,1
0.19019049406051636,1
0.1313285380601883,1
0.16507691144943237,1
0.12573027610778809,1
0.06377220153808594,1
0.20316752791404724,1
0.15349692106246948,1
0.2378104329109192,1
0.1770913451910019,1
0.10176191478967667,1
0.3030813932418823,1
0.05149281024932861,1
0.23338639736175537,1
0.29324081540107727,1
0.09443686157464981,1
0.12103763967752457,1
0.3246230185031891,1
0.0981687530875206,1
0.06261073797941208,1
0.27091556787490845,1
0.24823123216629028,1
0.1044696643948555,1
0.059462204575538635,1
0.2576618194580078,1
0.10321399569511414,1
0.1606660634279251,1
0.20274285972118378,1
0.11620975285768509,1
0.24720048904418945,1
0.10947781056165695,1
0.3111722469329834,1
0.14211615920066833,1
0.16524064540863037,1
0.16109496355056763,1
0.1139017641544342,1
0.24562740325927734,1
0.16716794669628143,1
0.26114505529403687,1
0.14022579789161682,1
0.17655795812606812,1
0.08538204431533813,1
0.0853094533085823,1
0.07801015675067902,1
0.14271743595600128,1
0.30904677510261536,1
0.07389175891876221,1
0.14789962768554688,1
0.21213321387767792,1
0.20165610313415527,1
0.2524566054344177,1
0.1655808985233307,1
0.12653933465480804,1
0.2418471872806549,1
0.10331760346889496,1
0.1651342511177063,1
0.24103139340877533,1
0.12570826709270477,1
0.13621747493743896,1
0.19327500462532043,1
0.1664302945137024,1
0.1906849592924118,1
0.32000741362571716,1
0.07781077921390533,1
0.26422181725502014,1
0.05288289487361908,1
0.16053861379623413,1
0.34437787532806396,1
0.08322423696517944,1
0.13194388151168823,1
0.16028685867786407,1
0.15392936766147614,1
0.09667277336120605,1
0.1134890764951706,1
0.23089875280857086,1
0.23831593990325928,1
0.3557519018650055,1
0.14962005615234375,1
0.15179887413978577,1
0.24330833554267883,1
0.10186374932527542,1
0.09213260561227798,1
0.12608346343040466,1
0.09708966314792633,1
0.08683423697948456,1
0.17125274240970612,1
0.2179923802614212,1
0.06999313831329346,1
0.17460443079471588,1
0.15392275154590607,1
0.21810278296470642,1
0.2223258912563324,1
0.19722329080104828,1
0.11030794680118561,1
0.07902155816555023,1
0.2260395884513855,1
0.2753866910934448,1
0.30457958579063416,1
0.22759003937244415,1
0.28203660249710083,1
0.0961708128452301,1
0.12054517865180969,1
0.20797939598560333,1
0.29416340589523315,1
0.14806942641735077,1
0.28083473443984985,1
0.12167412042617798,1
0.15148688852787018,1
0.1886049211025238,1
0.11709143221378326,1
0.044035330414772034,1
0.1451837420463562,1
0.11706595122814178,1
0.33838018774986267,1
0.1820349097251892,1
0.1450255960226059,1
0.08545848727226257,1
0.09078039228916168,1
0.07310356944799423,1
0.14774522185325623,1
0.18895438313484192,1
0.10895051807165146,1
0.0756242573261261,1
0.2549273371696472,1
0.2477014660835266,1
0.18533433973789215,1
0.15024344623088837,1
0.06689228862524033,1
0.1237504780292511,1
0.23856593668460846,1
0.2066851556301117,1
0.14471696317195892,1
0.10329195111989975,1
0.14824315905570984,1
0.25871241092681885,1
0.20387709140777588,1
0.23622345924377441,1
0.09617771208286285,1
0.2359677106142044,1
0.12376348674297333,1
0.14688676595687866,1
0.15548157691955566,1
0.1664903312921524,1
0.17104630172252655,1
0.24898311495780945,1
0.2230948805809021,1
0.08234253525733948,1
0.09162089228630066,1
0.1784634292125702,1
0.08259480446577072,1
0.0504922941327095,1
0.21247602999210358,1
0.18925467133522034,1
0.06627704203128815,1
0.21068593859672546,1
0.4092286229133606,1
0.18139950931072235,1
0.1604645550251007,1
0.0919598862528801,1
0.21837136149406433,1
0.09957404434680939,1
0.202877938747406,1
0.19054459035396576,1
0.167716845870018,1
0.21656261384487152,1
0.08108466118574142,1
0.08171261847019196,1
0.16455963253974915,1
0.2675427496433258,1
0.20209388434886932,1
0.027394670993089676,1
0.24137824773788452,1
0.11817139387130737,1
0.09306968003511429,1
0.03532177954912186,1
0.09810864180326462,1
0.2142091691493988,1
0.4293231964111328,1
0.1059856191277504,1
0.06290722638368607,1
0.13332714140415192,1
0.1881461888551712,1
0.1814233958721161,1
0.18521907925605774,1
0.08715543895959854,1
0.12803447246551514,1
0.21518312394618988,1
0.2112228274345398,1
0.11449334025382996,1
0.23009824752807617,1
0.1045408844947815,1
0.14275291562080383,1
0.22681167721748352,1
0.2838112413883209,1
0.20841747522354126,1
0.11411077529191971,1
0.08689218014478683,1
0.2090422362089157,1
0.09498541802167892,1
0.24901656806468964,1
0.06720153987407684,1
0.26798728108406067,1
0.12430921196937561,1
0.27435246109962463,1
0.14329299330711365,1
0.10186412930488586,1
0.07987406104803085,1
0.14416542649269104,1
0.08754664659500122,1
0.18315774202346802,1
0.2586631774902344,1
0.17804719507694244,1
0.220605731010437,1
0.18034926056861877,1
0.10451597720384598,1
0.08369439095258713,1
0.2594199776649475,1
0.1395913064479828,1
0.24614281952381134,1
0.14544488489627838,1
0.3462040424346924,1
0.1265195608139038,1
0.15355607867240906,1
0.2849755883216858,1
0.28769925236701965,1
0.12692543864250183,1
0.19404537975788116,1
0.28218531608581543,1
0.15388301014900208,1
0.1470935046672821,1
0.1534261554479599,1
0.12115815281867981,1
0.20342612266540527,1
0.24941383302211761,1
0.10678845643997192,1
0.0737852230668068,1
0.15679693222045898,1
0.07446116209030151,1
0.19326549768447876,1
0.1440177708864212,1
0.15644270181655884,1
0.05250812694430351,1
0.10626904666423798,1
0.13551726937294006,1
0.04181694984436035,1
0.10969363898038864,1
0.12936218082904816,1
0.15372592210769653,1
0.07010678946971893,1
0.10131712257862091,1
0.1174873411655426,1
0.13492292165756226,1
0.1901511400938034,1
0.26141709089279175,1
0.19292005896568298,1
0.21411937475204468,1
0.04453881457448006,1
0.12348669022321701,1
0.3178551495075226,1
0.07497604191303253,1
0.2600131034851074,1
0.14541929960250854,1
0.24271908402442932,1
0.05293542519211769,1
0.1168251559138298,1
0.16596730053424835,1
0.07720199227333069,1
0.19770419597625732,1
0.10262488573789597,1
0.16367368400096893,1
0.24334952235221863,1
0.235355943441391,1
0.08189825713634491,1
0.2701945900917053,1
0.09000258892774582,1
0.14784280955791473,1
0.2676619589328766,1
0.14982175827026367,1
0.24532276391983032,1
0.11384434252977371,1
0.17579296231269836,1
0.06057681143283844,1
0.07378850877285004,1
0.2274959534406662,1
0.18517085909843445,1
0.19646215438842773,1
0.1616033911705017,1
0.19082751870155334,1
0.1551215797662735,1
0.0884818434715271,1
0.19490835070610046,1
0.1719159036874771,1
0.25789815187454224,1
0.2153250277042389,1
0.0728890597820282,1
0.16924317181110382,1
0.26642918586730957,1
0.098446786403656,1
0.21090716123580933,1
0.15739315748214722,1
0.10525377839803696,1
0.34082669019699097,1
0.2649730145931244,1
0.19625134766101837,1
0.14228424429893494,1
0.1266324818134308,1
0.20754897594451904,1
0.06419780105352402,1
0.1377851665019989,1
0.11186574399471283,1
0.14180226624011993,1
0.29498064517974854,1
0.16526304185390472,1
0.2825656235218048,1
0.2795935869216919,1
0.09945899993181229,1
0.06310077756643295,1
0.10935252904891968,1
0.14433476328849792,1
0.12203149497509003,1
0.08374166488647461,1
0.10374291241168976,1
0.09547211974859238,1
0.06283856928348541,1
0.0767361968755722,1
0.046879690140485764,1
0.1643473207950592,1
0.07091759145259857,1
0.10725414007902145,1
0.15776517987251282,1
0.09589555859565735,1
0.3273777961730957,1
0.13858400285243988,1
0.13118919730186462,1
0.1652703434228897,1
0.09698377549648285,1
0.1160476803779602,1
0.24387401342391968,1
0.07073137909173965,1
0.2658143639564514,1
0.25756514072418213,1
0.10367225110530853,1
0.18793219327926636,1
0.19270087778568268,1
0.07617459446191788,1
0.0530707873404026,1
0.11618461459875107,1
0.20048788189888,1
0.1300322264432907,1
0.049411751329898834,1
0.15927013754844666,1
0.1628836840391159,1
0.1572285294532776,1
0.12504610419273376,1
0.12313451617956161,1
0.13866131007671356,1
0.11437907069921494,1
0.2581981420516968,1
0.07874814420938492,1
0.16536271572113037,1
0.18710774183273315,1
0.19562003016471863,1
0.119279645383358,1
0.25499698519706726,1
0.16860449314117432,1
0.09971503168344498,1
0.2146979719400406,1
0.12642142176628113,1
0.1926489919424057,1
0.166281595826149,1
0.14016422629356384,1
0.08082232624292374,1
0.18032601475715637,1
0.1333221197128296,1
0.3942997455596924,1
0.2788580060005188,1
0.1011284813284874,1
0.2008114755153656,1
0.17178186774253845,1
0.07872099429368973,1
0.16177043318748474,1
0.25681474804878235,1
0.12879657745361328,1
0.08342275768518448,1
0.062063638120889664,1
0.2876007556915283,1
0.20039129257202148,1
0.33774375915527344,1
0.1578202098608017,1
0.13765953481197357,1
0.097996786236763,1
0.06111673265695572,1
0.05743361636996269,1
0.20566962659358978,1
0.13833549618721008,1
0.18763339519500732,1
0.16563473641872406,1
0.11074097454547882,1
0.1867942214012146,1
0.11215246468782425,1
0.1207687258720398,1
0.22458785772323608,1
0.17007598280906677,1
0.14575520157814026,1
0.16696640849113464,1
0.07934575527906418,1
0.24278207123279572,1
0.32581865787506104,1
0.1167479008436203,1
0.2316155731678009,1
0.16710887849330902,1
0.09635850042104721,1
0.05679744482040405,1
0.10957148671150208,1
0.13014517724514008,1
0.10504816472530365,1
0.1833353340625763,1
0.24200262129306793,1
0.11622492969036102,1
0.11723391711711884,1
0.148135706782341,1
0.03534770384430885,1
0.16778025031089783,1
0.14354899525642395,1
0.18546238541603088,1
0.08982549607753754,1
0.10507435351610184,1
0.11642438173294067,1
0.16107866168022156,1
0.11380016803741455,1
0.05797910317778587,1
0.18340085446834564,1
0.0640978142619133,1
0.07852796465158463,1
0.10317213833332062,1
0.28091663122177124,1
0.23715245723724365,1
0.11228803545236588,1
0.23512482643127441,1
0.1892716884613037,1
0.11949855089187622,1
0.28475221991539,1
0.24822083115577698,1
0.23934055864810944,1
0.1098591536283493,1
0.16155080497264862,1
0.08420020341873169,1
0.1316959112882614,1
0.10446906089782715,1
0.19680967926979065,1
0.1909726858139038,1
0.1494354009628296,1
0.14243578910827637,1
0.09857577085494995,1
0.14693871140480042,1
0.17990824580192566,1
0.18761880695819855,1
0.09049080312252045,1
0.16410815715789795,1
0.1599554568529129,1
0.11640912294387817,1
0.12843802571296692,1
0.15877825021743774,1
0.04542192444205284,1
0.22874706983566284,1
0.14107480645179749,1
0.10656474530696869,1
0.1814657747745514,1
0.08748745918273926,1
0.10149826109409332,1
0.06794235110282898,1
0.20939788222312927,1
0.1072661280632019,1
0.11410770565271378,1
0.05516985058784485,1
0.05889908969402313,1
0.14350517094135284,1
0.19978781044483185,1
0.18336200714111328,1
0.07450751215219498,1
0.22830379009246826,1
0.13326655328273773,1
0.11420607566833496,1
0.17165814340114594,1
0.3269210755825043,1
0.04488833248615265,1
0.146147221326828,1
0.2003491073846817,1
0.2104250192642212,1
0.1689641773700714,1
0.2039845734834671,1
0.2009359896183014,1
0.28734368085861206,1
0.23297001421451569,1
0.1594948172569275,1
0.2004072219133377,1
0.12584546208381653,1
0.05941742658615112,1
0.12768375873565674,1
0.11472083628177643,1
0.09163299202919006,1
0.08017422258853912,1
0.07845662534236908,1
0.12548083066940308,1
0.17985044419765472,1
0.12058193236589432,1
0.4006561040878296,1
0.05831047147512436,1
0.1690332293510437,1
0.08928872644901276,1
0.1409066617488861,1
0.1811135858297348,1
0.308197557926178,1
0.13233032822608948,1
0.1109691858291626,1
0.10767830163240433,1
0.3600693345069885,1
0.3267372250556946,1
0.17610882222652435,1
0.27184054255485535,1
0.22257958352565765,1
0.1349068582057953,1
0.09915775060653687,1
0.1495310217142105,1
0.14613065123558044,1
0.09589241445064545,1
0.09436506778001785,1
0.10330809652805328,1
0.21783295273780823,1
0.07815006375312805,1
0.1311747431755066,1
0.0878082811832428,1
0.157772496342659,1
0.16984772682189941,1
0.241652712225914,1
0.12351090461015701,1
0.07303935289382935,1
0.08925978094339371,1
0.09170982241630554,1
0.112584687769413,1
0.21453198790550232,1
0.0817931592464447,1
0.11280494928359985,1
0.32044753432273865,1
0.0557125099003315,1
0.18702054023742676,1
0.133464515209198,1
0.06252411007881165,1
0.1888178288936615,1
0.16377565264701843,1
0.18652652204036713,1
0.10658314824104309,1
0.08484264463186264,1
0.11274531483650208,1
0.08689429610967636,1
0.14420679211616516,1
0.04582039639353752,1
0.18168026208877563,1
0.3046237528324127,1
0.11589052528142929,1
0.18068909645080566,1
0.019932560622692108,1
0.15704268217086792,1
0.15339739620685577,1
0.11753351986408234,1
0.18888486921787262,1
0.08430375158786774,1
0.1324525624513626,1
0.19822253286838531,1
0.3122161626815796,1
0.2694161832332611,1
0.11293120682239532,1
0.14922313392162323,1
0.10159982740879059,1
0.16086360812187195,1
0.23559284210205078,1
0.19866755604743958,1
0.2712264358997345,1
0.09080459177494049,1
0.03294920548796654,1
0.1337372213602066,1
0.24215543270111084,1
0.15355151891708374,1
0.17109209299087524,1
0.1714223027229309,1
0.1134113073348999,1
0.07198511809110641,1
0.17097941040992737,1
0.13584019243717194,1
0.2567547857761383,1
0.10167532414197922,1
0.3481764793395996,1
0.11715362221002579,1
0.037668824195861816,1
0.07627137750387192,1
0.2199133187532425,1
0.07716833800077438,1
0.2625713348388672,1
0.2234366536140442,1
0.0985569879412651,1
0.20212167501449585,1
0.2581861615180969,1
0.12342549860477448,1
0.17204312980175018,1
0.12597689032554626,1
0.1468796581029892,1
0.09306751191616058,1
0.0641937404870987,1
0.20572665333747864,1
0.10559037327766418,1
0.08215232193470001,1
0.20849072933197021,1
0.06844396144151688,1
0.09018102288246155,1
0.24192556738853455,1
0.11868594586849213,1
0.16898228228092194,1
0.08824228495359421,1
0.11006581783294678,1
0.2484430968761444,1
0.16004657745361328,1
0.09057191014289856,1
0.15393322706222534,1
0.13873247802257538,1
0.05815806984901428,1
0.16422510147094727,1
0.11267832666635513,1
0.03207672759890556,1
0.22920174896717072,1
0.10742136836051941,1
0.16427913308143616,1
0.08510896563529968,1
0.06164630874991417,1
0.1482163965702057,1
0.12652136385440826,1
0.19972515106201172,1
0.14946134388446808,1
0.2439602166414261,1
0.4251713156700134,1
0.24672874808311462,1
0.1312911957502365,1
0.4914056658744812,1
0.3372724950313568,1
0.16784366965293884,1
0.04219197854399681,1
0.21239769458770752,1
0.11403477191925049,1
0.1043860912322998,1
0.08123085647821426,1
0.11274762451648712,1
0.3034457564353943,1
0.10741279274225235,1
0.24699187278747559,1
0.1950562596321106,1
0.04251066595315933,1
0.07362092286348343,1
0.10799732059240341,1
0.24116858839988708,1
0.24567314982414246,1
0.09533404558897018,1
0.13117899000644684,1
0.09412180632352829,1
0.14104709029197693,1
0.12647953629493713,1
0.1926218569278717,1
0.11509068310260773,1
0.08937418460845947,1
0.1504802107810974,1
0.21678517758846283,1
0.19815361499786377,1
0.108250692486763,1
0.29224422574043274,1
0.1265372484922409,1
0.16712769865989685,1
0.0928964763879776,1
0.19362732768058777,1
0.22058293223381042,1
0.12278162688016891,1
0.10739104449748993,1
0.046445149928331375,1
0.12017202377319336,1
0.1427358239889145,1
0.17409536242485046,1
0.3133352994918823,1
0.20459146797657013,1
0.15465500950813293,1
0.09414064139127731,1
0.1344616711139679,1
0.26922479271888733,1
0.1450233906507492,1
0.23535925149917603,1
0.08710924535989761,1
0.37207460403442383,1
0.09878239780664444,1
0.10973761975765228,1
0.2125249207019806,1
0.23559150099754333,1
0.1634962558746338,1
0.023094823583960533,1
0.18462350964546204,1
0.25945863127708435,1
0.3893601596355438,1
0.19742339849472046,1
0.11768203973770142,1
0.09433247148990631,1
0.09234980493783951,1
0.22265294194221497,1
0.08999603241682053,1
0.1481305956840515,1
0.34674882888793945,1
0.20375239849090576,1
0.11793392896652222,1
0.32801371812820435,1
0.15390515327453613,1
0.0641859620809555,1
0.2667497396469116,1
0.36673107743263245,1
0.25230756402015686,1
0.18456684052944183,1
0.12692475318908691,1
0.16075241565704346,1
0.17556017637252808,1
0.12288366258144379,1
0.10062664747238159,1
0.11231476068496704,1
0.111601322889328,1
0.14675123989582062,1
0.20719772577285767,1
0.2932449281215668,1
0.08463805913925171,1
0.14864729344844818,1
0.14884135127067566,1
0.1693236380815506,1
0.12152371555566788,1
0.11014799773693085,1
0.14032714068889618,1
0.18415845930576324,1
0.06920172274112701,1
0.17762720584869385,1
0.1004633978009224,1
0.16123944520950317,1
0.10341906547546387,1
0.15209244191646576,1
0.10019028931856155,1
0.07157100737094879,1
0.124505415558815,1
0.2589748799800873,1
0.0923687219619751,1
0.0825512558221817,1
0.11591960489749908,1
0.27965736389160156,1
0.20217740535736084,1
0.11294712126255035,1
0.06718318164348602,1
0.18545308709144592,1
0.10363182425498962,1
0.16526910662651062,1
0.13385392725467682,1
0.07388115674257278,1
0.13255703449249268,1
0.2318742722272873,1
0.12186727672815323,1
0.163652703166008,1
0.13177748024463654,1
0.16510450839996338,1
0.23295550048351288,1
0.1394876092672348,1
0.14780595898628235,1
0.04638158529996872,1
0.21686211228370667,1
0.04834835231304169,1
0.10363684594631195,1
0.11331263184547424,1
0.1617145836353302,1
0.12170315533876419,1
0.26141268014907837,1
0.19421924650669098,1
0.12039154022932053,1
0.12935814261436462,1
0.09777192026376724,1
0.10578517615795135,1
0.23789368569850922,1
0.08439615368843079,1
0.13939855992794037,1
0.3787599802017212,1
0.09324495494365692,1
0.11883241683244705,1
0.13379862904548645,1
0.11946242302656174,1
0.27685755491256714,1
0.10814794898033142,1
0.09173314273357391,1
0.17886191606521606,1
0.14923521876335144,1
0.30882957577705383,1
0.15771281719207764,1
0.034905366599559784,1
0.14952127635478973,1
0.2202593833208084,1
0.08921995759010315,1
0.2296125888824463,1
0.17568714916706085,1
0.29404568672180176,1
0.16704295575618744,1
0.13563431799411774,1
0.23599255084991455,1
0.08453872799873352,1
0.08497649431228638,1
0.08803357928991318,1
0.08149106055498123,1
0.10377905517816544,1
0.057308927178382874,1
0.2961389422416687,1
0.12144970893859863,1
0.10133659839630127,1
0.2469540238380432,1
0.1409415900707245,1
0.16055385768413544,1
0.07446356862783432,1
0.3070443868637085,1
0.27157601714134216,1
0.08985042572021484,1
0.08088745176792145,1
0.14172986149787903,1
0.054694242775440216,1
0.08666655421257019,1
0.1925329864025116,1
0.17410984635353088,1
0.21429970860481262,1
0.12440080940723419,1
0.07644692063331604,1
0.0737251490354538,1
0.09264227002859116,1
0.23353764414787292,1
0.11916517466306686,1
0.0921502485871315,1
0.13495296239852905,1
0.1753658503293991,1
0.18030841648578644,1
0.4453922510147095,1
0.1562943011522293,1
0.08204714208841324,1
0.124477319419384,1
0.08310969173908234,1
0.052192285656929016,1
0.13209903240203857,1
0.18154354393482208,1
0.13642367720603943,1
0.5306248664855957,1
0.10247407853603363,1
0.11636176705360413,1
0.20075659453868866,1
0.13723289966583252,1
0.2519371807575226,1
0.12122626602649689,1
0.20145434141159058,1
0.1755470335483551,1
0.12815223634243011,1
0.17176708579063416,1
0.09765967726707458,1
0.2651021480560303,1
0.1134607344865799,1
0.25459378957748413,1
0.07722972333431244,1
0.12860119342803955,1
0.06503275036811829,1
0.12438157945871353,1
0.09275667369365692,1
0.2036736011505127,1
0.15050087869167328,1
0.10513807833194733,1
0.14878594875335693,1
0.21119128167629242,1
0.25214654207229614,1
0.06330442428588867,1
0.08435383439064026,1
0.12302262336015701,1
0.1698303520679474,1
0.17309904098510742,1
0.14729775488376617,1
0.09920291602611542,1
0.09680552780628204,1
0.1350422352552414,1
0.09014792740345001,1
0.06469451636075974,1
0.1275065541267395,1
0.07960188388824463,1
0.18650054931640625,1
0.12812188267707825,1
0.31104791164398193,1
0.1815841943025589,1
0.1812773048877716,1
0.23772494494915009,1
0.04749338701367378,1
0.14951303601264954,1
0.07415863126516342,1
0.14169421792030334,1
0.12840910255908966,1
0.07181677967309952,1
0.1878071427345276,1
0.12820081412792206,1
0.07086451351642609,1
0.24662308394908905,1
0.07611586898565292,1
0.18409818410873413,1
0.25006547570228577,1
0.18907159566879272,1
0.09945982694625854,1
0.12935857474803925,1
0.09129469841718674,1
0.09714722633361816,1
0.1734798103570938,1
0.133793905377388,1
0.18426603078842163,1
0.11904244124889374,1
0.17432759702205658,1
0.250418484210968,1
0.08966164290904999,1
0.04650621861219406,1
0.3078586459159851,1
0.1708727926015854,1
0.09948233515024185,1
0.12987303733825684,1
0.20630906522274017,1
0.2280530333518982,1
0.1217164695262909,1
0.2389468401670456,1
0.1896202564239502,1
0.2669791877269745,1
0.20663344860076904,1
0.14554962515830994,1
0.13357552886009216,1
0.1027584820985794,1
0.13898934423923492,1
0.1678933948278427,1
0.10478048771619797,1
0.22317805886268616,1
0.13875173032283783,1
0.1932649314403534,1
0.37314125895500183,1
0.3972877264022827,1
0.11271641403436661,1
0.22702071070671082,1
0.13844794034957886,1
0.19093599915504456,1
0.14660951495170593,1
0.09028462320566177,1
0.12618792057037354,1
0.14451104402542114,1
0.17703114449977875,1
0.044218771159648895,1
0.1529107540845871,1
0.12639032304286957,1
0.15191268920898438,1
0.1297527551651001,1
0.13654080033302307,1
0.12002310156822205,1
0.08162353187799454,1
0.08530201762914658,1
0.0977262631058693,1
0.21231184899806976,1
0.09743528068065643,1
0.17402298748493195,1
0.20180100202560425,1
0.11338251084089279,1
0.06344617903232574,1
0.08456050604581833,1
0.15048110485076904,1
0.17994990944862366,1
0.10703638195991516,1
0.15816278755664825,1
0.27034831047058105,1
0.14701762795448303,1
0.07100741565227509,1
0.20902861654758453,1
0.13612861931324005,1
0.2782043516635895,1
0.09668378531932831,1
0.28051719069480896,1
0.10314957052469254,1
0.20774692296981812,1
0.13705244660377502,1
0.11596806347370148,1
0.2144290655851364,1
0.04951702430844307,1
0.266104131937027,1
0.13156485557556152,1
0.07411231100559235,1
0.13507379591464996,1
0.41004782915115356,1
0.19133323431015015,1
0.09212228655815125,1
0.23466292023658752,1
0.09705957770347595,1
0.11934005469083786,1
0.07006949186325073,1
0.11129043996334076,1
0.12944111227989197,1
0.12462994456291199,1
0.0983312651515007,1
0.119460828602314,1
0.24773217737674713,1
0.18828420341014862,1
0.13783904910087585,1
0.11588242650032043,1
0.2510053217411041,1
0.13212931156158447,1
0.33007609844207764,1
0.27716225385665894,1
0.321780800819397,1
0.16436785459518433,1
0.1480739414691925,1
0.17427074909210205,1
0.30566850304603577,1
0.2653009295463562,1
0.12929940223693848,1
0.1396644115447998,1
0.09092188626527786,1
0.11075486987829208,1
0.2811836898326874,1
0.06595046818256378,1
0.08341692388057709,1
0.059241995215415955,1
0.2610757648944855,1
0.17163297533988953,1
0.22424204647541046,1
0.23106271028518677,1
0.11038895696401596,1
0.25482267141342163,1
0.15704163908958435,1
0.06911574304103851,1
0.24736978113651276,1
0.2258337438106537,1
0.08014707267284393,1
0.2077215015888214,1
0.21056871116161346,1
0.31207579374313354,1
0.11523007601499557,1
0.08143781870603561,1
0.08244284987449646,1
0.12545502185821533,1
0.11659490317106247,1
0.1186440959572792,1
0.13675814867019653,1
0.16142208874225616,1
0.20876748859882355,1
0.06169015169143677,1
0.12780451774597168,1
0.12192244827747345,1
0.1789921671152115,1
0.13376712799072266,1
0.10989949107170105,1
0.20023876428604126,1
0.20622579753398895,1
0.14715784788131714,1
0.18029029667377472,1
0.2247348129749298,1
0.05674709379673004,1
0.18031403422355652,1
0.144436776638031,1
0.09231945872306824,1
0.19005022943019867,1
0.13394097983837128,1
0.16217948496341705,1
0.12104643881320953,1
0.24328221380710602,1
0.18438610434532166,1
0.063052237033844,1
0.17500507831573486,1
0.1709980070590973,1
0.1420670747756958,1
0.17232507467269897,1
0.09607098996639252,1
0.1688799262046814,1
0.13521425426006317,1
0.20667189359664917,1
0.06133153289556503,1
0.08736927807331085,1
0.06960749626159668,1
0.08518573641777039,1
0.11909910291433334,1
0.16894546151161194,1
0.26733553409576416,1
0.1872638463973999,1
0.18749220669269562,1
0.18153728544712067,1
0.18443335592746735,1
0.08719661831855774,1
0.17970149219036102,1
0.18678179383277893,1
0.13130250573158264,1
0.1563819795846939,1
0.12768031656742096,1
0.14763638377189636,1
0.12920749187469482,1
0.13518325984477997,1
0.08785116672515869,1
0.22990526258945465,1
0.11532951146364212,1
0.10028357058763504,1
0.1659265160560608,1
0.1040736511349678,1
0.14919033646583557,1
0.13416486978530884,1
0.1666908711194992,1
0.09054838120937347,1
0.1615121215581894,1
0.18815356492996216,1
0.0780080258846283,1
0.16432613134384155,1
0.14473187923431396,1
0.15479281544685364,1
0.1912490576505661,1
0.12061585485935211,1
0.1990235149860382,1
0.09677919000387192,1
0.16950854659080505,1
0.052056536078453064,1
0.23534628748893738,1
0.10539610683917999,1
0.12054570019245148,1
0.11700459569692612,1
0.06356854736804962,1
0.20699474215507507,1
0.18984363973140717,1
0.12333571910858154,1
0.17967531085014343,1
0.1889178454875946,1
0.08314589411020279,1
0.14360910654067993,1
0.12466761469841003,1
0.08523324131965637,1
0.0791345164179802,1
0.13726235926151276,1
0.23673094809055328,1
0.1669304370880127,1
0.10240589082241058,1
0.11519555747509003,1
0.12569189071655273,1
0.09705278277397156,1
0.16050300002098083,1
0.1525830328464508,1
0.25555476546287537,1
0.2526228129863739,1
0.10850998014211655,1
0.17991158366203308,1
0.05259113013744354,1
0.1158788725733757,1
0.40792855620384216,1
0.12669876217842102,1
0.1646314114332199,1
0.13433799147605896,1
0.2394062578678131,1
0.21353599429130554,1
0.09844610095024109,1
0.18846704065799713,1
0.1086786761879921,1
0.18030016124248505,1
0.13177870213985443,1
0.1770409345626831,1
0.1525581330060959,1
0.07706081122159958,1
0.0821419358253479,1
0.08940152823925018,1
0.1220010370016098,1
0.2348402887582779,1
0.12809871137142181,1
0.15106752514839172,1
0.1448054164648056,1
0.1701280027627945,1
0.08040009438991547,1
0.12863895297050476,1
0.21600928902626038,1
0.18214035034179688,1
0.14749126136302948,1
0.1295742690563202,1
0.15537992119789124,1
0.11466613411903381,1
0.17097142338752747,1
0.33381372690200806,1
0.10810882598161697,1
0.17821596562862396,1
0.11269091069698334,1
0.23723822832107544,1
0.06510194391012192,1
0.16472101211547852,1
0.12016493082046509,1
0.14269721508026123,1
0.16012445092201233,1
0.11916158348321915,1
0.13341856002807617,1
0.21605929732322693,1
0.23592180013656616,1
0.09628162533044815,1
0.16557952761650085,1
0.09103637933731079,1
0.2422284036874771,1
0.1595347821712494,1
0.0633135586977005,1
0.1133958250284195,1
0.2247001975774765,1
0.0650118812918663,1
0.057041797786951065,1
0.21139417588710785,1
0.14525461196899414,1
0.20004142820835114,1
0.1230011135339737,1
0.20341163873672485,1
0.17156587541103363,1
0.12218895554542542,1
0.2906438112258911,1
0.19397959113121033,1
0.1480313539505005,1
0.18672332167625427,1
0.1578507423400879,1
0.1872822344303131,1
0.3650987446308136,1
0.07220996171236038,1
0.08283685147762299,1
0.11040741205215454,1
0.17424216866493225,1
0.17038896679878235,1
0.11194759607315063,1
0.137541726231575,1
0.15942826867103577,1
0.11058714240789413,1
0.19568802416324615,1
0.2534790635108948,1
0.11502692103385925,1
0.1304955631494522,1
0.15297368168830872,1
0.3203585743904114,1
0.2402123361825943,1
0.14108897745609283,1
0.09702786058187485,1
0.1687317192554474,1
0.22960202395915985,1
0.06342029571533203,1
0.07721076160669327,1
0.07820676267147064,1
0.19992978870868683,1
0.09458883106708527,1
0.23304483294487,1
0.06962090730667114,1
0.0868133157491684,1
0.2046472430229187,1
0.10400736331939697,1
0.2289283275604248,1
0.06274519115686417,1
0.29156070947647095,1
0.2886584997177124,1
0.16047494113445282,1
0.08239562064409256,1
0.2452130764722824,1
0.10726279765367508,1
0.07435602694749832,1
0.09241311252117157,1
0.1449819803237915,1
0.14009563624858856,1
0.08053888380527496,1
0.15796692669391632,1
0.08389964699745178,1
0.2698327302932739,1
0.15909063816070557,1
0.24488551914691925,1
0.2035120129585266,1
0.14657829701900482,1
0.0689166858792305,1
0.15815052390098572,1
0.3029474914073944,1
0.11934686452150345,1
0.23713457584381104,1
0.11387643963098526,1
0.13740351796150208,1
0.09187082946300507,1
0.10501062870025635,1
0.18119563162326813,1
0.1829359233379364,1
0.1893671452999115,1
0.19916380941867828,1
0.31529808044433594,1
0.13391004502773285,1
0.1928681880235672,1
0.19053435325622559,1
0.11386773735284805,1
0.15591618418693542,1
0.12138453871011734,1
0.10215651988983154,1
0.17451892793178558,1
0.14329120516777039,1
0.1754286140203476,1
0.28740236163139343,1
0.08532179147005081,1
0.14251452684402466,1
0.07574126124382019,1
0.29488158226013184,1
0.09638018906116486,1
0.03949820622801781,1
0.08422401547431946,1
0.1264815330505371,1
0.08080724626779556,1
0.2811497747898102,1
0.1344435214996338,1
0.12693153321743011,1
0.07755140960216522,1
0.11617138981819153,1
0.11103938519954681,1
0.09891709685325623,1
0.057065945118665695,1
0.12538635730743408,1
0.19492624700069427,1
0.1067422479391098,1
0.15624865889549255,1
0.15819403529167175,1
0.14887207746505737,1
0.20932519435882568,1
0.1828831285238266,1
0.11338066309690475,1
0.15570230782032013,1
0.08916480839252472,1
0.10427994281053543,1
0.11944019049406052,1
0.14773675799369812,1
0.17611457407474518,1
0.27048996090888977,1
0.2663631737232208,1
0.09001418948173523,1
0.08974236249923706,1
0.1493181586265564,1
0.08063569664955139,1
0.1520431935787201,1
0.18588769435882568,1
0.09375040233135223,1
0.10264164209365845,1
0.16186495125293732,1
0.13117310404777527,1
0.1061672493815422,1
0.13863719999790192,1
0.27599209547042847,1
0.146291583776474,1
0.21144528687000275,1
0.15752100944519043,1
0.1339651644229889,1
0.11399590224027634,1
0.11285465955734253,1
0.2015722393989563,1
0.15896660089492798,1
0.14449043571949005,1
0.22017547488212585,1
0.3868677020072937,1
0.19818377494812012,1
0.12647217512130737,1
0.14715491235256195,1
0.14572300016880035,1
0.15232545137405396,1
0.16834348440170288,1
0.18592241406440735,1
0.13818195462226868,1
0.2161233127117157,1
0.05990228056907654,1
0.14030566811561584,1
0.09200719743967056,1
0.16263364255428314,1
0.1426461637020111,1
0.11550582945346832,1
0.301312118768692,1
0.11926500499248505,1
0.15643292665481567,1
0.14334005117416382,1
0.2538474202156067,1
0.1144995465874672,1
0.12074705213308334,1
0.25350475311279297,1
0.14676561951637268,1
0.19401079416275024,1
0.18613052368164063,1
0.17672622203826904,1
0.16980457305908203,1
0.2960401177406311,1
0.15537764132022858,1
0.22738215327262878,1
0.05873779579997063,1
0.09140026569366455,1
0.22168366611003876,1
0.19440707564353943,1
0.28881800174713135,1
0.2500680088996887,1
0.20816034078598022,1
0.18509896099567413,1
0.07399359345436096,1
0.15763092041015625,1
0.08466552942991257,1
0.1349991261959076,1
0.0757312923669815,1
0.23934543132781982,1
0.16933687031269073,1
0.12791825830936432,1
0.16592198610305786,1
0.20099973678588867,1
0.1853315830230713,1
0.21746252477169037,1
0.1436314880847931,1
0.0868762955069542,1
0.3693687319755554,1
0.07087013125419617,1
0.04732910171151161,1
0.07735194265842438,1
0.2895597517490387,1
0.16477128863334656,1
0.17081937193870544,1
0.13569870591163635,1
0.19967544078826904,1
0.08794106543064117,1
0.34704259037971497,1
0.05658837780356407,1
0.08068989217281342,1
0.15622851252555847,1
0.1845225989818573,1
0.0949120819568634,1
0.08337573707103729,1
0.22114169597625732,1
0.10452499240636826,1
0.2520482540130615,1
0.07882986217737198,1
0.12013144791126251,1
0.040345802903175354,1
0.09289081394672394,1
0.08876271545886993,1
0.11358897387981415,1
0.07416226714849472,1
0.11452262848615646,1
0.06451956182718277,1
0.09729274362325668,1
0.10794828832149506,1
0.24831214547157288,1
0.18101941049098969,1
0.22209656238555908,1
0.07898353040218353,1
0.14008311927318573,1
0.11274367570877075,1
0.12363575398921967,1
0.08506117016077042,1
0.09653078019618988,1
0.3010401129722595,1
0.10116393119096756,1
0.12625432014465332,1
0.10950131714344025,1
0.3405497074127197,1
0.14711081981658936,1
0.04150397330522537,1
0.22132174670696259,1
0.11166258156299591,1
0.10582888871431351,1
0.11855217069387436,1
0.12398743629455566,1
0.10432612895965576,1
0.3401600122451782,1
0.1704167276620865,1
0.12287651002407074,1
0.13149480521678925,1
0.07148852199316025,1
0.17910926043987274,1
0.2625563442707062,1
0.13801714777946472,1
0.2622870206832886,1
0.2099107801914215,1
0.11549777537584305,1
0.1113077700138092,1
0.11082575470209122,1
0.13938839733600616,1
0.07827337831258774,1
0.23262327909469604,1
0.12575934827327728,1
0.22768303751945496,1
0.1301719695329666,1
0.07410263270139694,1
0.07012216746807098,1
0.23516514897346497,1
0.21556320786476135,1
0.14288067817687988,1
0.3076007068157196,1
0.08917571604251862,1
0.2694300413131714,1
0.32791584730148315,1
0.12160031497478485,1
0.11599653214216232,1
0.14387236535549164,1
0.2394952028989792,1
0.1322101205587387,1
0.11916952580213547,1
0.1540140062570572,1
0.26779764890670776,1
0.1393352597951889,1
0.23821568489074707,1
0.20667770504951477,1
0.14603394269943237,1
0.11242319643497467,1
0.15351185202598572,1
0.11527898162603378,1
0.14154788851737976,1
0.4495238661766052,1
0.22103725373744965,1
0.16388386487960815,1
0.11481662094593048,1
0.10457970201969147,1
0.08190250396728516,1
0.3781062364578247,1
0.12113800644874573,1
0.05241977423429489,1
0.042097389698028564,1
0.2347988486289978,1
0.07000381499528885,1
0.14583361148834229,1
0.16293089091777802,1
0.13522380590438843,1
0.09985414147377014,1
0.19828177988529205,1
0.2033768594264984,1
0.1447327733039856,1
0.14676547050476074,1
0.06889735162258148,1
0.17086492478847504,1
0.08930182456970215,1
0.0659666433930397,1
0.09905295819044113,1
0.16823504865169525,1
0.19234168529510498,1
0.10395796597003937,1
0.09734202921390533,1
0.14013807475566864,1
0.1922784149646759,1
0.1977107971906662,1
0.2170897126197815,1
0.1231740266084671,1
0.0823473185300827,1
0.1485670655965805,1
0.21092480421066284,1
0.12647855281829834,1
0.3388969898223877,1
0.10142504423856735,1
0.083475261926651,1
0.08405204117298126,1
0.15683452785015106,1
0.36489200592041016,1
0.1631443202495575,1
0.04546542465686798,1
0.32307523488998413,1
0.12301046401262283,1
0.2517484724521637,1
0.4057692289352417,1
0.1524255871772766,1
0.06498824059963226,1
0.0996476337313652,1
0.09623938053846359,1
0.251574844121933,1
0.059961967170238495,1
0.1257866621017456,1
0.11284418404102325,1
0.14814749360084534,1
0.2171783298254013,1
0.09459302574396133,1
0.20224234461784363,1
0.1563146710395813,1
0.10116096585988998,1
0.26653197407722473,1
0.12667658925056458,1
0.15153564512729645,1
0.1217028796672821,1
0.03681134432554245,1
0.10879328846931458,1
0.1016291156411171,1
0.07333798706531525,1
0.13955330848693848,1
0.14065326750278473,1
0.1319258213043213,1
0.08073775470256805,1
0.39543280005455017,1
0.11954719573259354,1
0.20568522810935974,1
0.1392139047384262,1
0.2067795693874359,1
0.14805635809898376,1
0.06285134702920914,1
0.22356700897216797,1
0.1527155339717865,1
0.09726555645465851,1
0.15562650561332703,1
0.1107325479388237,1
0.07898598164319992,1
0.09511527419090271,1
0.06528126448392868,1
0.06962050497531891,1
0.08777616173028946,1
0.24054503440856934,1
0.22493025660514832,1
0.47688519954681396,1
0.1849694550037384,1
0.33250585198402405,1
0.11020539700984955,1
0.13109545409679413,1
0.29026949405670166,1
0.10460183769464493,1
0.09119117259979248,1
0.19676125049591064,1
0.1779482662677765,1
0.45230281352996826,1
0.19460543990135193,1
0.23624788224697113,1
0.1066131666302681,1
0.08557173609733582,1
0.23642411828041077,1
0.25463369488716125,1
0.25696784257888794,1
0.1520186811685562,1
0.23129606246948242,1
0.13609322905540466,1
0.20034044981002808,1
0.2842836380004883,1
0.12331448495388031,1
0.11864783614873886,1
0.09154900163412094,1
0.07201199978590012,1
0.08546780794858932,1
0.08875936269760132,1
0.08499839156866074,1
0.40092429518699646,1
0.17117799818515778,1
0.1994074285030365,1
0.0708232894539833,1
0.1382860541343689,1
0.14194342494010925,1
0.1957857608795166,1
0.034855812788009644,1
0.2111983597278595,1
0.1700100153684616,1
0.09618392586708069,1
0.19444090127944946,1
0.1693701148033142,1
0.09739526361227036,1
0.30673977732658386,1
0.17225703597068787,1
0.20266634225845337,1
0.1846543699502945,1
0.2873440980911255,1
0.21336965262889862,1
0.13069206476211548,1
0.17167359590530396,1
0.12522278726100922,1
0.17973381280899048,1
0.20315635204315186,1
0.24890358746051788,1
0.1059332862496376,1
0.24535563588142395,1
0.1805398017168045,1
0.0918075442314148,1
0.06710553914308548,1
0.30869805812835693,1
0.11005294322967529,1
0.11117655783891678,1
0.2894640862941742,1
0.19473055005073547,1
0.12263727188110352,1
0.21429544687271118,1
0.27312171459198,1
0.15083636343479156,1
0.08330453932285309,1
0.19687429070472717,1
0.27529117465019226,1
0.14744001626968384,1
0.07627972215414047,1
0.07777062803506851,1
0.09804768860340118,1
0.05380459874868393,1
0.10416373610496521,1
0.1396269053220749,1
0.1404157280921936,1
0.10453727841377258,1
0.12300576269626617,1
0.07020151615142822,1
0.12130990624427795,1
0.08143902570009232,1
0.0786689966917038,1
0.16242113709449768,1
0.12273803353309631,1
0.25610578060150146,1
0.15737169981002808,1
0.1992778778076172,1
0.1871642768383026,1
0.12414907664060593,1
0.12513016164302826,1
0.10676999390125275,1
0.11905021965503693,1
0.2373059093952179,1
0.061526551842689514,1
0.11417136341333389,1
0.19972170889377594,1
0.11201772838830948,1
0.23580753803253174,1
0.10687410086393356,1
0.079139843583107,1
0.17234233021736145,1
0.14864510297775269,1
0.06127781420946121,1
0.0998549610376358,1
0.1240023672580719,1
0.15125514566898346,1
0.08009348064661026,1
0.10228681564331055,1
0.06504758447408676,1
0.2529258131980896,1
0.08258149772882462,1
0.37510988116264343,1
0.11098779737949371,1
0.11402854323387146,1
0.11854003369808197,1
0.20594102144241333,1
0.10052978247404099,1
0.20536690950393677,1
0.2848076820373535,1
0.12506814301013947,1
0.20210382342338562,1
0.19302451610565186,1
0.15128815174102783,1
0.13477694988250732,1
0.17769575119018555,1
0.12903781235218048,1
0.11655578017234802,1
0.10490215569734573,1
0.15950244665145874,1
0.17099907994270325,1
0.09017373621463776,1
0.24023126065731049,1
0.14178529381752014,1
0.0736299380660057,1
0.14286281168460846,1
0.0935872420668602,1
0.08082161843776703,1
0.12566600739955902,1
0.16464532911777496,1
0.078800268471241,1
0.17995765805244446,1
0.22132927179336548,1
0.17207565903663635,1
0.132337287068367,1
0.0894632339477539,1
0.24581143260002136,1
0.27256351709365845,1
0.17142075300216675,1
0.14986400306224823,1
0.0653575211763382,1
0.13698525726795197,1
0.0807342678308487,1
0.0765649825334549,1
0.14620116353034973,1
0.15121889114379883,1
0.13091914355754852,1
0.0885264053940773,1
0.10023298114538193,1
0.07967181503772736,1
0.08433802425861359,1
0.19935952126979828,1
0.07693873345851898,1
0.14003273844718933,1
0.11640460789203644,1
0.08367712795734406,1
0.1747756004333496,1
0.12346909940242767,1
0.21606852114200592,1
0.274464875459671,1
0.116969034075737,1
0.11332960426807404,1
0.18915215134620667,1
0.06929007172584534,1
0.04955410212278366,1
0.3506523370742798,1
0.0960492193698883,1
0.18786858022212982,1
0.13178491592407227,1
0.23535625636577606,1
0.1775844693183899,1
0.14840233325958252,1
0.17771227657794952,1
0.17255675792694092,1
0.19444136321544647,1
0.03797824680805206,1
0.1609223186969757,1
0.10926215350627899,1
0.14784198999404907,1
0.21321937441825867,1
0.1145024374127388,1
0.20343488454818726,1
0.2379164844751358,1
0.20720508694648743,1
0.18407666683197021,1
0.21351268887519836,1
0.06992517411708832,1
0.171427920460701,1
0.24328896403312683,1
0.08034913241863251,1
0.06832987070083618,1
0.09956230223178864,1
0.05869298055768013,1
0.20646347105503082,1
0.23163801431655884,1
0.10345885902643204,1
0.2016572505235672,1
0.07811694592237473,1
0.1401267945766449,1
0.16131439805030823,1
0.118451327085495,1
0.14193591475486755,1
0.31899863481521606,1
0.07501117885112762,1
0.11882930994033813,1
0.1083778664469719,1
0.22634732723236084,1
0.1674010008573532,1
0.0665663555264473,1
0.16777805984020233,1
0.2177918702363968,1
0.1336117386817932,1
0.21699899435043335,1
0.14953933656215668,1
0.18405400216579437,1
0.318206787109375,1
0.13999095559120178,1
0.17302054166793823,1
0.14255036413669586,1
0.30608320236206055,1
0.13465479016304016,1
0.18726640939712524,1
0.10501006990671158,1
0.23185621201992035,1
0.2843037247657776,1
0.23300263285636902,1
0.24088001251220703,1
0.09137129038572311,1
0.059279244393110275,1
0.2515016198158264,1
0.13343021273612976,1
0.10640053451061249,1
0.2640725374221802,1
0.16012130677700043,1
0.11040326952934265,1
0.10378443449735641,1
0.1776796579360962,1
0.29845044016838074,1
0.13455817103385925,1
0.22594767808914185,1
0.12830278277397156,1
0.08500295877456665,1
0.27047738432884216,1
0.09554551541805267,1
0.0734531581401825,1
0.15600547194480896,1
0.1848699003458023,1
0.22210030257701874,1
0.1204683929681778,1
0.2661237120628357,1
0.1507478952407837,1
0.10549971461296082,1
0.05860958248376846,1
0.2159481942653656,1
0.1980402022600174,1
0.10651803761720657,1
0.10601246356964111,1
0.05786314234137535,1
0.19511036574840546,1
0.07787048816680908,1
0.2539553642272949,1
0.08353809267282486,1
0.06842587888240814,1
0.06568722426891327,1
0.2527614235877991,1
0.24822843074798584,1
0.15235461294651031,1
0.21278254687786102,1
0.13272105157375336,1
0.18078240752220154,1
0.2251383364200592,1
0.11193598061800003,1
0.10704967379570007,1
0.1675434410572052,1
0.07281675934791565,1
0.01854482665657997,1
0.17346540093421936,1
0.14827761054039001,1
0.13160263001918793,1
0.060200612992048264,1
0.22736713290214539,1
0.1289367377758026,1
0.19833773374557495,1
0.24074991047382355,1
0.2375291883945465,1
0.15052512288093567,1
