0.08328551799058914,1
0.2154332846403122,1
0.08346744626760483,1
0.39080965518951416,1
0.11155856400728226,1
0.10536886006593704,1
0.1535537838935852,1
0.060732632875442505,1
0.06415102630853653,1
0.056468166410923004,1
0.05045042186975479,1
0.17826594412326813,1
0.1667625606060028,1
0.09108177572488785,1
0.10289321839809418,1
0.11310850083827972,1
0.2240387201309204,1
0.051282722502946854,1
0.06500272452831268,1
0.13341408967971802,1
0.11164471507072449,1
0.15134522318840027,1
0.1649533361196518,1
0.06670935451984406,1
0.17759303748607635,1
0.2187509536743164,1
0.25337889790534973,1
0.1139543280005455,1
0.11056263744831085,1
0.033447545021772385,1
0.15637199580669403,1
0.12050415575504303,1
0.19861972332000732,1
0.07538143545389175,1
0.1009485125541687,1
0.1623275876045227,1
0.10668903589248657,1
0.1156049594283104,1
0.12604913115501404,1
0.06880062818527222,1
0.06438806653022766,1
0.07221976667642593,1
0.05854589119553566,1
0.03350941836833954,1
0.0731474980711937,1
0.06618113070726395,1
0.15023106336593628,1
0.2161298394203186,1
0.10945636034011841,1
0.14087817072868347,1
0.05300233140587807,1
0.2679227888584137,1
0.07910805940628052,1
0.09429655224084854,1
0.0801796168088913,1
0.042759958654642105,1
0.1069430261850357,1
0.09667583554983139,1
0.16217368841171265,1
0.13783445954322815,1
0.04720437154173851,1
0.09214020520448685,1
0.053463589400053024,1
0.13311290740966797,1
0.18494075536727905,1
0.19011662900447845,1
0.07293152809143066,1
0.08517089486122131,1
0.06365878880023956,1
0.09610570967197418,1
0.06739987432956696,1
0.046746619045734406,1
0.09111835062503815,1
0.08914843201637268,1
0.18413034081459045,1
0.13904567062854767,1
0.1633676290512085,1
0.040166400372982025,1
0.15745490789413452,1
0.18337798118591309,1
0.13811233639717102,1
0.16235032677650452,1
0.3588779866695404,1
0.06995698064565659,1
0.15303653478622437,1
0.31468531489372253,1
0.14064538478851318,1
0.10472762584686279,1
0.04951712116599083,1
0.07577013224363327,1
0.10674043744802475,1
0.03760964423418045,1
0.02399400807917118,1
0.054041843861341476,1
0.1194356307387352,1
0.12956203520298004,1
0.03472740203142166,1
0.1003510057926178,1
0.08234083652496338,1
0.07340019196271896,1
0.03875867277383804,1
0.08181891590356827,1
0.2709561586380005,1
0.03549830615520477,1
0.16751281917095184,1
0.0464375875890255,1
0.05732516944408417,1
0.21897345781326294,1
0.1394554078578949,1
0.08899278193712234,1
0.059547606855630875,1
0.1142510250210762,1
0.11191435903310776,1
0.17790979146957397,1
0.14706604182720184,1
0.09203605353832245,1
0.10736451297998428,1
0.10965381562709808,1
0.18247102200984955,1
0.043571919202804565,1
0.0488850399851799,1
0.17413252592086792,1
0.07134422659873962,1
0.05130239203572273,1
0.08057558536529541,1
0.12240669876337051,1
0.1225796788930893,1
0.10610750317573547,1
0.0872175544500351,1
0.14123347401618958,1
0.4365686774253845,1
0.06911444664001465,1
0.09249886125326157,1
0.1668258011341095,1
0.07919719815254211,1
0.14489999413490295,1
0.08541125059127808,1
0.05983395874500275,1
0.15506885945796967,1
0.0869693011045456,1
0.03368207439780235,1
0.026523245498538017,1
0.0997111052274704,1
0.07914666831493378,1
0.12399279326200485,1
0.0893663614988327,1
0.2855484187602997,1
0.17687475681304932,1
0.16909310221672058,1
0.06453786790370941,1
0.17336010932922363,1
0.030249686911702156,1
0.30416131019592285,1
0.1839803159236908,1
0.03849794715642929,1
0.04941563308238983,1
0.18420913815498352,1
0.09332485496997833,1
0.2052011638879776,1
0.12666866183280945,1
0.18422286212444305,1
0.1169019341468811,1
0.07055594027042389,1
0.17562058568000793,1
0.10717640072107315,1
0.1454441249370575,1
0.09426897764205933,1
0.14167091250419617,1
0.09384504705667496,1
0.07370087504386902,1
0.11603245139122009,1
0.1080535352230072,1
0.06809909641742706,1
0.1621628999710083,1
0.09438847005367279,1
0.10269755125045776,1
0.20756252110004425,1
0.22322838008403778,1
0.2581401467323303,1
0.08913598209619522,1
0.051510248333215714,1
0.14714370667934418,1
0.19069279730319977,1
0.12037042528390884,1
0.12080635130405426,1
0.0888696163892746,1
0.1715361624956131,1
0.21767255663871765,1
0.3294038772583008,1
0.03386406973004341,1
0.10149190574884415,1
0.14647485315799713,1
0.09962797164916992,1
0.07431098818778992,1
0.05230427533388138,1
0.0662461668252945,1
0.21392187476158142,1
0.08353757858276367,1
0.21752329170703888,1
0.1165037751197815,1
0.06611119210720062,1
0.11004825681447983,1
0.15818798542022705,1
0.07176247984170914,1
0.05830058827996254,1
0.10898149013519287,1
0.12680462002754211,1
0.08874745666980743,1
0.13532185554504395,1
0.1189020499587059,1
0.10885367542505264,1
0.09308332204818726,1
0.026834554970264435,1
0.15789063274860382,1
0.09247632324695587,1
0.06699972599744797,1
0.10263894498348236,1
0.03358091786503792,1
0.23723453283309937,1
0.23997902870178223,1
0.12500789761543274,1
0.07154710590839386,1
0.0462515614926815,1
0.05339523032307625,1
0.14607131481170654,1
0.18450193107128143,1
0.11919985711574554,1
0.14612765610218048,1
0.05232677608728409,1
0.2164631336927414,1
0.13886019587516785,1
0.284512996673584,1
0.14710284769535065,1
0.34778812527656555,1
0.24957771599292755,1
0.03009118139743805,1
0.08707024157047272,1
0.12755239009857178,1
0.04743498936295509,1
0.11483391374349594,1
0.08229953795671463,1
0.15378932654857635,1
0.08126966655254364,1
0.18040399253368378,1
0.24648094177246094,1
0.04835820943117142,1
0.08942769467830658,1
0.05321511626243591,1
0.10261604189872742,1
0.18943245708942413,1
0.21226420998573303,1
0.10068799555301666,1
0.09390126913785934,1
0.05572764202952385,1
0.08859609067440033,1
0.08610440790653229,1
0.0665942057967186,1
0.09361796826124191,1
0.17273427546024323,1
0.2725941240787506,1
0.06669128686189651,1
0.047274328768253326,1
0.1314602494239807,1
0.14885111153125763,1
0.12601584196090698,1
0.3838314712047577,1
0.040823884308338165,1
0.053457483649253845,1
0.13548767566680908,1
0.1395367980003357,1
0.09010317921638489,1
0.04095623269677162,1
0.1666036993265152,1
0.14333988726139069,1
0.0877896100282669,1
0.0694829672574997,1
0.0791507139801979,1
0.13625958561897278,1
0.21225236356258392,1
0.04210098087787628,1
0.10188694298267365,1
0.03890997916460037,1
0.19497498869895935,1
0.13001760840415955,1
0.06685423851013184,1
0.016239555552601814,1
0.1744217872619629,1
0.15523827075958252,1
0.03452317416667938,1
0.09083420038223267,1
0.08803076297044754,1
0.11535564810037613,1
0.21182595193386078,1
0.08892099559307098,1
0.07539819926023483,1
0.12318369746208191,1
0.11448437720537186,1
0.05896879732608795,1
0.1675063669681549,1
0.12332072854042053,1
0.018071265891194344,1
0.1792254000902176,1
0.2033788114786148,1
0.40141618251800537,1
0.10919824242591858,1
0.06873919814825058,1
0.10326087474822998,1
0.10334184020757675,1
0.10078859329223633,1
0.1316506564617157,1
0.17550724744796753,1
0.09916698932647705,1
0.16451799869537354,1
0.07415447384119034,1
0.23767080903053284,1
0.0833054706454277,1
0.09452682733535767,1
0.14184924960136414,1
0.05149417370557785,1
0.10357314348220825,1
0.14210441708564758,1
0.07698364555835724,1
0.10092610865831375,1
0.059762272983789444,1
0.1106186956167221,1
0.059392981231212616,1
0.0781450867652893,1
0.1387239694595337,1
0.04471008479595184,1
0.04950930178165436,1
0.16658776998519897,1
0.10219714790582657,1
0.2198604792356491,1
0.09501975029706955,1
0.1410362273454666,1
0.14290450513362885,1
0.07441582530736923,1
0.05212418735027313,1
0.2562353312969208,1
0.1327296495437622,1
0.12962083518505096,1
0.15549969673156738,1
0.12003106623888016,1
0.08738785982131958,1
0.1128695160150528,1
0.07479088008403778,1
0.10983046889305115,1
0.07906173169612885,1
0.1224546730518341,1
0.02857246994972229,1
0.0674123466014862,1
0.07965108007192612,1
0.16065120697021484,1
0.16199269890785217,1
0.1226867139339447,1
0.12167792022228241,1
0.14041616022586823,1
0.05794662982225418,1
0.07052589952945709,1
0.15313802659511566,1
0.14713925123214722,1
0.024809356778860092,1
0.11758546531200409,1
0.11458146572113037,1
0.07883097231388092,1
0.03830059617757797,1
0.12202614545822144,1
0.023760955780744553,1
0.13631728291511536,1
0.08442199230194092,1
0.031110676005482674,1
0.06120821088552475,1
0.1831815540790558,1
0.018160901963710785,1
0.0167238712310791,1
0.12361013889312744,1
0.07330118119716644,1
0.038364604115486145,1
0.10463373363018036,1
0.17383386194705963,1
0.18202553689479828,1
0.1552371084690094,1
0.13192154467105865,1
0.11831964552402496,1
0.14791357517242432,1
0.13646115362644196,1
0.16135826706886292,1
0.09611792117357254,1
0.10691667348146439,1
0.12719881534576416,1
0.11123225837945938,1
0.05363485962152481,1
0.25478366017341614,1
0.03510379046201706,1
0.12987187504768372,1
0.23319357633590698,1
0.07654966413974762,1
0.07461169362068176,1
0.18574175238609314,1
0.11588408052921295,1
0.03947087749838829,1
0.16337311267852783,1
0.10030311346054077,1
0.09498124569654465,1
0.10348213464021683,1
0.13512417674064636,1
0.13702069222927094,1
0.20314724743366241,1
0.06644561886787415,1
0.07620081305503845,1
0.062206439673900604,1
0.10534629970788956,1
0.060426995158195496,1
0.05047828331589699,1
0.07480575144290924,1
0.12563243508338928,1
0.1276414394378662,1
0.19910025596618652,1
0.15809792280197144,1
0.02487163245677948,1
0.06009942293167114,1
0.09339582175016403,1
0.03562607988715172,1
0.1730901300907135,1
0.02993779629468918,1
0.09712040424346924,1
0.11153295636177063,1
0.0498538613319397,1
0.05825849622488022,1
0.06339628249406815,1
0.09707238525152206,1
0.04190273582935333,1
0.23092740774154663,1
0.13701875507831573,1
0.10994938760995865,1
0.09323108196258545,1
0.15700043737888336,1
0.06858382374048233,1
0.06239570677280426,1
0.1486303061246872,1
0.09655314683914185,1
0.014984792098402977,1
0.2850845456123352,1
0.10614891350269318,1
0.03309245407581329,1
0.10008364915847778,1
0.10909783840179443,1
0.05490512400865555,1
0.16567093133926392,1
0.12838323414325714,1
0.14338168501853943,1
0.07339121401309967,1
0.14161571860313416,1
0.019936876371502876,1
0.08051909506320953,1
0.040024932473897934,1
0.20758184790611267,1
0.03355686366558075,1
0.04753236845135689,1
0.11088523268699646,1
0.09872767329216003,1
0.09190342575311661,1
0.17079854011535645,1
0.09141475707292557,1
0.13301944732666016,1
0.07260085642337799,1
0.0809139758348465,1
0.1722089797258377,1
0.13533324003219604,1
0.02950519137084484,1
0.026453480124473572,1
0.13034707307815552,1
0.14477995038032532,1
0.1452532410621643,1
0.1221163421869278,1
0.30238428711891174,1
0.04956351965665817,1
0.1817931979894638,1
0.07340584695339203,1
0.08275914192199707,1
0.08310297131538391,1
0.06779058277606964,1
0.0969555601477623,1
0.22027629613876343,1
0.07482505589723587,1
0.1582794189453125,1
0.1506083458662033,1
0.07977592945098877,1
0.10643583536148071,1
0.01806517131626606,1
0.057956963777542114,1
0.18097051978111267,1
0.06219864264130592,1
0.188398540019989,1
0.15403549373149872,1
0.04834998399019241,1
0.07293987274169922,1
0.052610594779253006,1
0.09753262996673584,1
0.041828032582998276,1
0.08794967085123062,1
0.07770092785358429,1
0.19181010127067566,1
0.12308843433856964,1
0.08160976320505142,1
0.024955887347459793,1
0.06551499664783478,1
0.2465144693851471,1
0.011330300942063332,1
0.12214541435241699,1
0.13077516853809357,1
0.115656778216362,1
0.17145375907421112,1
0.0709151029586792,1
0.07169196754693985,1
0.27015191316604614,1
0.0814366340637207,1
0.06433326005935669,1
0.046104904264211655,1
0.02818523347377777,1
0.027105379849672318,1
0.03682166337966919,1
0.16551685333251953,1
0.18122418224811554,1
0.14385567605495453,1
0.23995785415172577,1
0.08374778926372528,1
0.09287073463201523,1
0.22361408174037933,1
0.047750964760780334,1
0.05283370986580849,1
0.07241963595151901,1
0.13747654855251312,1
0.11635206639766693,1
0.11186422407627106,1
0.18347379565238953,1
0.10555616766214371,1
0.041283875703811646,1
0.1642935574054718,1
0.09233377873897552,1
0.071079783141613,1
0.28229057788848877,1
0.1143542006611824,1
0.10429958999156952,1
0.18920788168907166,1
0.10617348551750183,1
0.0795593410730362,1
0.12931789457798004,1
0.1029244065284729,1
0.105223648250103,1
0.0604630708694458,1
0.24691173434257507,1
0.0828140377998352,1
0.06274043768644333,1
0.1849861443042755,1
0.1255793422460556,1
0.11681496351957321,1
0.04318331554532051,1
0.13692519068717957,1
0.18291622400283813,1
0.09127029776573181,1
0.11030838638544083,1
0.16137947142124176,1
0.09516894817352295,1
0.18185347318649292,1
0.03330202400684357,1
0.10684490203857422,1
0.15280701220035553,1
0.16674873232841492,1
0.09096142649650574,1
0.06529711931943893,1
0.10628725588321686,1
0.22539076209068298,1
0.1550600230693817,1
0.06287262588739395,1
0.11409855633974075,1
0.13577070832252502,1
0.25469768047332764,1
0.07352763414382935,1
0.14676186442375183,1
0.23562495410442352,1
0.2002735286951065,1
0.07265164703130722,1
0.1541513353586197,1
0.08435702323913574,1
0.1294100433588028,1
0.10755614936351776,1
0.1403522789478302,1
0.11804012209177017,1
0.0962638109922409,1
0.1253475844860077,1
0.09514788538217545,1
0.2584431767463684,1
0.04735637456178665,1
0.19745269417762756,1
0.23415809869766235,1
0.07175426185131073,1
0.07414236664772034,1
0.08709555864334106,1
0.06360040605068207,1
0.10907793790102005,1
0.12681736052036285,1
0.15403413772583008,1
0.10469397902488708,1
0.11432332545518875,1
0.05875349044799805,1
0.13720475137233734,1
0.15216362476348877,1
0.1598062813282013,1
0.17922578752040863,1
0.06143613159656525,1
0.26949411630630493,1
0.2193121761083603,1
0.25212979316711426,1
0.021149635314941406,1
0.15940254926681519,1
0.0746508538722992,1
0.1482379138469696,1
0.04578901827335358,1
0.18993663787841797,1
0.14602112770080566,1
0.18729892373085022,1
0.05681328475475311,1
0.0546177476644516,1
0.025519877672195435,1
0.11235694587230682,1
0.13795697689056396,1
0.1138969212770462,1
0.16754314303398132,1
0.070370152592659,1
0.05327754095196724,1
0.10938979685306549,1
0.08995156735181808,1
0.09146459400653839,1
0.059175167232751846,1
0.2874816060066223,1
0.16850437223911285,1
0.0679558515548706,1
0.12134183198213577,1
0.09352049231529236,1
0.11502499878406525,1
0.05738647282123566,1
0.1298074871301651,1
0.22023676335811615,1
0.06211278960108757,1
0.10984191298484802,1
0.16313804686069489,1
0.12993112206459045,1
0.05951976403594017,1
0.2595064640045166,1
0.04529868811368942,1
0.14204645156860352,1
0.1436697393655777,1
0.0382915697991848,1
0.1902265101671219,1
0.11249058693647385,1
0.13707786798477173,1
0.09999507665634155,1
0.18170265853405,1
0.04924502968788147,1
0.10601045191287994,1
0.049995727837085724,1
0.03898521885275841,1
0.1648007035255432,1
0.16148529946804047,1
0.0308547280728817,1
0.13682417571544647,1
0.06796720623970032,1
0.27120479941368103,1
0.09883008897304535,1
0.10417234897613525,1
0.04640636965632439,1
0.10934870690107346,1
0.1323392689228058,1
0.08791129291057587,1
0.14179977774620056,1
0.0670204609632492,1
0.04442177712917328,1
0.2320585399866104,1
0.09594549238681793,1
0.06018076837062836,1
0.10860282182693481,1
0.11060751974582672,1
0.10713255405426025,1
0.09561484307050705,1
0.04299810156226158,1
0.15428775548934937,1
0.12703680992126465,1
0.029943717643618584,1
0.17548835277557373,1
0.10396435111761093,1
0.09599732607603073,1
0.06439807265996933,1
0.11377324908971786,1
0.18155156075954437,1
0.1407470852136612,1
0.1570497751235962,1
0.12296415120363235,1
0.25671112537384033,1
0.13446000218391418,1
0.10583965480327606,1
0.09854771196842194,1
0.07898811250925064,1
0.18046532571315765,1
0.07993888109922409,1
0.058115653693675995,1
0.12186315655708313,1
0.0815516784787178,1
0.06191658228635788,1
0.017072126269340515,1
0.11789971590042114,1
0.0889488235116005,1
0.12009523063898087,1
0.07804424315690994,1
0.1382860392332077,1
0.14242905378341675,1
0.028296679258346558,1
0.07587052881717682,1
0.056589506566524506,1
0.09727296233177185,1
0.10804592818021774,1
0.08159157633781433,1
0.04235943406820297,1
0.14370395243167877,1
0.05392353981733322,1
0.09885347634553909,1
0.12867335975170135,1
0.04188363626599312,1
0.08240862935781479,1
0.10613143444061279,1
0.14350171387195587,1
0.10968168079853058,1
0.16238293051719666,1
0.09256607294082642,1
0.21235248446464539,1
0.03156302124261856,1
0.21611909568309784,1
0.191268652677536,1
0.07916806638240814,1
0.26215147972106934,1
0.15907883644104004,1
0.26007887721061707,1
0.1835402101278305,1
0.28135445713996887,1
0.09633124619722366,1
0.08605896681547165,1
0.05174924060702324,1
0.1590113341808319,1
0.08643408119678497,1
0.039709869772195816,1
0.1429525911808014,1
0.08109813928604126,1
0.0651780441403389,1
0.06597572565078735,1
0.167420893907547,1
0.08798066526651382,1
0.17799296975135803,1
0.08853963762521744,1
0.08897417038679123,1
0.1428946554660797,1
0.033689722418785095,1
0.18255223333835602,1
0.126997709274292,1
0.07434794306755066,1
0.11900211870670319,1
0.04275814816355705,1
0.2078104466199875,1
0.13840828835964203,1
0.04695136845111847,1
0.09929711371660233,1
0.031197747215628624,1
0.11978210508823395,1
0.1656520962715149,1
0.11326631903648376,1
0.1836666315793991,1
0.05063088983297348,1
0.129433736205101,1
0.04455097019672394,1
0.02765573561191559,1
0.18266944587230682,1
0.09342634677886963,1
0.07629110664129257,1
0.11182337999343872,1
0.0757838562130928,1
0.15230926871299744,1
0.06780029833316803,1
0.06416163593530655,1
0.07912038266658783,1
0.03563664108514786,1
0.061829574406147,1
0.05972830951213837,1
0.172662615776062,1
0.06810098141431808,1
0.04259319603443146,1
0.09709854423999786,1
0.0752667635679245,1
0.03596481308341026,1
0.0832519680261612,1
0.08960149437189102,1
0.19393527507781982,1
0.09687521308660507,1
0.16618496179580688,1
0.29252463579177856,1
0.04067325219511986,1
0.030790353193879128,1
0.11862744390964508,1
0.12792429327964783,1
0.07797320187091827,1
0.16566690802574158,1
0.028898656368255615,1
0.12278001010417938,1
0.11499474197626114,1
0.21982447803020477,1
0.09060382843017578,1
0.12467319518327713,1
0.15868975222110748,1
0.12248630076646805,1
0.12850944697856903,1
0.3326931297779083,1
0.1067250594496727,1
0.07535368949174881,1
0.06172267720103264,1
0.20515187084674835,1
0.20288589596748352,1
0.06907777488231659,1
0.1725594848394394,1
0.09551049023866653,1
0.13372592628002167,1
0.06969089806079865,1
0.0932009369134903,1
0.1311296820640564,1
0.15137049555778503,1
0.0548478439450264,1
0.10449191182851791,1
0.20469336211681366,1
0.02113906666636467,1
0.15677626430988312,1
0.1818809062242508,1
0.1262567788362503,1
0.06923845410346985,1
0.14345332980155945,1
0.24965506792068481,1
0.06029695272445679,1
0.1384589970111847,1
0.05694849416613579,1
0.21029885113239288,1
0.05148538947105408,1
0.07838647812604904,1
0.10682708770036697,1
0.04036471247673035,1
0.08732006698846817,1
0.05036967247724533,1
0.06630919873714447,1
0.15850713849067688,1
0.13567692041397095,1
0.1882631927728653,1
0.06119060516357422,1
0.08479899168014526,1
0.16474087536334991,1
0.05846317112445831,1
0.09576857835054398,1
0.2505458891391754,1
0.17893196642398834,1
0.07610192894935608,1
0.07080261409282684,1
0.049583353102207184,1
0.09593173116445541,1
0.10858899354934692,1
0.052512556314468384,1
0.06189265102148056,1
0.16592168807983398,1
0.05230245739221573,1
0.04714436084032059,1
0.08555637300014496,1
0.06689048558473587,1
0.04645901173353195,1
0.05043087899684906,1
0.2096845507621765,1
0.2124931663274765,1
0.07270859181880951,1
0.0560692697763443,1
0.13198713958263397,1
0.09107470512390137,1
0.026547737419605255,1
0.07708131521940231,1
0.10453754663467407,1
0.13974225521087646,1
0.08612069487571716,1
0.10631696879863739,1
0.1835586428642273,1
0.1268177181482315,1
0.10045462846755981,1
0.1459645926952362,1
0.11593400686979294,1
0.06289815157651901,1
0.11069884896278381,1
0.07613793015480042,1
0.13549305498600006,1
0.09049896150827408,1
0.22512613236904144,1
0.12484536319971085,1
0.20530809462070465,1
0.17250275611877441,1
0.19130583107471466,1
0.07514290511608124,1
0.19012191891670227,1
0.03266463056206703,1
0.0687720775604248,1
0.1168416365981102,1
0.08554939180612564,1
0.19870956242084503,1
0.037929318845272064,1
0.1038796454668045,1
0.1116616278886795,1
0.10209391266107559,1
0.14724183082580566,1
0.25503021478652954,1
0.06240750849246979,1
0.10048124194145203,1
0.08771415054798126,1
0.10277208685874939,1
0.04141267016530037,1
0.06892269849777222,1
0.06928300857543945,1
0.027876004576683044,1
0.04774552956223488,1
0.13602560758590698,1
0.07092808187007904,1
0.22294780611991882,1
0.07405804842710495,1
0.14841777086257935,1
0.07475928962230682,1
0.07058597356081009,1
0.22209838032722473,1
0.09623231738805771,1
0.2402670979499817,1
0.07817190885543823,1
0.07880869507789612,1
0.06746236234903336,1
0.040055979043245316,1
