0.2897442877292633,1
0.33751246333122253,1
0.1058463454246521,1
0.12780660390853882,1
0.37351810932159424,1
0.20157340168952942,1
0.23315176367759705,1
0.21097995340824127,1
0.18770800530910492,1
0.257050484418869,1
0.3527735471725464,1
0.20742037892341614,1
0.2571081519126892,1
0.3107753396034241,1
0.2557402551174164,1
0.18188931047916412,1
0.22679689526557922,1
0.33529773354530334,1
0.23983348906040192,1
0.22898830473423004,1
0.19540607929229736,1
0.19736933708190918,1
0.3964993357658386,1
0.18152011930942535,1
0.3415651023387909,1
0.14264963567256927,1
0.4853464961051941,1
0.2234121412038803,1
0.28434881567955017,1
0.33652207255363464,1
0.15600311756134033,1
0.186239093542099,1
0.31299883127212524,1
0.2174929678440094,1
0.36089518666267395,1
0.260336309671402,1
0.33532360196113586,1
0.19660013914108276,1
0.2379664182662964,1
0.1503993272781372,1
0.1379908174276352,1
0.3190595209598541,1
0.34752026200294495,1
0.3331349492073059,1
0.436948299407959,1
0.22399461269378662,1
0.19879025220870972,1
0.2669142484664917,1
0.4569256603717804,1
0.24182114005088806,1
0.7304077744483948,1
0.2862683832645416,1
0.17615783214569092,1
0.201700359582901,1
0.3443199694156647,1
0.28284287452697754,1
0.2671942114830017,1
0.21051941812038422,1
0.23414817452430725,1
0.24375997483730316,1
0.2148229479789734,1
0.24412429332733154,1
0.2509137690067291,1
0.20872056484222412,1
0.18777325749397278,1
0.3013722002506256,1
0.2346065789461136,1
0.2097201943397522,1
0.2630104422569275,1
0.278963565826416,1
0.37352216243743896,1
0.29100531339645386,1
0.25055623054504395,1
0.3474053144454956,1
0.2318035066127777,1
0.26500868797302246,1
0.1839388906955719,1
0.3135528564453125,1
0.15820422768592834,1
0.2228400707244873,1
0.14536377787590027,1
0.18591386079788208,1
0.34232670068740845,1
0.27077236771583557,1
0.2672966718673706,1
0.32516053318977356,1
0.31201744079589844,1
0.17901256680488586,1
0.2835177183151245,1
0.16943126916885376,1
0.27664148807525635,1
0.27864333987236023,1
0.15206411480903625,1
0.2405727207660675,1
0.3558538258075714,1
0.23490144312381744,1
0.2061901092529297,1
0.3056798279285431,1
0.24120229482650757,1
0.3851662278175354,1
0.2789679169654846,1
0.2805842161178589,1
0.26007238030433655,1
0.31341326236724854,1
0.2527921795845032,1
0.37214455008506775,1
0.17557869851589203,1
0.2530016303062439,1
0.15436238050460815,1
0.3955276608467102,1
0.22607485949993134,1
0.2650832533836365,1
0.13252711296081543,1
0.2167731374502182,1
0.3484713137149811,1
0.3090150058269501,1
0.2658146321773529,1
0.2495069056749344,1
0.17270009219646454,1
0.13422584533691406,1
0.25434941053390503,1
0.317707359790802,1
0.295074999332428,1
0.21371373534202576,1
0.2972014844417572,1
0.25709623098373413,1
0.20576491951942444,1
0.23817193508148193,1
0.28230568766593933,1
0.3176109790802002,1
0.1814015954732895,1
0.2077471911907196,1
0.24502763152122498,1
0.25508445501327515,1
0.22797368466854095,1
0.2145870476961136,1
0.24144193530082703,1
0.33284759521484375,1
0.1361856460571289,1
0.1542969048023224,1
0.16836309432983398,1
0.19461731612682343,1
0.07195934653282166,1
0.17639082670211792,1
0.1378086358308792,1
0.2941696047782898,1
0.11638309806585312,1
0.1836082488298416,1
0.20174244046211243,1
0.2264619767665863,1
0.17672519385814667,1
0.224764883518219,1
0.30667370557785034,1
0.13746775686740875,1
0.3271220922470093,1
0.3524477481842041,1
0.22092801332473755,1
0.3569446802139282,1
0.22280040383338928,1
0.20152199268341064,1
0.2751002609729767,1
0.26204049587249756,1
0.14818963408470154,1
0.20504793524742126,1
0.15493899583816528,1
0.20365303754806519,1
0.2234930396080017,1
0.16220806539058685,1
0.27838343381881714,1
0.2776375412940979,1
0.2767157554626465,1
0.34958168864250183,1
0.1144920140504837,1
0.2715691328048706,1
0.19770681858062744,1
0.21425583958625793,1
0.19922930002212524,1
0.1523701250553131,1
0.2188059687614441,1
0.35443007946014404,1
0.30486810207366943,1
0.22735606133937836,1
0.12602606415748596,1
0.16110900044441223,1
0.21192580461502075,1
0.26120591163635254,1
0.2257518321275711,1
0.2352963089942932,1
0.18020954728126526,1
0.3045022487640381,1
0.29159843921661377,1
0.25032201409339905,1
0.2783740758895874,1
0.23356865346431732,1
0.2757258713245392,1
0.3157939016819,1
0.34063297510147095,1
0.3600939214229584,1
0.2311384677886963,1
0.18833991885185242,1
0.18708235025405884,1
0.2260112762451172,1
0.18867279589176178,1
0.23204609751701355,1
0.20160561800003052,1
0.15537753701210022,1
0.43752187490463257,1
0.2112826406955719,1
0.18470363318920135,1
0.341794490814209,1
0.2020798623561859,1
0.13734331727027893,1
0.19046661257743835,1
0.26126357913017273,1
0.24572864174842834,1
0.18593744933605194,1
0.30196207761764526,1
0.33481279015541077,1
0.30599501729011536,1
0.20242492854595184,1
0.16793546080589294,1
0.20867475867271423,1
0.3823101818561554,1
0.240598663687706,1
0.13256661593914032,1
0.23725271224975586,1
0.2758238613605499,1
0.22962602972984314,1
0.1815689355134964,1
0.18847785890102386,1
0.18350335955619812,1
0.20743682980537415,1
0.20465630292892456,1
0.1623852550983429,1
0.19225238263607025,1
0.18838298320770264,1
0.20480698347091675,1
0.2257537543773651,1
0.3444426953792572,1
0.23769120872020721,1
0.2670654356479645,1
0.2232714295387268,1
0.26899945735931396,1
0.25436514616012573,1
0.2476198524236679,1
0.1824377477169037,1
0.22556403279304504,1
0.3382663130760193,1
0.18227341771125793,1
0.33012956380844116,1
0.13899166882038116,1
0.18346580862998962,1
0.22380106151103973,1
0.15733599662780762,1
0.32243072986602783,1
0.19822810590267181,1
0.16307595372200012,1
0.41539663076400757,1
0.2149328589439392,1
0.18702326714992523,1
0.2437947541475296,1
0.2899569869041443,1
0.12972021102905273,1
0.2264193892478943,1
0.36283087730407715,1
0.5793612003326416,1
0.42224517464637756,1
0.2769373655319214,1
0.30219998955726624,1
0.3127104640007019,1
0.28739801049232483,1
0.2502420246601105,1
0.26832205057144165,1
0.2910042703151703,1
0.46199989318847656,1
0.29138270020484924,1
0.20434731245040894,1
0.25023525953292847,1
0.25996482372283936,1
0.22971130907535553,1
0.28244319558143616,1
0.2764626741409302,1
0.2637629508972168,1
0.44708386063575745,1
0.23607376217842102,1
0.17981183528900146,1
0.3116712272167206,1
0.23484741151332855,1
0.27426502108573914,1
0.27584323287010193,1
0.2282428741455078,1
0.22170035541057587,1
0.2744379937648773,1
0.15503963828086853,1
0.16217204928398132,1
0.16395807266235352,1
0.2115877866744995,1
0.16836819052696228,1
0.312086284160614,1
0.19627881050109863,1
0.21174483001232147,1
0.1757349967956543,1
0.24037866294384003,1
0.18412046134471893,1
0.2917526960372925,1
0.29258570075035095,1
0.40460440516471863,1
0.22403313219547272,1
0.16109292209148407,1
0.2031296342611313,1
0.3554583191871643,1
0.3843235373497009,1
0.23244169354438782,1
0.17511563003063202,1
0.3155986964702606,1
0.24140475690364838,1
0.2118358612060547,1
0.1374034434556961,1
0.16422855854034424,1
0.16512691974639893,1
0.3882761001586914,1
0.14824606478214264,1
0.23178602755069733,1
0.29455795884132385,1
0.21492040157318115,1
0.12570421397686005,1
0.316240519285202,1
0.39744997024536133,1
0.26088038086891174,1
0.27280524373054504,1
0.1887229084968567,1
0.1660630851984024,1
0.2650870084762573,1
0.2292741984128952,1
0.18623024225234985,1
0.18310406804084778,1
0.17483144998550415,1
0.18302522599697113,1
0.29847267270088196,1
0.19477154314517975,1
0.18126928806304932,1
0.2648299038410187,1
0.3407522141933441,1
0.347560852766037,1
0.27486568689346313,1
0.21155349910259247,1
0.46257543563842773,1
0.15789934992790222,1
0.1492709219455719,1
0.1961749792098999,1
0.19774717092514038,1
0.2111283540725708,1
0.25012916326522827,1
0.4525803029537201,1
0.20753300189971924,1
0.30833709239959717,1
0.1337784081697464,1
0.38942068815231323,1
0.18954657018184662,1
0.20969907939434052,1
0.36472493410110474,1
0.11697159707546234,1
0.5013716220855713,1
0.24695143103599548,1
0.13784484565258026,1
0.26542890071868896,1
0.17641659080982208,1
0.17199620604515076,1
0.19178032875061035,1
0.24667982757091522,1
0.20028086006641388,1
0.2513175904750824,1
0.12720096111297607,1
0.21377839148044586,1
0.31299370527267456,1
0.17690983414649963,1
0.2078535556793213,1
0.24307037889957428,1
0.28051212430000305,1
0.32961371541023254,1
0.19015198945999146,1
0.2961568236351013,1
0.166113942861557,1
0.281933456659317,1
0.2880445420742035,1
0.276694655418396,1
0.10455164313316345,1
0.30051618814468384,1
0.20941385626792908,1
0.14535465836524963,1
0.37243032455444336,1
0.2494404911994934,1
0.11812847852706909,1
0.22543872892856598,1
0.20368686318397522,1
0.19452279806137085,1
0.4021468758583069,1
0.19813022017478943,1
0.36987370252609253,1
0.3237095773220062,1
0.1903524100780487,1
0.3998206555843353,1
0.328927218914032,1
0.2524832487106323,1
0.1957366168498993,1
0.24544785916805267,1
0.23574765026569366,1
0.2586093842983246,1
0.2212640345096588,1
0.16808785498142242,1
0.3608925938606262,1
0.3366732597351074,1
0.17752228677272797,1
0.2496885061264038,1
0.44751495122909546,1
0.23170308768749237,1
0.3244796395301819,1
0.2925127148628235,1
0.4367247223854065,1
0.18880200386047363,1
0.30858153104782104,1
0.19979968667030334,1
0.28065764904022217,1
0.20538529753684998,1
0.25588512420654297,1
0.12796200811862946,1
0.20592832565307617,1
0.18938027322292328,1
0.5094045400619507,1
0.20362591743469238,1
0.23452067375183105,1
0.26783642172813416,1
0.2171754390001297,1
0.1674206554889679,1
0.24922145903110504,1
0.2312297224998474,1
0.20929840207099915,1
0.4168097972869873,1
0.14756321907043457,1
0.25428253412246704,1
0.289773553609848,1
0.35275471210479736,1
0.1812499761581421,1
0.2024693489074707,1
0.24618014693260193,1
0.3160749673843384,1
0.2525808811187744,1
0.17123273015022278,1
0.41846221685409546,1
0.2595258355140686,1
0.1657126247882843,1
0.31360018253326416,1
0.19187530875205994,1
0.3093341588973999,1
0.09289160370826721,1
0.23081247508525848,1
0.1864214539527893,1
0.20411288738250732,1
0.25896164774894714,1
0.20383234322071075,1
0.2808840274810791,1
0.25012272596359253,1
0.35882142186164856,1
0.30698493123054504,1
0.15662270784378052,1
0.28688710927963257,1
0.3038170039653778,1
0.15165981650352478,1
0.3065514862537384,1
0.25937724113464355,1
0.46760252118110657,1
0.11380676925182343,1
0.2636227011680603,1
0.22284889221191406,1
0.295138955116272,1
0.4126989245414734,1
0.2235007882118225,1
0.207461416721344,1
0.20217394828796387,1
0.20860500633716583,1
0.2457740306854248,1
0.20065101981163025,1
0.26864752173423767,1
0.2775857448577881,1
0.21014899015426636,1
0.2270658165216446,1
0.23156675696372986,1
0.37518250942230225,1
0.6093403697013855,1
0.2852734327316284,1
0.2552421987056732,1
0.17832478880882263,1
0.2188771665096283,1
0.2300252914428711,1
0.29576969146728516,1
0.3116337060928345,1
0.2295512855052948,1
0.2475256621837616,1
0.2928032875061035,1
0.30979475378990173,1
0.3547436594963074,1
0.356222540140152,1
0.30389824509620667,1
0.11623769998550415,1
0.4155629873275757,1
0.3120177388191223,1
0.15256479382514954,1
0.33307069540023804,1
0.2897590398788452,1
0.196528822183609,1
0.06777802109718323,1
0.3973581790924072,1
0.20551377534866333,1
0.1975385546684265,1
0.2217431664466858,1
0.1719093769788742,1
0.24594347178936005,1
0.23025664687156677,1
0.3538392186164856,1
0.21257251501083374,1
0.3055533170700073,1
0.2071918398141861,1
0.36367669701576233,1
0.23154322803020477,1
0.3698034882545471,1
0.30207476019859314,1
0.22667816281318665,1
0.17102257907390594,1
0.38178589940071106,1
0.3449443280696869,1
0.247680202126503,1
0.16088193655014038,1
0.11615275591611862,1
0.2721818685531616,1
0.301492840051651,1
0.22063447535037994,1
0.15021061897277832,1
0.5229860544204712,1
0.4681222438812256,1
0.1278570145368576,1
0.2718310058116913,1
0.3818092346191406,1
0.19184322655200958,1
0.19743254780769348,1
0.2828418016433716,1
0.3940161466598511,1
0.30621546506881714,1
0.2729882001876831,1
0.2509411573410034,1
0.14606723189353943,1
0.16687647998332977,1
0.3558102250099182,1
0.23662422597408295,1
0.4753679931163788,1
0.23788291215896606,1
0.270230233669281,1
0.22152259945869446,1
0.2390972226858139,1
0.15428215265274048,1
0.20405089855194092,1
0.14736483991146088,1
0.2617526650428772,1
0.23307742178440094,1
0.24838604032993317,1
0.28640028834342957,1
0.24833709001541138,1
0.2625512182712555,1
0.27622780203819275,1
0.3381381034851074,1
0.2042016237974167,1
0.15928220748901367,1
0.20570918917655945,1
0.2730059027671814,1
0.2890867590904236,1
0.2656553387641907,1
0.24945876002311707,1
0.23996475338935852,1
0.23313578963279724,1
0.2935316264629364,1
0.21677245199680328,1
0.2358221560716629,1
0.1646379679441452,1
0.17136868834495544,1
0.4133899509906769,1
0.25012144446372986,1
0.3240574896335602,1
0.3161456286907196,1
0.1799490600824356,1
0.3923339247703552,1
0.30011802911758423,1
0.29867836833000183,1
0.1441151350736618,1
0.2252863049507141,1
0.3655264973640442,1
0.3507234454154968,1
0.31542885303497314,1
0.2543174624443054,1
0.2985246181488037,1
0.21195606887340546,1
0.1591305434703827,1
0.22549289464950562,1
0.21309791505336761,1
0.3590433597564697,1
0.24573171138763428,1
0.15242090821266174,1
0.209550678730011,1
0.39628249406814575,1
0.289645254611969,1
0.14759409427642822,1
0.2645171582698822,1
0.3131037950515747,1
0.23013348877429962,1
0.11956849694252014,1
0.14153222739696503,1
0.2302321046590805,1
0.2109544724225998,1
0.32418227195739746,1
0.3471107482910156,1
0.15290039777755737,1
0.1795261949300766,1
0.188653826713562,1
0.10825394839048386,1
0.17285972833633423,1
0.14593954384326935,1
0.266741544008255,1
0.14871171116828918,1
0.16898739337921143,1
0.2710784375667572,1
0.1622069925069809,1
0.16549964249134064,1
0.36132824420928955,1
0.16192153096199036,1
0.1388581097126007,1
0.2790297269821167,1
0.36333394050598145,1
0.18276426196098328,1
0.3141012191772461,1
0.4855843782424927,1
0.4806171655654907,1
0.20237210392951965,1
0.15823185443878174,1
0.4527345597743988,1
0.24172592163085938,1
0.19828781485557556,1
0.1669289916753769,1
0.20605961978435516,1
0.3268777132034302,1
0.28055742383003235,1
0.30653175711631775,1
0.26531967520713806,1
0.16215963661670685,1
0.2603064179420471,1
0.1753470003604889,1
0.3947909474372864,1
0.266621470451355,1
0.11493998020887375,1
0.11587662994861603,1
0.1851975917816162,1
0.33756887912750244,1
0.29904186725616455,1
0.30295002460479736,1
0.17557118833065033,1
0.1576923280954361,1
0.3470565676689148,1
0.2516404986381531,1
0.1282520741224289,1
0.31740376353263855,1
0.30780932307243347,1
0.25633981823921204,1
0.19294504821300507,1
0.1997251808643341,1
0.19921211898326874,1
0.14283865690231323,1
0.12157462537288666,1
0.3989574909210205,1
0.3990527391433716,1
0.2091284990310669,1
0.27850469946861267,1
0.18763038516044617,1
0.07529497146606445,1
0.2718881368637085,1
0.2765985429286957,1
0.15616220235824585,1
0.16538676619529724,1
0.19971579313278198,1
0.23878595232963562,1
0.17561011016368866,1
0.4049079120159149,1
0.17220120131969452,1
0.2566882371902466,1
0.1749309003353119,1
0.13967250287532806,1
0.1739344596862793,1
0.2957346439361572,1
0.335885614156723,1
0.17806877195835114,1
0.2640533447265625,1
0.09757651388645172,1
0.16875769197940826,1
0.23688775300979614,1
0.344857394695282,1
0.29457953572273254,1
0.2276991903781891,1
0.15929338335990906,1
0.33388859033584595,1
0.3181760311126709,1
0.32186681032180786,1
0.17130205035209656,1
0.3745661675930023,1
0.19164501130580902,1
0.1909651756286621,1
0.41992780566215515,1
0.21322618424892426,1
0.17577195167541504,1
0.27981945872306824,1
0.1666499674320221,1
0.2305951714515686,1
0.09010803699493408,1
0.26441723108291626,1
0.24485507607460022,1
0.16772213578224182,1
0.36021482944488525,1
0.2503495216369629,1
0.21614757180213928,1
0.22681134939193726,1
0.331319123506546,1
0.3155560791492462,1
0.23285654187202454,1
0.22807534039020538,1
0.2935630977153778,1
0.15336263179779053,1
0.3815869092941284,1
0.1492593139410019,1
0.34102901816368103,1
0.16814497113227844,1
0.2861980199813843,1
0.25847572088241577,1
0.35046738386154175,1
0.3342604339122772,1
0.2350696623325348,1
0.1732281595468521,1
0.2307504117488861,1
0.16253936290740967,1
0.13022489845752716,1
0.33870452642440796,1
0.2759448289871216,1
0.18399427831172943,1
0.11365996301174164,1
0.2481691688299179,1
0.315751314163208,1
0.1827404946088791,1
0.4342128038406372,1
0.2484198808670044,1
0.3341052532196045,1
0.1992284655570984,1
0.15558305382728577,1
0.18501010537147522,1
0.26348981261253357,1
0.18118508160114288,1
0.20143723487854004,1
0.3573701083660126,1
0.3589133620262146,1
0.16890572011470795,1
0.30712026357650757,1
0.28973373770713806,1
0.34899789094924927,1
0.21436484158039093,1
0.2543848156929016,1
0.2845551371574402,1
0.2882865071296692,1
0.1696494072675705,1
0.30887818336486816,1
0.2443060278892517,1
0.2636336386203766,1
0.2257058024406433,1
0.28147420287132263,1
0.23872901499271393,1
0.12528905272483826,1
0.25175100564956665,1
0.3074008822441101,1
0.3041764497756958,1
0.2703093886375427,1
0.4502484202384949,1
0.18949095904827118,1
0.2209252268075943,1
0.18659058213233948,1
0.21628187596797943,1
0.26966068148612976,1
0.1521376073360443,1
0.34218642115592957,1
0.3061169385910034,1
0.27642568945884705,1
0.2904331088066101,1
0.19152793288230896,1
0.19734126329421997,1
0.1596016138792038,1
0.21192459762096405,1
0.2796481251716614,1
0.20985925197601318,1
0.17223194241523743,1
0.2894369661808014,1
0.42571401596069336,1
0.27748095989227295,1
0.2096365988254547,1
0.25483959913253784,1
0.3724563717842102,1
0.33520135283470154,1
0.1644837111234665,1
0.14876969158649445,1
0.4450277090072632,1
0.2132311463356018,1
0.1821831613779068,1
0.23696424067020416,1
0.2672748863697052,1
0.283752977848053,1
0.19284236431121826,1
0.4115481972694397,1
0.1231231838464737,1
0.3170607089996338,1
0.4915756583213806,1
0.17662638425827026,1
0.218941330909729,1
0.23614777624607086,1
0.22310921549797058,1
0.19329069554805756,1
0.23149865865707397,1
0.18916666507720947,1
0.14470446109771729,1
0.1591377556324005,1
0.1813802719116211,1
0.22688733041286469,1
0.24619349837303162,1
0.34481772780418396,1
0.18883994221687317,1
0.2786533832550049,1
0.4467308223247528,1
0.4041539430618286,1
0.29530346393585205,1
0.12422219663858414,1
0.3281624913215637,1
0.3230159282684326,1
0.278123676776886,1
0.21152710914611816,1
0.20973391830921173,1
0.22132796049118042,1
0.24476459622383118,1
0.1908496916294098,1
0.1553751677274704,1
0.43735504150390625,1
0.18445485830307007,1
0.2636093497276306,1
0.2528505027294159,1
0.32873839139938354,1
0.08925656229257584,1
0.27779364585876465,1
0.35066887736320496,1
0.2770261764526367,1
0.24365010857582092,1
0.2505704164505005,1
0.23081998527050018,1
0.237918883562088,1
0.25774168968200684,1
0.25057050585746765,1
0.25636211037635803,1
0.19885101914405823,1
0.3520165681838989,1
0.23838242888450623,1
0.2446921318769455,1
0.16105574369430542,1
0.2629169523715973,1
0.22834479808807373,1
0.24565166234970093,1
0.1736164093017578,1
0.180203378200531,1
0.2013726532459259,1
0.36431223154067993,1
0.2534714639186859,1
0.2603541314601898,1
0.34719979763031006,1
0.21498911082744598,1
0.20265796780586243,1
0.2646251916885376,1
0.3987291753292084,1
0.2621115446090698,1
0.1285664439201355,1
0.1797669231891632,1
0.1350698322057724,1
0.37150466442108154,1
0.2593773603439331,1
0.2882300615310669,1
0.4495355486869812,1
0.25800174474716187,1
0.19639602303504944,1
0.20007586479187012,1
0.25723162293434143,1
0.21602728962898254,1
0.2643469572067261,1
0.37208807468414307,1
0.17900778353214264,1
0.3502045273780823,1
0.3706233501434326,1
0.19986575841903687,1
0.25789177417755127,1
0.23865753412246704,1
0.17767249047756195,1
0.28955161571502686,1
0.3359476923942566,1
0.2734662890434265,1
0.11915911734104156,1
0.16601118445396423,1
0.2476574182510376,1
0.3130079507827759,1
0.1953665316104889,1
0.26431435346603394,1
0.15147161483764648,1
0.3302612602710724,1
0.19717881083488464,1
0.2503074109554291,1
0.2838302552700043,1
0.3687173128128052,1
0.23005890846252441,1
0.40302252769470215,1
0.10873092710971832,1
0.2945195138454437,1
0.223853200674057,1
0.19653438031673431,1
0.3145805895328522,1
0.20431482791900635,1
0.2503105700016022,1
0.22160036861896515,1
0.2664012610912323,1
0.21788130700588226,1
0.17200401425361633,1
0.21955837309360504,1
0.2851174473762512,1
0.2556433081626892,1
0.1327158510684967,1
0.3736204504966736,1
0.23057493567466736,1
0.273523211479187,1
0.21626660227775574,1
0.3210279941558838,1
0.27408695220947266,1
0.20734809339046478,1
0.16275642812252045,1
0.22934290766716003,1
0.1953708976507187,1
0.19793730974197388,1
0.3274187445640564,1
0.1890552043914795,1
0.24170050024986267,1
0.2400679886341095,1
0.19849763810634613,1
0.220404714345932,1
0.1795029491186142,1
0.231349378824234,1
0.2801545262336731,1
0.2244907021522522,1
0.18880879878997803,1
0.22119900584220886,1
0.3097243309020996,1
0.15706782042980194,1
0.16442710161209106,1
0.34431350231170654,1
0.36659979820251465,1
0.2969255745410919,1
0.21541021764278412,1
0.14381977915763855,1
0.2106609344482422,1
0.26161837577819824,1
0.17271992564201355,1
0.45385587215423584,1
0.32418444752693176,1
0.29689958691596985,1
0.18879462778568268,1
0.1938835084438324,1
0.15637511014938354,1
0.15560075640678406,1
0.2073146104812622,1
0.47270309925079346,1
0.20812444388866425,1
0.22450485825538635,1
0.2746908366680145,1
0.23095707595348358,1
0.3050609827041626,1
0.318111777305603,1
0.15986742079257965,1
0.2569200098514557,1
0.1864071488380432,1
0.20081762969493866,1
0.16195061802864075,1
0.14799900352954865,1
0.2878074049949646,1
0.2607882022857666,1
0.3128666877746582,1
0.22481316328048706,1
0.19494681060314178,1
0.26050692796707153,1
0.2425537407398224,1
0.21798057854175568,1
0.30006444454193115,1
0.23353171348571777,1
0.31946590542793274,1
0.36109066009521484,1
0.18531738221645355,1
0.18163210153579712,1
0.4281744062900543,1
0.23301362991333008,1
0.19312784075737,1
0.19873644411563873,1
0.11620265990495682,1
0.24422034621238708,1
0.23491206765174866,1
0.27829647064208984,1
0.18982096016407013,1
0.13940156996250153,1
0.11826051771640778,1
0.33234161138534546,1
0.5004082918167114,1
0.22833746671676636,1
0.15028466284275055,1
0.1322699934244156,1
0.09187281131744385,1
0.2612537145614624,1
0.274967223405838,1
0.14619237184524536,1
0.25382617115974426,1
0.279434472322464,1
0.36647871136665344,1
0.24739059805870056,1
0.34515535831451416,1
0.22637659311294556,1
0.21833643317222595,1
0.2046058028936386,1
0.3379914164543152,1
0.272975891828537,1
0.23247963190078735,1
0.18287163972854614,1
0.2046116441488266,1
0.23923522233963013,1
0.16651107370853424,1
0.21901382505893707,1
0.21587473154067993,1
0.37245088815689087,1
0.2105758786201477,1
0.227543905377388,1
0.19595468044281006,1
0.2971869111061096,1
0.2808435261249542,1
0.29425716400146484,1
0.4785881042480469,1
0.27382874488830566,1
0.38696327805519104,1
0.06828108429908752,1
0.1478629857301712,1
0.3061046600341797,1
0.250216007232666,1
0.25190868973731995,1
0.2156064212322235,1
0.21363499760627747,1
0.28119856119155884,1
0.28933507204055786,1
0.47763383388519287,1
0.1361398994922638,1
0.2260797768831253,1
0.20960558950901031,1
0.11823765188455582,1
0.23861552774906158,1
0.3909198045730591,1
0.1721336543560028,1
0.3311801850795746,1
0.27796471118927,1
0.2045619934797287,1
0.2044728398323059,1
0.25803542137145996,1
0.32372424006462097,1
0.24519556760787964,1
0.3582836389541626,1
0.30460214614868164,1
0.32673409581184387,1
0.21891260147094727,1
0.21316012740135193,1
0.1887669563293457,1
0.25459182262420654,1
0.20458391308784485,1
0.22035561501979828,1
0.3207944333553314,1
0.1982380449771881,1
0.1475498527288437,1
0.18677404522895813,1
0.27359071373939514,1
0.22569739818572998,1
0.27095019817352295,1
0.1788734793663025,1
0.22601331770420074,1
0.3699064254760742,1
0.2750546634197235,1
0.1633983850479126,1
0.1678617298603058,1
0.13225987553596497,1
0.24415722489356995,1
0.21466439962387085,1
0.1650177389383316,1
0.21079780161380768,1
0.18284699320793152,1
0.15583539009094238,1
0.21625679731369019,1
0.2741336226463318,1
0.2112228125333786,1
0.3868422508239746,1
0.19157451391220093,1
0.15153321623802185,1
0.19170412421226501,1
0.214374378323555,1
0.1696164757013321,1
0.26597145199775696,1
0.26221540570259094,1
0.3433547914028168,1
0.18372780084609985,1
0.2622132897377014,1
0.3660944700241089,1
0.32339227199554443,1
0.2680114507675171,1
0.38088440895080566,1
0.30063849687576294,1
0.2715822756290436,1
0.19454306364059448,1
0.2655894160270691,1
0.23322588205337524,1
0.2989039719104767,1
0.4253661632537842,1
0.41572391986846924,1
0.21683794260025024,1
0.33274877071380615,1
0.3041607737541199,1
0.19655868411064148,1
0.1867484599351883,1
0.3406718969345093,1
0.2082231044769287,1
0.2701493799686432,1
0.16751492023468018,1
0.26724421977996826,1
0.29106655716896057,1
0.29628485441207886,1
0.2619107961654663,1
0.25878027081489563,1
0.1403489112854004,1
0.2539914846420288,1
0.2653690278530121,1
0.20569799840450287,1
0.3819490075111389,1
0.33765918016433716,1
0.21987974643707275,1
0.1399204134941101,1
0.22498753666877747,1
0.2062840461730957,1
0.3825661540031433,1
0.21699506044387817,1
0.3922567367553711,1
0.10857617855072021,1
0.24895122647285461,1
0.3261488676071167,1
0.20490923523902893,1
0.17200352251529694,1
0.13963723182678223,1
0.23223158717155457,1
0.23579992353916168,1
0.17892923951148987,1
0.12882758677005768,1
0.2000599354505539,1
0.22953298687934875,1
0.4189438819885254,1
0.179559126496315,1
0.246990367770195,1
0.29885250329971313,1
0.23596306145191193,1
0.20733465254306793,1
0.2016860544681549,1
0.3000926375389099,1
0.14481228590011597,1
0.32238447666168213,1
0.2680431008338928,1
0.4043722450733185,1
0.1406298279762268,1
0.1423168182373047,1
0.239161878824234,1
0.37309569120407104,1
0.09178679436445236,1
0.2781827449798584,1
0.20166459679603577,1
0.2746153473854065,1
0.20940178632736206,1
0.24555960297584534,1
0.21583251655101776,1
0.21878325939178467,1
0.2695196568965912,1
0.2618008255958557,1
0.17456892132759094,1
0.20341505110263824,1
0.2642701268196106,1
0.1920361965894699,1
0.35391315817832947,1
0.25235414505004883,1
0.604670524597168,1
0.2529013752937317,1
0.15708133578300476,1
0.20247644186019897,1
0.21371036767959595,1
0.1666836440563202,1
0.1384757161140442,1
0.29816192388534546,1
0.17591075599193573,1
0.20144131779670715,1
0.282334566116333,1
0.26131120324134827,1
0.11935985833406448,1
0.15333323180675507,1
0.18324345350265503,1
0.23221707344055176,1
0.24179993569850922,1
0.31873399019241333,1
0.21175239980220795,1
0.15997478365898132,1
0.2558506727218628,1
0.18439669907093048,1
0.22321946918964386,1
0.20109491050243378,1
0.35778021812438965,1
0.20075485110282898,1
0.1867343783378601,1
0.3033100962638855,1
0.3428250253200531,1
0.2152530997991562,1
0.14278829097747803,1
0.20829465985298157,1
0.20038697123527527,1
0.23382234573364258,1
0.1555386483669281,1
0.23700134456157684,1
0.11672046035528183,1
0.16607972979545593,1
0.28538572788238525,1
0.1503618061542511,1
0.16677053272724152,1
0.38503026962280273,1
0.32961657643318176,1
0.20754407346248627,1
0.3055380582809448,1
0.36043208837509155,1
0.22015312314033508,1
0.19286100566387177,1
0.34982776641845703,1
0.20130696892738342,1
0.2615806460380554,1
0.2298118770122528,1
0.25978735089302063,1
0.18060430884361267,1
0.2755817174911499,1
0.24458080530166626,1
0.2792119085788727,1
0.29694664478302,1
0.3259414732456207,1
0.2181571125984192,1
0.27668464183807373,1
0.37645381689071655,1
0.34332025051116943,1
0.2926290035247803,1
0.18657134473323822,1
0.2335059642791748,1
0.06937257945537567,1
0.23775559663772583,1
0.20802843570709229,1
0.14747275412082672,1
0.22194232046604156,1
0.17692358791828156,1
0.29655182361602783,1
0.20019975304603577,1
0.14160402119159698,1
0.35200440883636475,1
0.30808529257774353,1
0.22525420784950256,1
0.26151007413864136,1
0.5719003081321716,1
0.11756528168916702,1
0.3380776643753052,1
0.23869077861309052,1
0.07936033606529236,1
0.16934482753276825,1
0.24259784817695618,1
0.19787634909152985,1
0.19539108872413635,1
0.22299931943416595,1
0.2104315161705017,1
0.3104401230812073,1
0.4309978783130646,1
0.20345968008041382,1
0.12999626994132996,1
0.24910198152065277,1
0.2586401104927063,1
0.34390339255332947,1
0.21253743767738342,1
0.1971963346004486,1
0.3488560914993286,1
0.10809028148651123,1
0.10986457765102386,1
0.08999951183795929,1
0.1730312705039978,1
0.2710016965866089,1
0.2860327959060669,1
0.18523240089416504,1
0.17997263371944427,1
0.26546362042427063,1
0.210597962141037,1
0.21652041375637054,1
0.1674770563840866,1
0.22312697768211365,1
0.15031865239143372,1
0.33069556951522827,1
0.1547580361366272,1
0.15321901440620422,1
0.2854825556278229,1
0.4651183485984802,1
0.26886793971061707,1
0.3413480520248413,1
0.15795084834098816,1
0.14868181943893433,1
0.39479681849479675,1
0.20144052803516388,1
0.33497992157936096,1
0.25404536724090576,1
0.28982114791870117,1
0.2624027132987976,1
0.1617617905139923,1
0.1882798671722412,1
0.3834694027900696,1
0.3073391914367676,1
0.1087697297334671,1
0.374051034450531,1
0.26708948612213135,1
0.2457370162010193,1
0.3922822177410126,1
0.24617412686347961,1
0.17050081491470337,1
0.3253680169582367,1
0.2663773000240326,1
0.15474550426006317,1
0.24211902916431427,1
0.25464871525764465,1
0.3272864818572998,1
0.37881526350975037,1
0.2772878408432007,1
0.16388005018234253,1
0.3138355016708374,1
0.31027474999427795,1
0.2914685606956482,1
0.14499707520008087,1
0.40708959102630615,1
0.39441806077957153,1
0.1755778193473816,1
0.11261419951915741,1
0.1827457994222641,1
0.2762179970741272,1
0.3266729712486267,1
0.19630688428878784,1
0.30693843960762024,1
0.3760721683502197,1
0.31469976902008057,1
0.3153126835823059,1
0.19913950562477112,1
0.3841836452484131,1
0.1185540109872818,1
0.173754021525383,1
0.2296319603919983,1
0.2717722952365875,1
0.11632269620895386,1
0.23584632575511932,1
0.3624308109283447,1
0.3185953199863434,1
0.28152045607566833,1
0.32919055223464966,1
0.26271510124206543,1
0.3305233120918274,1
0.23511508107185364,1
0.3302071690559387,1
0.210825577378273,1
0.1723726987838745,1
0.13111327588558197,1
0.32990312576293945,1
0.20646291971206665,1
0.252969890832901,1
0.2913009524345398,1
0.16179409623146057,1
0.28710663318634033,1
0.38325992226600647,1
0.3129171133041382,1
0.18678322434425354,1
0.24282419681549072,1
0.17043375968933105,1
0.21323233842849731,1
0.16203860938549042,1
0.18772895634174347,1
0.3190690875053406,1
0.22909283638000488,1
0.21584652364253998,1
0.2572357654571533,1
0.3429524302482605,1
0.2556479871273041,1
0.08473428338766098,1
0.2276819944381714,1
0.19096891582012177,1
0.39410585165023804,1
0.1993379294872284,1
0.11087523400783539,1
0.2641884982585907,1
0.14029382169246674,1
0.1557239145040512,1
0.31380605697631836,1
0.27415353059768677,1
0.3530937433242798,1
0.24661694467067719,1
0.20184747874736786,1
0.18952344357967377,1
0.2711924910545349,1
0.15642149746418,1
0.27342069149017334,1
0.22806429862976074,1
0.35784485936164856,1
0.34295570850372314,1
0.3910835385322571,1
0.32551780343055725,1
0.3374751806259155,1
0.20105522871017456,1
0.16161775588989258,1
0.34776970744132996,1
0.2797068655490875,1
0.17700442671775818,1
0.15360131859779358,1
0.2786683738231659,1
0.22989077866077423,1
0.3583747446537018,1
0.24199214577674866,1
0.1809704601764679,1
0.221834197640419,1
0.1943194568157196,1
0.1979309618473053,1
0.2605583667755127,1
0.1728726625442505,1
0.11311213672161102,1
0.2394009828567505,1
0.2466907799243927,1
0.25566115975379944,1
0.24710536003112793,1
0.32761865854263306,1
0.21491190791130066,1
0.1595630943775177,1
0.15014727413654327,1
0.33140769600868225,1
0.27053558826446533,1
0.22056394815444946,1
0.32553061842918396,1
0.27611681818962097,1
0.2959411144256592,1
0.13750571012496948,1
0.16116102039813995,1
0.23156186938285828,1
0.3079672157764435,1
0.23354513943195343,1
0.24242743849754333,1
0.10789433121681213,1
0.2064855545759201,1
0.18028023838996887,1
0.25991109013557434,1
0.24643388390541077,1
0.29121968150138855,1
0.32440656423568726,1
0.34288322925567627,1
0.3620087206363678,1
0.2636769413948059,1
0.2923288643360138,1
0.2514367699623108,1
0.32397186756134033,1
0.15970510244369507,1
0.5046099424362183,1
0.24603955447673798,1
0.3484378159046173,1
0.3404317796230316,1
0.15206623077392578,1
0.1482660472393036,1
0.2983056902885437,1
0.2431478053331375,1
0.2674556076526642,1
0.2097160369157791,1
0.1581321805715561,1
0.28770023584365845,1
0.3488832116127014,1
0.20238161087036133,1
0.36053717136383057,1
0.30654144287109375,1
0.5908635258674622,1
0.17569874227046967,1
0.23960745334625244,1
0.4895378053188324,1
0.30830085277557373,1
0.3304164707660675,1
0.2974419593811035,1
0.30228614807128906,1
0.27446290850639343,1
0.16112421452999115,1
0.2669941782951355,1
0.31041035056114197,1
0.2684100270271301,1
0.24137750267982483,1
0.1653931438922882,1
0.284973680973053,1
0.33186236023902893,1
0.31345877051353455,1
0.22989211976528168,1
0.311651349067688,1
0.11602617055177689,1
0.20457591116428375,1
0.23541559278964996,1
0.2154291719198227,1
0.4634799361228943,1
0.14879098534584045,1
0.21793115139007568,1
0.18186281621456146,1
0.20492658019065857,1
0.33198633790016174,1
0.24311092495918274,1
0.16539698839187622,1
0.1875641644001007,1
0.2790164351463318,1
0.3068779706954956,1
0.16408120095729828,1
0.22839851677417755,1
0.16913340985774994,1
0.2899142801761627,1
0.19493332505226135,1
0.2014826536178589,1
0.3704530596733093,1
0.17055271565914154,1
0.3895697593688965,1
0.212639719247818,1
0.23363904654979706,1
0.25791531801223755,1
0.3300197720527649,1
0.14986324310302734,1
0.5076563954353333,1
0.263337641954422,1
0.11994929611682892,1
0.24709582328796387,1
0.4955075979232788,1
0.21411225199699402,1
0.25616446137428284,1
0.19097648561000824,1
0.3407790958881378,1
0.38007307052612305,1
0.24280911684036255,1
0.15915004909038544,1
0.34861743450164795,1
0.3342861533164978,1
0.27696970105171204,1
0.24662715196609497,1
0.22772198915481567,1
0.15175019204616547,1
0.2086295783519745,1
0.38814830780029297,1
0.25309157371520996,1
0.25636979937553406,1
0.15596042573451996,1
0.23730498552322388,1
0.22979524731636047,1
0.20867741107940674,1
0.2729659378528595,1
0.20327097177505493,1
0.3124780058860779,1
0.4584466814994812,1
0.2138797789812088,1
0.1426519751548767,1
0.25044164061546326,1
0.1643640697002411,1
0.24920131266117096,1
0.176556795835495,1
0.3011370897293091,1
0.396097868680954,1
0.4972812235355377,1
0.20507389307022095,1
0.1398296058177948,1
0.21965143084526062,1
0.34700995683670044,1
0.13601861894130707,1
0.32105594873428345,1
0.3201889991760254,1
0.22683677077293396,1
0.287125825881958,1
0.3090803921222687,1
0.3080635070800781,1
0.40531235933303833,1
0.32456403970718384,1
0.14028018712997437,1
0.3048967719078064,1
0.21927593648433685,1
0.28620943427085876,1
0.5463510751724243,1
0.22150112688541412,1
0.14244410395622253,1
0.29542848467826843,1
0.372577041387558,1
0.2216474562883377,1
0.1811451017856598,1
0.14026790857315063,1
0.21686626970767975,1
0.14552359282970428,1
0.28976529836654663,1
0.23491820693016052,1
0.3055184483528137,1
0.10286477208137512,1
0.44781577587127686,1
0.16618561744689941,1
0.164285808801651,1
0.25902771949768066,1
0.2609133720397949,1
0.23735788464546204,1
0.3420359790325165,1
0.11233362555503845,1
0.19247859716415405,1
0.12862545251846313,1
0.19610852003097534,1
0.3822724521160126,1
0.2235811948776245,1
0.19290009140968323,1
0.2271876186132431,1
0.2406601905822754,1
0.21411290764808655,1
0.23455840349197388,1
0.2715679109096527,1
0.35093480348587036,1
0.25221937894821167,1
0.2475803941488266,1
0.2727709710597992,1
0.13946306705474854,1
0.17479421198368073,1
0.164845809340477,1
0.2764195203781128,1
0.37687355279922485,1
0.23023734986782074,1
0.2580640912055969,1
0.21912747621536255,1
0.39668893814086914,1
0.30063778162002563,1
0.3363632261753082,1
0.15090708434581757,1
0.19730153679847717,1
0.20975279808044434,1
0.1521254926919937,1
0.27260881662368774,1
0.3270608186721802,1
0.13228677213191986,1
0.13363637030124664,1
0.6241785883903503,1
0.26426029205322266,1
0.26478111743927,1
0.1910974085330963,1
0.20940908789634705,1
0.3197370767593384,1
0.21744558215141296,1
0.16518782079219818,1
0.26489850878715515,1
0.18605861067771912,1
0.21510881185531616,1
0.23169536888599396,1
0.34843894839286804,1
0.3752591609954834,1
0.2622321844100952,1
0.5171675682067871,1
0.12685999274253845,1
0.16155529022216797,1
0.26349928975105286,1
0.19034230709075928,1
0.2152167558670044,1
0.2837672233581543,1
0.24736642837524414,1
0.3497231602668762,1
0.19740088284015656,1
0.31780678033828735,1
0.2734949588775635,1
0.20505456626415253,1
0.18945416808128357,1
0.29393962025642395,1
0.31682780385017395,1
0.1697015017271042,1
0.3717830777168274,1
0.21560513973236084,1
0.20880547165870667,1
0.29129040241241455,1
0.13833320140838623,1
0.19806571304798126,1
0.29800015687942505,1
0.24402961134910583,1
0.14238905906677246,1
0.1763269603252411,1
0.2124004364013672,1
0.13785532116889954,1
0.11878027766942978,1
0.3061177432537079,1
0.3135433495044708,1
0.22153156995773315,1
0.24485088884830475,1
0.3047461211681366,1
0.20603127777576447,1
0.2123016119003296,1
0.2118370682001114,1
0.16880394518375397,1
0.09262825548648834,1
0.2067929059267044,1
0.1922389417886734,1
0.19398526847362518,1
0.26242154836654663,1
0.47375810146331787,1
0.09536231309175491,1
0.203920379281044,1
0.29645663499832153,1
0.2929980158805847,1
0.2205680012702942,1
0.24839629232883453,1
0.21801729500293732,1
0.16484732925891876,1
0.22721844911575317,1
0.39389246702194214,1
0.08794168382883072,1
0.2548036575317383,1
0.24711182713508606,1
0.16173875331878662,1
0.18667331337928772,1
0.21013453602790833,1
0.4103085696697235,1
0.3085125684738159,1
0.1656237244606018,1
0.30711954832077026,1
0.1382790356874466,1
0.16604019701480865,1
0.27822548151016235,1
0.15300117433071136,1
0.2743258774280548,1
0.21121548116207123,1
0.33545976877212524,1
0.36864474415779114,1
0.3157331049442291,1
0.2920422852039337,1
0.17475755512714386,1
0.2769419848918915,1
0.18932293355464935,1
0.28080785274505615,1
0.29646724462509155,1
0.21029727160930634,1
0.3653208017349243,1
0.25415924191474915,1
0.4762493371963501,1
0.18390534818172455,1
0.1941549926996231,1
0.30625030398368835,1
0.3875892460346222,1
0.12505730986595154,1
0.2648669481277466,1
0.2626091539859772,1
0.09461113810539246,1
0.23834145069122314,1
0.19596433639526367,1
0.12936681509017944,1
0.2919728457927704,1
0.33184492588043213,1
0.2310693860054016,1
0.29511839151382446,1
0.1308763176202774,1
0.1875060349702835,1
0.10942761600017548,1
0.2403128296136856,1
0.21656069159507751,1
0.20875607430934906,1
0.18122191727161407,1
0.2299378216266632,1
0.113058902323246,1
0.14847171306610107,1
0.26934850215911865,1
0.17689380049705505,1
0.20943215489387512,1
0.19974181056022644,1
0.17503862082958221,1
0.3485652208328247,1
0.15756943821907043,1
0.19941836595535278,1
0.3111054003238678,1
0.20099453628063202,1
0.156718447804451,1
0.36430028080940247,1
0.21830229461193085,1
0.2525220513343811,1
0.3665766716003418,1
0.23066692054271698,1
0.25183501839637756,1
0.23844695091247559,1
0.11893531680107117,1
0.2788468599319458,1
0.28125840425491333,1
0.16151519119739532,1
0.1181761845946312,1
0.17306435108184814,1
0.22186248004436493,1
0.31430715322494507,1
0.23245641589164734,1
0.2740199863910675,1
0.27525603771209717,1
0.3588927388191223,1
0.1812151074409485,1
0.2251938432455063,1
0.3930486738681793,1
0.25830936431884766,1
0.23384800553321838,1
0.15655559301376343,1
0.2062506079673767,1
0.2678549587726593,1
0.16745272278785706,1
0.2991476058959961,1
0.22257208824157715,1
0.27908599376678467,1
0.1742657721042633,1
0.37560468912124634,1
0.2951565682888031,1
0.11087477207183838,1
0.22743205726146698,1
0.2566065788269043,1
0.18177784979343414,1
0.3204483687877655,1
0.28854793310165405,1
0.24190226197242737,1
0.15263773500919342,1
0.2671439051628113,1
0.2249499261379242,1
0.3277536928653717,1
0.29675376415252686,1
0.1886315643787384,1
0.3532174229621887,1
0.291954904794693,1
0.24482867121696472,1
0.2905294597148895,1
0.17678508162498474,1
0.15959620475769043,1
0.1888171285390854,1
0.1700836420059204,1
0.2737169563770294,1
0.27780526876449585,1
0.2923525869846344,1
0.3439764976501465,1
0.19937865436077118,1
0.32364794611930847,1
0.2054523080587387,1
0.18861468136310577,1
0.1691923439502716,1
0.22082304954528809,1
0.18961365520954132,1
0.4537556767463684,1
0.16387009620666504,1
0.22041362524032593,1
0.1949799805879593,1
0.3896338939666748,1
0.14703291654586792,1
0.40779203176498413,1
0.18828125298023224,1
0.2233424335718155,1
0.21412041783332825,1
0.2751622498035431,1
0.22986401617527008,1
0.19225221872329712,1
0.2748843729496002,1
0.19739317893981934,1
0.4732043743133545,1
0.3147684931755066,1
0.09616303443908691,1
0.3289130926132202,1
0.20022769272327423,1
0.27131712436676025,1
0.39128220081329346,1
0.24513939023017883,1
0.1921282410621643,1
0.2721711993217468,1
0.21525880694389343,1
0.21831512451171875,1
0.32255789637565613,1
0.35189855098724365,1
0.23493897914886475,1
0.12011709064245224,1
0.1454903781414032,1
0.255372554063797,1
0.25405851006507874,1
0.29213592410087585,1
0.2205296754837036,1
0.28474897146224976,1
0.1816364824771881,1
0.12996532022953033,1
0.39237648248672485,1
0.38529524207115173,1
0.2073686420917511,1
0.21978773176670074,1
0.14927330613136292,1
0.1806441843509674,1
0.2693723142147064,1
0.2546132206916809,1
0.17144852876663208,1
0.2021794617176056,1
0.13264451920986176,1
0.2286970019340515,1
0.3293534815311432,1
0.17651835083961487,1
0.17409488558769226,1
0.15311338007450104,1
0.18169456720352173,1
0.20408308506011963,1
0.1777103990316391,1
0.11989006400108337,1
0.23002226650714874,1
0.2442636787891388,1
0.34984132647514343,1
0.06769376993179321,1
0.313564658164978,1
0.21249578893184662,1
0.16693122684955597,1
0.21773187816143036,1
0.13201649487018585,1
0.24066796898841858,1
0.22498351335525513,1
0.27529507875442505,1
0.18755203485488892,1
0.18702326714992523,1
0.13554729521274567,1
0.131224125623703,1
0.20677636563777924,1
0.1527937352657318,1
0.20889779925346375,1
0.22593997418880463,1
0.274411141872406,1
0.1349899172782898,1
0.23104241490364075,1
0.20135706663131714,1
0.16994018852710724,1
0.11644531786441803,1
0.15538492798805237,1
0.23534606397151947,1
0.2944198548793793,1
0.18335771560668945,1
0.21414166688919067,1
0.22613877058029175,1
0.1682462990283966,1
0.21093276143074036,1
0.32995107769966125,1
0.15322262048721313,1
0.14778761565685272,1
0.1808156818151474,1
0.20615941286087036,1
0.2510634958744049,1
0.24219702184200287,1
0.2010042816400528,1
0.11897802352905273,1
0.194597065448761,1
0.2190353274345398,1
0.2438390851020813,1
0.20853593945503235,1
0.18187667429447174,1
0.32722586393356323,1
0.15424132347106934,1
0.27484792470932007,1
0.1405346542596817,1
0.31999701261520386,1
0.22143110632896423,1
0.30469390749931335,1
0.26783785223960876,1
0.16163766384124756,1
0.29839253425598145,1
0.35822969675064087,1
0.3679237365722656,1
0.23806710541248322,1
0.1832045018672943,1
0.09408948570489883,1
0.2739785313606262,1
0.3392989933490753,1
0.31230831146240234,1
0.18009741604328156,1
0.15239845216274261,1
0.2615169584751129,1
0.32826489210128784,1
0.10690751671791077,1
0.3081355392932892,1
0.30222833156585693,1
0.15653716027736664,1
0.05896911770105362,1
0.26317524909973145,1
0.3384130001068115,1
0.10641578584909439,1
0.22782164812088013,1
0.2877398729324341,1
0.34219980239868164,1
0.1361113339662552,1
0.291679322719574,1
0.301394522190094,1
0.29452189803123474,1
0.11001451313495636,1
0.13126489520072937,1
0.2624383866786957,1
0.24641521275043488,1
0.3207660913467407,1
0.29141372442245483,1
0.16661468148231506,1
0.22511079907417297,1
0.38079047203063965,1
0.21516689658164978,1
0.3143182396888733,1
0.22318826615810394,1
0.252795547246933,1
0.1523868292570114,1
0.2860960066318512,1
0.31176048517227173,1
0.2627919912338257,1
0.2197207361459732,1
0.29714393615722656,1
0.18486148118972778,1
0.288335382938385,1
0.2211034893989563,1
0.3606463372707367,1
0.35406479239463806,1
0.2324080765247345,1
0.20214775204658508,1
0.12387081980705261,1
0.2214348465204239,1
0.24337470531463623,1
0.5287095308303833,1
0.2011481523513794,1
0.32544976472854614,1
0.2033437341451645,1
0.20966635644435883,1
0.2491065412759781,1
0.31944042444229126,1
0.16532185673713684,1
0.35015368461608887,1
0.12691575288772583,1
0.13857026398181915,1
0.19418823719024658,1
0.2349625676870346,1
0.3361307680606842,1
0.18310685455799103,1
0.40751633048057556,1
0.1254037469625473,1
0.2993142306804657,1
0.4275747239589691,1
0.1636282503604889,1
0.28456491231918335,1
0.0951966941356659,1
0.15442675352096558,1
0.24398161470890045,1
0.2838151752948761,1
0.23466861248016357,1
0.14066125452518463,1
0.27439484000205994,1
0.14624172449111938,1
0.2256808876991272,1
0.2439689338207245,1
0.2677891254425049,1
0.22457927465438843,1
0.28065386414527893,1
0.15294528007507324,1
0.2343687266111374,1
0.2872665524482727,1
0.22004938125610352,1
0.24051854014396667,1
0.25783997774124146,1
0.28128769993782043,1
0.16989344358444214,1
0.29076525568962097,1
0.23458820581436157,1
0.17328333854675293,1
0.24980664253234863,1
0.18688306212425232,1
0.43045082688331604,1
0.3816664218902588,1
0.1546691656112671,1
0.22294342517852783,1
0.2501765191555023,1
0.19564950466156006,1
0.2313053160905838,1
0.3552548885345459,1
0.19053751230239868,1
0.5104082822799683,1
0.2045440524816513,1
0.11996178328990936,1
0.2504580616950989,1
0.12529276311397552,1
0.10552503913640976,1
0.17313945293426514,1
0.40207886695861816,1
0.20331503450870514,1
0.2689003348350525,1
0.17787650227546692,1
0.40981242060661316,1
0.16905783116817474,1
0.1662788838148117,1
0.21905405819416046,1
0.18953800201416016,1
0.20877937972545624,1
0.258237361907959,1
0.27387866377830505,1
0.16839775443077087,1
0.22591352462768555,1
0.15979312360286713,1
0.3921571671962738,1
0.2576887011528015,1
0.12323060631752014,1
0.326191782951355,1
0.1686166226863861,1
0.2931709289550781,1
0.20674626529216766,1
0.2082401067018509,1
0.19402769207954407,1
0.36058473587036133,1
0.3022565245628357,1
0.2435624897480011,1
0.10354211926460266,1
0.27166762948036194,1
0.2905500829219818,1
0.15643134713172913,1
0.28405964374542236,1
0.41493386030197144,1
0.36635822057724,1
0.10796506702899933,1
0.26626890897750854,1
0.1993105411529541,1
0.28403207659721375,1
0.2060127556324005,1
0.17776259779930115,1
0.2734778821468353,1
0.31774434447288513,1
0.2711523175239563,1
0.14275667071342468,1
0.24043777585029602,1
0.21435603499412537,1
0.16712406277656555,1
0.2212088406085968,1
0.22557109594345093,1
0.2569889426231384,1
0.0941586121916771,1
0.29812830686569214,1
0.2143782675266266,1
0.24257008731365204,1
0.2705766260623932,1
0.18323387205600739,1
0.26847997307777405,1
0.40098148584365845,1
0.17613859474658966,1
0.14164699614048004,1
0.3684556484222412,1
0.2352958619594574,1
0.16871334612369537,1
0.17301109433174133,1
0.4667554795742035,1
0.22984392940998077,1
0.2881224751472473,1
0.15606974065303802,1
0.24537552893161774,1
0.23111727833747864,1
0.297552227973938,1
0.1575728803873062,1
0.17272143065929413,1
0.27318719029426575,1
0.13968515396118164,1
0.18846145272254944,1
0.24283775687217712,1
0.08187596499919891,1
0.45309120416641235,1
0.13957855105400085,1
0.2410978525876999,1
0.35592883825302124,1
0.14544567465782166,1
0.3460252285003662,1
0.328311949968338,1
0.26242920756340027,1
0.24812400341033936,1
0.07439562678337097,1
0.15851345658302307,1
0.33788812160491943,1
0.16049668192863464,1
0.15026335418224335,1
0.09896740317344666,1
0.24400001764297485,1
0.12886328995227814,1
0.2857517600059509,1
0.26079171895980835,1
0.14863616228103638,1
0.15165038406848907,1
0.2437504529953003,1
0.24138450622558594,1
0.20022641122341156,1
0.4799974262714386,1
0.45748984813690186,1
0.222288116812706,1
0.3068463206291199,1
0.14558443427085876,1
0.18098527193069458,1
0.15885014832019806,1
0.18496273458003998,1
0.21389514207839966,1
0.1386222094297409,1
0.21476811170578003,1
0.14475426077842712,1
0.15752603113651276,1
0.1558809131383896,1
0.29115453362464905,1
0.2273474931716919,1
0.2230972945690155,1
0.34028634428977966,1
0.1954546868801117,1
0.2560971677303314,1
0.19505751132965088,1
0.3058168292045593,1
0.20250877737998962,1
0.16951884329319,1
0.3868263065814972,1
0.3068399131298065,1
0.2043251395225525,1
0.29561424255371094,1
0.2352459877729416,1
0.4159741699695587,1
0.307839572429657,1
0.23889802396297455,1
0.1526407152414322,1
0.2481974959373474,1
0.37742841243743896,1
0.35382965207099915,1
0.17683449387550354,1
0.30555957555770874,1
0.13523244857788086,1
0.30392491817474365,1
0.1479044109582901,1
0.3082847595214844,1
0.1264418214559555,1
0.25365501642227173,1
0.11715229600667953,1
0.24205666780471802,1
0.23024238646030426,1
0.39977630972862244,1
0.20761874318122864,1
0.19494596123695374,1
0.22502098977565765,1
0.22103960812091827,1
0.24221663177013397,1
0.24122294783592224,1
0.1684420257806778,1
0.2992638051509857,1
0.35380762815475464,1
0.11450271308422089,1
0.19884508848190308,1
0.21802864968776703,1
0.2540993094444275,1
0.23380795121192932,1
0.2900732755661011,1
0.304701030254364,1
0.2522358298301697,1
0.28630879521369934,1
0.11649969220161438,1
0.175749734044075,1
0.22987300157546997,1
0.32546889781951904,1
0.16176697611808777,1
0.1879241019487381,1
0.06769383698701859,1
0.2686507999897003,1
0.18884719908237457,1
0.09298469126224518,1
0.25570839643478394,1
0.20783163607120514,1
0.22088204324245453,1
0.284967839717865,1
0.3626442551612854,1
0.20252802968025208,1
0.27291935682296753,1
0.2079247385263443,1
0.23183110356330872,1
0.26748380064964294,1
0.18515291810035706,1
0.09190277010202408,1
0.14133720099925995,1
0.1191069483757019,1
0.33908987045288086,1
0.1331518292427063,1
0.11601704359054565,1
0.21417531371116638,1
0.17629998922348022,1
0.21078765392303467,1
0.37349146604537964,1
0.2122865915298462,1
0.2952815592288971,1
0.32701197266578674,1
0.2347542643547058,1
0.2801312804222107,1
0.16720253229141235,1
0.31376713514328003,1
0.1259250044822693,1
0.2545039653778076,1
0.14029662311077118,1
0.20809407532215118,1
0.14343762397766113,1
0.2876988649368286,1
0.2588842511177063,1
0.16320477426052094,1
0.1374945491552353,1
0.17286185920238495,1
0.3131771683692932,1
0.21872499585151672,1
0.1833350956439972,1
0.3647889792919159,1
0.22774817049503326,1
0.15442922711372375,1
0.32290539145469666,1
0.18661507964134216,1
0.1915743052959442,1
0.21527957916259766,1
0.18914568424224854,1
0.2188369482755661,1
0.3651773929595947,1
0.22082404792308807,1
0.22588233649730682,1
0.15790186822414398,1
0.21200808882713318,1
0.21441814303398132,1
0.27677685022354126,1
0.4041636884212494,1
0.31282418966293335,1
0.3517836630344391,1
0.2085634469985962,1
0.14978128671646118,1
0.16525718569755554,1
0.17224691808223724,1
0.17090122401714325,1
0.12869010865688324,1
0.28919506072998047,1
0.31797298789024353,1
0.24409183859825134,1
0.2003440409898758,1
0.2250274419784546,1
0.3011314868927002,1
0.2573091685771942,1
0.16816547513008118,1
0.1885797381401062,1
0.2845838963985443,1
0.2727540135383606,1
0.18529850244522095,1
0.27227336168289185,1
0.18112890422344208,1
0.22958636283874512,1
0.2542898654937744,1
0.1924963891506195,1
0.4062378704547882,1
0.1743810474872589,1
0.352729469537735,1
0.30604445934295654,1
0.10984095931053162,1
0.3235364854335785,1
0.26957565546035767,1
0.20091547071933746,1
0.2690259516239166,1
0.2678106725215912,1
0.2532182037830353,1
0.1755027174949646,1
0.22029021382331848,1
0.17498591542243958,1
0.24979883432388306,1
0.19434934854507446,1
0.296574205160141,1
0.3324226438999176,1
0.2176457643508911,1
0.26737740635871887,1
0.24077126383781433,1
0.1335790753364563,1
0.2022291123867035,1
0.3140268623828888,1
0.1830381453037262,1
0.24818065762519836,1
0.15772536396980286,1
0.20999984443187714,1
0.2232346087694168,1
0.23848804831504822,1
0.23779237270355225,1
0.1806371510028839,1
0.23767244815826416,1
0.31400176882743835,1
0.12466192245483398,1
0.21593905985355377,1
0.2869551181793213,1
0.20027826726436615,1
0.18286743760108948,1
0.20119372010231018,1
0.2312927544116974,1
0.25204241275787354,1
0.22390668094158173,1
0.28618478775024414,1
0.2052173614501953,1
0.24424201250076294,1
0.2729825973510742,1
0.25224313139915466,1
0.32722020149230957,1
0.20771904289722443,1
0.29634764790534973,1
0.3886604309082031,1
0.3592863976955414,1
0.3258257508277893,1
0.14045551419258118,1
0.1828623265028,1
0.11603688448667526,1
0.18921203911304474,1
0.3337841033935547,1
0.4038446545600891,1
0.17130720615386963,1
0.26035359501838684,1
0.15621960163116455,1
0.37059926986694336,1
0.3965974450111389,1
0.27223193645477295,1
0.1817619651556015,1
0.19545790553092957,1
0.39134514331817627,1
0.38308945298194885,1
0.25249147415161133,1
0.4272138476371765,1
0.13467302918434143,1
0.09815718233585358,1
0.15437276661396027,1
0.19770796597003937,1
0.12676440179347992,1
0.2300538718700409,1
0.19600221514701843,1
0.2236938327550888,1
0.25694769620895386,1
0.27332833409309387,1
0.1614227592945099,1
0.19967904686927795,1
0.1922239363193512,1
0.2025536298751831,1
0.25794917345046997,1
0.2265210598707199,1
0.3845564126968384,1
0.1491156965494156,1
0.2417328804731369,1
0.3409997224807739,1
0.257560670375824,1
0.09860733151435852,1
0.2599217891693115,1
0.3213350772857666,1
0.13125643134117126,1
0.12833091616630554,1
0.21532589197158813,1
0.134686678647995,1
0.2047492414712906,1
0.25899171829223633,1
0.281455397605896,1
0.20098577439785004,1
0.22925624251365662,1
0.1643814891576767,1
0.25288069248199463,1
0.29228734970092773,1
0.2108430713415146,1
0.1536310315132141,1
0.2083529829978943,1
0.19077840447425842,1
0.16612601280212402,1
0.13647395372390747,1
0.27542832493782043,1
0.2429102212190628,1
0.23519571125507355,1
0.2451205849647522,1
0.2874671220779419,1
0.32571497559547424,1
0.11506666243076324,1
0.16351023316383362,1
0.21969859302043915,1
0.14440035820007324,1
0.11660875380039215,1
0.22673408687114716,1
0.20669332146644592,1
0.3390808701515198,1
0.24730613827705383,1
0.2883954644203186,1
0.23635698854923248,1
0.2129807025194168,1
0.30570337176322937,1
0.23630927503108978,1
0.2838355004787445,1
0.2739301025867462,1
0.19997847080230713,1
0.2018602192401886,1
0.10361524671316147,1
0.21441471576690674,1
0.17982091009616852,1
0.2173078954219818,1
0.22940844297409058,1
0.1677287518978119,1
0.19242095947265625,1
0.15470051765441895,1
0.3547336459159851,1
0.19479933381080627,1
0.3205593228340149,1
0.17274639010429382,1
0.23093190789222717,1
0.2615320086479187,1
0.21036756038665771,1
0.32064130902290344,1
0.13153520226478577,1
0.17739538848400116,1
0.11405044794082642,1
0.27550387382507324,1
0.21757158637046814,1
0.1934925615787506,1
0.26783421635627747,1
0.15548290312290192,1
0.08435143530368805,1
0.2978208363056183,1
0.27698060870170593,1
0.24561631679534912,1
0.21955624222755432,1
0.2144286036491394,1
0.36332622170448303,1
0.1589033305644989,1
0.43597179651260376,1
0.27701717615127563,1
0.27030065655708313,1
0.2057265043258667,1
0.1834178864955902,1
0.1660364866256714,1
0.2710392475128174,1
0.37421277165412903,1
0.24717794358730316,1
0.3203802704811096,1
0.2826756238937378,1
0.34686172008514404,1
0.5133873224258423,1
0.22799676656723022,1
0.13620303571224213,1
0.11648954451084137,1
0.34534189105033875,1
0.3118335008621216,1
0.5927421450614929,1
0.25113728642463684,1
0.18881958723068237,1
0.15954263508319855,1
0.21378502249717712,1
0.24850359559059143,1
0.23853126168251038,1
0.11960916221141815,1
0.20877856016159058,1
0.39685481786727905,1
0.2384711056947708,1
0.2023787945508957,1
0.22383058071136475,1
0.20729365944862366,1
0.31400638818740845,1
0.2553279995918274,1
0.3026055097579956,1
0.32902222871780396,1
0.27093467116355896,1
0.14097736775875092,1
0.17889589071273804,1
0.28721222281455994,1
0.2819267809391022,1
0.14823251962661743,1
0.16657552123069763,1
0.07598163187503815,1
0.1467258185148239,1
0.36217987537384033,1
0.18814542889595032,1
0.24507370591163635,1
0.2085532695055008,1
0.35687366127967834,1
0.14903956651687622,1
0.31473472714424133,1
0.11645610630512238,1
0.21647268533706665,1
0.3352232575416565,1
0.3347015082836151,1
0.26860347390174866,1
0.20800380408763885,1
0.10336147248744965,1
0.33705422282218933,1
0.3060840964317322,1
0.1757650226354599,1
0.34441566467285156,1
0.324347585439682,1
0.2424376904964447,1
0.12726286053657532,1
0.19760005176067352,1
0.21642805635929108,1
0.26853567361831665,1
0.1603679656982422,1
0.25072887539863586,1
0.13451898097991943,1
0.28780829906463623,1
0.32212328910827637,1
0.14917679131031036,1
0.112675741314888,1
0.40693143010139465,1
0.31284743547439575,1
0.18100634217262268,1
0.3028806149959564,1
0.12740294635295868,1
0.18566849827766418,1
0.3457498550415039,1
0.1783703714609146,1
0.17023679614067078,1
0.2537737786769867,1
0.26471662521362305,1
0.19163906574249268,1
0.2125963717699051,1
0.15143825113773346,1
0.29513582587242126,1
0.1580248922109604,1
0.2425428330898285,1
0.19655802845954895,1
0.2132154107093811,1
0.11529077589511871,1
0.24913173913955688,1
0.3175637423992157,1
0.1670577973127365,1
0.2049618810415268,1
0.2437770962715149,1
0.19998003542423248,1
0.4381561279296875,1
0.2122102677822113,1
0.32052427530288696,1
0.22091826796531677,1
0.31328675150871277,1
0.3177908658981323,1
0.31610846519470215,1
0.18382050096988678,1
0.11494466662406921,1
0.19569037854671478,1
0.24017922580242157,1
0.2816719114780426,1
0.1838652640581131,1
0.18968339264392853,1
0.30554133653640747,1
0.24205382168293,1
0.41044363379478455,1
0.22413542866706848,1
0.30223992466926575,1
0.2450234740972519,1
0.35877180099487305,1
0.37357670068740845,1
0.18567994236946106,1
0.23261621594429016,1
0.2736835479736328,1
0.17586885392665863,1
0.19394676387310028,1
0.25100982189178467,1
0.16807237267494202,1
0.18289156258106232,1
0.31026944518089294,1
0.5571720004081726,1
0.29220694303512573,1
0.24594837427139282,1
0.31010910868644714,1
0.23716522753238678,1
0.23402273654937744,1
0.2670881748199463,1
0.21410244703292847,1
0.33245721459388733,1
0.14236994087696075,1
0.18246331810951233,1
0.35566410422325134,1
0.11230988800525665,1
0.42882007360458374,1
0.21638548374176025,1
0.30885303020477295,1
0.28981807827949524,1
0.3059711456298828,1
0.3196793496608734,1
0.17378956079483032,1
0.21721088886260986,1
0.23694323003292084,1
0.2729136347770691,1
0.14746811985969543,1
0.2506111264228821,1
0.27405840158462524,1
0.24465718865394592,1
0.22248952090740204,1
0.19917035102844238,1
0.24892333149909973,1
0.11709076166152954,1
0.20029477775096893,1
0.23201465606689453,1
0.19028577208518982,1
0.30477097630500793,1
0.31094905734062195,1
0.20714379847049713,1
0.20581835508346558,1
0.2615737318992615,1
0.3620719909667969,1
0.20173373818397522,1
0.35873061418533325,1
0.37867939472198486,1
0.14214639365673065,1
0.1843295693397522,1
0.26016974449157715,1
0.17428618669509888,1
0.18338292837142944,1
0.13621145486831665,1
0.39944279193878174,1
0.3500624895095825,1
0.2777893543243408,1
0.2389165163040161,1
0.2692476212978363,1
0.21472086012363434,1
0.2236177772283554,1
0.1713409721851349,1
0.24921561777591705,1
0.3756248950958252,1
0.18988019227981567,1
0.13216730952262878,1
0.21053235232830048,1
0.15555551648139954,1
0.14895586669445038,1
0.2317548245191574,1
0.290510356426239,1
0.35028505325317383,1
0.22748634219169617,1
0.13922880589962006,1
0.28850093483924866,1
0.3240264356136322,1
0.16199776530265808,1
0.3161943256855011,1
0.381753146648407,1
0.24956494569778442,1
0.1413768231868744,1
0.1799333095550537,1
0.31387197971343994,1
0.24009715020656586,1
0.3683335781097412,1
0.2598612904548645,1
0.24895116686820984,1
0.21283581852912903,1
0.21438246965408325,1
0.17071183025836945,1
0.2565065920352936,1
0.31158190965652466,1
0.23818428814411163,1
0.26593077182769775,1
0.23407867550849915,1
0.31166133284568787,1
0.3324480652809143,1
0.18743163347244263,1
0.1483336240053177,1
0.23461100459098816,1
0.21340642869472504,1
0.22696423530578613,1
0.28386497497558594,1
0.14351439476013184,1
0.17892618477344513,1
0.25541332364082336,1
0.36890414357185364,1
0.29110831022262573,1
0.2942822575569153,1
0.2197747677564621,1
0.2307165265083313,1
0.19102822244167328,1
0.23877272009849548,1
0.19654367864131927,1
0.3685832619667053,1
0.3034735321998596,1
0.3240770697593689,1
0.39450493454933167,1
0.20735833048820496,1
0.2881224453449249,1
0.24191588163375854,1
0.17171429097652435,1
0.31695330142974854,1
0.32781732082366943,1
0.22899770736694336,1
0.2425713986158371,1
0.23609799146652222,1
0.2565394639968872,1
0.24279220402240753,1
0.17355236411094666,1
0.10662059485912323,1
0.30237433314323425,1
0.14129674434661865,1
0.3658672571182251,1
0.2255765199661255,1
0.1227632537484169,1
0.1756700575351715,1
0.1657932698726654,1
0.39265620708465576,1
0.3004981279373169,1
0.1563824713230133,1
0.25046101212501526,1
0.1367817223072052,1
0.16849566996097565,1
0.3108512759208679,1
0.1610829383134842,1
0.17251260578632355,1
0.2872006893157959,1
0.15238936245441437,1
0.2422332614660263,1
0.2181043028831482,1
0.1807759553194046,1
0.261342316865921,1
0.16492517292499542,1
0.12596705555915833,1
0.21897511184215546,1
0.20654156804084778,1
0.16837389767169952,1
0.26988255977630615,1
0.19894538819789886,1
0.1920781284570694,1
0.34905052185058594,1
0.1975359320640564,1
0.1767413318157196,1
0.24382689595222473,1
0.17284920811653137,1
0.25395166873931885,1
0.30829277634620667,1
0.23747241497039795,1
0.36700424551963806,1
0.33555570244789124,1
0.2622453272342682,1
0.36928483843803406,1
0.17890584468841553,1
0.24732345342636108,1
0.08140039443969727,1
0.30037370324134827,1
0.20036576688289642,1
0.09871846437454224,1
0.21021343767642975,1
0.23687735199928284,1
0.15280815958976746,1
0.20958927273750305,1
0.31808018684387207,1
0.30669885873794556,1
0.19796127080917358,1
0.21892769634723663,1
0.5555181503295898,1
0.15670780837535858,1
0.20234078168869019,1
0.318839967250824,1
0.33283790946006775,1
0.13764293491840363,1
0.33526384830474854,1
0.19797343015670776,1
0.10829737037420273,1
0.38837671279907227,1
0.27361494302749634,1
0.2463587373495102,1
0.14302906394004822,1
0.49715644121170044,1
0.25315576791763306,1
0.15564310550689697,1
0.2380702942609787,1
0.40506166219711304,1
0.17994572222232819,1
0.23707231879234314,1
0.13132597506046295,1
0.24349552392959595,1
0.2118939608335495,1
0.240508571267128,1
0.16630226373672485,1
0.2611258029937744,1
0.11297953873872757,1
0.39354225993156433,1
0.27884912490844727,1
0.20220255851745605,1
0.2552660405635834,1
0.25536662340164185,1
0.27776262164115906,1
0.2640262544155121,1
0.27054229378700256,1
0.18819458782672882,1
0.19159752130508423,1
0.16494745016098022,1
0.25800347328186035,1
0.342742383480072,1
0.34511032700538635,1
0.16444037854671478,1
0.31793326139450073,1
0.16453871130943298,1
0.2493070662021637,1
0.26532596349716187,1
0.2417181432247162,1
0.16434569656848907,1
0.42198464274406433,1
0.3634137809276581,1
0.1707620769739151,1
0.3079754114151001,1
0.3801131844520569,1
0.19069625437259674,1
0.2812753915786743,1
0.15342360734939575,1
0.1416759192943573,1
0.25737833976745605,1
0.16320791840553284,1
0.23286853730678558,1
0.18462535738945007,1
0.11585059016942978,1
0.2199430912733078,1
0.24271535873413086,1
0.24469313025474548,1
0.3015478849411011,1
0.2670174539089203,1
0.2928944230079651,1
0.17122197151184082,1
0.14777368307113647,1
0.18887463212013245,1
0.09841053187847137,1
0.12460403144359589,1
0.19812080264091492,1
0.2627320885658264,1
0.17591869831085205,1
0.3599703013896942,1
0.18444907665252686,1
0.19138839840888977,1
0.17741483449935913,1
0.22563940286636353,1
0.20175567269325256,1
0.243625208735466,1
0.19767560064792633,1
0.2233738899230957,1
0.2527468800544739,1
0.08659711480140686,1
0.35294556617736816,1
0.24277280271053314,1
0.13194747269153595,1
0.29879581928253174,1
0.279084175825119,1
0.22691559791564941,1
0.25008025765419006,1
0.17810487747192383,1
0.20981357991695404,1
0.20781460404396057,1
0.2577908933162689,1
0.22316260635852814,1
0.13654810190200806,1
0.3308836817741394,1
0.1739499568939209,1
0.21559172868728638,1
0.22716426849365234,1
0.08991191536188126,1
0.35396963357925415,1
0.13301047682762146,1
0.2626911699771881,1
0.2275778353214264,1
0.21164318919181824,1
0.15472914278507233,1
0.3300577402114868,1
0.20180195569992065,1
0.47051650285720825,1
0.31024831533432007,1
0.1736741065979004,1
0.22477711737155914,1
0.27432680130004883,1
0.22180411219596863,1
0.24687634408473969,1
0.21992863714694977,1
0.28166985511779785,1
0.27961835265159607,1
0.29514408111572266,1
0.2518112361431122,1
0.2513836622238159,1
0.15930530428886414,1
0.2639755606651306,1
0.18946674466133118,1
0.46064162254333496,1
0.3665989935398102,1
0.26111695170402527,1
0.269724577665329,1
0.16175949573516846,1
0.24075034260749817,1
0.3326222598552704,1
0.21362680196762085,1
0.26038506627082825,1
0.08647425472736359,1
0.2740262448787689,1
0.12789948284626007,1
0.34033873677253723,1
0.3431689739227295,1
0.16354773938655853,1
0.1891360729932785,1
0.2799333333969116,1
0.3111695945262909,1
0.16501149535179138,1
0.16139167547225952,1
0.1746603399515152,1
0.24796731770038605,1
0.20626816153526306,1
0.21507519483566284,1
0.32260480523109436,1
0.3119164705276489,1
0.14413774013519287,1
0.17772656679153442,1
0.3160153925418854,1
0.3482869863510132,1
0.16731159389019012,1
0.1293310821056366,1
0.27793198823928833,1
0.1465926170349121,1
0.22073787450790405,1
0.22427594661712646,1
0.3108431100845337,1
0.2265135645866394,1
0.32096368074417114,1
0.385341078042984,1
0.25805723667144775,1
0.32856881618499756,1
0.28120335936546326,1
0.2154167890548706,1
0.26164108514785767,1
0.10812711715698242,1
0.22253334522247314,1
0.3380890190601349,1
0.28611135482788086,1
0.21584542095661163,1
0.12855246663093567,1
0.10810703039169312,1
0.22119538486003876,1
0.14818882942199707,1
0.1876467913389206,1
0.26763761043548584,1
0.2642728388309479,1
0.3223699629306793,1
0.23136675357818604,1
0.2036975920200348,1
0.20712697505950928,1
0.24862554669380188,1
0.11480730772018433,1
0.17735809087753296,1
0.11722204089164734,1
0.29703229665756226,1
0.2928156554698944,1
0.2519877254962921,1
0.2736740708351135,1
0.16505415737628937,1
0.2324664145708084,1
0.2638430893421173,1
0.23909726738929749,1
0.23036299645900726,1
0.23913231492042542,1
0.20319023728370667,1
0.154099702835083,1
0.24068787693977356,1
0.13977791368961334,1
0.2299276888370514,1
0.09571521729230881,1
0.2114565074443817,1
0.4822980463504791,1
0.36998921632766724,1
0.3296931982040405,1
0.24782074987888336,1
0.17236529290676117,1
0.2445131093263626,1
0.23611758649349213,1
0.3615397810935974,1
0.31625598669052124,1
0.33445608615875244,1
0.33040058612823486,1
0.19239789247512817,1
0.34608423709869385,1
0.19337493181228638,1
0.13163748383522034,1
0.346025675535202,1
0.18736736476421356,1
0.17316535115242004,1
0.41629457473754883,1
0.2094395011663437,1
0.27558663487434387,1
0.13669484853744507,1
0.2808680236339569,1
0.26049962639808655,1
0.174904465675354,1
0.265067458152771,1
0.19548605382442474,1
0.17921562492847443,1
0.21304118633270264,1
0.12692061066627502,1
0.15941984951496124,1
0.4144842028617859,1
0.20544186234474182,1
0.33549103140830994,1
0.17210179567337036,1
0.1502590924501419,1
0.18451735377311707,1
0.30535078048706055,1
0.23468488454818726,1
0.2639128565788269,1
0.28163227438926697,1
0.14425964653491974,1
0.1670699566602707,1
0.14033657312393188,1
0.23462462425231934,1
0.14879758656024933,1
0.14781957864761353,1
0.2530983090400696,1
0.2283802628517151,1
0.1706165075302124,1
0.283132404088974,1
0.17026570439338684,1
0.155306875705719,1
0.34575846791267395,1
0.29344239830970764,1
0.24204060435295105,1
0.1511598527431488,1
0.1418720781803131,1
0.26738476753234863,1
0.2875557839870453,1
0.250181645154953,1
0.3437829315662384,1
0.1158304363489151,1
0.1750565469264984,1
0.21434864401817322,1
0.2295030802488327,1
0.3243754506111145,1
0.2012714445590973,1
0.3219676613807678,1
0.14695775508880615,1
0.30412280559539795,1
0.31198230385780334,1
0.15268126130104065,1
0.4630855321884155,1
0.1222127228975296,1
