0.22248230874538422,1
0.18540242314338684,1
0.16110506653785706,1
0.09827820956707001,1
0.13663825392723083,1
0.4253906309604645,1
0.19637396931648254,1
0.12073426693677902,1
0.21003767848014832,1
0.14197945594787598,1
0.0491010807454586,1
0.18697413802146912,1
0.14295686781406403,1
0.2647562026977539,1
0.06890956312417984,1
0.06565959751605988,1
0.3299073874950409,1
0.17095725238323212,1
0.19701609015464783,1
0.4226047098636627,1
0.14672014117240906,1
0.06686146557331085,1
0.157478928565979,1
0.13258865475654602,1
0.045524775981903076,1
0.12108690291643143,1
0.15098640322685242,1
0.14419996738433838,1
0.12126800417900085,1
0.10758236795663834,1
0.21518953144550323,1
0.1723823845386505,1
0.12382416427135468,1
0.12317401170730591,1
0.07214006036520004,1
0.11547490954399109,1
0.23325800895690918,1
0.14272989332675934,1
0.1260557770729065,1
0.06201070547103882,1
0.04943801462650299,1
0.06924667209386826,1
0.16616913676261902,1
0.15446394681930542,1
0.14378535747528076,1
0.11503545939922333,1
0.10222046822309494,1
0.0659199208021164,1
0.10046736896038055,1
0.02342810295522213,1
0.08655885607004166,1
0.10177642852067947,1
0.07833342999219894,1
0.043696820735931396,1
0.04474756121635437,1
0.0984526127576828,1
0.04065430164337158,1
0.16485995054244995,1
0.035029515624046326,1
0.1563270539045334,1
0.2019772231578827,1
0.12002719193696976,1
0.20538797974586487,1
0.09500207751989365,1
0.10216820240020752,1
0.25542521476745605,1
0.20016542077064514,1
0.1441943347454071,1
0.1363324671983719,1
0.14264656603336334,1
0.10832852125167847,1
0.15420478582382202,1
0.2189268171787262,1
0.17267802357673645,1
0.18882107734680176,1
0.15386392176151276,1
0.1122841015458107,1
0.10451290011405945,1
0.2625720500946045,1
0.22418725490570068,1
0.15149495005607605,1
0.0811220109462738,1
0.07106328755617142,1
0.05824723839759827,1
0.08738246560096741,1
0.0844961553812027,1
0.1299552470445633,1
0.10811831057071686,1
0.07840687036514282,1
0.18543152511119843,1
0.13494591414928436,1
0.08802247792482376,1
0.1402648687362671,1
0.09982625395059586,1
0.06358127295970917,1
0.07962407916784286,1
0.25155991315841675,1
0.22183188796043396,1
0.06254822760820389,1
0.2013075202703476,1
0.09221238642930984,1
0.2605908215045929,1
0.05170567333698273,1
0.060499660670757294,1
0.18236391246318817,1
0.12671908736228943,1
0.18062318861484528,1
0.10053315758705139,1
0.20615801215171814,1
0.09871678054332733,1
0.13946934044361115,1
0.11256775259971619,1
0.12026061862707138,1
0.16879437863826752,1
0.17064771056175232,1
0.08117199689149857,1
0.1684085875749588,1
0.0555407777428627,1
0.07095037400722504,1
0.10776273161172867,1
0.135858416557312,1
0.15101805329322815,1
0.0915852040052414,1
0.2796182632446289,1
0.20487841963768005,1
0.05868599936366081,1
0.10258448868989944,1
0.06938782334327698,1
0.30653059482574463,1
0.06612299382686615,1
0.030343681573867798,1
0.15032538771629333,1
0.06591475754976273,1
0.0817837044596672,1
0.2434442639350891,1
0.06137559190392494,1
0.052615903317928314,1
0.03259959816932678,1
0.19344034790992737,1
0.014536913484334946,1
0.05896679311990738,1
0.04293980449438095,1
0.11425048112869263,1
0.26892855763435364,1
0.08975064009428024,1
0.1399761140346527,1
0.10334379225969315,1
0.04578978568315506,1
0.11274521797895432,1
0.1167314201593399,1
0.0862385556101799,1
0.06113490089774132,1
0.1696397066116333,1
0.11972572654485703,1
0.12472053617238998,1
0.1408890187740326,1
0.1298769861459732,1
0.03389379009604454,1
0.102149598300457,1
0.1296956092119217,1
0.10512971132993698,1
0.18391218781471252,1
0.1365583837032318,1
0.0650792270898819,1
0.09036267548799515,1
0.03828972578048706,1
0.12026426196098328,1
0.09691128134727478,1
0.17407925426959991,1
0.1521243453025818,1
0.0901944488286972,1
0.11180702596902847,1
0.06719624996185303,1
0.13202835619449615,1
0.1773911714553833,1
0.08700742572546005,1
0.08220739662647247,1
0.10096807032823563,1
0.10411758720874786,1
0.084953673183918,1
0.31303438544273376,1
0.08782275021076202,1
0.0666215792298317,1
0.18257471919059753,1
0.07377059012651443,1
0.08273902535438538,1
0.12369780242443085,1
0.053036879748106,1
0.08079412579536438,1
0.10985864698886871,1
0.16575105488300323,1
0.1401178389787674,1
0.24578210711479187,1
0.1800030618906021,1
0.1620303839445114,1
0.06922628730535507,1
0.05144284665584564,1
0.14103345572948456,1
0.19509439170360565,1
0.13630902767181396,1
0.04553857445716858,1
0.1422143131494522,1
0.06073559448122978,1
0.12267374992370605,1
0.224368155002594,1
0.10448496043682098,1
0.17304569482803345,1
0.11482657492160797,1
0.07188713550567627,1
0.1294790804386139,1
0.1898031383752823,1
0.04279144108295441,1
0.21563586592674255,1
0.04888104274868965,1
0.0695318654179573,1
0.1496952325105667,1
0.056911300867795944,1
0.06147437542676926,1
0.09851580858230591,1
0.10135645419359207,1
0.10306259244680405,1
0.06380081176757813,1
0.14026089012622833,1
0.13968625664710999,1
0.08583014458417892,1
0.14793440699577332,1
0.06942782551050186,1
0.05656041204929352,1
0.11726796627044678,1
0.18665841221809387,1
0.1500391960144043,1
0.10380502045154572,1
0.11487560719251633,1
0.11597584187984467,1
0.149023175239563,1
0.23739832639694214,1
0.08443229645490646,1
0.23470476269721985,1
0.26926639676094055,1
0.2469862997531891,1
0.04793408885598183,1
0.0513681098818779,1
0.037206582725048065,1
0.16050201654434204,1
0.13016965985298157,1
0.0680513083934784,1
0.08468638360500336,1
0.2369557023048401,1
0.06031942367553711,1
0.14490456879138947,1
0.090635746717453,1
0.08269266784191132,1
0.10694330930709839,1
0.17032237350940704,1
0.05096621811389923,1
0.1260494887828827,1
0.17226453125476837,1
0.09698162972927094,1
0.11535351723432541,1
0.23731887340545654,1
0.15753965079784393,1
0.06744714081287384,1
0.06575898081064224,1
0.07450008392333984,1
0.04915633052587509,1
0.22530877590179443,1
0.2192346751689911,1
0.06829087436199188,1
0.09046623855829239,1
0.2325117439031601,1
0.08751440048217773,1
0.19847658276557922,1
0.2962619364261627,1
0.10585229843854904,1
0.07385993003845215,1
0.06955759972333908,1
0.10738768428564072,1
0.3083275556564331,1
0.21953338384628296,1
0.04934576898813248,1
0.08042869716882706,1
0.05758272111415863,1
0.06093381345272064,1
0.05323353782296181,1
0.15766668319702148,1
0.11312125623226166,1
0.26638007164001465,1
0.2875829339027405,1
0.05289698764681816,1
0.06667663902044296,1
0.176926389336586,1
0.19290059804916382,1
0.05916191264986992,1
0.055804334580898285,1
0.2360306829214096,1
0.05806978791952133,1
0.14323008060455322,1
0.13959112763404846,1
0.0695323795080185,1
0.07127038389444351,1
0.13437622785568237,1
0.08944986760616302,1
0.13980533182621002,1
0.35738903284072876,1
0.16092364490032196,1
0.10111886262893677,1
0.12613347172737122,1
0.23519085347652435,1
0.25365549325942993,1
0.14660361409187317,1
0.13420847058296204,1
0.11261119693517685,1
0.09083591401576996,1
0.17656299471855164,1
0.1557442843914032,1
0.05543304979801178,1
0.07075825333595276,1
0.1192396879196167,1
0.18194569647312164,1
0.13755707442760468,1
0.27407336235046387,1
0.13558897376060486,1
0.16180790960788727,1
0.16250360012054443,1
0.13747045397758484,1
0.11458010971546173,1
0.1002562865614891,1
0.17962126433849335,1
0.14351393282413483,1
0.07394180446863174,1
0.1454593539237976,1
0.19044923782348633,1
0.13573850691318512,1
0.062391240149736404,1
0.12205150723457336,1
0.05603111535310745,1
0.15995031595230103,1
0.08352132886648178,1
0.08459127694368362,1
0.13413475453853607,1
0.028262976557016373,1
0.035475634038448334,1
0.15300145745277405,1
0.17896729707717896,1
0.042148150503635406,1
0.18297627568244934,1
0.17943483591079712,1
0.12940964102745056,1
0.1343783736228943,1
0.1174999549984932,1
0.14949637651443481,1
0.09636697173118591,1
0.13828922808170319,1
0.19741004705429077,1
0.1266556680202484,1
0.3150305449962616,1
0.19104789197444916,1
0.15581563115119934,1
0.05302853882312775,1
0.06116446107625961,1
0.10326580703258514,1
0.08729135990142822,1
0.10733766108751297,1
0.1965380609035492,1
0.14939472079277039,1
0.06017529219388962,1
0.04883195459842682,1
0.21701954305171967,1
0.1741969883441925,1
0.08333821594715118,1
0.05889606848359108,1
0.12449949979782104,1
0.20812179148197174,1
0.06211148202419281,1
0.1614181399345398,1
0.10179450362920761,1
0.14638583362102509,1
0.18658047914505005,1
0.1620117723941803,1
0.13032354414463043,1
0.19192683696746826,1
0.17820513248443604,1
0.1499548852443695,1
0.05482375621795654,1
0.12259230017662048,1
0.15338259935379028,1
0.04243722930550575,1
0.11488852649927139,1
0.04331272467970848,1
0.08312870562076569,1
0.15454424917697906,1
0.05529294162988663,1
0.0919211357831955,1
0.16562125086784363,1
0.052878960967063904,1
0.05521591752767563,1
0.11196433007717133,1
0.13733626902103424,1
0.10155780613422394,1
0.08443035185337067,1
0.2068798989057541,1
0.15990881621837616,1
0.11973872780799866,1
0.03971531614661217,1
0.17969754338264465,1
0.08646304160356522,1
0.10237941145896912,1
0.12216976284980774,1
0.08753770589828491,1
0.029774434864521027,1
0.12021496891975403,1
0.06828218698501587,1
0.09163664281368256,1
0.27831152081489563,1
0.1530393809080124,1
0.17589060962200165,1
0.11999048292636871,1
0.13690577447414398,1
0.040299516171216965,1
0.05171319097280502,1
0.11750070750713348,1
0.04614972323179245,1
0.1272733062505722,1
0.16459780931472778,1
0.11444669216871262,1
0.2558325231075287,1
0.20732904970645905,1
0.1337965577840805,1
0.09926596283912659,1
0.14591290056705475,1
0.032426200807094574,1
0.08216593414545059,1
0.2031586617231369,1
0.14844119548797607,1
0.16809403896331787,1
0.07798522710800171,1
0.3325117826461792,1
0.07154515385627747,1
0.11441252380609512,1
0.10048022866249084,1
0.16551199555397034,1
0.08197993040084839,1
0.17153412103652954,1
0.10959337651729584,1
0.05483972653746605,1
0.060866791754961014,1
0.06499417871236801,1
0.14573422074317932,1
0.11447104811668396,1
0.14324957132339478,1
0.13032987713813782,1
0.16640672087669373,1
0.020682012662291527,1
0.1982768177986145,1
0.06717194616794586,1
0.07919782400131226,1
0.09692717343568802,1
0.08502468466758728,1
0.24125038087368011,1
0.12024390697479248,1
0.21992188692092896,1
0.06599031388759613,1
0.15405970811843872,1
0.15502426028251648,1
0.17011211812496185,1
0.16439151763916016,1
0.08859101682901382,1
0.1186070591211319,1
0.1954217255115509,1
0.10204902291297913,1
0.13774961233139038,1
0.18038390576839447,1
0.08706629276275635,1
0.032670293003320694,1
0.115822434425354,1
0.21755093336105347,1
0.09527801722288132,1
0.24547652900218964,1
0.06971605867147446,1
0.023508433252573013,1
0.20317545533180237,1
0.07678239047527313,1
0.14092814922332764,1
0.12351851910352707,1
0.0567045658826828,1
0.14326009154319763,1
0.11458143591880798,1
0.11675383150577545,1
0.19954949617385864,1
0.19355376064777374,1
0.059380847960710526,1
0.06043875962495804,1
0.11735013127326965,1
0.08424679934978485,1
0.17387457191944122,1
0.05818461254239082,1
0.2079857885837555,1
0.11786041408777237,1
0.17312295734882355,1
0.09788957983255386,1
0.21249200403690338,1
0.321732759475708,1
0.06664791703224182,1
0.14543917775154114,1
0.19840282201766968,1
0.13156142830848694,1
0.060485124588012695,1
0.03504224866628647,1
0.13933135569095612,1
0.3524397313594818,1
0.11373675614595413,1
0.10643824934959412,1
0.08163221925497055,1
0.245886892080307,1
0.1850084662437439,1
0.09965521097183228,1
0.09490445256233215,1
0.0532429963350296,1
0.2540210783481598,1
0.18168319761753082,1
0.08512839674949646,1
0.04376287758350372,1
0.13261361420154572,1
0.193038672208786,1
0.06720981001853943,1
0.12771882116794586,1
0.04761295020580292,1
0.11711754649877548,1
0.1564762145280838,1
0.08928246051073074,1
0.07516855001449585,1
0.25289803743362427,1
0.17493031919002533,1
0.1759909987449646,1
0.32364219427108765,1
0.08238411694765091,1
0.12110131978988647,1
0.11752313375473022,1
0.08982530236244202,1
0.16628716886043549,1
0.04481848329305649,1
0.1006619781255722,1
0.15610875189304352,1
0.10127300024032593,1
0.08740227669477463,1
0.22858688235282898,1
0.027489738538861275,1
0.09841467440128326,1
0.1707233190536499,1
0.1800890862941742,1
0.23649057745933533,1
0.025196285918354988,1
0.13239358365535736,1
0.08768051862716675,1
0.13366985321044922,1
0.062039487063884735,1
0.06793113797903061,1
0.22682595252990723,1
0.16307756304740906,1
0.07652804255485535,1
0.07933782041072845,1
0.2032516598701477,1
0.3113176226615906,1
0.3140549659729004,1
0.18892315030097961,1
0.1288095861673355,1
0.0793534442782402,1
0.18020620942115784,1
0.11307183653116226,1
0.13169008493423462,1
0.27253061532974243,1
0.06238306686282158,1
0.18275408446788788,1
0.07552646845579147,1
0.11568593233823776,1
0.2456578016281128,1
0.20007628202438354,1
0.1384378969669342,1
0.14705725014209747,1
0.06261944025754929,1
0.04193927347660065,1
0.11172068119049072,1
0.08523467928171158,1
0.043958839029073715,1
0.03752053156495094,1
0.042345307767391205,1
0.1908513307571411,1
0.16956250369548798,1
0.33073052763938904,1
0.09875443577766418,1
0.27869659662246704,1
0.07742752134799957,1
0.11019079387187958,1
0.13481318950653076,1
0.09638172388076782,1
0.2250857949256897,1
0.08044165372848511,1
0.12041434645652771,1
0.0638284981250763,1
0.10847330093383789,1
0.07783189415931702,1
0.1815698742866516,1
0.05313890054821968,1
0.08364982157945633,1
0.10166265070438385,1
0.10565530508756638,1
0.06395739316940308,1
0.2319490909576416,1
0.19012300670146942,1
0.16764463484287262,1
0.11974546313285828,1
0.3354949951171875,1
0.17284345626831055,1
0.07298595458269119,1
0.08392636477947235,1
0.12183031439781189,1
0.32865965366363525,1
0.30826547741889954,1
0.06102802976965904,1
0.11711110174655914,1
0.14038565754890442,1
0.07097995281219482,1
0.2808423340320587,1
0.16817721724510193,1
0.08686560392379761,1
0.1768651157617569,1
0.07494261860847473,1
0.11942383646965027,1
0.13521839678287506,1
0.15415889024734497,1
0.0973697155714035,1
0.16298268735408783,1
0.15987423062324524,1
0.11619947105646133,1
0.14146247506141663,1
0.24318748712539673,1
0.1070161759853363,1
0.0658271536231041,1
0.16831710934638977,1
0.04073846712708473,1
0.12345384806394577,1
0.13955792784690857,1
0.10921972244977951,1
0.2743416726589203,1
0.14819149672985077,1
0.10176682472229004,1
0.10779042541980743,1
0.06881523132324219,1
0.15839895606040955,1
0.2585983872413635,1
0.18930180370807648,1
0.07140134274959564,1
0.27798187732696533,1
0.15601393580436707,1
0.055745746940374374,1
0.1249186098575592,1
0.2023191899061203,1
0.11986304819583893,1
0.10232369601726532,1
0.12305304408073425,1
0.1729326695203781,1
0.05716840177774429,1
0.05676955729722977,1
0.09750059992074966,1
0.09263326972723007,1
0.08201626688241959,1
0.10466073453426361,1
0.1416911780834198,1
0.12311068177223206,1
0.10876563936471939,1
0.06323222070932388,1
0.11265737563371658,1
0.1445705145597458,1
0.1968454122543335,1
0.08884326368570328,1
0.10191254317760468,1
0.08691402524709702,1
0.13945600390434265,1
0.2496023178100586,1
0.05495866760611534,1
0.14949676394462585,1
0.19096696376800537,1
0.1771906018257141,1
0.1480681300163269,1
0.32069864869117737,1
0.081325463950634,1
0.20933136343955994,1
0.0704849511384964,1
0.08964785188436508,1
0.19016508758068085,1
0.11861637234687805,1
0.19001498818397522,1
0.09524789452552795,1
0.09403017908334732,1
0.21280121803283691,1
0.14664879441261292,1
0.16023799777030945,1
0.0697079449892044,1
0.21470287442207336,1
0.15744493901729584,1
0.10380736738443375,1
0.2087664157152176,1
0.34899598360061646,1
0.3290463089942932,1
0.15809793770313263,1
0.13109776377677917,1
0.0814356803894043,1
0.08449879288673401,1
0.20542475581169128,1
0.1419215202331543,1
0.13145557045936584,1
0.07205893844366074,1
0.10172228515148163,1
0.20549748837947845,1
0.081076979637146,1
0.027722621336579323,1
0.173924058675766,1
0.1603567898273468,1
0.05454641580581665,1
0.03290701285004616,1
0.10081886500120163,1
0.044911663979291916,1
0.2782977819442749,1
0.05361638218164444,1
0.20691798627376556,1
0.08876954764127731,1
0.1612062156200409,1
0.27541112899780273,1
0.05625036358833313,1
0.16067154705524445,1
0.15836086869239807,1
0.04711504280567169,1
0.048948369920253754,1
0.23252463340759277,1
0.06789281964302063,1
0.13499991595745087,1
0.1605663001537323,1
0.0792229101061821,1
0.1783510446548462,1
0.058893635869026184,1
0.20012442767620087,1
0.041922636330127716,1
0.13644231855869293,1
0.17244285345077515,1
0.11197177320718765,1
0.07387024164199829,1
0.17427939176559448,1
0.09679290652275085,1
0.19819526374340057,1
0.06600794941186905,1
0.16423559188842773,1
0.1296280026435852,1
0.2920619249343872,1
0.19800569117069244,1
0.2563279867172241,1
0.038466375321149826,1
0.03491469472646713,1
0.0903039202094078,1
0.2004261016845703,1
0.10847651213407516,1
0.12440900504589081,1
0.04174148663878441,1
0.1727452278137207,1
0.13249552249908447,1
0.10871763527393341,1
0.09916593134403229,1
0.043892957270145416,1
0.05150780454277992,1
0.06673780828714371,1
0.0834827721118927,1
0.23349794745445251,1
0.07783514261245728,1
0.10075825452804565,1
0.08442205935716629,1
0.1341811716556549,1
0.32116296887397766,1
0.0773463174700737,1
0.2689422369003296,1
0.13629329204559326,1
0.3852035403251648,1
0.17927171289920807,1
0.14230899512767792,1
0.054035503417253494,1
0.10432632267475128,1
0.12699615955352783,1
0.03475308045744896,1
0.11905232071876526,1
0.057674504816532135,1
0.1757259964942932,1
0.1608555167913437,1
0.1602446287870407,1
0.1657206118106842,1
0.14658889174461365,1
0.06880314648151398,1
0.1933293342590332,1
0.03509038686752319,1
0.03293268755078316,1
0.07518960535526276,1
0.26037970185279846,1
0.158308744430542,1
0.14598853886127472,1
0.15162646770477295,1
0.08479512482881546,1
0.09922771900892258,1
0.06725561618804932,1
0.31018221378326416,1
0.10202400386333466,1
0.03194749355316162,1
0.1871769279241562,1
0.10824447870254517,1
0.1228579580783844,1
0.05140070989727974,1
0.06655150651931763,1
0.12015260756015778,1
0.06312298774719238,1
0.12479239702224731,1
0.23900063335895538,1
0.04716010391712189,1
0.2411060333251953,1
0.05914045125246048,1
0.419833779335022,1
0.07914698868989944,1
0.07740582525730133,1
0.1045474261045456,1
0.08968216180801392,1
0.14462760090827942,1
0.10891275107860565,1
0.20779140293598175,1
0.18853990733623505,1
0.09178049117326736,1
0.16705381870269775,1
0.17106686532497406,1
0.08188943564891815,1
0.1790606528520584,1
0.04117869958281517,1
0.09577511996030807,1
0.04879266396164894,1
0.1958920657634735,1
0.06916839629411697,1
0.0916443020105362,1
0.15373225510120392,1
0.11702626943588257,1
0.04013948142528534,1
0.07050934433937073,1
0.13537918031215668,1
0.05077015981078148,1
0.05781600624322891,1
0.04919951409101486,1
0.08039190620183945,1
0.050226449966430664,1
0.09945358335971832,1
0.14381223917007446,1
0.06500861048698425,1
0.10007567703723907,1
0.2903435528278351,1
0.16752873361110687,1
0.075346440076828,1
0.07256481796503067,1
0.12733294069766998,1
0.08214008808135986,1
0.0964142456650734,1
0.1422949731349945,1
0.12695547938346863,1
0.1557130515575409,1
0.1379546970129013,1
0.17199274897575378,1
0.19642020761966705,1
0.08722326159477234,1
0.0755220353603363,1
0.17372170090675354,1
0.219411700963974,1
0.18505261838436127,1
0.07726451009511948,1
0.07643565535545349,1
0.10074293613433838,1
0.28835341334342957,1
0.20194962620735168,1
0.062375135719776154,1
0.12913277745246887,1
0.17882829904556274,1
0.13851745426654816,1
0.06496535241603851,1
0.04307401552796364,1
0.08451829105615616,1
0.10848456621170044,1
0.1492057889699936,1
0.09086843580007553,1
0.07101920992136002,1
0.01998583786189556,1
0.084071584045887,1
0.1772075891494751,1
0.10652006417512894,1
0.13554200530052185,1
0.1734127551317215,1
0.08224061131477356,1
0.20383283495903015,1
0.1265658736228943,1
0.08567210286855698,1
0.1257292628288269,1
0.08649581670761108,1
0.0900220274925232,1
0.07854947447776794,1
0.09644629061222076,1
0.08786244690418243,1
0.08632779866456985,1
0.09307458996772766,1
0.20149672031402588,1
0.14633002877235413,1
0.21403883397579193,1
0.14008526504039764,1
0.06874220818281174,1
0.17279498279094696,1
0.11654575169086456,1
0.05612125247716904,1
0.11470416188240051,1
0.12367662787437439,1
0.15786930918693542,1
0.0550229586660862,1
0.13048487901687622,1
0.33098047971725464,1
0.21858000755310059,1
0.08441866189241409,1
0.1835307776927948,1
0.14466218650341034,1
0.20959661900997162,1
0.16046690940856934,1
0.017956316471099854,1
0.2579735815525055,1
0.20360690355300903,1
0.14783263206481934,1
0.10933727025985718,1
0.2689070403575897,1
0.2854568064212799,1
0.204522505402565,1
0.12024237215518951,1
0.029237233102321625,1
0.11078591644763947,1
0.22525544464588165,1
0.22599366307258606,1
0.08094365894794464,1
0.10207001864910126,1
0.041356541216373444,1
0.2807449400424957,1
0.1185060515999794,1
0.1173122301697731,1
0.20443207025527954,1
0.11411754786968231,1
0.06813547760248184,1
0.18541991710662842,1
0.0679602324962616,1
0.011269541457295418,1
0.20010098814964294,1
0.11537298560142517,1
0.1575775444507599,1
0.1032995879650116,1
0.0709792897105217,1
0.07969827950000763,1
0.20821133255958557,1
0.26263654232025146,1
0.09944770485162735,1
0.3056369125843048,1
0.09620775282382965,1
0.14251039922237396,1
0.08197186142206192,1
0.15878403186798096,1
0.12261497974395752,1
0.10520245134830475,1
0.0614149235188961,1
0.08199790120124817,1
0.061200451105833054,1
0.196979358792305,1
0.06896065920591354,1
0.12003403156995773,1
0.10265547037124634,1
0.20306089520454407,1
0.14891105890274048,1
0.2038201093673706,1
0.07595930248498917,1
0.1738594025373459,1
0.13326722383499146,1
0.03745011240243912,1
0.06546841561794281,1
0.10867579281330109,1
0.10276530683040619,1
0.09259550273418427,1
0.11157689988613129,1
0.07839705049991608,1
0.10894296318292618,1
0.09745611995458603,1
0.15350207686424255,1
0.14116068184375763,1
0.11259429156780243,1
0.1497238576412201,1
0.24134963750839233,1
0.1854335069656372,1
0.10858257859945297,1
0.1297946721315384,1
0.1454957127571106,1
0.4505031108856201,1
0.11037594825029373,1
0.1083286702632904,1
0.2053360790014267,1
0.01786223240196705,1
0.020172687247395515,1
0.1804996132850647,1
0.29695987701416016,1
0.08286045491695404,1
0.07854136824607849,1
0.04976174980401993,1
0.2754068970680237,1
0.07359998673200607,1
0.15058977901935577,1
0.10532338172197342,1
0.17660973966121674,1
0.17393933236598969,1
0.10930459201335907,1
0.11514970660209656,1
0.06903526932001114,1
0.0987698882818222,1
0.07758772373199463,1
0.05419172719120979,1
0.13723205029964447,1
0.15860828757286072,1
0.06880659610033035,1
0.033439893275499344,1
0.10847622901201248,1
0.2105892151594162,1
0.029644377529621124,1
0.03978700190782547,1
0.1649089902639389,1
0.12537217140197754,1
0.15244291722774506,1
0.08490785956382751,1
0.06740012764930725,1
0.14872711896896362,1
0.11574280261993408,1
0.029214875772595406,1
0.07704712450504303,1
0.054824382066726685,1
0.18493066728115082,1
0.2613319754600525,1
0.04715542867779732,1
0.14395329356193542,1
0.032769087702035904,1
0.06579425930976868,1
0.059199582785367966,1
0.08734384179115295,1
0.11526990681886673,1
0.1758558750152588,1
0.0351383313536644,1
0.018359564244747162,1
0.12306187301874161,1
0.10078307241201401,1
0.24480588734149933,1
0.12305530905723572,1
0.11086426675319672,1
0.17008952796459198,1
0.1444331407546997,1
0.04804900661110878,1
0.04399114474654198,1
0.07616237550973892,1
0.09253241121768951,1
0.18495149910449982,1
0.08596757054328918,1
0.02975982241332531,1
0.11119731515645981,1
0.1274312436580658,1
0.14999806880950928,1
0.12387534230947495,1
0.14955881237983704,1
0.12471288442611694,1
0.20642980933189392,1
0.15002480149269104,1
0.24282169342041016,1
0.1338740587234497,1
0.1302553117275238,1
0.1477176547050476,1
0.05251730978488922,1
0.11473660171031952,1
0.2182098627090454,1
0.27878689765930176,1
0.18309134244918823,1
0.09148380160331726,1
0.08503851294517517,1
0.12056972086429596,1
0.06575271487236023,1
0.16545796394348145,1
0.0906817764043808,1
0.13898561894893646,1
0.06839519739151001,1
0.15260067582130432,1
0.12238693237304688,1
0.062184449285268784,1
0.043064430356025696,1
0.10546935349702835,1
0.061114124953746796,1
0.24450041353702545,1
0.07311985641717911,1
0.07763094455003738,1
0.22914668917655945,1
0.24853003025054932,1
0.043338946998119354,1
0.205276757478714,1
0.1255873441696167,1
0.06105777621269226,1
0.14506208896636963,1
0.07234685868024826,1
0.1150493398308754,1
0.060926131904125214,1
0.1413571685552597,1
0.18034103512763977,1
0.12154819816350937,1
0.09445124864578247,1
0.08906279504299164,1
0.0484449565410614,1
0.11757982522249222,1
0.12137803435325623,1
0.22962862253189087,1
0.16835150122642517,1
0.18584303557872772,1
0.06401386857032776,1
0.19175532460212708,1
0.13243719935417175,1
0.06407330930233002,1
0.24645420908927917,1
0.06225774437189102,1
0.12362110614776611,1
0.046605709940195084,1
0.06176846846938133,1
0.19093099236488342,1
0.16366378962993622,1
0.0779830664396286,1
0.36141881346702576,1
0.11561694741249084,1
0.06484071910381317,1
0.04912977293133736,1
0.11774273216724396,1
0.21238583326339722,1
0.3311096131801605,1
0.18205687403678894,1
0.0957542136311531,1
0.19059737026691437,1
0.09236538410186768,1
0.25700369477272034,1
0.07702294737100601,1
0.2303485870361328,1
0.05818678066134453,1
0.4020167887210846,1
0.054796673357486725,1
0.051788829267024994,1
0.036266569048166275,1
0.08617524802684784,1
0.23858420550823212,1
0.08116911351680756,1
0.11355824768543243,1
0.11572110652923584,1
0.2287556231021881,1
0.18437184393405914,1
0.09894916415214539,1
0.12440178543329239,1
0.20074166357517242,1
0.14690278470516205,1
0.18804436922073364,1
0.17957927286624908,1
0.11832387745380402,1
0.1751396656036377,1
0.133196160197258,1
0.0946001261472702,1
0.10805347561836243,1
0.11099953949451447,1
0.06291311979293823,1
0.10778646171092987,1
0.13650494813919067,1
0.046483054757118225,1
0.09135033190250397,1
0.057684093713760376,1
0.20804539322853088,1
0.12561851739883423,1
0.1869996339082718,1
0.09848111867904663,1
0.2156403660774231,1
0.12309928983449936,1
0.09011414647102356,1
0.08416183292865753,1
0.05692856013774872,1
0.09240072220563889,1
0.0775405541062355,1
0.04575718939304352,1
0.06743434071540833,1
0.06741511821746826,1
0.14305739104747772,1
0.1306416392326355,1
0.14424140751361847,1
0.2317371964454651,1
0.11200080811977386,1
0.1869553029537201,1
0.07479683309793472,1
0.3252549469470978,1
0.1474401205778122,1
0.10330775380134583,1
0.08922126144170761,1
0.1621629297733307,1
0.103086918592453,1
0.1462976485490799,1
0.20259100198745728,1
0.11515212059020996,1
0.0725473016500473,1
0.03452861309051514,1
0.08873952925205231,1
0.05979238823056221,1
0.13854017853736877,1
0.11998149007558823,1
0.16636696457862854,1
0.09341123700141907,1
0.20758424699306488,1
0.11073951423168182,1
0.04654673486948013,1
0.07733145356178284,1
0.1194787323474884,1
0.11962947249412537,1
0.15214823186397552,1
0.16905106604099274,1
0.018225859850645065,1
0.20747442543506622,1
0.11471916735172272,1
0.10696697235107422,1
0.28074702620506287,1
0.09801474213600159,1
0.2625595033168793,1
0.1629076898097992,1
0.03583401441574097,1
0.27988696098327637,1
0.07103556394577026,1
0.08467072993516922,1
0.06401142477989197,1
0.14868348836898804,1
0.11720581352710724,1
0.08093810826539993,1
0.04538371413946152,1
0.075920470058918,1
0.14161166548728943,1
0.2144809067249298,1
0.1460975557565689,1
0.06027696281671524,1
0.14023207128047943,1
0.10817542672157288,1
0.16410145163536072,1
0.13900530338287354,1
0.05227057263255119,1
0.1091209128499031,1
0.17892731726169586,1
0.3122703731060028,1
0.18630072474479675,1
0.08150923997163773,1
0.17659658193588257,1
0.13152341544628143,1
0.04820818454027176,1
0.1138153225183487,1
0.16208650171756744,1
0.035564254969358444,1
0.23251694440841675,1
0.1150137335062027,1
0.24844788014888763,1
0.02378912642598152,1
0.140684112906456,1
0.09932521730661392,1
0.20181912183761597,1
0.1807975172996521,1
0.13182333111763,1
0.17942219972610474,1
0.21943718194961548,1
0.15421372652053833,1
0.10212279856204987,1
0.2614828944206238,1
0.3032563626766205,1
0.13990892469882965,1
0.11649056524038315,1
0.12573106586933136,1
0.09820527583360672,1
0.14737123250961304,1
0.07420694082975388,1
0.18258997797966003,1
0.035315923392772675,1
0.03466501832008362,1
0.09286708384752274,1
0.09375670552253723,1
0.04611978679895401,1
0.10111954808235168,1
0.15038426220417023,1
0.32919561862945557,1
0.07121925055980682,1
0.14872956275939941,1
0.12893138825893402,1
0.06064610555768013,1
0.2553355395793915,1
0.1430700123310089,1
0.1499156653881073,1
0.24468550086021423,1
0.0589173249900341,1
0.08593259751796722,1
0.08733885735273361,1
0.0692252665758133,1
0.10268383473157883,1
0.10250501334667206,1
0.22733113169670105,1
0.13501213490962982,1
0.07005158066749573,1
0.23848995566368103,1
0.1682613492012024,1
0.15277256071567535,1
0.08101429045200348,1
0.1715342402458191,1
0.04412972182035446,1
0.038804084062576294,1
0.22976641356945038,1
0.07247842103242874,1
0.06620993465185165,1
0.044038206338882446,1
0.23665980994701385,1
0.034067198634147644,1
0.16421112418174744,1
0.09538064152002335,1
0.14889007806777954,1
0.36084091663360596,1
0.38811779022216797,1
0.2992439270019531,1
0.08602137118577957,1
0.06658175587654114,1
0.04446272552013397,1
0.20287640392780304,1
0.10697878897190094,1
0.07886680960655212,1
0.06096990033984184,1
0.08801290392875671,1
0.21242022514343262,1
0.06363247334957123,1
0.20103484392166138,1
0.07266762107610703,1
0.10004602372646332,1
0.09652973711490631,1
0.2875814735889435,1
0.15524426102638245,1
0.07599569857120514,1
0.09792564809322357,1
0.1225854903459549,1
0.1769336313009262,1
0.0960695892572403,1
0.232425257563591,1
0.09469330310821533,1
0.06871572136878967,1
0.2051265835762024,1
0.08845963329076767,1
0.09914534538984299,1
0.0915500745177269,1
0.11447954177856445,1
0.14608338475227356,1
0.14741533994674683,1
0.14000864326953888,1
0.06317976862192154,1
0.07559337466955185,1
0.23190627992153168,1
0.2284041792154312,1
0.07211866229772568,1
0.20075716078281403,1
0.1574394553899765,1
0.1942814141511917,1
0.11737008392810822,1
0.0624760240316391,1
0.12605851888656616,1
0.09522669017314911,1
0.10358387231826782,1
0.05470740422606468,1
0.12118332087993622,1
0.031120972707867622,1
0.10450781881809235,1
0.19106298685073853,1
0.06307622045278549,1
0.07711698114871979,1
0.09386338293552399,1
0.3846660554409027,1
0.031067313626408577,1
0.049862075597047806,1
0.25153031945228577,1
0.12156163156032562,1
0.1182476207613945,1
0.23731082677841187,1
0.1596638709306717,1
0.09389796853065491,1
0.06517735868692398,1
0.0574178509414196,1
0.0626508817076683,1
0.05204521119594574,1
0.12568968534469604,1
0.23145420849323273,1
0.09045789390802383,1
0.1488066464662552,1
0.10551442950963974,1
0.052770018577575684,1
0.10756168514490128,1
0.10759065300226212,1
0.13078279793262482,1
0.09425099939107895,1
0.26125070452690125,1
0.2013319432735443,1
0.15501323342323303,1
0.21734192967414856,1
0.0462535060942173,1
0.13060501217842102,1
0.058994729071855545,1
0.20066872239112854,1
0.08055855333805084,1
0.13956961035728455,1
0.19809174537658691,1
0.11331795156002045,1
0.07833262532949448,1
0.05170395225286484,1
0.0693836361169815,1
0.22345556318759918,1
0.1888369768857956,1
0.11255766451358795,1
0.20409099757671356,1
0.20717957615852356,1
0.1738688051700592,1
0.10690675675868988,1
0.2073039412498474,1
0.09861631691455841,1
0.09929913282394409,1
0.17123371362686157,1
0.08782261610031128,1
0.1567154824733734,1
0.2201591432094574,1
0.07279422879219055,1
0.08817223459482193,1
0.09873392432928085,1
0.1374194473028183,1
0.10238443315029144,1
0.060306672006845474,1
0.24978850781917572,1
0.19358143210411072,1
0.08282054215669632,1
0.1269364207983017,1
0.12646667659282684,1
0.08613276481628418,1
0.084500253200531,1
0.14755554497241974,1
0.06434360146522522,1
0.24422916769981384,1
0.19692102074623108,1
0.12877443432807922,1
0.016679678112268448,1
0.14801543951034546,1
0.31593042612075806,1
0.10522699356079102,1
0.2787948548793793,1
0.07564983516931534,1
0.14117670059204102,1
0.11764201521873474,1
0.08659760653972626,1
0.035431936383247375,1
0.10702351480722427,1
0.08825376629829407,1
0.05503083020448685,1
0.1276848018169403,1
0.08490007370710373,1
0.0427369624376297,1
0.07360421121120453,1
0.13168704509735107,1
0.05118802934885025,1
0.08950281143188477,1
0.06357111036777496,1
0.1048612892627716,1
0.1686820089817047,1
0.24053484201431274,1
0.1119595468044281,1
0.16739214956760406,1
0.045272096991539,1
0.11360318958759308,1
0.08701552450656891,1
0.1984725147485733,1
0.1445499062538147,1
0.08683566004037857,1
0.0919710174202919,1
0.15195125341415405,1
0.15850770473480225,1
0.12252917885780334,1
0.08606652170419693,1
0.06654025614261627,1
0.07511507719755173,1
0.12452419102191925,1
0.08813153952360153,1
0.1964438259601593,1
0.15686745941638947,1
0.07246924191713333,1
0.09441331028938293,1
0.09462510049343109,1
0.0838039368391037,1
0.11268241703510284,1
0.08815719932317734,1
0.1331893801689148,1
0.14882880449295044,1
0.08567214757204056,1
0.08849361538887024,1
0.12926870584487915,1
0.07772903144359589,1
0.06083569675683975,1
0.07965808361768723,1
0.09239576011896133,1
0.15341363847255707,1
0.1349790394306183,1
0.12115687876939774,1
0.1619449108839035,1
0.06582928448915482,1
0.24773260951042175,1
0.25705456733703613,1
0.03384745121002197,1
0.07186643779277802,1
0.2393815517425537,1
0.10981639474630356,1
0.1582089364528656,1
0.14665639400482178,1
0.09343397617340088,1
0.07129225134849548,1
0.11936364322900772,1
0.20024390518665314,1
0.04659270495176315,1
0.23138639330863953,1
0.21982376277446747,1
0.06335672736167908,1
0.11071759462356567,1
0.2665710747241974,1
0.09064774215221405,1
0.10169072449207306,1
0.13029983639717102,1
0.08169802278280258,1
0.11351791769266129,1
0.09951107203960419,1
0.05567314475774765,1
0.15998993813991547,1
0.15309152007102966,1
0.18713822960853577,1
0.06353046745061874,1
0.21613766252994537,1
0.0671473890542984,1
0.09088035672903061,1
0.08591898530721664,1
0.08264032006263733,1
0.1492234766483307,1
0.2074190378189087,1
0.1413879096508026,1
0.23256000876426697,1
0.17389042675495148,1
0.12217800319194794,1
0.03813520818948746,1
0.05681396275758743,1
0.1001332551240921,1
0.03804194554686546,1
0.07306323945522308,1
0.13409839570522308,1
0.11932964622974396,1
0.1410781294107437,1
0.06645528972148895,1
0.05993393063545227,1
0.18957632780075073,1
0.14548206329345703,1
0.10446050018072128,1
0.05139545351266861,1
0.09520821273326874,1
0.08755750954151154,1
0.055470459163188934,1
0.13273245096206665,1
0.29483410716056824,1
0.10390053689479828,1
0.12903545796871185,1
0.1834098994731903,1
0.09508372098207474,1
0.09716982394456863,1
0.11129197478294373,1
0.26072025299072266,1
0.15854278206825256,1
0.06174005568027496,1
0.13964389264583588,1
0.19113697111606598,1
0.07413960993289948,1
0.07024942338466644,1
0.15214349329471588,1
0.08028184622526169,1
0.0841822624206543,1
0.2346678376197815,1
0.17189916968345642,1
0.1888212263584137,1
0.1539008617401123,1
0.11002655327320099,1
0.12493115663528442,1
0.11923722177743912,1
0.11904759705066681,1
0.09780392050743103,1
0.06023485213518143,1
0.1756570041179657,1
0.1091557964682579,1
0.16912099719047546,1
0.09977040439844131,1
0.13851958513259888,1
0.13031648099422455,1
0.05139581114053726,1
0.05372098833322525,1
0.1449413001537323,1
0.11136052757501602,1
0.1991558074951172,1
0.133724644780159,1
0.06750372052192688,1
0.023483995348215103,1
0.09679877012968063,1
0.09505698084831238,1
0.059881988912820816,1
0.06933753937482834,1
0.06217113509774208,1
0.0841558575630188,1
0.18858060240745544,1
0.07671384513378143,1
0.09373535215854645,1
0.1924780309200287,1
0.05266402289271355,1
0.266855925321579,1
0.15820620954036713,1
0.17202600836753845,1
0.13423651456832886,1
0.14553633332252502,1
0.17469710111618042,1
0.02388649247586727,1
0.09133966267108917,1
0.0978698655962944,1
0.09517855942249298,1
0.19743531942367554,1
0.13424311578273773,1
0.08426038920879364,1
0.1580151617527008,1
0.12384103238582611,1
0.03872229531407356,1
0.0828755646944046,1
0.2571161389350891,1
0.09270981699228287,1
0.09032304584980011,1
0.06334645301103592,1
0.12257441878318787,1
0.23869772255420685,1
0.02383953332901001,1
0.1319781094789505,1
0.057837024331092834,1
0.07220961153507233,1
0.13814356923103333,1
0.26843923330307007,1
0.08566932380199432,1
0.0635836273431778,1
0.10484327375888824,1
0.0641930103302002,1
0.20985886454582214,1
0.15285232663154602,1
0.2713491916656494,1
0.123067706823349,1
0.118380606174469,1
0.10508739203214645,1
0.06810372322797775,1
0.1739422082901001,1
0.11770152300596237,1
0.057319849729537964,1
0.0466463528573513,1
0.08211452513933182,1
0.13478325307369232,1
0.06616499274969101,1
0.1792934238910675,1
0.029750585556030273,1
0.12011267989873886,1
0.19654187560081482,1
0.12255115061998367,1
0.0726315826177597,1
0.03609572350978851,1
0.3242529630661011,1
0.2018742859363556,1
0.051740504801273346,1
0.16404986381530762,1
0.11620891094207764,1
0.10492761433124542,1
0.08386912196874619,1
0.08055227994918823,1
0.13663530349731445,1
0.2188563048839569,1
0.048942066729068756,1
0.11777404695749283,1
0.05934656411409378,1
0.06743540614843369,1
0.04347105324268341,1
0.10013017803430557,1
0.21064534783363342,1
0.2779718041419983,1
0.05420047044754028,1
0.17949450016021729,1
0.1293986439704895,1
0.4129014015197754,1
0.17201976478099823,1
0.10174540430307388,1
0.1455555558204651,1
0.1270006000995636,1
0.05313944071531296,1
0.16322378814220428,1
0.12357604503631592,1
0.18740111589431763,1
0.24517181515693665,1
0.11922326683998108,1
0.10041134804487228,1
0.057605791836977005,1
0.117021843791008,1
0.012051492929458618,1
0.06898819655179977,1
0.20965170860290527,1
0.17982350289821625,1
0.11067260801792145,1
0.05737623944878578,1
0.05846097692847252,1
0.0863783061504364,1
0.14896297454833984,1
0.1939593255519867,1
0.20778512954711914,1
0.03389273211359978,1
0.08175425231456757,1
0.18277481198310852,1
0.04500293359160423,1
0.08901061117649078,1
0.09775195270776749,1
0.07581306248903275,1
0.07749414443969727,1
0.11443008482456207,1
0.19821003079414368,1
0.09811726212501526,1
0.12581485509872437,1
0.1931925117969513,1
0.12252762913703918,1
0.18410295248031616,1
0.10094797611236572,1
0.05877295508980751,1
0.06707069277763367,1
0.1781596541404724,1
0.11796096712350845,1
0.0890931487083435,1
0.20086905360221863,1
0.09073954820632935,1
0.1647508591413498,1
0.06500924378633499,1
0.0807691216468811,1
0.3603908121585846,1
0.16187697649002075,1
0.10154322534799576,1
0.06798133999109268,1
0.07385978102684021,1
0.12108176201581955,1
0.23112915456295013,1
0.10984723269939423,1
0.16920240223407745,1
0.1690642088651657,1
0.06421089172363281,1
0.10331793874502182,1
0.11537272483110428,1
0.17320631444454193,1
0.28343135118484497,1
0.13095074892044067,1
0.19102582335472107,1
0.08187436312437057,1
0.09233842045068741,1
0.08868762850761414,1
0.03258838877081871,1
0.1258130520582199,1
0.07441067695617676,1
0.05533837527036667,1
0.1198013424873352,1
0.12792694568634033,1
0.16933974623680115,1
0.12393640726804733,1
0.1639695167541504,1
0.10865043103694916,1
0.07651814818382263,1
0.2246781289577484,1
0.07900868356227875,1
0.07962164282798767,1
0.2533404231071472,1
0.08001792430877686,1
0.07724377512931824,1
0.148140087723732,1
0.12458673864603043,1
0.09493760019540787,1
0.13187146186828613,1
0.1715249866247177,1
0.1017695814371109,1
0.10095474869012833,1
0.015637550503015518,1
0.19779559969902039,1
0.09230455756187439,1
0.07651740312576294,1
0.03942978382110596,1
0.19132100045681,1
0.06852440536022186,1
0.09472685307264328,1
0.07955754548311234,1
0.07378384470939636,1
0.13039492070674896,1
0.08872048556804657,1
0.25378113985061646,1
0.11762095242738724,1
0.11516773700714111,1
0.05530324578285217,1
0.050795506685972214,1
0.12872573733329773,1
0.10752131789922714,1
0.06419307738542557,1
0.15044467151165009,1
0.07222557812929153,1
0.032395217567682266,1
0.055538076907396317,1
0.36669468879699707,1
0.24769854545593262,1
0.06993459910154343,1
0.14471255242824554,1
0.08497372269630432,1
0.2958780825138092,1
0.047122836112976074,1
0.10778389126062393,1
0.11305847018957138,1
0.05390596389770508,1
0.06717845797538757,1
0.09485600143671036,1
0.09683474153280258,1
0.17167918384075165,1
0.2751624882221222,1
0.05441829562187195,1
0.10067899525165558,1
0.07525207102298737,1
0.16498427093029022,1
0.1500636339187622,1
0.11681155860424042,1
0.10147306323051453,1
0.10688403248786926,1
0.1010689064860344,1
0.14018452167510986,1
0.05360298603773117,1
0.2450849562883377,1
0.09103097021579742,1
0.14673903584480286,1
0.20660369098186493,1
0.09075454622507095,1
0.1737394630908966,1
0.09836404025554657,1
0.0900164544582367,1
0.08496597409248352,1
0.1785447895526886,1
0.26622650027275085,1
0.23056060075759888,1
0.212205708026886,1
0.13001097738742828,1
0.24196195602416992,1
0.07576767355203629,1
0.11711548268795013,1
0.07592980563640594,1
0.1780644804239273,1
0.038192637264728546,1
0.19170381128787994,1
0.10235238820314407,1
0.13039997220039368,1
0.10158605873584747,1
0.10098109394311905,1
0.10592333227396011,1
0.046845514327287674,1
0.29356327652931213,1
0.17603212594985962,1
0.1623537242412567,1
0.10577142983675003,1
0.06059537082910538,1
0.18541862070560455,1
0.11542618274688721,1
0.14963772892951965,1
0.17961746454238892,1
0.15421682596206665,1
0.06612300872802734,1
0.0495062880218029,1
0.06960579752922058,1
0.0908597782254219,1
0.110545814037323,1
0.0708046481013298,1
0.0906917080283165,1
0.13703453540802002,1
0.05949666351079941,1
0.2307431995868683,1
0.07961208373308182,1
0.07296022772789001,1
0.0979723334312439,1
0.0887506902217865,1
0.044657152146101,1
0.06619629263877869,1
0.20645388960838318,1
0.060499031096696854,1
0.06231895089149475,1
0.0873868390917778,1
0.10461078584194183,1
0.10787805914878845,1
0.2007097601890564,1
0.19670122861862183,1
0.1136351004242897,1
0.1225808784365654,1
0.10451594740152359,1
0.1449640393257141,1
0.22627361118793488,1
0.046865805983543396,1
0.13147994875907898,1
0.10525074601173401,1
0.20676970481872559,1
0.10078980028629303,1
0.14837276935577393,1
0.2369304597377777,1
0.037592384964227676,1
0.05709562450647354,1
0.0878351628780365,1
0.08316780626773834,1
0.10782217979431152,1
0.1526048183441162,1
0.1969190388917923,1
0.16332292556762695,1
0.13743487000465393,1
0.12333296239376068,1
0.11956389248371124,1
0.05867573991417885,1
0.2324601262807846,1
0.11537278443574905,1
0.041807860136032104,1
0.08770239353179932,1
0.12873122096061707,1
0.15869711339473724,1
0.18246367573738098,1
0.18858560919761658,1
0.2832387685775757,1
0.10921124368906021,1
0.08290814608335495,1
0.13178156316280365,1
0.20385628938674927,1
0.2671487629413605,1
0.19185173511505127,1
0.08944813907146454,1
0.09402963519096375,1
0.05434515327215195,1
0.21423691511154175,1
0.09541703760623932,1
0.07737308740615845,1
0.1728246808052063,1
0.0904964879155159,1
0.14557047188282013,1
0.13451585173606873,1
0.07601618021726608,1
0.2263043075799942,1
0.058461032807826996,1
0.12091375887393951,1
0.19844269752502441,1
0.05963128060102463,1
0.04769133776426315,1
0.048784539103507996,1
0.16518104076385498,1
0.21870207786560059,1
0.05740533024072647,1
0.09645763039588928,1
0.14145790040493011,1
0.15796005725860596,1
0.11803478747606277,1
0.10096106678247452,1
0.1571338176727295,1
0.13775315880775452,1
0.10295864939689636,1
0.16886547207832336,1
0.09909514337778091,1
0.09757871180772781,1
0.1010095626115799,1
0.15267935395240784,1
0.2828066051006317,1
0.09134992212057114,1
0.06543000787496567,1
0.2467033565044403,1
0.11671939492225647,1
0.08316905796527863,1
0.16555175185203552,1
0.17922496795654297,1
0.16697059571743011,1
0.0306357704102993,1
0.42777249217033386,1
0.032508570700883865,1
0.07212480902671814,1
0.2206849306821823,1
0.12245313823223114,1
0.1531262844800949,1
0.07908976078033447,1
0.12232404947280884,1
0.1303730010986328,1
0.23046590387821198,1
0.10628330707550049,1
0.1270354986190796,1
0.1216861680150032,1
0.048871297389268875,1
0.11651141941547394,1
0.17549553513526917,1
0.2773416042327881,1
0.1857510209083557,1
0.12214775383472443,1
0.2501906156539917,1
0.06606770306825638,1
0.01751064695417881,1
0.20934611558914185,1
0.1684197634458542,1
0.1588611900806427,1
0.053089603781700134,1
0.2926805317401886,1
0.044192828238010406,1
0.10220082849264145,1
0.08897721767425537,1
0.1731305718421936,1
0.1759704351425171,1
0.04237401485443115,1
0.07782504707574844,1
0.2560840845108032,1
0.22522027790546417,1
0.12393446266651154,1
0.07259994745254517,1
0.1987021565437317,1
0.1241079792380333,1
0.1065225601196289,1
0.1062784269452095,1
0.09295500814914703,1
0.16382785141468048,1
0.13534396886825562,1
0.062820665538311,1
0.10104230046272278,1
0.09345781803131104,1
0.17455385625362396,1
0.364960253238678,1
0.13771827518939972,1
0.13802528381347656,1
0.16545875370502472,1
0.22985200583934784,1
0.19588300585746765,1
0.20337317883968353,1
0.14116045832633972,1
0.12457236647605896,1
0.1605723649263382,1
0.10114763677120209,1
0.077892005443573,1
0.07288811355829239,1
0.10630295425653458,1
0.14119462668895721,1
0.06868593394756317,1
0.14298392832279205,1
0.10319342464208603,1
0.04030501842498779,1
0.08796323090791702,1
0.07024727761745453,1
0.11273060739040375,1
0.09952954947948456,1
0.15435419976711273,1
0.19625216722488403,1
0.1765320897102356,1
0.018560664728283882,1
0.1324230134487152,1
0.0718153864145279,1
0.17148973047733307,1
0.11862803995609283,1
0.20518958568572998,1
0.05052398517727852,1
0.10556817054748535,1
0.18248800933361053,1
0.21865035593509674,1
0.10005325824022293,1
0.10655689984560013,1
0.04016106575727463,1
0.1172553300857544,1
0.07883675396442413,1
0.10462917387485504,1
0.09787386655807495,1
0.20889365673065186,1
0.3434652090072632,1
0.15636134147644043,1
0.11692014336585999,1
0.07414671033620834,1
0.04339972138404846,1
0.08511058986186981,1
0.02387234754860401,1
0.24205580353736877,1
0.21316902339458466,1
0.11075475811958313,1
0.10595755279064178,1
0.13915535807609558,1
0.17673107981681824,1
0.04088498279452324,1
0.059068888425827026,1
0.08262579888105392,1
0.1371612250804901,1
0.04358566179871559,1
0.08475202322006226,1
0.09341391175985336,1
0.14761798083782196,1
0.2922784984111786,1
0.20119665563106537,1
0.1734282225370407,1
0.20220917463302612,1
0.06351235508918762,1
0.07034410536289215,1
0.12672141194343567,1
0.06617274880409241,1
0.08869261294603348,1
0.13889697194099426,1
0.16175416111946106,1
0.07823717594146729,1
0.1350928395986557,1
0.0632345974445343,1
0.12292788177728653,1
0.0722031444311142,1
0.16925030946731567,1
0.19848453998565674,1
0.10002528131008148,1
0.09337818622589111,1
0.171854168176651,1
0.102912038564682,1
0.08628668636083603,1
0.11486290395259857,1
0.23272722959518433,1
0.18825866281986237,1
0.07193482667207718,1
0.17523832619190216,1
0.21381798386573792,1
0.2527959644794464,1
0.19850409030914307,1
0.054406486451625824,1
0.2751973867416382,1
0.059804517775774,1
0.19891251623630524,1
0.28792858123779297,1
0.06525544077157974,1
0.13468509912490845,1
0.1053883507847786,1
0.05009106174111366,1
0.050750989466905594,1
0.07667465507984161,1
0.10142208635807037,1
0.049494486302137375,1
0.06467403471469879,1
0.1114143431186676,1
0.05598326772451401,1
0.0348186120390892,1
0.0727715715765953,1
0.08625912666320801,1
0.10725079476833344,1
0.11836976557970047,1
0.09551424533128738,1
0.2050945907831192,1
0.1597670614719391,1
0.1734645813703537,1
0.281031996011734,1
0.08935518562793732,1
0.1100645363330841,1
0.15583500266075134,1
0.11573885381221771,1
0.17582525312900543,1
0.08772439509630203,1
0.08072890341281891,1
0.2804314196109772,1
0.09948363900184631,1
0.12399843335151672,1
0.15388579666614532,1
0.06503220647573471,1
0.26386553049087524,1
0.08115223050117493,1
0.18334269523620605,1
0.14967477321624756,1
0.1345703899860382,1
0.10314721614122391,1
0.07319606840610504,1
0.12785127758979797,1
0.06727364659309387,1
0.04859404265880585,1
0.09670697897672653,1
0.06121180206537247,1
0.06259904056787491,1
0.04943886399269104,1
0.1210116520524025,1
0.1302376091480255,1
0.1400606632232666,1
0.10290148854255676,1
0.0631573274731636,1
0.13009525835514069,1
0.08056202530860901,1
0.12170039117336273,1
0.14584611356258392,1
0.11740219593048096,1
0.09854509681463242,1
0.07016047835350037,1
0.09819427132606506,1
0.18630824983119965,1
0.08687057346105576,1
0.059660185128450394,1
0.0591711699962616,1
0.16955864429473877,1
0.11255893111228943,1
0.31119197607040405,1
0.08276939392089844,1
0.13250353932380676,1
0.14240175485610962,1
0.19477571547031403,1
0.10061068087816238,1
0.09467911720275879,1
0.06459987908601761,1
0.07597123086452484,1
0.0771215409040451,1
0.23320811986923218,1
0.2190202921628952,1
0.05678262561559677,1
0.2753913402557373,1
0.06004282087087631,1
0.2511703372001648,1
0.31566163897514343,1
0.085579514503479,1
0.19568729400634766,1
0.07586653530597687,1
0.1851881742477417,1
0.0483647957444191,1
0.13156867027282715,1
0.0808347687125206,1
0.2449720948934555,1
0.1452362984418869,1
0.13757067918777466,1
0.21703723073005676,1
0.04797350987792015,1
0.09705565869808197,1
0.1820594221353531,1
0.37410426139831543,1
0.15489038825035095,1
0.06442806869745255,1
0.13654151558876038,1
0.07126759737730026,1
0.09580032527446747,1
0.05601847544312477,1
0.11588338017463684,1
0.048507921397686005,1
0.04843736067414284,1
0.05021805316209793,1
0.06982383877038956,1
0.22275935113430023,1
0.08551743626594543,1
0.22551852464675903,1
0.2002152055501938,1
0.23014964163303375,1
0.10902372002601624,1
0.08758445084095001,1
0.08476702123880386,1
0.09759622812271118,1
0.2185501903295517,1
0.17320802807807922,1
0.05595772713422775,1
0.10959631204605103,1
0.20473578572273254,1
0.07046634703874588,1
0.036095645278692245,1
0.0510379821062088,1
0.1852753758430481,1
0.058437779545784,1
0.042321301996707916,1
0.06065155193209648,1
0.089565709233284,1
0.19638824462890625,1
0.2760586142539978,1
0.10260562598705292,1
0.05007791146636009,1
0.1129959225654602,1
0.12004777789115906,1
0.05038313567638397,1
0.14612643420696259,1
0.10668744146823883,1
0.1524169147014618,1
0.20722809433937073,1
0.17915837466716766,1
0.2508286237716675,1
0.10235370695590973,1
0.045660123229026794,1
0.18354558944702148,1
0.18213887512683868,1
0.17482306063175201,1
0.2867268919944763,1
0.16732825338840485,1
0.050628162920475006,1
0.19670891761779785,1
0.10302451997995377,1
0.2540850043296814,1
0.08036337047815323,1
0.23318420350551605,1
0.10107147693634033,1
0.1764446645975113,1
0.11610963195562363,1
0.0676264688372612,1
0.20996449887752533,1
0.14075472950935364,1
0.10894117504358292,1
0.11192231625318527,1
0.17675495147705078,1
0.1278086155653,1
0.20061132311820984,1
0.16972967982292175,1
0.11761663854122162,1
0.0801607295870781,1
0.07152959704399109,1
0.05983687937259674,1
0.06373041868209839,1
0.29208412766456604,1
0.18441037833690643,1
0.06935655325651169,1
0.16667717695236206,1
0.03649551421403885,1
0.2758897542953491,1
0.11430419236421585,1
0.06371623277664185,1
0.1260053813457489,1
0.06875382363796234,1
0.16669878363609314,1
0.18559104204177856,1
0.15591008961200714,1
0.12938840687274933,1
0.0456010065972805,1
0.10118576884269714,1
0.03964398056268692,1
0.053142398595809937,1
0.2328038513660431,1
0.0941113829612732,1
0.1789088100194931,1
0.15141746401786804,1
0.17379538714885712,1
0.22498103976249695,1
0.11286462098360062,1
0.09565843641757965,1
0.15856154263019562,1
0.35833975672721863,1
0.051498230546712875,1
0.15664339065551758,1
0.1425398886203766,1
0.1941746473312378,1
0.10255363583564758,1
0.06794732809066772,1
0.25317874550819397,1
0.16089123487472534,1
0.2570452094078064,1
0.11321599781513214,1
0.10661794245243073,1
0.0835353210568428,1
0.08693862706422806,1
0.273569792509079,1
0.04024044796824455,1
0.1603882908821106,1
0.0457589328289032,1
0.14738178253173828,1
0.1012917160987854,1
0.28485801815986633,1
0.0978536605834961,1
0.4459054172039032,1
0.05480517819523811,1
0.1720091998577118,1
0.16736629605293274,1
0.04592696204781532,1
0.32528436183929443,1
0.0835767537355423,1
0.11501665413379669,1
0.08971936255693436,1
0.09728173911571503,1
0.23840224742889404,1
0.033281974494457245,1
0.1904679238796234,1
0.05764256790280342,1
0.04931756854057312,1
0.12356006354093552,1
0.22294507920742035,1
0.13189829885959625,1
0.13900867104530334,1
0.09788959473371506,1
0.29332369565963745,1
0.04437240958213806,1
0.1748930811882019,1
0.07785560190677643,1
0.09970434010028839,1
0.04021116718649864,1
0.09116506576538086,1
0.10273800045251846,1
0.13981258869171143,1
0.16031210124492645,1
0.11976906657218933,1
0.11855686455965042,1
0.08391249179840088,1
0.18313340842723846,1
0.10880604386329651,1
0.07305639237165451,1
0.059059709310531616,1
0.06232386827468872,1
0.12145233154296875,1
0.09948863089084625,1
0.03542805463075638,1
0.22417281568050385,1
0.14294876158237457,1
0.08303871750831604,1
0.1466163843870163,1
0.0804833322763443,1
0.14257918298244476,1
0.11835770308971405,1
0.07766760885715485,1
0.3413914144039154,1
0.14866186678409576,1
0.06264472007751465,1
0.05312312766909599,1
0.1267777532339096,1
0.13316968083381653,1
0.21250055730342865,1
0.09066082537174225,1
0.0688343197107315,1
0.05417901277542114,1
0.22385603189468384,1
0.07424703985452652,1
0.1471051573753357,1
0.15980377793312073,1
0.06337478756904602,1
0.08617760986089706,1
0.06402656435966492,1
0.04802769050002098,1
0.1599227786064148,1
0.1251673549413681,1
0.09875431656837463,1
0.12688574194908142,1
0.1450660228729248,1
0.12328362464904785,1
0.1203809604048729,1
0.20036302506923676,1
0.12539029121398926,1
0.16052186489105225,1
0.0498303659260273,1
0.14943349361419678,1
0.04460631683468819,1
0.06066199019551277,1
0.16063594818115234,1
0.17690005898475647,1
0.06145893782377243,1
0.07658351212739944,1
0.045996200293302536,1
0.1495027095079422,1
0.061096951365470886,1
0.04562712833285332,1
0.1951611489057541,1
0.12028084695339203,1
0.0998811423778534,1
0.06584478914737701,1
0.3409193754196167,1
0.1464909315109253,1
0.12525321543216705,1
0.237557515501976,1
0.2264150232076645,1
0.10576826333999634,1
0.14215187728405,1
0.18906885385513306,1
0.13499991595745087,1
0.07827126979827881,1
0.09494730085134506,1
0.2393888682126999,1
0.21657945215702057,1
0.16408687829971313,1
0.18211424350738525,1
0.4298345148563385,1
0.08908503502607346,1
0.1319754719734192,1
0.02832493558526039,1
0.2886398434638977,1
0.11326679587364197,1
0.04937514662742615,1
0.21992631256580353,1
0.17341189086437225,1
0.1529487669467926,1
0.03410303592681885,1
0.1698610782623291,1
0.20223654806613922,1
0.21783599257469177,1
0.1280382126569748,1
0.17060281336307526,1
0.23272761702537537,1
0.2003745138645172,1
0.05675451457500458,1
0.08212015777826309,1
0.15818630158901215,1
0.10811667144298553,1
0.08292752504348755,1
0.07957050204277039,1
0.2132229506969452,1
0.17118288576602936,1
0.13802970945835114,1
0.0823424682021141,1
0.05532896891236305,1
0.037782348692417145,1
0.1436096429824829,1
0.1222258061170578,1
0.16637365520000458,1
0.2089645266532898,1
0.09375007450580597,1
0.11620636284351349,1
0.16175901889801025,1
0.07970751821994781,1
0.03295163810253143,1
0.07493032515048981,1
0.14873433113098145,1
0.08718322962522507,1
0.14609214663505554,1
0.11009585857391357,1
0.06670936197042465,1
0.12051457911729813,1
0.24681618809700012,1
0.26558011770248413,1
0.06212170422077179,1
0.19176630675792694,1
0.23981958627700806,1
0.07756336778402328,1
0.08225040882825851,1
0.10260029882192612,1
0.07645849883556366,1
0.10085140913724899,1
0.27349230647087097,1
0.1548933982849121,1
0.24501755833625793,1
0.0795370414853096,1
0.08261747658252716,1
0.11463405191898346,1
0.19802571833133698,1
0.10273778438568115,1
0.1193041056394577,1
0.18596023321151733,1
0.22316662967205048,1
0.09304772317409515,1
0.10485273599624634,1
0.19828590750694275,1
0.22922950983047485,1
0.10137765109539032,1
0.09074236452579498,1
0.3909912407398224,1
0.07796114683151245,1
0.18202678859233856,1
0.0823870301246643,1
0.05474629998207092,1
0.09868381917476654,1
0.21905268728733063,1
0.18852198123931885,1
0.11303266137838364,1
0.09353680908679962,1
0.19390061497688293,1
0.09684924781322479,1
0.0801444947719574,1
0.15022745728492737,1
0.13998278975486755,1
0.10993243753910065,1
0.09804096817970276,1
0.09811099618673325,1
0.06664782762527466,1
0.11419729888439178,1
0.25033441185951233,1
0.06806820631027222,1
0.10492917895317078,1
0.0708928108215332,1
0.09271100163459778,1
0.03650917112827301,1
0.11789751052856445,1
0.07609938830137253,1
0.20707431435585022,1
0.19717951118946075,1
0.190054789185524,1
0.12399804592132568,1
0.12276370078325272,1
0.11957748234272003,1
0.06610938161611557,1
0.17414186894893646,1
0.2362097054719925,1
0.10235738009214401,1
0.045744314789772034,1
0.07173749804496765,1
0.07359221577644348,1
0.16487683355808258,1
0.2080170065164566,1
0.11794115602970123,1
0.05665423721075058,1
0.114565908908844,1
0.1567370444536209,1
0.14275650680065155,1
0.12264283746480942,1
0.21131238341331482,1
0.17387345433235168,1
0.06541069597005844,1
0.0871211513876915,1
0.0409671925008297,1
0.040310125797986984,1
0.0878768190741539,1
0.11576402187347412,1
0.03919481113553047,1
0.10096868872642517,1
0.10669517517089844,1
0.11097877472639084,1
0.12214681506156921,1
0.06542425602674484,1
0.1874786615371704,1
0.013294287025928497,1
0.11595483869314194,1
0.0507621243596077,1
0.09611398726701736,1
0.16933783888816833,1
0.060010410845279694,1
0.07198004424571991,1
0.10071282088756561,1
0.0965365320444107,1
0.21231496334075928,1
0.04416695982217789,1
0.14696577191352844,1
0.08876747637987137,1
0.17546695470809937,1
0.23782482743263245,1
0.08434242755174637,1
0.1374116837978363,1
0.16053956747055054,1
0.1258908212184906,1
0.14114722609519958,1
0.10755770653486252,1
0.060889068990945816,1
0.1111968383193016,1
0.18069592118263245,1
0.12638157606124878,1
0.11954624950885773,1
0.05236360430717468,1
0.18211472034454346,1
0.08998951315879822,1
0.07246693968772888,1
0.16673609614372253,1
0.08903758227825165,1
0.05448562651872635,1
0.11293189227581024,1
0.08951567113399506,1
0.08146698027849197,1
0.1931288242340088,1
0.0887536108493805,1
0.04005104675889015,1
0.060888051986694336,1
0.23395752906799316,1
0.08842014521360397,1
0.12079469114542007,1
0.28130415081977844,1
0.12232087552547455,1
0.1642129123210907,1
0.0936720222234726,1
0.11833653599023819,1
0.25477683544158936,1
0.04908505082130432,1
0.1492605358362198,1
0.09233665466308594,1
0.15930309891700745,1
0.2576737403869629,1
0.3689783215522766,1
0.07867595553398132,1
0.055708449333906174,1
0.10163189470767975,1
0.1463007777929306,1
0.15442721545696259,1
0.14563825726509094,1
0.09737037122249603,1
0.06315692514181137,1
0.2726893424987793,1
0.04836724326014519,1
0.16877838969230652,1
0.06744534522294998,1
0.15435190498828888,1
0.1359979659318924,1
0.20923350751399994,1
0.1389317661523819,1
0.09665420651435852,1
0.05561722815036774,1
0.06637900322675705,1
0.1066552996635437,1
0.1501927375793457,1
0.1355842500925064,1
0.12364978343248367,1
0.10018918663263321,1
0.3279552161693573,1
0.1357695460319519,1
0.1547512412071228,1
0.3389352560043335,1
0.2953777313232422,1
0.11813826858997345,1
0.06820046901702881,1
0.22140920162200928,1
0.24859803915023804,1
0.144258052110672,1
0.092121422290802,1
0.20293809473514557,1
0.10455940663814545,1
0.12532126903533936,1
0.20123513042926788,1
0.2597840428352356,1
0.15599656105041504,1
0.2026917189359665,1
0.10379011929035187,1
0.18033166229724884,1
0.0571906678378582,1
0.1853085607290268,1
0.06427983939647675,1
0.10511533170938492,1
0.139122873544693,1
0.2728247046470642,1
0.09811018407344818,1
0.047615375369787216,1
0.07395628094673157,1
0.17215824127197266,1
0.23991483449935913,1
0.0742829293012619,1
0.04549308121204376,1
0.14943453669548035,1
0.04819802567362785,1
0.09555871039628983,1
0.08812761306762695,1
0.09667812287807465,1
0.192085400223732,1
0.07199199497699738,1
0.13383778929710388,1
0.16855010390281677,1
0.16534142196178436,1
0.16915449500083923,1
0.25866374373435974,1
0.1573411226272583,1
0.11603502929210663,1
0.05054027959704399,1
0.09578276425600052,1
0.14166049659252167,1
0.1025441512465477,1
0.18266624212265015,1
0.1274888515472412,1
0.04806318134069443,1
0.09918758273124695,1
0.0640808492898941,1
0.12597204744815826,1
0.11652332544326782,1
0.10232241451740265,1
0.08782874047756195,1
0.0925205647945404,1
0.07706474512815475,1
0.07458329200744629,1
0.17649930715560913,1
0.09308484941720963,1
0.06418287009000778,1
0.14072094857692719,1
0.2597981095314026,1
0.062420137226581573,1
0.056618835777044296,1
0.3568677306175232,1
0.16379834711551666,1
0.08282864838838577,1
0.1403394639492035,1
0.07630624622106552,1
0.13306336104869843,1
0.14458933472633362,1
0.0695667415857315,1
0.034122295677661896,1
0.2542514204978943,1
0.10147439688444138,1
0.0732681006193161,1
0.08492667227983475,1
0.09129016101360321,1
0.1119600236415863,1
0.1340726912021637,1
0.32190603017807007,1
0.05369224026799202,1
0.09111659228801727,1
0.23245759308338165,1
0.0844104066491127,1
0.061925508081912994,1
0.202944815158844,1
0.09306427091360092,1
0.09789244830608368,1
0.14815683662891388,1
0.2860834300518036,1
0.07894501835107803,1
0.11613030731678009,1
0.1388733834028244,1
0.17236797511577606,1
0.011928720399737358,1
0.05235009640455246,1
0.0721961036324501,1
0.19173692166805267,1
0.058965761214494705,1
0.19978880882263184,1
0.06532299518585205,1
0.2098693698644638,1
0.05007319897413254,1
0.19793017208576202,1
0.030731061473488808,1
0.2997593879699707,1
0.1194792091846466,1
0.15703997015953064,1
0.12054882198572159,1
0.07427565008401871,1
0.22620926797389984,1
0.21721713244915009,1
0.07821151614189148,1
0.20644405484199524,1
0.08843376487493515,1
0.18794503808021545,1
0.18105271458625793,1
0.19347509741783142,1
0.14607548713684082,1
0.25405779480934143,1
0.3176017701625824,1
0.1271372139453888,1
0.18025854229927063,1
0.05254526063799858,1
0.13105382025241852,1
0.3452746570110321,1
0.041540488600730896,1
0.08197607100009918,1
0.05473208427429199,1
0.17002294957637787,1
0.06486091017723083,1
0.07901319861412048,1
0.17151273787021637,1
0.05400460213422775,1
0.41628605127334595,1
0.043997872620821,1
0.08874963223934174,1
0.12036305665969849,1
0.10407999157905579,1
0.09286394715309143,1
0.08179819583892822,1
0.12646639347076416,1
0.1212737113237381,1
0.08508552610874176,1
0.25786319375038147,1
0.10987814515829086,1
0.0261092409491539,1
0.06612464040517807,1
0.03971950709819794,1
0.08039667457342148,1
0.0859667956829071,1
0.14711059629917145,1
0.07782760262489319,1
0.06265848875045776,1
0.251897931098938,1
0.16665855050086975,1
0.1418156921863556,1
0.10382936894893646,1
0.0611543245613575,1
0.11095785349607468,1
0.35427212715148926,1
0.10183748602867126,1
0.1307733952999115,1
0.1394166201353073,1
0.04359396547079086,1
0.10490134358406067,1
0.09232117235660553,1
0.10651540011167526,1
0.08905420452356339,1
0.048317961394786835,1
0.06784767657518387,1
0.1255715936422348,1
0.07304264605045319,1
0.03765314444899559,1
0.14577284455299377,1
0.060070544481277466,1
0.13245461881160736,1
0.20636866986751556,1
0.11062467098236084,1
0.06701739877462387,1
0.09414202719926834,1
0.17882966995239258,1
0.11536916345357895,1
0.125758096575737,1
0.08036813884973526,1
0.11283404380083084,1
0.08626192063093185,1
0.09125153720378876,1
0.18505603075027466,1
0.16443496942520142,1
0.09757059067487717,1
0.09996981173753738,1
0.23374998569488525,1
0.09842506796121597,1
0.12645100057125092,1
0.15856540203094482,1
0.05671368166804314,1
0.08749496191740036,1
0.06062278151512146,1
0.17864784598350525,1
0.1236744299530983,1
0.13495922088623047,1
0.1692553162574768,1
0.12126220017671585,1
0.03219156712293625,1
0.050435081124305725,1
0.1716226190328598,1
0.2853679656982422,1
0.288230836391449,1
0.1259859949350357,1
0.20840033888816833,1
0.05916009843349457,1
0.12928014993667603,1
0.04461817815899849,1
0.09129661321640015,1
0.10041877627372742,1
0.02839522808790207,1
0.09593566507101059,1
0.08145204186439514,1
0.053104083985090256,1
0.07655224204063416,1
0.23082832992076874,1
0.14186155796051025,1
0.32421743869781494,1
0.15628187358379364,1
0.0742146298289299,1
0.21740099787712097,1
0.32368725538253784,1
0.06318022310733795,1
0.1768869161605835,1
0.048596255481243134,1
0.12585124373435974,1
0.08383368700742722,1
0.06564337015151978,1
0.07541950792074203,1
0.07594100385904312,1
0.2295285165309906,1
0.09982086718082428,1
0.12389911711215973,1
0.13320130109786987,1
0.11093144118785858,1
0.12101593613624573,1
0.2827681303024292,1
0.2417476922273636,1
0.14703677594661713,1
0.0966474786400795,1
0.3447192907333374,1
0.16581225395202637,1
0.07432667911052704,1
0.04629538208246231,1
0.17458616197109222,1
0.08879274129867554,1
0.06454312056303024,1
0.15584686398506165,1
0.056224334985017776,1
0.049949031323194504,1
0.16302251815795898,1
0.10645498335361481,1
0.08653195202350616,1
0.22327983379364014,1
0.12987950444221497,1
0.07274697721004486,1
0.14987576007843018,1
0.09841048717498779,1
0.08098247647285461,1
0.1385403275489807,1
0.03224518895149231,1
0.06811338663101196,1
0.05244993790984154,1
0.15411868691444397,1
0.18380165100097656,1
0.1752159744501114,1
0.0680086612701416,1
0.20434364676475525,1
0.17096297442913055,1
0.03792235627770424,1
0.07459267228841782,1
0.08570429682731628,1
0.08713146299123764,1
0.033770374953746796,1
0.06414271891117096,1
0.260366290807724,1
0.056272707879543304,1
0.07542727142572403,1
0.042130716145038605,1
0.09670883417129517,1
0.10737544298171997,1
0.01839817874133587,1
0.09560350328683853,1
0.0718388557434082,1
0.3098216652870178,1
0.10368192195892334,1
0.10403198003768921,1
0.09402333199977875,1
0.1049913689494133,1
0.06840226799249649,1
0.05126669630408287,1
0.06321325898170471,1
0.2836073040962219,1
0.4751276671886444,1
0.1521691083908081,1
0.13894027471542358,1
0.08238764107227325,1
0.18831181526184082,1
0.08349667489528656,1
0.10096503049135208,1
0.1354067027568817,1
0.044115521013736725,1
0.21163342893123627,1
0.16590440273284912,1
0.053515080362558365,1
0.11445005983114243,1
0.28420671820640564,1
0.19561916589736938,1
0.35856810212135315,1
0.11932139098644257,1
0.10511264204978943,1
0.24132998287677765,1
0.09327652305364609,1
0.21867293119430542,1
0.15412688255310059,1
0.19884100556373596,1
0.03765300288796425,1
0.11700412631034851,1
0.12062293291091919,1
0.1645963191986084,1
0.15629974007606506,1
0.07235507667064667,1
0.17467956244945526,1
0.1611461341381073,1
0.1385975331068039,1
0.1710902601480484,1
0.1780972182750702,1
0.10476364195346832,1
0.12941834330558777,1
0.10615446418523788,1
0.22506342828273773,1
0.03658179193735123,1
0.058126259595155716,1
0.14340157806873322,1
0.090875044465065,1
0.08950145542621613,1
0.10104259848594666,1
0.08228768408298492,1
0.23198537528514862,1
0.13725140690803528,1
0.13807140290737152,1
0.1447058469057083,1
0.11319264769554138,1
0.0328570231795311,1
0.07497834414243698,1
0.08894623816013336,1
0.11932195723056793,1
0.15299025177955627,1
0.07415038347244263,1
0.03227606043219566,1
0.09612742066383362,1
0.08618657290935516,1
0.13061770796775818,1
0.09586875140666962,1
0.0644647628068924,1
0.03439007326960564,1
0.18300390243530273,1
0.1278223693370819,1
0.18413451313972473,1
0.13217027485370636,1
0.12976905703544617,1
0.05841035768389702,1
0.11570484191179276,1
0.24866685271263123,1
0.0743727758526802,1
0.09763382375240326,1
0.20878934860229492,1
0.11494896560907364,1
0.1359548717737198,1
0.17876586318016052,1
0.2500283122062683,1
0.07491113990545273,1
0.0198705792427063,1
0.0828665941953659,1
0.07938399910926819,1
0.18231047689914703,1
0.07191409170627594,1
0.16651679575443268,1
0.03572751209139824,1
0.10862524807453156,1
0.057938508689403534,1
0.2581416666507721,1
0.18346071243286133,1
0.164842426776886,1
0.0824938490986824,1
0.09553030878305435,1
0.2402125597000122,1
0.12455207854509354,1
0.08870929479598999,1
0.20789620280265808,1
0.08566372096538544,1
0.10616536438465118,1
0.06297348439693451,1
0.20327043533325195,1
0.0811331495642662,1
0.1527143120765686,1
0.16300129890441895,1
0.09044206142425537,1
0.059366386383771896,1
0.2531290352344513,1
0.12046533823013306,1
0.11157585680484772,1
0.04266614466905594,1
0.09367836266756058,1
0.1746664047241211,1
0.08664418756961823,1
0.11372946947813034,1
0.08699201047420502,1
0.06068951636552811,1
0.16562341153621674,1
0.10104948282241821,1
0.1714097559452057,1
0.15688256919384003,1
0.1487651914358139,1
0.08610118925571442,1
0.1284339725971222,1
0.21624211966991425,1
0.09404897689819336,1
0.11921584606170654,1
0.09401028603315353,1
0.1000232994556427,1
0.08208123594522476,1
0.17758606374263763,1
0.06781239807605743,1
0.042789310216903687,1
0.1190895289182663,1
0.025139689445495605,1
0.04187311232089996,1
0.3002900183200836,1
0.3689832389354706,1
0.24282613396644592,1
0.01912854053080082,1
