0.18020643293857574,1
0.1524394154548645,1
0.3307398855686188,1
0.0871829092502594,1
0.28624227643013,1
0.13147202134132385,1
0.10084167867898941,1
0.14849205315113068,1
0.22877314686775208,1
0.09989895671606064,1
0.11940088868141174,1
0.17607060074806213,1
0.11494679003953934,1
0.0837249904870987,1
0.1736088991165161,1
0.12229993939399719,1
0.11299557983875275,1
0.18348371982574463,1
0.16423439979553223,1
0.061823975294828415,1
0.1041380912065506,1
0.09177415817975998,1
0.17971855401992798,1
0.07737331092357635,1
0.149423286318779,1
0.1820833683013916,1
0.12222860753536224,1
0.21739612519741058,1
0.23035772144794464,1
0.053498774766922,1
0.24360448122024536,1
0.23884907364845276,1
0.11695147305727005,1
0.13314314186573029,1
0.11647366732358932,1
0.1669091433286667,1
0.1414698213338852,1
0.1407996118068695,1
0.21365098655223846,1
0.08018963783979416,1
0.11199578642845154,1
0.1766485869884491,1
0.17150166630744934,1
0.16129839420318604,1
0.14222310483455658,1
0.120638906955719,1
0.07702120393514633,1
0.11409999430179596,1
0.14951854944229126,1
0.2731127142906189,1
0.12941114604473114,1
0.184223473072052,1
0.13100740313529968,1
0.06796478480100632,1
0.08332877606153488,1
0.10450689494609833,1
0.17466194927692413,1
0.06367038935422897,1
0.10273721814155579,1
0.2065497785806656,1
0.0935535654425621,1
0.19318976998329163,1
0.0904608890414238,1
0.13739019632339478,1
0.19139714539051056,1
0.03503070026636124,1
0.09122947603464127,1
0.2518519163131714,1
0.07072153687477112,1
0.10701250284910202,1
0.06851900368928909,1
0.2522358000278473,1
0.1519993245601654,1
0.10844887793064117,1
0.08525483310222626,1
0.19488459825515747,1
0.12524756789207458,1
0.05597224831581116,1
0.10098417848348618,1
0.18901672959327698,1
0.09785397350788116,1
0.1757650077342987,1
0.06904564797878265,1
0.12768825888633728,1
0.16727018356323242,1
0.051037926226854324,1
0.19386076927185059,1
0.11815623193979263,1
0.08930943161249161,1
0.2304028421640396,1
0.40744560956954956,1
0.06427051872015,1
0.07212670892477036,1
0.08910282701253891,1
0.07316716015338898,1
0.18526478111743927,1
0.093457892537117,1
0.05716982111334801,1
0.10516643524169922,1
0.13838519155979156,1
0.20119158923625946,1
0.05615641921758652,1
0.11113099753856659,1
0.17261327803134918,1
0.17906877398490906,1
0.14396478235721588,1
0.11528199911117554,1
0.1541680544614792,1
0.10066286474466324,1
0.12674084305763245,1
0.3760424852371216,1
0.1060914695262909,1
0.12536554038524628,1
0.05925508216023445,1
0.042735010385513306,1
0.10420317202806473,1
0.26332852244377136,1
0.21002748608589172,1
0.1076975166797638,1
0.08130007982254028,1
0.17919619381427765,1
0.06028201803565025,1
0.10428471863269806,1
0.03883339464664459,1
0.08393414318561554,1
0.2296910285949707,1
0.2438497543334961,1
0.11363177746534348,1
0.08412790298461914,1
0.2011968195438385,1
0.04818279296159744,1
0.07448127865791321,1
0.14357919991016388,1
0.08075576275587082,1
0.20046620070934296,1
0.08780527859926224,1
0.1280030757188797,1
0.14131949841976166,1
0.05969272926449776,1
0.14593924582004547,1
0.10473128408193588,1
0.19110582768917084,1
0.05834413319826126,1
0.1542198657989502,1
0.07617557793855667,1
0.07047702372074127,1
0.07252667099237442,1
0.0895313248038292,1
0.12520210444927216,1
0.08931107819080353,1
0.14558827877044678,1
0.055546194314956665,1
0.366729199886322,1
0.05575770139694214,1
0.27821195125579834,1
0.18869942426681519,1
0.09002162516117096,1
0.07239950448274612,1
0.20090767741203308,1
0.15143588185310364,1
0.13376303017139435,1
0.3420858085155487,1
0.07149983942508698,1
0.14663513004779816,1
0.1628783792257309,1
0.15135140717029572,1
0.04837339371442795,1
0.18890389800071716,1
0.15098102390766144,1
0.17428705096244812,1
0.0725439265370369,1
0.10217659920454025,1
0.11619818210601807,1
0.11757516860961914,1
0.07928381115198135,1
0.14390626549720764,1
0.11036498099565506,1
0.16176237165927887,1
0.10214494913816452,1
0.18029944598674774,1
0.14520937204360962,1
0.19655315577983856,1
0.13178667426109314,1
0.171590656042099,1
0.11896823346614838,1
0.26507657766342163,1
0.1904706358909607,1
0.22701364755630493,1
0.058839280158281326,1
0.12791159749031067,1
0.1998893767595291,1
0.0991458147764206,1
0.3483162522315979,1
0.24514015018939972,1
0.12101984024047852,1
0.15214566886425018,1
0.4023803174495697,1
0.03568003699183464,1
0.1043587252497673,1
0.188797265291214,1
0.11693503707647324,1
0.11574710160493851,1
0.1316986083984375,1
0.11010394245386124,1
0.06552905589342117,1
0.14561080932617188,1
0.13648279011249542,1
0.09760263562202454,1
0.13881325721740723,1
0.046922214329242706,1
0.08846454322338104,1
0.1399049311876297,1
0.10208170861005783,1
0.0731719508767128,1
0.12198834121227264,1
0.0994495078921318,1
0.05614461004734039,1
0.09144485741853714,1
0.048875316977500916,1
0.33444109559059143,1
0.09869323670864105,1
0.1507086306810379,1
0.08852595835924149,1
0.15892723202705383,1
0.06708034873008728,1
0.13176265358924866,1
0.06283151358366013,1
0.11162026226520538,1
0.07324201613664627,1
0.15684950351715088,1
0.20150713622570038,1
0.0899655744433403,1
0.1108163520693779,1
0.09476225078105927,1
0.08041571080684662,1
0.30150851607322693,1
0.07356898486614227,1
0.09533632546663284,1
0.07497556507587433,1
0.09309069812297821,1
0.3276892304420471,1
0.11678509414196014,1
0.11492731422185898,1
0.17336377501487732,1
0.09789767861366272,1
0.28786972165107727,1
0.0643191784620285,1
0.09427140653133392,1
0.1443265974521637,1
0.13011600077152252,1
0.0784360021352768,1
0.0652606412768364,1
0.03563687950372696,1
0.04728436842560768,1
0.09609001874923706,1
0.1176566407084465,1
0.1258305013179779,1
0.10760124027729034,1
0.08276153355836868,1
0.12267608195543289,1
0.13761116564273834,1
0.09609086811542511,1
0.11555463820695877,1
0.1280726045370102,1
0.08018187433481216,1
0.07633756846189499,1
0.08773293346166611,1
0.21038061380386353,1
0.11938433349132538,1
0.035299889743328094,1
0.07661226391792297,1
0.10030850023031235,1
0.2059474140405655,1
0.06378386169672012,1
0.24208299815654755,1
0.13144797086715698,1
0.175653338432312,1
0.06211841106414795,1
0.19959133863449097,1
0.06879471242427826,1
0.05023414269089699,1
0.4218437969684601,1
0.09772120416164398,1
0.07844789326190948,1
0.11967171728610992,1
0.25088876485824585,1
0.13672684133052826,1
0.07966727018356323,1
0.12699434161186218,1
0.21991685032844543,1
0.06108594685792923,1
0.09810471534729004,1
0.1859322488307953,1
0.1756274402141571,1
0.1826712042093277,1
0.08738817274570465,1
0.10820841789245605,1
0.11211374402046204,1
0.21105079352855682,1
0.17804545164108276,1
0.06942416727542877,1
0.08293018490076065,1
0.03847166523337364,1
0.1017482802271843,1
0.19102594256401062,1
0.12971673905849457,1
0.3191660940647125,1
0.060522809624671936,1
0.18826937675476074,1
0.18403810262680054,1
0.14101167023181915,1
0.20894965529441833,1
0.22752943634986877,1
0.039982136338949203,1
0.07256120443344116,1
0.3263151943683624,1
0.14864924550056458,1
0.051645249128341675,1
0.17081716656684875,1
0.1971673220396042,1
0.15086981654167175,1
0.2252952754497528,1
0.15268556773662567,1
0.14817087352275848,1
0.051803357899188995,1
0.09991716593503952,1
0.0685824453830719,1
0.15277999639511108,1
0.13323253393173218,1
0.14375640451908112,1
0.13985727727413177,1
0.11015438288450241,1
0.15215393900871277,1
0.0659589022397995,1
0.19212915003299713,1
0.0776977390050888,1
0.11807766556739807,1
0.100375697016716,1
0.3323403298854828,1
0.21108680963516235,1
0.0868462324142456,1
0.14466777443885803,1
0.07400807738304138,1
0.1497943252325058,1
0.33246734738349915,1
0.03032577410340309,1
0.08672869205474854,1
0.11267510056495667,1
0.13058848679065704,1
0.16478212177753448,1
0.09392224252223969,1
0.11341714859008789,1
0.17791011929512024,1
0.07881985604763031,1
0.0965978279709816,1
0.1041761189699173,1
0.08603262901306152,1
0.08364153653383255,1
0.03802490234375,1
0.08507588505744934,1
0.045917294919490814,1
0.04793210327625275,1
0.30934131145477295,1
0.15898838639259338,1
0.16183531284332275,1
0.1508013904094696,1
0.11173941195011139,1
0.12468233704566956,1
0.12019084393978119,1
0.21058014035224915,1
0.17726968228816986,1
0.23430611193180084,1
0.08266744017601013,1
0.03690730407834053,1
0.19498813152313232,1
0.18326705694198608,1
0.17810209095478058,1
0.24253247678279877,1
0.07669597864151001,1
0.08257173001766205,1
0.07522215694189072,1
0.11908236891031265,1
0.13571839034557343,1
0.23770956695079803,1
0.19372887909412384,1
0.09099018573760986,1
0.24696312844753265,1
0.06567482650279999,1
0.15691807866096497,1
0.21534153819084167,1
0.1431099772453308,1
0.08037784695625305,1
0.12584660947322845,1
0.19167649745941162,1
0.10214102268218994,1
0.11135435849428177,1
0.15141169726848602,1
0.1758209764957428,1
0.2154785692691803,1
0.030140742659568787,1
0.13317623734474182,1
0.2228628247976303,1
0.26772990822792053,1
0.20188356935977936,1
0.1141010969877243,1
0.1779615432024002,1
0.2429703176021576,1
0.08163829147815704,1
0.0695248395204544,1
0.24125614762306213,1
0.16458480060100555,1
0.08590478450059891,1
0.09183728694915771,1
0.12074358761310577,1
0.03295280784368515,1
0.11910610646009445,1
0.24870626628398895,1
0.2827150821685791,1
0.06637148559093475,1
0.2024340182542801,1
0.07757008820772171,1
0.05589773505926132,1
0.2062593698501587,1
0.06938718259334564,1
0.07244447618722916,1
0.11357876658439636,1
0.15697064995765686,1
0.08954571187496185,1
0.08178920298814774,1
0.13160069286823273,1
0.14261844754219055,1
0.20188689231872559,1
0.11933311074972153,1
0.324951171875,1
0.194337859749794,1
0.10638923943042755,1
0.10488992184400558,1
0.24977874755859375,1
0.14252810180187225,1
0.0819477066397667,1
0.19078122079372406,1
0.0591687373816967,1
0.042096033692359924,1
0.08560599386692047,1
0.10503498464822769,1
0.10176867246627808,1
0.09684731066226959,1
0.12398430705070496,1
0.1918935477733612,1
0.13201996684074402,1
0.06682894378900528,1
0.23128792643547058,1
0.09791914373636246,1
0.09140270203351974,1
0.08737093210220337,1
0.10790756344795227,1
0.11024698615074158,1
0.05128609389066696,1
0.2646603584289551,1
0.060129132121801376,1
0.10202384740114212,1
0.15574324131011963,1
0.07884255796670914,1
0.07665468752384186,1
0.05872124433517456,1
0.03475303202867508,1
0.13779199123382568,1
0.07963012903928757,1
0.14254632592201233,1
0.11153712868690491,1
0.05196013301610947,1
0.1417473554611206,1
0.16725338995456696,1
0.1841222494840622,1
0.17716754972934723,1
0.1621781289577484,1
0.13308168947696686,1
0.11553952097892761,1
0.04751279950141907,1
0.13197636604309082,1
0.321353942155838,1
0.21010516583919525,1
0.2969157099723816,1
0.36392709612846375,1
0.07709643989801407,1
0.2495671510696411,1
0.11727689206600189,1
0.24648667871952057,1
0.1605662852525711,1
0.05596271529793739,1
0.12084002047777176,1
0.07934583723545074,1
0.18988192081451416,1
0.2006250023841858,1
0.12488627433776855,1
0.12039179354906082,1
0.07680496573448181,1
0.12159503996372223,1
0.129843607544899,1
0.06344637274742126,1
0.1274326741695404,1
0.10967490822076797,1
0.09398478269577026,1
0.09624190628528595,1
0.11763235926628113,1
0.11629912257194519,1
0.041050106287002563,1
0.2747964859008789,1
0.12430683523416519,1
0.18929369747638702,1
0.05903512239456177,1
0.1676369607448578,1
0.2744000256061554,1
0.07418031245470047,1
0.1894061416387558,1
0.08039456605911255,1
0.13261708617210388,1
0.09949798882007599,1
0.1728370040655136,1
0.08700145781040192,1
0.1443038284778595,1
0.09565887600183487,1
0.05026813596487045,1
0.1279718577861786,1
0.0943162590265274,1
0.06583494693040848,1
0.08087274432182312,1
0.07104381173849106,1
0.20488974452018738,1
0.20619522035121918,1
0.2615048587322235,1
0.14734145998954773,1
0.061404574662446976,1
0.02936713770031929,1
0.17914174497127533,1
0.1396084725856781,1
0.1874161958694458,1
0.11289303004741669,1
0.09178657084703445,1
0.1830180287361145,1
0.1403721421957016,1
0.23697519302368164,1
0.13907581567764282,1
0.20893457531929016,1
0.21317806839942932,1
0.1430439054965973,1
0.06977815926074982,1
0.25232964754104614,1
0.06582073122262955,1
0.06779652088880539,1
0.14403082430362701,1
0.16528427600860596,1
0.17577320337295532,1
0.08062395453453064,1
0.07010461390018463,1
0.19138002395629883,1
0.13510125875473022,1
0.07228412479162216,1
0.192283496260643,1
0.06449595838785172,1
0.1791495680809021,1
0.084321528673172,1
0.07968732714653015,1
0.06898674368858337,1
0.04405376315116882,1
0.1359785795211792,1
0.17300114035606384,1
0.08566191792488098,1
0.12130305171012878,1
0.08946692943572998,1
0.06889720261096954,1
0.07526274770498276,1
0.05178973451256752,1
0.21113039553165436,1
0.22423520684242249,1
0.05429501459002495,1
0.16794437170028687,1
0.07283104956150055,1
0.04844347760081291,1
0.14680369198322296,1
0.08542313426733017,1
0.2565135955810547,1
0.18046990036964417,1
0.10272202640771866,1
0.2706902027130127,1
0.1288694143295288,1
0.25603634119033813,1
0.107541523873806,1
0.11035802960395813,1
0.11023235321044922,1
0.12500262260437012,1
0.1285906434059143,1
0.08126535266637802,1
0.09301508963108063,1
0.26214486360549927,1
0.103235624730587,1
0.08539918065071106,1
0.07088610529899597,1
0.06867442280054092,1
0.0785943865776062,1
0.15394778549671173,1
0.07437489181756973,1
0.11230987310409546,1
0.0860864445567131,1
0.09417538344860077,1
0.1943485140800476,1
0.05608513206243515,1
0.2804805636405945,1
0.13774867355823517,1
0.12314348667860031,1
0.13043779134750366,1
0.17262566089630127,1
0.30563193559646606,1
0.06305670738220215,1
0.08774115145206451,1
0.15383252501487732,1
0.08753904700279236,1
0.10049638152122498,1
0.046817369759082794,1
0.11277946084737778,1
0.232788547873497,1
0.07835926860570908,1
0.07409060746431351,1
0.11753983795642853,1
0.17256101965904236,1
0.2227565497159958,1
0.12231651693582535,1
0.06870444118976593,1
0.23850014805793762,1
0.052167803049087524,1
0.1398695707321167,1
0.10155148804187775,1
0.3588406443595886,1
0.18154172599315643,1
0.0493181049823761,1
0.060681939125061035,1
0.19565559923648834,1
0.12918296456336975,1
0.20493564009666443,1
0.060735929757356644,1
0.08932575583457947,1
0.08658458292484283,1
0.09045642614364624,1
0.21244581043720245,1
0.11679330468177795,1
0.05846550315618515,1
0.22007489204406738,1
0.0661250427365303,1
0.025600144639611244,1
0.020311538130044937,1
0.07415106892585754,1
0.087491475045681,1
0.1399794965982437,1
0.05348898842930794,1
0.17030861973762512,1
0.16880278289318085,1
0.21216538548469543,1
0.0817817896604538,1
0.20256784558296204,1
0.07436211407184601,1
0.12572535872459412,1
0.08078436553478241,1
0.09278105944395065,1
0.07623746246099472,1
0.14359502494335175,1
0.09409838914871216,1
0.12103103846311569,1
0.1360379159450531,1
0.05575143173336983,1
0.12462153285741806,1
0.09985919296741486,1
0.20513911545276642,1
0.143351212143898,1
0.10909577459096909,1
0.0681900829076767,1
0.12066896259784698,1
0.23872630298137665,1
0.24690678715705872,1
0.045177556574344635,1
0.21666571497917175,1
0.12650182843208313,1
0.14796189963817596,1
0.23150479793548584,1
0.14232806861400604,1
0.12076123803853989,1
0.10350699722766876,1
0.06998193264007568,1
0.09031367301940918,1
0.15551352500915527,1
0.25699421763420105,1
0.10241620242595673,1
0.23548856377601624,1
0.11271417140960693,1
0.07542340457439423,1
0.10390657186508179,1
0.21513161063194275,1
0.07978638261556625,1
0.20324397087097168,1
0.30875176191329956,1
0.06858940422534943,1
0.11164838820695877,1
0.12413793057203293,1
0.09679481387138367,1
0.08010375499725342,1
0.14290615916252136,1
0.20353125035762787,1
0.10521648079156876,1
0.07770851999521255,1
0.09130175411701202,1
0.03598475828766823,1
0.31634846329689026,1
0.06009756773710251,1
0.08402308076620102,1
0.05213084816932678,1
0.11262025684118271,1
0.2536888122558594,1
0.09743048250675201,1
0.16218698024749756,1
0.14890813827514648,1
0.15617488324642181,1
0.2413799911737442,1
0.2454007863998413,1
0.16393809020519257,1
0.10978669673204422,1
0.06367082893848419,1
0.13593360781669617,1
0.23920094966888428,1
0.12935416400432587,1
0.06366550922393799,1
0.22223570942878723,1
0.0940336212515831,1
0.04144607111811638,1
0.1506693959236145,1
0.127315491437912,1
0.12631607055664063,1
0.12976425886154175,1
0.31786617636680603,1
0.11501769721508026,1
0.18092145025730133,1
0.18345534801483154,1
0.07649894058704376,1
0.14572598040103912,1
0.21080687642097473,1
0.08605799823999405,1
0.044082701206207275,1
0.17291897535324097,1
0.09552045166492462,1
0.20707882940769196,1
0.07024060189723969,1
0.1935615837574005,1
0.06876663863658905,1
0.1218949407339096,1
0.06249344348907471,1
0.0934278592467308,1
0.15748867392539978,1
0.16474445164203644,1
0.10066862404346466,1
0.03938855975866318,1
0.09323010593652725,1
0.15890651941299438,1
0.09555408358573914,1
0.12228672206401825,1
0.10801064968109131,1
0.06258881092071533,1
0.21270260214805603,1
0.11759796738624573,1
0.0960867702960968,1
0.055770132690668106,1
0.06171531602740288,1
0.13964790105819702,1
0.29412955045700073,1
0.14305466413497925,1
0.22372356057167053,1
0.1633724421262741,1
0.053076937794685364,1
0.12185315787792206,1
0.18194299936294556,1
0.3002341389656067,1
0.04478665441274643,1
0.12063167244195938,1
0.23653584718704224,1
0.1438693404197693,1
0.12665431201457977,1
0.09024099260568619,1
0.1591179072856903,1
0.11929108947515488,1
0.14647626876831055,1
0.13347484171390533,1
0.293033629655838,1
0.04233194515109062,1
0.1632051169872284,1
0.14324846863746643,1
0.06227627769112587,1
0.042046137154102325,1
0.30948370695114136,1
0.12226401269435883,1
0.3159857988357544,1
0.06418025493621826,1
0.06116414815187454,1
0.13776688277721405,1
0.21619164943695068,1
0.09210162609815598,1
0.10202326625585556,1
0.12589307129383087,1
0.23931536078453064,1
0.20019583404064178,1
0.15816684067249298,1
0.06278421729803085,1
0.20248699188232422,1
0.15902389585971832,1
0.06780833005905151,1
0.14954885840415955,1
0.048104554414749146,1
0.22502924501895905,1
0.06210808828473091,1
0.10557851940393448,1
0.1432829648256302,1
0.2529175281524658,1
0.0957498699426651,1
0.15204963088035583,1
0.0633435845375061,1
0.052346643060445786,1
0.18102970719337463,1
0.13748721778392792,1
0.08890654891729355,1
0.15076734125614166,1
0.1201765239238739,1
0.07988589257001877,1
0.17641066014766693,1
0.06890721619129181,1
0.06006821617484093,1
0.24365748465061188,1
0.08660490065813065,1
0.07376141101121902,1
0.17132636904716492,1
0.10230065137147903,1
0.038718804717063904,1
0.1481247842311859,1
0.1619582325220108,1
0.0976589247584343,1
0.07042752206325531,1
0.22775614261627197,1
0.1120302677154541,1
0.19967113435268402,1
0.1325325220823288,1
0.07123270630836487,1
0.2091813087463379,1
0.1321200430393219,1
0.2727455496788025,1
0.1471608430147171,1
0.08388040214776993,1
0.04286151006817818,1
0.14662569761276245,1
0.09374498575925827,1
0.17471179366111755,1
0.1853334605693817,1
0.18083101511001587,1
0.11280061304569244,1
0.09627608954906464,1
0.16134923696517944,1
0.28947025537490845,1
0.09394964575767517,1
0.1309090107679367,1
0.05795757472515106,1
0.1528739333152771,1
0.048454370349645615,1
0.21236591041088104,1
0.07220195233821869,1
0.0814746767282486,1
0.09696044027805328,1
0.23857945203781128,1
0.05250874161720276,1
0.15697446465492249,1
0.2267780900001526,1
0.25628215074539185,1
0.09674982726573944,1
0.1071649044752121,1
0.07871629297733307,1
0.08026137948036194,1
0.1017591580748558,1
0.1411813348531723,1
0.10073189437389374,1
0.1144871637225151,1
0.26989859342575073,1
0.2390085756778717,1
0.16035661101341248,1
0.10768644511699677,1
0.21438419818878174,1
0.11220375448465347,1
0.10920286178588867,1
0.04112405702471733,1
0.10569252073764801,1
0.21206839382648468,1
0.10403487831354141,1
0.06268037110567093,1
0.1632106751203537,1
0.21379166841506958,1
0.08327499032020569,1
0.25047755241394043,1
0.05280282348394394,1
0.21493685245513916,1
0.2883920669555664,1
0.06820204854011536,1
0.09949123859405518,1
0.061594363301992416,1
0.13766053318977356,1
0.17000596225261688,1
0.14144104719161987,1
0.22542694211006165,1
0.1415431797504425,1
0.1981959491968155,1
0.1329873651266098,1
0.2998341917991638,1
0.2915023863315582,1
0.12290465086698532,1
0.11042077839374542,1
0.07517001032829285,1
0.20485498011112213,1
0.04306282475590706,1
0.09994637966156006,1
0.043311987072229385,1
0.1420726627111435,1
0.293599009513855,1
0.19769622385501862,1
0.1744348704814911,1
0.058083415031433105,1
0.08393900841474533,1
0.04407521337270737,1
0.23736120760440826,1
0.1909766048192978,1
0.23607268929481506,1
0.09019676595926285,1
0.04700800031423569,1
0.04498198628425598,1
0.16156074404716492,1
0.14106962084770203,1
0.11337846517562866,1
0.1778496354818344,1
0.19652828574180603,1
0.2137099951505661,1
0.1094164103269577,1
0.1084994375705719,1
0.1234903335571289,1
0.07572095841169357,1
0.3390918970108032,1
0.2924436330795288,1
0.3499671518802643,1
0.04494001343846321,1
0.12346617132425308,1
0.053474705666303635,1
0.1464669406414032,1
0.0703904926776886,1
0.0914686918258667,1
0.12602771818637848,1
0.1276002824306488,1
0.1465059518814087,1
0.10773611068725586,1
0.05586589500308037,1
0.03819146752357483,1
0.1608087569475174,1
0.20191150903701782,1
0.08027634024620056,1
0.16118383407592773,1
0.05936669185757637,1
0.05226723104715347,1
0.12892401218414307,1
0.06580541282892227,1
0.19712167978286743,1
0.22843961417675018,1
0.090010866522789,1
0.12792694568634033,1
0.12654584646224976,1
0.21715198457241058,1
0.1032993420958519,1
0.18646937608718872,1
0.39870575070381165,1
0.1472371518611908,1
0.10051654279232025,1
0.2072184681892395,1
0.15359675884246826,1
0.09829755127429962,1
0.21041208505630493,1
0.02350352704524994,1
0.10306498408317566,1
0.14376415312290192,1
0.2083049863576889,1
0.14577308297157288,1
0.08124898374080658,1
0.06316304951906204,1
0.08878827840089798,1
0.039637595415115356,1
0.06514501571655273,1
0.041071005165576935,1
0.08707527816295624,1
0.06833938509225845,1
0.2408919632434845,1
0.06556609272956848,1
0.11627115309238434,1
0.12145188450813293,1
0.05212556943297386,1
0.09363541007041931,1
0.33166030049324036,1
0.04065963625907898,1
0.14723214507102966,1
0.1076941266655922,1
0.17806750535964966,1
0.09763912856578827,1
0.055204033851623535,1
0.16535815596580505,1
0.11045917868614197,1
0.1783924698829651,1
0.0684317946434021,1
0.09730438888072968,1
0.08965400606393814,1
0.09760137647390366,1
0.13650096952915192,1
0.16003191471099854,1
0.1700027734041214,1
0.16911232471466064,1
0.13106581568717957,1
0.2115161418914795,1
0.06497544050216675,1
0.06391122192144394,1
0.12063734233379364,1
0.15639126300811768,1
0.044915005564689636,1
0.1331072896718979,1
0.07945539057254791,1
0.22131726145744324,1
0.08713692426681519,1
0.09416064620018005,1
0.16330860555171967,1
0.17064476013183594,1
0.11105354130268097,1
0.19459927082061768,1
0.11440432071685791,1
0.11101620644330978,1
0.09248840063810349,1
0.14542430639266968,1
0.1909189522266388,1
0.10864263027906418,1
0.1499437391757965,1
0.044354043900966644,1
0.1583532840013504,1
0.04885872080922127,1
0.013337869197130203,1
0.15354770421981812,1
0.12341812252998352,1
0.07466843724250793,1
0.26446259021759033,1
0.15448665618896484,1
0.3054794669151306,1
0.10120220482349396,1
0.1102670282125473,1
0.08372858911752701,1
0.06959696114063263,1
0.12073825299739838,1
0.13297778367996216,1
0.20732717216014862,1
0.24340038001537323,1
0.18895219266414642,1
0.08641359210014343,1
0.07042588293552399,1
0.10906083136796951,1
0.09657236933708191,1
0.07537475228309631,1
0.2270675152540207,1
0.14183998107910156,1
0.10296440869569778,1
0.06530690938234329,1
0.10043085366487503,1
0.06114953011274338,1
0.15705035626888275,1
0.06887129694223404,1
0.04145786166191101,1
0.04895901679992676,1
0.4354631304740906,1
0.13468867540359497,1
0.11229635030031204,1
0.10273926705121994,1
0.15300068259239197,1
0.317954421043396,1
0.13416555523872375,1
0.07335031777620316,1
0.04634081944823265,1
0.15322405099868774,1
0.14507029950618744,1
0.01829656958580017,1
0.14849597215652466,1
0.2628042995929718,1
0.12769588828086853,1
0.13401032984256744,1
0.03675856441259384,1
0.2548530697822571,1
0.08149635791778564,1
0.17549389600753784,1
0.07472271472215652,1
0.123463936150074,1
0.0664365142583847,1
0.16422444581985474,1
0.2852969169616699,1
0.19981612265110016,1
0.12596511840820313,1
0.09405547380447388,1
0.18679356575012207,1
0.057367779314517975,1
0.09372389316558838,1
0.3206155300140381,1
0.08224429190158844,1
0.07803190499544144,1
0.07770314812660217,1
0.09754039347171783,1
0.2647911608219147,1
0.2169514298439026,1
0.16012917459011078,1
0.12513002753257751,1
0.07554249465465546,1
0.1493712216615677,1
0.05978798866271973,1
0.26609253883361816,1
0.1567930281162262,1
0.12409287691116333,1
0.04698210209608078,1
0.12632359564304352,1
0.06999540328979492,1
0.12083613127470016,1
0.21638508141040802,1
0.2803708612918854,1
0.4290321469306946,1
0.08896060287952423,1
0.05620966851711273,1
0.2780439555644989,1
0.11299628019332886,1
0.09984485059976578,1
0.03491399809718132,1
0.11408814042806625,1
0.1288967728614807,1
0.1601599007844925,1
0.32770276069641113,1
0.259145587682724,1
0.15599176287651062,1
0.36295026540756226,1
0.06434141844511032,1
0.07410290837287903,1
0.09882508963346481,1
0.190913587808609,1
0.16359569132328033,1
0.1826024353504181,1
0.11566763371229172,1
0.29542478919029236,1
0.20767861604690552,1
0.09169591963291168,1
0.11642487347126007,1
0.1044023185968399,1
0.03916681557893753,1
0.3575431704521179,1
0.12148146331310272,1
0.16160738468170166,1
0.0767502635717392,1
0.23223073780536652,1
0.18562756478786469,1
0.18843317031860352,1
0.2657340168952942,1
0.07926428318023682,1
0.09469226002693176,1
0.201337993144989,1
0.13577452301979065,1
0.17130514979362488,1
0.14699825644493103,1
0.10765679180622101,1
0.11714288592338562,1
0.24101540446281433,1
0.05725392699241638,1
0.14892229437828064,1
0.10864118486642838,1
0.22291122376918793,1
0.08988793939352036,1
0.10669756680727005,1
0.11911344528198242,1
0.07329655438661575,1
0.18046951293945313,1
0.07459679991006851,1
0.23534709215164185,1
0.14563915133476257,1
0.14268694818019867,1
0.042317453771829605,1
0.0836726576089859,1
0.2183825969696045,1
0.1551755666732788,1
0.18751035630702972,1
0.15809226036071777,1
0.11849015951156616,1
0.18559116125106812,1
0.15199890732765198,1
0.025158638134598732,1
0.13262216746807098,1
0.240452840924263,1
0.2687598466873169,1
0.18927377462387085,1
0.17975720763206482,1
0.19082337617874146,1
0.10792534053325653,1
0.18432435393333435,1
0.19995570182800293,1
0.09804607927799225,1
0.12800683081150055,1
0.17322063446044922,1
0.19494354724884033,1
0.08236987143754959,1
0.0667358860373497,1
0.10603363811969757,1
0.14471159875392914,1
0.17707891762256622,1
0.052295584231615067,1
0.18794988095760345,1
0.07162448763847351,1
0.182663232088089,1
0.06518692523241043,1
0.08477770537137985,1
0.1640225648880005,1
0.09654434025287628,1
0.12097655981779099,1
0.11716468632221222,1
0.1675998419523239,1
0.12403777986764908,1
0.11476968973875046,1
0.13482773303985596,1
0.0687185674905777,1
0.24364073574543,1
0.13459470868110657,1
0.11336233466863632,1
0.15625180304050446,1
0.0671781599521637,1
0.047201670706272125,1
0.12125132232904434,1
0.35805344581604004,1
0.20332953333854675,1
0.07095713913440704,1
0.16526390612125397,1
0.21386507153511047,1
0.21978776156902313,1
0.3549266457557678,1
0.1223193034529686,1
0.08169912546873093,1
0.06886205077171326,1
0.09779077768325806,1
0.10102684050798416,1
0.07831232249736786,1
0.12796293199062347,1
0.15249568223953247,1
0.09107859432697296,1
0.21336953341960907,1
0.14014673233032227,1
0.18851496279239655,1
0.12262866646051407,1
0.05608106404542923,1
0.13185898959636688,1
0.13251784443855286,1
0.10938180238008499,1
0.2180396318435669,1
0.105547234416008,1
0.2943366467952728,1
0.08669038116931915,1
0.08094647526741028,1
0.14898447692394257,1
0.0724741593003273,1
0.18420034646987915,1
0.0818595439195633,1
0.12359432876110077,1
0.15496358275413513,1
0.19010667502880096,1
0.1482800841331482,1
0.07935049384832382,1
0.10280892252922058,1
0.12549984455108643,1
0.09095898270606995,1
0.09024467319250107,1
0.14641892910003662,1
0.13793152570724487,1
0.04438869655132294,1
0.1880735456943512,1
0.08208638429641724,1
0.13989801704883575,1
0.1952977478504181,1
0.12372744083404541,1
0.15618900954723358,1
0.19323405623435974,1
0.15937331318855286,1
0.07144350558519363,1
0.09499600529670715,1
0.08786602318286896,1
0.22530099749565125,1
0.04687236621975899,1
0.21143212914466858,1
0.20352505147457123,1
0.049976274371147156,1
0.09004810452461243,1
0.06835891306400299,1
0.18220947682857513,1
0.17060786485671997,1
0.16472041606903076,1
0.05289734899997711,1
0.10096058994531631,1
0.0981118381023407,1
0.07791068404912949,1
0.07727307826280594,1
0.09387430548667908,1
0.17436793446540833,1
0.09095551073551178,1
0.03407613933086395,1
0.07425259053707123,1
0.12510274350643158,1
0.07414816319942474,1
0.11336241662502289,1
0.149897962808609,1
0.1289745271205902,1
0.3036140501499176,1
0.054656486958265305,1
0.08277639746665955,1
0.10528595000505447,1
0.14555788040161133,1
0.34951889514923096,1
0.21185526251792908,1
0.20986801385879517,1
0.108632393181324,1
0.06903259456157684,1
0.14314040541648865,1
0.0762973427772522,1
0.15013279020786285,1
0.1619032621383667,1
0.08495564758777618,1
0.21004928648471832,1
0.32834357023239136,1
0.10142423212528229,1
0.06387189775705338,1
0.2301625907421112,1
0.10778775066137314,1
0.13014009594917297,1
0.16643621027469635,1
0.05461348593235016,1
0.1866399198770523,1
0.12950247526168823,1
0.09911319613456726,1
0.11740443855524063,1
0.09626777470111847,1
0.1947079598903656,1
0.11605025827884674,1
0.10568864643573761,1
0.1484045386314392,1
0.07582738995552063,1
0.06874187290668488,1
0.18056386709213257,1
0.18645456433296204,1
0.07408805191516876,1
0.16821619868278503,1
0.16446346044540405,1
0.3694842457771301,1
0.1916651725769043,1
0.14328333735466003,1
0.2645549774169922,1
0.18637888133525848,1
0.06874004006385803,1
0.20770233869552612,1
0.15569047629833221,1
0.06161291152238846,1
0.05834786593914032,1
0.10552489757537842,1
0.11143502593040466,1
0.07428952306509018,1
0.05479305237531662,1
0.0839686244726181,1
0.07094429433345795,1
0.12155970931053162,1
0.3024662137031555,1
0.07103154808282852,1
0.16890490055084229,1
0.0739620178937912,1
0.12966816127300262,1
0.03664448857307434,1
0.11466103792190552,1
0.0680108591914177,1
0.16379138827323914,1
0.05426080524921417,1
0.17323286831378937,1
0.10724951326847076,1
0.05853724479675293,1
0.037496231496334076,1
0.17878206074237823,1
0.1504669040441513,1
0.1260761171579361,1
0.14371874928474426,1
0.15453164279460907,1
0.03247673436999321,1
0.12348558753728867,1
0.16097602248191833,1
0.061494454741477966,1
0.14347606897354126,1
0.07288837432861328,1
0.18131417036056519,1
0.21036067605018616,1
0.1426793485879898,1
0.1739690899848938,1
0.04216283559799194,1
0.08576598763465881,1
0.16661185026168823,1
0.0652250349521637,1
0.1997235268354416,1
0.1368415653705597,1
0.06794828176498413,1
0.15368637442588806,1
0.09938965737819672,1
0.11171867698431015,1
0.18793746829032898,1
0.23702208697795868,1
0.03543287515640259,1
0.24330246448516846,1
0.07969313859939575,1
0.11773866415023804,1
0.10861879587173462,1
0.25347989797592163,1
0.14714983105659485,1
0.13430243730545044,1
0.12222225964069366,1
0.09735582768917084,1
0.2273847907781601,1
0.13765189051628113,1
0.1500227004289627,1
0.1331092119216919,1
0.12152685970067978,1
0.07051608711481094,1
0.06532982736825943,1
0.20421449840068817,1
0.23745426535606384,1
0.1541818082332611,1
0.08113269507884979,1
0.12782050669193268,1
0.16850611567497253,1
0.06546402722597122,1
0.1371845006942749,1
0.3067516088485718,1
0.06654203683137894,1
0.08748391270637512,1
0.0906800851225853,1
0.348177433013916,1
0.1488887220621109,1
0.04692145437002182,1
0.10224761813879013,1
0.09611037373542786,1
0.12663836777210236,1
0.048708684742450714,1
0.22893838584423065,1
0.04849040135741234,1
0.13584871590137482,1
0.07476240396499634,1
0.09476634860038757,1
0.1419638842344284,1
0.09149166196584702,1
0.3586371839046478,1
0.16423481702804565,1
0.1619604527950287,1
0.12303473800420761,1
0.15664486587047577,1
0.10780559480190277,1
0.11286057531833649,1
0.09144033491611481,1
0.126748725771904,1
0.26017501950263977,1
0.17483513057231903,1
0.09776044636964798,1
0.07038556784391403,1
0.1739272028207779,1
0.045938797295093536,1
0.11290086060762405,1
0.17752984166145325,1
0.10421602427959442,1
0.15148861706256866,1
0.06587627530097961,1
0.11348992586135864,1
0.24157512187957764,1
0.22832848131656647,1
0.2513793110847473,1
0.22269393503665924,1
0.12350071966648102,1
0.16605296730995178,1
0.22319647669792175,1
0.062078822404146194,1
0.05308210477232933,1
0.19054777920246124,1
0.0431513674557209,1
0.09372048079967499,1
0.10877154022455215,1
0.09744983911514282,1
0.16902074217796326,1
0.08173353224992752,1
0.1056518703699112,1
0.13418442010879517,1
0.23889924585819244,1
0.22832122445106506,1
0.08107905834913254,1
0.08717195689678192,1
0.12126802653074265,1
0.06785481423139572,1
0.11966521292924881,1
0.08572816848754883,1
0.18503344058990479,1
0.11509713530540466,1
0.06239403039216995,1
0.062003545463085175,1
0.060127973556518555,1
0.12454786151647568,1
0.15471582114696503,1
0.06541556119918823,1
0.11449696123600006,1
0.15401959419250488,1
0.09214208275079727,1
0.06709595769643784,1
0.1654808223247528,1
0.1952885389328003,1
0.0477057583630085,1
0.15503180027008057,1
0.130450040102005,1
0.058098260313272476,1
0.046861305832862854,1
0.07391151785850525,1
0.04931620880961418,1
0.16569045186042786,1
0.050609201192855835,1
0.1298217922449112,1
0.2348290979862213,1
0.19615814089775085,1
0.14574703574180603,1
0.21426880359649658,1
0.16403302550315857,1
0.24291372299194336,1
0.2828323245048523,1
0.09687306731939316,1
0.12763187289237976,1
0.07834386825561523,1
0.1785307228565216,1
0.08260925859212875,1
0.276803195476532,1
0.04928036779165268,1
0.17828966677188873,1
0.06371691077947617,1
0.12077780812978745,1
0.25289100408554077,1
0.11146828532218933,1
0.11417417973279953,1
0.1636447310447693,1
0.1991572082042694,1
0.12550753355026245,1
0.16846024990081787,1
0.100262850522995,1
0.06281667947769165,1
0.22550705075263977,1
0.041015688329935074,1
0.13380837440490723,1
0.14325666427612305,1
0.09129999577999115,1
0.13614505529403687,1
0.11797885596752167,1
0.25556856393814087,1
0.10371703654527664,1
0.13384376466274261,1
0.14077621698379517,1
0.054833024740219116,1
0.11322374641895294,1
0.15330752730369568,1
0.09304744005203247,1
0.1311194747686386,1
0.08014003932476044,1
0.18100149929523468,1
0.07805141806602478,1
0.11654052138328552,1
0.04421496391296387,1
0.06217709928750992,1
0.13916568458080292,1
0.16114816069602966,1
0.08573941141366959,1
0.10485343635082245,1
0.05013314634561539,1
0.16318048536777496,1
0.13689933717250824,1
0.15135349333286285,1
0.0309145487844944,1
0.22984233498573303,1
0.10596442222595215,1
0.35746026039123535,1
0.24414458870887756,1
0.07669122517108917,1
0.053564999252557755,1
0.07961650937795639,1
0.14895375072956085,1
0.13655945658683777,1
0.11796869337558746,1
0.14614978432655334,1
0.20429685711860657,1
0.2307252287864685,1
0.10916653275489807,1
0.07948984205722809,1
0.08884593099355698,1
0.1117362305521965,1
0.053450845181941986,1
0.05310773104429245,1
0.15225662291049957,1
0.07720056176185608,1
0.11472916603088379,1
0.07685375213623047,1
0.18534457683563232,1
0.09931077063083649,1
0.10181933641433716,1
0.060485389083623886,1
0.152328759431839,1
0.12713494896888733,1
0.15122124552726746,1
0.06241856515407562,1
0.2579353153705597,1
0.21416908502578735,1
0.2231636345386505,1
0.1303948312997818,1
0.1107315868139267,1
0.06973817199468613,1
0.0348641611635685,1
0.20165808498859406,1
0.060729555785655975,1
0.18257492780685425,1
0.08522753417491913,1
0.1499265730381012,1
0.11592552810907364,1
0.12320035696029663,1
0.133665531873703,1
0.16619554162025452,1
0.1811717450618744,1
0.26186656951904297,1
0.10802918672561646,1
0.08264219015836716,1
0.1476624310016632,1
0.11464318633079529,1
0.3918592035770416,1
0.10670474171638489,1
0.225093275308609,1
0.08830279111862183,1
0.2293354719877243,1
0.133696049451828,1
0.06448134034872055,1
0.04958086088299751,1
0.04310011491179466,1
0.08663686364889145,1
0.13674336671829224,1
0.04764683544635773,1
0.15079520642757416,1
0.08936202526092529,1
0.13299620151519775,1
0.13046994805335999,1
0.09603729844093323,1
0.027012234553694725,1
0.12161673605442047,1
0.1431865394115448,1
0.1384466588497162,1
0.20253650844097137,1
0.18944446742534637,1
0.15179911255836487,1
0.10297520458698273,1
0.0279818344861269,1
0.04940766468644142,1
0.0915672704577446,1
0.09021022170782089,1
0.07406497001647949,1
0.15368624031543732,1
0.041791681200265884,1
0.17200881242752075,1
0.14766761660575867,1
0.2844945788383484,1
0.2539050579071045,1
0.1917107105255127,1
0.023824486881494522,1
0.12401637434959412,1
0.19128620624542236,1
0.15136653184890747,1
0.14167776703834534,1
0.18035463988780975,1
0.18103934824466705,1
0.03448475897312164,1
0.28508007526397705,1
0.08797802031040192,1
0.13683846592903137,1
0.0653754472732544,1
0.16492456197738647,1
0.14439742267131805,1
0.06104250252246857,1
0.14141464233398438,1
0.049215953797101974,1
0.09549852460622787,1
0.10201440006494522,1
0.14232322573661804,1
0.12363964319229126,1
0.08631475269794464,1
0.14256903529167175,1
0.16831636428833008,1
0.2026304006576538,1
0.1658298522233963,1
0.16768933832645416,1
0.06941010057926178,1
0.2060677707195282,1
0.09829846024513245,1
0.08330054581165314,1
0.15420414507389069,1
0.27533605694770813,1
0.1540372222661972,1
0.176435187458992,1
0.15828533470630646,1
0.05899452790617943,1
0.11395401507616043,1
0.10185229778289795,1
0.2231857180595398,1
0.046131182461977005,1
0.03129271790385246,1
0.18708792328834534,1
0.13276946544647217,1
0.08458907902240753,1
0.11786922812461853,1
0.18004615604877472,1
0.1789414882659912,1
0.20636460185050964,1
0.21483144164085388,1
0.14453430473804474,1
0.1169508844614029,1
0.059068463742733,1
0.30553334951400757,1
0.06322509795427322,1
0.1859656572341919,1
0.19824400544166565,1
0.17117464542388916,1
0.2085096538066864,1
0.04136772081255913,1
0.1583041250705719,1
0.07602156698703766,1
0.13128845393657684,1
0.19657421112060547,1
0.05412686616182327,1
0.18655619025230408,1
0.18001019954681396,1
0.0758235827088356,1
0.06286630034446716,1
0.11153026670217514,1
0.1978759467601776,1
0.26285722851753235,1
0.11411108076572418,1
0.1256750077009201,1
0.1724005788564682,1
0.16983960568904877,1
0.07350792735815048,1
0.17553161084651947,1
0.49112313985824585,1
0.16370409727096558,1
0.3530900776386261,1
0.066732257604599,1
0.14361999928951263,1
0.08026949316263199,1
0.23341238498687744,1
0.12031514197587967,1
0.09438251703977585,1
0.10305017232894897,1
0.15360698103904724,1
0.07024949043989182,1
0.20891901850700378,1
0.07676146924495697,1
0.14085263013839722,1
0.2442953735589981,1
0.07153958827257156,1
0.10283326357603073,1
0.07920339703559875,1
0.19833458960056305,1
0.15762008726596832,1
0.1440134048461914,1
0.06255894899368286,1
0.17918460071086884,1
0.08866603672504425,1
0.03597036004066467,1
0.2218584418296814,1
0.25994163751602173,1
0.1885853409767151,1
0.09928909689188004,1
0.2891678214073181,1
0.17331524193286896,1
0.18051257729530334,1
0.21767403185367584,1
0.15377238392829895,1
0.16291610896587372,1
0.18601705133914948,1
0.09030400961637497,1
0.13486073911190033,1
0.11224959790706635,1
0.14595574140548706,1
0.06314918398857117,1
0.16698680818080902,1
0.09573094546794891,1
0.12028427422046661,1
0.10346575081348419,1
0.08116357773542404,1
0.18752294778823853,1
0.12984859943389893,1
0.11050617694854736,1
0.17252883315086365,1
0.15168021619319916,1
0.10128404945135117,1
0.28412294387817383,1
0.09553827345371246,1
0.0813717171549797,1
0.1541147232055664,1
0.23059521615505219,1
0.08457591384649277,1
0.07522667199373245,1
0.08880896121263504,1
0.20925208926200867,1
0.1137000322341919,1
0.020859675481915474,1
0.23518317937850952,1
0.11433573812246323,1
0.09130096435546875,1
0.12678521871566772,1
0.23834499716758728,1
0.21256551146507263,1
0.08558821678161621,1
0.07992544025182724,1
0.14158080518245697,1
0.11846646666526794,1
0.08545101433992386,1
0.07242682576179504,1
0.1761728674173355,1
0.22293581068515778,1
0.14098846912384033,1
0.15629611909389496,1
0.1099691241979599,1
0.09116488695144653,1
0.16386470198631287,1
0.11934703588485718,1
0.09952335059642792,1
0.11498269438743591,1
0.23746651411056519,1
0.03813186287879944,1
0.08670046925544739,1
0.07660722732543945,1
0.07429513335227966,1
0.11869080364704132,1
0.13095633685588837,1
0.12427572906017303,1
0.18050414323806763,1
0.10759010910987854,1
0.08517441898584366,1
0.050646502524614334,1
0.16971078515052795,1
0.18647918105125427,1
0.09194248914718628,1
0.2021523416042328,1
0.20002944767475128,1
0.11985937505960464,1
0.08401458710432053,1
0.2649344801902771,1
0.14976295828819275,1
0.0576990582048893,1
0.15002524852752686,1
0.40272578597068787,1
0.10787659883499146,1
0.09163250029087067,1
0.09923169016838074,1
0.12521953880786896,1
0.19117102026939392,1
0.32542499899864197,1
0.12240274995565414,1
0.18990907073020935,1
0.08693653345108032,1
0.11198753863573074,1
0.056657854467630386,1
0.22385607659816742,1
0.1391744613647461,1
0.29078152775764465,1
0.1562395691871643,1
0.2693178057670593,1
0.125833198428154,1
0.05853911489248276,1
0.16159196197986603,1
0.08120383322238922,1
0.044606804847717285,1
0.13204529881477356,1
0.052040889859199524,1
0.14575937390327454,1
0.22250601649284363,1
0.12769974768161774,1
0.11236437410116196,1
0.12784019112586975,1
0.06130191311240196,1
0.12532933056354523,1
0.0891110897064209,1
0.13917678594589233,1
0.11386748403310776,1
0.10735537111759186,1
0.18445245921611786,1
0.14836065471172333,1
0.2278536558151245,1
0.17379389703273773,1
0.05651940777897835,1
0.11867699772119522,1
0.10595154017210007,1
0.0929899662733078,1
0.1702813357114792,1
0.235246479511261,1
0.289247065782547,1
0.21855421364307404,1
0.07295271009206772,1
0.08861913532018661,1
0.09461897611618042,1
0.10195330530405045,1
0.049873050302267075,1
0.04918383061885834,1
0.10290859639644623,1
0.10442099720239639,1
0.09147254377603531,1
0.07601228356361389,1
0.23257988691329956,1
0.151967853307724,1
0.17289157211780548,1
0.09531618654727936,1
0.10685068368911743,1
0.10792529582977295,1
0.22952142357826233,1
0.06521546095609665,1
0.13629241287708282,1
0.188355952501297,1
0.28733283281326294,1
0.035001564770936966,1
0.2202398180961609,1
0.04852396622300148,1
0.0986776351928711,1
0.07693450152873993,1
0.09616672992706299,1
0.03508242219686508,1
0.03844742476940155,1
0.094085693359375,1
0.22468765079975128,1
0.14949916303157806,1
0.09809055924415588,1
0.2309192717075348,1
0.062373436987400055,1
0.18804681301116943,1
0.186578169465065,1
0.10913316160440445,1
0.15754500031471252,1
0.1959763467311859,1
0.2048441618680954,1
0.11879832297563553,1
0.0705626830458641,1
0.07615168392658234,1
0.10972011089324951,1
0.08968086540699005,1
0.13868260383605957,1
0.06889764219522476,1
0.21745005249977112,1
0.29785260558128357,1
0.07610177993774414,1
0.22056162357330322,1
0.183523491024971,1
0.15986916422843933,1
0.30774885416030884,1
0.08195945620536804,1
0.11523763835430145,1
0.10798212885856628,1
0.20432640612125397,1
0.10483255982398987,1
0.1901213824748993,1
0.12310173362493515,1
0.2580876052379608,1
0.04690845310688019,1
0.08383451402187347,1
0.1448286473751068,1
0.0787569135427475,1
0.08443276584148407,1
0.14948156476020813,1
0.04893968999385834,1
0.22185958921909332,1
0.19089674949645996,1
0.13787727057933807,1
0.06464540213346481,1
0.15989500284194946,1
0.1235571801662445,1
0.04100511968135834,1
0.17022816836833954,1
0.1298743039369583,1
0.07780829071998596,1
0.08041225373744965,1
0.13481153547763824,1
0.16598989069461823,1
0.1328432857990265,1
0.011253830045461655,1
0.2160649299621582,1
0.17395426332950592,1
0.06874272227287292,1
0.21203479170799255,1
0.16213016211986542,1
0.055465370416641235,1
0.07532525807619095,1
0.2151586413383484,1
0.21053215861320496,1
0.10808475315570831,1
0.1241818368434906,1
0.22034797072410583,1
0.20606541633605957,1
0.1194404661655426,1
0.053027622401714325,1
0.06947696954011917,1
0.0671788826584816,1
0.07996337115764618,1
0.11865866184234619,1
0.08952336758375168,1
0.11484305560588837,1
0.17589443922042847,1
0.20882418751716614,1
0.3328315317630768,1
0.11157026886940002,1
0.0648530125617981,1
0.09887979179620743,1
0.05420350655913353,1
0.13975848257541656,1
0.37832891941070557,1
0.09509799629449844,1
0.091488316655159,1
0.20746496319770813,1
0.13902360200881958,1
0.1347825676202774,1
0.12180677056312561,1
0.12402772903442383,1
0.13323034346103668,1
0.07924821227788925,1
0.11594153940677643,1
0.17375020682811737,1
0.07494183629751205,1
0.11408135294914246,1
0.17921985685825348,1
0.2689719498157501,1
0.14781785011291504,1
0.15543481707572937,1
0.14844731986522675,1
0.06532858312129974,1
0.18067625164985657,1
0.08401931822299957,1
0.19183790683746338,1
0.1914130449295044,1
0.11745741963386536,1
0.13489046692848206,1
0.19220854341983795,1
0.17152799665927887,1
0.17260050773620605,1
0.04226263612508774,1
0.11445233970880508,1
0.16548442840576172,1
0.059134285897016525,1
0.07800227403640747,1
0.30030202865600586,1
0.21334420144557953,1
0.1470421403646469,1
0.06348434090614319,1
0.2954675555229187,1
0.17987558245658875,1
0.10419920831918716,1
0.14269708096981049,1
0.10450499504804611,1
0.08635760843753815,1
0.11048205196857452,1
0.17904146015644073,1
0.035545267164707184,1
0.08660314977169037,1
0.07734454423189163,1
0.113139808177948,1
0.19393591582775116,1
0.10584111511707306,1
0.1297556459903717,1
0.09702372550964355,1
0.2495054304599762,1
0.11379694938659668,1
0.14606742560863495,1
0.23885966837406158,1
0.14908987283706665,1
0.10118565708398819,1
0.20637643337249756,1
0.11134947836399078,1
0.10634584724903107,1
0.20112383365631104,1
0.10722238570451736,1
0.2388535737991333,1
0.2893564701080322,1
0.1549382358789444,1
0.22219666838645935,1
0.13092483580112457,1
0.09861239045858383,1
0.051673561334609985,1
0.13726654648780823,1
0.03684498369693756,1
0.11575967818498611,1
0.12579740583896637,1
0.08188481628894806,1
0.24536964297294617,1
0.1015210896730423,1
0.06273511797189713,1
0.05463505908846855,1
0.10336306691169739,1
0.16940896213054657,1
0.05403568595647812,1
0.14372874796390533,1
0.10680724680423737,1
0.11747373640537262,1
0.11248782277107239,1
0.17479994893074036,1
0.11721711605787277,1
0.16174447536468506,1
0.14112955331802368,1
0.11684686690568924,1
0.18219634890556335,1
0.10481639206409454,1
0.056351736187934875,1
0.06950105726718903,1
0.05815425142645836,1
0.11328680068254471,1
0.07505811750888824,1
0.396217942237854,1
0.12362588196992874,1
0.08543349802494049,1
0.05217932164669037,1
0.2413107454776764,1
0.0911971852183342,1
0.21784545481204987,1
0.1699114441871643,1
0.26073184609413147,1
0.11314037442207336,1
0.19524918496608734,1
0.04996313154697418,1
0.07345204055309296,1
0.0906907320022583,1
0.11190345883369446,1
0.1841599941253662,1
0.15473860502243042,1
0.15483392775058746,1
0.07940000295639038,1
0.2305048257112503,1
0.11053203046321869,1
0.020410947501659393,1
0.14313456416130066,1
0.3602161407470703,1
0.10550138354301453,1
0.06845508515834808,1
0.1311492770910263,1
0.07936487346887589,1
0.08480822294950485,1
0.06538506597280502,1
0.030221080407500267,1
0.025960929691791534,1
0.10315800458192825,1
0.012105640955269337,1
0.07078686356544495,1
0.14483249187469482,1
0.05434252321720123,1
0.09211035817861557,1
0.23267729580402374,1
0.3874940872192383,1
0.15771840512752533,1
0.08042397350072861,1
0.2770634889602661,1
0.10564517229795456,1
0.1453665941953659,1
0.31263527274131775,1
0.19459965825080872,1
0.15067560970783234,1
0.029504084959626198,1
0.25501805543899536,1
0.04608297348022461,1
0.1308966875076294,1
0.12989744544029236,1
0.0985531359910965,1
0.4037278890609741,1
0.07575845718383789,1
0.05635232478380203,1
0.09892989695072174,1
0.048407286405563354,1
0.11041612923145294,1
0.0587393119931221,1
0.12324591726064682,1
0.09230203926563263,1
0.12954530119895935,1
0.1256580799818039,1
0.18666085600852966,1
0.13152863085269928,1
0.08491188287734985,1
0.07155835628509521,1
0.07216589152812958,1
0.14789652824401855,1
0.06704216450452805,1
0.1420345902442932,1
0.15078161656856537,1
0.10836225748062134,1
0.18686193227767944,1
0.13389839231967926,1
0.08324386179447174,1
0.21075263619422913,1
0.19871540367603302,1
0.18710550665855408,1
0.3167441487312317,1
0.11459270864725113,1
0.13698159158229828,1
0.09889145195484161,1
0.1358737051486969,1
0.01841420866549015,1
0.24324165284633636,1
0.3091580867767334,1
0.06905963271856308,1
0.08493337780237198,1
0.2267066091299057,1
0.1389375627040863,1
0.20955368876457214,1
0.16829624772071838,1
0.0814603865146637,1
0.1215638592839241,1
0.06729653477668762,1
0.12841090559959412,1
0.06345165520906448,1
0.31664371490478516,1
0.06639277935028076,1
0.21584780514240265,1
0.09865634143352509,1
0.0739777460694313,1
0.1480068862438202,1
0.08702800422906876,1
0.2714262306690216,1
0.1795450747013092,1
0.19242249429225922,1
0.15404994785785675,1
0.19573992490768433,1
0.2533395290374756,1
0.21866214275360107,1
0.1084347814321518,1
0.07994374632835388,1
0.07548472285270691,1
0.12748126685619354,1
0.10536084324121475,1
0.22450004518032074,1
0.16205516457557678,1
0.12837707996368408,1
0.12874352931976318,1
0.06547428667545319,1
0.13656722009181976,1
0.19989605247974396,1
0.0562700480222702,1
0.13143035769462585,1
0.24424944818019867,1
0.07946134358644485,1
0.19649934768676758,1
0.14745520055294037,1
0.10418009757995605,1
0.1846713274717331,1
0.2549509108066559,1
0.14189362525939941,1
0.30231550335884094,1
0.1626393347978592,1
0.07583265751600266,1
0.09869052469730377,1
0.09718161821365356,1
0.11900393664836884,1
0.051319755613803864,1
0.21248716115951538,1
0.1362723857164383,1
0.053400374948978424,1
0.08649493753910065,1
0.042430534958839417,1
0.040550004690885544,1
0.12563113868236542,1
0.14609721302986145,1
0.06379815191030502,1
0.06139324605464935,1
0.08971583098173141,1
0.13696570694446564,1
0.12018053233623505,1
0.05955744907259941,1
0.1545107215642929,1
0.08020473271608353,1
0.3084247410297394,1
0.27264389395713806,1
0.13847003877162933,1
0.030192136764526367,1
0.07670275866985321,1
0.08432963490486145,1
0.10689831525087357,1
0.057661205530166626,1
0.07896498590707779,1
0.07005764544010162,1
0.2853488028049469,1
0.1732986867427826,1
0.027117788791656494,1
0.2031477689743042,1
0.2502874433994293,1
0.08798494189977646,1
0.07019160687923431,1
0.16713592410087585,1
0.07699644565582275,1
0.15028296411037445,1
0.051290545612573624,1
0.1224442645907402,1
0.12477593123912811,1
0.17518481612205505,1
0.09574126452207565,1
0.04078354686498642,1
0.042730122804641724,1
0.11088186502456665,1
0.05932223051786423,1
0.10689916461706161,1
0.15424233675003052,1
0.2331143021583557,1
0.17504774034023285,1
0.09187858551740646,1
0.18160469830036163,1
0.12939491868019104,1
0.1622370481491089,1
0.09749462455511093,1
0.03310028091073036,1
0.08094312995672226,1
0.1634690761566162,1
0.07217299193143845,1
0.14893855154514313,1
0.09596934914588928,1
0.04047451913356781,1
0.12780283391475677,1
0.07756174355745316,1
0.0559653639793396,1
0.14450256526470184,1
0.19745419919490814,1
0.059561148285865784,1
0.10027635842561722,1
0.07687821984291077,1
0.08319982886314392,1
0.21391412615776062,1
0.14358362555503845,1
0.0922568291425705,1
0.07612232863903046,1
0.22600042819976807,1
0.06939171254634857,1
0.10985074192285538,1
0.11833624541759491,1
0.15986400842666626,1
0.056919343769550323,1
0.14232882857322693,1
0.1000019758939743,1
0.11787262558937073,1
0.29397714138031006,1
0.16553503274917603,1
0.10867521166801453,1
0.15836384892463684,1
0.27560439705848694,1
0.09097589552402496,1
0.06811128556728363,1
0.13742168247699738,1
0.13848046958446503,1
0.07149046659469604,1
0.16010954976081848,1
0.3114508390426636,1
0.0625976175069809,1
0.15584582090377808,1
0.07815171778202057,1
0.11499761044979095,1
0.11604080349206924,1
0.11037985980510712,1
0.07622537016868591,1
0.12754535675048828,1
0.10062560439109802,1
0.08789044618606567,1
0.3088473081588745,1
0.11248315870761871,1
0.07097214460372925,1
0.09808272123336792,1
0.054848961532115936,1
0.11088065803050995,1
0.09043674916028976,1
0.11496718972921371,1
0.26224207878112793,1
0.0755975991487503,1
0.12227742373943329,1
0.037816599011421204,1
0.3015381395816803,1
0.0531531423330307,1
0.10199577361345291,1
0.16973063349723816,1
0.13675342500209808,1
0.17170599102973938,1
0.12773489952087402,1
0.21233347058296204,1
0.2371053695678711,1
0.2646113634109497,1
0.047910839319229126,1
0.08153040707111359,1
0.06427056342363358,1
0.08485129475593567,1
0.18057408928871155,1
0.09879656136035919,1
0.13677093386650085,1
0.17760024964809418,1
0.14532026648521423,1
0.09826365113258362,1
0.32331928610801697,1
0.10986259579658508,1
0.14848169684410095,1
0.06977631151676178,1
0.18696358799934387,1
0.11957284808158875,1
0.19668622314929962,1
0.22772645950317383,1
0.13169558346271515,1
0.16906805336475372,1
0.15973861515522003,1
0.1849551945924759,1
0.1460464596748352,1
0.08009399473667145,1
0.10273554921150208,1
0.04210150986909866,1
0.08087415248155594,1
0.10717643797397614,1
0.0776912048459053,1
0.11960139870643616,1
0.060465551912784576,1
0.1193527802824974,1
0.16780242323875427,1
0.05680569261312485,1
0.18149074912071228,1
0.16068904101848602,1
0.08892049640417099,1
0.09250888973474503,1
0.2715962529182434,1
0.1227567195892334,1
0.17956064641475677,1
0.1147787868976593,1
0.09101933240890503,1
0.15608146786689758,1
0.045991502702236176,1
0.05221681296825409,1
0.06389770656824112,1
0.1260264664888382,1
0.11883892118930817,1
0.06453102827072144,1
0.15170958638191223,1
0.05160969868302345,1
0.3235118091106415,1
0.103718601167202,1
0.06763806939125061,1
0.29492494463920593,1
0.10940751433372498,1
0.07861191034317017,1
0.04822364076972008,1
0.1290169060230255,1
0.0999646857380867,1
0.2249869406223297,1
0.06534066796302795,1
0.15931041538715363,1
0.3363109827041626,1
0.05017971247434616,1
0.10261747241020203,1
0.12947887182235718,1
0.11303939670324326,1
0.164808988571167,1
0.15473254024982452,1
0.13009612262248993,1
0.09367834031581879,1
0.08086344599723816,1
0.09952995926141739,1
0.05849294364452362,1
0.37040773034095764,1
0.21751073002815247,1
0.11258392781019211,1
0.08278292417526245,1
0.167057603597641,1
0.173091858625412,1
0.1478199064731598,1
0.11329017579555511,1
0.1723317801952362,1
0.08659228682518005,1
0.28346967697143555,1
0.07187987864017487,1
0.15142063796520233,1
0.0633455142378807,1
0.13281497359275818,1
0.20996306836605072,1
0.12915265560150146,1
0.14932051301002502,1
0.06232573464512825,1
0.1484014093875885,1
0.15303635597229004,1
0.16816410422325134,1
0.06871064007282257,1
0.1941012293100357,1
0.08731972426176071,1
0.12280021607875824,1
0.05494933947920799,1
0.25708329677581787,1
0.1428743600845337,1
0.05269082263112068,1
0.12190505117177963,1
0.03292417526245117,1
0.1702619194984436,1
0.129135400056839,1
0.1127479076385498,1
0.18852317333221436,1
0.173492431640625,1
0.19603605568408966,1
0.26222288608551025,1
0.15910181403160095,1
0.23786605894565582,1
0.12858186662197113,1
0.13698343932628632,1
0.08850782364606857,1
0.05963076278567314,1
0.11353802680969238,1
0.21052677929401398,1
0.1323975920677185,1
0.16954980790615082,1
0.04547527804970741,1
0.05068671330809593,1
0.16412341594696045,1
0.07455894351005554,1
0.19085422158241272,1
0.17004497349262238,1
0.07820542901754379,1
0.0379866324365139,1
0.06316393613815308,1
0.05792580172419548,1
0.07921026647090912,1
0.14502626657485962,1
0.1488804817199707,1
0.14978216588497162,1
0.0690435990691185,1
0.29310277104377747,1
0.09091521799564362,1
0.0961342453956604,1
0.2859054505825043,1
0.1260407716035843,1
0.09958900511264801,1
0.080201655626297,1
0.12496539205312729,1
0.1587294340133667,1
0.0730070173740387,1
0.08718264847993851,1
0.09459443390369415,1
0.05845709517598152,1
0.23374339938163757,1
0.22499102354049683,1
0.10785069316625595,1
0.0808546245098114,1
0.07170747220516205,1
0.13414299488067627,1
0.10516001284122467,1
0.09823430329561234,1
0.2437576949596405,1
0.2690887153148651,1
0.09395651519298553,1
0.09832744300365448,1
0.0881308764219284,1
0.1760169267654419,1
0.08359412848949432,1
0.0932350903749466,1
0.11244066804647446,1
0.2038082480430603,1
0.09683968126773834,1
0.19307580590248108,1
0.29996365308761597,1
0.16257068514823914,1
0.12534669041633606,1
0.11007508635520935,1
0.16879680752754211,1
0.130376398563385,1
0.11528481543064117,1
0.11043742299079895,1
0.2101157009601593,1
0.027354039251804352,1
0.18175649642944336,1
0.05227179825305939,1
0.06522803008556366,1
0.03381889685988426,1
0.09764624387025833,1
0.32024386525154114,1
0.07939177006483078,1
0.21366165578365326,1
0.06266195327043533,1
0.07771068811416626,1
0.08321160078048706,1
0.11268480867147446,1
0.14379069209098816,1
0.13876928389072418,1
0.10613317787647247,1
0.21216213703155518,1
0.14720512926578522,1
0.16063040494918823,1
0.19544276595115662,1
0.11449287086725235,1
0.1566469371318817,1
0.23031280934810638,1
0.13127756118774414,1
0.14644160866737366,1
0.08333481103181839,1
0.23541229963302612,1
0.20221906900405884,1
0.0882553681731224,1
0.059504423290491104,1
0.11750239133834839,1
0.0756920874118805,1
0.06658299267292023,1
0.06994329392910004,1
0.06387493014335632,1
0.11941604316234589,1
0.1347837597131729,1
0.15544889867305756,1
0.1274552047252655,1
0.09803679585456848,1
0.0675971508026123,1
0.18386054039001465,1
0.08783303201198578,1
0.044954366981983185,1
0.21139134466648102,1
0.0741538554430008,1
0.02262021228671074,1
0.07056687027215958,1
0.11314094066619873,1
0.15773971378803253,1
0.11884335428476334,1
0.18133899569511414,1
0.19906000792980194,1
0.10466267913579941,1
0.04567229375243187,1
0.19421036541461945,1
0.21133409440517426,1
0.09530504792928696,1
0.21113647520542145,1
0.17779266834259033,1
0.11235471069812775,1
0.20029687881469727,1
0.21447347104549408,1
0.13824892044067383,1
0.07235106825828552,1
0.05845987796783447,1
0.06548929959535599,1
0.04007260501384735,1
0.23852019011974335,1
0.06625024229288101,1
0.05177760869264603,1
0.20607465505599976,1
0.11538059264421463,1
0.06536852568387985,1
0.0636957436800003,1
0.170171320438385,1
0.2274574339389801,1
0.2730743885040283,1
0.18322166800498962,1
0.2303168922662735,1
0.16732856631278992,1
0.17695960402488708,1
0.13120423257350922,1
0.09169112890958786,1
0.07226809114217758,1
0.2905736267566681,1
0.19162309169769287,1
0.17842432856559753,1
0.030484529212117195,1
0.14165562391281128,1
0.13109517097473145,1
0.10482296347618103,1
0.03817196190357208,1
0.08948201686143875,1
0.20843037962913513,1
0.19522251188755035,1
0.1911540925502777,1
0.17483389377593994,1
0.07459758222103119,1
0.11315274238586426,1
0.0712328553199768,1
0.06569413840770721,1
0.04897541180253029,1
0.11895256489515305,1
0.17766286432743073,1
0.09590005874633789,1
0.04414092004299164,1
0.0866841971874237,1
0.0646936297416687,1
0.3028180003166199,1
0.1442883163690567,1
0.04619024321436882,1
0.17741093039512634,1
0.044039446860551834,1
0.11285816133022308,1
0.07300614565610886,1
0.13494977355003357,1
0.2038584202528,1
0.10192468762397766,1
0.05366521701216698,1
0.2015923410654068,1
0.1814432293176651,1
0.07175419479608536,1
0.14250588417053223,1
0.0891135185956955,1
0.12844285368919373,1
0.08133956789970398,1
0.09992308914661407,1
0.0659152939915657,1
0.11781604588031769,1
0.07297705113887787,1
0.09108145534992218,1
0.06536392867565155,1
0.11736951768398285,1
0.18266907334327698,1
0.08304820954799652,1
0.19937393069267273,1
0.14986714720726013,1
0.02014537714421749,1
0.04709833487868309,1
0.12926478683948517,1
0.08080674707889557,1
0.049057938158512115,1
0.06628257036209106,1
0.12243030220270157,1
0.10738624632358551,1
0.07802782952785492,1
0.14823642373085022,1
0.09010617434978485,1
0.11921925842761993,1
0.12247119098901749,1
0.04714734107255936,1
0.13654515147209167,1
0.055018335580825806,1
0.10284610092639923,1
0.23042237758636475,1
0.12165825068950653,1
0.047740038484334946,1
0.15932825207710266,1
0.10182862728834152,1
0.13062098622322083,1
0.13505946099758148,1
0.08943898230791092,1
0.1303786337375641,1
0.13663536310195923,1
0.13671067357063293,1
0.2957656979560852,1
0.06671677529811859,1
0.1358969509601593,1
0.17956294119358063,1
0.08365388214588165,1
0.14961403608322144,1
0.12237931042909622,1
0.12019117921590805,1
0.16453644633293152,1
0.05173996835947037,1
0.1981293261051178,1
0.34751245379447937,1
0.16190385818481445,1
0.1925262212753296,1
0.1492055356502533,1
0.0873817726969719,1
0.038822438567876816,1
0.15047229826450348,1
0.046919770538806915,1
0.283264696598053,1
0.14498689770698547,1
0.1924736648797989,1
0.046508319675922394,1
0.1292625367641449,1
0.12609505653381348,1
0.2971433401107788,1
0.09906743466854095,1
0.12689486145973206,1
0.14208117127418518,1
0.12086527049541473,1
0.09455133974552155,1
0.139112651348114,1
0.15047971904277802,1
0.12796688079833984,1
0.11670669913291931,1
0.03213237226009369,1
0.07795022428035736,1
0.07433081418275833,1
0.04658286273479462,1
0.14730538427829742,1
0.16333933174610138,1
0.07921285927295685,1
0.12898734211921692,1
0.14316871762275696,1
0.12256470322608948,1
0.14082399010658264,1
0.09546661376953125,1
0.08129829168319702,1
0.1365043818950653,1
0.06207634136080742,1
0.22134889662265778,1
0.028789648786187172,1
0.19796383380889893,1
0.09416693449020386,1
0.08667687326669693,1
0.03704288229346275,1
0.20358601212501526,1
0.0793912261724472,1
0.08118855953216553,1
0.18964405357837677,1
0.16281138360500336,1
0.13389474153518677,1
0.06684593856334686,1
0.1382148116827011,1
0.1093951016664505,1
0.21299222111701965,1
0.09231582283973694,1
0.29385906457901,1
0.18365877866744995,1
0.21082518994808197,1
0.23195676505565643,1
0.16623929142951965,1
0.05677582323551178,1
0.10689782351255417,1
0.07565102726221085,1
0.07341546565294266,1
0.07684722542762756,1
0.07354200631380081,1
0.15611453354358673,1
0.10505194962024689,1
0.17450867593288422,1
0.06415998190641403,1
0.16525527834892273,1
0.19349980354309082,1
0.18061548471450806,1
0.1870848834514618,1
0.07972652465105057,1
0.19792421162128448,1
0.17017130553722382,1
0.20087963342666626,1
0.2975442707538605,1
0.11551311612129211,1
0.2033023238182068,1
0.08717548847198486,1
0.10536300390958786,1
0.11308186501264572,1
0.14373672008514404,1
0.11783760786056519,1
0.15208256244659424,1
0.1917523741722107,1
0.04682154208421707,1
0.09111719578504562,1
0.16896489262580872,1
0.09638549387454987,1
0.13206888735294342,1
0.10255151987075806,1
0.16838255524635315,1
0.05380597710609436,1
0.23730149865150452,1
0.11451473832130432,1
0.08202260732650757,1
0.24318251013755798,1
0.13065770268440247,1
0.10357315093278885,1
0.09734901785850525,1
0.16515418887138367,1
0.19201648235321045,1
0.16193829476833344,1
0.1166830062866211,1
0.10412362217903137,1
0.1667579710483551,1
0.11952942609786987,1
0.08754675090312958,1
0.18430033326148987,1
0.08410903811454773,1
0.15083160996437073,1
0.07879320532083511,1
0.060127273201942444,1
0.16373054683208466,1
0.14272677898406982,1
0.22237402200698853,1
0.03557441756129265,1
0.012756952084600925,1
0.16056178510189056,1
0.043556615710258484,1
0.22255490720272064,1
0.06403854489326477,1
0.11548897624015808,1
0.09854143857955933,1
0.2694709599018097,1
0.09337262809276581,1
0.15650784969329834,1
0.1263262927532196,1
0.1385560929775238,1
0.04276331141591072,1
0.09177815169095993,1
0.10543783009052277,1
0.09994776546955109,1
0.13943782448768616,1
0.05344763398170471,1
0.12539899349212646,1
0.12685322761535645,1
0.10580233484506607,1
0.1265057921409607,1
0.14800122380256653,1
0.08488353341817856,1
0.18975675106048584,1
0.11906543374061584,1
0.17520438134670258,1
0.09354246407747269,1
0.1240648552775383,1
0.15323755145072937,1
0.16463418304920197,1
0.06510133296251297,1
0.16211271286010742,1
0.13750892877578735,1
0.20832787454128265,1
0.1046329140663147,1
0.058563947677612305,1
0.11096249520778656,1
0.08286546170711517,1
0.12597480416297913,1
0.1499435305595398,1
0.23627422749996185,1
0.048703305423259735,1
0.23930440843105316,1
0.20119425654411316,1
0.22773468494415283,1
0.22748078405857086,1
0.054833389818668365,1
0.09656014293432236,1
0.18547439575195313,1
0.15467070043087006,1
0.04066358506679535,1
0.05017852783203125,1
0.0768515020608902,1
0.09622997045516968,1
0.2701639235019684,1
0.14580246806144714,1
0.26525697112083435,1
0.12329898029565811,1
0.23296818137168884,1
0.3292461633682251,1
0.0645352378487587,1
0.12452278286218643,1
0.05692867934703827,1
0.11627745628356934,1
0.14291220903396606,1
0.176850825548172,1
0.029539842158555984,1
0.14712925255298615,1
0.1903478056192398,1
0.13569337129592896,1
0.1158178448677063,1
0.2509773373603821,1
0.19912917912006378,1
0.14123012125492096,1
0.09488008916378021,1
0.17406919598579407,1
0.1359313428401947,1
0.06500519812107086,1
0.15999753773212433,1
0.1146053820848465,1
0.11653462797403336,1
0.04242395609617233,1
0.07082197070121765,1
0.10403665900230408,1
0.07907617092132568,1
0.3730247914791107,1
0.1479804366827011,1
0.1460205614566803,1
0.19094789028167725,1
0.17259611189365387,1
0.07604457437992096,1
0.10552729666233063,1
0.17884761095046997,1
0.2373468577861786,1
0.15721602737903595,1
0.07881765067577362,1
0.16949255764484406,1
0.24241608381271362,1
0.11352521926164627,1
0.16185399889945984,1
0.11789579689502716,1
0.10378433763980865,1
0.20188456773757935,1
0.06332968175411224,1
0.11071023344993591,1
0.12488371878862381,1
0.08055552840232849,1
0.0842071920633316,1
0.04789610207080841,1
0.11050895601511002,1
0.037177227437496185,1
0.13161936402320862,1
0.18976768851280212,1
0.17072373628616333,1
0.3298858106136322,1
0.23723849654197693,1
0.2284419685602188,1
0.14023858308792114,1
0.1207151785492897,1
0.1724681705236435,1
0.04993815720081329,1
0.10113100707530975,1
0.24703770875930786,1
0.20764705538749695,1
0.18214218318462372,1
0.050791166722774506,1
0.1885300874710083,1
0.11777081340551376,1
0.07340019941329956,1
0.10550684481859207,1
0.1213848888874054,1
0.17728875577449799,1
0.16237252950668335,1
0.13545699417591095,1
0.14047805964946747,1
0.09827176481485367,1
0.0603981614112854,1
0.09681560099124908,1
0.2189301699399948,1
0.3564934730529785,1
0.05079124495387077,1
0.11984174698591232,1
0.1195465475320816,1
0.0652422159910202,1
0.07021304965019226,1
0.19363850355148315,1
0.09918124973773956,1
0.12731331586837769,1
0.0589933916926384,1
0.11113253235816956,1
0.06311143934726715,1
0.09139325469732285,1
0.0514875128865242,1
0.13927732408046722,1
0.19595830142498016,1
0.19157429039478302,1
0.14856740832328796,1
0.11559566110372543,1
0.23272095620632172,1
0.13271479308605194,1
0.04194502905011177,1
0.08886575698852539,1
0.06251608580350876,1
0.16902419924736023,1
0.10141129791736603,1
0.20134490728378296,1
0.23317238688468933,1
0.19387710094451904,1
0.07869462668895721,1
0.07575099170207977,1
0.1795986294746399,1
0.08846843242645264,1
0.09476593136787415,1
0.17186225950717926,1
0.12498082965612411,1
0.35520780086517334,1
0.060349058359861374,1
0.11885225772857666,1
0.08891573548316956,1
0.0406908243894577,1
0.2233448624610901,1
0.18731075525283813,1
0.06110649183392525,1
0.07366304844617844,1
0.12784770131111145,1
0.07850124686956406,1
0.10331345349550247,1
0.30554476380348206,1
0.07161411643028259,1
0.19145245850086212,1
0.2054108828306198,1
0.10857906937599182,1
0.09753277152776718,1
0.2056352198123932,1
0.2124493569135666,1
0.05162050947546959,1
0.2718832790851593,1
0.20086286962032318,1
0.04412247985601425,1
0.26703712344169617,1
0.051171109080314636,1
0.11356298625469208,1
0.1714138686656952,1
0.12848930060863495,1
0.11214163899421692,1
0.0890510082244873,1
0.11841931939125061,1
0.11839170008897781,1
0.06220981106162071,1
0.1686418056488037,1
0.19382646679878235,1
0.20095202326774597,1
0.03013787418603897,1
0.11857973039150238,1
0.16266150772571564,1
0.106146901845932,1
0.18007564544677734,1
0.16063936054706573,1
0.1959971785545349,1
0.32028403878211975,1
0.05210243910551071,1
0.06971009820699692,1
0.1514318287372589,1
0.06506197154521942,1
0.11306048184633255,1
0.15643267333507538,1
0.10649538040161133,1
0.12207429111003876,1
0.04064468294382095,1
0.22123239934444427,1
0.09359985589981079,1
0.20813046395778656,1
0.32150477170944214,1
0.04615778848528862,1
0.1551448106765747,1
0.453144371509552,1
0.05142074450850487,1
0.19829918444156647,1
0.097806416451931,1
0.3613029718399048,1
0.13603201508522034,1
0.05337896943092346,1
0.13814982771873474,1
0.13026034832000732,1
0.053226880729198456,1
0.11435799300670624,1
0.08380348980426788,1
0.10446606576442719,1
0.09761212766170502,1
0.020240357145667076,1
0.0924043357372284,1
0.04754755273461342,1
0.15322478115558624,1
0.0574120432138443,1
