0.23492269217967987,1
0.11113158613443375,1
0.10405048727989197,1
0.08182016760110855,1
0.1717700958251953,1
0.2605755627155304,1
0.20141103863716125,1
0.09624588489532471,1
0.1557990163564682,1
0.055063072592020035,1
0.2893834412097931,1
0.11088737845420837,1
0.29754528403282166,1
0.0780160054564476,1
0.16886134445667267,1
0.08327608555555344,1
0.2363205850124359,1
0.2704106271266937,1
0.07843732833862305,1
0.203868106007576,1
0.2216934710741043,1
0.21586671471595764,1
0.10399430990219116,1
0.07608815282583237,1
0.05449765548110008,1
0.1145954430103302,1
0.07708202302455902,1
0.15267762541770935,1
0.09908050298690796,1
0.1562618613243103,1
0.1263584941625595,1
0.12097963690757751,1
0.3126886188983917,1
0.14612306654453278,1
0.14038118720054626,1
0.18047909438610077,1
0.2511734962463379,1
0.07708785682916641,1
0.11169753968715668,1
0.1304699033498764,1
0.16149716079235077,1
0.146315798163414,1
0.30173808336257935,1
0.07190204411745071,1
0.1651817113161087,1
0.3177189826965332,1
0.0957651436328888,1
0.08219228684902191,1
0.08546095341444016,1
0.08065551519393921,1
0.0951683297753334,1
0.14427447319030762,1
0.28225594758987427,1
0.12167740613222122,1
0.2590060234069824,1
0.20672030746936798,1
0.08133596181869507,1
0.21395546197891235,1
0.09691710770130157,1
0.09401778131723404,1
0.15836703777313232,1
0.2614941895008087,1
0.17869621515274048,1
0.18377870321273804,1
0.166815385222435,1
0.2582515478134155,1
0.1391248106956482,1
0.18096913397312164,1
0.13336434960365295,1
0.0898611769080162,1
0.16691726446151733,1
0.16192930936813354,1
0.09165968745946884,1
0.14425383508205414,1
0.15396809577941895,1
0.09931956231594086,1
0.13186834752559662,1
0.3537363111972809,1
0.16050422191619873,1
0.12599633634090424,1
0.05790800601243973,1
0.08559206873178482,1
0.09993851184844971,1
0.24479354918003082,1
0.330760657787323,1
0.12221281230449677,1
0.19785748422145844,1
0.13803637027740479,1
0.2726728022098541,1
0.09881392866373062,1
0.1234770119190216,1
0.17774248123168945,1
0.09305446594953537,1
0.13262739777565002,1
0.14174063503742218,1
0.1286529004573822,1
0.29308244585990906,1
0.052872590720653534,1
0.36343175172805786,1
0.13304124772548676,1
0.17915989458560944,1
0.056252770125865936,1
0.14961281418800354,1
0.09200122952461243,1
0.1008075401186943,1
0.15076830983161926,1
0.23201538622379303,1
0.10160934180021286,1
0.09406265616416931,1
0.14887063205242157,1
0.12978222966194153,1
0.15769359469413757,1
0.08462128043174744,1
0.13737502694129944,1
0.12572580575942993,1
0.041129034012556076,1
0.15041978657245636,1
0.1381140649318695,1
0.04938340187072754,1
0.19190604984760284,1
0.15891194343566895,1
0.13847848773002625,1
0.13008522987365723,1
0.10475774854421616,1
0.13692450523376465,1
0.16020534932613373,1
0.11839906871318817,1
0.22391599416732788,1
0.08860708773136139,1
0.17029355466365814,1
0.21671324968338013,1
0.05689959228038788,1
0.13712002336978912,1
0.07938681542873383,1
0.05984983593225479,1
0.05220259353518486,1
0.1825779527425766,1
0.11270055174827576,1
0.1390284299850464,1
0.08019719272851944,1
0.13540983200073242,1
0.21383589506149292,1
0.15883617103099823,1
0.18754224479198456,1
0.08868661522865295,1
0.12231290340423584,1
0.13766930997371674,1
0.25333771109580994,1
0.19915945827960968,1
0.2180318683385849,1
0.1435757875442505,1
0.06581549346446991,1
0.11463717371225357,1
0.1732741892337799,1
0.11931851506233215,1
0.1654430329799652,1
0.3108985126018524,1
0.32102322578430176,1
0.13670018315315247,1
0.1223672553896904,1
0.09718085080385208,1
0.10657355189323425,1
0.1797192543745041,1
0.03601357340812683,1
0.19875890016555786,1
0.07744288444519043,1
0.14972202479839325,1
0.2551024556159973,1
0.21055838465690613,1
0.21186232566833496,1
0.09360042214393616,1
0.1262388974428177,1
0.12405072897672653,1
0.08345869183540344,1
0.12871885299682617,1
0.11598814278841019,1
0.10892464220523834,1
0.07439227402210236,1
0.18621471524238586,1
0.11267614364624023,1
0.13147687911987305,1
0.12977871298789978,1
0.2884563207626343,1
0.16893109679222107,1
0.21199333667755127,1
0.23808813095092773,1
0.05123016610741615,1
0.2188861221075058,1
0.08379673957824707,1
0.0796298235654831,1
0.15261857211589813,1
0.16506700217723846,1
0.17231178283691406,1
0.18991661071777344,1
0.06523022800683975,1
0.08801421523094177,1
0.3318234980106354,1
0.12006460130214691,1
0.17407789826393127,1
0.1674237996339798,1
0.12098568677902222,1
0.1687236726284027,1
0.08556216210126877,1
0.24616532027721405,1
0.22169220447540283,1
0.055303774774074554,1
0.0841265618801117,1
0.06579378992319107,1
0.16840867698192596,1
0.16217784583568573,1
0.1300620436668396,1
0.17618034780025482,1
0.17536857724189758,1
0.07746799290180206,1
0.1774059236049652,1
0.09621746093034744,1
0.2165483832359314,1
0.10070370137691498,1
0.14121025800704956,1
0.20730328559875488,1
0.170531764626503,1
0.03186152130365372,1
0.10611312836408615,1
0.21880772709846497,1
0.09750249236822128,1
0.1511349081993103,1
0.1530417501926422,1
0.11296641081571579,1
0.17195969820022583,1
0.16851906478405,1
0.1786569356918335,1
0.17059236764907837,1
0.2942102253437042,1
0.12936396896839142,1
0.11388362944126129,1
0.17131298780441284,1
0.053240492939949036,1
0.08786728978157043,1
0.3251189589500427,1
0.06989987939596176,1
0.15646180510520935,1
0.1178404688835144,1
0.04475100338459015,1
0.09747688472270966,1
0.19174784421920776,1
0.07350488752126694,1
0.22793099284172058,1
0.3770987391471863,1
0.0723903551697731,1
0.1400277465581894,1
0.19521701335906982,1
0.07285477966070175,1
0.12770751118659973,1
0.23546695709228516,1
0.09334026277065277,1
0.29255878925323486,1
0.051991056650877,1
0.0981210470199585,1
0.06626682728528976,1
0.13511043787002563,1
0.09002769738435745,1
0.1815440058708191,1
0.23018693923950195,1
0.16916024684906006,1
0.12158453464508057,1
0.19906899333000183,1
0.1656101644039154,1
0.08280473947525024,1
0.1056920737028122,1
0.2605755925178528,1
0.1594785749912262,1
0.22509253025054932,1
0.06995024532079697,1
0.2199549376964569,1
0.07140502333641052,1
0.18428188562393188,1
0.08693824708461761,1
0.3059706687927246,1
0.11785928905010223,1
0.07466299086809158,1
0.28004831075668335,1
0.25698769092559814,1
0.09746122360229492,1
0.1181119829416275,1
0.20166021585464478,1
0.16682735085487366,1
0.1656920313835144,1
0.11389857530593872,1
0.16054804623126984,1
0.10803551971912384,1
0.11157183349132538,1
0.10669983923435211,1
0.17321167886257172,1
0.16682255268096924,1
0.1242343932390213,1
0.1624865084886551,1
0.10037527978420258,1
0.16085989773273468,1
0.09766887128353119,1
0.1577596366405487,1
0.20582535862922668,1
0.20350085198879242,1
0.14708781242370605,1
0.13077086210250854,1
0.09714746475219727,1
0.1187470331788063,1
0.09590275585651398,1
0.2547583281993866,1
0.18732894957065582,1
0.11020398885011673,1
0.39853376150131226,1
0.10712605714797974,1
0.18010269105434418,1
0.07444625347852707,1
0.08689132332801819,1
0.14275777339935303,1
0.1373933106660843,1
0.3299364149570465,1
0.1850327104330063,1
0.11824537813663483,1
0.07795694470405579,1
0.20111209154129028,1
0.10261886566877365,1
0.1492096185684204,1
0.09708084911108017,1
0.213774174451828,1
0.15865105390548706,1
0.10544025897979736,1
0.20292657613754272,1
0.1278703510761261,1
0.11580073833465576,1
0.07437941431999207,1
0.09306783974170685,1
0.17836099863052368,1
0.088936947286129,1
0.08455689251422882,1
0.04685584455728531,1
0.28965866565704346,1
0.1344924122095108,1
0.08890753984451294,1
0.2470412701368332,1
0.11092633754014969,1
0.31105858087539673,1
0.21172881126403809,1
0.1632184535264969,1
0.14452622830867767,1
0.18249616026878357,1
0.0715140700340271,1
0.14895299077033997,1
0.12074066698551178,1
0.07334467023611069,1
0.06410457193851471,1
0.08779692649841309,1
0.07869592308998108,1
0.17153090238571167,1
0.15570209920406342,1
0.1888279765844345,1
0.27802225947380066,1
0.04887811467051506,1
0.08266934752464294,1
0.16961915791034698,1
0.14000535011291504,1
0.2089242786169052,1
0.09445838630199432,1
0.17777928709983826,1
0.15374818444252014,1
0.23485831916332245,1
0.10942108929157257,1
0.25065845251083374,1
0.07878342270851135,1
0.21115446090698242,1
0.26408228278160095,1
0.08847913146018982,1
0.09398642182350159,1
0.1337437927722931,1
0.10514315962791443,1
0.11877045035362244,1
0.18688049912452698,1
0.1742686778306961,1
0.17886942625045776,1
0.11617977917194366,1
0.05281542241573334,1
0.1753426343202591,1
0.14195452630519867,1
0.10749122500419617,1
0.16071787476539612,1
0.24598680436611176,1
0.2680850625038147,1
0.11407431215047836,1
0.10786743462085724,1
0.15272630751132965,1
0.1789262592792511,1
0.177779421210289,1
0.07518981397151947,1
0.05528246611356735,1
0.09114748239517212,1
0.13484813272953033,1
0.1563587486743927,1
0.1197240948677063,1
0.10317181795835495,1
0.11907483637332916,1
0.1772555410861969,1
0.13740718364715576,1
0.2383166402578354,1
0.2394205927848816,1
0.040529683232307434,1
0.2933889627456665,1
0.09406634420156479,1
0.07807403802871704,1
0.12021566927433014,1
0.07797499746084213,1
0.05816737934947014,1
0.08746659755706787,1
0.1436295211315155,1
0.3866504430770874,1
0.19492104649543762,1
0.035673707723617554,1
0.04789891093969345,1
0.13025104999542236,1
0.20281988382339478,1
0.122388556599617,1
0.1370580643415451,1
0.17891323566436768,1
0.10290883481502533,1
0.20245136320590973,1
0.16272732615470886,1
0.14291197061538696,1
0.16923190653324127,1
0.22762545943260193,1
0.1524987369775772,1
0.040224891155958176,1
0.15042652189731598,1
0.17698824405670166,1
0.06091216206550598,1
0.22132721543312073,1
0.3716285228729248,1
0.11783969402313232,1
0.2904728949069977,1
0.19903063774108887,1
0.19553373754024506,1
0.059778980910778046,1
0.10661831498146057,1
0.2503386437892914,1
0.2902360260486603,1
0.17567256093025208,1
0.23110011219978333,1
0.12280947715044022,1
0.09551835805177689,1
0.2509230971336365,1
0.15179651975631714,1
0.1384618580341339,1
0.017782414332032204,1
0.20889683067798615,1
0.05600176751613617,1
0.1632978469133377,1
0.1718231439590454,1
0.10152660310268402,1
0.1541159451007843,1
0.25027957558631897,1
0.08694601058959961,1
0.32812434434890747,1
0.3434717059135437,1
0.09970341622829437,1
0.2810494005680084,1
0.13835318386554718,1
0.1270192563533783,1
0.09244570136070251,1
0.08995036035776138,1
0.1462353765964508,1
0.19082123041152954,1
0.22618132829666138,1
0.23134955763816833,1
0.0666031762957573,1
0.20514029264450073,1
0.140968456864357,1
0.16011978685855865,1
0.20203718543052673,1
0.17114341259002686,1
0.18681420385837555,1
0.2308146357536316,1
0.15198418498039246,1
0.10107560455799103,1
0.11390421539545059,1
0.17430949211120605,1
0.03347580507397652,1
0.14484067261219025,1
0.20312534272670746,1
0.16496925055980682,1
0.36333167552948,1
0.08564414829015732,1
0.20019668340682983,1
0.11035090684890747,1
0.13646376132965088,1
0.1943351924419403,1
0.21433454751968384,1
0.14448605477809906,1
0.16077661514282227,1
0.12344030290842056,1
0.08398821949958801,1
0.17138086259365082,1
0.1421547830104828,1
0.11026111245155334,1
0.08897797018289566,1
0.24652893841266632,1
0.2219626009464264,1
0.11547928303480148,1
0.2837209701538086,1
0.18216572701931,1
0.1737947165966034,1
0.17894431948661804,1
0.1501319706439972,1
0.07430566847324371,1
0.2662036716938019,1
0.21044930815696716,1
0.13411948084831238,1
0.11948774009943008,1
0.050449784845113754,1
0.2615981101989746,1
0.12494295090436935,1
0.15865802764892578,1
0.15054219961166382,1
0.06320533901453018,1
0.21788354218006134,1
0.04681604355573654,1
0.13084033131599426,1
0.19752126932144165,1
0.11670024693012238,1
0.29261577129364014,1
0.09435565769672394,1
0.16823066771030426,1
0.133063405752182,1
0.1194680705666542,1
0.2758219838142395,1
0.09039725363254547,1
0.2222304493188858,1
0.1570092886686325,1
0.3101528286933899,1
0.212858185172081,1
0.28901660442352295,1
0.19529077410697937,1
0.17268632352352142,1
0.07537209242582321,1
0.1595502495765686,1
0.05470718815922737,1
0.0466882660984993,1
0.20956817269325256,1
0.21406623721122742,1
0.06720118224620819,1
0.09018751978874207,1
0.13414019346237183,1
0.2011568248271942,1
0.17874521017074585,1
0.02397230453789234,1
0.11305466294288635,1
0.1159442588686943,1
0.03573046997189522,1
0.11750711500644684,1
0.2500777244567871,1
0.23300904035568237,1
0.059536442160606384,1
0.22825701534748077,1
0.07708752155303955,1
0.203748419880867,1
0.19063201546669006,1
0.20720788836479187,1
0.16890078783035278,1
0.07308907806873322,1
0.07720199227333069,1
0.0577443428337574,1
0.11886821687221527,1
0.09011004865169525,1
0.06053139269351959,1
0.14806710183620453,1
0.054448455572128296,1
0.07938453555107117,1
0.12369478493928909,1
0.3111869692802429,1
0.20036283135414124,1
0.273641437292099,1
0.11619212478399277,1
0.09316790103912354,1
0.09387028962373734,1
0.21657153964042664,1
0.0869336649775505,1
0.08155018091201782,1
0.0658259317278862,1
0.29560568928718567,1
0.20489798486232758,1
0.06674551218748093,1
0.11582497507333755,1
0.10057727247476578,1
0.076201431453228,1
0.10758252441883087,1
0.15094150602817535,1
0.11166602373123169,1
0.10907098650932312,1
0.07808172702789307,1
0.059992700815200806,1
0.36545711755752563,1
0.14464271068572998,1
0.09179793298244476,1
0.12501144409179688,1
0.20459869503974915,1
0.046838484704494476,1
0.25925227999687195,1
0.16533644497394562,1
0.2653804421424866,1
0.09796775877475739,1
0.0786333903670311,1
0.21189263463020325,1
0.12825503945350647,1
0.08129516988992691,1
0.27042096853256226,1
0.04478302597999573,1
0.11573304235935211,1
0.2528088390827179,1
0.1582883894443512,1
0.1370907574892044,1
0.12885737419128418,1
0.03732732683420181,1
0.23576433956623077,1
0.1409563422203064,1
0.196881502866745,1
0.09147186577320099,1
0.2211320400238037,1
0.20167919993400574,1
0.19406160712242126,1
0.1518503725528717,1
0.6512531638145447,1
0.10635889321565628,1
0.1630857288837433,1
0.05498863011598587,1
0.09103293716907501,1
0.10747306048870087,1
0.07219326496124268,1
0.115790955722332,1
0.12500092387199402,1
0.1555427610874176,1
0.06363637745380402,1
0.07535474747419357,1
0.05287850648164749,1
0.15554973483085632,1
0.3931123614311218,1
0.07079823315143585,1
0.07494349777698517,1
0.2537679076194763,1
0.10865642130374908,1
0.1421194225549698,1
0.1832195222377777,1
0.14513763785362244,1
0.20606014132499695,1
0.08527971059083939,1
0.14145848155021667,1
0.2668570578098297,1
0.09182824194431305,1
0.11446134746074677,1
0.08550266921520233,1
0.1741199791431427,1
0.11501988023519516,1
0.25680816173553467,1
0.13312293589115143,1
0.09950800985097885,1
0.07740850746631622,1
0.30507001280784607,1
0.18517427146434784,1
0.08666360378265381,1
0.09111711382865906,1
0.23372367024421692,1
0.1241927295923233,1
0.09382519870996475,1
0.10248886048793793,1
0.2733302712440491,1
0.1152411699295044,1
0.1489088237285614,1
0.1066654622554779,1
0.08621653914451599,1
0.2376338690519333,1
0.04244794324040413,1
0.14254993200302124,1
0.22798722982406616,1
0.1637532114982605,1
0.07305235415697098,1
0.1717091202735901,1
0.07962585985660553,1
0.1084393709897995,1
0.1556391566991806,1
0.11000241339206696,1
0.23822389543056488,1
0.10369367897510529,1
0.22015762329101563,1
0.10268406569957733,1
0.10326623916625977,1
0.1295708864927292,1
0.05292794853448868,1
0.06070026755332947,1
0.12575878202915192,1
0.20968949794769287,1
0.1270674467086792,1
0.059246234595775604,1
0.2373811900615692,1
0.20045170187950134,1
0.12809742987155914,1
0.14413659274578094,1
0.09721545875072479,1
0.20737498998641968,1
0.21063868701457977,1
0.17720694839954376,1
0.029550826177001,1
0.06750990450382233,1
0.21438443660736084,1
0.09189899265766144,1
0.11478132754564285,1
0.1553117036819458,1
0.1970486342906952,1
0.20670171082019806,1
0.10289576649665833,1
0.19812270998954773,1
0.13436414301395416,1
0.10199631750583649,1
0.07117017358541489,1
0.14712336659431458,1
0.12000373005867004,1
0.17018064856529236,1
0.12631438672542572,1
0.32186561822891235,1
0.09742820262908936,1
0.10305368900299072,1
0.15188929438591003,1
0.1588788628578186,1
0.07681086659431458,1
0.1042998880147934,1
0.29931169748306274,1
0.16633346676826477,1
0.08787637948989868,1
0.06194872036576271,1
0.09950843453407288,1
0.15759430825710297,1
0.14252658188343048,1
0.10403987765312195,1
0.08622591942548752,1
0.10115255415439606,1
0.06094029173254967,1
0.1242925226688385,1
0.09255065023899078,1
0.14354848861694336,1
0.12186144292354584,1
0.17790934443473816,1
0.19426780939102173,1
0.0957053005695343,1
0.22930112481117249,1
0.0839586853981018,1
0.12812550365924835,1
0.20392844080924988,1
0.09526833891868591,1
0.1923595517873764,1
0.0788915827870369,1
0.1291305124759674,1
0.1770981103181839,1
0.24515506625175476,1
0.3504500389099121,1
0.16208015382289886,1
0.15664151310920715,1
0.16097982227802277,1
0.1339876651763916,1
0.3783057928085327,1
0.14178365468978882,1
0.10537376999855042,1
0.393338143825531,1
0.2537688612937927,1
0.16199485957622528,1
0.025584585964679718,1
0.04904261976480484,1
0.175994873046875,1
0.10602235049009323,1
0.17787115275859833,1
0.26272401213645935,1
0.06512495875358582,1
0.20431819558143616,1
0.21065250039100647,1
0.21994991600513458,1
0.36568430066108704,1
0.20060724020004272,1
0.08826597034931183,1
0.07409333437681198,1
0.10411250591278076,1
0.20524631440639496,1
0.08692719042301178,1
0.11398190259933472,1
0.11584984511137009,1
0.260719895362854,1
0.17647971212863922,1
0.15050148963928223,1
0.1713150441646576,1
0.16482876241207123,1
0.26725664734840393,1
0.31031084060668945,1
0.1476660817861557,1
0.09497104585170746,1
0.10740821808576584,1
0.0700187012553215,1
0.1634707748889923,1
0.24223533272743225,1
0.06998226046562195,1
0.05595998838543892,1
0.15071474015712738,1
0.07607685774564743,1
0.05250309407711029,1
0.1427992731332779,1
0.06116011366248131,1
0.1648319959640503,1
0.13281011581420898,1
0.14093536138534546,1
0.09015675634145737,1
0.09901727735996246,1
0.08057969808578491,1
0.3753122091293335,1
0.10745428502559662,1
0.09223794937133789,1
0.27645817399024963,1
0.17274658381938934,1
0.11959479004144669,1
0.158817321062088,1
0.1156524121761322,1
0.29125407338142395,1
0.2220047414302826,1
0.11472054570913315,1
0.08793485164642334,1
0.12062343955039978,1
0.23090824484825134,1
0.29973122477531433,1
0.19226324558258057,1
0.17020326852798462,1
0.1279490441083908,1
0.14402732253074646,1
0.17403267323970795,1
0.15762293338775635,1
0.17234596610069275,1
0.08630115538835526,1
0.11047659814357758,1
0.14857161045074463,1
0.14743079245090485,1
0.30378231406211853,1
0.08093160390853882,1
0.1779521405696869,1
0.13219669461250305,1
0.06045904755592346,1
0.23167017102241516,1
0.27370700240135193,1
0.0751747265458107,1
0.1380702257156372,1
0.3018410801887512,1
0.1974918097257614,1
0.1740606129169464,1
0.092450350522995,1
0.14615020155906677,1
0.19017329812049866,1
0.14659415185451508,1
0.07490889728069305,1
0.07986124604940414,1
0.15182816982269287,1
0.05275748670101166,1
0.09256237000226974,1
0.2741466164588928,1
0.26965177059173584,1
0.126498281955719,1
0.12277865409851074,1
0.12332673370838165,1
0.2592405676841736,1
0.21166740357875824,1
0.07550255209207535,1
0.16048960387706757,1
0.12782151997089386,1
0.09834088385105133,1
0.15793892741203308,1
0.19767986238002777,1
0.15443013608455658,1
0.3792051672935486,1
0.2929239869117737,1
0.11104705184698105,1
0.15270957350730896,1
0.1999933421611786,1
0.14241379499435425,1
0.11165075749158859,1
0.09901916980743408,1
0.12225605547428131,1
0.1329290121793747,1
0.13241437077522278,1
0.08876466751098633,1
0.15363487601280212,1
0.2542196810245514,1
0.21385571360588074,1
0.10217514634132385,1
0.24143686890602112,1
0.18184003233909607,1
0.14931687712669373,1
0.10971346497535706,1
0.14086833596229553,1
0.24769748747348785,1
0.05968727543950081,1
0.1892714649438858,1
0.10990196466445923,1
0.1237618699669838,1
0.09454302489757538,1
0.09690211713314056,1
0.11503434181213379,1
0.144204244017601,1
0.13221484422683716,1
0.12492859363555908,1
0.09829286485910416,1
0.16870267689228058,1
0.1769852489233017,1
0.14417827129364014,1
0.26344260573387146,1
0.14102578163146973,1
0.10250823944807053,1
0.12528634071350098,1
0.14999137818813324,1
0.1243317574262619,1
0.10257688164710999,1
0.07547471672296524,1
0.16667617857456207,1
0.07800066471099854,1
0.20195035636425018,1
0.09673373401165009,1
0.06901051849126816,1
0.12383579462766647,1
0.1079174056649208,1
0.1050606369972229,1
0.08395297080278397,1
0.04569581151008606,1
0.12007211148738861,1
0.14398899674415588,1
0.08424834907054901,1
0.2710658013820648,1
0.1634916365146637,1
0.3490065336227417,1
0.047040797770023346,1
0.09957985579967499,1
0.15090036392211914,1
0.018959354609251022,1
0.27319398522377014,1
0.08463536947965622,1
0.10523118823766708,1
0.07930225878953934,1
0.2002021074295044,1
0.2041633576154709,1
0.12818469107151031,1
0.21144504845142365,1
0.08667238056659698,1
0.1807297021150589,1
0.08637534826993942,1
0.2051118016242981,1
0.04089513048529625,1
0.048015303909778595,1
0.06204609200358391,1
0.09714416414499283,1
0.09910250455141068,1
0.11925406754016876,1
0.11796242743730545,1
0.05955918878316879,1
0.18816369771957397,1
0.1708943247795105,1
0.047915980219841,1
0.07024455070495605,1
0.1229052022099495,1
0.2254999727010727,1
0.11938346922397614,1
0.0295901820063591,1
0.19441597163677216,1
0.07215312868356705,1
0.09397600591182709,1
0.1492866426706314,1
0.12198114395141602,1
0.15309318900108337,1
0.12306246161460876,1
0.053890831768512726,1
0.20255877077579498,1
0.09697110205888748,1
0.10231994837522507,1
0.220761239528656,1
0.06718222796916962,1
0.10517103970050812,1
0.11329126358032227,1
0.1346941590309143,1
0.09699710458517075,1
0.13102704286575317,1
0.28806912899017334,1
0.08136419206857681,1
0.16647303104400635,1
0.16249926388263702,1
0.1290128231048584,1
0.16408869624137878,1
0.20118889212608337,1
0.15409335494041443,1
0.11372999101877213,1
0.10441102087497711,1
0.17740479111671448,1
0.2109820544719696,1
0.282150000333786,1
0.09461572766304016,1
0.15349964797496796,1
0.20929832756519318,1
0.0579734742641449,1
0.04135618731379509,1
0.16289405524730682,1
0.14419478178024292,1
0.22664418816566467,1
0.3944118916988373,1
0.027051180601119995,1
0.18917006254196167,1
0.11874974519014359,1
0.05525611340999603,1
0.271043986082077,1
0.08982189744710922,1
0.23346883058547974,1
0.12279389798641205,1
0.07411232590675354,1
0.03591984882950783,1
0.0939604789018631,1
0.14093080163002014,1
0.11770474910736084,1
0.2175367772579193,1
0.2671022117137909,1
0.11034734547138214,1
0.07950187474489212,1
0.08132480084896088,1
0.15872015058994293,1
0.17881160974502563,1
0.15729492902755737,1
0.15961050987243652,1
0.12952178716659546,1
0.06625828146934509,1
0.1866167187690735,1
0.11890733242034912,1
0.20669487118721008,1
0.15978848934173584,1
0.06326624751091003,1
0.2037595510482788,1
0.12307760119438171,1
0.12302415072917938,1
0.11374735832214355,1
0.11569758504629135,1
0.09897280484437943,1
0.26929885149002075,1
0.1383209228515625,1
0.1806611865758896,1
0.14205531775951385,1
0.19927111268043518,1
0.1883210688829422,1
0.18708360195159912,1
0.30407094955444336,1
0.07022462785243988,1
0.20840105414390564,1
0.017395682632923126,1
0.2306361049413681,1
0.14605110883712769,1
0.0972101092338562,1
0.05668497830629349,1
0.05703328549861908,1
0.11747424304485321,1
0.40416520833969116,1
0.07071113586425781,1
0.35504406690597534,1
0.15711715817451477,1
0.10891807079315186,1
0.06279708445072174,1
0.2013448178768158,1
0.24378862977027893,1
0.16974559426307678,1
0.13732071220874786,1
0.20504553616046906,1
0.14094625413417816,1
0.07637935876846313,1
0.1999322921037674,1
0.14187853038311005,1
0.19747599959373474,1
0.13959524035453796,1
0.04497763514518738,1
0.1495596468448639,1
0.10627494752407074,1
0.2709357738494873,1
0.320973664522171,1
0.09341616928577423,1
0.06830652058124542,1
0.0635482668876648,1
0.10131654888391495,1
0.2070857584476471,1
0.09295439720153809,1
0.16702765226364136,1
0.15053613483905792,1
0.15717191994190216,1
0.09493725001811981,1
0.16819602251052856,1
0.14576441049575806,1
0.21053732931613922,1
0.12392202019691467,1
0.1606401652097702,1
0.10754607617855072,1
0.10714289546012878,1
0.3410377502441406,1
0.04952189698815346,1
0.19021601974964142,1
0.24498844146728516,1
0.12425696104764938,1
0.2619045078754425,1
0.1259947419166565,1
0.08090558648109436,1
0.1656894087791443,1
0.16733263432979584,1
0.15283998847007751,1
0.0526665523648262,1
0.12857964634895325,1
0.12582054734230042,1
0.04021585360169411,1
0.17336222529411316,1
0.04191374033689499,1
0.14455176889896393,1
0.1257471889257431,1
0.09058508276939392,1
0.09101526439189911,1
0.1550566554069519,1
0.13131120800971985,1
0.10496962070465088,1
0.21455253660678864,1
0.17399051785469055,1
0.38312068581581116,1
0.1352510005235672,1
0.2462572604417801,1
0.10260561853647232,1
0.1709432750940323,1
0.14860625565052032,1
0.08918461203575134,1
0.09957174211740494,1
0.20182719826698303,1
0.2089250236749649,1
0.2120494693517685,1
0.07323377579450607,1
0.07455051690340042,1
0.14922891557216644,1
0.163645401597023,1
0.2665005922317505,1
0.3181420862674713,1
0.19098390638828278,1
0.14524906873703003,1
0.13429194688796997,1
0.02732178010046482,1
0.09511411190032959,1
0.2458420693874359,1
0.13750433921813965,1
0.1711902916431427,1
0.19844964146614075,1
0.18080826103687286,1
0.2668508291244507,1
0.09798645973205566,1
0.29099518060684204,1
0.1286817342042923,1
0.16621500253677368,1
0.12129393965005875,1
0.24448928236961365,1
0.12763136625289917,1
0.12682420015335083,1
0.1538466066122055,1
0.1041259765625,1
0.14595608413219452,1
0.1279735416173935,1
0.20127132534980774,1
0.1129998117685318,1
0.23484908044338226,1
0.2769262492656708,1
0.1190771609544754,1
0.32629528641700745,1
0.21247774362564087,1
0.2636736333370209,1
0.11606520414352417,1
0.16319966316223145,1
0.08895796537399292,1
0.0572420209646225,1
0.20028051733970642,1
0.12619231641292572,1
0.23242248594760895,1
0.1886385679244995,1
0.24022164940834045,1
0.0655440092086792,1
0.10657913982868195,1
0.16344919800758362,1
0.16749057173728943,1
0.07428126782178879,1
0.04380834102630615,1
0.16922308504581451,1
0.12304278463125229,1
0.2246933877468109,1
0.045239515602588654,1
0.11289142817258835,1
0.1650068163871765,1
0.12170659005641937,1
0.15675438940525055,1
0.09433526545763016,1
0.08384168893098831,1
0.19043633341789246,1
0.14475293457508087,1
0.14334726333618164,1
0.061753835529088974,1
0.06505119800567627,1
0.18348747491836548,1
0.1756923794746399,1
0.08406130969524384,1
0.12965014576911926,1
0.08329083025455475,1
0.10442614555358887,1
0.13385970890522003,1
0.1852644681930542,1
0.2036341428756714,1
0.1462358832359314,1
0.2886204123497009,1
0.16597503423690796,1
0.16283123195171356,1
0.13627731800079346,1
0.106656014919281,1
0.11336733400821686,1
0.133038729429245,1
0.21196249127388,1
0.05365899205207825,1
0.11489833146333694,1
0.1444222629070282,1
0.13225728273391724,1
0.11073599010705948,1
0.09135787189006805,1
0.12875410914421082,1
0.028682857751846313,1
0.22950905561447144,1
0.07037944346666336,1
0.16437099874019623,1
0.06740446388721466,1
0.2742477059364319,1
0.3422483205795288,1
0.10746806114912033,1
0.19069765508174896,1
0.10043559968471527,1
0.15819023549556732,1
0.11810256540775299,1
0.2657366394996643,1
0.1443764865398407,1
0.15604794025421143,1
0.0988103374838829,1
0.18665194511413574,1
0.25150707364082336,1
0.1255689263343811,1
0.14053359627723694,1
0.2218230664730072,1
0.12618353962898254,1
0.07061906158924103,1
0.1924574375152588,1
0.3435116112232208,1
0.07615184783935547,1
0.15659214556217194,1
0.09833782911300659,1
0.12671208381652832,1
0.15893779695034027,1
0.1921480894088745,1
0.15067842602729797,1
0.10459776222705841,1
0.12649965286254883,1
0.0808989405632019,1
0.04846500605344772,1
0.15349078178405762,1
0.19322988390922546,1
0.14995363354682922,1
0.135236456990242,1
0.16314566135406494,1
0.15631820261478424,1
0.06744121015071869,1
0.10603151470422745,1
0.19436220824718475,1
0.09810066223144531,1
0.18335258960723877,1
0.18174146115779877,1
0.23294386267662048,1
0.14789533615112305,1
0.12893199920654297,1
0.15779554843902588,1
0.12477639317512512,1
0.08878020942211151,1
0.2378329485654831,1
0.1280430257320404,1
0.08900484442710876,1
0.17318418622016907,1
0.17472434043884277,1
0.1304922103881836,1
0.1267772912979126,1
0.04409085959196091,1
0.05894320085644722,1
0.2996910512447357,1
0.10521546751260757,1
0.12630996108055115,1
0.11797858774662018,1
0.29146045446395874,1
0.19023260474205017,1
0.10361334681510925,1
0.15724191069602966,1
0.25401896238327026,1
0.12126366049051285,1
0.24055656790733337,1
0.11794310808181763,1
0.06761613488197327,1
0.11704226583242416,1
0.09462576359510422,1
0.27952200174331665,1
0.18695944547653198,1
0.08371391892433167,1
0.0707702487707138,1
0.13453328609466553,1
0.07616721838712692,1
0.053889013826847076,1
0.09499046206474304,1
0.11724630743265152,1
0.12013231217861176,1
0.3373928666114807,1
0.2320081889629364,1
0.215610533952713,1
0.21287930011749268,1
0.09915599226951599,1
0.12535125017166138,1
0.173836350440979,1
0.13076011836528778,1
0.2559390664100647,1
0.12771670520305634,1
0.05583171546459198,1
0.1031666174530983,1
0.1645120233297348,1
0.17258226871490479,1
0.11654674261808395,1
0.11576426029205322,1
0.1310369223356247,1
0.08877082169055939,1
0.1725803017616272,1
0.19025158882141113,1
0.1603117436170578,1
0.038673803210258484,1
0.19895248115062714,1
0.06167787313461304,1
0.15587714314460754,1
0.139021098613739,1
0.48116564750671387,1
0.10902530699968338,1
0.11806020140647888,1
0.07561004161834717,1
0.09074793756008148,1
0.07912986725568771,1
0.12950947880744934,1
0.22096440196037292,1
0.16203573346138,1
0.1828109622001648,1
0.1768355816602707,1
0.11099627614021301,1
0.1605181097984314,1
0.1594945639371872,1
0.11106427013874054,1
0.17990954220294952,1
0.11315635591745377,1
0.13235990703105927,1
0.13194648921489716,1
0.2635250389575958,1
0.25046560168266296,1
0.06785063445568085,1
0.11495420336723328,1
0.09485131502151489,1
0.203456312417984,1
0.14656028151512146,1
0.14767006039619446,1
0.08464902639389038,1
0.09211979806423187,1
0.192461758852005,1
0.14451591670513153,1
0.20329022407531738,1
0.09704463183879852,1
0.18094788491725922,1
0.1419430673122406,1
0.16986936330795288,1
0.07208129018545151,1
0.40967103838920593,1
0.14566907286643982,1
0.13280268013477325,1
0.17458634078502655,1
0.2888672947883606,1
0.03322292119264603,1
0.10997102409601212,1
0.07823193073272705,1
0.08726702630519867,1
0.10038574039936066,1
0.17922712862491608,1
0.08541912585496902,1
0.217961385846138,1
0.11837906390428543,1
0.21776261925697327,1
0.28575828671455383,1
0.22325092554092407,1
0.1254560351371765,1
0.23530086874961853,1
0.09728889912366867,1
0.21912607550621033,1
0.13211746513843536,1
0.13362324237823486,1
0.06351165473461151,1
0.06977437436580658,1
0.1621769666671753,1
0.1227811872959137,1
0.12814968824386597,1
0.14791467785835266,1
0.15980768203735352,1
0.24897168576717377,1
0.08763596415519714,1
0.07616618275642395,1
0.20188778638839722,1
0.11782291531562805,1
0.1253763884305954,1
0.2157464474439621,1
0.0791628360748291,1
0.12513265013694763,1
0.1319715678691864,1
0.05902031809091568,1
0.3021396994590759,1
0.15762773156166077,1
0.1599215269088745,1
0.0834602564573288,1
0.14962035417556763,1
0.15046736598014832,1
0.2661781907081604,1
0.13186028599739075,1
0.23339149355888367,1
0.12643884122371674,1
0.17693787813186646,1
0.08324743062257767,1
0.10864701122045517,1
0.16232234239578247,1
0.2946634292602539,1
0.14142996072769165,1
0.44602882862091064,1
0.17642542719841003,1
0.15125146508216858,1
0.09306930005550385,1
0.12834428250789642,1
0.1026976928114891,1
0.41831961274147034,1
0.12163197994232178,1
0.27410057187080383,1
0.04041783884167671,1
0.15640679001808167,1
0.10945051163434982,1
0.11127158254384995,1
0.15192879736423492,1
0.17678996920585632,1
0.06220676749944687,1
0.04139653593301773,1
0.12254761159420013,1
0.09373263269662857,1
0.14519765973091125,1
0.14725598692893982,1
0.22613421082496643,1
0.22600047290325165,1
0.15043078362941742,1
0.22050786018371582,1
0.10237892717123032,1
0.12556518614292145,1
0.2048560529947281,1
0.17428453266620636,1
0.034268688410520554,1
0.1314106583595276,1
0.11047972738742828,1
0.17197652161121368,1
0.1581467241048813,1
0.06206861883401871,1
0.13416002690792084,1
0.13028183579444885,1
0.21096761524677277,1
0.08623805642127991,1
0.0637764111161232,1
0.09344224631786346,1
0.2721816599369049,1
0.026257706806063652,1
0.13416431844234467,1
0.09818807989358902,1
0.15847203135490417,1
0.07171745598316193,1
0.0737622082233429,1
0.090394027531147,1
0.21025478839874268,1
0.1867041140794754,1
0.17267455160617828,1
0.095383420586586,1
0.09387285262346268,1
0.10090701282024384,1
0.14127877354621887,1
0.04719875007867813,1
0.16615697741508484,1
0.1566554307937622,1
0.07782629132270813,1
0.10721579194068909,1
0.2128818929195404,1
0.09974409639835358,1
0.07666413486003876,1
0.09107504785060883,1
0.10838766396045685,1
0.2575852572917938,1
0.24928930401802063,1
0.07373862713575363,1
0.21531973779201508,1
0.08396381139755249,1
0.2833910286426544,1
0.27097147703170776,1
0.14796333014965057,1
0.2986072599887848,1
0.15509432554244995,1
0.14438149333000183,1
0.1115264818072319,1
0.08586308360099792,1
0.23217768967151642,1
0.126321941614151,1
0.06207810342311859,1
0.16246271133422852,1
0.17535603046417236,1
0.130149707198143,1
0.0830068290233612,1
0.10875873267650604,1
0.0739220678806305,1
0.15178579092025757,1
0.25314861536026,1
0.06908386945724487,1
0.22097750008106232,1
0.19023537635803223,1
0.1268858015537262,1
0.08954568207263947,1
0.13486970961093903,1
0.09027831256389618,1
0.06021426245570183,1
0.22060199081897736,1
0.1287909299135208,1
0.1939990371465683,1
0.14108256995677948,1
0.14630724489688873,1
0.13253872096538544,1
0.12489263713359833,1
0.17348045110702515,1
0.14392611384391785,1
0.14611174166202545,1
0.09891840815544128,1
0.1225641667842865,1
0.08714745193719864,1
0.1083972379565239,1
0.09647037833929062,1
0.2378804087638855,1
0.14679980278015137,1
0.20977431535720825,1
0.12193189561367035,1
0.49362456798553467,1
0.11413431912660599,1
0.08380911499261856,1
0.12269685417413712,1
0.16058754920959473,1
0.24619805812835693,1
0.09269501268863678,1
0.15860271453857422,1
0.1882759928703308,1
0.11556555330753326,1
0.1122947633266449,1
0.36038705706596375,1
0.12286508083343506,1
0.2230537384748459,1
0.07791212201118469,1
0.23924857378005981,1
0.10154473781585693,1
0.12561430037021637,1
0.046704791486263275,1
0.0808747410774231,1
0.1480216085910797,1
0.18411535024642944,1
0.09839144349098206,1
0.14965175092220306,1
0.21218007802963257,1
0.09070119261741638,1
0.05508969724178314,1
0.11560869216918945,1
0.07164657860994339,1
0.11605358123779297,1
0.21602532267570496,1
0.19376350939273834,1
0.189243882894516,1
0.118587426841259,1
0.21171671152114868,1
0.19636979699134827,1
0.2025560587644577,1
0.06807835400104523,1
0.06965210288763046,1
0.04241783916950226,1
0.24126189947128296,1
0.11646760255098343,1
0.05964145436882973,1
0.13550901412963867,1
0.18062590062618256,1
0.11860446631908417,1
0.10910910367965698,1
0.22761821746826172,1
0.09386914223432541,1
0.03578939661383629,1
0.15877388417720795,1
0.09993593394756317,1
0.16757728159427643,1
0.07004567235708237,1
0.17330263555049896,1
0.20035284757614136,1
0.2543778121471405,1
0.09952661395072937,1
0.18625925481319427,1
0.20434075593948364,1
0.033920422196388245,1
0.12828712165355682,1
0.1564081907272339,1
0.11981886625289917,1
0.203018456697464,1
0.11509688198566437,1
0.13555581867694855,1
0.14504770934581757,1
0.15793541073799133,1
0.1331612467765808,1
0.07181691378355026,1
0.10889832675457001,1
0.10957171767950058,1
0.23179715871810913,1
0.12210524827241898,1
0.12925708293914795,1
0.21624428033828735,1
0.06273720413446426,1
0.10799535363912582,1
0.20136544108390808,1
0.292521595954895,1
0.0857563316822052,1
0.11347842216491699,1
0.07418113946914673,1
0.13368350267410278,1
0.0726284459233284,1
0.09627129882574081,1
0.3569750189781189,1
0.11135692894458771,1
0.19129765033721924,1
0.10902658104896545,1
0.2398650348186493,1
0.1326160430908203,1
0.12844887375831604,1
0.09195452183485031,1
0.10780112445354462,1
0.2991509735584259,1
0.2257966697216034,1
0.10653700679540634,1
0.0956229567527771,1
0.1368948519229889,1
0.16733768582344055,1
0.14443576335906982,1
0.13443949818611145,1
0.06072395294904709,1
0.1279708594083786,1
0.13768358528614044,1
0.21037903428077698,1
0.1881636083126068,1
0.19864001870155334,1
0.060513850301504135,1
0.1272554099559784,1
0.3247808814048767,1
0.28657007217407227,1
0.15969854593276978,1
0.06684330105781555,1
0.14351226389408112,1
0.10129690170288086,1
0.08400096744298935,1
0.2598077058792114,1
0.1534852534532547,1
0.4516732096672058,1
0.14302469789981842,1
0.17559541761875153,1
0.25970134139060974,1
0.26323312520980835,1
0.18711526691913605,1
0.08852511644363403,1
0.1580965220928192,1
0.24855060875415802,1
0.10497812926769257,1
0.253833144903183,1
0.14079152047634125,1
0.12274302542209625,1
0.10341602563858032,1
0.08221283555030823,1
0.12533199787139893,1
0.0973161831498146,1
0.09217830002307892,1
0.19355043768882751,1
0.163495734333992,1
0.16913597285747528,1
0.17752164602279663,1
0.11094106733798981,1
0.15701819956302643,1
0.10495216399431229,1
0.2145107537508011,1
0.1369696855545044,1
0.3411233425140381,1
0.2500959038734436,1
0.2215965986251831,1
0.12185274809598923,1
0.08069834113121033,1
0.1865161508321762,1
0.1253470480442047,1
0.09588849544525146,1
0.2295510470867157,1
0.07974100857973099,1
0.152702197432518,1
0.23211783170700073,1
0.058310091495513916,1
0.16412924230098724,1
0.1072922945022583,1
0.15870770812034607,1
0.18212933838367462,1
0.05600261315703392,1
0.08417658507823944,1
0.09608543664216995,1
0.11842641234397888,1
0.08751977235078812,1
0.19208039343357086,1
0.16427013278007507,1
0.25994062423706055,1
0.022357966750860214,1
0.12618976831436157,1
0.0837693065404892,1
0.17640674114227295,1
0.14533931016921997,1
0.21884605288505554,1
0.25418442487716675,1
0.13865306973457336,1
0.1286182403564453,1
0.08997888118028641,1
0.18039454519748688,1
0.2997698485851288,1
0.022145507857203484,1
0.13726156949996948,1
0.2554444372653961,1
0.10650401562452316,1
0.15151570737361908,1
0.13837654888629913,1
0.07198086380958557,1
0.082006074488163,1
0.06497442722320557,1
0.21779988706111908,1
0.10761755704879761,1
0.29859650135040283,1
0.0999395027756691,1
0.18701480329036713,1
0.10652810335159302,1
0.07374419271945953,1
0.07161924242973328,1
0.161983922123909,1
0.10012836009263992,1
0.1076400950551033,1
0.26436448097229004,1
0.08821786940097809,1
0.18417422473430634,1
0.09017792344093323,1
0.19416850805282593,1
0.14265477657318115,1
0.2775512933731079,1
0.1666569709777832,1
0.08748683333396912,1
0.2025652676820755,1
0.0930061936378479,1
0.14777038991451263,1
0.20984452962875366,1
0.1769774854183197,1
0.20874132215976715,1
0.12696948647499084,1
0.07998520135879517,1
0.07051806151866913,1
0.2316940724849701,1
0.05647372081875801,1
0.09728190302848816,1
0.04247969761490822,1
0.19735035300254822,1
0.09768501669168472,1
0.065318264067173,1
0.051831454038619995,1
0.06787289679050446,1
0.10305352509021759,1
0.20103676617145538,1
0.15386638045310974,1
0.14925739169120789,1
0.12509685754776,1
0.3397611379623413,1
0.24630844593048096,1
0.13764922320842743,1
0.2064349502325058,1
0.09635182470083237,1
0.17683479189872742,1
0.1354844868183136,1
0.13260921835899353,1
0.11797887086868286,1
0.07692557573318481,1
0.16365578770637512,1
0.21208083629608154,1
0.3852299153804779,1
0.2368815392255783,1
0.09818611294031143,1
0.2527172267436981,1
0.0822753831744194,1
0.12511314451694489,1
0.2351779341697693,1
0.051355212926864624,1
0.049663666635751724,1
0.21057501435279846,1
0.14845852553844452,1
0.16889530420303345,1
0.21153327822685242,1
0.26424768567085266,1
0.13756319880485535,1
0.20159967243671417,1
0.15294420719146729,1
0.09359666705131531,1
0.2838933765888214,1
0.17067429423332214,1
0.17915955185890198,1
0.11220546811819077,1
0.2573971152305603,1
0.26681840419769287,1
0.09841318428516388,1
0.20552456378936768,1
0.21841542422771454,1
0.09754672646522522,1
0.09816953539848328,1
0.1477862298488617,1
0.14796851575374603,1
0.10466450452804565,1
0.08767849206924438,1
0.10154993832111359,1
0.21793408691883087,1
0.08202128112316132,1
0.11948759853839874,1
0.12996134161949158,1
0.21679626405239105,1
0.11665112525224686,1
0.14609001576900482,1
0.311985582113266,1
0.0843600481748581,1
0.13116241991519928,1
0.07125485688447952,1
0.1852824091911316,1
0.12796084582805634,1
0.16182254254817963,1
0.2784205675125122,1
0.13025614619255066,1
0.34231990575790405,1
0.18249019980430603,1
0.17609840631484985,1
0.07744809240102768,1
0.1080475002527237,1
0.09638985246419907,1
0.19404490292072296,1
0.08012229949235916,1
0.1310092806816101,1
0.3281840682029724,1
0.1907339096069336,1
0.10354043543338776,1
0.09827469289302826,1
0.10364946722984314,1
0.06637250632047653,1
0.21076378226280212,1
0.21768897771835327,1
0.17760804295539856,1
0.11766023933887482,1
0.22562026977539063,1
0.2868487536907196,1
0.08525045216083527,1
0.14159390330314636,1
0.12871603667736053,1
0.11474838107824326,1
0.1563936322927475,1
0.11510220170021057,1
0.19392412900924683,1
0.08250356465578079,1
0.17825226485729218,1
0.4390070140361786,1
0.15018993616104126,1
0.29292261600494385,1
0.27653390169143677,1
0.05529254674911499,1
0.1201637014746666,1
0.05727873370051384,1
0.11608394235372543,1
0.09164409339427948,1
0.1098887026309967,1
0.07223019748926163,1
0.11043378710746765,1
0.09915518760681152,1
0.18730255961418152,1
0.1007649153470993,1
0.19229906797409058,1
0.10800166428089142,1
0.13214325904846191,1
0.13364681601524353,1
0.15517841279506683,1
0.2727961242198944,1
0.17653192579746246,1
0.13318796455860138,1
0.13857175409793854,1
0.10603244602680206,1
0.14915139973163605,1
0.35858577489852905,1
0.07278613746166229,1
0.0535847470164299,1
0.12406979501247406,1
0.0734153538942337,1
0.10974964499473572,1
0.2681886553764343,1
0.3388589918613434,1
0.06287595629692078,1
0.13297154009342194,1
0.04682447016239166,1
0.20558643341064453,1
0.15808753669261932,1
0.11054448783397675,1
0.19714151322841644,1
0.14895100891590118,1
0.22079519927501678,1
0.18089433014392853,1
0.1313590705394745,1
0.11185317486524582,1
0.1163545548915863,1
0.09141342341899872,1
0.16484327614307404,1
0.1871899515390396,1
0.10021452605724335,1
0.06397104263305664,1
0.0821346566081047,1
0.20152124762535095,1
0.07421892136335373,1
0.1163373664021492,1
0.26532694697380066,1
0.0780152678489685,1
0.18901431560516357,1
0.1709732860326767,1
0.2262502908706665,1
0.19595812261104584,1
0.13717637956142426,1
0.08484985679388046,1
0.17515569925308228,1
0.20707860589027405,1
0.10671194642782211,1
0.1094055026769638,1
0.17917868494987488,1
0.11857350170612335,1
0.10222339630126953,1
0.09788157790899277,1
0.10061535239219666,1
0.1561335027217865,1
0.23995646834373474,1
0.14405350387096405,1
0.20702266693115234,1
0.13498711585998535,1
0.17173990607261658,1
0.08474960178136826,1
0.29178136587142944,1
0.12259743362665176,1
0.26465967297554016,1
0.16400372982025146,1
0.07901701331138611,1
0.17363214492797852,1
0.12623877823352814,1
0.0980808436870575,1
0.18838992714881897,1
0.13256335258483887,1
0.10020190477371216,1
0.3058077096939087,1
0.15111291408538818,1
0.084905706346035,1
0.1062023788690567,1
0.15092569589614868,1
0.17782792448997498,1
0.23202179372310638,1
0.21172884106636047,1
0.18935783207416534,1
0.29667821526527405,1
0.145729660987854,1
0.12082957476377487,1
0.21995669603347778,1
0.14869554340839386,1
0.16816985607147217,1
0.1895151436328888,1
0.08348190784454346,1
0.11305540800094604,1
0.16263416409492493,1
0.20635560154914856,1
0.08972790837287903,1
0.12883800268173218,1
0.1532878875732422,1
0.10579703748226166,1
0.02836231142282486,1
0.15562941133975983,1
0.054109930992126465,1
0.20248039066791534,1
0.08896362781524658,1
0.1726609319448471,1
0.08611474931240082,1
0.14585888385772705,1
0.18831615149974823,1
0.03312186151742935,1
0.16409748792648315,1
0.12108738720417023,1
0.09376002848148346,1
0.14239031076431274,1
0.07595859467983246,1
0.13822485506534576,1
0.13062289357185364,1
0.10732106864452362,1
0.11257360875606537,1
0.06598983705043793,1
0.23736734688282013,1
0.1390872597694397,1
0.25220489501953125,1
0.11437612026929855,1
0.2748909294605255,1
0.14685657620429993,1
0.23797541856765747,1
0.3583880662918091,1
0.11183518916368484,1
0.19179141521453857,1
0.17181439697742462,1
0.09531818330287933,1
0.14452891051769257,1
0.07375447452068329,1
0.06617403775453568,1
0.09649144113063812,1
0.22279144823551178,1
0.2044505476951599,1
0.14486679434776306,1
0.32415762543678284,1
0.13698264956474304,1
0.09012404084205627,1
0.10431240499019623,1
0.09348072856664658,1
0.26720231771469116,1
0.09661762416362762,1
0.15686258673667908,1
0.18840578198432922,1
0.3513960838317871,1
0.13119502365589142,1
0.09834983944892883,1
0.2938688099384308,1
0.10425491631031036,1
0.09279268980026245,1
0.14084137976169586,1
0.20248958468437195,1
0.06270293146371841,1
0.054308369755744934,1
0.07834771275520325,1
0.2180483341217041,1
0.08117863535881042,1
0.1809989959001541,1
0.2221556305885315,1
0.05216885358095169,1
0.12886880338191986,1
0.1484835147857666,1
0.11681492626667023,1
0.1934499889612198,1
0.22061258554458618,1
0.09237666428089142,1
0.1069231629371643,1
0.09835471957921982,1
0.18572194874286652,1
0.14557164907455444,1
0.202352374792099,1
0.08940707892179489,1
0.2072523534297943,1
0.13164198398590088,1
0.17304585874080658,1
0.20901668071746826,1
0.10047551244497299,1
0.20450061559677124,1
0.13966286182403564,1
0.17319414019584656,1
0.2401527762413025,1
0.3175851106643677,1
0.10038968920707703,1
0.07891546934843063,1
0.25079789757728577,1
0.2453230917453766,1
0.11236865818500519,1
0.10971426963806152,1
0.06641146540641785,1
0.11721374839544296,1
0.29669898748397827,1
0.21674604713916779,1
0.15501797199249268,1
0.1088794618844986,1
0.2061111181974411,1
0.1390555053949356,1
0.16873541474342346,1
0.14617866277694702,1
0.10261490195989609,1
0.07978754490613937,1
0.1282961517572403,1
0.15200230479240417,1
0.14145369827747345,1
0.15924996137619019,1
0.14923526346683502,1
0.1171453446149826,1
0.19001249969005585,1
0.2956598103046417,1
0.21294444799423218,1
0.11590421944856644,1
0.08131815493106842,1
0.15981635451316833,1
0.28401967883110046,1
0.06222853064537048,1
0.06955558061599731,1
0.03644119203090668,1
0.13754962384700775,1
0.2407628893852234,1
0.06851667165756226,1
0.1360533982515335,1
0.09877966344356537,1
0.15402059257030487,1
0.3342207670211792,1
0.1140158474445343,1
0.0732228085398674,1
0.22204886376857758,1
0.4043824374675751,1
0.29118168354034424,1
0.17865240573883057,1
0.20627625286579132,1
0.18816661834716797,1
0.058318428695201874,1
0.19663690030574799,1
0.049984537065029144,1
0.18218037486076355,1
0.20277997851371765,1
0.10398843139410019,1
0.21383419632911682,1
0.07966367155313492,1
0.23143251240253448,1
0.11213267594575882,1
0.1330539882183075,1
0.27613431215286255,1
0.1404886245727539,1
0.16793660819530487,1
0.08495154231786728,1
0.09210424870252609,1
0.16644695401191711,1
0.16041503846645355,1
0.20983029901981354,1
0.14844539761543274,1
0.12306549400091171,1
0.07630474865436554,1
0.1356922835111618,1
0.22081898152828217,1
0.31614556908607483,1
0.20687341690063477,1
0.0791328102350235,1
0.25480520725250244,1
0.16862736642360687,1
0.23117049038410187,1
0.1075034961104393,1
0.12212727963924408,1
0.1300010085105896,1
0.04886503517627716,1
0.14354270696640015,1
0.15789532661437988,1
0.18648827075958252,1
0.1944887638092041,1
0.17645153403282166,1
0.15491779148578644,1
0.2529395520687103,1
0.11845263093709946,1
0.052333246916532516,1
0.17274987697601318,1
0.19478727877140045,1
0.15441365540027618,1
0.13693496584892273,1
0.14676247537136078,1
0.13142842054367065,1
0.08162247389554977,1
0.2726200222969055,1
0.04671268165111542,1
0.10024828463792801,1
0.0557890459895134,1
0.24970950186252594,1
0.06810538470745087,1
0.15268632769584656,1
0.12196279317140579,1
0.10100551694631577,1
0.23663288354873657,1
0.08633007109165192,1
0.2139207124710083,1
0.06877698749303818,1
0.08689480274915695,1
0.053776465356349945,1
0.17650309205055237,1
0.11817677319049835,1
0.08952758461236954,1
0.24595072865486145,1
0.20523494482040405,1
0.24579426646232605,1
0.12015240639448166,1
0.11129984259605408,1
0.2786014974117279,1
0.07510768622159958,1
0.1231226697564125,1
0.1553005874156952,1
0.2129783183336258,1
0.1724260300397873,1
0.1516263782978058,1
0.4416900873184204,1
0.13295485079288483,1
0.19411876797676086,1
0.24367238581180573,1
0.10920027643442154,1
0.2144714593887329,1
0.15415945649147034,1
0.12345924228429794,1
0.1466122567653656,1
0.18644441664218903,1
0.11995580792427063,1
0.19010791182518005,1
0.06425519287586212,1
0.25386446714401245,1
0.2545362114906311,1
0.055472537875175476,1
0.16785748302936554,1
0.07931036502122879,1
0.1501474529504776,1
0.23554427921772003,1
0.15384984016418457,1
0.05753090977668762,1
0.10952143371105194,1
0.10902091860771179,1
0.3915206789970398,1
0.16645434498786926,1
0.1655159443616867,1
0.2006273865699768,1
0.08315324783325195,1
0.14839310944080353,1
0.11645472049713135,1
0.15308450162410736,1
0.15898583829402924,1
0.1684325933456421,1
0.08968374133110046,1
0.12594614923000336,1
0.06060345098376274,1
0.1308026909828186,1
0.24120678007602692,1
0.0558670349419117,1
0.07090505957603455,1
0.10443467646837234,1
0.07740084081888199,1
0.10646450519561768,1
0.09059356153011322,1
0.14210347831249237,1
0.2032361775636673,1
0.24548661708831787,1
0.13741709291934967,1
0.14275409281253815,1
0.09769198298454285,1
0.0872151255607605,1
0.12060526758432388,1
0.19044601917266846,1
0.1582925021648407,1
0.1049504429101944,1
0.10386492311954498,1
0.11008688807487488,1
0.09211861342191696,1
0.15632522106170654,1
0.2741624712944031,1
0.1153300330042839,1
0.08867531269788742,1
0.09040407091379166,1
0.12241901457309723,1
0.18527233600616455,1
0.09307564795017242,1
0.11032211035490036,1
0.10388768464326859,1
0.10692836344242096,1
0.12583091855049133,1
0.09423412382602692,1
0.14881835877895355,1
0.1851045787334442,1
0.18757598102092743,1
0.08406271785497665,1
0.10165424644947052,1
0.14764821529388428,1
0.27986523509025574,1
0.17569781839847565,1
0.25367674231529236,1
0.1478542685508728,1
0.13489265739917755,1
0.08892916142940521,1
0.08361777663230896,1
0.07527340203523636,1
0.05026998743414879,1
0.22614678740501404,1
0.14802896976470947,1
0.11541325598955154,1
0.12039649486541748,1
0.04355942830443382,1
0.1379755437374115,1
0.09653018414974213,1
0.13134221732616425,1
0.12961283326148987,1
0.10001226514577866,1
0.13861870765686035,1
0.07286013662815094,1
0.15941713750362396,1
0.17857612669467926,1
0.16416102647781372,1
0.21310211718082428,1
0.07767373323440552,1
0.06728564202785492,1
0.12249980866909027,1
0.1858990639448166,1
0.1322973370552063,1
0.12491197884082794,1
0.1456858068704605,1
0.15366792678833008,1
0.1803561896085739,1
0.1277656853199005,1
0.2091657817363739,1
0.09113099426031113,1
0.3426775336265564,1
0.16926246881484985,1
0.12649862468242645,1
0.12984418869018555,1
0.12962746620178223,1
0.14882583916187286,1
0.08418090641498566,1
0.10752525180578232,1
0.034095313400030136,1
0.1025204211473465,1
0.058305948972702026,1
0.1243530884385109,1
0.15456771850585938,1
0.18253012001514435,1
0.1473204344511032,1
0.19052888453006744,1
0.19984868168830872,1
0.16853585839271545,1
0.0497557632625103,1
0.1512206494808197,1
0.11498142778873444,1
0.029644491150975227,1
0.4338579475879669,1
0.1685720980167389,1
0.22382688522338867,1
0.1796705722808838,1
0.193601593375206,1
0.1242218092083931,1
0.09990346431732178,1
0.19614243507385254,1
0.11504746228456497,1
0.2174186408519745,1
0.040173642337322235,1
0.1491202712059021,1
0.17166577279567719,1
0.20610913634300232,1
0.1590334177017212,1
0.30376824736595154,1
0.24943804740905762,1
0.1987961083650589,1
0.2305040955543518,1
0.18358075618743896,1
0.082045778632164,1
0.2313627302646637,1
0.09858338534832001,1
0.07529426366090775,1
0.1306271255016327,1
0.07367333769798279,1
0.19965943694114685,1
0.03815040737390518,1
0.15075919032096863,1
0.20788034796714783,1
0.12727805972099304,1
0.1060839593410492,1
0.11650537699460983,1
0.21280184388160706,1
0.10642802715301514,1
0.11329337954521179,1
0.11820212006568909,1
0.1465665102005005,1
0.08991537988185883,1
0.1449643075466156,1
0.21931679546833038,1
0.21390706300735474,1
0.08160115033388138,1
0.10506739467382431,1
0.13949033617973328,1
0.1392258107662201,1
0.07662983238697052,1
0.12770132720470428,1
0.23331454396247864,1
0.3235558271408081,1
0.02965802699327469,1
0.21927620470523834,1
0.07059682905673981,1
0.044673774391412735,1
0.22304102778434753,1
0.09886279702186584,1
0.09161610156297684,1
0.0857309028506279,1
0.1644289493560791,1
0.2538655996322632,1
0.16887827217578888,1
0.19578470289707184,1
0.13405479490756989,1
0.17333605885505676,1
0.0988476350903511,1
0.08338660001754761,1
0.1659189760684967,1
0.19938251376152039,1
0.04589976742863655,1
0.040247950702905655,1
0.2796438932418823,1
0.17666006088256836,1
0.22571156919002533,1
0.2526388168334961,1
0.27534613013267517,1
0.13296645879745483,1
0.285648375749588,1
0.2714247405529022,1
0.11587056517601013,1
0.14906445145606995,1
0.27479782700538635,1
0.18681427836418152,1
0.1556023508310318,1
0.07641881704330444,1
0.14697527885437012,1
0.10071096569299698,1
0.08756819367408752,1
0.16246774792671204,1
0.12020915746688843,1
0.2908308207988739,1
0.1714572310447693,1
0.1310383379459381,1
0.0977938249707222,1
0.18697164952754974,1
0.13814300298690796,1
0.08810298144817352,1
0.10334351658821106,1
0.16522665321826935,1
0.2841945290565491,1
0.06623797118663788,1
0.15903331339359283,1
0.23047365248203278,1
0.1725323349237442,1
0.0967562347650528,1
0.058639366179704666,1
0.10781529545783997,1
0.09371880441904068,1
0.1210264265537262,1
0.31789830327033997,1
0.12768828868865967,1
0.07827567309141159,1
0.11728134751319885,1
0.08502624928951263,1
0.10032676160335541,1
0.2762990891933441,1
0.18751396238803864,1
0.15040981769561768,1
0.039022766053676605,1
0.17072105407714844,1
0.14441141486167908,1
0.1062730997800827,1
0.17533332109451294,1
0.15825511515140533,1
0.23194661736488342,1
0.20991316437721252,1
0.16929525136947632,1
0.22243395447731018,1
0.1821463704109192,1
0.10856787860393524,1
0.11673753708600998,1
0.14187750220298767,1
0.2649611830711365,1
0.20211955904960632,1
0.1526830792427063,1
0.048962175846099854,1
0.1034548282623291,1
0.27946484088897705,1
0.21134358644485474,1
0.12277369201183319,1
0.1495705544948578,1
0.042820822447538376,1
0.082425557076931,1
0.1332969218492508,1
0.06740805506706238,1
0.07053092122077942,1
0.15395762026309967,1
0.12060156464576721,1
0.0926579013466835,1
0.11568847298622131,1
0.09197486937046051,1
0.170311838388443,1
0.11243586242198944,1
0.108620785176754,1
0.10786136984825134,1
0.13735836744308472,1
0.2917897701263428,1
0.10908766090869904,1
0.1602952927350998,1
0.13775677978992462,1
0.24438607692718506,1
0.08392409980297089,1
0.23034609854221344,1
0.14525653421878815,1
0.19848991930484772,1
0.10541330277919769,1
0.07701366394758224,1
0.08673683553934097,1
0.19295984506607056,1
0.05965133383870125,1
0.1063305139541626,1
0.18485470116138458,1
0.06807946413755417,1
0.0406661219894886,1
0.11996070295572281,1
0.04860291630029678,1
0.1559547483921051,1
0.10759951919317245,1
0.12917548418045044,1
0.09895157814025879,1
0.1098380833864212,1
0.1602504849433899,1
0.1386680006980896,1
0.10346917062997818,1
0.07879031449556351,1
0.06211657077074051,1
0.09240682423114777,1
0.09827327728271484,1
0.08408637344837189,1
0.18822573125362396,1
0.17195916175842285,1
0.2752465605735779,1
0.06014276295900345,1
0.1596573144197464,1
0.08395271003246307,1
0.14672817289829254,1
0.11335966736078262,1
0.061107173562049866,1
0.1945021152496338,1
0.14088988304138184,1
0.21098312735557556,1
0.07654663920402527,1
0.11509211361408234,1
0.19508115947246552,1
0.15734849870204926,1
0.1107855886220932,1
0.16287365555763245,1
0.21318717300891876,1
0.2645832896232605,1
0.07357451319694519,1
0.13493290543556213,1
0.15369544923305511,1
0.1437901258468628,1
0.1410510092973709,1
0.17878630757331848,1
0.16364580392837524,1
0.16310147941112518,1
0.23673132061958313,1
0.16769543290138245,1
0.10996242612600327,1
0.1434990018606186,1
0.13254575431346893,1
0.06497275829315186,1
0.16126859188079834,1
0.11224023252725601,1
0.187468022108078,1
0.1978975385427475,1
0.11728264391422272,1
0.07434414327144623,1
0.17030256986618042,1
0.0665905699133873,1
0.16025978326797485,1
0.0889299064874649,1
0.40517500042915344,1
0.0728629007935524,1
0.11581242084503174,1
0.18181559443473816,1
0.20578226447105408,1
0.09016618132591248,1
0.05719739943742752,1
0.2231542468070984,1
0.13329163193702698,1
0.4655013382434845,1
0.23236343264579773,1
0.05767548456788063,1
0.07965278625488281,1
0.05803714692592621,1
0.03962747007608414,1
0.22556349635124207,1
0.17661327123641968,1
0.1346251666545868,1
0.09931030869483948,1
0.1719685047864914,1
0.22370070219039917,1
0.1469484567642212,1
0.12198194861412048,1
0.18636170029640198,1
0.05251952260732651,1
0.14206562936306,1
0.11345478147268295,1
0.22432130575180054,1
0.20436638593673706,1
0.037377312779426575,1
0.12399384379386902,1
0.0715029239654541,1
0.2641850709915161,1
0.05924466997385025,1
0.07883806526660919,1
0.1263457089662552,1
0.18324360251426697,1
0.12426832318305969,1
0.11393141001462936,1
0.2544765770435333,1
0.23413489758968353,1
0.10939337313175201,1
0.05920819193124771,1
0.19422537088394165,1
0.08253985643386841,1
0.17778274416923523,1
0.09526999294757843,1
0.1099676787853241,1
0.09939209371805191,1
0.1040300503373146,1
0.1310623288154602,1
0.07810981571674347,1
0.09950795024633408,1
0.0474325455725193,1
0.1403585970401764,1
0.13549891114234924,1
0.11088347434997559,1
0.18744999170303345,1
0.14449214935302734,1
0.15090888738632202,1
0.21478310227394104,1
0.0879630595445633,1
0.21933121979236603,1
0.13603061437606812,1
0.3658536672592163,1
0.17471915483474731,1
0.20494963228702545,1
0.22368013858795166,1
0.07742048799991608,1
0.14052990078926086,1
0.19911110401153564,1
0.13453513383865356,1
0.25623267889022827,1
0.1650398224592209,1
0.10001915693283081,1
0.11870449781417847,1
0.08850236237049103,1
0.06474468857049942,1
0.16339111328125,1
0.09164106845855713,1
0.26952624320983887,1
0.12410401552915573,1
0.050440333783626556,1
0.15215861797332764,1
0.1378016173839569,1
0.22629958391189575,1
0.08087097108364105,1
0.11793787777423859,1
0.09410896897315979,1
0.299834668636322,1
0.25749891996383667,1
0.13272550702095032,1
0.11348825693130493,1
0.09440836310386658,1
0.07880233228206635,1
0.23823165893554688,1
0.08224393427371979,1
0.07933524996042252,1
0.1524793654680252,1
0.13615970313549042,1
0.05472801625728607,1
0.06550279259681702,1
0.03639465197920799,1
0.0611443929374218,1
0.15874214470386505,1
0.05811933055520058,1
0.06903279572725296,1
0.06378470361232758,1
0.14870040118694305,1
0.18573790788650513,1
0.12191552668809891,1
0.1425439417362213,1
0.07851624488830566,1
0.07545246183872223,1
0.28674763441085815,1
0.15709808468818665,1
0.07443567365407944,1
0.167504221200943,1
0.11483754217624664,1
0.1712455004453659,1
0.18173202872276306,1
0.10089729726314545,1
0.06453071534633636,1
0.1681588888168335,1
0.15894421935081482,1
0.3273483216762543,1
0.07484813034534454,1
0.07560274004936218,1
0.14149115979671478,1
0.06611040234565735,1
0.15876038372516632,1
0.09391055256128311,1
0.19986650347709656,1
0.10325105488300323,1
0.11436624825000763,1
0.296579509973526,1
0.18608857691287994,1
0.09460993856191635,1
0.12570303678512573,1
0.06419588625431061,1
0.30499741435050964,1
0.17162923514842987,1
0.04950747638940811,1
0.053862474858760834,1
0.16633205115795135,1
0.18452684581279755,1
0.0587666817009449,1
0.2085570991039276,1
0.1289023607969284,1
0.1401183009147644,1
0.1907692402601242,1
0.13957232236862183,1
0.1146007627248764,1
0.32484206557273865,1
0.11061236262321472,1
0.2041751891374588,1
0.07619969546794891,1
0.2357889860868454,1
0.2112618386745453,1
0.07540968060493469,1
0.09834979474544525,1
0.11144141107797623,1
0.1955728828907013,1
0.08913586288690567,1
0.13311439752578735,1
0.05538386479020119,1
0.1638532131910324,1
0.07037986814975739,1
0.038887932896614075,1
0.09515851736068726,1
0.117726631462574,1
0.16891486942768097,1
0.14608997106552124,1
0.11547306180000305,1
0.07895302772521973,1
0.2984199523925781,1
0.10373950749635696,1
0.13314950466156006,1
0.115275539457798,1
0.16135181486606598,1
0.2369346171617508,1
0.43853500485420227,1
0.13069641590118408,1
0.1348973512649536,1
0.05467069894075394,1
0.14652445912361145,1
0.31109410524368286,1
0.1472179889678955,1
0.2221536934375763,1
0.26297059655189514,1
0.20887544751167297,1
0.1382112354040146,1
0.17868393659591675,1
0.2746688723564148,1
0.07744036614894867,1
0.20327426493167877,1
0.17627912759780884,1
0.08338649570941925,1
0.1633773297071457,1
0.32946541905403137,1
0.12888629734516144,1
0.1404014378786087,1
0.22154004871845245,1
0.2558843195438385,1
0.18193534016609192,1
0.29524853825569153,1
0.07824273407459259,1
0.1330343782901764,1
0.20073196291923523,1
0.08423645794391632,1
0.09283287823200226,1
0.07388633489608765,1
0.176944300532341,1
0.26331740617752075,1
0.17194491624832153,1
0.066489577293396,1
0.2695583701133728,1
0.07791034877300262,1
0.2920055091381073,1
0.03351091593503952,1
0.062258608639240265,1
0.10328281670808792,1
0.09303261339664459,1
0.12631157040596008,1
0.04452742636203766,1
0.18370351195335388,1
0.09988287091255188,1
0.08176946640014648,1
0.02251632697880268,1
0.12209340929985046,1
0.1322757601737976,1
0.15178829431533813,1
0.1628759801387787,1
0.04248185455799103,1
0.12198828160762787,1
0.15767322480678558,1
0.33128365874290466,1
0.11736192554235458,1
0.11548352241516113,1
0.13730163872241974,1
0.12005569785833359,1
0.07239067554473877,1
0.07601944357156754,1
0.06289017200469971,1
0.18191224336624146,1
0.19198282063007355,1
0.06822042167186737,1
0.19872772693634033,1
0.08019858598709106,1
0.17255166172981262,1
0.08123162388801575,1
0.0891302302479744,1
0.06595003604888916,1
0.17018012702465057,1
0.07997798919677734,1
0.07016441226005554,1
0.08654028922319412,1
0.11313861608505249,1
0.05555066466331482,1
0.18415603041648865,1
0.11593730747699738,1
0.06239193677902222,1
0.1998206079006195,1
0.11649034917354584,1
0.07232212275266647,1
0.14956872165203094,1
0.07689827680587769,1
0.08814046531915665,1
0.047277312725782394,1
0.21095214784145355,1
0.2118934541940689,1
0.1927185356616974,1
0.17617091536521912,1
0.22637343406677246,1
0.03318559005856514,1
0.06978733092546463,1
0.24481752514839172,1
0.17492812871932983,1
0.257222980260849,1
0.059454239904880524,1
0.26356327533721924,1
0.1774890422821045,1
0.18853074312210083,1
0.20321062207221985,1
0.19678707420825958,1
0.06456010043621063,1
0.1479947566986084,1
0.24457740783691406,1
0.10027974843978882,1
0.0677105039358139,1
0.07066109776496887,1
0.051188431680202484,1
0.19980622828006744,1
0.19098030030727386,1
0.2032923698425293,1
0.15763774514198303,1
0.08252421021461487,1
0.15242968499660492,1
0.1346333920955658,1
0.32572099566459656,1
0.13640284538269043,1
0.2985014021396637,1
0.30192798376083374,1
0.148902028799057,1
0.14268182218074799,1
0.21485956013202667,1
0.22771155834197998,1
0.13225087523460388,1
0.1374540627002716,1
0.25837501883506775,1
0.28318965435028076,1
0.08986243605613708,1
0.2143140733242035,1
0.08423328399658203,1
0.13140720129013062,1
0.28457844257354736,1
0.2300015687942505,1
0.035454701632261276,1
0.2938193678855896,1
0.09712730348110199,1
0.30835145711898804,1
0.24374434351921082,1
0.0872960239648819,1
0.17075081169605255,1
0.10388369113206863,1
0.1644296795129776,1
0.26625537872314453,1
0.13291332125663757,1
0.1321163773536682,1
0.1778680384159088,1
0.12623056769371033,1
0.11868512630462646,1
0.11424102634191513,1
0.08480588346719742,1
0.10589033365249634,1
0.0800764262676239,1
0.15428093075752258,1
0.21728822588920593,1
0.09589948505163193,1
0.23835977911949158,1
0.22593826055526733,1
0.17364369332790375,1
0.05241633206605911,1
0.057719647884368896,1
0.14997358620166779,1
0.2456098198890686,1
0.09105642884969711,1
0.2600090205669403,1
0.07366159558296204,1
0.14687314629554749,1
0.15132558345794678,1
0.168264240026474,1
0.10279422253370285,1
0.06223074346780777,1
0.18279817700386047,1
0.09658970683813095,1
0.16929848492145538,1
0.10584506392478943,1
0.18506477773189545,1
0.11664383113384247,1
0.11335352063179016,1
0.0994047224521637,1
0.10743364691734314,1
0.06977112591266632,1
0.08021806925535202,1
0.17034676671028137,1
0.1720428466796875,1
0.07842773199081421,1
0.1618034690618515,1
0.18591292202472687,1
0.20453506708145142,1
0.07079274207353592,1
0.19641894102096558,1
0.13080745935440063,1
0.11982139945030212,1
0.10201331973075867,1
0.2786862850189209,1
0.09338046610355377,1
0.083035908639431,1
0.15891146659851074,1
0.12838688492774963,1
0.1397305130958557,1
0.13173320889472961,1
0.14783671498298645,1
0.1447192281484604,1
0.09080910682678223,1
0.2874109148979187,1
0.21863193809986115,1
0.10439753532409668,1
0.15803703665733337,1
0.16910699009895325,1
0.17095786333084106,1
0.13578853011131287,1
0.06920714676380157,1
0.38021355867385864,1
0.13693509995937347,1
0.15040330588817596,1
0.06511254608631134,1
0.1828724890947342,1
0.08546116948127747,1
0.1457265317440033,1
0.21578243374824524,1
0.09524659067392349,1
0.10294248163700104,1
0.13715192675590515,1
0.2542441487312317,1
0.07595580071210861,1
0.152923122048378,1
0.17923596501350403,1
0.14843443036079407,1
0.10536826401948929,1
0.1169700026512146,1
0.2345203161239624,1
0.08800797164440155,1
0.36491262912750244,1
0.12602664530277252,1
0.0839417353272438,1
0.06399443000555038,1
0.09745632857084274,1
0.19077013432979584,1
0.22693821787834167,1
0.1734108328819275,1
0.36462992429733276,1
0.14660713076591492,1
0.1617053598165512,1
0.37972700595855713,1
0.1551513373851776,1
0.18274281919002533,1
0.1032833606004715,1
0.04381796717643738,1
0.056319329887628555,1
0.101595938205719,1
0.1119924783706665,1
0.1506289690732956,1
0.2198168933391571,1
0.03950253874063492,1
0.15602630376815796,1
0.10575970262289047,1
0.0684485137462616,1
0.1352989375591278,1
0.2085336446762085,1
0.11488979309797287,1
0.21757175028324127,1
0.06348452717065811,1
0.07953567057847977,1
0.1076718121767044,1
0.16597996652126312,1
0.09703825414180756,1
0.2656344771385193,1
0.190578430891037,1
0.1862914264202118,1
0.05632686987519264,1
0.10067668557167053,1
0.1365915834903717,1
0.11694227159023285,1
0.336049884557724,1
0.30517148971557617,1
0.12486542761325836,1
0.062316399067640305,1
0.1881992518901825,1
0.09406837075948715,1
0.11916786432266235,1
0.2045285999774933,1
0.09971794486045837,1
0.08533504605293274,1
0.12423229217529297,1
0.05492675304412842,1
0.13465899229049683,1
0.09244652092456818,1
0.06820767372846603,1
0.0706489086151123,1
0.1957632303237915,1
0.0464756153523922,1
0.054731808602809906,1
0.09159901738166809,1
0.07822851091623306,1
0.07327508926391602,1
0.11386087536811829,1
0.04244522750377655,1
0.3301538825035095,1
0.3098577558994293,1
0.1659642606973648,1
0.2147257924079895,1
0.11274901032447815,1
0.2919119596481323,1
0.23740217089653015,1
0.08298324048519135,1
0.12667177617549896,1
0.1894647181034088,1
0.10400952398777008,1
0.15618643164634705,1
0.13035911321640015,1
0.09398624300956726,1
0.13859324157238007,1
0.12914051115512848,1
0.06976889073848724,1
0.1444910317659378,1
0.054332125931978226,1
0.07465574145317078,1
0.09110623598098755,1
0.22228369116783142,1
0.17718666791915894,1
0.08758094906806946,1
0.1256290078163147,1
0.10731114447116852,1
0.12430079281330109,1
0.1381581574678421,1
0.15610337257385254,1
0.07449300587177277,1
0.1023123562335968,1
0.21987906098365784,1
0.14216497540473938,1
0.09503663331270218,1
0.07347173243761063,1
0.16275905072689056,1
0.07807246595621109,1
0.09564680606126785,1
0.1541324406862259,1
0.2946731448173523,1
0.09135574102401733,1
0.13540957868099213,1
0.16724863648414612,1
0.18515148758888245,1
0.09195560961961746,1
0.07528221607208252,1
0.13461750745773315,1
0.08088759332895279,1
0.22094644606113434,1
0.07871466130018234,1
0.13331696391105652,1
0.06661645323038101,1
0.06767445057630539,1
0.15054169297218323,1
0.27704593539237976,1
0.10206104069948196,1
0.1634790152311325,1
0.21769872307777405,1
0.150244802236557,1
0.06956005841493607,1
0.23931479454040527,1
0.5068652033805847,1
0.2695409059524536,1
0.1421935260295868,1
0.13219906389713287,1
0.8868440389633179,1
0.01484743319451809,1
0.15911902487277985,1
